Copyright 1986-2022 Xilinx, Inc. All Rights Reserved. Copyright 2022-2025 Advanced Micro Devices, Inc. All Rights Reserved.
-------------------------------------------------------------------------------------------------------------------------------------------------------------------------------------------------------------------------------------------------------------------------
| Tool Version : Vivado v.2025.2 (win64) Build 6299465 Fri Nov 14 19:35:11 GMT 2025
| Date         : Mon Jul 13 07:46:52 2026
| Host         : Toylog_desktop running 64-bit major release  (build 9200)
| Command      : report_timing_summary -file D:/BaiduSyncdisk/02_icdc_workspace/.worktrees/coremark7-dmips5-20260508/artifacts/strict_50m_timing_opt_20260609/impl136_lightfold_rc512_tagtrim_routeHigherDelayCost_cpu50_wns+0p017/bitstream_from_dcp_timing_summary.rpt
| Design       : YH_rv_cpu_fpga_top
| Device       : 7z020-clg400
| Speed File   : -1  PRODUCTION 1.12 2019-11-22
| Design State : Physopt postRoute
-------------------------------------------------------------------------------------------------------------------------------------------------------------------------------------------------------------------------------------------------------------------------

Timing Summary Report

------------------------------------------------------------------------------------------------
| Timer Settings
| --------------
------------------------------------------------------------------------------------------------

  Enable Multi Corner Analysis               :  Yes
  Enable Pessimism Removal                   :  Yes
  Pessimism Removal Resolution               :  Nearest Common Node
  Enable Input Delay Default Clock           :  No
  Enable Preset / Clear Arcs                 :  No
  Disable Flight Delays                      :  No
  Ignore I/O Paths                           :  No
  Timing Early Launch at Borrowing Latches   :  No
  Borrow Time for Max Delay Exceptions       :  Yes
  Merge Timing Exceptions                    :  Yes
  Inter-SLR Compensation                     :  Conservative

  Corner  Analyze    Analyze    
  Name    Max Paths  Min Paths  
  ------  ---------  ---------  
  Slow    Yes        Yes        
  Fast    Yes        Yes        


------------------------------------------------------------------------------------------------
| Report Methodology
| ------------------
------------------------------------------------------------------------------------------------

Rule      Severity  Description                                 Violations  
--------  --------  ------------------------------------------  ----------  
LUTAR-1   Warning   LUT drives async reset alert                1           
SYNTH-6   Warning   Timing of a RAM block might be sub-optimal  32          
SYNTH-10  Warning   Wide multiplier                             7           
SYNTH-15  Warning   Byte wide write enable not inferred         16          

Note: This report is based on the most recent report_methodology run and may not be up-to-date. Run report_methodology on the current design for the latest report.



check_timing report

Table of Contents
-----------------
1. checking no_clock (0)
2. checking constant_clock (0)
3. checking pulse_width_clock (0)
4. checking unconstrained_internal_endpoints (0)
5. checking no_input_delay (1)
6. checking no_output_delay (4)
7. checking multiple_clock (0)
8. checking generated_clocks (0)
9. checking loops (0)
10. checking partial_input_delay (0)
11. checking partial_output_delay (0)
12. checking latch_loops (0)

1. checking no_clock (0)
------------------------
 There are 0 register/latch pins with no clock.


2. checking constant_clock (0)
------------------------------
 There are 0 register/latch pins with constant_clock.


3. checking pulse_width_clock (0)
---------------------------------
 There are 0 register/latch pins which need pulse_width check


4. checking unconstrained_internal_endpoints (0)
------------------------------------------------
 There are 0 pins that are not constrained for maximum delay.

 There are 0 pins that are not constrained for maximum delay due to constant clock.


5. checking no_input_delay (1)
------------------------------
 There is 1 input port with no input delay specified. (HIGH)

 There are 0 input ports with no input delay but user has a false path constraint.


6. checking no_output_delay (4)
-------------------------------
 There are 4 ports with no output delay specified. (HIGH)

 There are 0 ports with no output delay but user has a false path constraint

 There are 0 ports with no output delay but with a timing clock defined on it or propagating through it


7. checking multiple_clock (0)
------------------------------
 There are 0 register/latch pins with multiple clocks.


8. checking generated_clocks (0)
--------------------------------
 There are 0 generated clocks that are not connected to a clock source.


9. checking loops (0)
---------------------
 There are 0 combinational loops in the design.


10. checking partial_input_delay (0)
------------------------------------
 There are 0 input ports with partial input delay specified.


11. checking partial_output_delay (0)
-------------------------------------
 There are 0 ports with partial output delay specified.


12. checking latch_loops (0)
----------------------------
 There are 0 combinational latch loops in the design through latch input



------------------------------------------------------------------------------------------------
| Design Timing Summary
| ---------------------
------------------------------------------------------------------------------------------------

    WNS(ns)      TNS(ns)  TNS Failing Endpoints  TNS Total Endpoints      WHS(ns)      THS(ns)  THS Failing Endpoints  THS Total Endpoints     WPWS(ns)     TPWS(ns)  TPWS Failing Endpoints  TPWS Total Endpoints  
    -------      -------  ---------------------  -------------------      -------      -------  ---------------------  -------------------     --------     --------  ----------------------  --------------------  
      0.017        0.000                      0                25948        0.155        0.000                      0                25948        2.000        0.000                       0                  7638  


All user specified timing constraints are met.


------------------------------------------------------------------------------------------------
| Clock Summary
| -------------
------------------------------------------------------------------------------------------------

Clock                       Waveform(ns)         Period(ns)      Frequency(MHz)
-----                       ------------         ----------      --------------
pynq_sys_clk                {0.000 4.000}        8.000           125.000         
  gen_pynq_clk_50m.clkfb    {0.000 4.000}        8.000           125.000         
  gen_pynq_clk_50m.clkout0  {0.000 10.000}       20.000          50.000          


------------------------------------------------------------------------------------------------
| Intra Clock Table
| -----------------
------------------------------------------------------------------------------------------------

Clock                           WNS(ns)      TNS(ns)  TNS Failing Endpoints  TNS Total Endpoints      WHS(ns)      THS(ns)  THS Failing Endpoints  THS Total Endpoints     WPWS(ns)     TPWS(ns)  TPWS Failing Endpoints  TPWS Total Endpoints  
-----                           -------      -------  ---------------------  -------------------      -------      -------  ---------------------  -------------------     --------     --------  ----------------------  --------------------  
pynq_sys_clk                                                                                                                                                                  2.000        0.000                       0                     1  
  gen_pynq_clk_50m.clkfb                                                                                                                                                      5.845        0.000                       0                     3  
  gen_pynq_clk_50m.clkout0        0.017        0.000                      0                22768        0.155        0.000                      0                22768        8.750        0.000                       0                  7634  


------------------------------------------------------------------------------------------------
| Inter Clock Table
| -----------------
------------------------------------------------------------------------------------------------

From Clock    To Clock          WNS(ns)      TNS(ns)  TNS Failing Endpoints  TNS Total Endpoints      WHS(ns)      THS(ns)  THS Failing Endpoints  THS Total Endpoints  
----------    --------          -------      -------  ---------------------  -------------------      -------      -------  ---------------------  -------------------  


------------------------------------------------------------------------------------------------
| Other Path Groups Table
| -----------------------
------------------------------------------------------------------------------------------------

Path Group                From Clock                To Clock                      WNS(ns)      TNS(ns)  TNS Failing Endpoints  TNS Total Endpoints      WHS(ns)      THS(ns)  THS Failing Endpoints  THS Total Endpoints  
----------                ----------                --------                      -------      -------  ---------------------  -------------------      -------      -------  ---------------------  -------------------  
**async_default**         gen_pynq_clk_50m.clkout0  gen_pynq_clk_50m.clkout0        7.361        0.000                      0                 3180        1.443        0.000                      0                 3180  


------------------------------------------------------------------------------------------------
| Timing Details
| --------------
------------------------------------------------------------------------------------------------


---------------------------------------------------------------------------------------------------
From Clock:  pynq_sys_clk
  To Clock:  pynq_sys_clk

Setup :           NA  Failing Endpoints,  Worst Slack           NA  ,  Total Violation           NA
Hold  :           NA  Failing Endpoints,  Worst Slack           NA  ,  Total Violation           NA
PW    :            0  Failing Endpoints,  Worst Slack        2.000ns,  Total Violation        0.000ns
---------------------------------------------------------------------------------------------------


Pulse Width Checks
--------------------------------------------------------------------------------------
Clock Name:         pynq_sys_clk
Waveform(ns):       { 0.000 4.000 }
Period(ns):         8.000
Sources:            { CLK100MHZ }

Check Type        Corner  Lib Pin            Reference Pin  Required(ns)  Actual(ns)  Slack(ns)  Location         Pin
Min Period        n/a     MMCME2_ADV/CLKIN1  n/a            1.249         8.000       6.751      MMCME2_ADV_X1Y2  gen_pynq_clk_50m.u_clk_mmcm/CLKIN1
Max Period        n/a     MMCME2_ADV/CLKIN1  n/a            100.000       8.000       92.000     MMCME2_ADV_X1Y2  gen_pynq_clk_50m.u_clk_mmcm/CLKIN1
Low Pulse Width   Slow    MMCME2_ADV/CLKIN1  n/a            2.000         4.000       2.000      MMCME2_ADV_X1Y2  gen_pynq_clk_50m.u_clk_mmcm/CLKIN1
High Pulse Width  Slow    MMCME2_ADV/CLKIN1  n/a            2.000         4.000       2.000      MMCME2_ADV_X1Y2  gen_pynq_clk_50m.u_clk_mmcm/CLKIN1



---------------------------------------------------------------------------------------------------
From Clock:  gen_pynq_clk_50m.clkfb
  To Clock:  gen_pynq_clk_50m.clkfb

Setup :           NA  Failing Endpoints,  Worst Slack           NA  ,  Total Violation           NA
Hold  :           NA  Failing Endpoints,  Worst Slack           NA  ,  Total Violation           NA
PW    :            0  Failing Endpoints,  Worst Slack        5.845ns,  Total Violation        0.000ns
---------------------------------------------------------------------------------------------------


Pulse Width Checks
--------------------------------------------------------------------------------------
Clock Name:         gen_pynq_clk_50m.clkfb
Waveform(ns):       { 0.000 4.000 }
Period(ns):         8.000
Sources:            { gen_pynq_clk_50m.u_clk_mmcm/CLKFBOUT }

Check Type  Corner  Lib Pin             Reference Pin  Required(ns)  Actual(ns)  Slack(ns)  Location         Pin
Min Period  n/a     BUFG/I              n/a            2.155         8.000       5.845      BUFGCTRL_X0Y17   gen_pynq_clk_50m.u_clkfb_bufg/I
Max Period  n/a     MMCME2_ADV/CLKFBIN  n/a            100.000       8.000       92.000     MMCME2_ADV_X1Y2  gen_pynq_clk_50m.u_clk_mmcm/CLKFBIN



---------------------------------------------------------------------------------------------------
From Clock:  gen_pynq_clk_50m.clkout0
  To Clock:  gen_pynq_clk_50m.clkout0

Setup :            0  Failing Endpoints,  Worst Slack        0.017ns,  Total Violation        0.000ns
Hold  :            0  Failing Endpoints,  Worst Slack        0.155ns,  Total Violation        0.000ns
PW    :            0  Failing Endpoints,  Worst Slack        8.750ns,  Total Violation        0.000ns
---------------------------------------------------------------------------------------------------


Max Delay Paths
--------------------------------------------------------------------------------------
Slack (MET) :             0.017ns  (required time - arrival time)
  Source:                 u_soc/u_cpu/gen_dcache.u_dcache/cache_tag_reg[57][0]/C
                            (rising edge-triggered cell FDRE clocked by gen_pynq_clk_50m.clkout0  {rise@0.000ns fall@10.000ns period=20.000ns})
  Destination:            u_soc/u_cpu/id_ex_pc_r_reg[31]/D
                            (rising edge-triggered cell FDCE clocked by gen_pynq_clk_50m.clkout0  {rise@0.000ns fall@10.000ns period=20.000ns})
  Path Group:             gen_pynq_clk_50m.clkout0
  Path Type:              Setup (Max at Slow Process Corner)
  Requirement:            20.000ns  (gen_pynq_clk_50m.clkout0 rise@20.000ns - gen_pynq_clk_50m.clkout0 rise@0.000ns)
  Data Path Delay:        19.608ns  (logic 4.284ns (21.848%)  route 15.324ns (78.152%))
  Logic Levels:           22  (LUT2=1 LUT3=1 LUT4=2 LUT5=3 LUT6=9 MUXF7=4 MUXF8=1 RAMD64E=1)
  Clock Path Skew:        -0.051ns (DCD - SCD + CPR)
    Destination Clock Delay (DCD):    -1.154ns = ( 18.846 - 20.000 ) 
    Source Clock Delay      (SCD):    -0.489ns
    Clock Pessimism Removal (CPR):    0.614ns
  Clock Uncertainty:      0.079ns  ((TSJ^2 + DJ^2)^1/2) / 2 + PE
    Total System Jitter     (TSJ):    0.071ns
    Discrete Jitter          (DJ):    0.141ns
    Phase Error              (PE):    0.000ns

    Location             Delay type                Incr(ns)  Path(ns)    Netlist Resource(s)
  -------------------------------------------------------------------    -------------------
                         (clock gen_pynq_clk_50m.clkout0 rise edge)
                                                      0.000     0.000 r  
    H16                                               0.000     0.000 r  CLK100MHZ (IN)
                         net (fo=0)                   0.000     0.000    CLK100MHZ
    H16                  IBUF (Prop_ibuf_I_O)         1.451     1.451 r  CLK100MHZ_IBUF_inst/O
                         net (fo=1, routed)           1.285     2.736    CLK100MHZ_IBUF
    MMCME2_ADV_X1Y2      MMCME2_ADV (Prop_mmcme2_adv_CLKIN1_CLKOUT0)
                                                     -7.759    -5.023 r  gen_pynq_clk_50m.u_clk_mmcm/CLKOUT0
                         net (fo=1, routed)           2.206    -2.817    gen_pynq_clk_50m.clkout0
    BUFGCTRL_X0Y30       BUFG (Prop_bufg_I_O)         0.101    -2.716 r  gen_pynq_clk_50m.u_cpu_clk_bufg_replica_1/O
                         net (fo=2, routed)           0.146    -2.570    cpu_clk_repN_1
    BUFGCTRL_X0Y31       BUFG (Prop_bufg_I_O)         0.101    -2.469 r  gen_pynq_clk_50m.u_cpu_clk_bufg_replica/O
                         net (fo=5, routed)           0.161    -2.308    cpu_clk_repN
    BUFGCTRL_X0Y16       BUFG (Prop_bufg_I_O)         0.101    -2.207 r  gen_pynq_clk_50m.u_cpu_clk_bufg/O
                         net (fo=7625, routed)        1.718    -0.489    u_soc/u_cpu/gen_dcache.u_dcache/cpu_clk
    SLICE_X62Y29         FDRE                                         r  u_soc/u_cpu/gen_dcache.u_dcache/cache_tag_reg[57][0]/C
  -------------------------------------------------------------------    -------------------
    SLICE_X62Y29         FDRE (Prop_fdre_C_Q)         0.518     0.029 r  u_soc/u_cpu/gen_dcache.u_dcache/cache_tag_reg[57][0]/Q
                         net (fo=2, routed)           1.156     1.184    u_soc/u_cpu/gen_dcache.u_dcache/cache_tag_reg[57]_197[0]
    SLICE_X56Y25         LUT6 (Prop_lut6_I3_O)        0.124     1.308 r  u_soc/u_cpu/gen_dcache.u_dcache/mem_wb_load_data_r[15]_i_375/O
                         net (fo=1, routed)           0.000     1.308    u_soc/u_cpu/gen_dcache.u_dcache/mem_wb_load_data_r[15]_i_375_n_0
    SLICE_X56Y25         MUXF7 (Prop_muxf7_I0_O)      0.212     1.520 r  u_soc/u_cpu/gen_dcache.u_dcache/mem_wb_load_data_r_reg[15]_i_214/O
                         net (fo=1, routed)           0.000     1.520    u_soc/u_cpu/gen_dcache.u_dcache/mem_wb_load_data_r_reg[15]_i_214_n_0
    SLICE_X56Y25         MUXF8 (Prop_muxf8_I1_O)      0.094     1.614 r  u_soc/u_cpu/gen_dcache.u_dcache/mem_wb_load_data_r_reg[15]_i_101/O
                         net (fo=1, routed)           1.071     2.685    u_soc/u_cpu/gen_dcache.u_dcache/mem_wb_load_data_r_reg[15]_i_101_n_0
    SLICE_X52Y24         LUT6 (Prop_lut6_I0_O)        0.316     3.001 r  u_soc/u_cpu/gen_dcache.u_dcache/mem_wb_load_data_r[15]_i_49/O
                         net (fo=1, routed)           0.000     3.001    u_soc/u_cpu/gen_dcache.u_dcache/mem_wb_load_data_r[15]_i_49_n_0
    SLICE_X52Y24         MUXF7 (Prop_muxf7_I0_O)      0.212     3.213 r  u_soc/u_cpu/gen_dcache.u_dcache/mem_wb_load_data_r_reg[15]_i_27/O
                         net (fo=3, routed)           0.773     3.986    u_soc/u_cpu/gen_dcache.u_dcache/mem_wb_load_data_r_reg[15]_i_27_n_0
    SLICE_X47Y23         LUT2 (Prop_lut2_I1_O)        0.299     4.285 f  u_soc/u_cpu/gen_dcache.u_dcache/mem_wb_load_data_r[15]_i_12/O
                         net (fo=1, routed)           0.807     5.092    u_soc/u_cpu/gen_dcache.u_dcache/mem_wb_load_data_r[15]_i_12_n_0
    SLICE_X45Y24         LUT6 (Prop_lut6_I4_O)        0.124     5.216 r  u_soc/u_cpu/gen_dcache.u_dcache/mem_wb_load_data_r[15]_i_3/O
                         net (fo=36, routed)          0.982     6.199    u_soc/u_cpu/gen_dcache.u_dcache/mem_wb_load_data_r[15]_i_3_n_0
    SLICE_X38Y31         LUT6 (Prop_lut6_I1_O)        0.124     6.323 r  u_soc/u_cpu/gen_dcache.u_dcache/mem_wb_load_data_r[31]_i_4/O
                         net (fo=1, routed)           0.000     6.323    u_soc/u_cpu/gen_dcache.u_dcache/mem_wb_load_data_r[31]_i_4_n_0
    SLICE_X38Y31         MUXF7 (Prop_muxf7_I1_O)      0.214     6.537 r  u_soc/u_cpu/gen_dcache.u_dcache/mem_wb_load_data_r_reg[31]_i_1/O
                         net (fo=3, routed)           0.486     7.022    u_soc/u_cpu/gen_dcache.u_dcache/ex_mem_store_r_reg[31]
    SLICE_X40Y33         LUT5 (Prop_lut5_I0_O)        0.297     7.319 r  u_soc/u_cpu/gen_dcache.u_dcache/ex_mem_store_data_r[31]_i_4/O
                         net (fo=4, routed)           0.781     8.100    u_soc/u_cpu/gen_dcache.u_dcache/ex_rs2_forwarded[31]
    SLICE_X43Y34         LUT4 (Prop_lut4_I2_O)        0.124     8.224 r  u_soc/u_cpu/gen_dcache.u_dcache/redirect_cache_instruction_r_reg_r1_0_63_0_2_i_76/O
                         net (fo=2, routed)           0.924     9.149    u_soc/u_cpu/gen_dcache.u_dcache/redirect_cache_instruction_r_reg_r1_0_63_0_2_i_76_n_0
    SLICE_X49Y39         LUT5 (Prop_lut5_I4_O)        0.124     9.273 r  u_soc/u_cpu/gen_dcache.u_dcache/redirect_cache_instruction_r_reg_r1_0_63_0_2_i_57_comp/O
                         net (fo=1, routed)           0.263     9.536    u_soc/u_cpu/gen_dcache.u_dcache/redirect_cache_instruction_r_reg_r1_0_63_0_2_i_57_n_0
    SLICE_X49Y39         LUT6 (Prop_lut6_I4_O)        0.124     9.660 r  u_soc/u_cpu/gen_dcache.u_dcache/redirect_cache_instruction_r_reg_r1_0_63_0_2_i_26_comp/O
                         net (fo=13, routed)          0.802    10.461    u_soc/u_cpu/gen_dcache.u_dcache/redirect_cache_instruction_r_reg_r1_0_63_0_2_i_26_n_0
    SLICE_X52Y41         LUT6 (Prop_lut6_I1_O)        0.124    10.585 r  u_soc/u_cpu/gen_dcache.u_dcache/redirect_cache_instruction_r_reg_r1_0_63_0_2_i_24/O
                         net (fo=441, routed)         1.807    12.392    u_soc/u_cpu/redirect_cache_instruction_r_reg_r1_64_127_15_17/ADDRB1
    SLICE_X50Y62         RAMD64E (Prop_ramd64e_RADR1_O)
                                                      0.124    12.516 r  u_soc/u_cpu/redirect_cache_instruction_r_reg_r1_64_127_15_17/RAMB/O
                         net (fo=1, routed)           1.195    13.711    u_soc/u_cpu/gen_dcache.u_dcache/id_ex_rs1_addr_r_reg[1]_i_2_0
    SLICE_X47Y53         LUT6 (Prop_lut6_I0_O)        0.124    13.835 r  u_soc/u_cpu/gen_dcache.u_dcache/id_ex_rs1_addr_r[1]_i_4/O
                         net (fo=1, routed)           0.000    13.835    u_soc/u_cpu/gen_dcache.u_dcache/id_ex_rs1_addr_r[1]_i_4_n_0
    SLICE_X47Y53         MUXF7 (Prop_muxf7_I1_O)      0.217    14.052 r  u_soc/u_cpu/gen_dcache.u_dcache/id_ex_rs1_addr_r_reg[1]_i_2/O
                         net (fo=263, routed)         0.690    14.742    u_soc/u_cpu/gen_dcache.u_dcache/id_ex_rs1_addr_r[3]_i_4_0[1]
    SLICE_X44Y51         LUT6 (Prop_lut6_I4_O)        0.299    15.041 f  u_soc/u_cpu/gen_dcache.u_dcache/id_ex_pc4_r[27]_bret__0_i_14/O
                         net (fo=1, routed)           0.574    15.615    u_soc/u_cpu/gen_dcache.u_dcache/id_ex_pc4_r[27]_bret__0_i_14_n_0
    SLICE_X44Y52         LUT6 (Prop_lut6_I3_O)        0.124    15.739 f  u_soc/u_cpu/gen_dcache.u_dcache/id_ex_pc4_r[27]_bret__0_i_7_comp/O
                         net (fo=2, routed)           0.608    16.347    u_soc/u_cpu/gen_dcache.u_dcache/id_ex_pc4_r[27]_bret__0_i_7_n_0
    SLICE_X48Y49         LUT5 (Prop_lut5_I4_O)        0.124    16.471 r  u_soc/u_cpu/gen_dcache.u_dcache/id_ex_pc4_r[27]_bret__0_i_2/O
                         net (fo=2, routed)           0.446    16.917    u_soc/u_cpu/gen_dcache.u_dcache/id_ex_pc4_r[27]_bret__0_i_2_n_0
    SLICE_X48Y49         LUT4 (Prop_lut4_I0_O)        0.124    17.041 f  u_soc/u_cpu/gen_dcache.u_dcache/id_ex_pc4_r[15]_bret__3_i_1/O
                         net (fo=280, routed)         1.484    18.525    u_soc/u_cpu/gen_dcache.u_dcache/id_ex_pc4_r[15]_bret__3_i_3_0
    SLICE_X55Y42         LUT3 (Prop_lut3_I1_O)        0.118    18.643 r  u_soc/u_cpu/gen_dcache.u_dcache/id_ex_pc_r[31]_i_1/O
                         net (fo=1, routed)           0.476    19.118    u_soc/u_cpu/id_ex_pc_r[31]
    SLICE_X55Y41         FDCE                                         r  u_soc/u_cpu/id_ex_pc_r_reg[31]/D
  -------------------------------------------------------------------    -------------------

                         (clock gen_pynq_clk_50m.clkout0 rise edge)
                                                     20.000    20.000 r  
    H16                                               0.000    20.000 r  CLK100MHZ (IN)
                         net (fo=0)                   0.000    20.000    CLK100MHZ
    H16                  IBUF (Prop_ibuf_I_O)         1.380    21.380 r  CLK100MHZ_IBUF_inst/O
                         net (fo=1, routed)           1.162    22.542    CLK100MHZ_IBUF
    MMCME2_ADV_X1Y2      MMCME2_ADV (Prop_mmcme2_adv_CLKIN1_CLKOUT0)
                                                     -7.814    14.728 r  gen_pynq_clk_50m.u_clk_mmcm/CLKOUT0
                         net (fo=1, routed)           2.012    16.740    gen_pynq_clk_50m.clkout0
    BUFGCTRL_X0Y30       BUFG (Prop_bufg_I_O)         0.091    16.831 r  gen_pynq_clk_50m.u_cpu_clk_bufg_replica_1/O
                         net (fo=2, routed)           0.133    16.964    cpu_clk_repN_1
    BUFGCTRL_X0Y31       BUFG (Prop_bufg_I_O)         0.091    17.055 r  gen_pynq_clk_50m.u_cpu_clk_bufg_replica/O
                         net (fo=5, routed)           0.147    17.202    cpu_clk_repN
    BUFGCTRL_X0Y16       BUFG (Prop_bufg_I_O)         0.091    17.293 r  gen_pynq_clk_50m.u_cpu_clk_bufg/O
                         net (fo=7625, routed)        1.552    18.846    u_soc/u_cpu/cpu_clk
    SLICE_X55Y41         FDCE                                         r  u_soc/u_cpu/id_ex_pc_r_reg[31]/C
                         clock pessimism              0.614    19.460    
                         clock uncertainty           -0.079    19.381    
    SLICE_X55Y41         FDCE (Setup_fdce_C_D)       -0.245    19.136    u_soc/u_cpu/id_ex_pc_r_reg[31]
  -------------------------------------------------------------------
                         required time                         19.136    
                         arrival time                         -19.118    
  -------------------------------------------------------------------
                         slack                                  0.017    





Min Delay Paths
--------------------------------------------------------------------------------------
Slack (MET) :             0.155ns  (arrival time - required time)
  Source:                 u_soc/u_cpu/id_branch_predict_pending_pc_r_reg[24]/C
                            (rising edge-triggered cell FDCE clocked by gen_pynq_clk_50m.clkout0  {rise@0.000ns fall@10.000ns period=20.000ns})
  Destination:            u_soc/u_cpu/id_ex_branch_predict_pc_r_reg[24]/D
                            (rising edge-triggered cell FDCE clocked by gen_pynq_clk_50m.clkout0  {rise@0.000ns fall@10.000ns period=20.000ns})
  Path Group:             gen_pynq_clk_50m.clkout0
  Path Type:              Hold (Min at Fast Process Corner)
  Requirement:            0.000ns  (gen_pynq_clk_50m.clkout0 rise@0.000ns - gen_pynq_clk_50m.clkout0 rise@0.000ns)
  Data Path Delay:        0.516ns  (logic 0.227ns (44.008%)  route 0.289ns (55.992%))
  Logic Levels:           1  (LUT6=1)
  Clock Path Skew:        0.268ns (DCD - SCD - CPR)
    Destination Clock Delay (DCD):    -0.774ns
    Source Clock Delay      (SCD):    -0.552ns
    Clock Pessimism Removal (CPR):    -0.491ns

    Location             Delay type                Incr(ns)  Path(ns)    Netlist Resource(s)
  -------------------------------------------------------------------    -------------------
                         (clock gen_pynq_clk_50m.clkout0 rise edge)
                                                      0.000     0.000 r  
    H16                                               0.000     0.000 r  CLK100MHZ (IN)
                         net (fo=0)                   0.000     0.000    CLK100MHZ
    H16                  IBUF (Prop_ibuf_I_O)         0.219     0.219 r  CLK100MHZ_IBUF_inst/O
                         net (fo=1, routed)           0.440     0.659    CLK100MHZ_IBUF
    MMCME2_ADV_X1Y2      MMCME2_ADV (Prop_mmcme2_adv_CLKIN1_CLKOUT0)
                                                     -2.613    -1.954 r  gen_pynq_clk_50m.u_clk_mmcm/CLKOUT0
                         net (fo=1, routed)           0.696    -1.257    gen_pynq_clk_50m.clkout0
    BUFGCTRL_X0Y30       BUFG (Prop_bufg_I_O)         0.026    -1.231 r  gen_pynq_clk_50m.u_cpu_clk_bufg_replica_1/O
                         net (fo=2, routed)           0.030    -1.201    cpu_clk_repN_1
    BUFGCTRL_X0Y31       BUFG (Prop_bufg_I_O)         0.026    -1.175 r  gen_pynq_clk_50m.u_cpu_clk_bufg_replica/O
                         net (fo=5, routed)           0.042    -1.133    cpu_clk_repN
    BUFGCTRL_X0Y16       BUFG (Prop_bufg_I_O)         0.026    -1.107 r  gen_pynq_clk_50m.u_cpu_clk_bufg/O
                         net (fo=7625, routed)        0.556    -0.552    u_soc/u_cpu/cpu_clk
    SLICE_X52Y39         FDCE                                         r  u_soc/u_cpu/id_branch_predict_pending_pc_r_reg[24]/C
  -------------------------------------------------------------------    -------------------
    SLICE_X52Y39         FDCE (Prop_fdce_C_Q)         0.128    -0.424 r  u_soc/u_cpu/id_branch_predict_pending_pc_r_reg[24]/Q
                         net (fo=1, routed)           0.289    -0.135    u_soc/u_cpu/gen_dcache.u_dcache/id_ex_branch_predict_pc_r_reg[31][24]
    SLICE_X48Y43         LUT6 (Prop_lut6_I4_O)        0.099    -0.036 r  u_soc/u_cpu/gen_dcache.u_dcache/id_ex_branch_predict_pc_r[24]_i_1/O
                         net (fo=1, routed)           0.000    -0.036    u_soc/u_cpu/gen_dcache.u_dcache_n_1376
    SLICE_X48Y43         FDCE                                         r  u_soc/u_cpu/id_ex_branch_predict_pc_r_reg[24]/D
  -------------------------------------------------------------------    -------------------

                         (clock gen_pynq_clk_50m.clkout0 rise edge)
                                                      0.000     0.000 r  
    H16                                               0.000     0.000 r  CLK100MHZ (IN)
                         net (fo=0)                   0.000     0.000    CLK100MHZ
    H16                  IBUF (Prop_ibuf_I_O)         0.406     0.406 r  CLK100MHZ_IBUF_inst/O
                         net (fo=1, routed)           0.480     0.886    CLK100MHZ_IBUF
    MMCME2_ADV_X1Y2      MMCME2_ADV (Prop_mmcme2_adv_CLKIN1_CLKOUT0)
                                                     -3.407    -2.521 r  gen_pynq_clk_50m.u_clk_mmcm/CLKOUT0
                         net (fo=1, routed)           0.752    -1.769    gen_pynq_clk_50m.clkout0
    BUFGCTRL_X0Y30       BUFG (Prop_bufg_I_O)         0.029    -1.740 r  gen_pynq_clk_50m.u_cpu_clk_bufg_replica_1/O
                         net (fo=2, routed)           0.033    -1.707    cpu_clk_repN_1
    BUFGCTRL_X0Y31       BUFG (Prop_bufg_I_O)         0.029    -1.678 r  gen_pynq_clk_50m.u_cpu_clk_bufg_replica/O
                         net (fo=5, routed)           0.046    -1.632    cpu_clk_repN
    BUFGCTRL_X0Y16       BUFG (Prop_bufg_I_O)         0.029    -1.603 r  gen_pynq_clk_50m.u_cpu_clk_bufg/O
                         net (fo=7625, routed)        0.829    -0.774    u_soc/u_cpu/cpu_clk
    SLICE_X48Y43         FDCE                                         r  u_soc/u_cpu/id_ex_branch_predict_pc_r_reg[24]/C
                         clock pessimism              0.491    -0.283    
    SLICE_X48Y43         FDCE (Hold_fdce_C_D)         0.092    -0.191    u_soc/u_cpu/id_ex_branch_predict_pc_r_reg[24]
  -------------------------------------------------------------------
                         required time                          0.191    
                         arrival time                          -0.036    
  -------------------------------------------------------------------
                         slack                                  0.155    





Pulse Width Checks
--------------------------------------------------------------------------------------
Clock Name:         gen_pynq_clk_50m.clkout0
Waveform(ns):       { 0.000 10.000 }
Period(ns):         20.000
Sources:            { gen_pynq_clk_50m.u_clk_mmcm/CLKOUT0 }

Check Type        Corner  Lib Pin             Reference Pin  Required(ns)  Actual(ns)  Slack(ns)  Location         Pin
Min Period        n/a     RAMB36E1/CLKARDCLK  n/a            2.944         20.000      17.056     RAMB36_X1Y6      u_soc/u_dmem_ram/g_sync_ram.g_posedge_read.ram_mem_reg_0_0/CLKARDCLK
Max Period        n/a     MMCME2_ADV/CLKOUT0  n/a            213.360       20.000      193.360    MMCME2_ADV_X1Y2  gen_pynq_clk_50m.u_clk_mmcm/CLKOUT0
Low Pulse Width   Slow    RAMD64E/CLK         n/a            1.250         10.000      8.750      SLICE_X42Y21     u_soc/u_cpu/gen_dcache.u_dcache/cache_data_reg_0_63_0_2/RAMA/CLK
High Pulse Width  Slow    RAMD64E/CLK         n/a            1.250         10.000      8.750      SLICE_X42Y21     u_soc/u_cpu/gen_dcache.u_dcache/cache_data_reg_0_63_0_2/RAMA/CLK



---------------------------------------------------------------------------------------------------
Path Group:  **async_default**
From Clock:  gen_pynq_clk_50m.clkout0
  To Clock:  gen_pynq_clk_50m.clkout0

Setup :            0  Failing Endpoints,  Worst Slack        7.361ns,  Total Violation        0.000ns
Hold  :            0  Failing Endpoints,  Worst Slack        1.443ns,  Total Violation        0.000ns
---------------------------------------------------------------------------------------------------


Max Delay Paths
--------------------------------------------------------------------------------------
Slack (MET) :             7.361ns  (required time - arrival time)
  Source:                 reset_sync_r_reg[6]/C
                            (rising edge-triggered cell FDCE clocked by gen_pynq_clk_50m.clkout0  {rise@0.000ns fall@10.000ns period=20.000ns})
  Destination:            u_soc/u_cpu/redirect_cache_valid_r_reg[462]/CLR
                            (recovery check against rising-edge clock gen_pynq_clk_50m.clkout0  {rise@0.000ns fall@10.000ns period=20.000ns})
  Path Group:             **async_default**
  Path Type:              Recovery (Max at Slow Process Corner)
  Requirement:            20.000ns  (gen_pynq_clk_50m.clkout0 rise@20.000ns - gen_pynq_clk_50m.clkout0 rise@0.000ns)
  Data Path Delay:        12.098ns  (logic 0.828ns (6.844%)  route 11.270ns (93.156%))
  Logic Levels:           3  (LUT1=1 LUT4=1 LUT6=1)
  Clock Path Skew:        -0.058ns (DCD - SCD + CPR)
    Destination Clock Delay (DCD):    -1.148ns = ( 18.852 - 20.000 ) 
    Source Clock Delay      (SCD):    -0.476ns
    Clock Pessimism Removal (CPR):    0.614ns
  Clock Uncertainty:      0.079ns  ((TSJ^2 + DJ^2)^1/2) / 2 + PE
    Total System Jitter     (TSJ):    0.071ns
    Discrete Jitter          (DJ):    0.141ns
    Phase Error              (PE):    0.000ns

    Location             Delay type                Incr(ns)  Path(ns)    Netlist Resource(s)
  -------------------------------------------------------------------    -------------------
                         (clock gen_pynq_clk_50m.clkout0 rise edge)
                                                      0.000     0.000 r  
    H16                                               0.000     0.000 r  CLK100MHZ (IN)
                         net (fo=0)                   0.000     0.000    CLK100MHZ
    H16                  IBUF (Prop_ibuf_I_O)         1.451     1.451 r  CLK100MHZ_IBUF_inst/O
                         net (fo=1, routed)           1.285     2.736    CLK100MHZ_IBUF
    MMCME2_ADV_X1Y2      MMCME2_ADV (Prop_mmcme2_adv_CLKIN1_CLKOUT0)
                                                     -7.759    -5.023 r  gen_pynq_clk_50m.u_clk_mmcm/CLKOUT0
                         net (fo=1, routed)           2.206    -2.817    gen_pynq_clk_50m.clkout0
    BUFGCTRL_X0Y30       BUFG (Prop_bufg_I_O)         0.101    -2.716 r  gen_pynq_clk_50m.u_cpu_clk_bufg_replica_1/O
                         net (fo=2, routed)           0.146    -2.570    cpu_clk_repN_1
    BUFGCTRL_X0Y31       BUFG (Prop_bufg_I_O)         0.101    -2.469 r  gen_pynq_clk_50m.u_cpu_clk_bufg_replica/O
                         net (fo=5, routed)           0.161    -2.308    cpu_clk_repN
    BUFGCTRL_X0Y16       BUFG (Prop_bufg_I_O)         0.101    -2.207 r  gen_pynq_clk_50m.u_cpu_clk_bufg/O
                         net (fo=7625, routed)        1.731    -0.476    cpu_clk
    SLICE_X85Y33         FDCE                                         r  reset_sync_r_reg[6]/C
  -------------------------------------------------------------------    -------------------
    SLICE_X85Y33         FDCE (Prop_fdce_C_Q)         0.456    -0.020 r  reset_sync_r_reg[6]/Q
                         net (fo=2, routed)           0.695     0.674    u_soc/u_cpu/u_regfile/bit_idx_r_reg[3][6]
    SLICE_X85Y33         LUT4 (Prop_lut4_I3_O)        0.124     0.798 f  u_soc/u_cpu/u_regfile/led_OBUF[0]_inst_i_2/O
                         net (fo=2, routed)           0.516     1.314    u_soc/u_cpu/u_regfile/reset_sync_r_reg[5]
    SLICE_X84Y33         LUT6 (Prop_lut6_I0_O)        0.124     1.438 r  u_soc/u_cpu/u_regfile/led_OBUF[0]_inst_i_1/O
                         net (fo=14, routed)          4.428     5.866    u_soc/u_cpu/reset_sync_r_reg[1]_0
    SLICE_X90Y84         LUT1 (Prop_lut1_I0_O)        0.124     5.990 f  u_soc/u_cpu/regs[0][31]_i_3/O
                         net (fo=3157, routed)        5.631    11.621    u_soc/u_cpu/reset_sync_r_reg[1]
    SLICE_X78Y38         FDCE                                         f  u_soc/u_cpu/redirect_cache_valid_r_reg[462]/CLR
  -------------------------------------------------------------------    -------------------

                         (clock gen_pynq_clk_50m.clkout0 rise edge)
                                                     20.000    20.000 r  
    H16                                               0.000    20.000 r  CLK100MHZ (IN)
                         net (fo=0)                   0.000    20.000    CLK100MHZ
    H16                  IBUF (Prop_ibuf_I_O)         1.380    21.380 r  CLK100MHZ_IBUF_inst/O
                         net (fo=1, routed)           1.162    22.542    CLK100MHZ_IBUF
    MMCME2_ADV_X1Y2      MMCME2_ADV (Prop_mmcme2_adv_CLKIN1_CLKOUT0)
                                                     -7.814    14.728 r  gen_pynq_clk_50m.u_clk_mmcm/CLKOUT0
                         net (fo=1, routed)           2.012    16.740    gen_pynq_clk_50m.clkout0
    BUFGCTRL_X0Y30       BUFG (Prop_bufg_I_O)         0.091    16.831 r  gen_pynq_clk_50m.u_cpu_clk_bufg_replica_1/O
                         net (fo=2, routed)           0.133    16.964    cpu_clk_repN_1
    BUFGCTRL_X0Y31       BUFG (Prop_bufg_I_O)         0.091    17.055 r  gen_pynq_clk_50m.u_cpu_clk_bufg_replica/O
                         net (fo=5, routed)           0.147    17.202    cpu_clk_repN
    BUFGCTRL_X0Y16       BUFG (Prop_bufg_I_O)         0.091    17.293 r  gen_pynq_clk_50m.u_cpu_clk_bufg/O
                         net (fo=7625, routed)        1.558    18.852    u_soc/u_cpu/cpu_clk
    SLICE_X78Y38         FDCE                                         r  u_soc/u_cpu/redirect_cache_valid_r_reg[462]/C
                         clock pessimism              0.614    19.466    
                         clock uncertainty           -0.079    19.387    
    SLICE_X78Y38         FDCE (Recov_fdce_C_CLR)     -0.405    18.982    u_soc/u_cpu/redirect_cache_valid_r_reg[462]
  -------------------------------------------------------------------
                         required time                         18.982    
                         arrival time                         -11.621    
  -------------------------------------------------------------------
                         slack                                  7.361    





Min Delay Paths
--------------------------------------------------------------------------------------
Slack (MET) :             1.443ns  (arrival time - required time)
  Source:                 reset_sync_r_reg[3]/C
                            (rising edge-triggered cell FDCE clocked by gen_pynq_clk_50m.clkout0  {rise@0.000ns fall@10.000ns period=20.000ns})
  Destination:            u_uart_tx/baud_cnt_r_reg[5]/CLR
                            (removal check against rising-edge clock gen_pynq_clk_50m.clkout0  {rise@0.000ns fall@10.000ns period=20.000ns})
  Path Group:             **async_default**
  Path Type:              Removal (Min at Fast Process Corner)
  Requirement:            0.000ns  (gen_pynq_clk_50m.clkout0 rise@0.000ns - gen_pynq_clk_50m.clkout0 rise@0.000ns)
  Data Path Delay:        1.638ns  (logic 0.186ns (11.353%)  route 1.452ns (88.647%))
  Logic Levels:           1  (LUT6=1)
  Clock Path Skew:        0.262ns (DCD - SCD - CPR)
    Destination Clock Delay (DCD):    -0.752ns
    Source Clock Delay      (SCD):    -0.524ns
    Clock Pessimism Removal (CPR):    -0.491ns

    Location             Delay type                Incr(ns)  Path(ns)    Netlist Resource(s)
  -------------------------------------------------------------------    -------------------
                         (clock gen_pynq_clk_50m.clkout0 rise edge)
                                                      0.000     0.000 r  
    H16                                               0.000     0.000 r  CLK100MHZ (IN)
                         net (fo=0)                   0.000     0.000    CLK100MHZ
    H16                  IBUF (Prop_ibuf_I_O)         0.219     0.219 r  CLK100MHZ_IBUF_inst/O
                         net (fo=1, routed)           0.440     0.659    CLK100MHZ_IBUF
    MMCME2_ADV_X1Y2      MMCME2_ADV (Prop_mmcme2_adv_CLKIN1_CLKOUT0)
                                                     -2.613    -1.954 r  gen_pynq_clk_50m.u_clk_mmcm/CLKOUT0
                         net (fo=1, routed)           0.696    -1.257    gen_pynq_clk_50m.clkout0
    BUFGCTRL_X0Y30       BUFG (Prop_bufg_I_O)         0.026    -1.231 r  gen_pynq_clk_50m.u_cpu_clk_bufg_replica_1/O
                         net (fo=2, routed)           0.030    -1.201    cpu_clk_repN_1
    BUFGCTRL_X0Y31       BUFG (Prop_bufg_I_O)         0.026    -1.175 r  gen_pynq_clk_50m.u_cpu_clk_bufg_replica/O
                         net (fo=5, routed)           0.042    -1.133    cpu_clk_repN
    BUFGCTRL_X0Y16       BUFG (Prop_bufg_I_O)         0.026    -1.107 r  gen_pynq_clk_50m.u_cpu_clk_bufg/O
                         net (fo=7625, routed)        0.584    -0.524    cpu_clk
    SLICE_X84Y33         FDCE                                         r  reset_sync_r_reg[3]/C
  -------------------------------------------------------------------    -------------------
    SLICE_X84Y33         FDCE (Prop_fdce_C_Q)         0.141    -0.383 r  reset_sync_r_reg[3]/Q
                         net (fo=3, routed)           0.208    -0.175    u_uart_tx/Q[3]
    SLICE_X84Y33         LUT6 (Prop_lut6_I2_O)        0.045    -0.130 f  u_uart_tx/baud_cnt_r[8]_i_3/O
                         net (fo=23, routed)          1.245     1.115    u_uart_tx/baud_cnt_r[8]_i_3_n_0
    SLICE_X20Y27         FDCE                                         f  u_uart_tx/baud_cnt_r_reg[5]/CLR
  -------------------------------------------------------------------    -------------------

                         (clock gen_pynq_clk_50m.clkout0 rise edge)
                                                      0.000     0.000 r  
    H16                                               0.000     0.000 r  CLK100MHZ (IN)
                         net (fo=0)                   0.000     0.000    CLK100MHZ
    H16                  IBUF (Prop_ibuf_I_O)         0.406     0.406 r  CLK100MHZ_IBUF_inst/O
                         net (fo=1, routed)           0.480     0.886    CLK100MHZ_IBUF
    MMCME2_ADV_X1Y2      MMCME2_ADV (Prop_mmcme2_adv_CLKIN1_CLKOUT0)
                                                     -3.407    -2.521 r  gen_pynq_clk_50m.u_clk_mmcm/CLKOUT0
                         net (fo=1, routed)           0.752    -1.769    gen_pynq_clk_50m.clkout0
    BUFGCTRL_X0Y30       BUFG (Prop_bufg_I_O)         0.029    -1.740 r  gen_pynq_clk_50m.u_cpu_clk_bufg_replica_1/O
                         net (fo=2, routed)           0.033    -1.707    cpu_clk_repN_1
    BUFGCTRL_X0Y31       BUFG (Prop_bufg_I_O)         0.029    -1.678 r  gen_pynq_clk_50m.u_cpu_clk_bufg_replica/O
                         net (fo=5, routed)           0.046    -1.632    cpu_clk_repN
    BUFGCTRL_X0Y16       BUFG (Prop_bufg_I_O)         0.029    -1.603 r  gen_pynq_clk_50m.u_cpu_clk_bufg/O
                         net (fo=7625, routed)        0.851    -0.752    u_uart_tx/cpu_clk
    SLICE_X20Y27         FDCE                                         r  u_uart_tx/baud_cnt_r_reg[5]/C
                         clock pessimism              0.491    -0.261    
    SLICE_X20Y27         FDCE (Remov_fdce_C_CLR)     -0.067    -0.328    u_uart_tx/baud_cnt_r_reg[5]
  -------------------------------------------------------------------
                         required time                          0.328    
                         arrival time                           1.115    
  -------------------------------------------------------------------
                         slack                                  1.443    





