Copyright 1986-2022 Xilinx, Inc. All Rights Reserved. Copyright 2022-2025 Advanced Micro Devices, Inc. All Rights Reserved.
---------------------------------------------------------------------------------------------------------------------------------------------------------------------------------------------------------------------------------------------------
| Tool Version : Vivado v.2025.2 (win64) Build 6299465 Fri Nov 14 19:35:11 GMT 2025
| Date         : Mon Jul 13 07:47:00 2026
| Host         : Toylog_desktop running 64-bit major release  (build 9200)
| Command      : report_drc -file D:/BaiduSyncdisk/02_icdc_workspace/.worktrees/coremark7-dmips5-20260508/artifacts/strict_50m_timing_opt_20260609/impl136_lightfold_rc512_tagtrim_routeHigherDelayCost_cpu50_wns+0p017/bitstream_from_dcp_drc.rpt
| Design       : YH_rv_cpu_fpga_top
| Device       : xc7z020clg400-1
| Speed File   : -1
| Design State : Fully Routed
---------------------------------------------------------------------------------------------------------------------------------------------------------------------------------------------------------------------------------------------------

Report DRC

Table of Contents
-----------------
1. REPORT SUMMARY
2. REPORT DETAILS

1. REPORT SUMMARY
-----------------
            Netlist: netlist
          Floorplan: checkpoint_cpu50_impl
      Design limits: <entire design considered>
           Ruledeck: default
             Max checks: <unlimited>
             Checks found: 56
+-------------+----------+---------------------------------+--------+
| Rule        | Severity | Description                     | Checks |
+-------------+----------+---------------------------------+--------+
| CHECK-3     | Warning  | Report rule limit reached       | 1      |
| DPIP-1      | Warning  | Input pipelining                | 16     |
| DPOP-1      | Warning  | PREG Output pipelining          | 8      |
| DPOP-2      | Warning  | MREG Output pipelining          | 8      |
| PLBUFGOPT-1 | Warning  | Non-Optimal connections to BUFG | 2      |
| REQP-1839   | Warning  | RAMB36 async control check      | 20     |
| ZPS7-1      | Warning  | PS7 block required              | 1      |
+-------------+----------+---------------------------------+--------+

2. REPORT DETAILS
-----------------
CHECK-3#1 Warning
Report rule limit reached  
REQP-1839 rule limit reached: 20 violations have been found.
Related violations: <none>

DPIP-1#1 Warning
Input pipelining  
DSP u_soc/u_cpu/u_ex_stage/u_alu/gen_mul_extension.mul_product input u_soc/u_cpu/u_ex_stage/u_alu/gen_mul_extension.mul_product/A[29:0] is not pipelined. Pipelining DSP48 input will improve performance.
Related violations: <none>

DPIP-1#2 Warning
Input pipelining  
DSP u_soc/u_cpu/u_ex_stage/u_alu/gen_mul_extension.mul_product input u_soc/u_cpu/u_ex_stage/u_alu/gen_mul_extension.mul_product/B[17:0] is not pipelined. Pipelining DSP48 input will improve performance.
Related violations: <none>

DPIP-1#3 Warning
Input pipelining  
DSP u_soc/u_cpu/u_ex_stage/u_alu/gen_mul_extension.mul_product__0 input u_soc/u_cpu/u_ex_stage/u_alu/gen_mul_extension.mul_product__0/A[29:0] is not pipelined. Pipelining DSP48 input will improve performance.
Related violations: <none>

DPIP-1#4 Warning
Input pipelining  
DSP u_soc/u_cpu/u_ex_stage/u_alu/gen_mul_extension.mul_product__0 input u_soc/u_cpu/u_ex_stage/u_alu/gen_mul_extension.mul_product__0/B[17:0] is not pipelined. Pipelining DSP48 input will improve performance.
Related violations: <none>

DPIP-1#5 Warning
Input pipelining  
DSP u_soc/u_cpu/u_ex_stage/u_alu/gen_mul_extension.mul_product__1 input u_soc/u_cpu/u_ex_stage/u_alu/gen_mul_extension.mul_product__1/A[29:0] is not pipelined. Pipelining DSP48 input will improve performance.
Related violations: <none>

DPIP-1#6 Warning
Input pipelining  
DSP u_soc/u_cpu/u_ex_stage/u_alu/gen_mul_extension.mul_product__1 input u_soc/u_cpu/u_ex_stage/u_alu/gen_mul_extension.mul_product__1/B[17:0] is not pipelined. Pipelining DSP48 input will improve performance.
Related violations: <none>

DPIP-1#7 Warning
Input pipelining  
DSP u_soc/u_cpu/u_ex_stage/u_alu/gen_mul_extension.mul_product__2 input u_soc/u_cpu/u_ex_stage/u_alu/gen_mul_extension.mul_product__2/B[17:0] is not pipelined. Pipelining DSP48 input will improve performance.
Related violations: <none>

DPIP-1#8 Warning
Input pipelining  
DSP u_soc/u_cpu/u_ex_stage/u_alu/gen_xthead_mul_extension.gen_th_mulah_rv32.th_mulah_sum32 input u_soc/u_cpu/u_ex_stage/u_alu/gen_xthead_mul_extension.gen_th_mulah_rv32.th_mulah_sum32/A[29:0] is not pipelined. Pipelining DSP48 input will improve performance.
Related violations: <none>

DPIP-1#9 Warning
Input pipelining  
DSP u_soc/u_cpu/u_ex_stage/u_alu/gen_xthead_mul_extension.gen_th_mulah_rv32.th_mulah_sum32 input u_soc/u_cpu/u_ex_stage/u_alu/gen_xthead_mul_extension.gen_th_mulah_rv32.th_mulah_sum32/B[17:0] is not pipelined. Pipelining DSP48 input will improve performance.
Related violations: <none>

DPIP-1#10 Warning
Input pipelining  
DSP u_soc/u_cpu/u_ex_stage/u_alu/gen_xthead_mul_extension.gen_th_mulah_rv32.th_mulah_sum32 input u_soc/u_cpu/u_ex_stage/u_alu/gen_xthead_mul_extension.gen_th_mulah_rv32.th_mulah_sum32/C[47:0] is not pipelined. Pipelining DSP48 input will improve performance.
Related violations: <none>

DPIP-1#11 Warning
Input pipelining  
DSP u_soc/u_cpu/u_ex_stage/u_alu/x_result_th_mula1 input u_soc/u_cpu/u_ex_stage/u_alu/x_result_th_mula1/A[29:0] is not pipelined. Pipelining DSP48 input will improve performance.
Related violations: <none>

DPIP-1#12 Warning
Input pipelining  
DSP u_soc/u_cpu/u_ex_stage/u_alu/x_result_th_mula1 input u_soc/u_cpu/u_ex_stage/u_alu/x_result_th_mula1/B[17:0] is not pipelined. Pipelining DSP48 input will improve performance.
Related violations: <none>

DPIP-1#13 Warning
Input pipelining  
DSP u_soc/u_cpu/u_ex_stage/u_alu/x_result_th_mula1__0 input u_soc/u_cpu/u_ex_stage/u_alu/x_result_th_mula1__0/A[29:0] is not pipelined. Pipelining DSP48 input will improve performance.
Related violations: <none>

DPIP-1#14 Warning
Input pipelining  
DSP u_soc/u_cpu/u_ex_stage/u_alu/x_result_th_mula1__0 input u_soc/u_cpu/u_ex_stage/u_alu/x_result_th_mula1__0/B[17:0] is not pipelined. Pipelining DSP48 input will improve performance.
Related violations: <none>

DPIP-1#15 Warning
Input pipelining  
DSP u_soc/u_cpu/u_ex_stage/u_alu/x_result_th_mula1__1 input u_soc/u_cpu/u_ex_stage/u_alu/x_result_th_mula1__1/A[29:0] is not pipelined. Pipelining DSP48 input will improve performance.
Related violations: <none>

DPIP-1#16 Warning
Input pipelining  
DSP u_soc/u_cpu/u_ex_stage/u_alu/x_result_th_mula1__1 input u_soc/u_cpu/u_ex_stage/u_alu/x_result_th_mula1__1/B[17:0] is not pipelined. Pipelining DSP48 input will improve performance.
Related violations: <none>

DPOP-1#1 Warning
PREG Output pipelining  
DSP u_soc/u_cpu/u_ex_stage/u_alu/gen_mul_extension.mul_product output u_soc/u_cpu/u_ex_stage/u_alu/gen_mul_extension.mul_product/P[47:0] is not pipelined (PREG=0). Pipelining the DSP48 output will improve performance and often saves power so it is suggested whenever possible to fully pipeline this function.  If this DSP48 function was inferred, it is suggested to describe an additional register stage after this function.  If the DSP48 was instantiated in the design, it is suggested to set the PREG attribute to 1.
Related violations: <none>

DPOP-1#2 Warning
PREG Output pipelining  
DSP u_soc/u_cpu/u_ex_stage/u_alu/gen_mul_extension.mul_product__0 output u_soc/u_cpu/u_ex_stage/u_alu/gen_mul_extension.mul_product__0/P[47:0] is not pipelined (PREG=0). Pipelining the DSP48 output will improve performance and often saves power so it is suggested whenever possible to fully pipeline this function.  If this DSP48 function was inferred, it is suggested to describe an additional register stage after this function.  If the DSP48 was instantiated in the design, it is suggested to set the PREG attribute to 1.
Related violations: <none>

DPOP-1#3 Warning
PREG Output pipelining  
DSP u_soc/u_cpu/u_ex_stage/u_alu/gen_mul_extension.mul_product__1 output u_soc/u_cpu/u_ex_stage/u_alu/gen_mul_extension.mul_product__1/P[47:0] is not pipelined (PREG=0). Pipelining the DSP48 output will improve performance and often saves power so it is suggested whenever possible to fully pipeline this function.  If this DSP48 function was inferred, it is suggested to describe an additional register stage after this function.  If the DSP48 was instantiated in the design, it is suggested to set the PREG attribute to 1.
Related violations: <none>

DPOP-1#4 Warning
PREG Output pipelining  
DSP u_soc/u_cpu/u_ex_stage/u_alu/gen_mul_extension.mul_product__2 output u_soc/u_cpu/u_ex_stage/u_alu/gen_mul_extension.mul_product__2/P[47:0] is not pipelined (PREG=0). Pipelining the DSP48 output will improve performance and often saves power so it is suggested whenever possible to fully pipeline this function.  If this DSP48 function was inferred, it is suggested to describe an additional register stage after this function.  If the DSP48 was instantiated in the design, it is suggested to set the PREG attribute to 1.
Related violations: <none>

DPOP-1#5 Warning
PREG Output pipelining  
DSP u_soc/u_cpu/u_ex_stage/u_alu/gen_xthead_mul_extension.gen_th_mulah_rv32.th_mulah_sum32 output u_soc/u_cpu/u_ex_stage/u_alu/gen_xthead_mul_extension.gen_th_mulah_rv32.th_mulah_sum32/P[47:0] is not pipelined (PREG=0). Pipelining the DSP48 output will improve performance and often saves power so it is suggested whenever possible to fully pipeline this function.  If this DSP48 function was inferred, it is suggested to describe an additional register stage after this function.  If the DSP48 was instantiated in the design, it is suggested to set the PREG attribute to 1.
Related violations: <none>

DPOP-1#6 Warning
PREG Output pipelining  
DSP u_soc/u_cpu/u_ex_stage/u_alu/x_result_th_mula1 output u_soc/u_cpu/u_ex_stage/u_alu/x_result_th_mula1/P[47:0] is not pipelined (PREG=0). Pipelining the DSP48 output will improve performance and often saves power so it is suggested whenever possible to fully pipeline this function.  If this DSP48 function was inferred, it is suggested to describe an additional register stage after this function.  If the DSP48 was instantiated in the design, it is suggested to set the PREG attribute to 1.
Related violations: <none>

DPOP-1#7 Warning
PREG Output pipelining  
DSP u_soc/u_cpu/u_ex_stage/u_alu/x_result_th_mula1__0 output u_soc/u_cpu/u_ex_stage/u_alu/x_result_th_mula1__0/P[47:0] is not pipelined (PREG=0). Pipelining the DSP48 output will improve performance and often saves power so it is suggested whenever possible to fully pipeline this function.  If this DSP48 function was inferred, it is suggested to describe an additional register stage after this function.  If the DSP48 was instantiated in the design, it is suggested to set the PREG attribute to 1.
Related violations: <none>

DPOP-1#8 Warning
PREG Output pipelining  
DSP u_soc/u_cpu/u_ex_stage/u_alu/x_result_th_mula1__1 output u_soc/u_cpu/u_ex_stage/u_alu/x_result_th_mula1__1/P[47:0] is not pipelined (PREG=0). Pipelining the DSP48 output will improve performance and often saves power so it is suggested whenever possible to fully pipeline this function.  If this DSP48 function was inferred, it is suggested to describe an additional register stage after this function.  If the DSP48 was instantiated in the design, it is suggested to set the PREG attribute to 1.
Related violations: <none>

DPOP-2#1 Warning
MREG Output pipelining  
DSP u_soc/u_cpu/u_ex_stage/u_alu/gen_mul_extension.mul_product multiplier stage u_soc/u_cpu/u_ex_stage/u_alu/gen_mul_extension.mul_product/P[47:0] is not pipelined (MREG=0). Pipelining the multiplier function will improve performance and will save significant power so it is suggested whenever possible to fully pipeline this function.  If this multiplier was inferred, it is suggested to describe an additional register stage after this function.  If there is no registered adder/accumulator following the multiply function, two pipeline stages are suggested to allow both the MREG and PREG registers to be used.  If the DSP48 was instantiated in the design, it is suggested to set both the MREG and PREG attributes to 1 when performing multiply functions.
Related violations: <none>

DPOP-2#2 Warning
MREG Output pipelining  
DSP u_soc/u_cpu/u_ex_stage/u_alu/gen_mul_extension.mul_product__0 multiplier stage u_soc/u_cpu/u_ex_stage/u_alu/gen_mul_extension.mul_product__0/P[47:0] is not pipelined (MREG=0). Pipelining the multiplier function will improve performance and will save significant power so it is suggested whenever possible to fully pipeline this function.  If this multiplier was inferred, it is suggested to describe an additional register stage after this function.  If there is no registered adder/accumulator following the multiply function, two pipeline stages are suggested to allow both the MREG and PREG registers to be used.  If the DSP48 was instantiated in the design, it is suggested to set both the MREG and PREG attributes to 1 when performing multiply functions.
Related violations: <none>

DPOP-2#3 Warning
MREG Output pipelining  
DSP u_soc/u_cpu/u_ex_stage/u_alu/gen_mul_extension.mul_product__1 multiplier stage u_soc/u_cpu/u_ex_stage/u_alu/gen_mul_extension.mul_product__1/P[47:0] is not pipelined (MREG=0). Pipelining the multiplier function will improve performance and will save significant power so it is suggested whenever possible to fully pipeline this function.  If this multiplier was inferred, it is suggested to describe an additional register stage after this function.  If there is no registered adder/accumulator following the multiply function, two pipeline stages are suggested to allow both the MREG and PREG registers to be used.  If the DSP48 was instantiated in the design, it is suggested to set both the MREG and PREG attributes to 1 when performing multiply functions.
Related violations: <none>

DPOP-2#4 Warning
MREG Output pipelining  
DSP u_soc/u_cpu/u_ex_stage/u_alu/gen_mul_extension.mul_product__2 multiplier stage u_soc/u_cpu/u_ex_stage/u_alu/gen_mul_extension.mul_product__2/P[47:0] is not pipelined (MREG=0). Pipelining the multiplier function will improve performance and will save significant power so it is suggested whenever possible to fully pipeline this function.  If this multiplier was inferred, it is suggested to describe an additional register stage after this function.  If there is no registered adder/accumulator following the multiply function, two pipeline stages are suggested to allow both the MREG and PREG registers to be used.  If the DSP48 was instantiated in the design, it is suggested to set both the MREG and PREG attributes to 1 when performing multiply functions.
Related violations: <none>

DPOP-2#5 Warning
MREG Output pipelining  
DSP u_soc/u_cpu/u_ex_stage/u_alu/gen_xthead_mul_extension.gen_th_mulah_rv32.th_mulah_sum32 multiplier stage u_soc/u_cpu/u_ex_stage/u_alu/gen_xthead_mul_extension.gen_th_mulah_rv32.th_mulah_sum32/P[47:0] is not pipelined (MREG=0). Pipelining the multiplier function will improve performance and will save significant power so it is suggested whenever possible to fully pipeline this function.  If this multiplier was inferred, it is suggested to describe an additional register stage after this function.  If there is no registered adder/accumulator following the multiply function, two pipeline stages are suggested to allow both the MREG and PREG registers to be used.  If the DSP48 was instantiated in the design, it is suggested to set both the MREG and PREG attributes to 1 when performing multiply functions.
Related violations: <none>

DPOP-2#6 Warning
MREG Output pipelining  
DSP u_soc/u_cpu/u_ex_stage/u_alu/x_result_th_mula1 multiplier stage u_soc/u_cpu/u_ex_stage/u_alu/x_result_th_mula1/P[47:0] is not pipelined (MREG=0). Pipelining the multiplier function will improve performance and will save significant power so it is suggested whenever possible to fully pipeline this function.  If this multiplier was inferred, it is suggested to describe an additional register stage after this function.  If there is no registered adder/accumulator following the multiply function, two pipeline stages are suggested to allow both the MREG and PREG registers to be used.  If the DSP48 was instantiated in the design, it is suggested to set both the MREG and PREG attributes to 1 when performing multiply functions.
Related violations: <none>

DPOP-2#7 Warning
MREG Output pipelining  
DSP u_soc/u_cpu/u_ex_stage/u_alu/x_result_th_mula1__0 multiplier stage u_soc/u_cpu/u_ex_stage/u_alu/x_result_th_mula1__0/P[47:0] is not pipelined (MREG=0). Pipelining the multiplier function will improve performance and will save significant power so it is suggested whenever possible to fully pipeline this function.  If this multiplier was inferred, it is suggested to describe an additional register stage after this function.  If there is no registered adder/accumulator following the multiply function, two pipeline stages are suggested to allow both the MREG and PREG registers to be used.  If the DSP48 was instantiated in the design, it is suggested to set both the MREG and PREG attributes to 1 when performing multiply functions.
Related violations: <none>

DPOP-2#8 Warning
MREG Output pipelining  
DSP u_soc/u_cpu/u_ex_stage/u_alu/x_result_th_mula1__1 multiplier stage u_soc/u_cpu/u_ex_stage/u_alu/x_result_th_mula1__1/P[47:0] is not pipelined (MREG=0). Pipelining the multiplier function will improve performance and will save significant power so it is suggested whenever possible to fully pipeline this function.  If this multiplier was inferred, it is suggested to describe an additional register stage after this function.  If there is no registered adder/accumulator following the multiply function, two pipeline stages are suggested to allow both the MREG and PREG registers to be used.  If the DSP48 was instantiated in the design, it is suggested to set both the MREG and PREG attributes to 1 when performing multiply functions.
Related violations: <none>

PLBUFGOPT-1#1 Warning
Non-Optimal connections to BUFG  
A non-muxed BUFG gen_pynq_clk_50m.u_cpu_clk_bufg is driven by another global buffer gen_pynq_clk_50m.u_cpu_clk_bufg_replica. Remove non-muxed BUFG if it is not desired
Related violations: <none>

PLBUFGOPT-1#2 Warning
Non-Optimal connections to BUFG  
A non-muxed BUFG gen_pynq_clk_50m.u_cpu_clk_bufg_replica is driven by another global buffer gen_pynq_clk_50m.u_cpu_clk_bufg_replica_1. Remove non-muxed BUFG if it is not desired
Related violations: <none>

REQP-1839#1 Warning
RAMB36 async control check  
The RAMB36E1 u_soc/g_shared_sync_rom.u_sync_rom/imem_rdata_r_reg_0 has an input control pin u_soc/g_shared_sync_rom.u_sync_rom/imem_rdata_r_reg_0/ADDRARDADDR[14] (net: u_soc/g_shared_sync_rom.u_sync_rom/imem_addr32[13]) which is driven by a register (u_soc/u_cpu/branch_bht_valid_r_reg[0]) that has an active asychronous set or reset. This may cause corruption of the memory contents and/or read values when the set/reset is asserted and is not analyzed by the default static timing analysis. It is suggested to eliminate the use of a set/reset to registers driving this RAMB pin or else use a synchronous reset in which the assertion of the reset is timed by default.
Related violations: <none>

REQP-1839#2 Warning
RAMB36 async control check  
The RAMB36E1 u_soc/g_shared_sync_rom.u_sync_rom/imem_rdata_r_reg_0 has an input control pin u_soc/g_shared_sync_rom.u_sync_rom/imem_rdata_r_reg_0/ADDRARDADDR[14] (net: u_soc/g_shared_sync_rom.u_sync_rom/imem_addr32[13]) which is driven by a register (u_soc/u_cpu/branch_bht_valid_r_reg[10]) that has an active asychronous set or reset. This may cause corruption of the memory contents and/or read values when the set/reset is asserted and is not analyzed by the default static timing analysis. It is suggested to eliminate the use of a set/reset to registers driving this RAMB pin or else use a synchronous reset in which the assertion of the reset is timed by default.
Related violations: <none>

REQP-1839#3 Warning
RAMB36 async control check  
The RAMB36E1 u_soc/g_shared_sync_rom.u_sync_rom/imem_rdata_r_reg_0 has an input control pin u_soc/g_shared_sync_rom.u_sync_rom/imem_rdata_r_reg_0/ADDRARDADDR[14] (net: u_soc/g_shared_sync_rom.u_sync_rom/imem_addr32[13]) which is driven by a register (u_soc/u_cpu/branch_bht_valid_r_reg[11]) that has an active asychronous set or reset. This may cause corruption of the memory contents and/or read values when the set/reset is asserted and is not analyzed by the default static timing analysis. It is suggested to eliminate the use of a set/reset to registers driving this RAMB pin or else use a synchronous reset in which the assertion of the reset is timed by default.
Related violations: <none>

REQP-1839#4 Warning
RAMB36 async control check  
The RAMB36E1 u_soc/g_shared_sync_rom.u_sync_rom/imem_rdata_r_reg_0 has an input control pin u_soc/g_shared_sync_rom.u_sync_rom/imem_rdata_r_reg_0/ADDRARDADDR[14] (net: u_soc/g_shared_sync_rom.u_sync_rom/imem_addr32[13]) which is driven by a register (u_soc/u_cpu/branch_bht_valid_r_reg[14]) that has an active asychronous set or reset. This may cause corruption of the memory contents and/or read values when the set/reset is asserted and is not analyzed by the default static timing analysis. It is suggested to eliminate the use of a set/reset to registers driving this RAMB pin or else use a synchronous reset in which the assertion of the reset is timed by default.
Related violations: <none>

REQP-1839#5 Warning
RAMB36 async control check  
The RAMB36E1 u_soc/g_shared_sync_rom.u_sync_rom/imem_rdata_r_reg_0 has an input control pin u_soc/g_shared_sync_rom.u_sync_rom/imem_rdata_r_reg_0/ADDRARDADDR[14] (net: u_soc/g_shared_sync_rom.u_sync_rom/imem_addr32[13]) which is driven by a register (u_soc/u_cpu/branch_bht_valid_r_reg[16]) that has an active asychronous set or reset. This may cause corruption of the memory contents and/or read values when the set/reset is asserted and is not analyzed by the default static timing analysis. It is suggested to eliminate the use of a set/reset to registers driving this RAMB pin or else use a synchronous reset in which the assertion of the reset is timed by default.
Related violations: <none>

REQP-1839#6 Warning
RAMB36 async control check  
The RAMB36E1 u_soc/g_shared_sync_rom.u_sync_rom/imem_rdata_r_reg_0 has an input control pin u_soc/g_shared_sync_rom.u_sync_rom/imem_rdata_r_reg_0/ADDRARDADDR[14] (net: u_soc/g_shared_sync_rom.u_sync_rom/imem_addr32[13]) which is driven by a register (u_soc/u_cpu/branch_bht_valid_r_reg[17]) that has an active asychronous set or reset. This may cause corruption of the memory contents and/or read values when the set/reset is asserted and is not analyzed by the default static timing analysis. It is suggested to eliminate the use of a set/reset to registers driving this RAMB pin or else use a synchronous reset in which the assertion of the reset is timed by default.
Related violations: <none>

REQP-1839#7 Warning
RAMB36 async control check  
The RAMB36E1 u_soc/g_shared_sync_rom.u_sync_rom/imem_rdata_r_reg_0 has an input control pin u_soc/g_shared_sync_rom.u_sync_rom/imem_rdata_r_reg_0/ADDRARDADDR[14] (net: u_soc/g_shared_sync_rom.u_sync_rom/imem_addr32[13]) which is driven by a register (u_soc/u_cpu/branch_bht_valid_r_reg[1]) that has an active asychronous set or reset. This may cause corruption of the memory contents and/or read values when the set/reset is asserted and is not analyzed by the default static timing analysis. It is suggested to eliminate the use of a set/reset to registers driving this RAMB pin or else use a synchronous reset in which the assertion of the reset is timed by default.
Related violations: <none>

REQP-1839#8 Warning
RAMB36 async control check  
The RAMB36E1 u_soc/g_shared_sync_rom.u_sync_rom/imem_rdata_r_reg_0 has an input control pin u_soc/g_shared_sync_rom.u_sync_rom/imem_rdata_r_reg_0/ADDRARDADDR[14] (net: u_soc/g_shared_sync_rom.u_sync_rom/imem_addr32[13]) which is driven by a register (u_soc/u_cpu/branch_bht_valid_r_reg[23]) that has an active asychronous set or reset. This may cause corruption of the memory contents and/or read values when the set/reset is asserted and is not analyzed by the default static timing analysis. It is suggested to eliminate the use of a set/reset to registers driving this RAMB pin or else use a synchronous reset in which the assertion of the reset is timed by default.
Related violations: <none>

REQP-1839#9 Warning
RAMB36 async control check  
The RAMB36E1 u_soc/g_shared_sync_rom.u_sync_rom/imem_rdata_r_reg_0 has an input control pin u_soc/g_shared_sync_rom.u_sync_rom/imem_rdata_r_reg_0/ADDRARDADDR[14] (net: u_soc/g_shared_sync_rom.u_sync_rom/imem_addr32[13]) which is driven by a register (u_soc/u_cpu/branch_bht_valid_r_reg[25]) that has an active asychronous set or reset. This may cause corruption of the memory contents and/or read values when the set/reset is asserted and is not analyzed by the default static timing analysis. It is suggested to eliminate the use of a set/reset to registers driving this RAMB pin or else use a synchronous reset in which the assertion of the reset is timed by default.
Related violations: <none>

REQP-1839#10 Warning
RAMB36 async control check  
The RAMB36E1 u_soc/g_shared_sync_rom.u_sync_rom/imem_rdata_r_reg_0 has an input control pin u_soc/g_shared_sync_rom.u_sync_rom/imem_rdata_r_reg_0/ADDRARDADDR[14] (net: u_soc/g_shared_sync_rom.u_sync_rom/imem_addr32[13]) which is driven by a register (u_soc/u_cpu/branch_bht_valid_r_reg[27]) that has an active asychronous set or reset. This may cause corruption of the memory contents and/or read values when the set/reset is asserted and is not analyzed by the default static timing analysis. It is suggested to eliminate the use of a set/reset to registers driving this RAMB pin or else use a synchronous reset in which the assertion of the reset is timed by default.
Related violations: <none>

REQP-1839#11 Warning
RAMB36 async control check  
The RAMB36E1 u_soc/g_shared_sync_rom.u_sync_rom/imem_rdata_r_reg_0 has an input control pin u_soc/g_shared_sync_rom.u_sync_rom/imem_rdata_r_reg_0/ADDRARDADDR[14] (net: u_soc/g_shared_sync_rom.u_sync_rom/imem_addr32[13]) which is driven by a register (u_soc/u_cpu/branch_bht_valid_r_reg[29]) that has an active asychronous set or reset. This may cause corruption of the memory contents and/or read values when the set/reset is asserted and is not analyzed by the default static timing analysis. It is suggested to eliminate the use of a set/reset to registers driving this RAMB pin or else use a synchronous reset in which the assertion of the reset is timed by default.
Related violations: <none>

REQP-1839#12 Warning
RAMB36 async control check  
The RAMB36E1 u_soc/g_shared_sync_rom.u_sync_rom/imem_rdata_r_reg_0 has an input control pin u_soc/g_shared_sync_rom.u_sync_rom/imem_rdata_r_reg_0/ADDRARDADDR[14] (net: u_soc/g_shared_sync_rom.u_sync_rom/imem_addr32[13]) which is driven by a register (u_soc/u_cpu/branch_bht_valid_r_reg[31]) that has an active asychronous set or reset. This may cause corruption of the memory contents and/or read values when the set/reset is asserted and is not analyzed by the default static timing analysis. It is suggested to eliminate the use of a set/reset to registers driving this RAMB pin or else use a synchronous reset in which the assertion of the reset is timed by default.
Related violations: <none>

REQP-1839#13 Warning
RAMB36 async control check  
The RAMB36E1 u_soc/g_shared_sync_rom.u_sync_rom/imem_rdata_r_reg_0 has an input control pin u_soc/g_shared_sync_rom.u_sync_rom/imem_rdata_r_reg_0/ADDRARDADDR[14] (net: u_soc/g_shared_sync_rom.u_sync_rom/imem_addr32[13]) which is driven by a register (u_soc/u_cpu/branch_bht_valid_r_reg[32]) that has an active asychronous set or reset. This may cause corruption of the memory contents and/or read values when the set/reset is asserted and is not analyzed by the default static timing analysis. It is suggested to eliminate the use of a set/reset to registers driving this RAMB pin or else use a synchronous reset in which the assertion of the reset is timed by default.
Related violations: <none>

REQP-1839#14 Warning
RAMB36 async control check  
The RAMB36E1 u_soc/g_shared_sync_rom.u_sync_rom/imem_rdata_r_reg_0 has an input control pin u_soc/g_shared_sync_rom.u_sync_rom/imem_rdata_r_reg_0/ADDRARDADDR[14] (net: u_soc/g_shared_sync_rom.u_sync_rom/imem_addr32[13]) which is driven by a register (u_soc/u_cpu/branch_bht_valid_r_reg[33]) that has an active asychronous set or reset. This may cause corruption of the memory contents and/or read values when the set/reset is asserted and is not analyzed by the default static timing analysis. It is suggested to eliminate the use of a set/reset to registers driving this RAMB pin or else use a synchronous reset in which the assertion of the reset is timed by default.
Related violations: <none>

REQP-1839#15 Warning
RAMB36 async control check  
The RAMB36E1 u_soc/g_shared_sync_rom.u_sync_rom/imem_rdata_r_reg_0 has an input control pin u_soc/g_shared_sync_rom.u_sync_rom/imem_rdata_r_reg_0/ADDRARDADDR[14] (net: u_soc/g_shared_sync_rom.u_sync_rom/imem_addr32[13]) which is driven by a register (u_soc/u_cpu/branch_bht_valid_r_reg[34]) that has an active asychronous set or reset. This may cause corruption of the memory contents and/or read values when the set/reset is asserted and is not analyzed by the default static timing analysis. It is suggested to eliminate the use of a set/reset to registers driving this RAMB pin or else use a synchronous reset in which the assertion of the reset is timed by default.
Related violations: <none>

REQP-1839#16 Warning
RAMB36 async control check  
The RAMB36E1 u_soc/g_shared_sync_rom.u_sync_rom/imem_rdata_r_reg_0 has an input control pin u_soc/g_shared_sync_rom.u_sync_rom/imem_rdata_r_reg_0/ADDRARDADDR[14] (net: u_soc/g_shared_sync_rom.u_sync_rom/imem_addr32[13]) which is driven by a register (u_soc/u_cpu/branch_bht_valid_r_reg[35]) that has an active asychronous set or reset. This may cause corruption of the memory contents and/or read values when the set/reset is asserted and is not analyzed by the default static timing analysis. It is suggested to eliminate the use of a set/reset to registers driving this RAMB pin or else use a synchronous reset in which the assertion of the reset is timed by default.
Related violations: <none>

REQP-1839#17 Warning
RAMB36 async control check  
The RAMB36E1 u_soc/g_shared_sync_rom.u_sync_rom/imem_rdata_r_reg_0 has an input control pin u_soc/g_shared_sync_rom.u_sync_rom/imem_rdata_r_reg_0/ADDRARDADDR[14] (net: u_soc/g_shared_sync_rom.u_sync_rom/imem_addr32[13]) which is driven by a register (u_soc/u_cpu/branch_bht_valid_r_reg[37]) that has an active asychronous set or reset. This may cause corruption of the memory contents and/or read values when the set/reset is asserted and is not analyzed by the default static timing analysis. It is suggested to eliminate the use of a set/reset to registers driving this RAMB pin or else use a synchronous reset in which the assertion of the reset is timed by default.
Related violations: <none>

REQP-1839#18 Warning
RAMB36 async control check  
The RAMB36E1 u_soc/g_shared_sync_rom.u_sync_rom/imem_rdata_r_reg_0 has an input control pin u_soc/g_shared_sync_rom.u_sync_rom/imem_rdata_r_reg_0/ADDRARDADDR[14] (net: u_soc/g_shared_sync_rom.u_sync_rom/imem_addr32[13]) which is driven by a register (u_soc/u_cpu/branch_bht_valid_r_reg[40]) that has an active asychronous set or reset. This may cause corruption of the memory contents and/or read values when the set/reset is asserted and is not analyzed by the default static timing analysis. It is suggested to eliminate the use of a set/reset to registers driving this RAMB pin or else use a synchronous reset in which the assertion of the reset is timed by default.
Related violations: <none>

REQP-1839#19 Warning
RAMB36 async control check  
The RAMB36E1 u_soc/g_shared_sync_rom.u_sync_rom/imem_rdata_r_reg_0 has an input control pin u_soc/g_shared_sync_rom.u_sync_rom/imem_rdata_r_reg_0/ADDRARDADDR[14] (net: u_soc/g_shared_sync_rom.u_sync_rom/imem_addr32[13]) which is driven by a register (u_soc/u_cpu/branch_bht_valid_r_reg[42]) that has an active asychronous set or reset. This may cause corruption of the memory contents and/or read values when the set/reset is asserted and is not analyzed by the default static timing analysis. It is suggested to eliminate the use of a set/reset to registers driving this RAMB pin or else use a synchronous reset in which the assertion of the reset is timed by default.
Related violations: <none>

REQP-1839#20 Warning
RAMB36 async control check  
The RAMB36E1 u_soc/g_shared_sync_rom.u_sync_rom/imem_rdata_r_reg_0 has an input control pin u_soc/g_shared_sync_rom.u_sync_rom/imem_rdata_r_reg_0/ADDRARDADDR[14] (net: u_soc/g_shared_sync_rom.u_sync_rom/imem_addr32[13]) which is driven by a register (u_soc/u_cpu/branch_bht_valid_r_reg[44]) that has an active asychronous set or reset. This may cause corruption of the memory contents and/or read values when the set/reset is asserted and is not analyzed by the default static timing analysis. It is suggested to eliminate the use of a set/reset to registers driving this RAMB pin or else use a synchronous reset in which the assertion of the reset is timed by default.
Related violations: <none>

ZPS7-1#1 Warning
PS7 block required  
The PS7 cell must be used in this Zynq design in order to enable correct default configuration.
Related violations: <none>


