Copyright 1986-2022 Xilinx, Inc. All Rights Reserved. Copyright 2022-2025 Advanced Micro Devices, Inc. All Rights Reserved.
---------------------------------------------------------------------------------------------------------------------------------------------
| Tool Version : Vivado v.2025.2 (win64) Build 6299465 Fri Nov 14 19:35:11 GMT 2025
| Date         : Fri May  8 11:58:32 2026
| Host         : Toylog_desktop running 64-bit major release  (build 9200)
| Command      : report_timing_summary -file V:/project/reports/pynq_z2_sysclk_8p000ns_cpu50/impl_timing_summary.rpt
| Design       : YH_rv_cpu_fpga_top
| Device       : 7z020-clg400
| Speed File   : -1  PRODUCTION 1.12 2019-11-22
| Design State : Physopt postRoute
---------------------------------------------------------------------------------------------------------------------------------------------

Timing Summary Report

------------------------------------------------------------------------------------------------
| Timer Settings
| --------------
------------------------------------------------------------------------------------------------

  Enable Multi Corner Analysis               :  Yes
  Enable Pessimism Removal                   :  Yes
  Pessimism Removal Resolution               :  Nearest Common Node
  Enable Input Delay Default Clock           :  No
  Enable Preset / Clear Arcs                 :  No
  Disable Flight Delays                      :  No
  Ignore I/O Paths                           :  No
  Timing Early Launch at Borrowing Latches   :  No
  Borrow Time for Max Delay Exceptions       :  Yes
  Merge Timing Exceptions                    :  Yes
  Inter-SLR Compensation                     :  Conservative

  Corner  Analyze    Analyze    
  Name    Max Paths  Min Paths  
  ------  ---------  ---------  
  Slow    Yes        Yes        
  Fast    Yes        Yes        


------------------------------------------------------------------------------------------------
| Report Methodology
| ------------------
------------------------------------------------------------------------------------------------

No report available as report_methodology has not been run prior. Run report_methodology on the current design for the summary of methodology violations.



check_timing report

Table of Contents
-----------------
1. checking no_clock (0)
2. checking constant_clock (0)
3. checking pulse_width_clock (0)
4. checking unconstrained_internal_endpoints (0)
5. checking no_input_delay (1)
6. checking no_output_delay (4)
7. checking multiple_clock (0)
8. checking generated_clocks (0)
9. checking loops (0)
10. checking partial_input_delay (0)
11. checking partial_output_delay (0)
12. checking latch_loops (0)

1. checking no_clock (0)
------------------------
 There are 0 register/latch pins with no clock.


2. checking constant_clock (0)
------------------------------
 There are 0 register/latch pins with constant_clock.


3. checking pulse_width_clock (0)
---------------------------------
 There are 0 register/latch pins which need pulse_width check


4. checking unconstrained_internal_endpoints (0)
------------------------------------------------
 There are 0 pins that are not constrained for maximum delay.

 There are 0 pins that are not constrained for maximum delay due to constant clock.


5. checking no_input_delay (1)
------------------------------
 There is 1 input port with no input delay specified. (HIGH)

 There are 0 input ports with no input delay but user has a false path constraint.


6. checking no_output_delay (4)
-------------------------------
 There are 4 ports with no output delay specified. (HIGH)

 There are 0 ports with no output delay but user has a false path constraint

 There are 0 ports with no output delay but with a timing clock defined on it or propagating through it


7. checking multiple_clock (0)
------------------------------
 There are 0 register/latch pins with multiple clocks.


8. checking generated_clocks (0)
--------------------------------
 There are 0 generated clocks that are not connected to a clock source.


9. checking loops (0)
---------------------
 There are 0 combinational loops in the design.


10. checking partial_input_delay (0)
------------------------------------
 There are 0 input ports with partial input delay specified.


11. checking partial_output_delay (0)
-------------------------------------
 There are 0 ports with partial output delay specified.


12. checking latch_loops (0)
----------------------------
 There are 0 combinational latch loops in the design through latch input



------------------------------------------------------------------------------------------------
| Design Timing Summary
| ---------------------
------------------------------------------------------------------------------------------------

    WNS(ns)      TNS(ns)  TNS Failing Endpoints  TNS Total Endpoints      WHS(ns)      THS(ns)  THS Failing Endpoints  THS Total Endpoints     WPWS(ns)     TPWS(ns)  TPWS Failing Endpoints  TPWS Total Endpoints  
    -------      -------  ---------------------  -------------------      -------      -------  ---------------------  -------------------     --------     --------  ----------------------  --------------------  
      0.719        0.000                      0                 7120        0.082        0.000                      0                 7120        2.000        0.000                       0                  2390  


All user specified timing constraints are met.


------------------------------------------------------------------------------------------------
| Clock Summary
| -------------
------------------------------------------------------------------------------------------------

Clock                       Waveform(ns)         Period(ns)      Frequency(MHz)
-----                       ------------         ----------      --------------
pynq_sys_clk                {0.000 4.000}        8.000           125.000         
  gen_pynq_clk_50m.clkfb    {0.000 4.000}        8.000           125.000         
  gen_pynq_clk_50m.clkout0  {0.000 10.000}       20.000          50.000          


------------------------------------------------------------------------------------------------
| Intra Clock Table
| -----------------
------------------------------------------------------------------------------------------------

Clock                           WNS(ns)      TNS(ns)  TNS Failing Endpoints  TNS Total Endpoints      WHS(ns)      THS(ns)  THS Failing Endpoints  THS Total Endpoints     WPWS(ns)     TPWS(ns)  TPWS Failing Endpoints  TPWS Total Endpoints  
-----                           -------      -------  ---------------------  -------------------      -------      -------  ---------------------  -------------------     --------     --------  ----------------------  --------------------  
pynq_sys_clk                                                                                                                                                                  2.000        0.000                       0                     1  
  gen_pynq_clk_50m.clkfb                                                                                                                                                      5.845        0.000                       0                     3  
  gen_pynq_clk_50m.clkout0        0.719        0.000                      0                 4753        0.082        0.000                      0                 4753        9.500        0.000                       0                  2386  


------------------------------------------------------------------------------------------------
| Inter Clock Table
| -----------------
------------------------------------------------------------------------------------------------

From Clock    To Clock          WNS(ns)      TNS(ns)  TNS Failing Endpoints  TNS Total Endpoints      WHS(ns)      THS(ns)  THS Failing Endpoints  THS Total Endpoints  
----------    --------          -------      -------  ---------------------  -------------------      -------      -------  ---------------------  -------------------  


------------------------------------------------------------------------------------------------
| Other Path Groups Table
| -----------------------
------------------------------------------------------------------------------------------------

Path Group                From Clock                To Clock                      WNS(ns)      TNS(ns)  TNS Failing Endpoints  TNS Total Endpoints      WHS(ns)      THS(ns)  THS Failing Endpoints  THS Total Endpoints  
----------                ----------                --------                      -------      -------  ---------------------  -------------------      -------      -------  ---------------------  -------------------  
**async_default**         gen_pynq_clk_50m.clkout0  gen_pynq_clk_50m.clkout0       10.711        0.000                      0                 2367        0.989        0.000                      0                 2367  


------------------------------------------------------------------------------------------------
| Timing Details
| --------------
------------------------------------------------------------------------------------------------


---------------------------------------------------------------------------------------------------
From Clock:  pynq_sys_clk
  To Clock:  pynq_sys_clk

Setup :           NA  Failing Endpoints,  Worst Slack           NA  ,  Total Violation           NA
Hold  :           NA  Failing Endpoints,  Worst Slack           NA  ,  Total Violation           NA
PW    :            0  Failing Endpoints,  Worst Slack        2.000ns,  Total Violation        0.000ns
---------------------------------------------------------------------------------------------------


Pulse Width Checks
--------------------------------------------------------------------------------------
Clock Name:         pynq_sys_clk
Waveform(ns):       { 0.000 4.000 }
Period(ns):         8.000
Sources:            { CLK100MHZ }

Check Type        Corner  Lib Pin            Reference Pin  Required(ns)  Actual(ns)  Slack(ns)  Location         Pin
Min Period        n/a     MMCME2_ADV/CLKIN1  n/a            1.249         8.000       6.751      MMCME2_ADV_X1Y2  gen_pynq_clk_50m.u_clk_mmcm/CLKIN1
Max Period        n/a     MMCME2_ADV/CLKIN1  n/a            100.000       8.000       92.000     MMCME2_ADV_X1Y2  gen_pynq_clk_50m.u_clk_mmcm/CLKIN1
Low Pulse Width   Slow    MMCME2_ADV/CLKIN1  n/a            2.000         4.000       2.000      MMCME2_ADV_X1Y2  gen_pynq_clk_50m.u_clk_mmcm/CLKIN1
High Pulse Width  Slow    MMCME2_ADV/CLKIN1  n/a            2.000         4.000       2.000      MMCME2_ADV_X1Y2  gen_pynq_clk_50m.u_clk_mmcm/CLKIN1



---------------------------------------------------------------------------------------------------
From Clock:  gen_pynq_clk_50m.clkfb
  To Clock:  gen_pynq_clk_50m.clkfb

Setup :           NA  Failing Endpoints,  Worst Slack           NA  ,  Total Violation           NA
Hold  :           NA  Failing Endpoints,  Worst Slack           NA  ,  Total Violation           NA
PW    :            0  Failing Endpoints,  Worst Slack        5.845ns,  Total Violation        0.000ns
---------------------------------------------------------------------------------------------------


Pulse Width Checks
--------------------------------------------------------------------------------------
Clock Name:         gen_pynq_clk_50m.clkfb
Waveform(ns):       { 0.000 4.000 }
Period(ns):         8.000
Sources:            { gen_pynq_clk_50m.u_clk_mmcm/CLKFBOUT }

Check Type  Corner  Lib Pin             Reference Pin  Required(ns)  Actual(ns)  Slack(ns)  Location         Pin
Min Period  n/a     BUFG/I              n/a            2.155         8.000       5.845      BUFGCTRL_X0Y17   gen_pynq_clk_50m.u_clkfb_bufg/I
Max Period  n/a     MMCME2_ADV/CLKFBIN  n/a            100.000       8.000       92.000     MMCME2_ADV_X1Y2  gen_pynq_clk_50m.u_clk_mmcm/CLKFBIN



---------------------------------------------------------------------------------------------------
From Clock:  gen_pynq_clk_50m.clkout0
  To Clock:  gen_pynq_clk_50m.clkout0

Setup :            0  Failing Endpoints,  Worst Slack        0.719ns,  Total Violation        0.000ns
Hold  :            0  Failing Endpoints,  Worst Slack        0.082ns,  Total Violation        0.000ns
PW    :            0  Failing Endpoints,  Worst Slack        9.500ns,  Total Violation        0.000ns
---------------------------------------------------------------------------------------------------


Max Delay Paths
--------------------------------------------------------------------------------------
Slack (MET) :             0.719ns  (required time - arrival time)
  Source:                 u_soc/u_cpu/ex_mem_load_r_reg/C
                            (rising edge-triggered cell FDCE clocked by gen_pynq_clk_50m.clkout0  {rise@0.000ns fall@10.000ns period=20.000ns})
  Destination:            u_soc/u_cpu/ex_mem_exec_result_r_reg[30]/D
                            (rising edge-triggered cell FDCE clocked by gen_pynq_clk_50m.clkout0  {rise@0.000ns fall@10.000ns period=20.000ns})
  Path Group:             gen_pynq_clk_50m.clkout0
  Path Type:              Setup (Max at Slow Process Corner)
  Requirement:            20.000ns  (gen_pynq_clk_50m.clkout0 rise@20.000ns - gen_pynq_clk_50m.clkout0 rise@0.000ns)
  Data Path Delay:        19.210ns  (logic 10.549ns (54.914%)  route 8.661ns (45.086%))
  Logic Levels:           14  (CARRY4=2 DSP48E1=3 LUT2=1 LUT3=1 LUT4=2 LUT6=5)
  Clock Path Skew:        -0.023ns (DCD - SCD + CPR)
    Destination Clock Delay (DCD):    -1.515ns = ( 18.485 - 20.000 ) 
    Source Clock Delay      (SCD):    -0.874ns
    Clock Pessimism Removal (CPR):    0.617ns
  Clock Uncertainty:      0.079ns  ((TSJ^2 + DJ^2)^1/2) / 2 + PE
    Total System Jitter     (TSJ):    0.071ns
    Discrete Jitter          (DJ):    0.141ns
    Phase Error              (PE):    0.000ns

    Location             Delay type                Incr(ns)  Path(ns)    Netlist Resource(s)
  -------------------------------------------------------------------    -------------------
                         (clock gen_pynq_clk_50m.clkout0 rise edge)
                                                      0.000     0.000 r  
    H16                                               0.000     0.000 r  CLK100MHZ (IN)
                         net (fo=0)                   0.000     0.000    CLK100MHZ
    H16                  IBUF (Prop_ibuf_I_O)         1.451     1.451 r  CLK100MHZ_IBUF_inst/O
                         net (fo=1, routed)           1.285     2.736    CLK100MHZ_IBUF
    MMCME2_ADV_X1Y2      MMCME2_ADV (Prop_mmcme2_adv_CLKIN1_CLKOUT0)
                                                     -7.759    -5.023 r  gen_pynq_clk_50m.u_clk_mmcm/CLKOUT0
                         net (fo=1, routed)           2.206    -2.817    gen_pynq_clk_50m.clkout0
    BUFGCTRL_X0Y16       BUFG (Prop_bufg_I_O)         0.101    -2.716 r  gen_pynq_clk_50m.u_cpu_clk_bufg/O
                         net (fo=2384, routed)        1.842    -0.874    u_soc/u_cpu/cpu_clk
    SLICE_X41Y107        FDCE                                         r  u_soc/u_cpu/ex_mem_load_r_reg/C
  -------------------------------------------------------------------    -------------------
    SLICE_X41Y107        FDCE (Prop_fdce_C_Q)         0.456    -0.418 r  u_soc/u_cpu/ex_mem_load_r_reg/Q
                         net (fo=80, routed)          2.231     1.812    u_soc/u_cpu/u_ex_stage/u_alu/ex_mem_load_r
    SLICE_X46Y105        LUT4 (Prop_lut4_I2_O)        0.153     1.965 r  u_soc/u_cpu/u_ex_stage/u_alu/gen_mul_extension.mul_signed_i_136/O
                         net (fo=5, routed)           0.856     2.821    u_soc/u_cpu/u_ex_stage/u_alu/ex_mem_exec_result_r_reg[17]
    SLICE_X44Y104        LUT6 (Prop_lut6_I5_O)        0.331     3.152 r  u_soc/u_cpu/u_ex_stage/u_alu/gen_mul_extension.mul_signed_i_88/O
                         net (fo=1, routed)           0.489     3.641    u_soc/u_cpu_n_319
    SLICE_X44Y103        LUT6 (Prop_lut6_I4_O)        0.124     3.765 r  u_soc/gen_mul_extension.mul_signed_i_47/O
                         net (fo=10, routed)          0.564     4.328    u_soc/u_cpu/u_ex_stage/u_alu/gen_mul_extension.mul_unsigned__0_3
    SLICE_X43Y104        LUT2 (Prop_lut2_I0_O)        0.118     4.446 r  u_soc/u_cpu/u_ex_stage/u_alu/gen_mul_extension.mul_signed_i_15/O
                         net (fo=66, routed)          0.801     5.248    u_soc/u_cpu/u_ex_stage/u_alu/B[0]
    DSP48_X2Y45          DSP48E1 (Prop_dsp48e1_A[0]_PCOUT[47])
                                                      4.238     9.486 r  u_soc/u_cpu/u_ex_stage/u_alu/gen_mul_extension.mul_mix__0/PCOUT[47]
                         net (fo=1, routed)           0.002     9.488    u_soc/u_cpu/u_ex_stage/u_alu/gen_mul_extension.mul_mix__0_n_106
    DSP48_X2Y46          DSP48E1 (Prop_dsp48e1_PCIN[47]_PCOUT[47])
                                                      1.713    11.201 r  u_soc/u_cpu/u_ex_stage/u_alu/gen_mul_extension.mul_mix__1/PCOUT[47]
                         net (fo=1, routed)           0.002    11.203    u_soc/u_cpu/u_ex_stage/u_alu/gen_mul_extension.mul_mix__1_n_106
    DSP48_X2Y47          DSP48E1 (Prop_dsp48e1_PCIN[47]_P[5])
                                                      1.518    12.721 r  u_soc/u_cpu/u_ex_stage/u_alu/gen_mul_extension.mul_mix__2/P[5]
                         net (fo=2, routed)           1.384    14.104    u_soc/u_cpu/u_ex_stage/u_alu/gen_mul_extension.mul_mix__2_n_100
    SLICE_X35Y105        LUT3 (Prop_lut3_I0_O)        0.149    14.253 r  u_soc/u_cpu/u_ex_stage/u_alu/ex_mem_exec_result_r[26]_i_26/O
                         net (fo=2, routed)           0.645    14.899    u_soc/u_cpu/u_ex_stage/u_alu/ex_mem_exec_result_r[26]_i_26_n_0
    SLICE_X35Y106        LUT4 (Prop_lut4_I3_O)        0.332    15.231 r  u_soc/u_cpu/u_ex_stage/u_alu/ex_mem_exec_result_r[26]_i_30/O
                         net (fo=1, routed)           0.000    15.231    u_soc/u_cpu/u_ex_stage/u_alu/ex_mem_exec_result_r[26]_i_30_n_0
    SLICE_X35Y106        CARRY4 (Prop_carry4_S[0]_CO[3])
                                                      0.532    15.763 r  u_soc/u_cpu/u_ex_stage/u_alu/ex_mem_exec_result_r_reg[26]_i_13/CO[3]
                         net (fo=1, routed)           0.000    15.763    u_soc/u_cpu/u_ex_stage/u_alu/ex_mem_exec_result_r_reg[26]_i_13_n_0
    SLICE_X35Y107        CARRY4 (Prop_carry4_CI_O[1])
                                                      0.334    16.097 r  u_soc/u_cpu/u_ex_stage/u_alu/ex_mem_exec_result_r_reg[31]_i_18/O[1]
                         net (fo=1, routed)           0.842    16.939    u_soc/u_cpu/u_ex_stage/u_alu/data11[30]
    SLICE_X36Y102        LUT6 (Prop_lut6_I1_O)        0.303    17.242 r  u_soc/u_cpu/u_ex_stage/u_alu/ex_mem_exec_result_r[30]_i_7/O
                         net (fo=1, routed)           0.420    17.662    u_soc/u_cpu/u_ex_stage/u_alu/ex_mem_exec_result_r[30]_i_7_n_0
    SLICE_X38Y102        LUT6 (Prop_lut6_I3_O)        0.124    17.786 r  u_soc/u_cpu/u_ex_stage/u_alu/ex_mem_exec_result_r[30]_i_3/O
                         net (fo=1, routed)           0.426    18.212    u_soc/u_cpu/u_ex_stage/u_alu/ex_mem_exec_result_r[30]_i_3_n_0
    SLICE_X40Y102        LUT6 (Prop_lut6_I5_O)        0.124    18.336 r  u_soc/u_cpu/u_ex_stage/u_alu/ex_mem_exec_result_r[30]_i_1/O
                         net (fo=1, routed)           0.000    18.336    u_soc/u_cpu/ex_exec_result_final[30]
    SLICE_X40Y102        FDCE                                         r  u_soc/u_cpu/ex_mem_exec_result_r_reg[30]/D
  -------------------------------------------------------------------    -------------------

                         (clock gen_pynq_clk_50m.clkout0 rise edge)
                                                     20.000    20.000 r  
    H16                                               0.000    20.000 r  CLK100MHZ (IN)
                         net (fo=0)                   0.000    20.000    CLK100MHZ
    H16                  IBUF (Prop_ibuf_I_O)         1.380    21.380 r  CLK100MHZ_IBUF_inst/O
                         net (fo=1, routed)           1.162    22.542    CLK100MHZ_IBUF
    MMCME2_ADV_X1Y2      MMCME2_ADV (Prop_mmcme2_adv_CLKIN1_CLKOUT0)
                                                     -7.814    14.728 r  gen_pynq_clk_50m.u_clk_mmcm/CLKOUT0
                         net (fo=1, routed)           2.012    16.740    gen_pynq_clk_50m.clkout0
    BUFGCTRL_X0Y16       BUFG (Prop_bufg_I_O)         0.091    16.831 r  gen_pynq_clk_50m.u_cpu_clk_bufg/O
                         net (fo=2384, routed)        1.654    18.485    u_soc/u_cpu/cpu_clk
    SLICE_X40Y102        FDCE                                         r  u_soc/u_cpu/ex_mem_exec_result_r_reg[30]/C
                         clock pessimism              0.617    19.103    
                         clock uncertainty           -0.079    19.024    
    SLICE_X40Y102        FDCE (Setup_fdce_C_D)        0.031    19.055    u_soc/u_cpu/ex_mem_exec_result_r_reg[30]
  -------------------------------------------------------------------
                         required time                         19.055    
                         arrival time                         -18.336    
  -------------------------------------------------------------------
                         slack                                  0.719    





Min Delay Paths
--------------------------------------------------------------------------------------
Slack (MET) :             0.082ns  (arrival time - required time)
  Source:                 u_soc/u_cpu/id_ex_pc4_r_reg[19]/C
                            (rising edge-triggered cell FDCE clocked by gen_pynq_clk_50m.clkout0  {rise@0.000ns fall@10.000ns period=20.000ns})
  Destination:            u_soc/u_cpu/ex_mem_pc4_r_reg[19]/D
                            (rising edge-triggered cell FDCE clocked by gen_pynq_clk_50m.clkout0  {rise@0.000ns fall@10.000ns period=20.000ns})
  Path Group:             gen_pynq_clk_50m.clkout0
  Path Type:              Hold (Min at Fast Process Corner)
  Requirement:            0.000ns  (gen_pynq_clk_50m.clkout0 rise@0.000ns - gen_pynq_clk_50m.clkout0 rise@0.000ns)
  Data Path Delay:        0.408ns  (logic 0.141ns (34.527%)  route 0.267ns (65.473%))
  Logic Levels:           0  
  Clock Path Skew:        0.267ns (DCD - SCD - CPR)
    Destination Clock Delay (DCD):    -0.834ns
    Source Clock Delay      (SCD):    -0.601ns
    Clock Pessimism Removal (CPR):    -0.500ns

    Location             Delay type                Incr(ns)  Path(ns)    Netlist Resource(s)
  -------------------------------------------------------------------    -------------------
                         (clock gen_pynq_clk_50m.clkout0 rise edge)
                                                      0.000     0.000 r  
    H16                                               0.000     0.000 r  CLK100MHZ (IN)
                         net (fo=0)                   0.000     0.000    CLK100MHZ
    H16                  IBUF (Prop_ibuf_I_O)         0.219     0.219 r  CLK100MHZ_IBUF_inst/O
                         net (fo=1, routed)           0.440     0.659    CLK100MHZ_IBUF
    MMCME2_ADV_X1Y2      MMCME2_ADV (Prop_mmcme2_adv_CLKIN1_CLKOUT0)
                                                     -2.613    -1.954 r  gen_pynq_clk_50m.u_clk_mmcm/CLKOUT0
                         net (fo=1, routed)           0.696    -1.257    gen_pynq_clk_50m.clkout0
    BUFGCTRL_X0Y16       BUFG (Prop_bufg_I_O)         0.026    -1.231 r  gen_pynq_clk_50m.u_cpu_clk_bufg/O
                         net (fo=2384, routed)        0.630    -0.601    u_soc/u_cpu/cpu_clk
    SLICE_X51Y113        FDCE                                         r  u_soc/u_cpu/id_ex_pc4_r_reg[19]/C
  -------------------------------------------------------------------    -------------------
    SLICE_X51Y113        FDCE (Prop_fdce_C_Q)         0.141    -0.460 r  u_soc/u_cpu/id_ex_pc4_r_reg[19]/Q
                         net (fo=3, routed)           0.267    -0.193    u_soc/u_cpu/id_ex_pc4_r[19]
    SLICE_X38Y112        FDCE                                         r  u_soc/u_cpu/ex_mem_pc4_r_reg[19]/D
  -------------------------------------------------------------------    -------------------

                         (clock gen_pynq_clk_50m.clkout0 rise edge)
                                                      0.000     0.000 r  
    H16                                               0.000     0.000 r  CLK100MHZ (IN)
                         net (fo=0)                   0.000     0.000    CLK100MHZ
    H16                  IBUF (Prop_ibuf_I_O)         0.406     0.406 r  CLK100MHZ_IBUF_inst/O
                         net (fo=1, routed)           0.480     0.886    CLK100MHZ_IBUF
    MMCME2_ADV_X1Y2      MMCME2_ADV (Prop_mmcme2_adv_CLKIN1_CLKOUT0)
                                                     -3.407    -2.521 r  gen_pynq_clk_50m.u_clk_mmcm/CLKOUT0
                         net (fo=1, routed)           0.752    -1.769    gen_pynq_clk_50m.clkout0
    BUFGCTRL_X0Y16       BUFG (Prop_bufg_I_O)         0.029    -1.740 r  gen_pynq_clk_50m.u_cpu_clk_bufg/O
                         net (fo=2384, routed)        0.906    -0.834    u_soc/u_cpu/cpu_clk
    SLICE_X38Y112        FDCE                                         r  u_soc/u_cpu/ex_mem_pc4_r_reg[19]/C
                         clock pessimism              0.500    -0.334    
    SLICE_X38Y112        FDCE (Hold_fdce_C_D)         0.059    -0.275    u_soc/u_cpu/ex_mem_pc4_r_reg[19]
  -------------------------------------------------------------------
                         required time                          0.275    
                         arrival time                          -0.193    
  -------------------------------------------------------------------
                         slack                                  0.082    





Pulse Width Checks
--------------------------------------------------------------------------------------
Clock Name:         gen_pynq_clk_50m.clkout0
Waveform(ns):       { 0.000 10.000 }
Period(ns):         20.000
Sources:            { gen_pynq_clk_50m.u_clk_mmcm/CLKOUT0 }

Check Type        Corner  Lib Pin             Reference Pin  Required(ns)  Actual(ns)  Slack(ns)  Location         Pin
Min Period        n/a     RAMB36E1/CLKARDCLK  n/a            2.944         20.000      17.056     RAMB36_X2Y20     u_soc/u_dmem_ram/g_sync_ram.g_posedge_read.ram_mem_reg_0/CLKARDCLK
Max Period        n/a     MMCME2_ADV/CLKOUT0  n/a            213.360       20.000      193.360    MMCME2_ADV_X1Y2  gen_pynq_clk_50m.u_clk_mmcm/CLKOUT0
Low Pulse Width   Slow    FDCE/C              n/a            0.500         10.000      9.500      SLICE_X100Y113   reset_sync_r_reg[0]/C
High Pulse Width  Slow    FDCE/C              n/a            0.500         10.000      9.500      SLICE_X100Y113   reset_sync_r_reg[0]/C



---------------------------------------------------------------------------------------------------
Path Group:  **async_default**
From Clock:  gen_pynq_clk_50m.clkout0
  To Clock:  gen_pynq_clk_50m.clkout0

Setup :            0  Failing Endpoints,  Worst Slack       10.711ns,  Total Violation        0.000ns
Hold  :            0  Failing Endpoints,  Worst Slack        0.989ns,  Total Violation        0.000ns
---------------------------------------------------------------------------------------------------


Max Delay Paths
--------------------------------------------------------------------------------------
Slack (MET) :             10.711ns  (required time - arrival time)
  Source:                 reset_sync_r_reg[3]/C
                            (rising edge-triggered cell FDCE clocked by gen_pynq_clk_50m.clkout0  {rise@0.000ns fall@10.000ns period=20.000ns})
  Destination:            u_soc/u_cpu/u_regfile/regs_reg[20][25]/CLR
                            (recovery check against rising-edge clock gen_pynq_clk_50m.clkout0  {rise@0.000ns fall@10.000ns period=20.000ns})
  Path Group:             **async_default**
  Path Type:              Recovery (Max at Slow Process Corner)
  Requirement:            20.000ns  (gen_pynq_clk_50m.clkout0 rise@20.000ns - gen_pynq_clk_50m.clkout0 rise@0.000ns)
  Data Path Delay:        8.600ns  (logic 0.580ns (6.744%)  route 8.020ns (93.256%))
  Logic Levels:           1  (LUT6=1)
  Clock Path Skew:        -0.205ns (DCD - SCD + CPR)
    Destination Clock Delay (DCD):    -1.534ns = ( 18.466 - 20.000 ) 
    Source Clock Delay      (SCD):    -0.744ns
    Clock Pessimism Removal (CPR):    0.584ns
  Clock Uncertainty:      0.079ns  ((TSJ^2 + DJ^2)^1/2) / 2 + PE
    Total System Jitter     (TSJ):    0.071ns
    Discrete Jitter          (DJ):    0.141ns
    Phase Error              (PE):    0.000ns

    Location             Delay type                Incr(ns)  Path(ns)    Netlist Resource(s)
  -------------------------------------------------------------------    -------------------
                         (clock gen_pynq_clk_50m.clkout0 rise edge)
                                                      0.000     0.000 r  
    H16                                               0.000     0.000 r  CLK100MHZ (IN)
                         net (fo=0)                   0.000     0.000    CLK100MHZ
    H16                  IBUF (Prop_ibuf_I_O)         1.451     1.451 r  CLK100MHZ_IBUF_inst/O
                         net (fo=1, routed)           1.285     2.736    CLK100MHZ_IBUF
    MMCME2_ADV_X1Y2      MMCME2_ADV (Prop_mmcme2_adv_CLKIN1_CLKOUT0)
                                                     -7.759    -5.023 r  gen_pynq_clk_50m.u_clk_mmcm/CLKOUT0
                         net (fo=1, routed)           2.206    -2.817    gen_pynq_clk_50m.clkout0
    BUFGCTRL_X0Y16       BUFG (Prop_bufg_I_O)         0.101    -2.716 r  gen_pynq_clk_50m.u_cpu_clk_bufg/O
                         net (fo=2384, routed)        1.972    -0.744    cpu_clk
    SLICE_X101Y113       FDCE                                         r  reset_sync_r_reg[3]/C
  -------------------------------------------------------------------    -------------------
    SLICE_X101Y113       FDCE (Prop_fdce_C_Q)         0.456    -0.288 r  reset_sync_r_reg[3]/Q
                         net (fo=3, routed)           1.283     0.994    u_soc/u_cpu/u_regfile/Q[3]
    SLICE_X101Y113       LUT6 (Prop_lut6_I2_O)        0.124     1.118 f  u_soc/u_cpu/u_regfile/regs[1][31]_i_3/O
                         net (fo=2367, routed)        6.738     7.856    u_soc/u_cpu/u_regfile/gen_pynq_clk_50m.u_clk_mmcm
    SLICE_X52Y136        FDCE                                         f  u_soc/u_cpu/u_regfile/regs_reg[20][25]/CLR
  -------------------------------------------------------------------    -------------------

                         (clock gen_pynq_clk_50m.clkout0 rise edge)
                                                     20.000    20.000 r  
    H16                                               0.000    20.000 r  CLK100MHZ (IN)
                         net (fo=0)                   0.000    20.000    CLK100MHZ
    H16                  IBUF (Prop_ibuf_I_O)         1.380    21.380 r  CLK100MHZ_IBUF_inst/O
                         net (fo=1, routed)           1.162    22.542    CLK100MHZ_IBUF
    MMCME2_ADV_X1Y2      MMCME2_ADV (Prop_mmcme2_adv_CLKIN1_CLKOUT0)
                                                     -7.814    14.728 r  gen_pynq_clk_50m.u_clk_mmcm/CLKOUT0
                         net (fo=1, routed)           2.012    16.740    gen_pynq_clk_50m.clkout0
    BUFGCTRL_X0Y16       BUFG (Prop_bufg_I_O)         0.091    16.831 r  gen_pynq_clk_50m.u_cpu_clk_bufg/O
                         net (fo=2384, routed)        1.635    18.466    u_soc/u_cpu/u_regfile/cpu_clk
    SLICE_X52Y136        FDCE                                         r  u_soc/u_cpu/u_regfile/regs_reg[20][25]/C
                         clock pessimism              0.584    19.051    
                         clock uncertainty           -0.079    18.972    
    SLICE_X52Y136        FDCE (Recov_fdce_C_CLR)     -0.405    18.567    u_soc/u_cpu/u_regfile/regs_reg[20][25]
  -------------------------------------------------------------------
                         required time                         18.567    
                         arrival time                          -7.856    
  -------------------------------------------------------------------
                         slack                                 10.711    





Min Delay Paths
--------------------------------------------------------------------------------------
Slack (MET) :             0.989ns  (arrival time - required time)
  Source:                 reset_sync_r_reg[0]/C
                            (rising edge-triggered cell FDCE clocked by gen_pynq_clk_50m.clkout0  {rise@0.000ns fall@10.000ns period=20.000ns})
  Destination:            u_soc/u_cpu/fetch_buf0_pc_r_reg[12]/CLR
                            (removal check against rising-edge clock gen_pynq_clk_50m.clkout0  {rise@0.000ns fall@10.000ns period=20.000ns})
  Path Group:             **async_default**
  Path Type:              Removal (Min at Fast Process Corner)
  Requirement:            0.000ns  (gen_pynq_clk_50m.clkout0 rise@0.000ns - gen_pynq_clk_50m.clkout0 rise@0.000ns)
  Data Path Delay:        0.927ns  (logic 0.209ns (22.549%)  route 0.718ns (77.451%))
  Logic Levels:           1  (LUT6=1)
  Clock Path Skew:        0.005ns (DCD - SCD - CPR)
    Destination Clock Delay (DCD):    -0.811ns
    Source Clock Delay      (SCD):    -0.545ns
    Clock Pessimism Removal (CPR):    -0.271ns

    Location             Delay type                Incr(ns)  Path(ns)    Netlist Resource(s)
  -------------------------------------------------------------------    -------------------
                         (clock gen_pynq_clk_50m.clkout0 rise edge)
                                                      0.000     0.000 r  
    H16                                               0.000     0.000 r  CLK100MHZ (IN)
                         net (fo=0)                   0.000     0.000    CLK100MHZ
    H16                  IBUF (Prop_ibuf_I_O)         0.219     0.219 r  CLK100MHZ_IBUF_inst/O
                         net (fo=1, routed)           0.440     0.659    CLK100MHZ_IBUF
    MMCME2_ADV_X1Y2      MMCME2_ADV (Prop_mmcme2_adv_CLKIN1_CLKOUT0)
                                                     -2.613    -1.954 r  gen_pynq_clk_50m.u_clk_mmcm/CLKOUT0
                         net (fo=1, routed)           0.696    -1.257    gen_pynq_clk_50m.clkout0
    BUFGCTRL_X0Y16       BUFG (Prop_bufg_I_O)         0.026    -1.231 r  gen_pynq_clk_50m.u_cpu_clk_bufg/O
                         net (fo=2384, routed)        0.686    -0.545    cpu_clk
    SLICE_X100Y113       FDCE                                         r  reset_sync_r_reg[0]/C
  -------------------------------------------------------------------    -------------------
    SLICE_X100Y113       FDCE (Prop_fdce_C_Q)         0.164    -0.381 r  reset_sync_r_reg[0]/Q
                         net (fo=3, routed)           0.106    -0.275    u_soc/u_cpu/u_regfile/Q[0]
    SLICE_X101Y113       LUT6 (Prop_lut6_I3_O)        0.045    -0.230 f  u_soc/u_cpu/u_regfile/regs[1][31]_i_3/O
                         net (fo=2367, routed)        0.611     0.382    u_soc/u_cpu/gen_pynq_clk_50m.u_clk_mmcm
    SLICE_X62Y113        FDCE                                         f  u_soc/u_cpu/fetch_buf0_pc_r_reg[12]/CLR
  -------------------------------------------------------------------    -------------------

                         (clock gen_pynq_clk_50m.clkout0 rise edge)
                                                      0.000     0.000 r  
    H16                                               0.000     0.000 r  CLK100MHZ (IN)
                         net (fo=0)                   0.000     0.000    CLK100MHZ
    H16                  IBUF (Prop_ibuf_I_O)         0.406     0.406 r  CLK100MHZ_IBUF_inst/O
                         net (fo=1, routed)           0.480     0.886    CLK100MHZ_IBUF
    MMCME2_ADV_X1Y2      MMCME2_ADV (Prop_mmcme2_adv_CLKIN1_CLKOUT0)
                                                     -3.407    -2.521 r  gen_pynq_clk_50m.u_clk_mmcm/CLKOUT0
                         net (fo=1, routed)           0.752    -1.769    gen_pynq_clk_50m.clkout0
    BUFGCTRL_X0Y16       BUFG (Prop_bufg_I_O)         0.029    -1.740 r  gen_pynq_clk_50m.u_cpu_clk_bufg/O
                         net (fo=2384, routed)        0.929    -0.811    u_soc/u_cpu/cpu_clk
    SLICE_X62Y113        FDCE                                         r  u_soc/u_cpu/fetch_buf0_pc_r_reg[12]/C
                         clock pessimism              0.271    -0.540    
    SLICE_X62Y113        FDCE (Remov_fdce_C_CLR)     -0.067    -0.607    u_soc/u_cpu/fetch_buf0_pc_r_reg[12]
  -------------------------------------------------------------------
                         required time                          0.607    
                         arrival time                           0.382    
  -------------------------------------------------------------------
                         slack                                  0.989    





