Copyright 1986-2022 Xilinx, Inc. All Rights Reserved. Copyright 2022-2025 Advanced Micro Devices, Inc. All Rights Reserved.
---------------------------------------------------------------------------------------------------------------------------------------------
| Tool Version : Vivado v.2025.2 (win64) Build 6299465 Fri Nov 14 19:35:11 GMT 2025
| Date         : Sun May 10 20:11:46 2026
| Host         : Toylog_desktop running 64-bit major release  (build 9200)
| Command      : report_timing_summary -file V:/project/reports/pynq_z2_sysclk_8p000ns_cpu50/impl_timing_summary.rpt
| Design       : YH_rv_cpu_fpga_top
| Device       : 7z020-clg400
| Speed File   : -1  PRODUCTION 1.12 2019-11-22
| Design State : Physopt postRoute
---------------------------------------------------------------------------------------------------------------------------------------------

Timing Summary Report

------------------------------------------------------------------------------------------------
| Timer Settings
| --------------
------------------------------------------------------------------------------------------------

  Enable Multi Corner Analysis               :  Yes
  Enable Pessimism Removal                   :  Yes
  Pessimism Removal Resolution               :  Nearest Common Node
  Enable Input Delay Default Clock           :  No
  Enable Preset / Clear Arcs                 :  No
  Disable Flight Delays                      :  No
  Ignore I/O Paths                           :  No
  Timing Early Launch at Borrowing Latches   :  No
  Borrow Time for Max Delay Exceptions       :  Yes
  Merge Timing Exceptions                    :  Yes
  Inter-SLR Compensation                     :  Conservative

  Corner  Analyze    Analyze    
  Name    Max Paths  Min Paths  
  ------  ---------  ---------  
  Slow    Yes        Yes        
  Fast    Yes        Yes        


------------------------------------------------------------------------------------------------
| Report Methodology
| ------------------
------------------------------------------------------------------------------------------------

No report available as report_methodology has not been run prior. Run report_methodology on the current design for the summary of methodology violations.



check_timing report

Table of Contents
-----------------
1. checking no_clock (0)
2. checking constant_clock (0)
3. checking pulse_width_clock (0)
4. checking unconstrained_internal_endpoints (0)
5. checking no_input_delay (1)
6. checking no_output_delay (4)
7. checking multiple_clock (0)
8. checking generated_clocks (0)
9. checking loops (0)
10. checking partial_input_delay (0)
11. checking partial_output_delay (0)
12. checking latch_loops (0)

1. checking no_clock (0)
------------------------
 There are 0 register/latch pins with no clock.


2. checking constant_clock (0)
------------------------------
 There are 0 register/latch pins with constant_clock.


3. checking pulse_width_clock (0)
---------------------------------
 There are 0 register/latch pins which need pulse_width check


4. checking unconstrained_internal_endpoints (0)
------------------------------------------------
 There are 0 pins that are not constrained for maximum delay.

 There are 0 pins that are not constrained for maximum delay due to constant clock.


5. checking no_input_delay (1)
------------------------------
 There is 1 input port with no input delay specified. (HIGH)

 There are 0 input ports with no input delay but user has a false path constraint.


6. checking no_output_delay (4)
-------------------------------
 There are 4 ports with no output delay specified. (HIGH)

 There are 0 ports with no output delay but user has a false path constraint

 There are 0 ports with no output delay but with a timing clock defined on it or propagating through it


7. checking multiple_clock (0)
------------------------------
 There are 0 register/latch pins with multiple clocks.


8. checking generated_clocks (0)
--------------------------------
 There are 0 generated clocks that are not connected to a clock source.


9. checking loops (0)
---------------------
 There are 0 combinational loops in the design.


10. checking partial_input_delay (0)
------------------------------------
 There are 0 input ports with partial input delay specified.


11. checking partial_output_delay (0)
-------------------------------------
 There are 0 ports with partial output delay specified.


12. checking latch_loops (0)
----------------------------
 There are 0 combinational latch loops in the design through latch input



------------------------------------------------------------------------------------------------
| Design Timing Summary
| ---------------------
------------------------------------------------------------------------------------------------

    WNS(ns)      TNS(ns)  TNS Failing Endpoints  TNS Total Endpoints      WHS(ns)      THS(ns)  THS Failing Endpoints  THS Total Endpoints     WPWS(ns)     TPWS(ns)  TPWS Failing Endpoints  TPWS Total Endpoints  
    -------      -------  ---------------------  -------------------      -------      -------  ---------------------  -------------------     --------     --------  ----------------------  --------------------  
      0.757        0.000                      0                 6946        0.153        0.000                      0                 6946        2.000        0.000                       0                  2332  


All user specified timing constraints are met.


------------------------------------------------------------------------------------------------
| Clock Summary
| -------------
------------------------------------------------------------------------------------------------

Clock                       Waveform(ns)         Period(ns)      Frequency(MHz)
-----                       ------------         ----------      --------------
pynq_sys_clk                {0.000 4.000}        8.000           125.000         
  gen_pynq_clk_50m.clkfb    {0.000 4.000}        8.000           125.000         
  gen_pynq_clk_50m.clkout0  {0.000 10.000}       20.000          50.000          


------------------------------------------------------------------------------------------------
| Intra Clock Table
| -----------------
------------------------------------------------------------------------------------------------

Clock                           WNS(ns)      TNS(ns)  TNS Failing Endpoints  TNS Total Endpoints      WHS(ns)      THS(ns)  THS Failing Endpoints  THS Total Endpoints     WPWS(ns)     TPWS(ns)  TPWS Failing Endpoints  TPWS Total Endpoints  
-----                           -------      -------  ---------------------  -------------------      -------      -------  ---------------------  -------------------     --------     --------  ----------------------  --------------------  
pynq_sys_clk                                                                                                                                                                  2.000        0.000                       0                     1  
  gen_pynq_clk_50m.clkfb                                                                                                                                                      5.845        0.000                       0                     3  
  gen_pynq_clk_50m.clkout0        0.757        0.000                      0                 4637        0.153        0.000                      0                 4637        9.500        0.000                       0                  2328  


------------------------------------------------------------------------------------------------
| Inter Clock Table
| -----------------
------------------------------------------------------------------------------------------------

From Clock    To Clock          WNS(ns)      TNS(ns)  TNS Failing Endpoints  TNS Total Endpoints      WHS(ns)      THS(ns)  THS Failing Endpoints  THS Total Endpoints  
----------    --------          -------      -------  ---------------------  -------------------      -------      -------  ---------------------  -------------------  


------------------------------------------------------------------------------------------------
| Other Path Groups Table
| -----------------------
------------------------------------------------------------------------------------------------

Path Group                From Clock                To Clock                      WNS(ns)      TNS(ns)  TNS Failing Endpoints  TNS Total Endpoints      WHS(ns)      THS(ns)  THS Failing Endpoints  THS Total Endpoints  
----------                ----------                --------                      -------      -------  ---------------------  -------------------      -------      -------  ---------------------  -------------------  
**async_default**         gen_pynq_clk_50m.clkout0  gen_pynq_clk_50m.clkout0        8.665        0.000                      0                 2309        0.913        0.000                      0                 2309  


------------------------------------------------------------------------------------------------
| Timing Details
| --------------
------------------------------------------------------------------------------------------------


---------------------------------------------------------------------------------------------------
From Clock:  pynq_sys_clk
  To Clock:  pynq_sys_clk

Setup :           NA  Failing Endpoints,  Worst Slack           NA  ,  Total Violation           NA
Hold  :           NA  Failing Endpoints,  Worst Slack           NA  ,  Total Violation           NA
PW    :            0  Failing Endpoints,  Worst Slack        2.000ns,  Total Violation        0.000ns
---------------------------------------------------------------------------------------------------


Pulse Width Checks
--------------------------------------------------------------------------------------
Clock Name:         pynq_sys_clk
Waveform(ns):       { 0.000 4.000 }
Period(ns):         8.000
Sources:            { CLK100MHZ }

Check Type        Corner  Lib Pin            Reference Pin  Required(ns)  Actual(ns)  Slack(ns)  Location         Pin
Min Period        n/a     MMCME2_ADV/CLKIN1  n/a            1.249         8.000       6.751      MMCME2_ADV_X1Y2  gen_pynq_clk_50m.u_clk_mmcm/CLKIN1
Max Period        n/a     MMCME2_ADV/CLKIN1  n/a            100.000       8.000       92.000     MMCME2_ADV_X1Y2  gen_pynq_clk_50m.u_clk_mmcm/CLKIN1
Low Pulse Width   Slow    MMCME2_ADV/CLKIN1  n/a            2.000         4.000       2.000      MMCME2_ADV_X1Y2  gen_pynq_clk_50m.u_clk_mmcm/CLKIN1
High Pulse Width  Slow    MMCME2_ADV/CLKIN1  n/a            2.000         4.000       2.000      MMCME2_ADV_X1Y2  gen_pynq_clk_50m.u_clk_mmcm/CLKIN1



---------------------------------------------------------------------------------------------------
From Clock:  gen_pynq_clk_50m.clkfb
  To Clock:  gen_pynq_clk_50m.clkfb

Setup :           NA  Failing Endpoints,  Worst Slack           NA  ,  Total Violation           NA
Hold  :           NA  Failing Endpoints,  Worst Slack           NA  ,  Total Violation           NA
PW    :            0  Failing Endpoints,  Worst Slack        5.845ns,  Total Violation        0.000ns
---------------------------------------------------------------------------------------------------


Pulse Width Checks
--------------------------------------------------------------------------------------
Clock Name:         gen_pynq_clk_50m.clkfb
Waveform(ns):       { 0.000 4.000 }
Period(ns):         8.000
Sources:            { gen_pynq_clk_50m.u_clk_mmcm/CLKFBOUT }

Check Type  Corner  Lib Pin             Reference Pin  Required(ns)  Actual(ns)  Slack(ns)  Location         Pin
Min Period  n/a     BUFG/I              n/a            2.155         8.000       5.845      BUFGCTRL_X0Y17   gen_pynq_clk_50m.u_clkfb_bufg/I
Max Period  n/a     MMCME2_ADV/CLKFBIN  n/a            100.000       8.000       92.000     MMCME2_ADV_X1Y2  gen_pynq_clk_50m.u_clk_mmcm/CLKFBIN



---------------------------------------------------------------------------------------------------
From Clock:  gen_pynq_clk_50m.clkout0
  To Clock:  gen_pynq_clk_50m.clkout0

Setup :            0  Failing Endpoints,  Worst Slack        0.757ns,  Total Violation        0.000ns
Hold  :            0  Failing Endpoints,  Worst Slack        0.153ns,  Total Violation        0.000ns
PW    :            0  Failing Endpoints,  Worst Slack        9.500ns,  Total Violation        0.000ns
---------------------------------------------------------------------------------------------------


Max Delay Paths
--------------------------------------------------------------------------------------
Slack (MET) :             0.757ns  (required time - arrival time)
  Source:                 u_soc/u_cpu/id_ex_rs2_addr_r_reg[0]/C
                            (rising edge-triggered cell FDCE clocked by gen_pynq_clk_50m.clkout0  {rise@0.000ns fall@10.000ns period=20.000ns})
  Destination:            u_soc/u_cpu/ex_mem_exec_result_r_reg[29]/D
                            (rising edge-triggered cell FDCE clocked by gen_pynq_clk_50m.clkout0  {rise@0.000ns fall@10.000ns period=20.000ns})
  Path Group:             gen_pynq_clk_50m.clkout0
  Path Type:              Setup (Max at Slow Process Corner)
  Requirement:            20.000ns  (gen_pynq_clk_50m.clkout0 rise@20.000ns - gen_pynq_clk_50m.clkout0 rise@0.000ns)
  Data Path Delay:        19.202ns  (logic 10.576ns (55.078%)  route 8.626ns (44.922%))
  Logic Levels:           16  (CARRY4=3 DSP48E1=3 LUT3=2 LUT4=2 LUT5=4 LUT6=2)
  Clock Path Skew:        0.009ns (DCD - SCD + CPR)
    Destination Clock Delay (DCD):    -1.392ns = ( 18.608 - 20.000 ) 
    Source Clock Delay      (SCD):    -0.816ns
    Clock Pessimism Removal (CPR):    0.584ns
  Clock Uncertainty:      0.079ns  ((TSJ^2 + DJ^2)^1/2) / 2 + PE
    Total System Jitter     (TSJ):    0.071ns
    Discrete Jitter          (DJ):    0.141ns
    Phase Error              (PE):    0.000ns

    Location             Delay type                Incr(ns)  Path(ns)    Netlist Resource(s)
  -------------------------------------------------------------------    -------------------
                         (clock gen_pynq_clk_50m.clkout0 rise edge)
                                                      0.000     0.000 r  
    H16                                               0.000     0.000 r  CLK100MHZ (IN)
                         net (fo=0)                   0.000     0.000    CLK100MHZ
    H16                  IBUF (Prop_ibuf_I_O)         1.451     1.451 r  CLK100MHZ_IBUF_inst/O
                         net (fo=1, routed)           1.285     2.736    CLK100MHZ_IBUF
    MMCME2_ADV_X1Y2      MMCME2_ADV (Prop_mmcme2_adv_CLKIN1_CLKOUT0)
                                                     -7.759    -5.023 r  gen_pynq_clk_50m.u_clk_mmcm/CLKOUT0
                         net (fo=1, routed)           2.206    -2.817    gen_pynq_clk_50m.clkout0
    BUFGCTRL_X0Y16       BUFG (Prop_bufg_I_O)         0.101    -2.716 r  gen_pynq_clk_50m.u_cpu_clk_bufg/O
                         net (fo=2326, routed)        1.900    -0.816    u_soc/u_cpu/cpu_clk
    SLICE_X86Y128        FDCE                                         r  u_soc/u_cpu/id_ex_rs2_addr_r_reg[0]/C
  -------------------------------------------------------------------    -------------------
    SLICE_X86Y128        FDCE (Prop_fdce_C_Q)         0.478    -0.338 r  u_soc/u_cpu/id_ex_rs2_addr_r_reg[0]/Q
                         net (fo=4, routed)           0.833     0.495    u_soc/u_cpu/u_ex_stage/u_alu/gen_mul_extension.mul_signed_i_142_1[0]
    SLICE_X86Y128        LUT4 (Prop_lut4_I3_O)        0.321     0.816 r  u_soc/u_cpu/u_ex_stage/u_alu/gen_mul_extension.mul_signed_i_171/O
                         net (fo=1, routed)           0.484     1.299    u_soc/u_cpu/u_ex_stage/u_alu/gen_mul_extension.mul_signed_i_171_n_0
    SLICE_X87Y127        LUT5 (Prop_lut5_I0_O)        0.348     1.647 r  u_soc/u_cpu/u_ex_stage/u_alu/gen_mul_extension.mul_signed_i_141/O
                         net (fo=32, routed)          1.219     2.866    u_soc/u_cpu/u_ex_stage/u_alu/gen_mul_extension.mul_signed_i_141_n_0
    SLICE_X83Y131        LUT6 (Prop_lut6_I3_O)        0.124     2.990 r  u_soc/u_cpu/u_ex_stage/u_alu/gen_mul_extension.mul_signed__0_i_41/O
                         net (fo=1, routed)           0.436     3.426    u_soc/u_cpu/u_ex_stage/u_alu/gen_mul_extension.mul_signed__0_i_41_n_0
    SLICE_X83Y130        LUT5 (Prop_lut5_I4_O)        0.124     3.550 r  u_soc/u_cpu/u_ex_stage/u_alu/gen_mul_extension.mul_signed__0_i_26/O
                         net (fo=7, routed)           1.277     4.827    u_soc/u_cpu/u_ex_stage/u_alu/ex_rs2_forwarded[23]
    SLICE_X97Y128        LUT3 (Prop_lut3_I2_O)        0.152     4.979 r  u_soc/u_cpu/u_ex_stage/u_alu/gen_mul_extension.mul_signed__0_i_9/O
                         net (fo=23, routed)          0.804     5.783    u_soc/u_cpu/u_ex_stage/u_alu/id_ex_imm_r_reg[27][6]
    DSP48_X3Y53          DSP48E1 (Prop_dsp48e1_B[6]_PCOUT[47])
                                                      4.059     9.842 r  u_soc/u_cpu/u_ex_stage/u_alu/gen_mul_extension.mul_mix__0/PCOUT[47]
                         net (fo=1, routed)           0.002     9.844    u_soc/u_cpu/u_ex_stage/u_alu/gen_mul_extension.mul_mix__0_n_106
    DSP48_X3Y54          DSP48E1 (Prop_dsp48e1_PCIN[47]_PCOUT[47])
                                                      1.713    11.557 r  u_soc/u_cpu/u_ex_stage/u_alu/gen_mul_extension.mul_mix__1/PCOUT[47]
                         net (fo=1, routed)           0.002    11.559    u_soc/u_cpu/u_ex_stage/u_alu/gen_mul_extension.mul_mix__1_n_106
    DSP48_X3Y55          DSP48E1 (Prop_dsp48e1_PCIN[47]_P[4])
                                                      1.518    13.077 r  u_soc/u_cpu/u_ex_stage/u_alu/gen_mul_extension.mul_mix__2/P[4]
                         net (fo=2, routed)           1.023    14.100    u_soc/u_cpu/u_ex_stage/u_alu/gen_mul_extension.mul_mix__2_n_101
    SLICE_X94Y134        LUT3 (Prop_lut3_I0_O)        0.153    14.253 r  u_soc/u_cpu/u_ex_stage/u_alu/ex_mem_exec_result_r[24]_i_17/O
                         net (fo=2, routed)           0.679    14.932    u_soc/u_cpu/u_ex_stage/u_alu/ex_mem_exec_result_r[24]_i_17_n_0
    SLICE_X94Y134        LUT4 (Prop_lut4_I3_O)        0.331    15.263 r  u_soc/u_cpu/u_ex_stage/u_alu/ex_mem_exec_result_r[24]_i_21/O
                         net (fo=1, routed)           0.000    15.263    u_soc/u_cpu/u_ex_stage/u_alu/ex_mem_exec_result_r[24]_i_21_n_0
    SLICE_X94Y134        CARRY4 (Prop_carry4_S[3]_CO[3])
                                                      0.376    15.639 r  u_soc/u_cpu/u_ex_stage/u_alu/ex_mem_exec_result_r_reg[24]_i_8/CO[3]
                         net (fo=1, routed)           0.000    15.639    u_soc/u_cpu/u_ex_stage/u_alu/ex_mem_exec_result_r_reg[24]_i_8_n_0
    SLICE_X94Y135        CARRY4 (Prop_carry4_CI_CO[3])
                                                      0.117    15.756 r  u_soc/u_cpu/u_ex_stage/u_alu/ex_mem_exec_result_r_reg[27]_i_16/CO[3]
                         net (fo=1, routed)           0.000    15.756    u_soc/u_cpu/u_ex_stage/u_alu/ex_mem_exec_result_r_reg[27]_i_16_n_0
    SLICE_X94Y136        CARRY4 (Prop_carry4_CI_O[0])
                                                      0.219    15.975 r  u_soc/u_cpu/u_ex_stage/u_alu/ex_mem_exec_result_r_reg[29]_i_11/O[0]
                         net (fo=1, routed)           0.510    16.485    u_soc/u_cpu/u_ex_stage/u_alu/data11[29]
    SLICE_X98Y136        LUT5 (Prop_lut5_I2_O)        0.295    16.780 r  u_soc/u_cpu/u_ex_stage/u_alu/ex_mem_exec_result_r[29]_i_4/O
                         net (fo=1, routed)           0.759    17.539    u_soc/u_cpu/u_ex_stage/u_alu/ex_mem_exec_result_r[29]_i_4_n_0
    SLICE_X102Y136       LUT6 (Prop_lut6_I1_O)        0.124    17.663 r  u_soc/u_cpu/u_ex_stage/u_alu/ex_mem_exec_result_r[29]_i_2/O
                         net (fo=1, routed)           0.599    18.262    u_soc/u_cpu/u_ex_stage/u_alu/alu_result[29]
    SLICE_X97Y136        LUT5 (Prop_lut5_I4_O)        0.124    18.386 r  u_soc/u_cpu/u_ex_stage/u_alu/ex_mem_exec_result_r[29]_i_1/O
                         net (fo=1, routed)           0.000    18.386    u_soc/u_cpu/ex_exec_result_final[29]
    SLICE_X97Y136        FDCE                                         r  u_soc/u_cpu/ex_mem_exec_result_r_reg[29]/D
  -------------------------------------------------------------------    -------------------

                         (clock gen_pynq_clk_50m.clkout0 rise edge)
                                                     20.000    20.000 r  
    H16                                               0.000    20.000 r  CLK100MHZ (IN)
                         net (fo=0)                   0.000    20.000    CLK100MHZ
    H16                  IBUF (Prop_ibuf_I_O)         1.380    21.380 r  CLK100MHZ_IBUF_inst/O
                         net (fo=1, routed)           1.162    22.542    CLK100MHZ_IBUF
    MMCME2_ADV_X1Y2      MMCME2_ADV (Prop_mmcme2_adv_CLKIN1_CLKOUT0)
                                                     -7.814    14.728 r  gen_pynq_clk_50m.u_clk_mmcm/CLKOUT0
                         net (fo=1, routed)           2.012    16.740    gen_pynq_clk_50m.clkout0
    BUFGCTRL_X0Y16       BUFG (Prop_bufg_I_O)         0.091    16.831 r  gen_pynq_clk_50m.u_cpu_clk_bufg/O
                         net (fo=2326, routed)        1.777    18.608    u_soc/u_cpu/cpu_clk
    SLICE_X97Y136        FDCE                                         r  u_soc/u_cpu/ex_mem_exec_result_r_reg[29]/C
                         clock pessimism              0.584    19.193    
                         clock uncertainty           -0.079    19.114    
    SLICE_X97Y136        FDCE (Setup_fdce_C_D)        0.029    19.143    u_soc/u_cpu/ex_mem_exec_result_r_reg[29]
  -------------------------------------------------------------------
                         required time                         19.143    
                         arrival time                         -18.386    
  -------------------------------------------------------------------
                         slack                                  0.757    





Min Delay Paths
--------------------------------------------------------------------------------------
Slack (MET) :             0.153ns  (arrival time - required time)
  Source:                 u_soc/u_cpu/fetch_buf0_instruction_r_reg[27]/C
                            (rising edge-triggered cell FDCE clocked by gen_pynq_clk_50m.clkout0  {rise@0.000ns fall@10.000ns period=20.000ns})
  Destination:            u_soc/u_cpu/if_id_instruction_r_reg[27]/D
                            (rising edge-triggered cell FDCE clocked by gen_pynq_clk_50m.clkout0  {rise@0.000ns fall@10.000ns period=20.000ns})
  Path Group:             gen_pynq_clk_50m.clkout0
  Path Type:              Hold (Min at Fast Process Corner)
  Requirement:            0.000ns  (gen_pynq_clk_50m.clkout0 rise@0.000ns - gen_pynq_clk_50m.clkout0 rise@0.000ns)
  Data Path Delay:        0.258ns  (logic 0.209ns (80.975%)  route 0.049ns (19.025%))
  Logic Levels:           1  (LUT5=1)
  Clock Path Skew:        0.013ns (DCD - SCD - CPR)
    Destination Clock Delay (DCD):    -0.849ns
    Source Clock Delay      (SCD):    -0.609ns
    Clock Pessimism Removal (CPR):    -0.253ns

    Location             Delay type                Incr(ns)  Path(ns)    Netlist Resource(s)
  -------------------------------------------------------------------    -------------------
                         (clock gen_pynq_clk_50m.clkout0 rise edge)
                                                      0.000     0.000 r  
    H16                                               0.000     0.000 r  CLK100MHZ (IN)
                         net (fo=0)                   0.000     0.000    CLK100MHZ
    H16                  IBUF (Prop_ibuf_I_O)         0.219     0.219 r  CLK100MHZ_IBUF_inst/O
                         net (fo=1, routed)           0.440     0.659    CLK100MHZ_IBUF
    MMCME2_ADV_X1Y2      MMCME2_ADV (Prop_mmcme2_adv_CLKIN1_CLKOUT0)
                                                     -2.613    -1.954 r  gen_pynq_clk_50m.u_clk_mmcm/CLKOUT0
                         net (fo=1, routed)           0.696    -1.257    gen_pynq_clk_50m.clkout0
    BUFGCTRL_X0Y16       BUFG (Prop_bufg_I_O)         0.026    -1.231 r  gen_pynq_clk_50m.u_cpu_clk_bufg/O
                         net (fo=2326, routed)        0.622    -0.609    u_soc/u_cpu/cpu_clk
    SLICE_X50Y126        FDCE                                         r  u_soc/u_cpu/fetch_buf0_instruction_r_reg[27]/C
  -------------------------------------------------------------------    -------------------
    SLICE_X50Y126        FDCE (Prop_fdce_C_Q)         0.164    -0.445 r  u_soc/u_cpu/fetch_buf0_instruction_r_reg[27]/Q
                         net (fo=1, routed)           0.049    -0.396    u_soc/u_cpu/fetch_buf0_instruction_r[27]
    SLICE_X51Y126        LUT5 (Prop_lut5_I0_O)        0.045    -0.351 r  u_soc/u_cpu/if_id_instruction_r[27]_i_1/O
                         net (fo=1, routed)           0.000    -0.351    u_soc/u_cpu/fetch_queue_instruction[27]
    SLICE_X51Y126        FDCE                                         r  u_soc/u_cpu/if_id_instruction_r_reg[27]/D
  -------------------------------------------------------------------    -------------------

                         (clock gen_pynq_clk_50m.clkout0 rise edge)
                                                      0.000     0.000 r  
    H16                                               0.000     0.000 r  CLK100MHZ (IN)
                         net (fo=0)                   0.000     0.000    CLK100MHZ
    H16                  IBUF (Prop_ibuf_I_O)         0.406     0.406 r  CLK100MHZ_IBUF_inst/O
                         net (fo=1, routed)           0.480     0.886    CLK100MHZ_IBUF
    MMCME2_ADV_X1Y2      MMCME2_ADV (Prop_mmcme2_adv_CLKIN1_CLKOUT0)
                                                     -3.407    -2.521 r  gen_pynq_clk_50m.u_clk_mmcm/CLKOUT0
                         net (fo=1, routed)           0.752    -1.769    gen_pynq_clk_50m.clkout0
    BUFGCTRL_X0Y16       BUFG (Prop_bufg_I_O)         0.029    -1.740 r  gen_pynq_clk_50m.u_cpu_clk_bufg/O
                         net (fo=2326, routed)        0.891    -0.849    u_soc/u_cpu/cpu_clk
    SLICE_X51Y126        FDCE                                         r  u_soc/u_cpu/if_id_instruction_r_reg[27]/C
                         clock pessimism              0.253    -0.596    
    SLICE_X51Y126        FDCE (Hold_fdce_C_D)         0.092    -0.504    u_soc/u_cpu/if_id_instruction_r_reg[27]
  -------------------------------------------------------------------
                         required time                          0.504    
                         arrival time                          -0.351    
  -------------------------------------------------------------------
                         slack                                  0.153    





Pulse Width Checks
--------------------------------------------------------------------------------------
Clock Name:         gen_pynq_clk_50m.clkout0
Waveform(ns):       { 0.000 10.000 }
Period(ns):         20.000
Sources:            { gen_pynq_clk_50m.u_clk_mmcm/CLKOUT0 }

Check Type        Corner  Lib Pin             Reference Pin  Required(ns)  Actual(ns)  Slack(ns)  Location         Pin
Min Period        n/a     RAMB36E1/CLKARDCLK  n/a            2.944         20.000      17.056     RAMB36_X3Y22     u_soc/u_dmem_ram/g_sync_ram.g_posedge_read.ram_mem_reg_0/CLKARDCLK
Max Period        n/a     MMCME2_ADV/CLKOUT0  n/a            213.360       20.000      193.360    MMCME2_ADV_X1Y2  gen_pynq_clk_50m.u_clk_mmcm/CLKOUT0
Low Pulse Width   Slow    FDCE/C              n/a            0.500         10.000      9.500      SLICE_X100Y101   reset_sync_r_reg[0]/C
High Pulse Width  Slow    FDCE/C              n/a            0.500         10.000      9.500      SLICE_X100Y101   reset_sync_r_reg[0]/C



---------------------------------------------------------------------------------------------------
Path Group:  **async_default**
From Clock:  gen_pynq_clk_50m.clkout0
  To Clock:  gen_pynq_clk_50m.clkout0

Setup :            0  Failing Endpoints,  Worst Slack        8.665ns,  Total Violation        0.000ns
Hold  :            0  Failing Endpoints,  Worst Slack        0.913ns,  Total Violation        0.000ns
---------------------------------------------------------------------------------------------------


Max Delay Paths
--------------------------------------------------------------------------------------
Slack (MET) :             8.665ns  (required time - arrival time)
  Source:                 reset_sync_r_reg[3]/C
                            (rising edge-triggered cell FDCE clocked by gen_pynq_clk_50m.clkout0  {rise@0.000ns fall@10.000ns period=20.000ns})
  Destination:            u_soc/u_cpu/u_regfile/regs_reg[24][9]/CLR
                            (recovery check against rising-edge clock gen_pynq_clk_50m.clkout0  {rise@0.000ns fall@10.000ns period=20.000ns})
  Path Group:             **async_default**
  Path Type:              Recovery (Max at Slow Process Corner)
  Requirement:            20.000ns  (gen_pynq_clk_50m.clkout0 rise@20.000ns - gen_pynq_clk_50m.clkout0 rise@0.000ns)
  Data Path Delay:        10.950ns  (logic 0.580ns (5.297%)  route 10.370ns (94.703%))
  Logic Levels:           1  (LUT6=1)
  Clock Path Skew:        0.013ns (DCD - SCD + CPR)
    Destination Clock Delay (DCD):    -1.310ns = ( 18.690 - 20.000 ) 
    Source Clock Delay      (SCD):    -0.738ns
    Clock Pessimism Removal (CPR):    0.584ns
  Clock Uncertainty:      0.079ns  ((TSJ^2 + DJ^2)^1/2) / 2 + PE
    Total System Jitter     (TSJ):    0.071ns
    Discrete Jitter          (DJ):    0.141ns
    Phase Error              (PE):    0.000ns

    Location             Delay type                Incr(ns)  Path(ns)    Netlist Resource(s)
  -------------------------------------------------------------------    -------------------
                         (clock gen_pynq_clk_50m.clkout0 rise edge)
                                                      0.000     0.000 r  
    H16                                               0.000     0.000 r  CLK100MHZ (IN)
                         net (fo=0)                   0.000     0.000    CLK100MHZ
    H16                  IBUF (Prop_ibuf_I_O)         1.451     1.451 r  CLK100MHZ_IBUF_inst/O
                         net (fo=1, routed)           1.285     2.736    CLK100MHZ_IBUF
    MMCME2_ADV_X1Y2      MMCME2_ADV (Prop_mmcme2_adv_CLKIN1_CLKOUT0)
                                                     -7.759    -5.023 r  gen_pynq_clk_50m.u_clk_mmcm/CLKOUT0
                         net (fo=1, routed)           2.206    -2.817    gen_pynq_clk_50m.clkout0
    BUFGCTRL_X0Y16       BUFG (Prop_bufg_I_O)         0.101    -2.716 r  gen_pynq_clk_50m.u_cpu_clk_bufg/O
                         net (fo=2326, routed)        1.978    -0.738    cpu_clk
    SLICE_X101Y101       FDCE                                         r  reset_sync_r_reg[3]/C
  -------------------------------------------------------------------    -------------------
    SLICE_X101Y101       FDCE (Prop_fdce_C_Q)         0.456    -0.282 r  reset_sync_r_reg[3]/Q
                         net (fo=3, routed)           1.283     1.001    u_soc/u_cpu/u_regfile/Q[3]
    SLICE_X101Y101       LUT6 (Prop_lut6_I2_O)        0.124     1.125 f  u_soc/u_cpu/u_regfile/regs[1][31]_i_3/O
                         net (fo=2309, routed)        9.087    10.212    u_soc/u_cpu/u_regfile/gen_pynq_clk_50m.u_clk_mmcm
    SLICE_X112Y141       FDCE                                         f  u_soc/u_cpu/u_regfile/regs_reg[24][9]/CLR
  -------------------------------------------------------------------    -------------------

                         (clock gen_pynq_clk_50m.clkout0 rise edge)
                                                     20.000    20.000 r  
    H16                                               0.000    20.000 r  CLK100MHZ (IN)
                         net (fo=0)                   0.000    20.000    CLK100MHZ
    H16                  IBUF (Prop_ibuf_I_O)         1.380    21.380 r  CLK100MHZ_IBUF_inst/O
                         net (fo=1, routed)           1.162    22.542    CLK100MHZ_IBUF
    MMCME2_ADV_X1Y2      MMCME2_ADV (Prop_mmcme2_adv_CLKIN1_CLKOUT0)
                                                     -7.814    14.728 r  gen_pynq_clk_50m.u_clk_mmcm/CLKOUT0
                         net (fo=1, routed)           2.012    16.740    gen_pynq_clk_50m.clkout0
    BUFGCTRL_X0Y16       BUFG (Prop_bufg_I_O)         0.091    16.831 r  gen_pynq_clk_50m.u_cpu_clk_bufg/O
                         net (fo=2326, routed)        1.859    18.690    u_soc/u_cpu/u_regfile/cpu_clk
    SLICE_X112Y141       FDCE                                         r  u_soc/u_cpu/u_regfile/regs_reg[24][9]/C
                         clock pessimism              0.584    19.275    
                         clock uncertainty           -0.079    19.196    
    SLICE_X112Y141       FDCE (Recov_fdce_C_CLR)     -0.319    18.877    u_soc/u_cpu/u_regfile/regs_reg[24][9]
  -------------------------------------------------------------------
                         required time                         18.877    
                         arrival time                         -10.212    
  -------------------------------------------------------------------
                         slack                                  8.665    





Min Delay Paths
--------------------------------------------------------------------------------------
Slack (MET) :             0.913ns  (arrival time - required time)
  Source:                 reset_sync_r_reg[0]/C
                            (rising edge-triggered cell FDCE clocked by gen_pynq_clk_50m.clkout0  {rise@0.000ns fall@10.000ns period=20.000ns})
  Destination:            u_soc/u_cpu/ex_mem_exec_result_r_reg[7]/CLR
                            (removal check against rising-edge clock gen_pynq_clk_50m.clkout0  {rise@0.000ns fall@10.000ns period=20.000ns})
  Path Group:             **async_default**
  Path Type:              Removal (Min at Fast Process Corner)
  Requirement:            0.000ns  (gen_pynq_clk_50m.clkout0 rise@0.000ns - gen_pynq_clk_50m.clkout0 rise@0.000ns)
  Data Path Delay:        0.848ns  (logic 0.209ns (24.652%)  route 0.639ns (75.348%))
  Logic Levels:           1  (LUT6=1)
  Clock Path Skew:        0.002ns (DCD - SCD - CPR)
    Destination Clock Delay (DCD):    -0.789ns
    Source Clock Delay      (SCD):    -0.540ns
    Clock Pessimism Removal (CPR):    -0.251ns

    Location             Delay type                Incr(ns)  Path(ns)    Netlist Resource(s)
  -------------------------------------------------------------------    -------------------
                         (clock gen_pynq_clk_50m.clkout0 rise edge)
                                                      0.000     0.000 r  
    H16                                               0.000     0.000 r  CLK100MHZ (IN)
                         net (fo=0)                   0.000     0.000    CLK100MHZ
    H16                  IBUF (Prop_ibuf_I_O)         0.219     0.219 r  CLK100MHZ_IBUF_inst/O
                         net (fo=1, routed)           0.440     0.659    CLK100MHZ_IBUF
    MMCME2_ADV_X1Y2      MMCME2_ADV (Prop_mmcme2_adv_CLKIN1_CLKOUT0)
                                                     -2.613    -1.954 r  gen_pynq_clk_50m.u_clk_mmcm/CLKOUT0
                         net (fo=1, routed)           0.696    -1.257    gen_pynq_clk_50m.clkout0
    BUFGCTRL_X0Y16       BUFG (Prop_bufg_I_O)         0.026    -1.231 r  gen_pynq_clk_50m.u_cpu_clk_bufg/O
                         net (fo=2326, routed)        0.691    -0.540    cpu_clk
    SLICE_X100Y101       FDCE                                         r  reset_sync_r_reg[0]/C
  -------------------------------------------------------------------    -------------------
    SLICE_X100Y101       FDCE (Prop_fdce_C_Q)         0.164    -0.376 r  reset_sync_r_reg[0]/Q
                         net (fo=3, routed)           0.106    -0.270    u_soc/u_cpu/u_regfile/Q[0]
    SLICE_X101Y101       LUT6 (Prop_lut6_I3_O)        0.045    -0.225 f  u_soc/u_cpu/u_regfile/regs[1][31]_i_3/O
                         net (fo=2309, routed)        0.532     0.308    u_soc/u_cpu/gen_pynq_clk_50m.u_clk_mmcm
    SLICE_X98Y122        FDCE                                         f  u_soc/u_cpu/ex_mem_exec_result_r_reg[7]/CLR
  -------------------------------------------------------------------    -------------------

                         (clock gen_pynq_clk_50m.clkout0 rise edge)
                                                      0.000     0.000 r  
    H16                                               0.000     0.000 r  CLK100MHZ (IN)
                         net (fo=0)                   0.000     0.000    CLK100MHZ
    H16                  IBUF (Prop_ibuf_I_O)         0.406     0.406 r  CLK100MHZ_IBUF_inst/O
                         net (fo=1, routed)           0.480     0.886    CLK100MHZ_IBUF
    MMCME2_ADV_X1Y2      MMCME2_ADV (Prop_mmcme2_adv_CLKIN1_CLKOUT0)
                                                     -3.407    -2.521 r  gen_pynq_clk_50m.u_clk_mmcm/CLKOUT0
                         net (fo=1, routed)           0.752    -1.769    gen_pynq_clk_50m.clkout0
    BUFGCTRL_X0Y16       BUFG (Prop_bufg_I_O)         0.029    -1.740 r  gen_pynq_clk_50m.u_cpu_clk_bufg/O
                         net (fo=2326, routed)        0.951    -0.789    u_soc/u_cpu/cpu_clk
    SLICE_X98Y122        FDCE                                         r  u_soc/u_cpu/ex_mem_exec_result_r_reg[7]/C
                         clock pessimism              0.251    -0.538    
    SLICE_X98Y122        FDCE (Remov_fdce_C_CLR)     -0.067    -0.605    u_soc/u_cpu/ex_mem_exec_result_r_reg[7]
  -------------------------------------------------------------------
                         required time                          0.605    
                         arrival time                           0.308    
  -------------------------------------------------------------------
                         slack                                  0.913    





