#-----------------------------------------------------------
# xsim v2025.2 (64-bit)
# SW Build 6299465 on Fri Nov 14 19:35:11 GMT 2025
# IP Build 6300035 on Fri Nov 14 10:48:45 MST 2025
# SharedData Build 6298862 on Thu Nov 13 04:50:51 MST 2025
# Start of session at: Wed Apr 22 22:56:05 2026
# Process ID         : 31988
# Current directory  : D:/BaiduSyncdisk/02_icdc_workspace/YH_rv_cpu/_tmp/sim_runtime/soc_smoke
# Command line       : xsim.exe -mode tcl -source {xsim.dir/soc_tb_snapshot/xsim_script.tcl}
# Log file           : D:/BaiduSyncdisk/02_icdc_workspace/YH_rv_cpu/_tmp/sim_runtime/soc_smoke/xsim.log
# Journal file       : D:/BaiduSyncdisk/02_icdc_workspace/YH_rv_cpu/_tmp/sim_runtime/soc_smoke\xsim.jou
# Running On         : Toylog_desktop
# Platform           : Windows Server 2016 or Windows 10
# Operating System   : 26200
# Processor Detail   : AMD Ryzen 7 7435H
# CPU Frequency      : 3094 MHz
# CPU Physical cores : 8
# CPU Logical cores  : 16
# Host memory        : 34082 MB
# Swap memory        : 2147 MB
# Total Virtual      : 36230 MB
# Available Virtual  : 10714 MB
#-----------------------------------------------------------
source xsim.dir/soc_tb_snapshot/xsim_script.tcl
# xsim {soc_tb_snapshot} -autoloadwcfg -runall
Time resolution is 1 ps
run -all
WARNING: File build/sw/YH_rv_cpu_demo.mem32.hex referenced on D:/BaiduSyncdisk/02_icdc_workspace/YH_rv_cpu/rtl/YH_rv_cpu_mem_stage.v at line 61 cannot be opened for reading. Please ensure that this file is available in the current working directory or parent directory of xsim.dir location specified via -xsimdir switch.

FAIL: timeout at PC=000007d4
$finish called at time : 5035 ns : File "D:/BaiduSyncdisk/02_icdc_workspace/YH_rv_cpu/tb/YH_rv_cpu_soc_tb.v" Line 139
exit
INFO: [Common 17-206] Exiting xsim at Wed Apr 22 22:56:07 2026...
