Copyright 1986-2022 Xilinx, Inc. All Rights Reserved. Copyright 2022-2025 Advanced Micro Devices, Inc. All Rights Reserved.
---------------------------------------------------------------------------------------------------------------------------------------------
| Tool Version : Vivado v.2025.2 (win64) Build 6299465 Fri Nov 14 19:35:11 GMT 2025
| Date         : Thu May 14 11:05:11 2026
| Host         : Toylog_desktop running 64-bit major release  (build 9200)
| Command      : report_timing_summary -file W:/project/reports/pynq_z2_sysclk_8p000ns_cpu50/impl_timing_summary.rpt
| Design       : YH_rv_cpu_fpga_top
| Device       : 7z020-clg400
| Speed File   : -1  PRODUCTION 1.12 2019-11-22
| Design State : Physopt postRoute
---------------------------------------------------------------------------------------------------------------------------------------------

Timing Summary Report

------------------------------------------------------------------------------------------------
| Timer Settings
| --------------
------------------------------------------------------------------------------------------------

  Enable Multi Corner Analysis               :  Yes
  Enable Pessimism Removal                   :  Yes
  Pessimism Removal Resolution               :  Nearest Common Node
  Enable Input Delay Default Clock           :  No
  Enable Preset / Clear Arcs                 :  No
  Disable Flight Delays                      :  No
  Ignore I/O Paths                           :  No
  Timing Early Launch at Borrowing Latches   :  No
  Borrow Time for Max Delay Exceptions       :  Yes
  Merge Timing Exceptions                    :  Yes
  Inter-SLR Compensation                     :  Conservative

  Corner  Analyze    Analyze    
  Name    Max Paths  Min Paths  
  ------  ---------  ---------  
  Slow    Yes        Yes        
  Fast    Yes        Yes        


------------------------------------------------------------------------------------------------
| Report Methodology
| ------------------
------------------------------------------------------------------------------------------------

No report available as report_methodology has not been run prior. Run report_methodology on the current design for the summary of methodology violations.



check_timing report

Table of Contents
-----------------
1. checking no_clock (0)
2. checking constant_clock (0)
3. checking pulse_width_clock (0)
4. checking unconstrained_internal_endpoints (0)
5. checking no_input_delay (1)
6. checking no_output_delay (4)
7. checking multiple_clock (0)
8. checking generated_clocks (0)
9. checking loops (0)
10. checking partial_input_delay (0)
11. checking partial_output_delay (0)
12. checking latch_loops (0)

1. checking no_clock (0)
------------------------
 There are 0 register/latch pins with no clock.


2. checking constant_clock (0)
------------------------------
 There are 0 register/latch pins with constant_clock.


3. checking pulse_width_clock (0)
---------------------------------
 There are 0 register/latch pins which need pulse_width check


4. checking unconstrained_internal_endpoints (0)
------------------------------------------------
 There are 0 pins that are not constrained for maximum delay.

 There are 0 pins that are not constrained for maximum delay due to constant clock.


5. checking no_input_delay (1)
------------------------------
 There is 1 input port with no input delay specified. (HIGH)

 There are 0 input ports with no input delay but user has a false path constraint.


6. checking no_output_delay (4)
-------------------------------
 There are 4 ports with no output delay specified. (HIGH)

 There are 0 ports with no output delay but user has a false path constraint

 There are 0 ports with no output delay but with a timing clock defined on it or propagating through it


7. checking multiple_clock (0)
------------------------------
 There are 0 register/latch pins with multiple clocks.


8. checking generated_clocks (0)
--------------------------------
 There are 0 generated clocks that are not connected to a clock source.


9. checking loops (0)
---------------------
 There are 0 combinational loops in the design.


10. checking partial_input_delay (0)
------------------------------------
 There are 0 input ports with partial input delay specified.


11. checking partial_output_delay (0)
-------------------------------------
 There are 0 ports with partial output delay specified.


12. checking latch_loops (0)
----------------------------
 There are 0 combinational latch loops in the design through latch input



------------------------------------------------------------------------------------------------
| Design Timing Summary
| ---------------------
------------------------------------------------------------------------------------------------

    WNS(ns)      TNS(ns)  TNS Failing Endpoints  TNS Total Endpoints      WHS(ns)      THS(ns)  THS Failing Endpoints  THS Total Endpoints     WPWS(ns)     TPWS(ns)  TPWS Failing Endpoints  TPWS Total Endpoints  
    -------      -------  ---------------------  -------------------      -------      -------  ---------------------  -------------------     --------     --------  ----------------------  --------------------  
      0.440        0.000                      0                 6941        0.109        0.000                      0                 6941        2.000        0.000                       0                  2349  


All user specified timing constraints are met.


------------------------------------------------------------------------------------------------
| Clock Summary
| -------------
------------------------------------------------------------------------------------------------

Clock                       Waveform(ns)         Period(ns)      Frequency(MHz)
-----                       ------------         ----------      --------------
pynq_sys_clk                {0.000 4.000}        8.000           125.000         
  gen_pynq_clk_50m.clkfb    {0.000 4.000}        8.000           125.000         
  gen_pynq_clk_50m.clkout0  {0.000 10.000}       20.000          50.000          


------------------------------------------------------------------------------------------------
| Intra Clock Table
| -----------------
------------------------------------------------------------------------------------------------

Clock                           WNS(ns)      TNS(ns)  TNS Failing Endpoints  TNS Total Endpoints      WHS(ns)      THS(ns)  THS Failing Endpoints  THS Total Endpoints     WPWS(ns)     TPWS(ns)  TPWS Failing Endpoints  TPWS Total Endpoints  
-----                           -------      -------  ---------------------  -------------------      -------      -------  ---------------------  -------------------     --------     --------  ----------------------  --------------------  
pynq_sys_clk                                                                                                                                                                  2.000        0.000                       0                     1  
  gen_pynq_clk_50m.clkfb                                                                                                                                                      5.845        0.000                       0                     3  
  gen_pynq_clk_50m.clkout0        0.440        0.000                      0                 4620        0.109        0.000                      0                 4620        9.500        0.000                       0                  2345  


------------------------------------------------------------------------------------------------
| Inter Clock Table
| -----------------
------------------------------------------------------------------------------------------------

From Clock    To Clock          WNS(ns)      TNS(ns)  TNS Failing Endpoints  TNS Total Endpoints      WHS(ns)      THS(ns)  THS Failing Endpoints  THS Total Endpoints  
----------    --------          -------      -------  ---------------------  -------------------      -------      -------  ---------------------  -------------------  


------------------------------------------------------------------------------------------------
| Other Path Groups Table
| -----------------------
------------------------------------------------------------------------------------------------

Path Group                From Clock                To Clock                      WNS(ns)      TNS(ns)  TNS Failing Endpoints  TNS Total Endpoints      WHS(ns)      THS(ns)  THS Failing Endpoints  THS Total Endpoints  
----------                ----------                --------                      -------      -------  ---------------------  -------------------      -------      -------  ---------------------  -------------------  
**async_default**         gen_pynq_clk_50m.clkout0  gen_pynq_clk_50m.clkout0        9.103        0.000                      0                 2321        1.073        0.000                      0                 2321  


------------------------------------------------------------------------------------------------
| Timing Details
| --------------
------------------------------------------------------------------------------------------------


---------------------------------------------------------------------------------------------------
From Clock:  pynq_sys_clk
  To Clock:  pynq_sys_clk

Setup :           NA  Failing Endpoints,  Worst Slack           NA  ,  Total Violation           NA
Hold  :           NA  Failing Endpoints,  Worst Slack           NA  ,  Total Violation           NA
PW    :            0  Failing Endpoints,  Worst Slack        2.000ns,  Total Violation        0.000ns
---------------------------------------------------------------------------------------------------


Pulse Width Checks
--------------------------------------------------------------------------------------
Clock Name:         pynq_sys_clk
Waveform(ns):       { 0.000 4.000 }
Period(ns):         8.000
Sources:            { CLK100MHZ }

Check Type        Corner  Lib Pin            Reference Pin  Required(ns)  Actual(ns)  Slack(ns)  Location         Pin
Min Period        n/a     MMCME2_ADV/CLKIN1  n/a            1.249         8.000       6.751      MMCME2_ADV_X1Y2  gen_pynq_clk_50m.u_clk_mmcm/CLKIN1
Max Period        n/a     MMCME2_ADV/CLKIN1  n/a            100.000       8.000       92.000     MMCME2_ADV_X1Y2  gen_pynq_clk_50m.u_clk_mmcm/CLKIN1
Low Pulse Width   Slow    MMCME2_ADV/CLKIN1  n/a            2.000         4.000       2.000      MMCME2_ADV_X1Y2  gen_pynq_clk_50m.u_clk_mmcm/CLKIN1
High Pulse Width  Slow    MMCME2_ADV/CLKIN1  n/a            2.000         4.000       2.000      MMCME2_ADV_X1Y2  gen_pynq_clk_50m.u_clk_mmcm/CLKIN1



---------------------------------------------------------------------------------------------------
From Clock:  gen_pynq_clk_50m.clkfb
  To Clock:  gen_pynq_clk_50m.clkfb

Setup :           NA  Failing Endpoints,  Worst Slack           NA  ,  Total Violation           NA
Hold  :           NA  Failing Endpoints,  Worst Slack           NA  ,  Total Violation           NA
PW    :            0  Failing Endpoints,  Worst Slack        5.845ns,  Total Violation        0.000ns
---------------------------------------------------------------------------------------------------


Pulse Width Checks
--------------------------------------------------------------------------------------
Clock Name:         gen_pynq_clk_50m.clkfb
Waveform(ns):       { 0.000 4.000 }
Period(ns):         8.000
Sources:            { gen_pynq_clk_50m.u_clk_mmcm/CLKFBOUT }

Check Type  Corner  Lib Pin             Reference Pin  Required(ns)  Actual(ns)  Slack(ns)  Location         Pin
Min Period  n/a     BUFG/I              n/a            2.155         8.000       5.845      BUFGCTRL_X0Y17   gen_pynq_clk_50m.u_clkfb_bufg/I
Max Period  n/a     MMCME2_ADV/CLKFBIN  n/a            100.000       8.000       92.000     MMCME2_ADV_X1Y2  gen_pynq_clk_50m.u_clk_mmcm/CLKFBIN



---------------------------------------------------------------------------------------------------
From Clock:  gen_pynq_clk_50m.clkout0
  To Clock:  gen_pynq_clk_50m.clkout0

Setup :            0  Failing Endpoints,  Worst Slack        0.440ns,  Total Violation        0.000ns
Hold  :            0  Failing Endpoints,  Worst Slack        0.109ns,  Total Violation        0.000ns
PW    :            0  Failing Endpoints,  Worst Slack        9.500ns,  Total Violation        0.000ns
---------------------------------------------------------------------------------------------------


Max Delay Paths
--------------------------------------------------------------------------------------
Slack (MET) :             0.440ns  (required time - arrival time)
  Source:                 u_soc/u_cpu/ex_mem_rd_addr_r_reg[3]/C
                            (rising edge-triggered cell FDCE clocked by gen_pynq_clk_50m.clkout0  {rise@0.000ns fall@10.000ns period=20.000ns})
  Destination:            u_soc/u_cpu/ex_mem_exec_result_r_reg[30]/D
                            (rising edge-triggered cell FDCE clocked by gen_pynq_clk_50m.clkout0  {rise@0.000ns fall@10.000ns period=20.000ns})
  Path Group:             gen_pynq_clk_50m.clkout0
  Path Type:              Setup (Max at Slow Process Corner)
  Requirement:            20.000ns  (gen_pynq_clk_50m.clkout0 rise@20.000ns - gen_pynq_clk_50m.clkout0 rise@0.000ns)
  Data Path Delay:        19.502ns  (logic 10.645ns (54.583%)  route 8.857ns (45.417%))
  Logic Levels:           18  (CARRY4=3 DSP48E1=3 LUT3=2 LUT4=2 LUT5=2 LUT6=6)
  Clock Path Skew:        -0.008ns (DCD - SCD + CPR)
    Destination Clock Delay (DCD):    -1.477ns = ( 18.523 - 20.000 ) 
    Source Clock Delay      (SCD):    -0.884ns
    Clock Pessimism Removal (CPR):    0.584ns
  Clock Uncertainty:      0.079ns  ((TSJ^2 + DJ^2)^1/2) / 2 + PE
    Total System Jitter     (TSJ):    0.071ns
    Discrete Jitter          (DJ):    0.141ns
    Phase Error              (PE):    0.000ns

    Location             Delay type                Incr(ns)  Path(ns)    Netlist Resource(s)
  -------------------------------------------------------------------    -------------------
                         (clock gen_pynq_clk_50m.clkout0 rise edge)
                                                      0.000     0.000 r  
    H16                                               0.000     0.000 r  CLK100MHZ (IN)
                         net (fo=0)                   0.000     0.000    CLK100MHZ
    H16                  IBUF (Prop_ibuf_I_O)         1.451     1.451 r  CLK100MHZ_IBUF_inst/O
                         net (fo=1, routed)           1.285     2.736    CLK100MHZ_IBUF
    MMCME2_ADV_X1Y2      MMCME2_ADV (Prop_mmcme2_adv_CLKIN1_CLKOUT0)
                                                     -7.759    -5.023 r  gen_pynq_clk_50m.u_clk_mmcm/CLKOUT0
                         net (fo=1, routed)           2.206    -2.817    gen_pynq_clk_50m.clkout0
    BUFGCTRL_X0Y16       BUFG (Prop_bufg_I_O)         0.101    -2.716 r  gen_pynq_clk_50m.u_cpu_clk_bufg/O
                         net (fo=2343, routed)        1.832    -0.884    u_soc/u_cpu/cpu_clk
    SLICE_X33Y119        FDCE                                         r  u_soc/u_cpu/ex_mem_rd_addr_r_reg[3]/C
  -------------------------------------------------------------------    -------------------
    SLICE_X33Y119        FDCE (Prop_fdce_C_Q)         0.456    -0.428 r  u_soc/u_cpu/ex_mem_rd_addr_r_reg[3]/Q
                         net (fo=10, routed)          1.000     0.572    u_soc/u_cpu/u_ex_stage/u_alu/Q[3]
    SLICE_X39Y118        LUT4 (Prop_lut4_I2_O)        0.124     0.696 r  u_soc/u_cpu/u_ex_stage/u_alu/gen_mul_extension.mul_signed_i_155/O
                         net (fo=1, routed)           0.839     1.534    u_soc/u_cpu/u_ex_stage/u_alu/gen_mul_extension.mul_signed_i_155_n_0
    SLICE_X33Y120        LUT6 (Prop_lut6_I1_O)        0.124     1.658 r  u_soc/u_cpu/u_ex_stage/u_alu/gen_mul_extension.mul_signed_i_127/O
                         net (fo=32, routed)          1.184     2.842    u_soc/u_cpu/u_ex_stage/u_alu/forward_b_sel[0]
    SLICE_X33Y115        LUT6 (Prop_lut6_I4_O)        0.124     2.966 r  u_soc/u_cpu/u_ex_stage/u_alu/gen_mul_extension.mul_signed_i_92/O
                         net (fo=1, routed)           0.149     3.115    u_soc/u_cpu/u_ex_stage/u_alu/gen_mul_extension.mul_signed_i_92_n_0
    SLICE_X33Y115        LUT5 (Prop_lut5_I4_O)        0.124     3.239 r  u_soc/u_cpu/u_ex_stage/u_alu/gen_mul_extension.mul_signed_i_56/O
                         net (fo=6, routed)           0.882     4.121    u_soc/u_cpu/u_ex_stage/u_alu/ex_rs2_forwarded[8]
    SLICE_X37Y112        LUT3 (Prop_lut3_I2_O)        0.150     4.271 r  u_soc/u_cpu/u_ex_stage/u_alu/gen_mul_extension.mul_signed_i_24/O
                         net (fo=34, routed)          0.902     5.173    u_soc/u_cpu/u_ex_stage/u_alu/A[8]
    DSP48_X2Y46          DSP48E1 (Prop_dsp48e1_B[8]_PCOUT[47])
                                                      4.053     9.226 r  u_soc/u_cpu/u_ex_stage/u_alu/gen_mul_extension.mul_mix__3/PCOUT[47]
                         net (fo=1, routed)           0.002     9.228    u_soc/u_cpu/u_ex_stage/u_alu/gen_mul_extension.mul_mix__3_n_106
    DSP48_X2Y47          DSP48E1 (Prop_dsp48e1_PCIN[47]_PCOUT[47])
                                                      1.713    10.941 r  u_soc/u_cpu/u_ex_stage/u_alu/gen_mul_extension.mul_mix__4/PCOUT[47]
                         net (fo=1, routed)           0.002    10.943    u_soc/u_cpu/u_ex_stage/u_alu/gen_mul_extension.mul_mix__4_n_106
    DSP48_X2Y48          DSP48E1 (Prop_dsp48e1_PCIN[47]_P[35])
                                                      1.518    12.461 r  u_soc/u_cpu/u_ex_stage/u_alu/gen_mul_extension.mul_mix__5/P[35]
                         net (fo=3, routed)           1.029    13.490    u_soc/u_cpu/u_ex_stage/u_alu/gen_mul_extension.mul_mix__5_n_70
    SLICE_X36Y123        LUT3 (Prop_lut3_I0_O)        0.149    13.639 r  u_soc/u_cpu/u_ex_stage/u_alu/ex_mem_exec_result_r[22]_i_38/O
                         net (fo=2, routed)           0.607    14.246    u_soc/u_cpu/u_ex_stage/u_alu/ex_mem_exec_result_r[22]_i_38_n_0
    SLICE_X36Y124        LUT4 (Prop_lut4_I3_O)        0.355    14.601 r  u_soc/u_cpu/u_ex_stage/u_alu/ex_mem_exec_result_r[22]_i_42/O
                         net (fo=1, routed)           0.000    14.601    u_soc/u_cpu/u_ex_stage/u_alu/ex_mem_exec_result_r[22]_i_42_n_0
    SLICE_X36Y124        CARRY4 (Prop_carry4_S[0]_CO[3])
                                                      0.513    15.114 r  u_soc/u_cpu/u_ex_stage/u_alu/ex_mem_exec_result_r_reg[22]_i_14/CO[3]
                         net (fo=1, routed)           0.009    15.123    u_soc/u_cpu/u_ex_stage/u_alu/ex_mem_exec_result_r_reg[22]_i_14_n_0
    SLICE_X36Y125        CARRY4 (Prop_carry4_CI_CO[3])
                                                      0.117    15.240 r  u_soc/u_cpu/u_ex_stage/u_alu/ex_mem_exec_result_r_reg[28]_i_26/CO[3]
                         net (fo=1, routed)           0.000    15.240    u_soc/u_cpu/u_ex_stage/u_alu/ex_mem_exec_result_r_reg[28]_i_26_n_0
    SLICE_X36Y126        CARRY4 (Prop_carry4_CI_O[1])
                                                      0.323    15.563 r  u_soc/u_cpu/u_ex_stage/u_alu/ex_mem_exec_result_r_reg[31]_i_71/O[1]
                         net (fo=1, routed)           0.961    16.523    u_soc/u_cpu/u_ex_stage/u_alu/data11[30]
    SLICE_X30Y119        LUT6 (Prop_lut6_I4_O)        0.306    16.829 f  u_soc/u_cpu/u_ex_stage/u_alu/ex_mem_exec_result_r[30]_i_15/O
                         net (fo=1, routed)           0.429    17.258    u_soc/u_cpu/u_ex_stage/u_alu/ex_mem_exec_result_r[30]_i_15_n_0
    SLICE_X29Y117        LUT6 (Prop_lut6_I5_O)        0.124    17.382 r  u_soc/u_cpu/u_ex_stage/u_alu/ex_mem_exec_result_r[30]_i_6/O
                         net (fo=1, routed)           0.412    17.794    u_soc/u_cpu/u_ex_stage/u_alu/ex_mem_exec_result_r[30]_i_6_n_0
    SLICE_X27Y116        LUT6 (Prop_lut6_I0_O)        0.124    17.918 r  u_soc/u_cpu/u_ex_stage/u_alu/ex_mem_exec_result_r[30]_i_3/O
                         net (fo=1, routed)           0.151    18.069    u_soc/u_cpu/u_ex_stage/u_alu/ex_mem_exec_result_r[30]_i_3_n_0
    SLICE_X27Y116        LUT6 (Prop_lut6_I0_O)        0.124    18.193 r  u_soc/u_cpu/u_ex_stage/u_alu/ex_mem_exec_result_r[30]_i_2/O
                         net (fo=1, routed)           0.301    18.494    u_soc/u_cpu/u_ex_stage/u_alu/alu_result[30]
    SLICE_X29Y116        LUT5 (Prop_lut5_I3_O)        0.124    18.618 r  u_soc/u_cpu/u_ex_stage/u_alu/ex_mem_exec_result_r[30]_i_1/O
                         net (fo=1, routed)           0.000    18.618    u_soc/u_cpu/ex_exec_result_final[30]
    SLICE_X29Y116        FDCE                                         r  u_soc/u_cpu/ex_mem_exec_result_r_reg[30]/D
  -------------------------------------------------------------------    -------------------

                         (clock gen_pynq_clk_50m.clkout0 rise edge)
                                                     20.000    20.000 r  
    H16                                               0.000    20.000 r  CLK100MHZ (IN)
                         net (fo=0)                   0.000    20.000    CLK100MHZ
    H16                  IBUF (Prop_ibuf_I_O)         1.380    21.380 r  CLK100MHZ_IBUF_inst/O
                         net (fo=1, routed)           1.162    22.542    CLK100MHZ_IBUF
    MMCME2_ADV_X1Y2      MMCME2_ADV (Prop_mmcme2_adv_CLKIN1_CLKOUT0)
                                                     -7.814    14.728 r  gen_pynq_clk_50m.u_clk_mmcm/CLKOUT0
                         net (fo=1, routed)           2.012    16.740    gen_pynq_clk_50m.clkout0
    BUFGCTRL_X0Y16       BUFG (Prop_bufg_I_O)         0.091    16.831 r  gen_pynq_clk_50m.u_cpu_clk_bufg/O
                         net (fo=2343, routed)        1.692    18.523    u_soc/u_cpu/cpu_clk
    SLICE_X29Y116        FDCE                                         r  u_soc/u_cpu/ex_mem_exec_result_r_reg[30]/C
                         clock pessimism              0.584    19.108    
                         clock uncertainty           -0.079    19.029    
    SLICE_X29Y116        FDCE (Setup_fdce_C_D)        0.029    19.058    u_soc/u_cpu/ex_mem_exec_result_r_reg[30]
  -------------------------------------------------------------------
                         required time                         19.058    
                         arrival time                         -18.618    
  -------------------------------------------------------------------
                         slack                                  0.440    





Min Delay Paths
--------------------------------------------------------------------------------------
Slack (MET) :             0.109ns  (arrival time - required time)
  Source:                 u_soc/u_cpu/fetch_buf0_instruction_r_reg[19]/C
                            (rising edge-triggered cell FDCE clocked by gen_pynq_clk_50m.clkout0  {rise@0.000ns fall@10.000ns period=20.000ns})
  Destination:            u_soc/u_cpu/if_id_instruction_r_reg[19]/D
                            (rising edge-triggered cell FDCE clocked by gen_pynq_clk_50m.clkout0  {rise@0.000ns fall@10.000ns period=20.000ns})
  Path Group:             gen_pynq_clk_50m.clkout0
  Path Type:              Hold (Min at Fast Process Corner)
  Requirement:            0.000ns  (gen_pynq_clk_50m.clkout0 rise@0.000ns - gen_pynq_clk_50m.clkout0 rise@0.000ns)
  Data Path Delay:        0.242ns  (logic 0.186ns (76.827%)  route 0.056ns (23.173%))
  Logic Levels:           1  (LUT5=1)
  Clock Path Skew:        0.013ns (DCD - SCD - CPR)
    Destination Clock Delay (DCD):    -0.824ns
    Source Clock Delay      (SCD):    -0.585ns
    Clock Pessimism Removal (CPR):    -0.252ns

    Location             Delay type                Incr(ns)  Path(ns)    Netlist Resource(s)
  -------------------------------------------------------------------    -------------------
                         (clock gen_pynq_clk_50m.clkout0 rise edge)
                                                      0.000     0.000 r  
    H16                                               0.000     0.000 r  CLK100MHZ (IN)
                         net (fo=0)                   0.000     0.000    CLK100MHZ
    H16                  IBUF (Prop_ibuf_I_O)         0.219     0.219 r  CLK100MHZ_IBUF_inst/O
                         net (fo=1, routed)           0.440     0.659    CLK100MHZ_IBUF
    MMCME2_ADV_X1Y2      MMCME2_ADV (Prop_mmcme2_adv_CLKIN1_CLKOUT0)
                                                     -2.613    -1.954 r  gen_pynq_clk_50m.u_clk_mmcm/CLKOUT0
                         net (fo=1, routed)           0.696    -1.257    gen_pynq_clk_50m.clkout0
    BUFGCTRL_X0Y16       BUFG (Prop_bufg_I_O)         0.026    -1.231 r  gen_pynq_clk_50m.u_cpu_clk_bufg/O
                         net (fo=2343, routed)        0.646    -0.585    u_soc/u_cpu/cpu_clk
    SLICE_X55Y126        FDCE                                         r  u_soc/u_cpu/fetch_buf0_instruction_r_reg[19]/C
  -------------------------------------------------------------------    -------------------
    SLICE_X55Y126        FDCE (Prop_fdce_C_Q)         0.141    -0.444 r  u_soc/u_cpu/fetch_buf0_instruction_r_reg[19]/Q
                         net (fo=1, routed)           0.056    -0.388    u_soc/u_cpu/fetch_buf0_instruction_r[19]
    SLICE_X54Y126        LUT5 (Prop_lut5_I0_O)        0.045    -0.343 r  u_soc/u_cpu/if_id_instruction_r[19]_i_1/O
                         net (fo=1, routed)           0.000    -0.343    u_soc/u_cpu/fetch_queue_instruction[19]
    SLICE_X54Y126        FDCE                                         r  u_soc/u_cpu/if_id_instruction_r_reg[19]/D
  -------------------------------------------------------------------    -------------------

                         (clock gen_pynq_clk_50m.clkout0 rise edge)
                                                      0.000     0.000 r  
    H16                                               0.000     0.000 r  CLK100MHZ (IN)
                         net (fo=0)                   0.000     0.000    CLK100MHZ
    H16                  IBUF (Prop_ibuf_I_O)         0.406     0.406 r  CLK100MHZ_IBUF_inst/O
                         net (fo=1, routed)           0.480     0.886    CLK100MHZ_IBUF
    MMCME2_ADV_X1Y2      MMCME2_ADV (Prop_mmcme2_adv_CLKIN1_CLKOUT0)
                                                     -3.407    -2.521 r  gen_pynq_clk_50m.u_clk_mmcm/CLKOUT0
                         net (fo=1, routed)           0.752    -1.769    gen_pynq_clk_50m.clkout0
    BUFGCTRL_X0Y16       BUFG (Prop_bufg_I_O)         0.029    -1.740 r  gen_pynq_clk_50m.u_cpu_clk_bufg/O
                         net (fo=2343, routed)        0.916    -0.824    u_soc/u_cpu/cpu_clk
    SLICE_X54Y126        FDCE                                         r  u_soc/u_cpu/if_id_instruction_r_reg[19]/C
                         clock pessimism              0.252    -0.572    
    SLICE_X54Y126        FDCE (Hold_fdce_C_D)         0.120    -0.452    u_soc/u_cpu/if_id_instruction_r_reg[19]
  -------------------------------------------------------------------
                         required time                          0.452    
                         arrival time                          -0.343    
  -------------------------------------------------------------------
                         slack                                  0.109    





Pulse Width Checks
--------------------------------------------------------------------------------------
Clock Name:         gen_pynq_clk_50m.clkout0
Waveform(ns):       { 0.000 10.000 }
Period(ns):         20.000
Sources:            { gen_pynq_clk_50m.u_clk_mmcm/CLKOUT0 }

Check Type        Corner  Lib Pin             Reference Pin  Required(ns)  Actual(ns)  Slack(ns)  Location         Pin
Min Period        n/a     RAMB36E1/CLKARDCLK  n/a            2.944         20.000      17.056     RAMB36_X2Y27     u_soc/u_dmem_ram/g_sync_ram.g_posedge_read.ram_mem_reg_0/CLKARDCLK
Max Period        n/a     MMCME2_ADV/CLKOUT0  n/a            213.360       20.000      193.360    MMCME2_ADV_X1Y2  gen_pynq_clk_50m.u_clk_mmcm/CLKOUT0
Low Pulse Width   Slow    FDCE/C              n/a            0.500         10.000      9.500      SLICE_X106Y140   reset_sync_r_reg[0]/C
High Pulse Width  Slow    FDCE/C              n/a            0.500         10.000      9.500      SLICE_X106Y140   reset_sync_r_reg[0]/C



---------------------------------------------------------------------------------------------------
Path Group:  **async_default**
From Clock:  gen_pynq_clk_50m.clkout0
  To Clock:  gen_pynq_clk_50m.clkout0

Setup :            0  Failing Endpoints,  Worst Slack        9.103ns,  Total Violation        0.000ns
Hold  :            0  Failing Endpoints,  Worst Slack        1.073ns,  Total Violation        0.000ns
---------------------------------------------------------------------------------------------------


Max Delay Paths
--------------------------------------------------------------------------------------
Slack (MET) :             9.103ns  (required time - arrival time)
  Source:                 reset_sync_r_reg[4]/C
                            (rising edge-triggered cell FDCE clocked by gen_pynq_clk_50m.clkout0  {rise@0.000ns fall@10.000ns period=20.000ns})
  Destination:            u_soc/timer_value_r_reg[60]/CLR
                            (recovery check against rising-edge clock gen_pynq_clk_50m.clkout0  {rise@0.000ns fall@10.000ns period=20.000ns})
  Path Group:             **async_default**
  Path Type:              Recovery (Max at Slow Process Corner)
  Requirement:            20.000ns  (gen_pynq_clk_50m.clkout0 rise@20.000ns - gen_pynq_clk_50m.clkout0 rise@0.000ns)
  Data Path Delay:        10.130ns  (logic 0.704ns (6.950%)  route 9.426ns (93.050%))
  Logic Levels:           2  (LUT4=1 LUT6=1)
  Clock Path Skew:        -0.327ns (DCD - SCD + CPR)
    Destination Clock Delay (DCD):    -1.475ns = ( 18.525 - 20.000 ) 
    Source Clock Delay      (SCD):    -0.663ns
    Clock Pessimism Removal (CPR):    0.484ns
  Clock Uncertainty:      0.079ns  ((TSJ^2 + DJ^2)^1/2) / 2 + PE
    Total System Jitter     (TSJ):    0.071ns
    Discrete Jitter          (DJ):    0.141ns
    Phase Error              (PE):    0.000ns

    Location             Delay type                Incr(ns)  Path(ns)    Netlist Resource(s)
  -------------------------------------------------------------------    -------------------
                         (clock gen_pynq_clk_50m.clkout0 rise edge)
                                                      0.000     0.000 r  
    H16                                               0.000     0.000 r  CLK100MHZ (IN)
                         net (fo=0)                   0.000     0.000    CLK100MHZ
    H16                  IBUF (Prop_ibuf_I_O)         1.451     1.451 r  CLK100MHZ_IBUF_inst/O
                         net (fo=1, routed)           1.285     2.736    CLK100MHZ_IBUF
    MMCME2_ADV_X1Y2      MMCME2_ADV (Prop_mmcme2_adv_CLKIN1_CLKOUT0)
                                                     -7.759    -5.023 r  gen_pynq_clk_50m.u_clk_mmcm/CLKOUT0
                         net (fo=1, routed)           2.206    -2.817    gen_pynq_clk_50m.clkout0
    BUFGCTRL_X0Y16       BUFG (Prop_bufg_I_O)         0.101    -2.716 r  gen_pynq_clk_50m.u_cpu_clk_bufg/O
                         net (fo=2343, routed)        2.053    -0.663    cpu_clk
    SLICE_X107Y140       FDCE                                         r  reset_sync_r_reg[4]/C
  -------------------------------------------------------------------    -------------------
    SLICE_X107Y140       FDCE (Prop_fdce_C_Q)         0.456    -0.207 r  reset_sync_r_reg[4]/Q
                         net (fo=2, routed)           0.668     0.461    u_soc/u_cpu/u_regfile/Q[4]
    SLICE_X107Y140       LUT4 (Prop_lut4_I1_O)        0.124     0.585 f  u_soc/u_cpu/u_regfile/led_OBUF[0]_inst_i_2/O
                         net (fo=2, routed)           0.163     0.748    u_soc/u_cpu/u_regfile/reset_sync_r_reg[5]
    SLICE_X107Y140       LUT6 (Prop_lut6_I5_O)        0.124     0.872 f  u_soc/u_cpu/u_regfile/regs[1][31]_i_3/O
                         net (fo=2321, routed)        8.595     9.466    u_soc/gen_pynq_clk_50m.u_clk_mmcm
    SLICE_X26Y142        FDCE                                         f  u_soc/timer_value_r_reg[60]/CLR
  -------------------------------------------------------------------    -------------------

                         (clock gen_pynq_clk_50m.clkout0 rise edge)
                                                     20.000    20.000 r  
    H16                                               0.000    20.000 r  CLK100MHZ (IN)
                         net (fo=0)                   0.000    20.000    CLK100MHZ
    H16                  IBUF (Prop_ibuf_I_O)         1.380    21.380 r  CLK100MHZ_IBUF_inst/O
                         net (fo=1, routed)           1.162    22.542    CLK100MHZ_IBUF
    MMCME2_ADV_X1Y2      MMCME2_ADV (Prop_mmcme2_adv_CLKIN1_CLKOUT0)
                                                     -7.814    14.728 r  gen_pynq_clk_50m.u_clk_mmcm/CLKOUT0
                         net (fo=1, routed)           2.012    16.740    gen_pynq_clk_50m.clkout0
    BUFGCTRL_X0Y16       BUFG (Prop_bufg_I_O)         0.091    16.831 r  gen_pynq_clk_50m.u_cpu_clk_bufg/O
                         net (fo=2343, routed)        1.694    18.525    u_soc/cpu_clk
    SLICE_X26Y142        FDCE                                         r  u_soc/timer_value_r_reg[60]/C
                         clock pessimism              0.484    19.009    
                         clock uncertainty           -0.079    18.930    
    SLICE_X26Y142        FDCE (Recov_fdce_C_CLR)     -0.361    18.569    u_soc/timer_value_r_reg[60]
  -------------------------------------------------------------------
                         required time                         18.569    
                         arrival time                          -9.466    
  -------------------------------------------------------------------
                         slack                                  9.103    





Min Delay Paths
--------------------------------------------------------------------------------------
Slack (MET) :             1.073ns  (arrival time - required time)
  Source:                 reset_sync_r_reg[0]/C
                            (rising edge-triggered cell FDCE clocked by gen_pynq_clk_50m.clkout0  {rise@0.000ns fall@10.000ns period=20.000ns})
  Destination:            u_soc/u_cpu/u_regfile/regs_reg[14][17]/CLR
                            (removal check against rising-edge clock gen_pynq_clk_50m.clkout0  {rise@0.000ns fall@10.000ns period=20.000ns})
  Path Group:             **async_default**
  Path Type:              Removal (Min at Fast Process Corner)
  Requirement:            0.000ns  (gen_pynq_clk_50m.clkout0 rise@0.000ns - gen_pynq_clk_50m.clkout0 rise@0.000ns)
  Data Path Delay:        1.192ns  (logic 0.186ns (15.610%)  route 1.006ns (84.390%))
  Logic Levels:           1  (LUT6=1)
  Clock Path Skew:        0.185ns (DCD - SCD - CPR)
    Destination Clock Delay (DCD):    -0.830ns
    Source Clock Delay      (SCD):    -0.515ns
    Clock Pessimism Removal (CPR):    -0.500ns

    Location             Delay type                Incr(ns)  Path(ns)    Netlist Resource(s)
  -------------------------------------------------------------------    -------------------
                         (clock gen_pynq_clk_50m.clkout0 rise edge)
                                                      0.000     0.000 r  
    H16                                               0.000     0.000 r  CLK100MHZ (IN)
                         net (fo=0)                   0.000     0.000    CLK100MHZ
    H16                  IBUF (Prop_ibuf_I_O)         0.219     0.219 r  CLK100MHZ_IBUF_inst/O
                         net (fo=1, routed)           0.440     0.659    CLK100MHZ_IBUF
    MMCME2_ADV_X1Y2      MMCME2_ADV (Prop_mmcme2_adv_CLKIN1_CLKOUT0)
                                                     -2.613    -1.954 r  gen_pynq_clk_50m.u_clk_mmcm/CLKOUT0
                         net (fo=1, routed)           0.696    -1.257    gen_pynq_clk_50m.clkout0
    BUFGCTRL_X0Y16       BUFG (Prop_bufg_I_O)         0.026    -1.231 r  gen_pynq_clk_50m.u_cpu_clk_bufg/O
                         net (fo=2343, routed)        0.716    -0.515    cpu_clk
    SLICE_X106Y140       FDCE                                         r  reset_sync_r_reg[0]/C
  -------------------------------------------------------------------    -------------------
    SLICE_X106Y140       FDCE (Prop_fdce_C_Q)         0.141    -0.374 r  reset_sync_r_reg[0]/Q
                         net (fo=3, routed)           0.110    -0.264    u_soc/u_cpu/u_regfile/Q[0]
    SLICE_X107Y140       LUT6 (Prop_lut6_I3_O)        0.045    -0.219 f  u_soc/u_cpu/u_regfile/regs[1][31]_i_3/O
                         net (fo=2321, routed)        0.896     0.677    u_soc/u_cpu/u_regfile/gen_pynq_clk_50m.u_clk_mmcm
    SLICE_X36Y144        FDCE                                         f  u_soc/u_cpu/u_regfile/regs_reg[14][17]/CLR
  -------------------------------------------------------------------    -------------------

                         (clock gen_pynq_clk_50m.clkout0 rise edge)
                                                      0.000     0.000 r  
    H16                                               0.000     0.000 r  CLK100MHZ (IN)
                         net (fo=0)                   0.000     0.000    CLK100MHZ
    H16                  IBUF (Prop_ibuf_I_O)         0.406     0.406 r  CLK100MHZ_IBUF_inst/O
                         net (fo=1, routed)           0.480     0.886    CLK100MHZ_IBUF
    MMCME2_ADV_X1Y2      MMCME2_ADV (Prop_mmcme2_adv_CLKIN1_CLKOUT0)
                                                     -3.407    -2.521 r  gen_pynq_clk_50m.u_clk_mmcm/CLKOUT0
                         net (fo=1, routed)           0.752    -1.769    gen_pynq_clk_50m.clkout0
    BUFGCTRL_X0Y16       BUFG (Prop_bufg_I_O)         0.029    -1.740 r  gen_pynq_clk_50m.u_cpu_clk_bufg/O
                         net (fo=2343, routed)        0.910    -0.830    u_soc/u_cpu/u_regfile/cpu_clk
    SLICE_X36Y144        FDCE                                         r  u_soc/u_cpu/u_regfile/regs_reg[14][17]/C
                         clock pessimism              0.500    -0.330    
    SLICE_X36Y144        FDCE (Remov_fdce_C_CLR)     -0.067    -0.397    u_soc/u_cpu/u_regfile/regs_reg[14][17]
  -------------------------------------------------------------------
                         required time                          0.397    
                         arrival time                           0.677    
  -------------------------------------------------------------------
                         slack                                  1.073    





