
****** xsim v2025.2 (64-bit)
  **** SW Build 6299465 on Fri Nov 14 19:35:11 GMT 2025
  **** IP Build 6300035 on Fri Nov 14 10:48:45 MST 2025
  **** SharedData Build 6298862 on Thu Nov 13 04:50:51 MST 2025
  **** Start of session at: Sat Jun  6 00:06:21 2026
    ** Copyright 1986-2022 Xilinx, Inc. All Rights Reserved.
    ** Copyright 2022-2025 Advanced Micro Devices, Inc. All Rights Reserved.

source xsim.dir/YH_rv_cpu_dhrystone_tb_snapshot/xsim_script.tcl
# xsim {YH_rv_cpu_dhrystone_tb_snapshot} -testplusarg max_cycles=250000000 -testplusarg dhrystone_runs=1000 -autoloadwcfg -runall
Time resolution is 1 ps
run -all
Starting Dhrystone simulation (MAX_CYCLES=250000000)...
DHRYSTONE_RUNS=1000
Microseconds for one run through Dhrystone: 4
Dhrystones per Second:                      211836

PASS: dhrystone completed at PC=00000070 in 516078 cycles
$finish called at time : 5160885 ns : File "D:/BaiduSyncdisk/02_icdc_workspace/.worktrees/coremark7-dmips5-20260508/YH_rv_cpu/tb/YH_rv_cpu_dhrystone_tb.v" Line 354
run: Time (s): cpu = 00:00:00 ; elapsed = 00:00:14 . Memory (MB): peak = 204.957 ; gain = 0.035
exit
INFO: xsimkernel Simulation Memory Usage: 13888 KB (Peak: 13888 KB), Simulation CPU Usage: 14374 ms
INFO: [Common 17-206] Exiting xsim at Sat Jun  6 00:06:37 2026...
