
****** xsim v2025.2 (64-bit)
  **** SW Build 6299465 on Fri Nov 14 19:35:11 GMT 2025
  **** IP Build 6300035 on Fri Nov 14 10:48:45 MST 2025
  **** SharedData Build 6298862 on Thu Nov 13 04:50:51 MST 2025
  **** Start of session at: Sun May 10 20:16:45 2026
    ** Copyright 1986-2022 Xilinx, Inc. All Rights Reserved.
    ** Copyright 2022-2025 Advanced Micro Devices, Inc. All Rights Reserved.

source xsim.dir/YH_rv_cpu_coremark_profile_rv32_zmmul_bitmanip_zicond_xthead_idbr_tb_snapshot/xsim_script.tcl
# xsim {YH_rv_cpu_coremark_profile_rv32_zmmul_bitmanip_zicond_xthead_idbr_tb_snapshot} -testplusarg max_cycles=220000000 -autoloadwcfg -runall
Time resolution is 1 ps
run -all
Starting CoreMark profiling simulation (MAX_CYCLES=220000000)...
2K performance run parameters for coremark.
CoreMark Size    : 666
Total ticks      : 1333054
Total time (secs): 0
ERROR! Must execute for at least 10 secs for a valid result!
Iterations       : 10
Compiler version : GCC 15.2.0
Compiler flags   : -O3 -funroll-loops -mbranch-cost=1 -fno-schedule-insns -fno-schedule-insns2 -funroll-all-loops --param max-unrolled-insns=800 --param max-average-unrolled-insns=320 -finline-functions --param max-inline-insns-single=1000 --param max-inline-insns-auto=1000 --param inline-unit-growth=500 -fno-crossjumping -O2 -fschedule-insns -fschedule-insns2 -fno-caller-saves -fno-auto-inc-dec -march=rv32i_zmmul_zba_zbb_zbs_zicond_xtheadba_xtheadbb_xtheadbs_xtheadcondmov_xtheadmemidx_zicsr -mabi=ilp32
Memory location  : SoC ROM/RAM
seedcrc          : 0xe9f5
[0]crclist       : 0xe714
[0]crcmatrix     : 0x1fd7
[0]crcstate      : 0x8e3a
[0]crcfinal      : 0xfcaf
Errors detected

PASS: coremark profile completed at PC=00003e08 in 1367836 cycles
PROFILE: total_cycles=1367836
PROFILE: timer_lo_read_count=2
PROFILE: timed_cycles=1333054
PROFILE: timed_id_ex_valid_cycles=1327434
PROFILE: timed_non_idex_cycles=5620
PROFILE: timed_stall_decode_cycles=0
PROFILE: timed_mem_wait_cycles=0
PROFILE: timed_ex_redirect_cycles=3448
PROFILE: timed_decode_flush_cycles=5620
PROFILE: timed_ex_decode_flush_cycles=5620
PROFILE: timed_id_decode_redirect_cycles=73235
PROFILE: timed_branch_predict_redirect_cycles=64800
PROFILE: timed_jal_predict_redirect_cycles=1182
PROFILE: timed_if_id_invalid_cycles=0
PROFILE: timed_if_id_bubble_cycles=0
PROFILE: timed_non_idex_decode_flush_cycles=0
PROFILE: timed_non_idex_id_redirect_cycles=1170
PROFILE: timed_non_idex_predict_redirect_cycles=0
PROFILE: timed_non_idex_ex_redirect_cycles=0
PROFILE: timed_non_idex_if_id_invalid_cycles=0
PROFILE: timed_id_beq_decode_redirect_cycles=17568
PROFILE: timed_id_bne_decode_redirect_cycles=16401
PROFILE: timed_id_blt_decode_redirect_cycles=2704
PROFILE: timed_id_bge_decode_redirect_cycles=7609
PROFILE: timed_id_bltu_decode_redirect_cycles=11580
PROFILE: timed_id_bgeu_decode_redirect_cycles=1080
PROFILE: timed_id_branch_decode_candidate_cycles=313979
PROFILE: timed_id_branch_decode_pending_cycles=150417
PROFILE: timed_id_branch_decode_redirect_cycles=56942
PROFILE: timed_id_ex_load_cycles=350078
PROFILE: timed_id_ex_store_cycles=38741
PROFILE: timed_id_ex_branch_cycles=313859
PROFILE: timed_id_ex_jump_cycles=17475
PROFILE: timed_id_ex_mul_cycles=93960
PROFILE: timed_pc_startup_cycles=0
PROFILE: timed_pc_calc_cycles=180
PROFILE: timed_pc_list_cycles=416411
PROFILE: timed_pc_iterate_cycles=0
PROFILE: timed_pc_main_cycles=0
PROFILE: timed_pc_matrix_cycles=36352
PROFILE: timed_pc_state_cycles=633400
PROFILE: timed_pc_crc_cycles=0
PROFILE: timed_pc_port_cycles=241091
PROFILE: timed_pc_unknown_cycles=0
PROFILE: stall_decode_cycles=0
PROFILE: mem_wait_cycles=0
PROFILE: ex_trap_valid_cycles=0
PROFILE: ex_mret_valid_cycles=0
PROFILE: ex_branch_redirect_cycles=3607
PROFILE: ex_beq_redirect_cycles=2005
PROFILE: ex_bne_redirect_cycles=212
PROFILE: ex_blt_redirect_cycles=10
PROFILE: ex_bge_redirect_cycles=1341
PROFILE: ex_bltu_redirect_cycles=34
PROFILE: ex_bgeu_redirect_cycles=5
PROFILE: ex_jal_redirect_cycles=0
PROFILE: ex_jalr_redirect_cycles=26
PROFILE: ex_fetch_redirect_valid_cycles=5807
PROFILE: fetch_queue_empty_cycles=1367836
PROFILE: fetch_redirect_reuse_cycles=0
PROFILE: fetch_redirect_reuse_miss_cycles=3633
PROFILE: fetch_redirect_buf0_hit_cycles=0
PROFILE: fetch_redirect_buf1_hit_cycles=0
PROFILE: id_ex_valid_cycles=1362027
PROFILE: id_ex_load_cycles=354292
PROFILE: id_ex_store_cycles=44496
PROFILE: id_ex_branch_cycles=322159
PROFILE: id_ex_jump_cycles=20266
PROFILE: id_ex_jal_cycles=18930
PROFILE: id_ex_jalr_cycles=1336
PROFILE: id_ex_csr_cycles=0
PROFILE: id_ex_mul_cycles=94055
PROFILE: id_ex_mulh_cycles=0
PROFILE: id_ex_mulhsu_cycles=0
PROFILE: id_ex_mulhu_cycles=5
PROFILE: id_ex_div_cycles=0
PROFILE: id_ex_divu_cycles=0
PROFILE: id_ex_rem_cycles=0
PROFILE: id_ex_remu_cycles=0
PROFILE: pc_startup_cycles=8199
PROFILE: pc_calc_cycles=180
PROFILE: pc_list_cycles=418102
PROFILE: pc_list_init_cycles=36038
PROFILE: pc_list_runtime_cycles=382064
PROFILE: pc_iterate_cycles=2712
PROFILE: pc_main_cycles=377
PROFILE: pc_matrix_cycles=36681
PROFILE: pc_matrix_test_cycles=313
PROFILE: pc_core_bench_matrix_cycles=8
PROFILE: pc_core_init_matrix_cycles=88
PROFILE: pc_matrix_sum_cycles=20
PROFILE: pc_matrix_mul_const_cycles=20
PROFILE: pc_matrix_add_const_cycles=10
PROFILE: pc_matrix_mul_vect_cycles=17
PROFILE: pc_matrix_mul_matrix_cycles=6805
PROFILE: pc_matrix_bitextract_cycles=29400
PROFILE: pc_state_cycles=633400
PROFILE: pc_core_init_state_cycles=133680
PROFILE: pc_state_transition_cycles=260120
PROFILE: pc_core_bench_state_cycles=239600
PROFILE: pc_crc_cycles=0
PROFILE: pc_port_cycles=254901
PROFILE: pc_unknown_cycles=7475
PROFILE: pc_top rank=0 pc=00000528 cycles=15270
PROFILE: pc_top rank=1 pc=0000052c cycles=15270
PROFILE: pc_top rank=2 pc=00000520 cycles=15250
PROFILE: pc_top rank=3 pc=00000524 cycles=15250
PROFILE: pc_top rank=4 pc=00000578 cycles=14290
PROFILE: pc_top rank=5 pc=0000057c cycles=14290
PROFILE: pc_top rank=6 pc=00000580 cycles=14290
PROFILE: pc_top rank=7 pc=00000570 cycles=14220
PROFILE: pc_top rank=8 pc=00000574 cycles=14220
PROFILE: pc_top rank=9 pc=000004c0 cycles=13680
PROFILE: pc_top rank=10 pc=000004c4 cycles=13680
PROFILE: pc_top rank=11 pc=000004b8 cycles=13620
PROFILE: pc_top rank=12 pc=000004bc cycles=13620
PROFILE: pc_top rank=13 pc=00000614 cycles=13620
PROFILE: pc_top rank=14 pc=00000618 cycles=13620
PROFILE: pc_top rank=15 pc=0000061c cycles=13620
PROFILE: pc_top rank=16 pc=0000060c cycles=13560
PROFILE: pc_top rank=17 pc=00000610 cycles=13560
PROFILE: pc_top rank=18 pc=00006dd8 cycles=7400
PROFILE: pc_top rank=19 pc=00006ddc cycles=7400
PROFILE: pc_top rank=20 pc=000068dc cycles=6560
PROFILE: pc_top rank=21 pc=00006de0 cycles=6440
PROFILE: pc_top rank=22 pc=00006de4 cycles=6440
PROFILE: pc_top rank=23 pc=00006de8 cycles=6440
PROFILE: pc_top rank=24 pc=00006dec cycles=6320
PROFILE: pc_top rank=25 pc=00006df0 cycles=6320
PROFILE: pc_top rank=26 pc=00006df4 cycles=6320
PROFILE: pc_top rank=27 pc=00006df8 cycles=6320
PROFILE: pc_top rank=28 pc=000068e0 cycles=5200
PROFILE: pc_top rank=29 pc=000068e4 cycles=5200
PROFILE: pc_top rank=30 pc=000068e8 cycles=5200
PROFILE: pc_top rank=31 pc=000068ec cycles=4840
PROFILE: pc_top rank=32 pc=000068f0 cycles=4840
PROFILE: pc_top rank=33 pc=000068f4 cycles=4840
PROFILE: pc_top rank=34 pc=000068f8 cycles=4840
PROFILE: pc_top rank=35 pc=00006898 cycles=4680
PROFILE: pc_top rank=36 pc=0000689c cycles=4320
PROFILE: pc_top rank=37 pc=00006894 cycles=3520
PROFILE: pc_top rank=38 pc=00006904 cycles=3520
PROFILE: pc_top rank=39 pc=00006908 cycles=3520
PROFILE: timed_pc_top rank=0 pc=00000528 cycles=15270
PROFILE: timed_pc_top rank=1 pc=0000052c cycles=15270
PROFILE: timed_pc_top rank=2 pc=00000520 cycles=15250
PROFILE: timed_pc_top rank=3 pc=00000524 cycles=15250
PROFILE: timed_pc_top rank=4 pc=00000578 cycles=14290
PROFILE: timed_pc_top rank=5 pc=0000057c cycles=14290
PROFILE: timed_pc_top rank=6 pc=00000580 cycles=14290
PROFILE: timed_pc_top rank=7 pc=00000570 cycles=14220
PROFILE: timed_pc_top rank=8 pc=00000574 cycles=14220
PROFILE: timed_pc_top rank=9 pc=000004c0 cycles=13680
PROFILE: timed_pc_top rank=10 pc=000004c4 cycles=13680
PROFILE: timed_pc_top rank=11 pc=000004b8 cycles=13620
PROFILE: timed_pc_top rank=12 pc=000004bc cycles=13620
PROFILE: timed_pc_top rank=13 pc=00000614 cycles=13620
PROFILE: timed_pc_top rank=14 pc=00000618 cycles=13620
PROFILE: timed_pc_top rank=15 pc=0000061c cycles=13620
PROFILE: timed_pc_top rank=16 pc=0000060c cycles=13560
PROFILE: timed_pc_top rank=17 pc=00000610 cycles=13560
PROFILE: timed_pc_top rank=18 pc=00006dd8 cycles=7400
PROFILE: timed_pc_top rank=19 pc=00006ddc cycles=7400
PROFILE: timed_pc_top rank=20 pc=000068dc cycles=6560
PROFILE: timed_pc_top rank=21 pc=00006de0 cycles=6440
PROFILE: timed_pc_top rank=22 pc=00006de4 cycles=6440
PROFILE: timed_pc_top rank=23 pc=00006de8 cycles=6440
PROFILE: timed_pc_top rank=24 pc=00006dec cycles=6320
PROFILE: timed_pc_top rank=25 pc=00006df0 cycles=6320
PROFILE: timed_pc_top rank=26 pc=00006df4 cycles=6320
PROFILE: timed_pc_top rank=27 pc=00006df8 cycles=6320
PROFILE: timed_pc_top rank=28 pc=000068e0 cycles=5200
PROFILE: timed_pc_top rank=29 pc=000068e4 cycles=5200
PROFILE: timed_id_redirect_pc_top rank=0 pc=00006df8 cycles=5440
PROFILE: timed_id_redirect_pc_top rank=1 pc=000068f8 cycles=3280
PROFILE: timed_id_redirect_pc_top rank=2 pc=000045a4 cycles=3240
PROFILE: timed_id_redirect_pc_top rank=3 pc=00004814 cycles=3240
PROFILE: timed_id_redirect_pc_top rank=4 pc=00004338 cycles=2880
PROFILE: timed_id_redirect_pc_top rank=5 pc=00004534 cycles=2880
PROFILE: timed_id_redirect_pc_top rank=6 pc=00004740 cycles=2880
PROFILE: timed_id_redirect_pc_top rank=7 pc=00004a64 cycles=2880
PROFILE: timed_id_redirect_pc_top rank=8 pc=00004ad8 cycles=2880
PROFILE: timed_id_redirect_pc_top rank=9 pc=0000479c cycles=2760
PROFILE: timed_id_redirect_pc_top rank=10 pc=0000689c cycles=2160
PROFILE: timed_id_redirect_pc_top rank=11 pc=00006edc cycles=1600
PROFILE: timed_id_redirect_pc_top rank=12 pc=000068dc cycles=1360
PROFILE: timed_id_redirect_pc_top rank=13 pc=00006d84 cycles=1160
PROFILE: timed_id_redirect_pc_top rank=14 pc=000068a0 cycles=960
PROFILE: timed_id_redirect_pc_top rank=15 pc=00006ddc cycles=960
PROFILE: timed_id_redirect_pc_top rank=16 pc=00007068 cycles=960
PROFILE: timed_id_redirect_pc_top rank=17 pc=00006e08 cycles=880
PROFILE: timed_id_redirect_pc_top rank=18 pc=00000e30 cycles=869
PROFILE: timed_id_redirect_pc_top rank=19 pc=00000988 cycles=809
PROFILE: timed_predict_redirect_pc_top rank=0 pc=0000052c cycles=15270
PROFILE: timed_predict_redirect_pc_top rank=1 pc=00000580 cycles=14290
PROFILE: timed_predict_redirect_pc_top rank=2 pc=000004c4 cycles=13680
PROFILE: timed_predict_redirect_pc_top rank=3 pc=0000061c cycles=13620
PROFILE: timed_predict_redirect_pc_top rank=4 pc=00006914 cycles=3520
PROFILE: timed_predict_redirect_pc_top rank=5 pc=00006d80 cycles=1600
PROFILE: timed_predict_redirect_pc_top rank=6 pc=00000b90 cycles=940
PROFILE: timed_predict_redirect_pc_top rank=7 pc=00000d98 cycles=450
PROFILE: timed_predict_redirect_pc_top rank=8 pc=00006d18 cycles=320
PROFILE: timed_predict_redirect_pc_top rank=9 pc=00006d28 cycles=320
PROFILE: timed_predict_redirect_pc_top rank=10 pc=00000738 cycles=290
PROFILE: timed_predict_redirect_pc_top rank=11 pc=000016d0 cycles=290
PROFILE: timed_predict_redirect_pc_top rank=12 pc=000016dc cycles=290
PROFILE: timed_predict_redirect_pc_top rank=13 pc=000014cc cycles=150
PROFILE: timed_predict_redirect_pc_top rank=14 pc=00001458 cycles=130
PROFILE: timed_predict_redirect_pc_top rank=15 pc=0000091c cycles=80
PROFILE: timed_predict_redirect_pc_top rank=16 pc=000006d8 cycles=60
PROFILE: timed_predict_redirect_pc_top rank=17 pc=000007e0 cycles=60
PROFILE: timed_predict_redirect_pc_top rank=18 pc=00000c7c cycles=60
PROFILE: timed_predict_redirect_pc_top rank=19 pc=00000fd0 cycles=60
PROFILE: timed_non_idex_prev_pc_top rank=0 pc=00006d84 cycles=1600
PROFILE: timed_non_idex_prev_pc_top rank=1 pc=00000e14 cycles=1267
PROFILE: timed_non_idex_prev_pc_top rank=2 pc=00000b58 cycles=490
PROFILE: timed_non_idex_prev_pc_top rank=3 pc=00000b5c cycles=450
PROFILE: timed_non_idex_prev_pc_top rank=4 pc=00000d0c cycles=450
PROFILE: timed_non_idex_prev_pc_top rank=5 pc=00000d10 cycles=440
PROFILE: timed_non_idex_prev_pc_top rank=6 pc=000016d4 cycles=280
PROFILE: timed_non_idex_prev_pc_top rank=7 pc=00000584 cycles=70
PROFILE: timed_non_idex_prev_pc_top rank=8 pc=000005f8 cycles=70
PROFILE: timed_non_idex_prev_pc_top rank=9 pc=000004c8 cycles=60
PROFILE: timed_non_idex_prev_pc_top rank=10 pc=00000620 cycles=60
PROFILE: timed_non_idex_prev_pc_top rank=11 pc=00000c48 cycles=60
PROFILE: timed_non_idex_prev_pc_top rank=12 pc=00001028 cycles=60
PROFILE: timed_non_idex_prev_pc_top rank=13 pc=00006918 cycles=40
PROFILE: timed_non_idex_prev_pc_top rank=14 pc=00000530 cycles=20
PROFILE: timed_non_idex_prev_pc_top rank=15 pc=00000630 cycles=20
PROFILE: timed_non_idex_prev_pc_top rank=16 pc=00000638 cycles=20
PROFILE: timed_non_idex_prev_pc_top rank=17 pc=000006dc cycles=20
PROFILE: timed_non_idex_prev_pc_top rank=18 pc=000007e4 cycles=20
PROFILE: timed_non_idex_prev_pc_top rank=19 pc=00000920 cycles=20
PROFILE: id_branch_decode_candidate_cycles=322280
PROFILE: id_branch_decode_ready_cycles=170077
PROFILE: id_branch_decode_pending_cycles=152203
PROFILE: id_branch_decode_redirect_cycles=59170
PROFILE: id_branch_decode_rs1_pending_cycles=121750
PROFILE: id_branch_decode_rs2_pending_cycles=30453
PROFILE: id_branch_decode_rs1_idex_pending_cycles=121750
PROFILE: id_branch_decode_rs2_idex_pending_cycles=30453
PROFILE: id_branch_decode_rs1_exmem_pending_cycles=0
PROFILE: id_branch_decode_rs2_exmem_pending_cycles=0
PROFILE: id_beq_decode_candidate_cycles=153456
PROFILE: id_bne_decode_candidate_cycles=88444
PROFILE: id_blt_decode_candidate_cycles=3536
PROFILE: id_bge_decode_candidate_cycles=20032
PROFILE: id_bltu_decode_candidate_cycles=38021
PROFILE: id_bgeu_decode_candidate_cycles=18791
PROFILE: id_beq_decode_pending_cycles=86653
PROFILE: id_bne_decode_pending_cycles=63278
PROFILE: id_blt_decode_pending_cycles=20
PROFILE: id_bge_decode_pending_cycles=2181
PROFILE: id_bltu_decode_pending_cycles=58
PROFILE: id_bgeu_decode_pending_cycles=13
$finish called at time : 13678465 ns : File "D:/BaiduSyncdisk/02_icdc_workspace/.worktrees/coremark7-dmips5-20260508/YH_rv_cpu/tb/YH_rv_cpu_coremark_profile_tb.v" Line 867
run: Time (s): cpu = 00:00:00 ; elapsed = 00:00:34 . Memory (MB): peak = 196.012 ; gain = 0.125
exit
INFO: xsimkernel Simulation Memory Usage: 15748 KB (Peak: 15748 KB), Simulation CPU Usage: 34233 ms
INFO: [Common 17-206] Exiting xsim at Sun May 10 20:17:21 2026...
