Copyright 1986-2022 Xilinx, Inc. All Rights Reserved. Copyright 2022-2025 Advanced Micro Devices, Inc. All Rights Reserved.
---------------------------------------------------------------------------------------------------------------------------------------------
| Tool Version : Vivado v.2025.2 (win64) Build 6299465 Fri Nov 14 19:35:11 GMT 2025
| Date         : Thu May  7 10:28:47 2026
| Host         : Toylog_desktop running 64-bit major release  (build 9200)
| Command      : report_timing_summary -file W:/project/reports/pynq_z2_sysclk_8p000ns_cpu50/synth_timing_summary.rpt
| Design       : YH_rv_cpu_fpga_top
| Device       : 7z020-clg400
| Speed File   : -1  PRODUCTION 1.12 2019-11-22
| Design State : Synthesized
---------------------------------------------------------------------------------------------------------------------------------------------

Timing Summary Report

------------------------------------------------------------------------------------------------
| Timer Settings
| --------------
------------------------------------------------------------------------------------------------

  Enable Multi Corner Analysis               :  Yes
  Enable Pessimism Removal                   :  Yes
  Pessimism Removal Resolution               :  Nearest Common Node
  Enable Input Delay Default Clock           :  No
  Enable Preset / Clear Arcs                 :  No
  Disable Flight Delays                      :  No
  Ignore I/O Paths                           :  No
  Timing Early Launch at Borrowing Latches   :  No
  Borrow Time for Max Delay Exceptions       :  Yes
  Merge Timing Exceptions                    :  Yes
  Inter-SLR Compensation                     :  Conservative

  Corner  Analyze    Analyze    
  Name    Max Paths  Min Paths  
  ------  ---------  ---------  
  Slow    Yes        Yes        
  Fast    Yes        Yes        


------------------------------------------------------------------------------------------------
| Report Methodology
| ------------------
------------------------------------------------------------------------------------------------

No report available as report_methodology has not been run prior. Run report_methodology on the current design for the summary of methodology violations.



check_timing report

Table of Contents
-----------------
1. checking no_clock (0)
2. checking constant_clock (0)
3. checking pulse_width_clock (0)
4. checking unconstrained_internal_endpoints (0)
5. checking no_input_delay (1)
6. checking no_output_delay (4)
7. checking multiple_clock (0)
8. checking generated_clocks (0)
9. checking loops (0)
10. checking partial_input_delay (0)
11. checking partial_output_delay (0)
12. checking latch_loops (0)

1. checking no_clock (0)
------------------------
 There are 0 register/latch pins with no clock.


2. checking constant_clock (0)
------------------------------
 There are 0 register/latch pins with constant_clock.


3. checking pulse_width_clock (0)
---------------------------------
 There are 0 register/latch pins which need pulse_width check


4. checking unconstrained_internal_endpoints (0)
------------------------------------------------
 There are 0 pins that are not constrained for maximum delay.

 There are 0 pins that are not constrained for maximum delay due to constant clock.


5. checking no_input_delay (1)
------------------------------
 There is 1 input port with no input delay specified. (HIGH)

 There are 0 input ports with no input delay but user has a false path constraint.


6. checking no_output_delay (4)
-------------------------------
 There are 4 ports with no output delay specified. (HIGH)

 There are 0 ports with no output delay but user has a false path constraint

 There are 0 ports with no output delay but with a timing clock defined on it or propagating through it


7. checking multiple_clock (0)
------------------------------
 There are 0 register/latch pins with multiple clocks.


8. checking generated_clocks (0)
--------------------------------
 There are 0 generated clocks that are not connected to a clock source.


9. checking loops (0)
---------------------
 There are 0 combinational loops in the design.


10. checking partial_input_delay (0)
------------------------------------
 There are 0 input ports with partial input delay specified.


11. checking partial_output_delay (0)
-------------------------------------
 There are 0 ports with partial output delay specified.


12. checking latch_loops (0)
----------------------------
 There are 0 combinational latch loops in the design through latch input



------------------------------------------------------------------------------------------------
| Design Timing Summary
| ---------------------
------------------------------------------------------------------------------------------------

    WNS(ns)      TNS(ns)  TNS Failing Endpoints  TNS Total Endpoints      WHS(ns)      THS(ns)  THS Failing Endpoints  THS Total Endpoints     WPWS(ns)     TPWS(ns)  TPWS Failing Endpoints  TPWS Total Endpoints  
    -------      -------  ---------------------  -------------------      -------      -------  ---------------------  -------------------     --------     --------  ----------------------  --------------------  
      1.351        0.000                      0                 7200        0.132        0.000                      0                 7200        2.000        0.000                       0                  2401  


All user specified timing constraints are met.


------------------------------------------------------------------------------------------------
| Clock Summary
| -------------
------------------------------------------------------------------------------------------------

Clock                       Waveform(ns)         Period(ns)      Frequency(MHz)
-----                       ------------         ----------      --------------
pynq_sys_clk                {0.000 4.000}        8.000           125.000         
  gen_pynq_clk_50m.clkfb    {0.000 4.000}        8.000           125.000         
  gen_pynq_clk_50m.clkout0  {0.000 10.000}       20.000          50.000          


------------------------------------------------------------------------------------------------
| Intra Clock Table
| -----------------
------------------------------------------------------------------------------------------------

Clock                           WNS(ns)      TNS(ns)  TNS Failing Endpoints  TNS Total Endpoints      WHS(ns)      THS(ns)  THS Failing Endpoints  THS Total Endpoints     WPWS(ns)     TPWS(ns)  TPWS Failing Endpoints  TPWS Total Endpoints  
-----                           -------      -------  ---------------------  -------------------      -------      -------  ---------------------  -------------------     --------     --------  ----------------------  --------------------  
pynq_sys_clk                                                                                                                                                                  2.000        0.000                       0                     1  
  gen_pynq_clk_50m.clkfb                                                                                                                                                      5.845        0.000                       0                     3  
  gen_pynq_clk_50m.clkout0        1.351        0.000                      0                 4831        0.132        0.000                      0                 4831        9.500        0.000                       0                  2397  


------------------------------------------------------------------------------------------------
| Inter Clock Table
| -----------------
------------------------------------------------------------------------------------------------

From Clock    To Clock          WNS(ns)      TNS(ns)  TNS Failing Endpoints  TNS Total Endpoints      WHS(ns)      THS(ns)  THS Failing Endpoints  THS Total Endpoints  
----------    --------          -------      -------  ---------------------  -------------------      -------      -------  ---------------------  -------------------  


------------------------------------------------------------------------------------------------
| Other Path Groups Table
| -----------------------
------------------------------------------------------------------------------------------------

Path Group                From Clock                To Clock                      WNS(ns)      TNS(ns)  TNS Failing Endpoints  TNS Total Endpoints      WHS(ns)      THS(ns)  THS Failing Endpoints  THS Total Endpoints  
----------                ----------                --------                      -------      -------  ---------------------  -------------------      -------      -------  ---------------------  -------------------  
**async_default**         gen_pynq_clk_50m.clkout0  gen_pynq_clk_50m.clkout0       16.357        0.000                      0                 2369        0.780        0.000                      0                 2369  


------------------------------------------------------------------------------------------------
| Timing Details
| --------------
------------------------------------------------------------------------------------------------


---------------------------------------------------------------------------------------------------
From Clock:  pynq_sys_clk
  To Clock:  pynq_sys_clk

Setup :           NA  Failing Endpoints,  Worst Slack           NA  ,  Total Violation           NA
Hold  :           NA  Failing Endpoints,  Worst Slack           NA  ,  Total Violation           NA
PW    :            0  Failing Endpoints,  Worst Slack        2.000ns,  Total Violation        0.000ns
---------------------------------------------------------------------------------------------------


Pulse Width Checks
--------------------------------------------------------------------------------------
Clock Name:         pynq_sys_clk
Waveform(ns):       { 0.000 4.000 }
Period(ns):         8.000
Sources:            { CLK100MHZ }

Check Type        Corner  Lib Pin            Reference Pin  Required(ns)  Actual(ns)  Slack(ns)  Location  Pin
Min Period        n/a     MMCME2_ADV/CLKIN1  n/a            1.249         8.000       6.751                gen_pynq_clk_50m.u_clk_mmcm/CLKIN1
Max Period        n/a     MMCME2_ADV/CLKIN1  n/a            100.000       8.000       92.000               gen_pynq_clk_50m.u_clk_mmcm/CLKIN1
Low Pulse Width   Slow    MMCME2_ADV/CLKIN1  n/a            2.000         4.000       2.000                gen_pynq_clk_50m.u_clk_mmcm/CLKIN1
High Pulse Width  Slow    MMCME2_ADV/CLKIN1  n/a            2.000         4.000       2.000                gen_pynq_clk_50m.u_clk_mmcm/CLKIN1



---------------------------------------------------------------------------------------------------
From Clock:  gen_pynq_clk_50m.clkfb
  To Clock:  gen_pynq_clk_50m.clkfb

Setup :           NA  Failing Endpoints,  Worst Slack           NA  ,  Total Violation           NA
Hold  :           NA  Failing Endpoints,  Worst Slack           NA  ,  Total Violation           NA
PW    :            0  Failing Endpoints,  Worst Slack        5.845ns,  Total Violation        0.000ns
---------------------------------------------------------------------------------------------------


Pulse Width Checks
--------------------------------------------------------------------------------------
Clock Name:         gen_pynq_clk_50m.clkfb
Waveform(ns):       { 0.000 4.000 }
Period(ns):         8.000
Sources:            { gen_pynq_clk_50m.u_clk_mmcm/CLKFBOUT }

Check Type  Corner  Lib Pin             Reference Pin  Required(ns)  Actual(ns)  Slack(ns)  Location  Pin
Min Period  n/a     BUFG/I              n/a            2.155         8.000       5.845                gen_pynq_clk_50m.u_clkfb_bufg/I
Max Period  n/a     MMCME2_ADV/CLKFBIN  n/a            100.000       8.000       92.000               gen_pynq_clk_50m.u_clk_mmcm/CLKFBIN



---------------------------------------------------------------------------------------------------
From Clock:  gen_pynq_clk_50m.clkout0
  To Clock:  gen_pynq_clk_50m.clkout0

Setup :            0  Failing Endpoints,  Worst Slack        1.351ns,  Total Violation        0.000ns
Hold  :            0  Failing Endpoints,  Worst Slack        0.132ns,  Total Violation        0.000ns
PW    :            0  Failing Endpoints,  Worst Slack        9.500ns,  Total Violation        0.000ns
---------------------------------------------------------------------------------------------------


Max Delay Paths
--------------------------------------------------------------------------------------
Slack (MET) :             1.351ns  (required time - arrival time)
  Source:                 u_soc/u_cpu/ex_mem_rd_addr_r_reg[3]/C
                            (rising edge-triggered cell FDCE clocked by gen_pynq_clk_50m.clkout0  {rise@0.000ns fall@10.000ns period=20.000ns})
  Destination:            u_soc/u_cpu/ex_mem_exec_result_r_reg[26]/D
                            (rising edge-triggered cell FDCE clocked by gen_pynq_clk_50m.clkout0  {rise@0.000ns fall@10.000ns period=20.000ns})
  Path Group:             gen_pynq_clk_50m.clkout0
  Path Type:              Setup (Max at Slow Process Corner)
  Requirement:            20.000ns  (gen_pynq_clk_50m.clkout0 rise@20.000ns - gen_pynq_clk_50m.clkout0 rise@0.000ns)
  Data Path Delay:        18.469ns  (logic 10.508ns (56.894%)  route 7.961ns (43.106%))
  Logic Levels:           17  (CARRY4=2 DSP48E1=3 LUT3=3 LUT4=1 LUT5=2 LUT6=6)
  Clock Path Skew:        -0.145ns (DCD - SCD + CPR)
    Destination Clock Delay (DCD):    -2.269ns = ( 17.731 - 20.000 ) 
    Source Clock Delay      (SCD):    -1.593ns
    Clock Pessimism Removal (CPR):    0.530ns
  Clock Uncertainty:      0.079ns  ((TSJ^2 + DJ^2)^1/2) / 2 + PE
    Total System Jitter     (TSJ):    0.071ns
    Discrete Jitter          (DJ):    0.141ns
    Phase Error              (PE):    0.000ns

    Location             Delay type                Incr(ns)  Path(ns)    Netlist Resource(s)
  -------------------------------------------------------------------    -------------------
                         (clock gen_pynq_clk_50m.clkout0 rise edge)
                                                      0.000     0.000 r  
    H16                                               0.000     0.000 r  CLK100MHZ (IN)
                         net (fo=0)                   0.000     0.000    CLK100MHZ
    H16                  IBUF (Prop_ibuf_I_O)         1.451     1.451 r  CLK100MHZ_IBUF_inst/O
                         net (fo=1, unplaced)         0.584     2.035    CLK100MHZ_IBUF
                         MMCME2_ADV (Prop_mmcme2_adv_CLKIN1_CLKOUT0)
                                                     -5.113    -3.078 r  gen_pynq_clk_50m.u_clk_mmcm/CLKOUT0
                         net (fo=1, unplaced)         0.800    -2.278    gen_pynq_clk_50m.clkout0
                         BUFG (Prop_bufg_I_O)         0.101    -2.177 r  gen_pynq_clk_50m.u_cpu_clk_bufg/O
                         net (fo=2395, unplaced)      0.584    -1.593    u_soc/u_cpu/cpu_clk
                         FDCE                                         r  u_soc/u_cpu/ex_mem_rd_addr_r_reg[3]/C
  -------------------------------------------------------------------    -------------------
                         FDCE (Prop_fdce_C_Q)         0.478    -1.115 f  u_soc/u_cpu/ex_mem_rd_addr_r_reg[3]/Q
                         net (fo=12, unplaced)        1.013    -0.102    u_soc/u_cpu/u_ex_stage/u_alu/gen_mul_extension.mul_signed_i_118_2[3]
                         LUT6 (Prop_lut6_I0_O)        0.295     0.193 r  u_soc/u_cpu/u_ex_stage/u_alu/gen_mul_extension.mul_signed_i_161/O
                         net (fo=2, unplaced)         0.460     0.653    u_soc/u_cpu/u_ex_stage/u_alu/gen_mul_extension.mul_signed_i_161_n_0
                         LUT3 (Prop_lut3_I2_O)        0.124     0.777 f  u_soc/u_cpu/u_ex_stage/u_alu/gen_mul_extension.mul_signed_i_152/O
                         net (fo=1, unplaced)         0.449     1.226    u_soc/u_cpu/u_ex_stage/u_alu/gen_mul_extension.mul_signed_i_152_n_0
                         LUT5 (Prop_lut5_I4_O)        0.124     1.350 f  u_soc/u_cpu/u_ex_stage/u_alu/gen_mul_extension.mul_signed_i_102/O
                         net (fo=38, unplaced)        0.524     1.874    u_soc/u_cpu/u_ex_stage/u_alu/ex_mem_rd_addr_r_reg[1]
                         LUT6 (Prop_lut6_I0_O)        0.124     1.998 f  u_soc/u_cpu/u_ex_stage/u_alu/gen_mul_extension.mul_signed_i_135/O
                         net (fo=30, unplaced)        0.519     2.517    u_soc/u_cpu/u_ex_stage/u_alu/mem_wb_rd_addr_r_reg[1]_rep__1_0
                         LUT6 (Prop_lut6_I5_O)        0.124     2.641 f  u_soc/u_cpu/u_ex_stage/u_alu/gen_mul_extension.mul_signed_i_88/O
                         net (fo=2, unplaced)         0.460     3.101    u_soc/u_cpu/u_ex_stage/u_alu/id_ex_rs2_value_r_reg[15]
                         LUT5 (Prop_lut5_I1_O)        0.124     3.225 r  u_soc/u_cpu/u_ex_stage/u_alu/gen_mul_extension.mul_signed_i_49/O
                         net (fo=5, unplaced)         0.477     3.702    u_soc/u_cpu/u_ex_stage/u_alu/ex_rs2_forwarded[10]
                         LUT3 (Prop_lut3_I2_O)        0.124     3.826 r  u_soc/u_cpu/u_ex_stage/u_alu/gen_mul_extension.mul_signed_i_17/O
                         net (fo=20, unplaced)        0.800     4.625    u_soc/u_cpu/u_ex_stage/u_alu/alu_rhs[15]
                         DSP48E1 (Prop_dsp48e1_B[15]_PCOUT[47])
                                                      3.851     8.476 r  u_soc/u_cpu/u_ex_stage/u_alu/gen_mul_extension.mul_mix__3/PCOUT[47]
                         net (fo=1, unplaced)         0.055     8.531    u_soc/u_cpu/u_ex_stage/u_alu/gen_mul_extension.mul_mix__3_n_106
                         DSP48E1 (Prop_dsp48e1_PCIN[47]_PCOUT[47])
                                                      1.713    10.244 r  u_soc/u_cpu/u_ex_stage/u_alu/gen_mul_extension.mul_mix__4/PCOUT[47]
                         net (fo=1, unplaced)         0.000    10.244    u_soc/u_cpu/u_ex_stage/u_alu/gen_mul_extension.mul_mix__4_n_106
                         DSP48E1 (Prop_dsp48e1_PCIN[47]_P[35])
                                                      1.518    11.762 r  u_soc/u_cpu/u_ex_stage/u_alu/gen_mul_extension.mul_mix__5/P[35]
                         net (fo=3, unplaced)         0.800    12.562    u_soc/u_cpu/u_ex_stage/u_alu/gen_mul_extension.mul_mix__5_n_70
                         LUT3 (Prop_lut3_I0_O)        0.150    12.712 r  u_soc/u_cpu/u_ex_stage/u_alu/gen_mul_extension.mul_mix__1_carry__4_i_4/O
                         net (fo=2, unplaced)         0.485    13.197    u_soc/u_cpu/u_ex_stage/u_alu/gen_mul_extension.mul_mix__1_carry__4_i_4_n_0
                         LUT4 (Prop_lut4_I3_O)        0.355    13.552 r  u_soc/u_cpu/u_ex_stage/u_alu/gen_mul_extension.mul_mix__1_carry__4_i_8/O
                         net (fo=1, unplaced)         0.000    13.552    u_soc/u_cpu/u_ex_stage/u_alu/gen_mul_extension.mul_mix__1_carry__4_i_8_n_0
                         CARRY4 (Prop_carry4_S[0]_CO[3])
                                                      0.513    14.065 r  u_soc/u_cpu/u_ex_stage/u_alu/gen_mul_extension.mul_mix__1_carry__4/CO[3]
                         net (fo=1, unplaced)         0.000    14.065    u_soc/u_cpu/u_ex_stage/u_alu/gen_mul_extension.mul_mix__1_carry__4_n_0
                         CARRY4 (Prop_carry4_CI_O[1])
                                                      0.337    14.402 r  u_soc/u_cpu/u_ex_stage/u_alu/gen_mul_extension.mul_mix__1_carry__5/O[1]
                         net (fo=1, unplaced)         0.599    15.001    u_soc/u_cpu/u_ex_stage/u_alu/data11[26]
                         LUT6 (Prop_lut6_I1_O)        0.306    15.307 r  u_soc/u_cpu/u_ex_stage/u_alu/ex_mem_exec_result_r[26]_i_8/O
                         net (fo=1, unplaced)         0.902    16.209    u_soc/u_cpu/u_ex_stage/u_alu/ex_mem_exec_result_r[26]_i_8_n_0
                         LUT6 (Prop_lut6_I1_O)        0.124    16.333 r  u_soc/u_cpu/u_ex_stage/u_alu/ex_mem_exec_result_r[26]_i_3/O
                         net (fo=1, unplaced)         0.419    16.752    u_soc/u_cpu/u_ex_stage/u_alu/ex_mem_exec_result_r[26]_i_3_n_0
                         LUT6 (Prop_lut6_I3_O)        0.124    16.876 r  u_soc/u_cpu/u_ex_stage/u_alu/ex_mem_exec_result_r[26]_i_1/O
                         net (fo=1, unplaced)         0.000    16.876    u_soc/u_cpu/ex_exec_result_final[26]
                         FDCE                                         r  u_soc/u_cpu/ex_mem_exec_result_r_reg[26]/D
  -------------------------------------------------------------------    -------------------

                         (clock gen_pynq_clk_50m.clkout0 rise edge)
                                                     20.000    20.000 r  
    H16                                               0.000    20.000 r  CLK100MHZ (IN)
                         net (fo=0)                   0.000    20.000    CLK100MHZ
    H16                  IBUF (Prop_ibuf_I_O)         1.380    21.380 r  CLK100MHZ_IBUF_inst/O
                         net (fo=1, unplaced)         0.439    21.819    CLK100MHZ_IBUF
                         MMCME2_ADV (Prop_mmcme2_adv_CLKIN1_CLKOUT0)
                                                     -5.378    16.442 r  gen_pynq_clk_50m.u_clk_mmcm/CLKOUT0
                         net (fo=1, unplaced)         0.760    17.201    gen_pynq_clk_50m.clkout0
                         BUFG (Prop_bufg_I_O)         0.091    17.292 r  gen_pynq_clk_50m.u_cpu_clk_bufg/O
                         net (fo=2395, unplaced)      0.439    17.731    u_soc/u_cpu/cpu_clk
                         FDCE                                         r  u_soc/u_cpu/ex_mem_exec_result_r_reg[26]/C
                         clock pessimism              0.530    18.262    
                         clock uncertainty           -0.079    18.183    
                         FDCE (Setup_fdce_C_D)        0.044    18.227    u_soc/u_cpu/ex_mem_exec_result_r_reg[26]
  -------------------------------------------------------------------
                         required time                         18.227    
                         arrival time                         -16.876    
  -------------------------------------------------------------------
                         slack                                  1.351    





Min Delay Paths
--------------------------------------------------------------------------------------
Slack (MET) :             0.132ns  (arrival time - required time)
  Source:                 u_soc/u_cpu/fetch_buf0_valid_r_reg_bret/C
                            (rising edge-triggered cell FDCE clocked by gen_pynq_clk_50m.clkout0  {rise@0.000ns fall@10.000ns period=20.000ns})
  Destination:            u_soc/u_cpu/fetch_buf0_valid_r_reg_bret/D
                            (rising edge-triggered cell FDCE clocked by gen_pynq_clk_50m.clkout0  {rise@0.000ns fall@10.000ns period=20.000ns})
  Path Group:             gen_pynq_clk_50m.clkout0
  Path Type:              Hold (Min at Fast Process Corner)
  Requirement:            0.000ns  (gen_pynq_clk_50m.clkout0 rise@0.000ns - gen_pynq_clk_50m.clkout0 rise@0.000ns)
  Data Path Delay:        0.376ns  (logic 0.245ns (65.144%)  route 0.131ns (34.856%))
  Logic Levels:           1  (LUT5=1)
  Clock Path Skew:        0.145ns (DCD - SCD - CPR)
    Destination Clock Delay (DCD):    -1.102ns
    Source Clock Delay      (SCD):    -0.966ns
    Clock Pessimism Removal (CPR):    -0.280ns

    Location             Delay type                Incr(ns)  Path(ns)    Netlist Resource(s)
  -------------------------------------------------------------------    -------------------
                         (clock gen_pynq_clk_50m.clkout0 rise edge)
                                                      0.000     0.000 r  
    H16                                               0.000     0.000 r  CLK100MHZ (IN)
                         net (fo=0)                   0.000     0.000    CLK100MHZ
    H16                  IBUF (Prop_ibuf_I_O)         0.219     0.219 r  CLK100MHZ_IBUF_inst/O
                         net (fo=1, unplaced)         0.114     0.333    CLK100MHZ_IBUF
                         MMCME2_ADV (Prop_mmcme2_adv_CLKIN1_CLKOUT0)
                                                     -1.776    -1.443 r  gen_pynq_clk_50m.u_clk_mmcm/CLKOUT0
                         net (fo=1, unplaced)         0.337    -1.106    gen_pynq_clk_50m.clkout0
                         BUFG (Prop_bufg_I_O)         0.026    -1.080 r  gen_pynq_clk_50m.u_cpu_clk_bufg/O
                         net (fo=2395, unplaced)      0.114    -0.966    u_soc/u_cpu/cpu_clk
                         FDCE                                         r  u_soc/u_cpu/fetch_buf0_valid_r_reg_bret/C
  -------------------------------------------------------------------    -------------------
                         FDCE (Prop_fdce_C_Q)         0.147    -0.819 r  u_soc/u_cpu/fetch_buf0_valid_r_reg_bret/Q
                         net (fo=1, unplaced)         0.131    -0.688    u_soc/u_cpu_n_2
                         LUT5 (Prop_lut5_I4_O)        0.098    -0.590 r  u_soc/fetch_buf0_valid_r_bret_i_1/O
                         net (fo=83, unplaced)        0.000    -0.590    u_soc/u_cpu/fetch_buf0_valid_r_reg_bret_1
                         FDCE                                         r  u_soc/u_cpu/fetch_buf0_valid_r_reg_bret/D
  -------------------------------------------------------------------    -------------------

                         (clock gen_pynq_clk_50m.clkout0 rise edge)
                                                      0.000     0.000 r  
    H16                                               0.000     0.000 r  CLK100MHZ (IN)
                         net (fo=0)                   0.000     0.000    CLK100MHZ
    H16                  IBUF (Prop_ibuf_I_O)         0.406     0.406 r  CLK100MHZ_IBUF_inst/O
                         net (fo=1, unplaced)         0.259     0.665    CLK100MHZ_IBUF
                         MMCME2_ADV (Prop_mmcme2_adv_CLKIN1_CLKOUT0)
                                                     -2.410    -1.744 r  gen_pynq_clk_50m.u_clk_mmcm/CLKOUT0
                         net (fo=1, unplaced)         0.355    -1.390    gen_pynq_clk_50m.clkout0
                         BUFG (Prop_bufg_I_O)         0.029    -1.361 r  gen_pynq_clk_50m.u_cpu_clk_bufg/O
                         net (fo=2395, unplaced)      0.259    -1.102    u_soc/u_cpu/cpu_clk
                         FDCE                                         r  u_soc/u_cpu/fetch_buf0_valid_r_reg_bret/C
                         clock pessimism              0.280    -0.821    
                         FDCE (Hold_fdce_C_D)         0.099    -0.722    u_soc/u_cpu/fetch_buf0_valid_r_reg_bret
  -------------------------------------------------------------------
                         required time                          0.722    
                         arrival time                          -0.590    
  -------------------------------------------------------------------
                         slack                                  0.132    





Pulse Width Checks
--------------------------------------------------------------------------------------
Clock Name:         gen_pynq_clk_50m.clkout0
Waveform(ns):       { 0.000 10.000 }
Period(ns):         20.000
Sources:            { gen_pynq_clk_50m.u_clk_mmcm/CLKOUT0 }

Check Type        Corner  Lib Pin             Reference Pin  Required(ns)  Actual(ns)  Slack(ns)  Location  Pin
Min Period        n/a     RAMB36E1/CLKARDCLK  n/a            2.944         20.000      17.056               u_soc/u_dmem_ram/g_sync_ram.g_posedge_read.ram_mem_reg_0/CLKARDCLK
Max Period        n/a     MMCME2_ADV/CLKOUT0  n/a            213.360       20.000      193.360              gen_pynq_clk_50m.u_clk_mmcm/CLKOUT0
Low Pulse Width   Slow    FDCE/C              n/a            0.500         10.000      9.500                reset_sync_r_reg[0]/C
High Pulse Width  Slow    FDCE/C              n/a            0.500         10.000      9.500                reset_sync_r_reg[0]/C



---------------------------------------------------------------------------------------------------
Path Group:  **async_default**
From Clock:  gen_pynq_clk_50m.clkout0
  To Clock:  gen_pynq_clk_50m.clkout0

Setup :            0  Failing Endpoints,  Worst Slack       16.357ns,  Total Violation        0.000ns
Hold  :            0  Failing Endpoints,  Worst Slack        0.780ns,  Total Violation        0.000ns
---------------------------------------------------------------------------------------------------


Max Delay Paths
--------------------------------------------------------------------------------------
Slack (MET) :             16.357ns  (required time - arrival time)
  Source:                 reset_sync_r_reg[4]/C
                            (rising edge-triggered cell FDCE clocked by gen_pynq_clk_50m.clkout0  {rise@0.000ns fall@10.000ns period=20.000ns})
  Destination:            u_soc/timer_cmp_r_reg[0]/PRE
                            (recovery check against rising-edge clock gen_pynq_clk_50m.clkout0  {rise@0.000ns fall@10.000ns period=20.000ns})
  Path Group:             **async_default**
  Path Type:              Recovery (Max at Slow Process Corner)
  Requirement:            20.000ns  (gen_pynq_clk_50m.clkout0 rise@20.000ns - gen_pynq_clk_50m.clkout0 rise@0.000ns)
  Data Path Delay:        3.025ns  (logic 0.897ns (29.653%)  route 2.128ns (70.347%))
  Logic Levels:           2  (LUT4=1 LUT6=1)
  Clock Path Skew:        -0.145ns (DCD - SCD + CPR)
    Destination Clock Delay (DCD):    -2.269ns = ( 17.731 - 20.000 ) 
    Source Clock Delay      (SCD):    -1.593ns
    Clock Pessimism Removal (CPR):    0.530ns
  Clock Uncertainty:      0.079ns  ((TSJ^2 + DJ^2)^1/2) / 2 + PE
    Total System Jitter     (TSJ):    0.071ns
    Discrete Jitter          (DJ):    0.141ns
    Phase Error              (PE):    0.000ns

    Location             Delay type                Incr(ns)  Path(ns)    Netlist Resource(s)
  -------------------------------------------------------------------    -------------------
                         (clock gen_pynq_clk_50m.clkout0 rise edge)
                                                      0.000     0.000 r  
    H16                                               0.000     0.000 r  CLK100MHZ (IN)
                         net (fo=0)                   0.000     0.000    CLK100MHZ
    H16                  IBUF (Prop_ibuf_I_O)         1.451     1.451 r  CLK100MHZ_IBUF_inst/O
                         net (fo=1, unplaced)         0.584     2.035    CLK100MHZ_IBUF
                         MMCME2_ADV (Prop_mmcme2_adv_CLKIN1_CLKOUT0)
                                                     -5.113    -3.078 r  gen_pynq_clk_50m.u_clk_mmcm/CLKOUT0
                         net (fo=1, unplaced)         0.800    -2.278    gen_pynq_clk_50m.clkout0
                         BUFG (Prop_bufg_I_O)         0.101    -2.177 r  gen_pynq_clk_50m.u_cpu_clk_bufg/O
                         net (fo=2395, unplaced)      0.584    -1.593    cpu_clk
                         FDCE                                         r  reset_sync_r_reg[4]/C
  -------------------------------------------------------------------    -------------------
                         FDCE (Prop_fdce_C_Q)         0.478    -1.115 r  reset_sync_r_reg[4]/Q
                         net (fo=2, unplaced)         0.752    -0.363    u_soc/u_cpu/u_regfile/regs_reg[30][0]_0[4]
                         LUT4 (Prop_lut4_I1_O)        0.295    -0.068 f  u_soc/u_cpu/u_regfile/led_OBUF[0]_inst_i_2/O
                         net (fo=2, unplaced)         0.460     0.392    u_soc/u_cpu/u_regfile/reset_sync_r_reg[5]
                         LUT6 (Prop_lut6_I5_O)        0.124     0.516 f  u_soc/u_cpu/u_regfile/regs[1][31]_i_3/O
                         net (fo=2369, unplaced)      0.916     1.432    u_soc/gen_pynq_clk_50m.u_clk_mmcm
                         FDPE                                         f  u_soc/timer_cmp_r_reg[0]/PRE
  -------------------------------------------------------------------    -------------------

                         (clock gen_pynq_clk_50m.clkout0 rise edge)
                                                     20.000    20.000 r  
    H16                                               0.000    20.000 r  CLK100MHZ (IN)
                         net (fo=0)                   0.000    20.000    CLK100MHZ
    H16                  IBUF (Prop_ibuf_I_O)         1.380    21.380 r  CLK100MHZ_IBUF_inst/O
                         net (fo=1, unplaced)         0.439    21.819    CLK100MHZ_IBUF
                         MMCME2_ADV (Prop_mmcme2_adv_CLKIN1_CLKOUT0)
                                                     -5.378    16.442 r  gen_pynq_clk_50m.u_clk_mmcm/CLKOUT0
                         net (fo=1, unplaced)         0.760    17.201    gen_pynq_clk_50m.clkout0
                         BUFG (Prop_bufg_I_O)         0.091    17.292 r  gen_pynq_clk_50m.u_cpu_clk_bufg/O
                         net (fo=2395, unplaced)      0.439    17.731    u_soc/cpu_clk
                         FDPE                                         r  u_soc/timer_cmp_r_reg[0]/C
                         clock pessimism              0.530    18.262    
                         clock uncertainty           -0.079    18.183    
                         FDPE (Recov_fdpe_C_PRE)     -0.394    17.789    u_soc/timer_cmp_r_reg[0]
  -------------------------------------------------------------------
                         required time                         17.789    
                         arrival time                          -1.432    
  -------------------------------------------------------------------
                         slack                                 16.357    





Min Delay Paths
--------------------------------------------------------------------------------------
Slack (MET) :             0.780ns  (arrival time - required time)
  Source:                 reset_sync_r_reg[1]/C
                            (rising edge-triggered cell FDCE clocked by gen_pynq_clk_50m.clkout0  {rise@0.000ns fall@10.000ns period=20.000ns})
  Destination:            u_soc/done_value_r_reg[0]/CLR
                            (removal check against rising-edge clock gen_pynq_clk_50m.clkout0  {rise@0.000ns fall@10.000ns period=20.000ns})
  Path Group:             **async_default**
  Path Type:              Removal (Min at Fast Process Corner)
  Requirement:            0.000ns  (gen_pynq_clk_50m.clkout0 rise@0.000ns - gen_pynq_clk_50m.clkout0 rise@0.000ns)
  Data Path Delay:        0.837ns  (logic 0.245ns (29.278%)  route 0.592ns (70.722%))
  Logic Levels:           1  (LUT6=1)
  Clock Path Skew:        0.145ns (DCD - SCD - CPR)
    Destination Clock Delay (DCD):    -1.102ns
    Source Clock Delay      (SCD):    -0.966ns
    Clock Pessimism Removal (CPR):    -0.280ns

    Location             Delay type                Incr(ns)  Path(ns)    Netlist Resource(s)
  -------------------------------------------------------------------    -------------------
                         (clock gen_pynq_clk_50m.clkout0 rise edge)
                                                      0.000     0.000 r  
    H16                                               0.000     0.000 r  CLK100MHZ (IN)
                         net (fo=0)                   0.000     0.000    CLK100MHZ
    H16                  IBUF (Prop_ibuf_I_O)         0.219     0.219 r  CLK100MHZ_IBUF_inst/O
                         net (fo=1, unplaced)         0.114     0.333    CLK100MHZ_IBUF
                         MMCME2_ADV (Prop_mmcme2_adv_CLKIN1_CLKOUT0)
                                                     -1.776    -1.443 r  gen_pynq_clk_50m.u_clk_mmcm/CLKOUT0
                         net (fo=1, unplaced)         0.337    -1.106    gen_pynq_clk_50m.clkout0
                         BUFG (Prop_bufg_I_O)         0.026    -1.080 r  gen_pynq_clk_50m.u_cpu_clk_bufg/O
                         net (fo=2395, unplaced)      0.114    -0.966    cpu_clk
                         FDCE                                         r  reset_sync_r_reg[1]/C
  -------------------------------------------------------------------    -------------------
                         FDCE (Prop_fdce_C_Q)         0.147    -0.819 r  reset_sync_r_reg[1]/Q
                         net (fo=3, unplaced)         0.206    -0.614    u_soc/u_cpu/u_regfile/regs_reg[30][0]_0[1]
                         LUT6 (Prop_lut6_I4_O)        0.098    -0.516 f  u_soc/u_cpu/u_regfile/regs[1][31]_i_3/O
                         net (fo=2369, unplaced)      0.386    -0.129    u_soc/gen_pynq_clk_50m.u_clk_mmcm
                         FDCE                                         f  u_soc/done_value_r_reg[0]/CLR
  -------------------------------------------------------------------    -------------------

                         (clock gen_pynq_clk_50m.clkout0 rise edge)
                                                      0.000     0.000 r  
    H16                                               0.000     0.000 r  CLK100MHZ (IN)
                         net (fo=0)                   0.000     0.000    CLK100MHZ
    H16                  IBUF (Prop_ibuf_I_O)         0.406     0.406 r  CLK100MHZ_IBUF_inst/O
                         net (fo=1, unplaced)         0.259     0.665    CLK100MHZ_IBUF
                         MMCME2_ADV (Prop_mmcme2_adv_CLKIN1_CLKOUT0)
                                                     -2.410    -1.744 r  gen_pynq_clk_50m.u_clk_mmcm/CLKOUT0
                         net (fo=1, unplaced)         0.355    -1.390    gen_pynq_clk_50m.clkout0
                         BUFG (Prop_bufg_I_O)         0.029    -1.361 r  gen_pynq_clk_50m.u_cpu_clk_bufg/O
                         net (fo=2395, unplaced)      0.259    -1.102    u_soc/cpu_clk
                         FDCE                                         r  u_soc/done_value_r_reg[0]/C
                         clock pessimism              0.280    -0.821    
                         FDCE (Remov_fdce_C_CLR)     -0.088    -0.909    u_soc/done_value_r_reg[0]
  -------------------------------------------------------------------
                         required time                          0.909    
                         arrival time                          -0.129    
  -------------------------------------------------------------------
                         slack                                  0.780    





