
****** xsim v2025.2 (64-bit)
  **** SW Build 6299465 on Fri Nov 14 19:35:11 GMT 2025
  **** IP Build 6300035 on Fri Nov 14 10:48:45 MST 2025
  **** SharedData Build 6298862 on Thu Nov 13 04:50:51 MST 2025
  **** Start of session at: Mon May 18 11:38:18 2026
    ** Copyright 1986-2022 Xilinx, Inc. All Rights Reserved.
    ** Copyright 2022-2025 Advanced Micro Devices, Inc. All Rights Reserved.

source xsim.dir/YH_rv_cpu_coremark_fpga_tb_snapshot/xsim_script.tcl
# xsim {YH_rv_cpu_coremark_fpga_tb_snapshot} -testplusarg max_cycles=30000000 -autoloadwcfg -runall
Time resolution is 1 ps
run -all
Starting FPGA-like CoreMark simulation (MAX_CYCLES=30000000)...
CoreMark Size    : 133
Total ticks      : 201244
Total time (secs): 0
ERROR! Must execute for at least 10 secs for a valid result!
Iterations       : 10
Compiler version : GCC 15.2.0
Compiler flags   : -O3 -funroll-loops -mbranch-cost=1 -fno-schedule-insns -fno-schedule-insns2 -funroll-all-loops --param max-unrolled-insns=800 --param max-average-unrolled-insns=320 -finline-functions --param max-inline-insns-single=1000 --param max-inline-insns-auto=1000 --param inline-unit-growth=500 -fno-crossjumping -O2 -fschedule-insns -fschedule-insns2 -fno-caller-saves -march=rv32i_zmmul_zba_zbb_zbs_zbc_zicond_zbkb_zbkx_xtheadba_xtheadbb_xtheadbs_xtheadcondmov_xtheadmemidx_xtheadmac_xtheadmempair_zicsr -mabi=ilp32
Memory location  : SoC ROM/RAM
seedcrc          : 0xe97b
[0]crclist       : 0x31be
[0]crcmatrix     : 0x0000
[0]crcstate      : 0x7bd3
[0]crcfinal      : 0xacf4
Correct operation validated. See README.md for run and reporting rules.

PASS: coremark completed at PC=00003cdc in 224202 cycles
$finish called at time : 2242125 ns : File "D:/BaiduSyncdisk/02_icdc_workspace/.worktrees/coremark7-dmips5-20260508/YH_rv_cpu/tb/YH_rv_cpu_coremark_fpga_tb.v" Line 316
run: Time (s): cpu = 00:00:00 ; elapsed = 00:00:07 . Memory (MB): peak = 196.094 ; gain = 0.184
exit
INFO: [Common 17-206] Exiting xsim at Mon May 18 11:38:26 2026...
