Copyright 1986-2022 Xilinx, Inc. All Rights Reserved. Copyright 2022-2025 Advanced Micro Devices, Inc. All Rights Reserved.
---------------------------------------------------------------------------------------------------------------------------------------------
| Tool Version : Vivado v.2025.2 (win64) Build 6299465 Fri Nov 14 19:35:11 GMT 2025
| Date         : Thu May 14 11:54:07 2026
| Host         : Toylog_desktop running 64-bit major release  (build 9200)
| Command      : report_timing_summary -file W:/project/reports/pynq_z2_sysclk_8p000ns_cpu50/impl_timing_summary.rpt
| Design       : YH_rv_cpu_fpga_top
| Device       : 7z020-clg400
| Speed File   : -1  PRODUCTION 1.12 2019-11-22
| Design State : Physopt postRoute
---------------------------------------------------------------------------------------------------------------------------------------------

Timing Summary Report

------------------------------------------------------------------------------------------------
| Timer Settings
| --------------
------------------------------------------------------------------------------------------------

  Enable Multi Corner Analysis               :  Yes
  Enable Pessimism Removal                   :  Yes
  Pessimism Removal Resolution               :  Nearest Common Node
  Enable Input Delay Default Clock           :  No
  Enable Preset / Clear Arcs                 :  No
  Disable Flight Delays                      :  No
  Ignore I/O Paths                           :  No
  Timing Early Launch at Borrowing Latches   :  No
  Borrow Time for Max Delay Exceptions       :  Yes
  Merge Timing Exceptions                    :  Yes
  Inter-SLR Compensation                     :  Conservative

  Corner  Analyze    Analyze    
  Name    Max Paths  Min Paths  
  ------  ---------  ---------  
  Slow    Yes        Yes        
  Fast    Yes        Yes        


------------------------------------------------------------------------------------------------
| Report Methodology
| ------------------
------------------------------------------------------------------------------------------------

No report available as report_methodology has not been run prior. Run report_methodology on the current design for the summary of methodology violations.



check_timing report

Table of Contents
-----------------
1. checking no_clock (0)
2. checking constant_clock (0)
3. checking pulse_width_clock (0)
4. checking unconstrained_internal_endpoints (0)
5. checking no_input_delay (1)
6. checking no_output_delay (4)
7. checking multiple_clock (0)
8. checking generated_clocks (0)
9. checking loops (0)
10. checking partial_input_delay (0)
11. checking partial_output_delay (0)
12. checking latch_loops (0)

1. checking no_clock (0)
------------------------
 There are 0 register/latch pins with no clock.


2. checking constant_clock (0)
------------------------------
 There are 0 register/latch pins with constant_clock.


3. checking pulse_width_clock (0)
---------------------------------
 There are 0 register/latch pins which need pulse_width check


4. checking unconstrained_internal_endpoints (0)
------------------------------------------------
 There are 0 pins that are not constrained for maximum delay.

 There are 0 pins that are not constrained for maximum delay due to constant clock.


5. checking no_input_delay (1)
------------------------------
 There is 1 input port with no input delay specified. (HIGH)

 There are 0 input ports with no input delay but user has a false path constraint.


6. checking no_output_delay (4)
-------------------------------
 There are 4 ports with no output delay specified. (HIGH)

 There are 0 ports with no output delay but user has a false path constraint

 There are 0 ports with no output delay but with a timing clock defined on it or propagating through it


7. checking multiple_clock (0)
------------------------------
 There are 0 register/latch pins with multiple clocks.


8. checking generated_clocks (0)
--------------------------------
 There are 0 generated clocks that are not connected to a clock source.


9. checking loops (0)
---------------------
 There are 0 combinational loops in the design.


10. checking partial_input_delay (0)
------------------------------------
 There are 0 input ports with partial input delay specified.


11. checking partial_output_delay (0)
-------------------------------------
 There are 0 ports with partial output delay specified.


12. checking latch_loops (0)
----------------------------
 There are 0 combinational latch loops in the design through latch input



------------------------------------------------------------------------------------------------
| Design Timing Summary
| ---------------------
------------------------------------------------------------------------------------------------

    WNS(ns)      TNS(ns)  TNS Failing Endpoints  TNS Total Endpoints      WHS(ns)      THS(ns)  THS Failing Endpoints  THS Total Endpoints     WPWS(ns)     TPWS(ns)  TPWS Failing Endpoints  TPWS Total Endpoints  
    -------      -------  ---------------------  -------------------      -------      -------  ---------------------  -------------------     --------     --------  ----------------------  --------------------  
      0.095        0.000                      0                 8293        0.038        0.000                      0                 8293        2.000        0.000                       0                  2573  


All user specified timing constraints are met.


------------------------------------------------------------------------------------------------
| Clock Summary
| -------------
------------------------------------------------------------------------------------------------

Clock                       Waveform(ns)         Period(ns)      Frequency(MHz)
-----                       ------------         ----------      --------------
pynq_sys_clk                {0.000 4.000}        8.000           125.000         
  gen_pynq_clk_50m.clkfb    {0.000 4.000}        8.000           125.000         
  gen_pynq_clk_50m.clkout0  {0.000 10.000}       20.000          50.000          


------------------------------------------------------------------------------------------------
| Intra Clock Table
| -----------------
------------------------------------------------------------------------------------------------

Clock                           WNS(ns)      TNS(ns)  TNS Failing Endpoints  TNS Total Endpoints      WHS(ns)      THS(ns)  THS Failing Endpoints  THS Total Endpoints     WPWS(ns)     TPWS(ns)  TPWS Failing Endpoints  TPWS Total Endpoints  
-----                           -------      -------  ---------------------  -------------------      -------      -------  ---------------------  -------------------     --------     --------  ----------------------  --------------------  
pynq_sys_clk                                                                                                                                                                  2.000        0.000                       0                     1  
  gen_pynq_clk_50m.clkfb                                                                                                                                                      5.845        0.000                       0                     3  
  gen_pynq_clk_50m.clkout0        0.095        0.000                      0                 5804        0.038        0.000                      0                 5804        9.500        0.000                       0                  2569  


------------------------------------------------------------------------------------------------
| Inter Clock Table
| -----------------
------------------------------------------------------------------------------------------------

From Clock    To Clock          WNS(ns)      TNS(ns)  TNS Failing Endpoints  TNS Total Endpoints      WHS(ns)      THS(ns)  THS Failing Endpoints  THS Total Endpoints  
----------    --------          -------      -------  ---------------------  -------------------      -------      -------  ---------------------  -------------------  


------------------------------------------------------------------------------------------------
| Other Path Groups Table
| -----------------------
------------------------------------------------------------------------------------------------

Path Group                From Clock                To Clock                      WNS(ns)      TNS(ns)  TNS Failing Endpoints  TNS Total Endpoints      WHS(ns)      THS(ns)  THS Failing Endpoints  THS Total Endpoints  
----------                ----------                --------                      -------      -------  ---------------------  -------------------      -------      -------  ---------------------  -------------------  
**async_default**         gen_pynq_clk_50m.clkout0  gen_pynq_clk_50m.clkout0        9.007        0.000                      0                 2489        0.692        0.000                      0                 2489  


------------------------------------------------------------------------------------------------
| Timing Details
| --------------
------------------------------------------------------------------------------------------------


---------------------------------------------------------------------------------------------------
From Clock:  pynq_sys_clk
  To Clock:  pynq_sys_clk

Setup :           NA  Failing Endpoints,  Worst Slack           NA  ,  Total Violation           NA
Hold  :           NA  Failing Endpoints,  Worst Slack           NA  ,  Total Violation           NA
PW    :            0  Failing Endpoints,  Worst Slack        2.000ns,  Total Violation        0.000ns
---------------------------------------------------------------------------------------------------


Pulse Width Checks
--------------------------------------------------------------------------------------
Clock Name:         pynq_sys_clk
Waveform(ns):       { 0.000 4.000 }
Period(ns):         8.000
Sources:            { CLK100MHZ }

Check Type        Corner  Lib Pin            Reference Pin  Required(ns)  Actual(ns)  Slack(ns)  Location         Pin
Min Period        n/a     MMCME2_ADV/CLKIN1  n/a            1.249         8.000       6.751      MMCME2_ADV_X1Y2  gen_pynq_clk_50m.u_clk_mmcm/CLKIN1
Max Period        n/a     MMCME2_ADV/CLKIN1  n/a            100.000       8.000       92.000     MMCME2_ADV_X1Y2  gen_pynq_clk_50m.u_clk_mmcm/CLKIN1
Low Pulse Width   Slow    MMCME2_ADV/CLKIN1  n/a            2.000         4.000       2.000      MMCME2_ADV_X1Y2  gen_pynq_clk_50m.u_clk_mmcm/CLKIN1
High Pulse Width  Slow    MMCME2_ADV/CLKIN1  n/a            2.000         4.000       2.000      MMCME2_ADV_X1Y2  gen_pynq_clk_50m.u_clk_mmcm/CLKIN1



---------------------------------------------------------------------------------------------------
From Clock:  gen_pynq_clk_50m.clkfb
  To Clock:  gen_pynq_clk_50m.clkfb

Setup :           NA  Failing Endpoints,  Worst Slack           NA  ,  Total Violation           NA
Hold  :           NA  Failing Endpoints,  Worst Slack           NA  ,  Total Violation           NA
PW    :            0  Failing Endpoints,  Worst Slack        5.845ns,  Total Violation        0.000ns
---------------------------------------------------------------------------------------------------


Pulse Width Checks
--------------------------------------------------------------------------------------
Clock Name:         gen_pynq_clk_50m.clkfb
Waveform(ns):       { 0.000 4.000 }
Period(ns):         8.000
Sources:            { gen_pynq_clk_50m.u_clk_mmcm/CLKFBOUT }

Check Type  Corner  Lib Pin             Reference Pin  Required(ns)  Actual(ns)  Slack(ns)  Location         Pin
Min Period  n/a     BUFG/I              n/a            2.155         8.000       5.845      BUFGCTRL_X0Y17   gen_pynq_clk_50m.u_clkfb_bufg/I
Max Period  n/a     MMCME2_ADV/CLKFBIN  n/a            100.000       8.000       92.000     MMCME2_ADV_X1Y2  gen_pynq_clk_50m.u_clk_mmcm/CLKFBIN



---------------------------------------------------------------------------------------------------
From Clock:  gen_pynq_clk_50m.clkout0
  To Clock:  gen_pynq_clk_50m.clkout0

Setup :            0  Failing Endpoints,  Worst Slack        0.095ns,  Total Violation        0.000ns
Hold  :            0  Failing Endpoints,  Worst Slack        0.038ns,  Total Violation        0.000ns
PW    :            0  Failing Endpoints,  Worst Slack        9.500ns,  Total Violation        0.000ns
---------------------------------------------------------------------------------------------------


Max Delay Paths
--------------------------------------------------------------------------------------
Slack (MET) :             0.095ns  (required time - arrival time)
  Source:                 u_soc/u_cpu/id_ex_rs2_addr_r_reg[2]/C
                            (rising edge-triggered cell FDCE clocked by gen_pynq_clk_50m.clkout0  {rise@0.000ns fall@10.000ns period=20.000ns})
  Destination:            u_soc/g_shared_sync_rom.u_sync_rom/imem_rdata_r_reg_1/ADDRARDADDR[8]
                            (rising edge-triggered cell RAMB36E1 clocked by gen_pynq_clk_50m.clkout0  {rise@0.000ns fall@10.000ns period=20.000ns})
  Path Group:             gen_pynq_clk_50m.clkout0
  Path Type:              Setup (Max at Slow Process Corner)
  Requirement:            20.000ns  (gen_pynq_clk_50m.clkout0 rise@20.000ns - gen_pynq_clk_50m.clkout0 rise@0.000ns)
  Data Path Delay:        19.280ns  (logic 3.336ns (17.303%)  route 15.944ns (82.697%))
  Logic Levels:           19  (CARRY4=2 LUT2=1 LUT3=1 LUT4=2 LUT5=4 LUT6=9)
  Clock Path Skew:        0.020ns (DCD - SCD + CPR)
    Destination Clock Delay (DCD):    -1.505ns = ( 18.495 - 20.000 ) 
    Source Clock Delay      (SCD):    -1.058ns
    Clock Pessimism Removal (CPR):    0.466ns
  Clock Uncertainty:      0.079ns  ((TSJ^2 + DJ^2)^1/2) / 2 + PE
    Total System Jitter     (TSJ):    0.071ns
    Discrete Jitter          (DJ):    0.141ns
    Phase Error              (PE):    0.000ns

    Location             Delay type                Incr(ns)  Path(ns)    Netlist Resource(s)
  -------------------------------------------------------------------    -------------------
                         (clock gen_pynq_clk_50m.clkout0 rise edge)
                                                      0.000     0.000 r  
    H16                                               0.000     0.000 r  CLK100MHZ (IN)
                         net (fo=0)                   0.000     0.000    CLK100MHZ
    H16                  IBUF (Prop_ibuf_I_O)         1.451     1.451 r  CLK100MHZ_IBUF_inst/O
                         net (fo=1, routed)           1.285     2.736    CLK100MHZ_IBUF
    MMCME2_ADV_X1Y2      MMCME2_ADV (Prop_mmcme2_adv_CLKIN1_CLKOUT0)
                                                     -7.759    -5.023 r  gen_pynq_clk_50m.u_clk_mmcm/CLKOUT0
                         net (fo=1, routed)           2.206    -2.817    gen_pynq_clk_50m.clkout0
    BUFGCTRL_X0Y16       BUFG (Prop_bufg_I_O)         0.101    -2.716 r  gen_pynq_clk_50m.u_cpu_clk_bufg/O
                         net (fo=2567, routed)        1.658    -1.058    u_soc/u_cpu/cpu_clk
    SLICE_X37Y18         FDCE                                         r  u_soc/u_cpu/id_ex_rs2_addr_r_reg[2]/C
  -------------------------------------------------------------------    -------------------
    SLICE_X37Y18         FDCE (Prop_fdce_C_Q)         0.456    -0.602 r  u_soc/u_cpu/id_ex_rs2_addr_r_reg[2]/Q
                         net (fo=3, routed)           0.763     0.161    u_soc/u_cpu/u_ex_stage/u_alu/gen_mul_extension.mul_signed_i_127_0[2]
    SLICE_X38Y17         LUT4 (Prop_lut4_I1_O)        0.124     0.285 r  u_soc/u_cpu/u_ex_stage/u_alu/gen_mul_extension.mul_signed_i_153/O
                         net (fo=1, routed)           0.638     0.923    u_soc/u_cpu/u_ex_stage/u_alu/gen_mul_extension.mul_signed_i_153_n_0
    SLICE_X38Y17         LUT5 (Prop_lut5_I1_O)        0.124     1.047 r  u_soc/u_cpu/u_ex_stage/u_alu/gen_mul_extension.mul_signed_i_126/O
                         net (fo=32, routed)          1.330     2.377    u_soc/u_cpu/u_ex_stage/u_alu/gen_mul_extension.mul_signed_i_126_n_0
    SLICE_X33Y25         LUT6 (Prop_lut6_I3_O)        0.124     2.501 r  u_soc/u_cpu/u_ex_stage/u_alu/gen_mul_extension.mul_signed__0_i_42/O
                         net (fo=1, routed)           0.317     2.819    u_soc/u_cpu/u_ex_stage/u_alu/gen_mul_extension.mul_signed__0_i_42_n_0
    SLICE_X33Y24         LUT5 (Prop_lut5_I4_O)        0.124     2.943 r  u_soc/u_cpu/u_ex_stage/u_alu/gen_mul_extension.mul_signed__0_i_27/O
                         net (fo=7, routed)           1.067     4.010    u_soc/u_cpu/ex_rs2_forwarded[22]
    SLICE_X46Y21         LUT3 (Prop_lut3_I1_O)        0.124     4.134 r  u_soc/u_cpu/id_ex_branch_predict_pc_r[23]_i_46/O
                         net (fo=11, routed)          1.370     5.503    u_soc/u_cpu/p_0_in2_in[22]
    SLICE_X58Y23         LUT2 (Prop_lut2_I1_O)        0.150     5.653 r  u_soc/u_cpu/imem_rdata_r_reg_0_i_466/O
                         net (fo=2, routed)           0.748     6.401    u_soc/u_cpu/imem_rdata_r_reg_0_i_466_n_0
    SLICE_X58Y23         LUT6 (Prop_lut6_I2_O)        0.355     6.756 r  u_soc/u_cpu/imem_rdata_r_reg_0_i_374/O
                         net (fo=1, routed)           0.468     7.224    u_soc/u_cpu/imem_rdata_r_reg_0_i_374_n_0
    SLICE_X57Y26         LUT6 (Prop_lut6_I5_O)        0.124     7.348 r  u_soc/u_cpu/imem_rdata_r_reg_0_i_278/O
                         net (fo=1, routed)           0.731     8.079    u_soc/u_cpu/imem_rdata_r_reg_0_i_278_n_0
    SLICE_X56Y20         LUT6 (Prop_lut6_I0_O)        0.124     8.203 r  u_soc/u_cpu/imem_rdata_r_reg_0_i_207/O
                         net (fo=32, routed)          1.225     9.428    u_soc/u_cpu/imem_rdata_r_reg_0_i_207_n_0
    SLICE_X55Y27         LUT5 (Prop_lut5_I0_O)        0.124     9.552 r  u_soc/u_cpu/id_ex_branch_predict_pc_r[23]_i_30/O
                         net (fo=1, routed)           0.727    10.279    u_soc/u_cpu/id_ex_branch_predict_pc_r[23]_i_30_n_0
    SLICE_X55Y24         LUT6 (Prop_lut6_I1_O)        0.124    10.403 r  u_soc/u_cpu/id_ex_branch_predict_pc_r[23]_i_22/O
                         net (fo=2, routed)           0.768    11.172    u_soc/u_cpu/u_regfile/id_branch_decode_idex_cheap_result[22]
    SLICE_X55Y18         LUT6 (Prop_lut6_I2_O)        0.124    11.296 r  u_soc/u_cpu/u_regfile/fetch_drop_count_r[1]_bret_i_105/O
                         net (fo=5, routed)           1.302    12.598    u_soc/u_cpu/u_regfile/id_branch_decode_rs2_value[22]
    SLICE_X52Y14         LUT4 (Prop_lut4_I0_O)        0.124    12.722 r  u_soc/u_cpu/u_regfile/fetch_drop_count_r[1]_bret_i_92/O
                         net (fo=1, routed)           0.000    12.722    u_soc/u_cpu/u_regfile/fetch_drop_count_r[1]_bret_i_92_n_0
    SLICE_X52Y14         CARRY4 (Prop_carry4_S[3]_CO[3])
                                                      0.401    13.123 r  u_soc/u_cpu/u_regfile/fetch_drop_count_r_reg[1]_bret_i_52/CO[3]
                         net (fo=1, routed)           0.000    13.123    u_soc/u_cpu/u_regfile/fetch_drop_count_r_reg[1]_bret_i_52_n_0
    SLICE_X52Y15         CARRY4 (Prop_carry4_CI_CO[3])
                                                      0.114    13.237 r  u_soc/u_cpu/u_regfile/fetch_drop_count_r_reg[1]_bret_i_31/CO[3]
                         net (fo=1, routed)           0.903    14.140    u_soc/u_cpu/u_regfile/id_branch_decode_ltu
    SLICE_X50Y11         LUT6 (Prop_lut6_I5_O)        0.124    14.264 r  u_soc/u_cpu/u_regfile/fetch_drop_count_r[1]_bret_i_16/O
                         net (fo=3, routed)           0.310    14.575    u_soc/u_cpu/u_regfile/id_branch_decode_taken0
    SLICE_X50Y11         LUT6 (Prop_lut6_I4_O)        0.124    14.699 r  u_soc/u_cpu/u_regfile/fetch_drop_count_r[1]_bret_i_6/O
                         net (fo=1, routed)           0.313    15.012    u_soc/u_cpu/u_regfile/fetch_drop_count_r[1]_bret_i_6_n_0
    SLICE_X48Y11         LUT6 (Prop_lut6_I4_O)        0.124    15.136 r  u_soc/u_cpu/u_regfile/fetch_drop_count_r[1]_bret_i_1/O
                         net (fo=187, routed)         0.907    16.043    u_soc/u_cpu/u_regfile/fetch_control_redirect_valid
    SLICE_X47Y17         LUT5 (Prop_lut5_I4_O)        0.124    16.167 r  u_soc/u_cpu/u_regfile/imem_rdata_r_reg_0_i_7/O
                         net (fo=18, routed)          2.054    18.221    u_soc/g_shared_sync_rom.u_sync_rom/ADDRARDADDR[7]
    RAMB36_X4Y1          RAMB36E1                                     r  u_soc/g_shared_sync_rom.u_sync_rom/imem_rdata_r_reg_1/ADDRARDADDR[8]
  -------------------------------------------------------------------    -------------------

                         (clock gen_pynq_clk_50m.clkout0 rise edge)
                                                     20.000    20.000 r  
    H16                                               0.000    20.000 r  CLK100MHZ (IN)
                         net (fo=0)                   0.000    20.000    CLK100MHZ
    H16                  IBUF (Prop_ibuf_I_O)         1.380    21.380 r  CLK100MHZ_IBUF_inst/O
                         net (fo=1, routed)           1.162    22.542    CLK100MHZ_IBUF
    MMCME2_ADV_X1Y2      MMCME2_ADV (Prop_mmcme2_adv_CLKIN1_CLKOUT0)
                                                     -7.814    14.728 r  gen_pynq_clk_50m.u_clk_mmcm/CLKOUT0
                         net (fo=1, routed)           2.012    16.740    gen_pynq_clk_50m.clkout0
    BUFGCTRL_X0Y16       BUFG (Prop_bufg_I_O)         0.091    16.831 r  gen_pynq_clk_50m.u_cpu_clk_bufg/O
                         net (fo=2567, routed)        1.664    18.495    u_soc/g_shared_sync_rom.u_sync_rom/cpu_clk
    RAMB36_X4Y1          RAMB36E1                                     r  u_soc/g_shared_sync_rom.u_sync_rom/imem_rdata_r_reg_1/CLKARDCLK
                         clock pessimism              0.466    18.962    
                         clock uncertainty           -0.079    18.883    
    RAMB36_X4Y1          RAMB36E1 (Setup_ramb36e1_CLKARDCLK_ADDRARDADDR[8])
                                                     -0.566    18.317    u_soc/g_shared_sync_rom.u_sync_rom/imem_rdata_r_reg_1
  -------------------------------------------------------------------
                         required time                         18.317    
                         arrival time                         -18.221    
  -------------------------------------------------------------------
                         slack                                  0.095    





Min Delay Paths
--------------------------------------------------------------------------------------
Slack (MET) :             0.038ns  (arrival time - required time)
  Source:                 reset_sync_r_reg[5]/C
                            (rising edge-triggered cell FDCE clocked by gen_pynq_clk_50m.clkout0  {rise@0.000ns fall@10.000ns period=20.000ns})
  Destination:            reset_sync_r_reg[6]/D
                            (rising edge-triggered cell FDCE clocked by gen_pynq_clk_50m.clkout0  {rise@0.000ns fall@10.000ns period=20.000ns})
  Path Group:             gen_pynq_clk_50m.clkout0
  Path Type:              Hold (Min at Fast Process Corner)
  Requirement:            0.000ns  (gen_pynq_clk_50m.clkout0 rise@0.000ns - gen_pynq_clk_50m.clkout0 rise@0.000ns)
  Data Path Delay:        0.381ns  (logic 0.141ns (36.975%)  route 0.240ns (63.025%))
  Logic Levels:           0  
  Clock Path Skew:        0.273ns (DCD - SCD - CPR)
    Destination Clock Delay (DCD):    -0.914ns
    Source Clock Delay      (SCD):    -0.678ns
    Clock Pessimism Removal (CPR):    -0.509ns

    Location             Delay type                Incr(ns)  Path(ns)    Netlist Resource(s)
  -------------------------------------------------------------------    -------------------
                         (clock gen_pynq_clk_50m.clkout0 rise edge)
                                                      0.000     0.000 r  
    H16                                               0.000     0.000 r  CLK100MHZ (IN)
                         net (fo=0)                   0.000     0.000    CLK100MHZ
    H16                  IBUF (Prop_ibuf_I_O)         0.219     0.219 r  CLK100MHZ_IBUF_inst/O
                         net (fo=1, routed)           0.440     0.659    CLK100MHZ_IBUF
    MMCME2_ADV_X1Y2      MMCME2_ADV (Prop_mmcme2_adv_CLKIN1_CLKOUT0)
                                                     -2.613    -1.954 r  gen_pynq_clk_50m.u_clk_mmcm/CLKOUT0
                         net (fo=1, routed)           0.696    -1.257    gen_pynq_clk_50m.clkout0
    BUFGCTRL_X0Y16       BUFG (Prop_bufg_I_O)         0.026    -1.231 r  gen_pynq_clk_50m.u_cpu_clk_bufg/O
                         net (fo=2567, routed)        0.553    -0.678    cpu_clk
    SLICE_X53Y50         FDCE                                         r  reset_sync_r_reg[5]/C
  -------------------------------------------------------------------    -------------------
    SLICE_X53Y50         FDCE (Prop_fdce_C_Q)         0.141    -0.537 r  reset_sync_r_reg[5]/Q
                         net (fo=2, routed)           0.240    -0.297    reset_sync_r[5]
    SLICE_X53Y49         FDCE                                         r  reset_sync_r_reg[6]/D
  -------------------------------------------------------------------    -------------------

                         (clock gen_pynq_clk_50m.clkout0 rise edge)
                                                      0.000     0.000 r  
    H16                                               0.000     0.000 r  CLK100MHZ (IN)
                         net (fo=0)                   0.000     0.000    CLK100MHZ
    H16                  IBUF (Prop_ibuf_I_O)         0.406     0.406 r  CLK100MHZ_IBUF_inst/O
                         net (fo=1, routed)           0.480     0.886    CLK100MHZ_IBUF
    MMCME2_ADV_X1Y2      MMCME2_ADV (Prop_mmcme2_adv_CLKIN1_CLKOUT0)
                                                     -3.407    -2.521 r  gen_pynq_clk_50m.u_clk_mmcm/CLKOUT0
                         net (fo=1, routed)           0.752    -1.769    gen_pynq_clk_50m.clkout0
    BUFGCTRL_X0Y16       BUFG (Prop_bufg_I_O)         0.029    -1.740 r  gen_pynq_clk_50m.u_cpu_clk_bufg/O
                         net (fo=2567, routed)        0.826    -0.914    cpu_clk
    SLICE_X53Y49         FDCE                                         r  reset_sync_r_reg[6]/C
                         clock pessimism              0.509    -0.405    
    SLICE_X53Y49         FDCE (Hold_fdce_C_D)         0.070    -0.335    reset_sync_r_reg[6]
  -------------------------------------------------------------------
                         required time                          0.335    
                         arrival time                          -0.297    
  -------------------------------------------------------------------
                         slack                                  0.038    





Pulse Width Checks
--------------------------------------------------------------------------------------
Clock Name:         gen_pynq_clk_50m.clkout0
Waveform(ns):       { 0.000 10.000 }
Period(ns):         20.000
Sources:            { gen_pynq_clk_50m.u_clk_mmcm/CLKOUT0 }

Check Type        Corner  Lib Pin             Reference Pin  Required(ns)  Actual(ns)  Slack(ns)  Location         Pin
Min Period        n/a     RAMB36E1/CLKARDCLK  n/a            2.944         20.000      17.056     RAMB36_X2Y2      u_soc/u_dmem_ram/g_sync_ram.g_posedge_read.ram_mem_reg_0_0/CLKARDCLK
Max Period        n/a     MMCME2_ADV/CLKOUT0  n/a            213.360       20.000      193.360    MMCME2_ADV_X1Y2  gen_pynq_clk_50m.u_clk_mmcm/CLKOUT0
Low Pulse Width   Slow    FDCE/C              n/a            0.500         10.000      9.500      SLICE_X52Y50     reset_sync_r_reg[0]/C
High Pulse Width  Slow    FDCE/C              n/a            0.500         10.000      9.500      SLICE_X52Y50     reset_sync_r_reg[0]/C



---------------------------------------------------------------------------------------------------
Path Group:  **async_default**
From Clock:  gen_pynq_clk_50m.clkout0
  To Clock:  gen_pynq_clk_50m.clkout0

Setup :            0  Failing Endpoints,  Worst Slack        9.007ns,  Total Violation        0.000ns
Hold  :            0  Failing Endpoints,  Worst Slack        0.692ns,  Total Violation        0.000ns
---------------------------------------------------------------------------------------------------


Max Delay Paths
--------------------------------------------------------------------------------------
Slack (MET) :             9.007ns  (required time - arrival time)
  Source:                 reset_sync_r_reg[6]/C
                            (rising edge-triggered cell FDCE clocked by gen_pynq_clk_50m.clkout0  {rise@0.000ns fall@10.000ns period=20.000ns})
  Destination:            u_soc/u_cpu/ex_mem_mem_addr_r_reg[14]_rep__5/CLR
                            (recovery check against rising-edge clock gen_pynq_clk_50m.clkout0  {rise@0.000ns fall@10.000ns period=20.000ns})
  Path Group:             **async_default**
  Path Type:              Recovery (Max at Slow Process Corner)
  Requirement:            20.000ns  (gen_pynq_clk_50m.clkout0 rise@20.000ns - gen_pynq_clk_50m.clkout0 rise@0.000ns)
  Data Path Delay:        10.606ns  (logic 0.704ns (6.637%)  route 9.902ns (93.363%))
  Logic Levels:           2  (LUT4=1 LUT6=1)
  Clock Path Skew:        0.011ns (DCD - SCD + CPR)
    Destination Clock Delay (DCD):    -1.615ns = ( 18.385 - 20.000 ) 
    Source Clock Delay      (SCD):    -1.059ns
    Clock Pessimism Removal (CPR):    0.567ns
  Clock Uncertainty:      0.079ns  ((TSJ^2 + DJ^2)^1/2) / 2 + PE
    Total System Jitter     (TSJ):    0.071ns
    Discrete Jitter          (DJ):    0.141ns
    Phase Error              (PE):    0.000ns

    Location             Delay type                Incr(ns)  Path(ns)    Netlist Resource(s)
  -------------------------------------------------------------------    -------------------
                         (clock gen_pynq_clk_50m.clkout0 rise edge)
                                                      0.000     0.000 r  
    H16                                               0.000     0.000 r  CLK100MHZ (IN)
                         net (fo=0)                   0.000     0.000    CLK100MHZ
    H16                  IBUF (Prop_ibuf_I_O)         1.451     1.451 r  CLK100MHZ_IBUF_inst/O
                         net (fo=1, routed)           1.285     2.736    CLK100MHZ_IBUF
    MMCME2_ADV_X1Y2      MMCME2_ADV (Prop_mmcme2_adv_CLKIN1_CLKOUT0)
                                                     -7.759    -5.023 r  gen_pynq_clk_50m.u_clk_mmcm/CLKOUT0
                         net (fo=1, routed)           2.206    -2.817    gen_pynq_clk_50m.clkout0
    BUFGCTRL_X0Y16       BUFG (Prop_bufg_I_O)         0.101    -2.716 r  gen_pynq_clk_50m.u_cpu_clk_bufg/O
                         net (fo=2567, routed)        1.657    -1.059    cpu_clk
    SLICE_X53Y49         FDCE                                         r  reset_sync_r_reg[6]/C
  -------------------------------------------------------------------    -------------------
    SLICE_X53Y49         FDCE (Prop_fdce_C_Q)         0.456    -0.603 r  reset_sync_r_reg[6]/Q
                         net (fo=2, routed)           1.007     0.403    u_soc/u_cpu/u_regfile/Q[6]
    SLICE_X53Y50         LUT4 (Prop_lut4_I3_O)        0.124     0.527 f  u_soc/u_cpu/u_regfile/led_OBUF[0]_inst_i_2/O
                         net (fo=2, routed)           0.163     0.690    u_soc/u_cpu/u_regfile/reset_sync_r_reg[5]
    SLICE_X53Y50         LUT6 (Prop_lut6_I5_O)        0.124     0.814 f  u_soc/u_cpu/u_regfile/regs[1][31]_i_3/O
                         net (fo=2489, routed)        8.733     9.547    u_soc/u_cpu/gen_pynq_clk_50m.u_clk_mmcm
    SLICE_X54Y3          FDCE                                         f  u_soc/u_cpu/ex_mem_mem_addr_r_reg[14]_rep__5/CLR
  -------------------------------------------------------------------    -------------------

                         (clock gen_pynq_clk_50m.clkout0 rise edge)
                                                     20.000    20.000 r  
    H16                                               0.000    20.000 r  CLK100MHZ (IN)
                         net (fo=0)                   0.000    20.000    CLK100MHZ
    H16                  IBUF (Prop_ibuf_I_O)         1.380    21.380 r  CLK100MHZ_IBUF_inst/O
                         net (fo=1, routed)           1.162    22.542    CLK100MHZ_IBUF
    MMCME2_ADV_X1Y2      MMCME2_ADV (Prop_mmcme2_adv_CLKIN1_CLKOUT0)
                                                     -7.814    14.728 r  gen_pynq_clk_50m.u_clk_mmcm/CLKOUT0
                         net (fo=1, routed)           2.012    16.740    gen_pynq_clk_50m.clkout0
    BUFGCTRL_X0Y16       BUFG (Prop_bufg_I_O)         0.091    16.831 r  gen_pynq_clk_50m.u_cpu_clk_bufg/O
                         net (fo=2567, routed)        1.553    18.385    u_soc/u_cpu/cpu_clk
    SLICE_X54Y3          FDCE                                         r  u_soc/u_cpu/ex_mem_mem_addr_r_reg[14]_rep__5/C
                         clock pessimism              0.567    18.952    
                         clock uncertainty           -0.079    18.873    
    SLICE_X54Y3          FDCE (Recov_fdce_C_CLR)     -0.319    18.554    u_soc/u_cpu/ex_mem_mem_addr_r_reg[14]_rep__5
  -------------------------------------------------------------------
                         required time                         18.554    
                         arrival time                          -9.547    
  -------------------------------------------------------------------
                         slack                                  9.007    





Min Delay Paths
--------------------------------------------------------------------------------------
Slack (MET) :             0.692ns  (arrival time - required time)
  Source:                 reset_sync_r_reg[0]/C
                            (rising edge-triggered cell FDCE clocked by gen_pynq_clk_50m.clkout0  {rise@0.000ns fall@10.000ns period=20.000ns})
  Destination:            u_soc/u_cpu/pc_r_reg[25]/CLR
                            (removal check against rising-edge clock gen_pynq_clk_50m.clkout0  {rise@0.000ns fall@10.000ns period=20.000ns})
  Path Group:             **async_default**
  Path Type:              Removal (Min at Fast Process Corner)
  Requirement:            0.000ns  (gen_pynq_clk_50m.clkout0 rise@0.000ns - gen_pynq_clk_50m.clkout0 rise@0.000ns)
  Data Path Delay:        0.894ns  (logic 0.186ns (20.812%)  route 0.708ns (79.188%))
  Logic Levels:           1  (LUT6=1)
  Clock Path Skew:        0.268ns (DCD - SCD - CPR)
    Destination Clock Delay (DCD):    -0.919ns
    Source Clock Delay      (SCD):    -0.678ns
    Clock Pessimism Removal (CPR):    -0.509ns

    Location             Delay type                Incr(ns)  Path(ns)    Netlist Resource(s)
  -------------------------------------------------------------------    -------------------
                         (clock gen_pynq_clk_50m.clkout0 rise edge)
                                                      0.000     0.000 r  
    H16                                               0.000     0.000 r  CLK100MHZ (IN)
                         net (fo=0)                   0.000     0.000    CLK100MHZ
    H16                  IBUF (Prop_ibuf_I_O)         0.219     0.219 r  CLK100MHZ_IBUF_inst/O
                         net (fo=1, routed)           0.440     0.659    CLK100MHZ_IBUF
    MMCME2_ADV_X1Y2      MMCME2_ADV (Prop_mmcme2_adv_CLKIN1_CLKOUT0)
                                                     -2.613    -1.954 r  gen_pynq_clk_50m.u_clk_mmcm/CLKOUT0
                         net (fo=1, routed)           0.696    -1.257    gen_pynq_clk_50m.clkout0
    BUFGCTRL_X0Y16       BUFG (Prop_bufg_I_O)         0.026    -1.231 r  gen_pynq_clk_50m.u_cpu_clk_bufg/O
                         net (fo=2567, routed)        0.553    -0.678    cpu_clk
    SLICE_X52Y50         FDCE                                         r  reset_sync_r_reg[0]/C
  -------------------------------------------------------------------    -------------------
    SLICE_X52Y50         FDCE (Prop_fdce_C_Q)         0.141    -0.537 r  reset_sync_r_reg[0]/Q
                         net (fo=3, routed)           0.110    -0.427    u_soc/u_cpu/u_regfile/Q[0]
    SLICE_X53Y50         LUT6 (Prop_lut6_I3_O)        0.045    -0.382 f  u_soc/u_cpu/u_regfile/regs[1][31]_i_3/O
                         net (fo=2489, routed)        0.598     0.215    u_soc/u_cpu/gen_pynq_clk_50m.u_clk_mmcm
    SLICE_X46Y32         FDCE                                         f  u_soc/u_cpu/pc_r_reg[25]/CLR
  -------------------------------------------------------------------    -------------------

                         (clock gen_pynq_clk_50m.clkout0 rise edge)
                                                      0.000     0.000 r  
    H16                                               0.000     0.000 r  CLK100MHZ (IN)
                         net (fo=0)                   0.000     0.000    CLK100MHZ
    H16                  IBUF (Prop_ibuf_I_O)         0.406     0.406 r  CLK100MHZ_IBUF_inst/O
                         net (fo=1, routed)           0.480     0.886    CLK100MHZ_IBUF
    MMCME2_ADV_X1Y2      MMCME2_ADV (Prop_mmcme2_adv_CLKIN1_CLKOUT0)
                                                     -3.407    -2.521 r  gen_pynq_clk_50m.u_clk_mmcm/CLKOUT0
                         net (fo=1, routed)           0.752    -1.769    gen_pynq_clk_50m.clkout0
    BUFGCTRL_X0Y16       BUFG (Prop_bufg_I_O)         0.029    -1.740 r  gen_pynq_clk_50m.u_cpu_clk_bufg/O
                         net (fo=2567, routed)        0.821    -0.919    u_soc/u_cpu/cpu_clk
    SLICE_X46Y32         FDCE                                         r  u_soc/u_cpu/pc_r_reg[25]/C
                         clock pessimism              0.509    -0.410    
    SLICE_X46Y32         FDCE (Remov_fdce_C_CLR)     -0.067    -0.477    u_soc/u_cpu/pc_r_reg[25]
  -------------------------------------------------------------------
                         required time                          0.477    
                         arrival time                           0.215    
  -------------------------------------------------------------------
                         slack                                  0.692    





