Copyright 1986-2022 Xilinx, Inc. All Rights Reserved. Copyright 2022-2025 Advanced Micro Devices, Inc. All Rights Reserved.
--------------------------------------------------------------------------------------------------------------------------------------------------------------------------------------------------------------------------------------------------------------------------------------
| Tool Version : Vivado v.2025.2 (win64) Build 6299465 Fri Nov 14 19:35:11 GMT 2025
| Date         : Wed Jul  1 07:05:56 2026
| Host         : Toylog_desktop running 64-bit major release  (build 9200)
| Command      : report_timing_summary -file D:/BaiduSyncdisk/02_icdc_workspace/.worktrees/strict50-impl136-opt-20260625/artifacts/strict_50m_timing_opt_20260609/impl220_impl200_optExploreArea_routeAdvancedSkewModeling_postAggressive_cpu50/reports_cpu50/impl_timing_summary.rpt
| Design       : YH_rv_cpu_fpga_top
| Device       : 7z020-clg400
| Speed File   : -1  PRODUCTION 1.12 2019-11-22
| Design State : Physopt postRoute
--------------------------------------------------------------------------------------------------------------------------------------------------------------------------------------------------------------------------------------------------------------------------------------

Timing Summary Report

------------------------------------------------------------------------------------------------
| Timer Settings
| --------------
------------------------------------------------------------------------------------------------

  Enable Multi Corner Analysis               :  Yes
  Enable Pessimism Removal                   :  Yes
  Pessimism Removal Resolution               :  Nearest Common Node
  Enable Input Delay Default Clock           :  No
  Enable Preset / Clear Arcs                 :  No
  Disable Flight Delays                      :  No
  Ignore I/O Paths                           :  No
  Timing Early Launch at Borrowing Latches   :  No
  Borrow Time for Max Delay Exceptions       :  Yes
  Merge Timing Exceptions                    :  Yes
  Inter-SLR Compensation                     :  Conservative

  Corner  Analyze    Analyze    
  Name    Max Paths  Min Paths  
  ------  ---------  ---------  
  Slow    Yes        Yes        
  Fast    Yes        Yes        


------------------------------------------------------------------------------------------------
| Report Methodology
| ------------------
------------------------------------------------------------------------------------------------

No report available as report_methodology has not been run prior. Run report_methodology on the current design for the summary of methodology violations.



check_timing report

Table of Contents
-----------------
1. checking no_clock (0)
2. checking constant_clock (0)
3. checking pulse_width_clock (0)
4. checking unconstrained_internal_endpoints (0)
5. checking no_input_delay (1)
6. checking no_output_delay (4)
7. checking multiple_clock (0)
8. checking generated_clocks (0)
9. checking loops (0)
10. checking partial_input_delay (0)
11. checking partial_output_delay (0)
12. checking latch_loops (0)

1. checking no_clock (0)
------------------------
 There are 0 register/latch pins with no clock.


2. checking constant_clock (0)
------------------------------
 There are 0 register/latch pins with constant_clock.


3. checking pulse_width_clock (0)
---------------------------------
 There are 0 register/latch pins which need pulse_width check


4. checking unconstrained_internal_endpoints (0)
------------------------------------------------
 There are 0 pins that are not constrained for maximum delay.

 There are 0 pins that are not constrained for maximum delay due to constant clock.


5. checking no_input_delay (1)
------------------------------
 There is 1 input port with no input delay specified. (HIGH)

 There are 0 input ports with no input delay but user has a false path constraint.


6. checking no_output_delay (4)
-------------------------------
 There are 4 ports with no output delay specified. (HIGH)

 There are 0 ports with no output delay but user has a false path constraint

 There are 0 ports with no output delay but with a timing clock defined on it or propagating through it


7. checking multiple_clock (0)
------------------------------
 There are 0 register/latch pins with multiple clocks.


8. checking generated_clocks (0)
--------------------------------
 There are 0 generated clocks that are not connected to a clock source.


9. checking loops (0)
---------------------
 There are 0 combinational loops in the design.


10. checking partial_input_delay (0)
------------------------------------
 There are 0 input ports with partial input delay specified.


11. checking partial_output_delay (0)
-------------------------------------
 There are 0 ports with partial output delay specified.


12. checking latch_loops (0)
----------------------------
 There are 0 combinational latch loops in the design through latch input



------------------------------------------------------------------------------------------------
| Design Timing Summary
| ---------------------
------------------------------------------------------------------------------------------------

    WNS(ns)      TNS(ns)  TNS Failing Endpoints  TNS Total Endpoints      WHS(ns)      THS(ns)  THS Failing Endpoints  THS Total Endpoints     WPWS(ns)     TPWS(ns)  TPWS Failing Endpoints  TPWS Total Endpoints  
    -------      -------  ---------------------  -------------------      -------      -------  ---------------------  -------------------     --------     --------  ----------------------  --------------------  
      0.056        0.000                      0                26826        0.121        0.000                      0                26826        2.000        0.000                       0                  7927  


All user specified timing constraints are met.


------------------------------------------------------------------------------------------------
| Clock Summary
| -------------
------------------------------------------------------------------------------------------------

Clock                       Waveform(ns)         Period(ns)      Frequency(MHz)
-----                       ------------         ----------      --------------
pynq_sys_clk                {0.000 4.000}        8.000           125.000         
  gen_pynq_clk_50m.clkfb    {0.000 4.000}        8.000           125.000         
  gen_pynq_clk_50m.clkout0  {0.000 10.000}       20.000          50.000          


------------------------------------------------------------------------------------------------
| Intra Clock Table
| -----------------
------------------------------------------------------------------------------------------------

Clock                           WNS(ns)      TNS(ns)  TNS Failing Endpoints  TNS Total Endpoints      WHS(ns)      THS(ns)  THS Failing Endpoints  THS Total Endpoints     WPWS(ns)     TPWS(ns)  TPWS Failing Endpoints  TPWS Total Endpoints  
-----                           -------      -------  ---------------------  -------------------      -------      -------  ---------------------  -------------------     --------     --------  ----------------------  --------------------  
pynq_sys_clk                                                                                                                                                                  2.000        0.000                       0                     1  
  gen_pynq_clk_50m.clkfb                                                                                                                                                      5.845        0.000                       0                     3  
  gen_pynq_clk_50m.clkout0        0.056        0.000                      0                23359        0.121        0.000                      0                23359        8.750        0.000                       0                  7923  


------------------------------------------------------------------------------------------------
| Inter Clock Table
| -----------------
------------------------------------------------------------------------------------------------

From Clock    To Clock          WNS(ns)      TNS(ns)  TNS Failing Endpoints  TNS Total Endpoints      WHS(ns)      THS(ns)  THS Failing Endpoints  THS Total Endpoints  
----------    --------          -------      -------  ---------------------  -------------------      -------      -------  ---------------------  -------------------  


------------------------------------------------------------------------------------------------
| Other Path Groups Table
| -----------------------
------------------------------------------------------------------------------------------------

Path Group                From Clock                To Clock                      WNS(ns)      TNS(ns)  TNS Failing Endpoints  TNS Total Endpoints      WHS(ns)      THS(ns)  THS Failing Endpoints  THS Total Endpoints  
----------                ----------                --------                      -------      -------  ---------------------  -------------------      -------      -------  ---------------------  -------------------  
**async_default**         gen_pynq_clk_50m.clkout0  gen_pynq_clk_50m.clkout0       10.073        0.000                      0                 3467        0.970        0.000                      0                 3467  


------------------------------------------------------------------------------------------------
| Timing Details
| --------------
------------------------------------------------------------------------------------------------


---------------------------------------------------------------------------------------------------
From Clock:  pynq_sys_clk
  To Clock:  pynq_sys_clk

Setup :           NA  Failing Endpoints,  Worst Slack           NA  ,  Total Violation           NA
Hold  :           NA  Failing Endpoints,  Worst Slack           NA  ,  Total Violation           NA
PW    :            0  Failing Endpoints,  Worst Slack        2.000ns,  Total Violation        0.000ns
---------------------------------------------------------------------------------------------------


Pulse Width Checks
--------------------------------------------------------------------------------------
Clock Name:         pynq_sys_clk
Waveform(ns):       { 0.000 4.000 }
Period(ns):         8.000
Sources:            { CLK100MHZ }

Check Type        Corner  Lib Pin            Reference Pin  Required(ns)  Actual(ns)  Slack(ns)  Location         Pin
Min Period        n/a     MMCME2_ADV/CLKIN1  n/a            1.249         8.000       6.751      MMCME2_ADV_X1Y2  gen_pynq_clk_50m.u_clk_mmcm/CLKIN1
Max Period        n/a     MMCME2_ADV/CLKIN1  n/a            100.000       8.000       92.000     MMCME2_ADV_X1Y2  gen_pynq_clk_50m.u_clk_mmcm/CLKIN1
Low Pulse Width   Slow    MMCME2_ADV/CLKIN1  n/a            2.000         4.000       2.000      MMCME2_ADV_X1Y2  gen_pynq_clk_50m.u_clk_mmcm/CLKIN1
High Pulse Width  Slow    MMCME2_ADV/CLKIN1  n/a            2.000         4.000       2.000      MMCME2_ADV_X1Y2  gen_pynq_clk_50m.u_clk_mmcm/CLKIN1



---------------------------------------------------------------------------------------------------
From Clock:  gen_pynq_clk_50m.clkfb
  To Clock:  gen_pynq_clk_50m.clkfb

Setup :           NA  Failing Endpoints,  Worst Slack           NA  ,  Total Violation           NA
Hold  :           NA  Failing Endpoints,  Worst Slack           NA  ,  Total Violation           NA
PW    :            0  Failing Endpoints,  Worst Slack        5.845ns,  Total Violation        0.000ns
---------------------------------------------------------------------------------------------------


Pulse Width Checks
--------------------------------------------------------------------------------------
Clock Name:         gen_pynq_clk_50m.clkfb
Waveform(ns):       { 0.000 4.000 }
Period(ns):         8.000
Sources:            { gen_pynq_clk_50m.u_clk_mmcm/CLKFBOUT }

Check Type  Corner  Lib Pin             Reference Pin  Required(ns)  Actual(ns)  Slack(ns)  Location         Pin
Min Period  n/a     BUFG/I              n/a            2.155         8.000       5.845      BUFGCTRL_X0Y17   gen_pynq_clk_50m.u_clkfb_bufg/I
Max Period  n/a     MMCME2_ADV/CLKFBIN  n/a            100.000       8.000       92.000     MMCME2_ADV_X1Y2  gen_pynq_clk_50m.u_clk_mmcm/CLKFBIN



---------------------------------------------------------------------------------------------------
From Clock:  gen_pynq_clk_50m.clkout0
  To Clock:  gen_pynq_clk_50m.clkout0

Setup :            0  Failing Endpoints,  Worst Slack        0.056ns,  Total Violation        0.000ns
Hold  :            0  Failing Endpoints,  Worst Slack        0.121ns,  Total Violation        0.000ns
PW    :            0  Failing Endpoints,  Worst Slack        8.750ns,  Total Violation        0.000ns
---------------------------------------------------------------------------------------------------


Max Delay Paths
--------------------------------------------------------------------------------------
Slack (MET) :             0.056ns  (required time - arrival time)
  Source:                 u_soc/u_cpu/gen_dcache.u_dcache/cache_tag_reg[95][0]/C
                            (rising edge-triggered cell FDRE clocked by gen_pynq_clk_50m.clkout0  {rise@0.000ns fall@10.000ns period=20.000ns})
  Destination:            u_soc/u_cpu/id_ex_alu_op_r_reg[3]_bret__0/D
                            (rising edge-triggered cell FDCE clocked by gen_pynq_clk_50m.clkout0  {rise@0.000ns fall@10.000ns period=20.000ns})
  Path Group:             gen_pynq_clk_50m.clkout0
  Path Type:              Setup (Max at Slow Process Corner)
  Requirement:            20.000ns  (gen_pynq_clk_50m.clkout0 rise@20.000ns - gen_pynq_clk_50m.clkout0 rise@0.000ns)
  Data Path Delay:        19.805ns  (logic 4.002ns (20.207%)  route 15.803ns (79.793%))
  Logic Levels:           22  (LUT2=1 LUT3=1 LUT5=4 LUT6=11 MUXF7=3 MUXF8=1 RAMD64E=1)
  Clock Path Skew:        -0.017ns (DCD - SCD + CPR)
    Destination Clock Delay (DCD):    -1.475ns = ( 18.525 - 20.000 ) 
    Source Clock Delay      (SCD):    -1.005ns
    Clock Pessimism Removal (CPR):    0.452ns
  Clock Uncertainty:      0.079ns  ((TSJ^2 + DJ^2)^1/2) / 2 + PE
    Total System Jitter     (TSJ):    0.071ns
    Discrete Jitter          (DJ):    0.141ns
    Phase Error              (PE):    0.000ns

    Location             Delay type                Incr(ns)  Path(ns)    Netlist Resource(s)
  -------------------------------------------------------------------    -------------------
                         (clock gen_pynq_clk_50m.clkout0 rise edge)
                                                      0.000     0.000 r  
    H16                                               0.000     0.000 r  CLK100MHZ (IN)
                         net (fo=0)                   0.000     0.000    CLK100MHZ
    H16                  IBUF (Prop_ibuf_I_O)         1.451     1.451 r  CLK100MHZ_IBUF_inst/O
                         net (fo=1, routed)           1.285     2.736    CLK100MHZ_IBUF
    MMCME2_ADV_X1Y2      MMCME2_ADV (Prop_mmcme2_adv_CLKIN1_CLKOUT0)
                                                     -7.759    -5.023 r  gen_pynq_clk_50m.u_clk_mmcm/CLKOUT0
                         net (fo=1, routed)           2.206    -2.817    gen_pynq_clk_50m.clkout0
    BUFGCTRL_X0Y31       BUFG (Prop_bufg_I_O)         0.101    -2.716 r  gen_pynq_clk_50m.u_cpu_clk_bufg_replica/O
                         net (fo=5, routed)           1.711    -1.005    u_soc/u_cpu/gen_dcache.u_dcache/cpu_clk_repN_alias
    SLICE_X64Y62         FDRE                                         r  u_soc/u_cpu/gen_dcache.u_dcache/cache_tag_reg[95][0]/C
  -------------------------------------------------------------------    -------------------
    SLICE_X64Y62         FDRE (Prop_fdre_C_Q)         0.456    -0.549 r  u_soc/u_cpu/gen_dcache.u_dcache/cache_tag_reg[95][0]/Q
                         net (fo=2, routed)           1.428     0.878    u_soc/u_cpu/gen_dcache.u_dcache/cache_tag_reg[95]_159[0]
    SLICE_X53Y62         LUT6 (Prop_lut6_I0_O)        0.124     1.002 r  u_soc/u_cpu/gen_dcache.u_dcache/mem_wb_load_data_r[23]_i_387/O
                         net (fo=1, routed)           0.000     1.002    u_soc/u_cpu/gen_dcache.u_dcache/mem_wb_load_data_r[23]_i_387_n_0
    SLICE_X53Y62         MUXF7 (Prop_muxf7_I1_O)      0.217     1.219 r  u_soc/u_cpu/gen_dcache.u_dcache/mem_wb_load_data_r_reg[23]_i_213/O
                         net (fo=1, routed)           0.000     1.219    u_soc/u_cpu/gen_dcache.u_dcache/mem_wb_load_data_r_reg[23]_i_213_n_0
    SLICE_X53Y62         MUXF8 (Prop_muxf8_I1_O)      0.094     1.313 r  u_soc/u_cpu/gen_dcache.u_dcache/mem_wb_load_data_r_reg[23]_i_94/O
                         net (fo=1, routed)           1.041     2.354    u_soc/u_cpu/gen_dcache.u_dcache/mem_wb_load_data_r_reg[23]_i_94_n_0
    SLICE_X53Y55         LUT6 (Prop_lut6_I3_O)        0.316     2.670 r  u_soc/u_cpu/gen_dcache.u_dcache/mem_wb_load_data_r[23]_i_37/O
                         net (fo=1, routed)           0.000     2.670    u_soc/u_cpu/gen_dcache.u_dcache/mem_wb_load_data_r[23]_i_37_n_0
    SLICE_X53Y55         MUXF7 (Prop_muxf7_I1_O)      0.245     2.915 r  u_soc/u_cpu/gen_dcache.u_dcache/mem_wb_load_data_r_reg[23]_i_18/O
                         net (fo=3, routed)           0.667     3.582    u_soc/u_cpu/gen_dcache.u_dcache/mem_wb_load_data_r_reg[23]_i_18_n_0
    SLICE_X55Y55         LUT2 (Prop_lut2_I1_O)        0.298     3.880 r  u_soc/u_cpu/gen_dcache.u_dcache/mem_wb_load_data_r[23]_i_10/O
                         net (fo=1, routed)           0.867     4.747    u_soc/u_cpu/gen_dcache.u_dcache/mem_wb_load_data_r[23]_i_10_n_0
    SLICE_X51Y55         LUT6 (Prop_lut6_I4_O)        0.124     4.871 f  u_soc/u_cpu/gen_dcache.u_dcache/mem_wb_load_data_r[23]_i_3/O
                         net (fo=43, routed)          0.852     5.723    u_soc/u_cpu/gen_dcache.u_dcache/mem_wb_load_data_r[23]_i_3_n_0
    SLICE_X52Y56         LUT5 (Prop_lut5_I0_O)        0.124     5.847 f  u_soc/u_cpu/gen_dcache.u_dcache/csr_mtvec_r[31]_i_19/O
                         net (fo=3, routed)           0.890     6.737    u_soc/u_cpu/gen_dcache.u_dcache/csr_mtvec_r[31]_i_19_n_0
    SLICE_X55Y65         LUT5 (Prop_lut5_I3_O)        0.124     6.861 r  u_soc/u_cpu/gen_dcache.u_dcache/ex_mem_store_data_r[31]_i_9/O
                         net (fo=107, routed)         0.885     7.746    u_soc/u_cpu/gen_dcache.u_dcache/ex_mem_store_data_r[31]_i_9_n_0
    SLICE_X50Y63         LUT6 (Prop_lut6_I1_O)        0.124     7.870 r  u_soc/u_cpu/gen_dcache.u_dcache/ex_mem_store_data_r[25]_i_3/O
                         net (fo=8, routed)           1.282     9.152    u_soc/u_cpu/gen_dcache.u_dcache/ex_rs2_forwarded[25]
    SLICE_X57Y70         LUT6 (Prop_lut6_I1_O)        0.124     9.276 r  u_soc/u_cpu/gen_dcache.u_dcache/redirect_cache_instruction_r_reg_r1_0_63_0_2_i_29/O
                         net (fo=2, routed)           0.808    10.084    u_soc/u_cpu/gen_dcache.u_dcache/redirect_cache_instruction_r_reg_r1_0_63_0_2_i_29_n_0
    SLICE_X55Y75         LUT6 (Prop_lut6_I3_O)        0.124    10.208 f  u_soc/u_cpu/gen_dcache.u_dcache/redirect_cache_instruction_r_reg_r1_0_63_0_2_i_25/O
                         net (fo=1, routed)           0.407    10.615    u_soc/u_cpu/gen_dcache.u_dcache/redirect_cache_instruction_r_reg_r1_0_63_0_2_i_25_n_0
    SLICE_X55Y77         LUT6 (Prop_lut6_I2_O)        0.124    10.739 r  u_soc/u_cpu/gen_dcache.u_dcache/redirect_cache_instruction_r_reg_r1_0_63_0_2_i_21/O
                         net (fo=64, routed)          0.784    11.523    u_soc/u_cpu/gen_dcache.u_dcache/id_ex_valid_r_reg_2
    SLICE_X64Y79         LUT3 (Prop_lut3_I1_O)        0.124    11.647 r  u_soc/u_cpu/gen_dcache.u_dcache/redirect_cache_instruction_r_reg_r1_0_63_0_2_i_22/O
                         net (fo=443, routed)         1.790    13.436    u_soc/u_cpu/redirect_cache_instruction_r_reg_r1_64_127_12_14/ADDRB1
    SLICE_X62Y89         RAMD64E (Prop_ramd64e_RADR1_O)
                                                      0.124    13.560 r  u_soc/u_cpu/redirect_cache_instruction_r_reg_r1_64_127_12_14/RAMB/O
                         net (fo=1, routed)           0.994    14.554    u_soc/u_cpu/gen_dcache.u_dcache/id_ex_imm_r_reg[13]_bret_6
    SLICE_X60Y83         LUT6 (Prop_lut6_I5_O)        0.124    14.678 r  u_soc/u_cpu/gen_dcache.u_dcache/if_id_instruction_r[13]_bret__1_i_3/O
                         net (fo=1, routed)           0.000    14.678    u_soc/u_cpu/gen_dcache.u_dcache/if_id_instruction_r[13]_bret__1_i_3_n_0
    SLICE_X60Y83         MUXF7 (Prop_muxf7_I1_O)      0.217    14.895 r  u_soc/u_cpu/gen_dcache.u_dcache/if_id_instruction_r_reg[13]_bret__1_i_1/O
                         net (fo=8, routed)           0.947    15.842    u_soc/u_cpu/gen_dcache.u_dcache/fold_light_funct3[1]
    SLICE_X57Y78         LUT5 (Prop_lut5_I4_O)        0.299    16.141 r  u_soc/u_cpu/gen_dcache.u_dcache/id_ex_imm_r[1]_bret__3_i_8/O
                         net (fo=1, routed)           0.433    16.574    u_soc/u_cpu/gen_dcache.u_dcache/id_ex_imm_r[1]_bret__3_i_8_n_0
    SLICE_X57Y78         LUT6 (Prop_lut6_I2_O)        0.124    16.698 r  u_soc/u_cpu/gen_dcache.u_dcache/id_ex_imm_r[1]_bret__3_i_5/O
                         net (fo=1, routed)           0.723    17.421    u_soc/u_cpu/gen_dcache.u_dcache/id_ex_imm_r[1]_bret__3_i_5_n_0
    SLICE_X52Y81         LUT6 (Prop_lut6_I4_O)        0.124    17.545 r  u_soc/u_cpu/gen_dcache.u_dcache/id_ex_imm_r[1]_bret__3_i_2/O
                         net (fo=4, routed)           0.327    17.872    u_soc/u_cpu/gen_dcache.u_dcache/id_ex_imm_r[1]_bret__3_i_2_n_0
    SLICE_X53Y81         LUT6 (Prop_lut6_I4_O)        0.124    17.996 r  u_soc/u_cpu/gen_dcache.u_dcache/if_id_instruction_r[12]_bret__3_i_3/O
                         net (fo=5, routed)           0.348    18.344    u_soc/u_cpu/gen_dcache.u_dcache/if_id_instruction_r[12]_bret__3_i_3_n_0
    SLICE_X52Y83         LUT5 (Prop_lut5_I4_O)        0.124    18.468 r  u_soc/u_cpu/gen_dcache.u_dcache/id_ex_alu_op_r[3]_bret__0_i_1/O
                         net (fo=2, routed)           0.331    18.800    u_soc/u_cpu/gen_dcache.u_dcache_n_976
    SLICE_X52Y81         FDCE                                         r  u_soc/u_cpu/id_ex_alu_op_r_reg[3]_bret__0/D
  -------------------------------------------------------------------    -------------------

                         (clock gen_pynq_clk_50m.clkout0 rise edge)
                                                     20.000    20.000 r  
    H16                                               0.000    20.000 r  CLK100MHZ (IN)
                         net (fo=0)                   0.000    20.000    CLK100MHZ
    H16                  IBUF (Prop_ibuf_I_O)         1.380    21.380 r  CLK100MHZ_IBUF_inst/O
                         net (fo=1, routed)           1.162    22.542    CLK100MHZ_IBUF
    MMCME2_ADV_X1Y2      MMCME2_ADV (Prop_mmcme2_adv_CLKIN1_CLKOUT0)
                                                     -7.814    14.728 r  gen_pynq_clk_50m.u_clk_mmcm/CLKOUT0
                         net (fo=1, routed)           2.012    16.740    gen_pynq_clk_50m.clkout0
    BUFGCTRL_X0Y31       BUFG (Prop_bufg_I_O)         0.091    16.831 r  gen_pynq_clk_50m.u_cpu_clk_bufg_replica/O
                         net (fo=5, routed)           0.147    16.978    cpu_clk_repN
    BUFGCTRL_X0Y16       BUFG (Prop_bufg_I_O)         0.091    17.069 r  gen_pynq_clk_50m.u_cpu_clk_bufg/O
                         net (fo=7916, routed)        1.456    18.525    u_soc/u_cpu/cpu_clk
    SLICE_X52Y81         FDCE                                         r  u_soc/u_cpu/id_ex_alu_op_r_reg[3]_bret__0/C
                         clock pessimism              0.452    18.977    
                         clock uncertainty           -0.079    18.898    
    SLICE_X52Y81         FDCE (Setup_fdce_C_D)       -0.043    18.855    u_soc/u_cpu/id_ex_alu_op_r_reg[3]_bret__0
  -------------------------------------------------------------------
                         required time                         18.855    
                         arrival time                         -18.800    
  -------------------------------------------------------------------
                         slack                                  0.056    





Min Delay Paths
--------------------------------------------------------------------------------------
Slack (MET) :             0.121ns  (arrival time - required time)
  Source:                 u_soc/u_cpu/ex_mem_mem_addr_r_reg[26]/C
                            (rising edge-triggered cell FDCE clocked by gen_pynq_clk_50m.clkout0  {rise@0.000ns fall@10.000ns period=20.000ns})
  Destination:            u_soc/u_cpu/gen_dcache.u_dcache/miss_addr_r_reg[26]/D
                            (rising edge-triggered cell FDCE clocked by gen_pynq_clk_50m.clkout0  {rise@0.000ns fall@10.000ns period=20.000ns})
  Path Group:             gen_pynq_clk_50m.clkout0
  Path Type:              Hold (Min at Fast Process Corner)
  Requirement:            0.000ns  (gen_pynq_clk_50m.clkout0 rise@0.000ns - gen_pynq_clk_50m.clkout0 rise@0.000ns)
  Data Path Delay:        0.453ns  (logic 0.141ns (31.155%)  route 0.312ns (68.845%))
  Logic Levels:           0  
  Clock Path Skew:        0.268ns (DCD - SCD - CPR)
    Destination Clock Delay (DCD):    -0.846ns
    Source Clock Delay      (SCD):    -0.617ns
    Clock Pessimism Removal (CPR):    -0.497ns

    Location             Delay type                Incr(ns)  Path(ns)    Netlist Resource(s)
  -------------------------------------------------------------------    -------------------
                         (clock gen_pynq_clk_50m.clkout0 rise edge)
                                                      0.000     0.000 r  
    H16                                               0.000     0.000 r  CLK100MHZ (IN)
                         net (fo=0)                   0.000     0.000    CLK100MHZ
    H16                  IBUF (Prop_ibuf_I_O)         0.219     0.219 r  CLK100MHZ_IBUF_inst/O
                         net (fo=1, routed)           0.440     0.659    CLK100MHZ_IBUF
    MMCME2_ADV_X1Y2      MMCME2_ADV (Prop_mmcme2_adv_CLKIN1_CLKOUT0)
                                                     -2.613    -1.954 r  gen_pynq_clk_50m.u_clk_mmcm/CLKOUT0
                         net (fo=1, routed)           0.696    -1.257    gen_pynq_clk_50m.clkout0
    BUFGCTRL_X0Y31       BUFG (Prop_bufg_I_O)         0.026    -1.231 r  gen_pynq_clk_50m.u_cpu_clk_bufg_replica/O
                         net (fo=5, routed)           0.042    -1.189    cpu_clk_repN
    BUFGCTRL_X0Y16       BUFG (Prop_bufg_I_O)         0.026    -1.163 r  gen_pynq_clk_50m.u_cpu_clk_bufg/O
                         net (fo=7916, routed)        0.546    -0.617    u_soc/u_cpu/cpu_clk
    SLICE_X52Y67         FDCE                                         r  u_soc/u_cpu/ex_mem_mem_addr_r_reg[26]/C
  -------------------------------------------------------------------    -------------------
    SLICE_X52Y67         FDCE (Prop_fdce_C_Q)         0.141    -0.476 r  u_soc/u_cpu/ex_mem_mem_addr_r_reg[26]/Q
                         net (fo=5, routed)           0.312    -0.165    u_soc/u_cpu/gen_dcache.u_dcache/Q[26]
    SLICE_X38Y63         FDCE                                         r  u_soc/u_cpu/gen_dcache.u_dcache/miss_addr_r_reg[26]/D
  -------------------------------------------------------------------    -------------------

                         (clock gen_pynq_clk_50m.clkout0 rise edge)
                                                      0.000     0.000 r  
    H16                                               0.000     0.000 r  CLK100MHZ (IN)
                         net (fo=0)                   0.000     0.000    CLK100MHZ
    H16                  IBUF (Prop_ibuf_I_O)         0.406     0.406 r  CLK100MHZ_IBUF_inst/O
                         net (fo=1, routed)           0.480     0.886    CLK100MHZ_IBUF
    MMCME2_ADV_X1Y2      MMCME2_ADV (Prop_mmcme2_adv_CLKIN1_CLKOUT0)
                                                     -3.407    -2.521 r  gen_pynq_clk_50m.u_clk_mmcm/CLKOUT0
                         net (fo=1, routed)           0.752    -1.769    gen_pynq_clk_50m.clkout0
    BUFGCTRL_X0Y31       BUFG (Prop_bufg_I_O)         0.029    -1.740 r  gen_pynq_clk_50m.u_cpu_clk_bufg_replica/O
                         net (fo=5, routed)           0.046    -1.694    cpu_clk_repN
    BUFGCTRL_X0Y16       BUFG (Prop_bufg_I_O)         0.029    -1.665 r  gen_pynq_clk_50m.u_cpu_clk_bufg/O
                         net (fo=7916, routed)        0.819    -0.846    u_soc/u_cpu/gen_dcache.u_dcache/cpu_clk
    SLICE_X38Y63         FDCE                                         r  u_soc/u_cpu/gen_dcache.u_dcache/miss_addr_r_reg[26]/C
                         clock pessimism              0.497    -0.349    
    SLICE_X38Y63         FDCE (Hold_fdce_C_D)         0.063    -0.286    u_soc/u_cpu/gen_dcache.u_dcache/miss_addr_r_reg[26]
  -------------------------------------------------------------------
                         required time                          0.286    
                         arrival time                          -0.165    
  -------------------------------------------------------------------
                         slack                                  0.121    





Pulse Width Checks
--------------------------------------------------------------------------------------
Clock Name:         gen_pynq_clk_50m.clkout0
Waveform(ns):       { 0.000 10.000 }
Period(ns):         20.000
Sources:            { gen_pynq_clk_50m.u_clk_mmcm/CLKOUT0 }

Check Type        Corner  Lib Pin             Reference Pin  Required(ns)  Actual(ns)  Slack(ns)  Location         Pin
Min Period        n/a     RAMB36E1/CLKARDCLK  n/a            2.944         20.000      17.056     RAMB36_X4Y7      u_soc/u_dmem_ram/g_sync_ram.g_posedge_read.ram_mem_reg_0_0/CLKARDCLK
Max Period        n/a     MMCME2_ADV/CLKOUT0  n/a            213.360       20.000      193.360    MMCME2_ADV_X1Y2  gen_pynq_clk_50m.u_clk_mmcm/CLKOUT0
Low Pulse Width   Slow    RAMD64E/CLK         n/a            1.250         10.000      8.750      SLICE_X50Y60     u_soc/u_cpu/gen_dcache.u_dcache/cache_data_reg_0_63_0_2/RAMA/CLK
High Pulse Width  Slow    RAMD64E/CLK         n/a            1.250         10.000      8.750      SLICE_X50Y60     u_soc/u_cpu/gen_dcache.u_dcache/cache_data_reg_0_63_0_2/RAMA/CLK



---------------------------------------------------------------------------------------------------
Path Group:  **async_default**
From Clock:  gen_pynq_clk_50m.clkout0
  To Clock:  gen_pynq_clk_50m.clkout0

Setup :            0  Failing Endpoints,  Worst Slack       10.073ns,  Total Violation        0.000ns
Hold  :            0  Failing Endpoints,  Worst Slack        0.970ns,  Total Violation        0.000ns
---------------------------------------------------------------------------------------------------


Max Delay Paths
--------------------------------------------------------------------------------------
Slack (MET) :             10.073ns  (required time - arrival time)
  Source:                 reset_sync_r_reg[2]/C
                            (rising edge-triggered cell FDCE clocked by gen_pynq_clk_50m.clkout0  {rise@0.000ns fall@10.000ns period=20.000ns})
  Destination:            u_soc/u_cpu/redirect_cache_valid_r_reg[152]/CLR
                            (recovery check against rising-edge clock gen_pynq_clk_50m.clkout0  {rise@0.000ns fall@10.000ns period=20.000ns})
  Path Group:             **async_default**
  Path Type:              Recovery (Max at Slow Process Corner)
  Requirement:            20.000ns  (gen_pynq_clk_50m.clkout0 rise@20.000ns - gen_pynq_clk_50m.clkout0 rise@0.000ns)
  Data Path Delay:        9.365ns  (logic 0.766ns (8.179%)  route 8.599ns (91.821%))
  Logic Levels:           2  (LUT1=1 LUT6=1)
  Clock Path Skew:        -0.078ns (DCD - SCD + CPR)
    Destination Clock Delay (DCD):    -1.341ns = ( 18.659 - 20.000 ) 
    Source Clock Delay      (SCD):    -0.672ns
    Clock Pessimism Removal (CPR):    0.591ns
  Clock Uncertainty:      0.079ns  ((TSJ^2 + DJ^2)^1/2) / 2 + PE
    Total System Jitter     (TSJ):    0.071ns
    Discrete Jitter          (DJ):    0.141ns
    Phase Error              (PE):    0.000ns

    Location             Delay type                Incr(ns)  Path(ns)    Netlist Resource(s)
  -------------------------------------------------------------------    -------------------
                         (clock gen_pynq_clk_50m.clkout0 rise edge)
                                                      0.000     0.000 r  
    H16                                               0.000     0.000 r  CLK100MHZ (IN)
                         net (fo=0)                   0.000     0.000    CLK100MHZ
    H16                  IBUF (Prop_ibuf_I_O)         1.451     1.451 r  CLK100MHZ_IBUF_inst/O
                         net (fo=1, routed)           1.285     2.736    CLK100MHZ_IBUF
    MMCME2_ADV_X1Y2      MMCME2_ADV (Prop_mmcme2_adv_CLKIN1_CLKOUT0)
                                                     -7.759    -5.023 r  gen_pynq_clk_50m.u_clk_mmcm/CLKOUT0
                         net (fo=1, routed)           2.206    -2.817    gen_pynq_clk_50m.clkout0
    BUFGCTRL_X0Y31       BUFG (Prop_bufg_I_O)         0.101    -2.716 r  gen_pynq_clk_50m.u_cpu_clk_bufg_replica/O
                         net (fo=5, routed)           0.161    -2.555    cpu_clk_repN
    BUFGCTRL_X0Y16       BUFG (Prop_bufg_I_O)         0.101    -2.454 r  gen_pynq_clk_50m.u_cpu_clk_bufg/O
                         net (fo=7916, routed)        1.782    -0.672    cpu_clk
    SLICE_X100Y61        FDCE                                         r  reset_sync_r_reg[2]/C
  -------------------------------------------------------------------    -------------------
    SLICE_X100Y61        FDCE (Prop_fdce_C_Q)         0.518    -0.154 r  reset_sync_r_reg[2]/Q
                         net (fo=3, routed)           1.153     0.998    u_soc/u_cpu/u_regfile/bit_idx_r_reg[3][2]
    SLICE_X100Y61        LUT6 (Prop_lut6_I4_O)        0.124     1.122 r  u_soc/u_cpu/u_regfile/led_OBUF[0]_inst_i_1/O
                         net (fo=74, routed)          1.599     2.721    u_soc/u_cpu/reset_sync_r_reg[1]_0
    SLICE_X98Y87         LUT1 (Prop_lut1_I0_O)        0.124     2.845 f  u_soc/u_cpu/YH_rv_cpu_LUT1_59/O
                         net (fo=3444, routed)        5.848     8.693    u_soc/u_cpu/reset_sync_r_reg[1]
    SLICE_X91Y76         FDCE                                         f  u_soc/u_cpu/redirect_cache_valid_r_reg[152]/CLR
  -------------------------------------------------------------------    -------------------

                         (clock gen_pynq_clk_50m.clkout0 rise edge)
                                                     20.000    20.000 r  
    H16                                               0.000    20.000 r  CLK100MHZ (IN)
                         net (fo=0)                   0.000    20.000    CLK100MHZ
    H16                  IBUF (Prop_ibuf_I_O)         1.380    21.380 r  CLK100MHZ_IBUF_inst/O
                         net (fo=1, routed)           1.162    22.542    CLK100MHZ_IBUF
    MMCME2_ADV_X1Y2      MMCME2_ADV (Prop_mmcme2_adv_CLKIN1_CLKOUT0)
                                                     -7.814    14.728 r  gen_pynq_clk_50m.u_clk_mmcm/CLKOUT0
                         net (fo=1, routed)           2.012    16.740    gen_pynq_clk_50m.clkout0
    BUFGCTRL_X0Y31       BUFG (Prop_bufg_I_O)         0.091    16.831 r  gen_pynq_clk_50m.u_cpu_clk_bufg_replica/O
                         net (fo=5, routed)           0.147    16.978    cpu_clk_repN
    BUFGCTRL_X0Y16       BUFG (Prop_bufg_I_O)         0.091    17.069 r  gen_pynq_clk_50m.u_cpu_clk_bufg/O
                         net (fo=7916, routed)        1.590    18.659    u_soc/u_cpu/cpu_clk
    SLICE_X91Y76         FDCE                                         r  u_soc/u_cpu/redirect_cache_valid_r_reg[152]/C
                         clock pessimism              0.591    19.250    
                         clock uncertainty           -0.079    19.171    
    SLICE_X91Y76         FDCE (Recov_fdce_C_CLR)     -0.405    18.766    u_soc/u_cpu/redirect_cache_valid_r_reg[152]
  -------------------------------------------------------------------
                         required time                         18.766    
                         arrival time                          -8.693    
  -------------------------------------------------------------------
                         slack                                 10.073    





Min Delay Paths
--------------------------------------------------------------------------------------
Slack (MET) :             0.970ns  (arrival time - required time)
  Source:                 reset_sync_r_reg[0]/C
                            (rising edge-triggered cell FDCE clocked by gen_pynq_clk_50m.clkout0  {rise@0.000ns fall@10.000ns period=20.000ns})
  Destination:            u_uart_tx/baud_cnt_r_reg[0]/CLR
                            (removal check against rising-edge clock gen_pynq_clk_50m.clkout0  {rise@0.000ns fall@10.000ns period=20.000ns})
  Path Group:             **async_default**
  Path Type:              Removal (Min at Fast Process Corner)
  Requirement:            0.000ns  (gen_pynq_clk_50m.clkout0 rise@0.000ns - gen_pynq_clk_50m.clkout0 rise@0.000ns)
  Data Path Delay:        0.891ns  (logic 0.186ns (20.870%)  route 0.705ns (79.130%))
  Logic Levels:           1  (LUT6=1)
  Clock Path Skew:        0.013ns (DCD - SCD - CPR)
    Destination Clock Delay (DCD):    -0.812ns
    Source Clock Delay      (SCD):    -0.557ns
    Clock Pessimism Removal (CPR):    -0.267ns

    Location             Delay type                Incr(ns)  Path(ns)    Netlist Resource(s)
  -------------------------------------------------------------------    -------------------
                         (clock gen_pynq_clk_50m.clkout0 rise edge)
                                                      0.000     0.000 r  
    H16                                               0.000     0.000 r  CLK100MHZ (IN)
                         net (fo=0)                   0.000     0.000    CLK100MHZ
    H16                  IBUF (Prop_ibuf_I_O)         0.219     0.219 r  CLK100MHZ_IBUF_inst/O
                         net (fo=1, routed)           0.440     0.659    CLK100MHZ_IBUF
    MMCME2_ADV_X1Y2      MMCME2_ADV (Prop_mmcme2_adv_CLKIN1_CLKOUT0)
                                                     -2.613    -1.954 r  gen_pynq_clk_50m.u_clk_mmcm/CLKOUT0
                         net (fo=1, routed)           0.696    -1.257    gen_pynq_clk_50m.clkout0
    BUFGCTRL_X0Y31       BUFG (Prop_bufg_I_O)         0.026    -1.231 r  gen_pynq_clk_50m.u_cpu_clk_bufg_replica/O
                         net (fo=5, routed)           0.042    -1.189    cpu_clk_repN
    BUFGCTRL_X0Y16       BUFG (Prop_bufg_I_O)         0.026    -1.163 r  gen_pynq_clk_50m.u_cpu_clk_bufg/O
                         net (fo=7916, routed)        0.606    -0.557    cpu_clk
    SLICE_X101Y61        FDCE                                         r  reset_sync_r_reg[0]/C
  -------------------------------------------------------------------    -------------------
    SLICE_X101Y61        FDCE (Prop_fdce_C_Q)         0.141    -0.416 r  reset_sync_r_reg[0]/Q
                         net (fo=3, routed)           0.114    -0.302    u_uart_tx/Q[0]
    SLICE_X100Y61        LUT6 (Prop_lut6_I3_O)        0.045    -0.257 f  u_uart_tx/baud_cnt_r[8]_i_3/O
                         net (fo=23, routed)          0.591     0.334    u_uart_tx/baud_cnt_r[8]_i_3_n_0
    SLICE_X81Y52         FDCE                                         f  u_uart_tx/baud_cnt_r_reg[0]/CLR
  -------------------------------------------------------------------    -------------------

                         (clock gen_pynq_clk_50m.clkout0 rise edge)
                                                      0.000     0.000 r  
    H16                                               0.000     0.000 r  CLK100MHZ (IN)
                         net (fo=0)                   0.000     0.000    CLK100MHZ
    H16                  IBUF (Prop_ibuf_I_O)         0.406     0.406 r  CLK100MHZ_IBUF_inst/O
                         net (fo=1, routed)           0.480     0.886    CLK100MHZ_IBUF
    MMCME2_ADV_X1Y2      MMCME2_ADV (Prop_mmcme2_adv_CLKIN1_CLKOUT0)
                                                     -3.407    -2.521 r  gen_pynq_clk_50m.u_clk_mmcm/CLKOUT0
                         net (fo=1, routed)           0.752    -1.769    gen_pynq_clk_50m.clkout0
    BUFGCTRL_X0Y31       BUFG (Prop_bufg_I_O)         0.029    -1.740 r  gen_pynq_clk_50m.u_cpu_clk_bufg_replica/O
                         net (fo=5, routed)           0.046    -1.694    cpu_clk_repN
    BUFGCTRL_X0Y16       BUFG (Prop_bufg_I_O)         0.029    -1.665 r  gen_pynq_clk_50m.u_cpu_clk_bufg/O
                         net (fo=7916, routed)        0.853    -0.812    u_uart_tx/cpu_clk
    SLICE_X81Y52         FDCE                                         r  u_uart_tx/baud_cnt_r_reg[0]/C
                         clock pessimism              0.267    -0.544    
    SLICE_X81Y52         FDCE (Remov_fdce_C_CLR)     -0.092    -0.636    u_uart_tx/baud_cnt_r_reg[0]
  -------------------------------------------------------------------
                         required time                          0.636    
                         arrival time                           0.334    
  -------------------------------------------------------------------
                         slack                                  0.970    





