Copyright 1986-2022 Xilinx, Inc. All Rights Reserved. Copyright 2022-2025 Advanced Micro Devices, Inc. All Rights Reserved.
---------------------------------------------------------------------------------------------------------------------------------------------
| Tool Version : Vivado v.2025.2 (win64) Build 6299465 Fri Nov 14 19:35:11 GMT 2025
| Date         : Sat Jun  6 00:45:35 2026
| Host         : Toylog_desktop running 64-bit major release  (build 9200)
| Command      : report_timing_summary -file V:/project/reports/pynq_z2_sysclk_8p000ns_cpu25/impl_timing_summary.rpt
| Design       : YH_rv_cpu_fpga_top
| Device       : 7z020-clg400
| Speed File   : -1  PRODUCTION 1.12 2019-11-22
| Design State : Physopt postRoute
---------------------------------------------------------------------------------------------------------------------------------------------

Timing Summary Report

------------------------------------------------------------------------------------------------
| Timer Settings
| --------------
------------------------------------------------------------------------------------------------

  Enable Multi Corner Analysis               :  Yes
  Enable Pessimism Removal                   :  Yes
  Pessimism Removal Resolution               :  Nearest Common Node
  Enable Input Delay Default Clock           :  No
  Enable Preset / Clear Arcs                 :  No
  Disable Flight Delays                      :  No
  Ignore I/O Paths                           :  No
  Timing Early Launch at Borrowing Latches   :  No
  Borrow Time for Max Delay Exceptions       :  Yes
  Merge Timing Exceptions                    :  Yes
  Inter-SLR Compensation                     :  Conservative

  Corner  Analyze    Analyze    
  Name    Max Paths  Min Paths  
  ------  ---------  ---------  
  Slow    Yes        Yes        
  Fast    Yes        Yes        


------------------------------------------------------------------------------------------------
| Report Methodology
| ------------------
------------------------------------------------------------------------------------------------

No report available as report_methodology has not been run prior. Run report_methodology on the current design for the summary of methodology violations.



check_timing report

Table of Contents
-----------------
1. checking no_clock (0)
2. checking constant_clock (0)
3. checking pulse_width_clock (0)
4. checking unconstrained_internal_endpoints (0)
5. checking no_input_delay (1)
6. checking no_output_delay (4)
7. checking multiple_clock (0)
8. checking generated_clocks (0)
9. checking loops (0)
10. checking partial_input_delay (0)
11. checking partial_output_delay (0)
12. checking latch_loops (0)

1. checking no_clock (0)
------------------------
 There are 0 register/latch pins with no clock.


2. checking constant_clock (0)
------------------------------
 There are 0 register/latch pins with constant_clock.


3. checking pulse_width_clock (0)
---------------------------------
 There are 0 register/latch pins which need pulse_width check


4. checking unconstrained_internal_endpoints (0)
------------------------------------------------
 There are 0 pins that are not constrained for maximum delay.

 There are 0 pins that are not constrained for maximum delay due to constant clock.


5. checking no_input_delay (1)
------------------------------
 There is 1 input port with no input delay specified. (HIGH)

 There are 0 input ports with no input delay but user has a false path constraint.


6. checking no_output_delay (4)
-------------------------------
 There are 4 ports with no output delay specified. (HIGH)

 There are 0 ports with no output delay but user has a false path constraint

 There are 0 ports with no output delay but with a timing clock defined on it or propagating through it


7. checking multiple_clock (0)
------------------------------
 There are 0 register/latch pins with multiple clocks.


8. checking generated_clocks (0)
--------------------------------
 There are 0 generated clocks that are not connected to a clock source.


9. checking loops (0)
---------------------
 There are 0 combinational loops in the design.


10. checking partial_input_delay (0)
------------------------------------
 There are 0 input ports with partial input delay specified.


11. checking partial_output_delay (0)
-------------------------------------
 There are 0 ports with partial output delay specified.


12. checking latch_loops (0)
----------------------------
 There are 0 combinational latch loops in the design through latch input



------------------------------------------------------------------------------------------------
| Design Timing Summary
| ---------------------
------------------------------------------------------------------------------------------------

    WNS(ns)      TNS(ns)  TNS Failing Endpoints  TNS Total Endpoints      WHS(ns)      THS(ns)  THS Failing Endpoints  THS Total Endpoints     WPWS(ns)     TPWS(ns)  TPWS Failing Endpoints  TPWS Total Endpoints  
    -------      -------  ---------------------  -------------------      -------      -------  ---------------------  -------------------     --------     --------  ----------------------  --------------------  
      1.348        0.000                      0                14520        0.041        0.000                      0                14520        2.000        0.000                       0                  3961  


All user specified timing constraints are met.


------------------------------------------------------------------------------------------------
| Clock Summary
| -------------
------------------------------------------------------------------------------------------------

Clock                       Waveform(ns)         Period(ns)      Frequency(MHz)
-----                       ------------         ----------      --------------
pynq_sys_clk                {0.000 4.000}        8.000           125.000         
  gen_pynq_clk_25m.clkfb    {0.000 4.000}        8.000           125.000         
  gen_pynq_clk_25m.clkout0  {0.000 20.000}       40.000          25.000          


------------------------------------------------------------------------------------------------
| Intra Clock Table
| -----------------
------------------------------------------------------------------------------------------------

Clock                           WNS(ns)      TNS(ns)  TNS Failing Endpoints  TNS Total Endpoints      WHS(ns)      THS(ns)  THS Failing Endpoints  THS Total Endpoints     WPWS(ns)     TPWS(ns)  TPWS Failing Endpoints  TPWS Total Endpoints  
-----                           -------      -------  ---------------------  -------------------      -------      -------  ---------------------  -------------------     --------     --------  ----------------------  --------------------  
pynq_sys_clk                                                                                                                                                                  2.000        0.000                       0                     1  
  gen_pynq_clk_25m.clkfb                                                                                                                                                      5.845        0.000                       0                     3  
  gen_pynq_clk_25m.clkout0        1.348        0.000                      0                11983        0.041        0.000                      0                11983       18.750        0.000                       0                  3957  


------------------------------------------------------------------------------------------------
| Inter Clock Table
| -----------------
------------------------------------------------------------------------------------------------

From Clock    To Clock          WNS(ns)      TNS(ns)  TNS Failing Endpoints  TNS Total Endpoints      WHS(ns)      THS(ns)  THS Failing Endpoints  THS Total Endpoints  
----------    --------          -------      -------  ---------------------  -------------------      -------      -------  ---------------------  -------------------  


------------------------------------------------------------------------------------------------
| Other Path Groups Table
| -----------------------
------------------------------------------------------------------------------------------------

Path Group                From Clock                To Clock                      WNS(ns)      TNS(ns)  TNS Failing Endpoints  TNS Total Endpoints      WHS(ns)      THS(ns)  THS Failing Endpoints  THS Total Endpoints  
----------                ----------                --------                      -------      -------  ---------------------  -------------------      -------      -------  ---------------------  -------------------  
**async_default**         gen_pynq_clk_25m.clkout0  gen_pynq_clk_25m.clkout0       19.897        0.000                      0                 2537        0.757        0.000                      0                 2537  


------------------------------------------------------------------------------------------------
| Timing Details
| --------------
------------------------------------------------------------------------------------------------


---------------------------------------------------------------------------------------------------
From Clock:  pynq_sys_clk
  To Clock:  pynq_sys_clk

Setup :           NA  Failing Endpoints,  Worst Slack           NA  ,  Total Violation           NA
Hold  :           NA  Failing Endpoints,  Worst Slack           NA  ,  Total Violation           NA
PW    :            0  Failing Endpoints,  Worst Slack        2.000ns,  Total Violation        0.000ns
---------------------------------------------------------------------------------------------------


Pulse Width Checks
--------------------------------------------------------------------------------------
Clock Name:         pynq_sys_clk
Waveform(ns):       { 0.000 4.000 }
Period(ns):         8.000
Sources:            { CLK100MHZ }

Check Type        Corner  Lib Pin            Reference Pin  Required(ns)  Actual(ns)  Slack(ns)  Location         Pin
Min Period        n/a     MMCME2_ADV/CLKIN1  n/a            1.249         8.000       6.751      MMCME2_ADV_X1Y2  gen_pynq_clk_25m.u_clk_mmcm/CLKIN1
Max Period        n/a     MMCME2_ADV/CLKIN1  n/a            100.000       8.000       92.000     MMCME2_ADV_X1Y2  gen_pynq_clk_25m.u_clk_mmcm/CLKIN1
Low Pulse Width   Slow    MMCME2_ADV/CLKIN1  n/a            2.000         4.000       2.000      MMCME2_ADV_X1Y2  gen_pynq_clk_25m.u_clk_mmcm/CLKIN1
High Pulse Width  Slow    MMCME2_ADV/CLKIN1  n/a            2.000         4.000       2.000      MMCME2_ADV_X1Y2  gen_pynq_clk_25m.u_clk_mmcm/CLKIN1



---------------------------------------------------------------------------------------------------
From Clock:  gen_pynq_clk_25m.clkfb
  To Clock:  gen_pynq_clk_25m.clkfb

Setup :           NA  Failing Endpoints,  Worst Slack           NA  ,  Total Violation           NA
Hold  :           NA  Failing Endpoints,  Worst Slack           NA  ,  Total Violation           NA
PW    :            0  Failing Endpoints,  Worst Slack        5.845ns,  Total Violation        0.000ns
---------------------------------------------------------------------------------------------------


Pulse Width Checks
--------------------------------------------------------------------------------------
Clock Name:         gen_pynq_clk_25m.clkfb
Waveform(ns):       { 0.000 4.000 }
Period(ns):         8.000
Sources:            { gen_pynq_clk_25m.u_clk_mmcm/CLKFBOUT }

Check Type  Corner  Lib Pin             Reference Pin  Required(ns)  Actual(ns)  Slack(ns)  Location         Pin
Min Period  n/a     BUFG/I              n/a            2.155         8.000       5.845      BUFGCTRL_X0Y17   gen_pynq_clk_25m.u_clkfb_bufg/I
Max Period  n/a     MMCME2_ADV/CLKFBIN  n/a            100.000       8.000       92.000     MMCME2_ADV_X1Y2  gen_pynq_clk_25m.u_clk_mmcm/CLKFBIN



---------------------------------------------------------------------------------------------------
From Clock:  gen_pynq_clk_25m.clkout0
  To Clock:  gen_pynq_clk_25m.clkout0

Setup :            0  Failing Endpoints,  Worst Slack        1.348ns,  Total Violation        0.000ns
Hold  :            0  Failing Endpoints,  Worst Slack        0.041ns,  Total Violation        0.000ns
PW    :            0  Failing Endpoints,  Worst Slack       18.750ns,  Total Violation        0.000ns
---------------------------------------------------------------------------------------------------


Max Delay Paths
--------------------------------------------------------------------------------------
Slack (MET) :             1.348ns  (required time - arrival time)
  Source:                 u_soc/u_cpu/ex_mem_mem_addr_r_reg[2]_rep__0/C
                            (rising edge-triggered cell FDCE clocked by gen_pynq_clk_25m.clkout0  {rise@0.000ns fall@20.000ns period=40.000ns})
  Destination:            u_soc/u_cpu/pc_r_reg[28]/D
                            (rising edge-triggered cell FDCE clocked by gen_pynq_clk_25m.clkout0  {rise@0.000ns fall@20.000ns period=40.000ns})
  Path Group:             gen_pynq_clk_25m.clkout0
  Path Type:              Setup (Max at Slow Process Corner)
  Requirement:            40.000ns  (gen_pynq_clk_25m.clkout0 rise@40.000ns - gen_pynq_clk_25m.clkout0 rise@0.000ns)
  Data Path Delay:        38.482ns  (logic 9.283ns (24.123%)  route 29.199ns (75.877%))
  Logic Levels:           48  (CARRY4=10 LUT2=2 LUT3=2 LUT4=2 LUT5=5 LUT6=21 MUXF7=3 MUXF8=2 RAMD64E=1)
  Clock Path Skew:        -0.113ns (DCD - SCD + CPR)
    Destination Clock Delay (DCD):    -1.703ns = ( 38.297 - 40.000 ) 
    Source Clock Delay      (SCD):    -1.023ns
    Clock Pessimism Removal (CPR):    0.567ns
  Clock Uncertainty:      0.088ns  ((TSJ^2 + DJ^2)^1/2) / 2 + PE
    Total System Jitter     (TSJ):    0.071ns
    Discrete Jitter          (DJ):    0.161ns
    Phase Error              (PE):    0.000ns

    Location             Delay type                Incr(ns)  Path(ns)    Netlist Resource(s)
  -------------------------------------------------------------------    -------------------
                         (clock gen_pynq_clk_25m.clkout0 rise edge)
                                                      0.000     0.000 r  
    H16                                               0.000     0.000 r  CLK100MHZ (IN)
                         net (fo=0)                   0.000     0.000    CLK100MHZ
    H16                  IBUF (Prop_ibuf_I_O)         1.451     1.451 r  CLK100MHZ_IBUF_inst/O
                         net (fo=1, routed)           1.285     2.736    CLK100MHZ_IBUF
    MMCME2_ADV_X1Y2      MMCME2_ADV (Prop_mmcme2_adv_CLKIN1_CLKOUT0)
                                                     -7.759    -5.023 r  gen_pynq_clk_25m.u_clk_mmcm/CLKOUT0
                         net (fo=1, routed)           2.206    -2.817    gen_pynq_clk_25m.clkout0
    BUFGCTRL_X0Y16       BUFG (Prop_bufg_I_O)         0.101    -2.716 r  gen_pynq_clk_25m.u_cpu_clk_bufg/O
                         net (fo=3955, routed)        1.693    -1.023    u_soc/u_cpu/cpu_clk
    SLICE_X54Y73         FDCE                                         r  u_soc/u_cpu/ex_mem_mem_addr_r_reg[2]_rep__0/C
  -------------------------------------------------------------------    -------------------
    SLICE_X54Y73         FDCE (Prop_fdce_C_Q)         0.518    -0.505 r  u_soc/u_cpu/ex_mem_mem_addr_r_reg[2]_rep__0/Q
                         net (fo=96, routed)          1.441     0.935    u_soc/u_cpu/gen_dcache.u_dcache/mem_wb_load_data_r_reg[23]_i_94_1
    SLICE_X41Y75         LUT6 (Prop_lut6_I4_O)        0.124     1.059 r  u_soc/u_cpu/gen_dcache.u_dcache/miss_unsigned_r_i_45/O
                         net (fo=1, routed)           0.000     1.059    u_soc/u_cpu/gen_dcache.u_dcache/miss_unsigned_r_i_45_n_0
    SLICE_X41Y75         MUXF7 (Prop_muxf7_I1_O)      0.245     1.304 r  u_soc/u_cpu/gen_dcache.u_dcache/miss_unsigned_r_reg_i_24/O
                         net (fo=1, routed)           0.000     1.304    u_soc/u_cpu/gen_dcache.u_dcache/miss_unsigned_r_reg_i_24_n_0
    SLICE_X41Y75         MUXF8 (Prop_muxf8_I0_O)      0.104     1.408 r  u_soc/u_cpu/gen_dcache.u_dcache/miss_unsigned_r_reg_i_12/O
                         net (fo=1, routed)           1.174     2.582    u_soc/u_cpu/gen_dcache.u_dcache/miss_unsigned_r_reg_i_12_n_0
    SLICE_X47Y71         LUT6 (Prop_lut6_I3_O)        0.316     2.898 r  u_soc/u_cpu/gen_dcache.u_dcache/miss_unsigned_r_i_7/O
                         net (fo=1, routed)           0.000     2.898    u_soc/u_cpu/gen_dcache.u_dcache/miss_unsigned_r_i_7_n_0
    SLICE_X47Y71         MUXF7 (Prop_muxf7_I0_O)      0.238     3.136 r  u_soc/u_cpu/gen_dcache.u_dcache/miss_unsigned_r_reg_i_5/O
                         net (fo=2, routed)           0.830     3.967    u_soc/u_cpu/gen_dcache.u_dcache/miss_unsigned_r_reg_i_5_n_0
    SLICE_X47Y74         LUT6 (Prop_lut6_I4_O)        0.298     4.265 r  u_soc/u_cpu/gen_dcache.u_dcache/mem_wb_load_data_r[23]_i_9/O
                         net (fo=2, routed)           0.848     5.112    u_soc/u_cpu/gen_dcache.u_dcache/mem_wb_load_data_r[23]_i_9_n_0
    SLICE_X47Y76         LUT6 (Prop_lut6_I4_O)        0.124     5.236 r  u_soc/u_cpu/gen_dcache.u_dcache/mem_wb_load_data_r[23]_i_3/O
                         net (fo=49, routed)          0.717     5.953    u_soc/u_cpu/gen_dcache.u_dcache/mem_wb_load_data_r[23]_i_3_n_0
    SLICE_X41Y79         LUT6 (Prop_lut6_I0_O)        0.124     6.077 r  u_soc/u_cpu/gen_dcache.u_dcache/mem_wb_load_data_r[2]_i_1/O
                         net (fo=4, routed)           1.318     7.395    u_soc/u_cpu/gen_dcache.u_dcache/mem_load_data[2]
    SLICE_X58Y79         LUT6 (Prop_lut6_I0_O)        0.124     7.519 r  u_soc/u_cpu/gen_dcache.u_dcache/x_result_th_mula0_i_67/O
                         net (fo=7, routed)           0.878     8.397    u_soc/u_cpu/gen_dcache.u_dcache/x_result_th_mula0_i_67_n_0
    SLICE_X53Y77         LUT5 (Prop_lut5_I0_O)        0.124     8.521 r  u_soc/u_cpu/gen_dcache.u_dcache/ex_mem_mem_addr_r[3]_i_7/O
                         net (fo=1, routed)           0.706     9.227    u_soc/u_cpu/gen_dcache.u_dcache/ex_mem_mem_addr_r[3]_i_7_n_0
    SLICE_X49Y75         LUT6 (Prop_lut6_I4_O)        0.124     9.351 r  u_soc/u_cpu/gen_dcache.u_dcache/ex_mem_mem_addr_r[3]_i_3/O
                         net (fo=1, routed)           0.000     9.351    u_soc/u_cpu/gen_dcache.u_dcache/ex_mem_mem_addr_r[3]_i_3_n_0
    SLICE_X49Y75         CARRY4 (Prop_carry4_S[2]_CO[3])
                                                      0.398     9.749 r  u_soc/u_cpu/gen_dcache.u_dcache/ex_mem_mem_addr_r_reg[3]_i_1/CO[3]
                         net (fo=1, routed)           0.000     9.749    u_soc/u_cpu/gen_dcache.u_dcache/ex_mem_mem_addr_r_reg[3]_i_1_n_0
    SLICE_X49Y76         CARRY4 (Prop_carry4_CI_O[0])
                                                      0.235     9.984 r  u_soc/u_cpu/gen_dcache.u_dcache/ex_mem_mem_addr_r_reg[7]_i_1/O[0]
                         net (fo=95, routed)          1.350    11.333    u_soc/u_cpu/gen_dcache.u_dcache/ex_mem_addr[4]
    SLICE_X40Y68         MUXF7 (Prop_muxf7_S_O)       0.451    11.784 r  u_soc/u_cpu/gen_dcache.u_dcache/id_ex_flush_valid_local_inst_i_160/O
                         net (fo=1, routed)           0.000    11.784    u_soc/u_cpu/gen_dcache.u_dcache/id_ex_flush_valid_local_inst_i_160_n_0
    SLICE_X40Y68         MUXF8 (Prop_muxf8_I1_O)      0.094    11.878 r  u_soc/u_cpu/gen_dcache.u_dcache/id_ex_flush_valid_local_inst_i_81/O
                         net (fo=1, routed)           0.557    12.435    u_soc/u_cpu/gen_dcache.u_dcache/id_ex_flush_valid_local_inst_i_81_n_0
    SLICE_X47Y69         LUT6 (Prop_lut6_I5_O)        0.316    12.751 r  u_soc/u_cpu/gen_dcache.u_dcache/id_ex_flush_valid_local_inst_i_51/O
                         net (fo=1, routed)           1.064    13.815    u_soc/u_cpu/gen_dcache.u_dcache/id_ex_flush_valid_local_inst_i_51_n_0
    SLICE_X50Y75         LUT6 (Prop_lut6_I0_O)        0.124    13.939 f  u_soc/u_cpu/gen_dcache.u_dcache/id_ex_flush_valid_local_inst_i_38/O
                         net (fo=1, routed)           0.950    14.889    u_soc/u_cpu/gen_dcache.u_dcache/id_ex_flush_valid_local_inst_i_38_n_0
    SLICE_X52Y75         LUT6 (Prop_lut6_I2_O)        0.124    15.013 r  u_soc/u_cpu/gen_dcache.u_dcache/id_ex_flush_valid_local_inst_i_23/O
                         net (fo=1, routed)           0.835    15.848    u_soc/u_cpu/gen_dcache.u_dcache/id_ex_flush_valid_local_inst_i_23_n_0
    SLICE_X52Y80         LUT6 (Prop_lut6_I3_O)        0.124    15.972 r  u_soc/u_cpu/gen_dcache.u_dcache/id_ex_flush_valid_local_inst_i_12__0/O
                         net (fo=3, routed)           0.514    16.485    u_soc/u_cpu/gen_dcache.u_dcache/id_ex_valid_r_reg
    SLICE_X52Y82         LUT6 (Prop_lut6_I4_O)        0.124    16.609 r  u_soc/u_cpu/gen_dcache.u_dcache/id_ex_flush_valid_local_inst_i_5__0/O
                         net (fo=3, routed)           0.570    17.179    u_soc/u_cpu/gen_dcache.u_dcache/id_ex_flush_valid_local_inst_i_5__0_n_0
    SLICE_X51Y82         LUT6 (Prop_lut6_I2_O)        0.124    17.303 r  u_soc/u_cpu/gen_dcache.u_dcache/fetch_pc_r[31]_i_2/O
                         net (fo=49, routed)          0.629    17.932    u_soc/u_cpu/gen_dcache.u_dcache/fetch_pc_r[31]_i_2_n_0
    SLICE_X49Y85         LUT6 (Prop_lut6_I5_O)        0.124    18.056 r  u_soc/u_cpu/gen_dcache.u_dcache/id_ex_branch_predict_pc_r[3]_i_3/O
                         net (fo=38, routed)          0.995    19.051    u_soc/u_cpu/gen_dcache.u_dcache/id_ex_branch_predict_pc_r[3]_i_3_n_0
    SLICE_X62Y86         LUT3 (Prop_lut3_I1_O)        0.124    19.175 r  u_soc/u_cpu/gen_dcache.u_dcache/id_ex_branch_predict_pc_r[7]_i_2/O
                         net (fo=4, routed)           0.601    19.777    u_soc/u_cpu/gen_dcache.u_dcache/id_ex_branch_predict_pc_r[7]_i_2_n_0
    SLICE_X56Y85         LUT5 (Prop_lut5_I3_O)        0.124    19.901 r  u_soc/u_cpu/gen_dcache.u_dcache/redirect_cache_pc_r_reg_r2_0_63_0_2_i_1/O
                         net (fo=121, routed)         0.902    20.802    u_soc/u_cpu/gen_dcache.u_dcache/redirect_cache_lookup_index[5]
    SLICE_X52Y84         LUT3 (Prop_lut3_I0_O)        0.119    20.921 r  u_soc/u_cpu/gen_dcache.u_dcache/redirect_cache_pc_r_reg_r4_0_63_0_2_i_1/O
                         net (fo=136, routed)         1.101    22.023    u_soc/u_cpu/redirect_cache_pc_r_reg_r4_0_63_12_14/ADDRA5
    SLICE_X54Y93         RAMD64E (Prop_ramd64e_RADR5_O)
                                                      0.332    22.355 r  u_soc/u_cpu/redirect_cache_pc_r_reg_r4_0_63_12_14/RAMA/O
                         net (fo=1, routed)           0.852    23.207    u_soc/u_cpu/gen_dcache.u_dcache/fetch_pc_r[31]_i_40_2
    SLICE_X49Y92         LUT4 (Prop_lut4_I1_O)        0.124    23.331 f  u_soc/u_cpu/gen_dcache.u_dcache/fetch_pc_r[31]_i_86/O
                         net (fo=1, routed)           0.545    23.876    u_soc/u_cpu/gen_dcache.u_dcache/fetch_pc_r[31]_i_86_n_0
    SLICE_X45Y92         LUT6 (Prop_lut6_I4_O)        0.124    24.000 r  u_soc/u_cpu/gen_dcache.u_dcache/fetch_pc_r[31]_i_40/O
                         net (fo=1, routed)           0.000    24.000    u_soc/u_cpu/gen_dcache.u_dcache/fetch_pc_r[31]_i_40_n_0
    SLICE_X45Y92         CARRY4 (Prop_carry4_S[0]_CO[3])
                                                      0.532    24.532 r  u_soc/u_cpu/gen_dcache.u_dcache/fetch_pc_r_reg[31]_i_18/CO[3]
                         net (fo=2, routed)           0.756    25.288    u_soc/u_cpu/gen_dcache.u_dcache/regular_cache_hit0
    SLICE_X45Y95         LUT2 (Prop_lut2_I0_O)        0.124    25.412 f  u_soc/u_cpu/gen_dcache.u_dcache/fetch_pc_r[31]_i_8/O
                         net (fo=1, routed)           0.403    25.815    u_soc/u_cpu/gen_dcache.u_dcache/fetch_pc_r[31]_i_8_n_0
    SLICE_X45Y95         LUT6 (Prop_lut6_I1_O)        0.124    25.939 r  u_soc/u_cpu/gen_dcache.u_dcache/fetch_pc_r[31]_i_3/O
                         net (fo=142, routed)         1.072    27.011    u_soc/u_cpu/gen_dcache.u_dcache/pc_r_reg[8]_2
    SLICE_X32Y94         LUT5 (Prop_lut5_I1_O)        0.124    27.135 r  u_soc/u_cpu/gen_dcache.u_dcache/id_ex_csr_cmd_r[1]_i_8/O
                         net (fo=10, routed)          1.136    28.271    u_soc/u_cpu/u_fold_target_id_stage/u_decoder/fold_decode_instruction[0]
    SLICE_X30Y94         LUT6 (Prop_lut6_I1_O)        0.124    28.395 f  u_soc/u_cpu/u_fold_target_id_stage/u_decoder/i_/id_ex_alu_op_r[4]_i_22/O
                         net (fo=12, routed)          1.237    29.632    u_soc/u_cpu/u_fold_target_id_stage/u_decoder/i_/id_ex_alu_op_r[4]_i_32_0
    SLICE_X30Y92         LUT6 (Prop_lut6_I3_O)        0.124    29.756 f  u_soc/u_cpu/u_fold_target_id_stage/u_decoder/i_/id_ex_alu_op_r[3]_i_5/O
                         net (fo=2, routed)           0.678    30.434    u_soc/u_cpu/gen_dcache.u_dcache/i_/id_ex_alu_op_r[4]_i_2
    SLICE_X33Y90         LUT6 (Prop_lut6_I0_O)        0.124    30.558 f  u_soc/u_cpu/gen_dcache.u_dcache/id_ex_alu_op_r[4]_i_5/O
                         net (fo=2, routed)           0.870    31.428    u_soc/u_cpu/gen_dcache.u_dcache/gen_pynq_clk_25m.u_cpu_clk_bufg_0
    SLICE_X32Y90         LUT6 (Prop_lut6_I2_O)        0.124    31.552 f  u_soc/u_cpu/gen_dcache.u_dcache/id_ex_pc_r[0]_i_9/O
                         net (fo=1, routed)           0.996    32.548    u_soc/u_cpu/gen_dcache.u_dcache/id_ex_pc_r[0]_i_9_n_0
    SLICE_X39Y92         LUT6 (Prop_lut6_I5_O)        0.124    32.672 r  u_soc/u_cpu/gen_dcache.u_dcache/id_ex_pc_r[0]_i_2/O
                         net (fo=10, routed)          0.582    33.254    u_soc/u_cpu/gen_dcache.u_dcache/id_ex_pc_r[0]_i_2_n_0
    SLICE_X43Y92         LUT4 (Prop_lut4_I2_O)        0.124    33.378 r  u_soc/u_cpu/gen_dcache.u_dcache/if_id_pc_r[31]_i_3/O
                         net (fo=69, routed)          0.957    34.335    u_soc/u_cpu/gen_dcache.u_dcache/if_id_pc_r[31]_i_3_n_0
    SLICE_X51Y85         LUT2 (Prop_lut2_I1_O)        0.124    34.459 r  u_soc/u_cpu/gen_dcache.u_dcache/pc_r[4]_i_12/O
                         net (fo=1, routed)           0.000    34.459    u_soc/u_cpu/gen_dcache.u_dcache/pc_r[4]_i_12_n_0
    SLICE_X51Y85         CARRY4 (Prop_carry4_S[1]_CO[3])
                                                      0.550    35.009 r  u_soc/u_cpu/gen_dcache.u_dcache/pc_r_reg[4]_i_7/CO[3]
                         net (fo=1, routed)           0.000    35.009    u_soc/u_cpu/gen_dcache.u_dcache/pc_r_reg[4]_i_7_n_0
    SLICE_X51Y86         CARRY4 (Prop_carry4_CI_CO[3])
                                                      0.114    35.123 r  u_soc/u_cpu/gen_dcache.u_dcache/pc_r_reg[8]_i_5/CO[3]
                         net (fo=1, routed)           0.000    35.123    u_soc/u_cpu/gen_dcache.u_dcache/pc_r_reg[8]_i_5_n_0
    SLICE_X51Y87         CARRY4 (Prop_carry4_CI_CO[3])
                                                      0.114    35.237 r  u_soc/u_cpu/gen_dcache.u_dcache/pc_r_reg[12]_i_5/CO[3]
                         net (fo=1, routed)           0.000    35.237    u_soc/u_cpu/gen_dcache.u_dcache/pc_r_reg[12]_i_5_n_0
    SLICE_X51Y88         CARRY4 (Prop_carry4_CI_CO[3])
                                                      0.114    35.351 r  u_soc/u_cpu/gen_dcache.u_dcache/pc_r_reg[16]_i_5/CO[3]
                         net (fo=1, routed)           0.000    35.351    u_soc/u_cpu/gen_dcache.u_dcache/pc_r_reg[16]_i_5_n_0
    SLICE_X51Y89         CARRY4 (Prop_carry4_CI_CO[3])
                                                      0.114    35.465 r  u_soc/u_cpu/gen_dcache.u_dcache/pc_r_reg[20]_i_5/CO[3]
                         net (fo=1, routed)           0.000    35.465    u_soc/u_cpu/gen_dcache.u_dcache/pc_r_reg[20]_i_5_n_0
    SLICE_X51Y90         CARRY4 (Prop_carry4_CI_CO[3])
                                                      0.114    35.579 r  u_soc/u_cpu/gen_dcache.u_dcache/pc_r_reg[24]_i_5/CO[3]
                         net (fo=1, routed)           0.000    35.579    u_soc/u_cpu/gen_dcache.u_dcache/pc_r_reg[24]_i_5_n_0
    SLICE_X51Y91         CARRY4 (Prop_carry4_CI_O[3])
                                                      0.313    35.892 r  u_soc/u_cpu/gen_dcache.u_dcache/pc_r_reg[28]_i_5/O[3]
                         net (fo=1, routed)           0.647    36.540    u_soc/u_cpu/gen_dcache.u_dcache/pc_r_reg[28]_i_5_n_4
    SLICE_X52Y95         LUT5 (Prop_lut5_I4_O)        0.306    36.846 r  u_soc/u_cpu/gen_dcache.u_dcache/pc_r[28]_i_3/O
                         net (fo=1, routed)           0.489    37.334    u_soc/u_cpu/gen_dcache.u_dcache/pc_r[28]_i_3_n_0
    SLICE_X52Y94         LUT5 (Prop_lut5_I4_O)        0.124    37.458 r  u_soc/u_cpu/gen_dcache.u_dcache/pc_r[28]_i_1/O
                         net (fo=1, routed)           0.000    37.458    u_soc/u_cpu/gen_dcache.u_dcache_n_879
    SLICE_X52Y94         FDCE                                         r  u_soc/u_cpu/pc_r_reg[28]/D
  -------------------------------------------------------------------    -------------------

                         (clock gen_pynq_clk_25m.clkout0 rise edge)
                                                     40.000    40.000 r  
    H16                                               0.000    40.000 r  CLK100MHZ (IN)
                         net (fo=0)                   0.000    40.000    CLK100MHZ
    H16                  IBUF (Prop_ibuf_I_O)         1.380    41.380 r  CLK100MHZ_IBUF_inst/O
                         net (fo=1, routed)           1.162    42.542    CLK100MHZ_IBUF
    MMCME2_ADV_X1Y2      MMCME2_ADV (Prop_mmcme2_adv_CLKIN1_CLKOUT0)
                                                     -7.814    34.728 r  gen_pynq_clk_25m.u_clk_mmcm/CLKOUT0
                         net (fo=1, routed)           2.012    36.740    gen_pynq_clk_25m.clkout0
    BUFGCTRL_X0Y16       BUFG (Prop_bufg_I_O)         0.091    36.831 r  gen_pynq_clk_25m.u_cpu_clk_bufg/O
                         net (fo=3955, routed)        1.466    38.297    u_soc/u_cpu/cpu_clk
    SLICE_X52Y94         FDCE                                         r  u_soc/u_cpu/pc_r_reg[28]/C
                         clock pessimism              0.567    38.864    
                         clock uncertainty           -0.088    38.776    
    SLICE_X52Y94         FDCE (Setup_fdce_C_D)        0.031    38.807    u_soc/u_cpu/pc_r_reg[28]
  -------------------------------------------------------------------
                         required time                         38.807    
                         arrival time                         -37.458    
  -------------------------------------------------------------------
                         slack                                  1.348    





Min Delay Paths
--------------------------------------------------------------------------------------
Slack (MET) :             0.041ns  (arrival time - required time)
  Source:                 u_soc/u_cpu/ex_mem_mem_addr_r_reg[20]/C
                            (rising edge-triggered cell FDCE clocked by gen_pynq_clk_25m.clkout0  {rise@0.000ns fall@20.000ns period=40.000ns})
  Destination:            u_soc/u_cpu/gen_dcache.u_dcache/miss_addr_r_reg[20]/D
                            (rising edge-triggered cell FDCE clocked by gen_pynq_clk_25m.clkout0  {rise@0.000ns fall@20.000ns period=40.000ns})
  Path Group:             gen_pynq_clk_25m.clkout0
  Path Type:              Hold (Min at Fast Process Corner)
  Requirement:            0.000ns  (gen_pynq_clk_25m.clkout0 rise@0.000ns - gen_pynq_clk_25m.clkout0 rise@0.000ns)
  Data Path Delay:        0.359ns  (logic 0.141ns (39.265%)  route 0.218ns (60.735%))
  Logic Levels:           0  
  Clock Path Skew:        0.255ns (DCD - SCD - CPR)
    Destination Clock Delay (DCD):    -0.933ns
    Source Clock Delay      (SCD):    -0.684ns
    Clock Pessimism Removal (CPR):    -0.504ns

    Location             Delay type                Incr(ns)  Path(ns)    Netlist Resource(s)
  -------------------------------------------------------------------    -------------------
                         (clock gen_pynq_clk_25m.clkout0 rise edge)
                                                      0.000     0.000 r  
    H16                                               0.000     0.000 r  CLK100MHZ (IN)
                         net (fo=0)                   0.000     0.000    CLK100MHZ
    H16                  IBUF (Prop_ibuf_I_O)         0.219     0.219 r  CLK100MHZ_IBUF_inst/O
                         net (fo=1, routed)           0.440     0.659    CLK100MHZ_IBUF
    MMCME2_ADV_X1Y2      MMCME2_ADV (Prop_mmcme2_adv_CLKIN1_CLKOUT0)
                                                     -2.613    -1.954 r  gen_pynq_clk_25m.u_clk_mmcm/CLKOUT0
                         net (fo=1, routed)           0.696    -1.257    gen_pynq_clk_25m.clkout0
    BUFGCTRL_X0Y16       BUFG (Prop_bufg_I_O)         0.026    -1.231 r  gen_pynq_clk_25m.u_cpu_clk_bufg/O
                         net (fo=3955, routed)        0.547    -0.684    u_soc/u_cpu/cpu_clk
    SLICE_X49Y80         FDCE                                         r  u_soc/u_cpu/ex_mem_mem_addr_r_reg[20]/C
  -------------------------------------------------------------------    -------------------
    SLICE_X49Y80         FDCE (Prop_fdce_C_Q)         0.141    -0.543 r  u_soc/u_cpu/ex_mem_mem_addr_r_reg[20]/Q
                         net (fo=5, routed)           0.218    -0.325    u_soc/u_cpu/gen_dcache.u_dcache/Q[20]
    SLICE_X50Y77         FDCE                                         r  u_soc/u_cpu/gen_dcache.u_dcache/miss_addr_r_reg[20]/D
  -------------------------------------------------------------------    -------------------

                         (clock gen_pynq_clk_25m.clkout0 rise edge)
                                                      0.000     0.000 r  
    H16                                               0.000     0.000 r  CLK100MHZ (IN)
                         net (fo=0)                   0.000     0.000    CLK100MHZ
    H16                  IBUF (Prop_ibuf_I_O)         0.406     0.406 r  CLK100MHZ_IBUF_inst/O
                         net (fo=1, routed)           0.480     0.886    CLK100MHZ_IBUF
    MMCME2_ADV_X1Y2      MMCME2_ADV (Prop_mmcme2_adv_CLKIN1_CLKOUT0)
                                                     -3.407    -2.521 r  gen_pynq_clk_25m.u_clk_mmcm/CLKOUT0
                         net (fo=1, routed)           0.752    -1.769    gen_pynq_clk_25m.clkout0
    BUFGCTRL_X0Y16       BUFG (Prop_bufg_I_O)         0.029    -1.740 r  gen_pynq_clk_25m.u_cpu_clk_bufg/O
                         net (fo=3955, routed)        0.807    -0.933    u_soc/u_cpu/gen_dcache.u_dcache/cpu_clk
    SLICE_X50Y77         FDCE                                         r  u_soc/u_cpu/gen_dcache.u_dcache/miss_addr_r_reg[20]/C
                         clock pessimism              0.504    -0.429    
    SLICE_X50Y77         FDCE (Hold_fdce_C_D)         0.063    -0.366    u_soc/u_cpu/gen_dcache.u_dcache/miss_addr_r_reg[20]
  -------------------------------------------------------------------
                         required time                          0.366    
                         arrival time                          -0.325    
  -------------------------------------------------------------------
                         slack                                  0.041    





Pulse Width Checks
--------------------------------------------------------------------------------------
Clock Name:         gen_pynq_clk_25m.clkout0
Waveform(ns):       { 0.000 20.000 }
Period(ns):         40.000
Sources:            { gen_pynq_clk_25m.u_clk_mmcm/CLKOUT0 }

Check Type        Corner  Lib Pin             Reference Pin  Required(ns)  Actual(ns)  Slack(ns)  Location         Pin
Min Period        n/a     RAMB36E1/CLKARDCLK  n/a            2.944         40.000      37.056     RAMB36_X2Y12     u_soc/u_dmem_ram/g_sync_ram.g_posedge_read.ram_mem_reg_0/CLKARDCLK
Max Period        n/a     MMCME2_ADV/CLKOUT0  n/a            213.360       40.000      173.360    MMCME2_ADV_X1Y2  gen_pynq_clk_25m.u_clk_mmcm/CLKOUT0
Low Pulse Width   Slow    RAMD64E/CLK         n/a            1.250         20.000      18.750     SLICE_X38Y76     u_soc/u_cpu/gen_dcache.u_dcache/cache_data_reg_0_63_0_2/RAMA/CLK
High Pulse Width  Slow    RAMD64E/CLK         n/a            1.250         20.000      18.750     SLICE_X38Y76     u_soc/u_cpu/gen_dcache.u_dcache/cache_data_reg_0_63_0_2/RAMA/CLK



---------------------------------------------------------------------------------------------------
Path Group:  **async_default**
From Clock:  gen_pynq_clk_25m.clkout0
  To Clock:  gen_pynq_clk_25m.clkout0

Setup :            0  Failing Endpoints,  Worst Slack       19.897ns,  Total Violation        0.000ns
Hold  :            0  Failing Endpoints,  Worst Slack        0.757ns,  Total Violation        0.000ns
---------------------------------------------------------------------------------------------------


Max Delay Paths
--------------------------------------------------------------------------------------
Slack (MET) :             19.897ns  (required time - arrival time)
  Source:                 reset_sync_r_reg[4]/C
                            (rising edge-triggered cell FDCE clocked by gen_pynq_clk_25m.clkout0  {rise@0.000ns fall@20.000ns period=40.000ns})
  Destination:            u_soc/u_cpu/u_regfile/regs_reg[19][5]/CLR
                            (recovery check against rising-edge clock gen_pynq_clk_25m.clkout0  {rise@0.000ns fall@20.000ns period=40.000ns})
  Path Group:             **async_default**
  Path Type:              Recovery (Max at Slow Process Corner)
  Requirement:            40.000ns  (gen_pynq_clk_25m.clkout0 rise@40.000ns - gen_pynq_clk_25m.clkout0 rise@0.000ns)
  Data Path Delay:        19.538ns  (logic 0.828ns (4.238%)  route 18.710ns (95.762%))
  Logic Levels:           3  (LUT1=1 LUT4=1 LUT6=1)
  Clock Path Skew:        -0.072ns (DCD - SCD + CPR)
    Destination Clock Delay (DCD):    -1.565ns = ( 38.435 - 40.000 ) 
    Source Clock Delay      (SCD):    -1.026ns
    Clock Pessimism Removal (CPR):    0.466ns
  Clock Uncertainty:      0.088ns  ((TSJ^2 + DJ^2)^1/2) / 2 + PE
    Total System Jitter     (TSJ):    0.071ns
    Discrete Jitter          (DJ):    0.161ns
    Phase Error              (PE):    0.000ns

    Location             Delay type                Incr(ns)  Path(ns)    Netlist Resource(s)
  -------------------------------------------------------------------    -------------------
                         (clock gen_pynq_clk_25m.clkout0 rise edge)
                                                      0.000     0.000 r  
    H16                                               0.000     0.000 r  CLK100MHZ (IN)
                         net (fo=0)                   0.000     0.000    CLK100MHZ
    H16                  IBUF (Prop_ibuf_I_O)         1.451     1.451 r  CLK100MHZ_IBUF_inst/O
                         net (fo=1, routed)           1.285     2.736    CLK100MHZ_IBUF
    MMCME2_ADV_X1Y2      MMCME2_ADV (Prop_mmcme2_adv_CLKIN1_CLKOUT0)
                                                     -7.759    -5.023 r  gen_pynq_clk_25m.u_clk_mmcm/CLKOUT0
                         net (fo=1, routed)           2.206    -2.817    gen_pynq_clk_25m.clkout0
    BUFGCTRL_X0Y16       BUFG (Prop_bufg_I_O)         0.101    -2.716 r  gen_pynq_clk_25m.u_cpu_clk_bufg/O
                         net (fo=3955, routed)        1.690    -1.026    cpu_clk
    SLICE_X29Y82         FDCE                                         r  reset_sync_r_reg[4]/C
  -------------------------------------------------------------------    -------------------
    SLICE_X29Y82         FDCE (Prop_fdce_C_Q)         0.456    -0.570 r  reset_sync_r_reg[4]/Q
                         net (fo=2, routed)           0.683     0.113    u_soc/u_cpu/u_regfile/bit_idx_r_reg[3][4]
    SLICE_X28Y82         LUT4 (Prop_lut4_I1_O)        0.124     0.237 f  u_soc/u_cpu/u_regfile/led_OBUF[0]_inst_i_2/O
                         net (fo=2, routed)           0.827     1.064    u_soc/u_cpu/u_regfile/reset_sync_r_reg[5]
    SLICE_X28Y84         LUT6 (Prop_lut6_I0_O)        0.124     1.188 r  u_soc/u_cpu/u_regfile/led_OBUF[0]_inst_i_1/O
                         net (fo=3, routed)           0.682     1.869    u_soc/u_cpu/led_OBUF[0]
    SLICE_X28Y84         LUT1 (Prop_lut1_I0_O)        0.124     1.993 f  u_soc/u_cpu/regs[0][31]_i_3/O
                         net (fo=2515, routed)       16.518    18.512    u_soc/u_cpu/u_regfile/regs_reg[31][31]_0
    SLICE_X103Y86        FDCE                                         f  u_soc/u_cpu/u_regfile/regs_reg[19][5]/CLR
  -------------------------------------------------------------------    -------------------

                         (clock gen_pynq_clk_25m.clkout0 rise edge)
                                                     40.000    40.000 r  
    H16                                               0.000    40.000 r  CLK100MHZ (IN)
                         net (fo=0)                   0.000    40.000    CLK100MHZ
    H16                  IBUF (Prop_ibuf_I_O)         1.380    41.380 r  CLK100MHZ_IBUF_inst/O
                         net (fo=1, routed)           1.162    42.542    CLK100MHZ_IBUF
    MMCME2_ADV_X1Y2      MMCME2_ADV (Prop_mmcme2_adv_CLKIN1_CLKOUT0)
                                                     -7.814    34.728 r  gen_pynq_clk_25m.u_clk_mmcm/CLKOUT0
                         net (fo=1, routed)           2.012    36.740    gen_pynq_clk_25m.clkout0
    BUFGCTRL_X0Y16       BUFG (Prop_bufg_I_O)         0.091    36.831 r  gen_pynq_clk_25m.u_cpu_clk_bufg/O
                         net (fo=3955, routed)        1.604    38.435    u_soc/u_cpu/u_regfile/cpu_clk
    SLICE_X103Y86        FDCE                                         r  u_soc/u_cpu/u_regfile/regs_reg[19][5]/C
                         clock pessimism              0.466    38.901    
                         clock uncertainty           -0.088    38.813    
    SLICE_X103Y86        FDCE (Recov_fdce_C_CLR)     -0.405    38.408    u_soc/u_cpu/u_regfile/regs_reg[19][5]
  -------------------------------------------------------------------
                         required time                         38.408    
                         arrival time                         -18.512    
  -------------------------------------------------------------------
                         slack                                 19.897    





Min Delay Paths
--------------------------------------------------------------------------------------
Slack (MET) :             0.757ns  (arrival time - required time)
  Source:                 reset_sync_r_reg[0]/C
                            (rising edge-triggered cell FDCE clocked by gen_pynq_clk_25m.clkout0  {rise@0.000ns fall@20.000ns period=40.000ns})
  Destination:            u_uart_tx/bit_idx_r_reg[0]/CLR
                            (removal check against rising-edge clock gen_pynq_clk_25m.clkout0  {rise@0.000ns fall@20.000ns period=40.000ns})
  Path Group:             **async_default**
  Path Type:              Removal (Min at Fast Process Corner)
  Requirement:            0.000ns  (gen_pynq_clk_25m.clkout0 rise@0.000ns - gen_pynq_clk_25m.clkout0 rise@0.000ns)
  Data Path Delay:        0.687ns  (logic 0.186ns (27.066%)  route 0.501ns (72.934%))
  Logic Levels:           1  (LUT6=1)
  Clock Path Skew:        0.022ns (DCD - SCD - CPR)
    Destination Clock Delay (DCD):    -0.913ns
    Source Clock Delay      (SCD):    -0.660ns
    Clock Pessimism Removal (CPR):    -0.274ns

    Location             Delay type                Incr(ns)  Path(ns)    Netlist Resource(s)
  -------------------------------------------------------------------    -------------------
                         (clock gen_pynq_clk_25m.clkout0 rise edge)
                                                      0.000     0.000 r  
    H16                                               0.000     0.000 r  CLK100MHZ (IN)
                         net (fo=0)                   0.000     0.000    CLK100MHZ
    H16                  IBUF (Prop_ibuf_I_O)         0.219     0.219 r  CLK100MHZ_IBUF_inst/O
                         net (fo=1, routed)           0.440     0.659    CLK100MHZ_IBUF
    MMCME2_ADV_X1Y2      MMCME2_ADV (Prop_mmcme2_adv_CLKIN1_CLKOUT0)
                                                     -2.613    -1.954 r  gen_pynq_clk_25m.u_clk_mmcm/CLKOUT0
                         net (fo=1, routed)           0.696    -1.257    gen_pynq_clk_25m.clkout0
    BUFGCTRL_X0Y16       BUFG (Prop_bufg_I_O)         0.026    -1.231 r  gen_pynq_clk_25m.u_cpu_clk_bufg/O
                         net (fo=3955, routed)        0.571    -0.660    cpu_clk
    SLICE_X29Y83         FDCE                                         r  reset_sync_r_reg[0]/C
  -------------------------------------------------------------------    -------------------
    SLICE_X29Y83         FDCE (Prop_fdce_C_Q)         0.141    -0.519 r  reset_sync_r_reg[0]/Q
                         net (fo=3, routed)           0.173    -0.347    u_uart_tx/Q[0]
    SLICE_X28Y84         LUT6 (Prop_lut6_I3_O)        0.045    -0.302 f  u_uart_tx/baud_cnt_r[7]_i_3/O
                         net (fo=22, routed)          0.328     0.027    u_uart_tx/baud_cnt_r[7]_i_3_n_0
    SLICE_X27Y74         FDCE                                         f  u_uart_tx/bit_idx_r_reg[0]/CLR
  -------------------------------------------------------------------    -------------------

                         (clock gen_pynq_clk_25m.clkout0 rise edge)
                                                      0.000     0.000 r  
    H16                                               0.000     0.000 r  CLK100MHZ (IN)
                         net (fo=0)                   0.000     0.000    CLK100MHZ
    H16                  IBUF (Prop_ibuf_I_O)         0.406     0.406 r  CLK100MHZ_IBUF_inst/O
                         net (fo=1, routed)           0.480     0.886    CLK100MHZ_IBUF
    MMCME2_ADV_X1Y2      MMCME2_ADV (Prop_mmcme2_adv_CLKIN1_CLKOUT0)
                                                     -3.407    -2.521 r  gen_pynq_clk_25m.u_clk_mmcm/CLKOUT0
                         net (fo=1, routed)           0.752    -1.769    gen_pynq_clk_25m.clkout0
    BUFGCTRL_X0Y16       BUFG (Prop_bufg_I_O)         0.029    -1.740 r  gen_pynq_clk_25m.u_cpu_clk_bufg/O
                         net (fo=3955, routed)        0.827    -0.913    u_uart_tx/cpu_clk
    SLICE_X27Y74         FDCE                                         r  u_uart_tx/bit_idx_r_reg[0]/C
                         clock pessimism              0.274    -0.638    
    SLICE_X27Y74         FDCE (Remov_fdce_C_CLR)     -0.092    -0.730    u_uart_tx/bit_idx_r_reg[0]
  -------------------------------------------------------------------
                         required time                          0.730    
                         arrival time                           0.027    
  -------------------------------------------------------------------
                         slack                                  0.757    





