Copyright 1986-2022 Xilinx, Inc. All Rights Reserved. Copyright 2022-2025 Advanced Micro Devices, Inc. All Rights Reserved.
---------------------------------------------------------------------------------------------------------------------------------------------
| Tool Version : Vivado v.2025.2 (win64) Build 6299465 Fri Nov 14 19:35:11 GMT 2025
| Date         : Fri Jun  5 23:57:31 2026
| Host         : Toylog_desktop running 64-bit major release  (build 9200)
| Command      : report_timing_summary -file V:/project/reports/pynq_z2_sysclk_8p000ns_cpu25/impl_timing_summary.rpt
| Design       : YH_rv_cpu_fpga_top
| Device       : 7z020-clg400
| Speed File   : -1  PRODUCTION 1.12 2019-11-22
| Design State : Physopt postRoute
---------------------------------------------------------------------------------------------------------------------------------------------

Timing Summary Report

------------------------------------------------------------------------------------------------
| Timer Settings
| --------------
------------------------------------------------------------------------------------------------

  Enable Multi Corner Analysis               :  Yes
  Enable Pessimism Removal                   :  Yes
  Pessimism Removal Resolution               :  Nearest Common Node
  Enable Input Delay Default Clock           :  No
  Enable Preset / Clear Arcs                 :  No
  Disable Flight Delays                      :  No
  Ignore I/O Paths                           :  No
  Timing Early Launch at Borrowing Latches   :  No
  Borrow Time for Max Delay Exceptions       :  Yes
  Merge Timing Exceptions                    :  Yes
  Inter-SLR Compensation                     :  Conservative

  Corner  Analyze    Analyze    
  Name    Max Paths  Min Paths  
  ------  ---------  ---------  
  Slow    Yes        Yes        
  Fast    Yes        Yes        


------------------------------------------------------------------------------------------------
| Report Methodology
| ------------------
------------------------------------------------------------------------------------------------

No report available as report_methodology has not been run prior. Run report_methodology on the current design for the summary of methodology violations.



check_timing report

Table of Contents
-----------------
1. checking no_clock (0)
2. checking constant_clock (0)
3. checking pulse_width_clock (0)
4. checking unconstrained_internal_endpoints (0)
5. checking no_input_delay (1)
6. checking no_output_delay (4)
7. checking multiple_clock (0)
8. checking generated_clocks (0)
9. checking loops (0)
10. checking partial_input_delay (0)
11. checking partial_output_delay (0)
12. checking latch_loops (0)

1. checking no_clock (0)
------------------------
 There are 0 register/latch pins with no clock.


2. checking constant_clock (0)
------------------------------
 There are 0 register/latch pins with constant_clock.


3. checking pulse_width_clock (0)
---------------------------------
 There are 0 register/latch pins which need pulse_width check


4. checking unconstrained_internal_endpoints (0)
------------------------------------------------
 There are 0 pins that are not constrained for maximum delay.

 There are 0 pins that are not constrained for maximum delay due to constant clock.


5. checking no_input_delay (1)
------------------------------
 There is 1 input port with no input delay specified. (HIGH)

 There are 0 input ports with no input delay but user has a false path constraint.


6. checking no_output_delay (4)
-------------------------------
 There are 4 ports with no output delay specified. (HIGH)

 There are 0 ports with no output delay but user has a false path constraint

 There are 0 ports with no output delay but with a timing clock defined on it or propagating through it


7. checking multiple_clock (0)
------------------------------
 There are 0 register/latch pins with multiple clocks.


8. checking generated_clocks (0)
--------------------------------
 There are 0 generated clocks that are not connected to a clock source.


9. checking loops (0)
---------------------
 There are 0 combinational loops in the design.


10. checking partial_input_delay (0)
------------------------------------
 There are 0 input ports with partial input delay specified.


11. checking partial_output_delay (0)
-------------------------------------
 There are 0 ports with partial output delay specified.


12. checking latch_loops (0)
----------------------------
 There are 0 combinational latch loops in the design through latch input



------------------------------------------------------------------------------------------------
| Design Timing Summary
| ---------------------
------------------------------------------------------------------------------------------------

    WNS(ns)      TNS(ns)  TNS Failing Endpoints  TNS Total Endpoints      WHS(ns)      THS(ns)  THS Failing Endpoints  THS Total Endpoints     WPWS(ns)     TPWS(ns)  TPWS Failing Endpoints  TPWS Total Endpoints  
    -------      -------  ---------------------  -------------------      -------      -------  ---------------------  -------------------     --------     --------  ----------------------  --------------------  
      1.881        0.000                      0                13325        0.100        0.000                      0                13325        2.000        0.000                       0                  3801  


All user specified timing constraints are met.


------------------------------------------------------------------------------------------------
| Clock Summary
| -------------
------------------------------------------------------------------------------------------------

Clock                       Waveform(ns)         Period(ns)      Frequency(MHz)
-----                       ------------         ----------      --------------
pynq_sys_clk                {0.000 4.000}        8.000           125.000         
  gen_pynq_clk_25m.clkfb    {0.000 4.000}        8.000           125.000         
  gen_pynq_clk_25m.clkout0  {0.000 20.000}       40.000          25.000          


------------------------------------------------------------------------------------------------
| Intra Clock Table
| -----------------
------------------------------------------------------------------------------------------------

Clock                           WNS(ns)      TNS(ns)  TNS Failing Endpoints  TNS Total Endpoints      WHS(ns)      THS(ns)  THS Failing Endpoints  THS Total Endpoints     WPWS(ns)     TPWS(ns)  TPWS Failing Endpoints  TPWS Total Endpoints  
-----                           -------      -------  ---------------------  -------------------      -------      -------  ---------------------  -------------------     --------     --------  ----------------------  --------------------  
pynq_sys_clk                                                                                                                                                                  2.000        0.000                       0                     1  
  gen_pynq_clk_25m.clkfb                                                                                                                                                      5.845        0.000                       0                     3  
  gen_pynq_clk_25m.clkout0        1.881        0.000                      0                10796        0.100        0.000                      0                10796       18.750        0.000                       0                  3797  


------------------------------------------------------------------------------------------------
| Inter Clock Table
| -----------------
------------------------------------------------------------------------------------------------

From Clock    To Clock          WNS(ns)      TNS(ns)  TNS Failing Endpoints  TNS Total Endpoints      WHS(ns)      THS(ns)  THS Failing Endpoints  THS Total Endpoints  
----------    --------          -------      -------  ---------------------  -------------------      -------      -------  ---------------------  -------------------  


------------------------------------------------------------------------------------------------
| Other Path Groups Table
| -----------------------
------------------------------------------------------------------------------------------------

Path Group                From Clock                To Clock                      WNS(ns)      TNS(ns)  TNS Failing Endpoints  TNS Total Endpoints      WHS(ns)      THS(ns)  THS Failing Endpoints  THS Total Endpoints  
----------                ----------                --------                      -------      -------  ---------------------  -------------------      -------      -------  ---------------------  -------------------  
**async_default**         gen_pynq_clk_25m.clkout0  gen_pynq_clk_25m.clkout0       28.105        0.000                      0                 2529        0.731        0.000                      0                 2529  


------------------------------------------------------------------------------------------------
| Timing Details
| --------------
------------------------------------------------------------------------------------------------


---------------------------------------------------------------------------------------------------
From Clock:  pynq_sys_clk
  To Clock:  pynq_sys_clk

Setup :           NA  Failing Endpoints,  Worst Slack           NA  ,  Total Violation           NA
Hold  :           NA  Failing Endpoints,  Worst Slack           NA  ,  Total Violation           NA
PW    :            0  Failing Endpoints,  Worst Slack        2.000ns,  Total Violation        0.000ns
---------------------------------------------------------------------------------------------------


Pulse Width Checks
--------------------------------------------------------------------------------------
Clock Name:         pynq_sys_clk
Waveform(ns):       { 0.000 4.000 }
Period(ns):         8.000
Sources:            { CLK100MHZ }

Check Type        Corner  Lib Pin            Reference Pin  Required(ns)  Actual(ns)  Slack(ns)  Location         Pin
Min Period        n/a     MMCME2_ADV/CLKIN1  n/a            1.249         8.000       6.751      MMCME2_ADV_X1Y2  gen_pynq_clk_25m.u_clk_mmcm/CLKIN1
Max Period        n/a     MMCME2_ADV/CLKIN1  n/a            100.000       8.000       92.000     MMCME2_ADV_X1Y2  gen_pynq_clk_25m.u_clk_mmcm/CLKIN1
Low Pulse Width   Slow    MMCME2_ADV/CLKIN1  n/a            2.000         4.000       2.000      MMCME2_ADV_X1Y2  gen_pynq_clk_25m.u_clk_mmcm/CLKIN1
High Pulse Width  Slow    MMCME2_ADV/CLKIN1  n/a            2.000         4.000       2.000      MMCME2_ADV_X1Y2  gen_pynq_clk_25m.u_clk_mmcm/CLKIN1



---------------------------------------------------------------------------------------------------
From Clock:  gen_pynq_clk_25m.clkfb
  To Clock:  gen_pynq_clk_25m.clkfb

Setup :           NA  Failing Endpoints,  Worst Slack           NA  ,  Total Violation           NA
Hold  :           NA  Failing Endpoints,  Worst Slack           NA  ,  Total Violation           NA
PW    :            0  Failing Endpoints,  Worst Slack        5.845ns,  Total Violation        0.000ns
---------------------------------------------------------------------------------------------------


Pulse Width Checks
--------------------------------------------------------------------------------------
Clock Name:         gen_pynq_clk_25m.clkfb
Waveform(ns):       { 0.000 4.000 }
Period(ns):         8.000
Sources:            { gen_pynq_clk_25m.u_clk_mmcm/CLKFBOUT }

Check Type  Corner  Lib Pin             Reference Pin  Required(ns)  Actual(ns)  Slack(ns)  Location         Pin
Min Period  n/a     BUFG/I              n/a            2.155         8.000       5.845      BUFGCTRL_X0Y17   gen_pynq_clk_25m.u_clkfb_bufg/I
Max Period  n/a     MMCME2_ADV/CLKFBIN  n/a            100.000       8.000       92.000     MMCME2_ADV_X1Y2  gen_pynq_clk_25m.u_clk_mmcm/CLKFBIN



---------------------------------------------------------------------------------------------------
From Clock:  gen_pynq_clk_25m.clkout0
  To Clock:  gen_pynq_clk_25m.clkout0

Setup :            0  Failing Endpoints,  Worst Slack        1.881ns,  Total Violation        0.000ns
Hold  :            0  Failing Endpoints,  Worst Slack        0.100ns,  Total Violation        0.000ns
PW    :            0  Failing Endpoints,  Worst Slack       18.750ns,  Total Violation        0.000ns
---------------------------------------------------------------------------------------------------


Max Delay Paths
--------------------------------------------------------------------------------------
Slack (MET) :             1.881ns  (required time - arrival time)
  Source:                 u_soc/u_cpu/ex_mem_mem_addr_r_reg[3]/C
                            (rising edge-triggered cell FDCE clocked by gen_pynq_clk_25m.clkout0  {rise@0.000ns fall@20.000ns period=40.000ns})
  Destination:            u_soc/u_cpu/pc_r_reg[28]/D
                            (rising edge-triggered cell FDCE clocked by gen_pynq_clk_25m.clkout0  {rise@0.000ns fall@20.000ns period=40.000ns})
  Path Group:             gen_pynq_clk_25m.clkout0
  Path Type:              Setup (Max at Slow Process Corner)
  Requirement:            40.000ns  (gen_pynq_clk_25m.clkout0 rise@40.000ns - gen_pynq_clk_25m.clkout0 rise@0.000ns)
  Data Path Delay:        38.071ns  (logic 8.593ns (22.571%)  route 29.478ns (77.429%))
  Logic Levels:           48  (CARRY4=9 LUT2=1 LUT3=3 LUT4=4 LUT5=4 LUT6=23 MUXF7=2 MUXF8=1 RAMD64E=1)
  Clock Path Skew:        -0.041ns (DCD - SCD + CPR)
    Destination Clock Delay (DCD):    -1.632ns = ( 38.368 - 40.000 ) 
    Source Clock Delay      (SCD):    -1.024ns
    Clock Pessimism Removal (CPR):    0.567ns
  Clock Uncertainty:      0.088ns  ((TSJ^2 + DJ^2)^1/2) / 2 + PE
    Total System Jitter     (TSJ):    0.071ns
    Discrete Jitter          (DJ):    0.161ns
    Phase Error              (PE):    0.000ns

    Location             Delay type                Incr(ns)  Path(ns)    Netlist Resource(s)
  -------------------------------------------------------------------    -------------------
                         (clock gen_pynq_clk_25m.clkout0 rise edge)
                                                      0.000     0.000 r  
    H16                                               0.000     0.000 r  CLK100MHZ (IN)
                         net (fo=0)                   0.000     0.000    CLK100MHZ
    H16                  IBUF (Prop_ibuf_I_O)         1.451     1.451 r  CLK100MHZ_IBUF_inst/O
                         net (fo=1, routed)           1.285     2.736    CLK100MHZ_IBUF
    MMCME2_ADV_X1Y2      MMCME2_ADV (Prop_mmcme2_adv_CLKIN1_CLKOUT0)
                                                     -7.759    -5.023 r  gen_pynq_clk_25m.u_clk_mmcm/CLKOUT0
                         net (fo=1, routed)           2.206    -2.817    gen_pynq_clk_25m.clkout0
    BUFGCTRL_X0Y16       BUFG (Prop_bufg_I_O)         0.101    -2.716 r  gen_pynq_clk_25m.u_cpu_clk_bufg/O
                         net (fo=3795, routed)        1.692    -1.024    u_soc/u_cpu/cpu_clk
    SLICE_X57Y74         FDCE                                         r  u_soc/u_cpu/ex_mem_mem_addr_r_reg[3]/C
  -------------------------------------------------------------------    -------------------
    SLICE_X57Y74         FDCE (Prop_fdce_C_Q)         0.456    -0.568 r  u_soc/u_cpu/ex_mem_mem_addr_r_reg[3]/Q
                         net (fo=64, routed)          1.571     1.003    u_soc/u_cpu/gen_dcache.u_dcache/Q[3]
    SLICE_X54Y60         LUT6 (Prop_lut6_I2_O)        0.124     1.127 r  u_soc/u_cpu/gen_dcache.u_dcache/miss_unsigned_r_i_337/O
                         net (fo=1, routed)           0.000     1.127    u_soc/u_cpu/gen_dcache.u_dcache/miss_unsigned_r_i_337_n_0
    SLICE_X54Y60         MUXF7 (Prop_muxf7_I0_O)      0.209     1.336 r  u_soc/u_cpu/gen_dcache.u_dcache/miss_unsigned_r_reg_i_246/O
                         net (fo=1, routed)           0.000     1.336    u_soc/u_cpu/gen_dcache.u_dcache/miss_unsigned_r_reg_i_246_n_0
    SLICE_X54Y60         MUXF8 (Prop_muxf8_I1_O)      0.088     1.424 r  u_soc/u_cpu/gen_dcache.u_dcache/miss_unsigned_r_reg_i_120/O
                         net (fo=1, routed)           1.213     2.636    u_soc/u_cpu/gen_dcache.u_dcache/miss_unsigned_r_reg_i_120_n_0
    SLICE_X58Y70         LUT6 (Prop_lut6_I1_O)        0.319     2.955 r  u_soc/u_cpu/gen_dcache.u_dcache/miss_unsigned_r_i_46/O
                         net (fo=1, routed)           0.000     2.955    u_soc/u_cpu/gen_dcache.u_dcache/miss_unsigned_r_i_46_n_0
    SLICE_X58Y70         MUXF7 (Prop_muxf7_I1_O)      0.214     3.169 r  u_soc/u_cpu/gen_dcache.u_dcache/miss_unsigned_r_reg_i_16/O
                         net (fo=1, routed)           0.713     3.882    u_soc/u_cpu/gen_dcache.u_dcache/miss_unsigned_r_reg_i_16_n_0
    SLICE_X57Y72         LUT5 (Prop_lut5_I3_O)        0.297     4.179 f  u_soc/u_cpu/gen_dcache.u_dcache/miss_unsigned_r_i_6/O
                         net (fo=3, routed)           0.492     4.671    u_soc/u_cpu/gen_dcache.u_dcache/miss_unsigned_r_i_6_n_0
    SLICE_X57Y73         LUT6 (Prop_lut6_I5_O)        0.124     4.795 r  u_soc/u_cpu/gen_dcache.u_dcache/mem_wb_load_data_r[31]_i_4/O
                         net (fo=33, routed)          1.059     5.854    u_soc/u_cpu/gen_dcache.u_dcache/mem_wb_load_data_r[31]_i_4_n_0
    SLICE_X51Y75         LUT6 (Prop_lut6_I0_O)        0.124     5.978 r  u_soc/u_cpu/gen_dcache.u_dcache/mem_wb_load_data_r[6]_i_1/O
                         net (fo=2, routed)           0.977     6.955    u_soc/u_cpu/gen_dcache.u_dcache/ex_mem_mem_size_r_reg[1][6]
    SLICE_X59Y79         LUT6 (Prop_lut6_I0_O)        0.124     7.079 r  u_soc/u_cpu/gen_dcache.u_dcache/x_result_th_mula0_i_98/O
                         net (fo=13, routed)          1.073     8.152    u_soc/u_cpu/gen_dcache.u_dcache/x_result_th_mula0_i_98_n_0
    SLICE_X66Y95         LUT6 (Prop_lut6_I0_O)        0.124     8.276 r  u_soc/u_cpu/gen_dcache.u_dcache/x_result_th_mula0_i_60/O
                         net (fo=8, routed)           1.354     9.630    u_soc/u_cpu/gen_dcache.u_dcache/x_result_th_mula0_i_60_n_0
    SLICE_X60Y79         LUT6 (Prop_lut6_I1_O)        0.124     9.754 r  u_soc/u_cpu/gen_dcache.u_dcache/ex_mem_mem_addr_r[7]_i_14/O
                         net (fo=1, routed)           0.442    10.196    u_soc/u_cpu/gen_dcache.u_dcache/ex_mem_mem_addr_r[7]_i_14_n_0
    SLICE_X60Y78         LUT6 (Prop_lut6_I0_O)        0.124    10.320 r  u_soc/u_cpu/gen_dcache.u_dcache/ex_mem_mem_addr_r[7]_i_10/O
                         net (fo=1, routed)           0.538    10.858    u_soc/u_cpu/gen_dcache.u_dcache/u_ex_stage/p_0_in[6]
    SLICE_X57Y75         LUT6 (Prop_lut6_I0_O)        0.124    10.982 r  u_soc/u_cpu/gen_dcache.u_dcache/ex_mem_mem_addr_r[7]_i_6/O
                         net (fo=1, routed)           0.000    10.982    u_soc/u_cpu/gen_dcache.u_dcache/ex_mem_mem_addr_r[7]_i_6_n_0
    SLICE_X57Y75         CARRY4 (Prop_carry4_S[2]_O[2])
                                                      0.248    11.230 r  u_soc/u_cpu/gen_dcache.u_dcache/ex_mem_mem_addr_r_reg[7]_i_1/O[2]
                         net (fo=15, routed)          1.739    12.968    u_soc/u_cpu/gen_dcache.u_dcache/id_ex_rs1_value_r_reg[30][6]
    SLICE_X52Y65         LUT6 (Prop_lut6_I4_O)        0.302    13.270 r  u_soc/u_cpu/gen_dcache.u_dcache/id_ex_flush_valid_local_inst_i_76/O
                         net (fo=1, routed)           0.891    14.162    u_soc/u_cpu/gen_dcache.u_dcache/id_ex_flush_valid_local_inst_i_76_n_0
    SLICE_X58Y70         LUT4 (Prop_lut4_I3_O)        0.124    14.286 f  u_soc/u_cpu/gen_dcache.u_dcache/id_ex_flush_valid_local_inst_i_49/O
                         net (fo=1, routed)           0.594    14.880    u_soc/u_cpu/gen_dcache.u_dcache/id_ex_flush_valid_local_inst_i_49_n_0
    SLICE_X56Y71         LUT6 (Prop_lut6_I5_O)        0.124    15.004 f  u_soc/u_cpu/gen_dcache.u_dcache/id_ex_flush_valid_local_inst_i_40/O
                         net (fo=1, routed)           0.488    15.492    u_soc/u_cpu/gen_dcache.u_dcache/id_ex_flush_valid_local_inst_i_40_n_0
    SLICE_X56Y71         LUT5 (Prop_lut5_I4_O)        0.124    15.616 r  u_soc/u_cpu/gen_dcache.u_dcache/id_ex_flush_valid_local_inst_i_36/O
                         net (fo=2, routed)           0.883    16.499    u_soc/u_cpu/gen_dcache.u_dcache/dcache_probe_hit
    SLICE_X56Y81         LUT4 (Prop_lut4_I0_O)        0.124    16.623 f  u_soc/u_cpu/gen_dcache.u_dcache/if_id_pc_r[31]_i_291/O
                         net (fo=1, routed)           0.280    16.903    u_soc/u_cpu/gen_dcache.u_dcache/if_id_pc_r[31]_i_291_n_0
    SLICE_X56Y81         LUT4 (Prop_lut4_I1_O)        0.124    17.027 f  u_soc/u_cpu/gen_dcache.u_dcache/if_id_pc_r[31]_i_112/O
                         net (fo=1, routed)           0.292    17.319    u_soc/u_cpu/gen_dcache.u_dcache/if_id_pc_r[31]_i_112_n_0
    SLICE_X57Y82         LUT6 (Prop_lut6_I1_O)        0.124    17.443 r  u_soc/u_cpu/gen_dcache.u_dcache/if_id_pc_r[31]_i_46/O
                         net (fo=1, routed)           0.432    17.875    u_soc/u_cpu/gen_dcache.u_dcache/if_id_pc_r[31]_i_46_n_0
    SLICE_X57Y83         LUT6 (Prop_lut6_I1_O)        0.124    17.999 f  u_soc/u_cpu/gen_dcache.u_dcache/if_id_pc_r[31]_i_20/O
                         net (fo=5, routed)           0.610    18.609    u_soc/u_cpu/gen_dcache.u_dcache/hazard_stall_decode
    SLICE_X55Y87         LUT6 (Prop_lut6_I3_O)        0.124    18.733 r  u_soc/u_cpu/gen_dcache.u_dcache/redirect_cache_instruction_r_reg_r1_0_63_0_2_i_23/O
                         net (fo=38, routed)          0.795    19.527    u_soc/u_cpu/gen_dcache.u_dcache/redirect_cache_instruction_r_reg_r1_0_63_0_2_i_23_n_0
    SLICE_X51Y90         LUT3 (Prop_lut3_I1_O)        0.124    19.651 r  u_soc/u_cpu/gen_dcache.u_dcache/id_ex_branch_predict_pc_r[7]_i_2/O
                         net (fo=2, routed)           0.711    20.363    u_soc/u_cpu/gen_dcache.u_dcache/id_ex_branch_predict_pc_r[7]_i_2_n_0
    SLICE_X56Y87         LUT5 (Prop_lut5_I4_O)        0.124    20.487 r  u_soc/u_cpu/gen_dcache.u_dcache/id_ex_pc_r[7]_i_2/O
                         net (fo=123, routed)         1.019    21.506    u_soc/u_cpu/gen_dcache.u_dcache/pc_r[8]_i_7_n_0
    SLICE_X51Y84         LUT3 (Prop_lut3_I0_O)        0.119    21.625 r  u_soc/u_cpu/gen_dcache.u_dcache/redirect_cache_instruction_r_reg_r3_0_63_3_5_i_1/O
                         net (fo=71, routed)          0.901    22.526    u_soc/u_cpu/redirect_cache_pc_r_reg_r3_0_63_15_17/ADDRB5
    SLICE_X42Y83         RAMD64E (Prop_ramd64e_RADR5_O)
                                                      0.332    22.858 r  u_soc/u_cpu/redirect_cache_pc_r_reg_r3_0_63_15_17/RAMB/O
                         net (fo=1, routed)           0.777    23.635    u_soc/u_cpu/gen_dcache.u_dcache/if_id_pc_r[31]_i_38_0
    SLICE_X43Y84         LUT4 (Prop_lut4_I1_O)        0.124    23.759 f  u_soc/u_cpu/gen_dcache.u_dcache/if_id_pc_r[31]_i_94/O
                         net (fo=1, routed)           0.738    24.497    u_soc/u_cpu/gen_dcache.u_dcache/if_id_pc_r[31]_i_94_n_0
    SLICE_X44Y86         LUT6 (Prop_lut6_I4_O)        0.124    24.621 r  u_soc/u_cpu/gen_dcache.u_dcache/if_id_pc_r[31]_i_38/O
                         net (fo=1, routed)           0.000    24.621    u_soc/u_cpu/gen_dcache.u_dcache/if_id_pc_r[31]_i_38_n_0
    SLICE_X44Y86         CARRY4 (Prop_carry4_S[1]_CO[3])
                                                      0.550    25.171 r  u_soc/u_cpu/gen_dcache.u_dcache/if_id_pc_r_reg[31]_i_15/CO[3]
                         net (fo=2, routed)           0.754    25.926    u_soc/u_cpu/gen_dcache.u_dcache/regular_cache_hit0
    SLICE_X45Y89         LUT2 (Prop_lut2_I1_O)        0.124    26.050 f  u_soc/u_cpu/gen_dcache.u_dcache/fetch_valid_r_i_3/O
                         net (fo=1, routed)           0.430    26.480    u_soc/u_cpu/gen_dcache.u_dcache/fetch_valid_r_i_3_n_0
    SLICE_X45Y91         LUT6 (Prop_lut6_I2_O)        0.124    26.604 r  u_soc/u_cpu/gen_dcache.u_dcache/fetch_valid_r_i_2/O
                         net (fo=89, routed)          0.929    27.533    u_soc/u_cpu/gen_dcache.u_dcache/fetch_buf0_valid_r_reg
    SLICE_X43Y95         LUT6 (Prop_lut6_I3_O)        0.124    27.657 f  u_soc/u_cpu/gen_dcache.u_dcache/id_ex_mem_index_shift_r[1]_i_6/O
                         net (fo=5, routed)           1.020    28.677    u_soc/u_cpu/u_fold_target_id_stage/u_decoder/id_ex_imm_r_reg[11][2]
    SLICE_X44Y97         LUT6 (Prop_lut6_I0_O)        0.124    28.801 r  u_soc/u_cpu/u_fold_target_id_stage/u_decoder/i_/id_ex_mem_index_shift_r[1]_i_5/O
                         net (fo=17, routed)          0.912    29.713    u_soc/u_cpu/u_fold_target_id_stage/u_decoder/id_ex_mem_index_shift_r[1]_i_9
    SLICE_X44Y99         LUT6 (Prop_lut6_I2_O)        0.124    29.837 r  u_soc/u_cpu/u_fold_target_id_stage/u_decoder/i_/id_ex_alu_op_r[2]_i_21/O
                         net (fo=3, routed)           0.813    30.650    u_soc/u_cpu/u_fold_target_id_stage/u_decoder/i_/id_ex_alu_op_r[2]_i_21_n_0
    SLICE_X46Y99         LUT6 (Prop_lut6_I0_O)        0.124    30.774 r  u_soc/u_cpu/u_fold_target_id_stage/u_decoder/i_/id_ex_alu_op_r[0]_i_7/O
                         net (fo=1, routed)           0.670    31.444    u_soc/u_cpu/u_fold_target_id_stage/u_decoder/i_/id_ex_alu_op_r[0]_i_7_n_0
    SLICE_X46Y99         LUT6 (Prop_lut6_I5_O)        0.124    31.568 r  u_soc/u_cpu/u_fold_target_id_stage/u_decoder/i_/id_ex_alu_op_r[0]_i_2/O
                         net (fo=2, routed)           1.115    32.683    u_soc/u_cpu/gen_dcache.u_dcache/fold_id_alu_op[0]
    SLICE_X48Y96         LUT6 (Prop_lut6_I3_O)        0.124    32.807 f  u_soc/u_cpu/gen_dcache.u_dcache/if_id_pc_r[31]_i_24/O
                         net (fo=2, routed)           0.656    33.462    u_soc/u_cpu/gen_dcache.u_dcache/if_id_pc_r[31]_i_24_n_0
    SLICE_X48Y94         LUT6 (Prop_lut6_I4_O)        0.124    33.586 r  u_soc/u_cpu/gen_dcache.u_dcache/if_id_pc_r[31]_i_12/O
                         net (fo=67, routed)          0.843    34.429    u_soc/u_cpu/gen_dcache.u_dcache/if_id_pc_r[31]_i_12_n_0
    SLICE_X53Y85         LUT3 (Prop_lut3_I0_O)        0.124    34.553 r  u_soc/u_cpu/gen_dcache.u_dcache/pc_r[4]_i_5/O
                         net (fo=1, routed)           0.000    34.553    u_soc/u_cpu/gen_dcache.u_dcache/pc_r[4]_i_5_n_0
    SLICE_X53Y85         CARRY4 (Prop_carry4_S[1]_CO[3])
                                                      0.550    35.103 r  u_soc/u_cpu/gen_dcache.u_dcache/pc_r_reg[4]_i_2/CO[3]
                         net (fo=1, routed)           0.000    35.103    u_soc/u_cpu/gen_dcache.u_dcache/pc_r_reg[4]_i_2_n_0
    SLICE_X53Y86         CARRY4 (Prop_carry4_CI_CO[3])
                                                      0.114    35.217 r  u_soc/u_cpu/gen_dcache.u_dcache/pc_r_reg[8]_i_2/CO[3]
                         net (fo=1, routed)           0.000    35.217    u_soc/u_cpu/gen_dcache.u_dcache/pc_r_reg[8]_i_2_n_0
    SLICE_X53Y87         CARRY4 (Prop_carry4_CI_CO[3])
                                                      0.114    35.331 r  u_soc/u_cpu/gen_dcache.u_dcache/pc_r_reg[12]_i_2/CO[3]
                         net (fo=1, routed)           0.000    35.331    u_soc/u_cpu/gen_dcache.u_dcache/pc_r_reg[12]_i_2_n_0
    SLICE_X53Y88         CARRY4 (Prop_carry4_CI_CO[3])
                                                      0.114    35.445 r  u_soc/u_cpu/gen_dcache.u_dcache/pc_r_reg[16]_i_2/CO[3]
                         net (fo=1, routed)           0.000    35.445    u_soc/u_cpu/gen_dcache.u_dcache/pc_r_reg[16]_i_2_n_0
    SLICE_X53Y89         CARRY4 (Prop_carry4_CI_CO[3])
                                                      0.114    35.559 r  u_soc/u_cpu/gen_dcache.u_dcache/pc_r_reg[20]_i_2/CO[3]
                         net (fo=1, routed)           0.000    35.559    u_soc/u_cpu/gen_dcache.u_dcache/pc_r_reg[20]_i_2_n_0
    SLICE_X53Y90         CARRY4 (Prop_carry4_CI_CO[3])
                                                      0.114    35.673 r  u_soc/u_cpu/gen_dcache.u_dcache/pc_r_reg[24]_i_2/CO[3]
                         net (fo=1, routed)           0.000    35.673    u_soc/u_cpu/gen_dcache.u_dcache/pc_r_reg[24]_i_2_n_0
    SLICE_X53Y91         CARRY4 (Prop_carry4_CI_O[3])
                                                      0.313    35.986 r  u_soc/u_cpu/gen_dcache.u_dcache/pc_r_reg[28]_i_2/O[3]
                         net (fo=1, routed)           0.754    36.740    u_soc/u_cpu/gen_dcache.u_dcache/pc_r1[28]
    SLICE_X58Y93         LUT5 (Prop_lut5_I0_O)        0.306    37.046 r  u_soc/u_cpu/gen_dcache.u_dcache/pc_r[28]_i_1/O
                         net (fo=1, routed)           0.000    37.046    u_soc/u_cpu/gen_dcache.u_dcache_n_143
    SLICE_X58Y93         FDCE                                         r  u_soc/u_cpu/pc_r_reg[28]/D
  -------------------------------------------------------------------    -------------------

                         (clock gen_pynq_clk_25m.clkout0 rise edge)
                                                     40.000    40.000 r  
    H16                                               0.000    40.000 r  CLK100MHZ (IN)
                         net (fo=0)                   0.000    40.000    CLK100MHZ
    H16                  IBUF (Prop_ibuf_I_O)         1.380    41.380 r  CLK100MHZ_IBUF_inst/O
                         net (fo=1, routed)           1.162    42.542    CLK100MHZ_IBUF
    MMCME2_ADV_X1Y2      MMCME2_ADV (Prop_mmcme2_adv_CLKIN1_CLKOUT0)
                                                     -7.814    34.728 r  gen_pynq_clk_25m.u_clk_mmcm/CLKOUT0
                         net (fo=1, routed)           2.012    36.740    gen_pynq_clk_25m.clkout0
    BUFGCTRL_X0Y16       BUFG (Prop_bufg_I_O)         0.091    36.831 r  gen_pynq_clk_25m.u_cpu_clk_bufg/O
                         net (fo=3795, routed)        1.537    38.368    u_soc/u_cpu/cpu_clk
    SLICE_X58Y93         FDCE                                         r  u_soc/u_cpu/pc_r_reg[28]/C
                         clock pessimism              0.567    38.935    
                         clock uncertainty           -0.088    38.847    
    SLICE_X58Y93         FDCE (Setup_fdce_C_D)        0.081    38.928    u_soc/u_cpu/pc_r_reg[28]
  -------------------------------------------------------------------
                         required time                         38.928    
                         arrival time                         -37.046    
  -------------------------------------------------------------------
                         slack                                  1.881    





Min Delay Paths
--------------------------------------------------------------------------------------
Slack (MET) :             0.100ns  (arrival time - required time)
  Source:                 u_soc/u_cpu/fetch_buf1_instruction_r_reg[19]/C
                            (rising edge-triggered cell FDCE clocked by gen_pynq_clk_25m.clkout0  {rise@0.000ns fall@20.000ns period=40.000ns})
  Destination:            u_soc/u_cpu/redirect_cache_instruction_r_reg_r3_64_127_18_20/RAMB/I
                            (rising edge-triggered cell RAMD64E clocked by gen_pynq_clk_25m.clkout0  {rise@0.000ns fall@20.000ns period=40.000ns})
  Path Group:             gen_pynq_clk_25m.clkout0
  Path Type:              Hold (Min at Fast Process Corner)
  Requirement:            0.000ns  (gen_pynq_clk_25m.clkout0 rise@0.000ns - gen_pynq_clk_25m.clkout0 rise@0.000ns)
  Data Path Delay:        0.510ns  (logic 0.186ns (36.486%)  route 0.324ns (63.514%))
  Logic Levels:           1  (LUT5=1)
  Clock Path Skew:        0.263ns (DCD - SCD - CPR)
    Destination Clock Delay (DCD):    -0.925ns
    Source Clock Delay      (SCD):    -0.684ns
    Clock Pessimism Removal (CPR):    -0.504ns

    Location             Delay type                Incr(ns)  Path(ns)    Netlist Resource(s)
  -------------------------------------------------------------------    -------------------
                         (clock gen_pynq_clk_25m.clkout0 rise edge)
                                                      0.000     0.000 r  
    H16                                               0.000     0.000 r  CLK100MHZ (IN)
                         net (fo=0)                   0.000     0.000    CLK100MHZ
    H16                  IBUF (Prop_ibuf_I_O)         0.219     0.219 r  CLK100MHZ_IBUF_inst/O
                         net (fo=1, routed)           0.440     0.659    CLK100MHZ_IBUF
    MMCME2_ADV_X1Y2      MMCME2_ADV (Prop_mmcme2_adv_CLKIN1_CLKOUT0)
                                                     -2.613    -1.954 r  gen_pynq_clk_25m.u_clk_mmcm/CLKOUT0
                         net (fo=1, routed)           0.696    -1.257    gen_pynq_clk_25m.clkout0
    BUFGCTRL_X0Y16       BUFG (Prop_bufg_I_O)         0.026    -1.231 r  gen_pynq_clk_25m.u_cpu_clk_bufg/O
                         net (fo=3795, routed)        0.547    -0.684    u_soc/u_cpu/cpu_clk
    SLICE_X52Y83         FDCE                                         r  u_soc/u_cpu/fetch_buf1_instruction_r_reg[19]/C
  -------------------------------------------------------------------    -------------------
    SLICE_X52Y83         FDCE (Prop_fdce_C_Q)         0.141    -0.543 r  u_soc/u_cpu/fetch_buf1_instruction_r_reg[19]/Q
                         net (fo=2, routed)           0.062    -0.482    u_soc/u_cpu/fetch_buf1_instruction_r[19]
    SLICE_X53Y83         LUT5 (Prop_lut5_I2_O)        0.045    -0.437 r  u_soc/u_cpu/redirect_cache_instruction_r_reg_r1_0_63_18_20_i_2/O
                         net (fo=7, routed)           0.262    -0.175    u_soc/u_cpu/redirect_cache_instruction_r_reg_r3_64_127_18_20/DIB
    SLICE_X46Y81         RAMD64E                                      r  u_soc/u_cpu/redirect_cache_instruction_r_reg_r3_64_127_18_20/RAMB/I
  -------------------------------------------------------------------    -------------------

                         (clock gen_pynq_clk_25m.clkout0 rise edge)
                                                      0.000     0.000 r  
    H16                                               0.000     0.000 r  CLK100MHZ (IN)
                         net (fo=0)                   0.000     0.000    CLK100MHZ
    H16                  IBUF (Prop_ibuf_I_O)         0.406     0.406 r  CLK100MHZ_IBUF_inst/O
                         net (fo=1, routed)           0.480     0.886    CLK100MHZ_IBUF
    MMCME2_ADV_X1Y2      MMCME2_ADV (Prop_mmcme2_adv_CLKIN1_CLKOUT0)
                                                     -3.407    -2.521 r  gen_pynq_clk_25m.u_clk_mmcm/CLKOUT0
                         net (fo=1, routed)           0.752    -1.769    gen_pynq_clk_25m.clkout0
    BUFGCTRL_X0Y16       BUFG (Prop_bufg_I_O)         0.029    -1.740 r  gen_pynq_clk_25m.u_cpu_clk_bufg/O
                         net (fo=3795, routed)        0.815    -0.925    u_soc/u_cpu/redirect_cache_instruction_r_reg_r3_64_127_18_20/WCLK
    SLICE_X46Y81         RAMD64E                                      r  u_soc/u_cpu/redirect_cache_instruction_r_reg_r3_64_127_18_20/RAMB/CLK
                         clock pessimism              0.504    -0.421    
    SLICE_X46Y81         RAMD64E (Hold_ramd64e_CLK_I)
                                                      0.146    -0.275    u_soc/u_cpu/redirect_cache_instruction_r_reg_r3_64_127_18_20/RAMB
  -------------------------------------------------------------------
                         required time                          0.275    
                         arrival time                          -0.175    
  -------------------------------------------------------------------
                         slack                                  0.100    





Pulse Width Checks
--------------------------------------------------------------------------------------
Clock Name:         gen_pynq_clk_25m.clkout0
Waveform(ns):       { 0.000 20.000 }
Period(ns):         40.000
Sources:            { gen_pynq_clk_25m.u_clk_mmcm/CLKOUT0 }

Check Type        Corner  Lib Pin             Reference Pin  Required(ns)  Actual(ns)  Slack(ns)  Location         Pin
Min Period        n/a     RAMB36E1/CLKARDCLK  n/a            2.944         40.000      37.056     RAMB36_X2Y13     u_soc/u_dmem_ram/g_sync_ram.g_posedge_read.ram_mem_reg_0/CLKARDCLK
Max Period        n/a     MMCME2_ADV/CLKOUT0  n/a            213.360       40.000      173.360    MMCME2_ADV_X1Y2  gen_pynq_clk_25m.u_clk_mmcm/CLKOUT0
Low Pulse Width   Slow    RAMD64E/CLK         n/a            1.250         20.000      18.750     SLICE_X50Y78     u_soc/u_cpu/gen_dcache.u_dcache/cache_data_reg_0_63_0_2/RAMA/CLK
High Pulse Width  Slow    RAMD64E/CLK         n/a            1.250         20.000      18.750     SLICE_X50Y78     u_soc/u_cpu/gen_dcache.u_dcache/cache_data_reg_0_63_0_2/RAMA/CLK



---------------------------------------------------------------------------------------------------
Path Group:  **async_default**
From Clock:  gen_pynq_clk_25m.clkout0
  To Clock:  gen_pynq_clk_25m.clkout0

Setup :            0  Failing Endpoints,  Worst Slack       28.105ns,  Total Violation        0.000ns
Hold  :            0  Failing Endpoints,  Worst Slack        0.731ns,  Total Violation        0.000ns
---------------------------------------------------------------------------------------------------


Max Delay Paths
--------------------------------------------------------------------------------------
Slack (MET) :             28.105ns  (required time - arrival time)
  Source:                 reset_sync_r_reg[7]/C
                            (rising edge-triggered cell FDCE clocked by gen_pynq_clk_25m.clkout0  {rise@0.000ns fall@20.000ns period=40.000ns})
  Destination:            u_soc/u_cpu/ex_mem_store_data_r_reg[15]/CLR
                            (recovery check against rising-edge clock gen_pynq_clk_25m.clkout0  {rise@0.000ns fall@20.000ns period=40.000ns})
  Path Group:             **async_default**
  Path Type:              Recovery (Max at Slow Process Corner)
  Requirement:            40.000ns  (gen_pynq_clk_25m.clkout0 rise@40.000ns - gen_pynq_clk_25m.clkout0 rise@0.000ns)
  Data Path Delay:        11.094ns  (logic 0.854ns (7.698%)  route 10.240ns (92.302%))
  Logic Levels:           3  (LUT1=1 LUT4=1 LUT6=1)
  Clock Path Skew:        -0.106ns (DCD - SCD + CPR)
    Destination Clock Delay (DCD):    -1.643ns = ( 38.357 - 40.000 ) 
    Source Clock Delay      (SCD):    -1.070ns
    Clock Pessimism Removal (CPR):    0.466ns
  Clock Uncertainty:      0.088ns  ((TSJ^2 + DJ^2)^1/2) / 2 + PE
    Total System Jitter     (TSJ):    0.071ns
    Discrete Jitter          (DJ):    0.161ns
    Phase Error              (PE):    0.000ns

    Location             Delay type                Incr(ns)  Path(ns)    Netlist Resource(s)
  -------------------------------------------------------------------    -------------------
                         (clock gen_pynq_clk_25m.clkout0 rise edge)
                                                      0.000     0.000 r  
    H16                                               0.000     0.000 r  CLK100MHZ (IN)
                         net (fo=0)                   0.000     0.000    CLK100MHZ
    H16                  IBUF (Prop_ibuf_I_O)         1.451     1.451 r  CLK100MHZ_IBUF_inst/O
                         net (fo=1, routed)           1.285     2.736    CLK100MHZ_IBUF
    MMCME2_ADV_X1Y2      MMCME2_ADV (Prop_mmcme2_adv_CLKIN1_CLKOUT0)
                                                     -7.759    -5.023 r  gen_pynq_clk_25m.u_clk_mmcm/CLKOUT0
                         net (fo=1, routed)           2.206    -2.817    gen_pynq_clk_25m.clkout0
    BUFGCTRL_X0Y16       BUFG (Prop_bufg_I_O)         0.101    -2.716 r  gen_pynq_clk_25m.u_cpu_clk_bufg/O
                         net (fo=3795, routed)        1.646    -1.070    cpu_clk
    SLICE_X40Y86         FDCE                                         r  reset_sync_r_reg[7]/C
  -------------------------------------------------------------------    -------------------
    SLICE_X40Y86         FDCE (Prop_fdce_C_Q)         0.456    -0.614 r  reset_sync_r_reg[7]/Q
                         net (fo=1, routed)           0.962     0.348    u_soc/u_cpu/u_regfile/bit_idx_r_reg[3][7]
    SLICE_X39Y86         LUT4 (Prop_lut4_I2_O)        0.124     0.472 f  u_soc/u_cpu/u_regfile/led_OBUF[0]_inst_i_2/O
                         net (fo=2, routed)           0.160     0.632    u_soc/u_cpu/u_regfile/reset_sync_r_reg[5]
    SLICE_X39Y86         LUT6 (Prop_lut6_I0_O)        0.124     0.756 r  u_soc/u_cpu/u_regfile/led_OBUF[0]_inst_i_1/O
                         net (fo=4, routed)           0.742     1.498    u_soc/u_cpu/u_regfile/reset_sync_r_reg[1]_0
    SLICE_X39Y87         LUT1 (Prop_lut1_I0_O)        0.150     1.648 f  u_soc/u_cpu/u_regfile/regs[0][31]_i_3/O
                         net (fo=2507, routed)        8.376    10.023    u_soc/u_cpu/reset_sync_r_reg[1]
    SLICE_X63Y77         FDCE                                         f  u_soc/u_cpu/ex_mem_store_data_r_reg[15]/CLR
  -------------------------------------------------------------------    -------------------

                         (clock gen_pynq_clk_25m.clkout0 rise edge)
                                                     40.000    40.000 r  
    H16                                               0.000    40.000 r  CLK100MHZ (IN)
                         net (fo=0)                   0.000    40.000    CLK100MHZ
    H16                  IBUF (Prop_ibuf_I_O)         1.380    41.380 r  CLK100MHZ_IBUF_inst/O
                         net (fo=1, routed)           1.162    42.542    CLK100MHZ_IBUF
    MMCME2_ADV_X1Y2      MMCME2_ADV (Prop_mmcme2_adv_CLKIN1_CLKOUT0)
                                                     -7.814    34.728 r  gen_pynq_clk_25m.u_clk_mmcm/CLKOUT0
                         net (fo=1, routed)           2.012    36.740    gen_pynq_clk_25m.clkout0
    BUFGCTRL_X0Y16       BUFG (Prop_bufg_I_O)         0.091    36.831 r  gen_pynq_clk_25m.u_cpu_clk_bufg/O
                         net (fo=3795, routed)        1.526    38.357    u_soc/u_cpu/cpu_clk
    SLICE_X63Y77         FDCE                                         r  u_soc/u_cpu/ex_mem_store_data_r_reg[15]/C
                         clock pessimism              0.466    38.823    
                         clock uncertainty           -0.088    38.735    
    SLICE_X63Y77         FDCE (Recov_fdce_C_CLR)     -0.607    38.128    u_soc/u_cpu/ex_mem_store_data_r_reg[15]
  -------------------------------------------------------------------
                         required time                         38.128    
                         arrival time                         -10.023    
  -------------------------------------------------------------------
                         slack                                 28.105    





Min Delay Paths
--------------------------------------------------------------------------------------
Slack (MET) :             0.731ns  (arrival time - required time)
  Source:                 reset_sync_r_reg[1]/C
                            (rising edge-triggered cell FDCE clocked by gen_pynq_clk_25m.clkout0  {rise@0.000ns fall@20.000ns period=40.000ns})
  Destination:            u_uart_tx/baud_cnt_r_reg[0]/CLR
                            (removal check against rising-edge clock gen_pynq_clk_25m.clkout0  {rise@0.000ns fall@20.000ns period=40.000ns})
  Path Group:             **async_default**
  Path Type:              Removal (Min at Fast Process Corner)
  Requirement:            0.000ns  (gen_pynq_clk_25m.clkout0 rise@0.000ns - gen_pynq_clk_25m.clkout0 rise@0.000ns)
  Data Path Delay:        0.691ns  (logic 0.186ns (26.899%)  route 0.505ns (73.101%))
  Logic Levels:           1  (LUT6=1)
  Clock Path Skew:        0.027ns (DCD - SCD - CPR)
    Destination Clock Delay (DCD):    -0.927ns
    Source Clock Delay      (SCD):    -0.679ns
    Clock Pessimism Removal (CPR):    -0.274ns

    Location             Delay type                Incr(ns)  Path(ns)    Netlist Resource(s)
  -------------------------------------------------------------------    -------------------
                         (clock gen_pynq_clk_25m.clkout0 rise edge)
                                                      0.000     0.000 r  
    H16                                               0.000     0.000 r  CLK100MHZ (IN)
                         net (fo=0)                   0.000     0.000    CLK100MHZ
    H16                  IBUF (Prop_ibuf_I_O)         0.219     0.219 r  CLK100MHZ_IBUF_inst/O
                         net (fo=1, routed)           0.440     0.659    CLK100MHZ_IBUF
    MMCME2_ADV_X1Y2      MMCME2_ADV (Prop_mmcme2_adv_CLKIN1_CLKOUT0)
                                                     -2.613    -1.954 r  gen_pynq_clk_25m.u_clk_mmcm/CLKOUT0
                         net (fo=1, routed)           0.696    -1.257    gen_pynq_clk_25m.clkout0
    BUFGCTRL_X0Y16       BUFG (Prop_bufg_I_O)         0.026    -1.231 r  gen_pynq_clk_25m.u_cpu_clk_bufg/O
                         net (fo=3795, routed)        0.552    -0.679    cpu_clk
    SLICE_X39Y86         FDCE                                         r  reset_sync_r_reg[1]/C
  -------------------------------------------------------------------    -------------------
    SLICE_X39Y86         FDCE (Prop_fdce_C_Q)         0.141    -0.538 r  reset_sync_r_reg[1]/Q
                         net (fo=3, routed)           0.190    -0.348    u_uart_tx/Q[1]
    SLICE_X39Y86         LUT6 (Prop_lut6_I4_O)        0.045    -0.303 f  u_uart_tx/baud_cnt_r[7]_i_3/O
                         net (fo=22, routed)          0.315     0.012    u_uart_tx/baud_cnt_r[7]_i_3_n_0
    SLICE_X32Y78         FDCE                                         f  u_uart_tx/baud_cnt_r_reg[0]/CLR
  -------------------------------------------------------------------    -------------------

                         (clock gen_pynq_clk_25m.clkout0 rise edge)
                                                      0.000     0.000 r  
    H16                                               0.000     0.000 r  CLK100MHZ (IN)
                         net (fo=0)                   0.000     0.000    CLK100MHZ
    H16                  IBUF (Prop_ibuf_I_O)         0.406     0.406 r  CLK100MHZ_IBUF_inst/O
                         net (fo=1, routed)           0.480     0.886    CLK100MHZ_IBUF
    MMCME2_ADV_X1Y2      MMCME2_ADV (Prop_mmcme2_adv_CLKIN1_CLKOUT0)
                                                     -3.407    -2.521 r  gen_pynq_clk_25m.u_clk_mmcm/CLKOUT0
                         net (fo=1, routed)           0.752    -1.769    gen_pynq_clk_25m.clkout0
    BUFGCTRL_X0Y16       BUFG (Prop_bufg_I_O)         0.029    -1.740 r  gen_pynq_clk_25m.u_cpu_clk_bufg/O
                         net (fo=3795, routed)        0.813    -0.927    u_uart_tx/CLK
    SLICE_X32Y78         FDCE                                         r  u_uart_tx/baud_cnt_r_reg[0]/C
                         clock pessimism              0.274    -0.652    
    SLICE_X32Y78         FDCE (Remov_fdce_C_CLR)     -0.067    -0.719    u_uart_tx/baud_cnt_r_reg[0]
  -------------------------------------------------------------------
                         required time                          0.719    
                         arrival time                           0.012    
  -------------------------------------------------------------------
                         slack                                  0.731    





