Copyright 1986-2022 Xilinx, Inc. All Rights Reserved. Copyright 2022-2025 Advanced Micro Devices, Inc. All Rights Reserved.
---------------------------------------------------------------------------------------------------------------------------------------------
| Tool Version : Vivado v.2025.2 (win64) Build 6299465 Fri Nov 14 19:35:11 GMT 2025
| Date         : Fri Jun  5 08:28:25 2026
| Host         : Toylog_desktop running 64-bit major release  (build 9200)
| Command      : report_timing_summary -file V:/project/reports/pynq_z2_sysclk_8p000ns_cpu25/impl_timing_summary.rpt
| Design       : YH_rv_cpu_fpga_top
| Device       : 7z020-clg400
| Speed File   : -1  PRODUCTION 1.12 2019-11-22
| Design State : Physopt postRoute
---------------------------------------------------------------------------------------------------------------------------------------------

Timing Summary Report

------------------------------------------------------------------------------------------------
| Timer Settings
| --------------
------------------------------------------------------------------------------------------------

  Enable Multi Corner Analysis               :  Yes
  Enable Pessimism Removal                   :  Yes
  Pessimism Removal Resolution               :  Nearest Common Node
  Enable Input Delay Default Clock           :  No
  Enable Preset / Clear Arcs                 :  No
  Disable Flight Delays                      :  No
  Ignore I/O Paths                           :  No
  Timing Early Launch at Borrowing Latches   :  No
  Borrow Time for Max Delay Exceptions       :  Yes
  Merge Timing Exceptions                    :  Yes
  Inter-SLR Compensation                     :  Conservative

  Corner  Analyze    Analyze    
  Name    Max Paths  Min Paths  
  ------  ---------  ---------  
  Slow    Yes        Yes        
  Fast    Yes        Yes        


------------------------------------------------------------------------------------------------
| Report Methodology
| ------------------
------------------------------------------------------------------------------------------------

No report available as report_methodology has not been run prior. Run report_methodology on the current design for the summary of methodology violations.



check_timing report

Table of Contents
-----------------
1. checking no_clock (0)
2. checking constant_clock (0)
3. checking pulse_width_clock (0)
4. checking unconstrained_internal_endpoints (0)
5. checking no_input_delay (1)
6. checking no_output_delay (4)
7. checking multiple_clock (0)
8. checking generated_clocks (0)
9. checking loops (0)
10. checking partial_input_delay (0)
11. checking partial_output_delay (0)
12. checking latch_loops (0)

1. checking no_clock (0)
------------------------
 There are 0 register/latch pins with no clock.


2. checking constant_clock (0)
------------------------------
 There are 0 register/latch pins with constant_clock.


3. checking pulse_width_clock (0)
---------------------------------
 There are 0 register/latch pins which need pulse_width check


4. checking unconstrained_internal_endpoints (0)
------------------------------------------------
 There are 0 pins that are not constrained for maximum delay.

 There are 0 pins that are not constrained for maximum delay due to constant clock.


5. checking no_input_delay (1)
------------------------------
 There is 1 input port with no input delay specified. (HIGH)

 There are 0 input ports with no input delay but user has a false path constraint.


6. checking no_output_delay (4)
-------------------------------
 There are 4 ports with no output delay specified. (HIGH)

 There are 0 ports with no output delay but user has a false path constraint

 There are 0 ports with no output delay but with a timing clock defined on it or propagating through it


7. checking multiple_clock (0)
------------------------------
 There are 0 register/latch pins with multiple clocks.


8. checking generated_clocks (0)
--------------------------------
 There are 0 generated clocks that are not connected to a clock source.


9. checking loops (0)
---------------------
 There are 0 combinational loops in the design.


10. checking partial_input_delay (0)
------------------------------------
 There are 0 input ports with partial input delay specified.


11. checking partial_output_delay (0)
-------------------------------------
 There are 0 ports with partial output delay specified.


12. checking latch_loops (0)
----------------------------
 There are 0 combinational latch loops in the design through latch input



------------------------------------------------------------------------------------------------
| Design Timing Summary
| ---------------------
------------------------------------------------------------------------------------------------

    WNS(ns)      TNS(ns)  TNS Failing Endpoints  TNS Total Endpoints      WHS(ns)      THS(ns)  THS Failing Endpoints  THS Total Endpoints     WPWS(ns)     TPWS(ns)  TPWS Failing Endpoints  TPWS Total Endpoints  
    -------      -------  ---------------------  -------------------      -------      -------  ---------------------  -------------------     --------     --------  ----------------------  --------------------  
      0.291        0.000                      0                11448        0.065        0.000                      0                11448        2.000        0.000                       0                  3513  


All user specified timing constraints are met.


------------------------------------------------------------------------------------------------
| Clock Summary
| -------------
------------------------------------------------------------------------------------------------

Clock                       Waveform(ns)         Period(ns)      Frequency(MHz)
-----                       ------------         ----------      --------------
pynq_sys_clk                {0.000 4.000}        8.000           125.000         
  gen_pynq_clk_25m.clkfb    {0.000 4.000}        8.000           125.000         
  gen_pynq_clk_25m.clkout0  {0.000 20.000}       40.000          25.000          


------------------------------------------------------------------------------------------------
| Intra Clock Table
| -----------------
------------------------------------------------------------------------------------------------

Clock                           WNS(ns)      TNS(ns)  TNS Failing Endpoints  TNS Total Endpoints      WHS(ns)      THS(ns)  THS Failing Endpoints  THS Total Endpoints     WPWS(ns)     TPWS(ns)  TPWS Failing Endpoints  TPWS Total Endpoints  
-----                           -------      -------  ---------------------  -------------------      -------      -------  ---------------------  -------------------     --------     --------  ----------------------  --------------------  
pynq_sys_clk                                                                                                                                                                  2.000        0.000                       0                     1  
  gen_pynq_clk_25m.clkfb                                                                                                                                                      5.845        0.000                       0                     3  
  gen_pynq_clk_25m.clkout0        0.291        0.000                      0                 8979        0.065        0.000                      0                 8979       18.750        0.000                       0                  3509  


------------------------------------------------------------------------------------------------
| Inter Clock Table
| -----------------
------------------------------------------------------------------------------------------------

From Clock    To Clock          WNS(ns)      TNS(ns)  TNS Failing Endpoints  TNS Total Endpoints      WHS(ns)      THS(ns)  THS Failing Endpoints  THS Total Endpoints  
----------    --------          -------      -------  ---------------------  -------------------      -------      -------  ---------------------  -------------------  


------------------------------------------------------------------------------------------------
| Other Path Groups Table
| -----------------------
------------------------------------------------------------------------------------------------

Path Group                From Clock                To Clock                      WNS(ns)      TNS(ns)  TNS Failing Endpoints  TNS Total Endpoints      WHS(ns)      THS(ns)  THS Failing Endpoints  THS Total Endpoints  
----------                ----------                --------                      -------      -------  ---------------------  -------------------      -------      -------  ---------------------  -------------------  
**async_default**         gen_pynq_clk_25m.clkout0  gen_pynq_clk_25m.clkout0       26.221        0.000                      0                 2469        1.855        0.000                      0                 2469  


------------------------------------------------------------------------------------------------
| Timing Details
| --------------
------------------------------------------------------------------------------------------------


---------------------------------------------------------------------------------------------------
From Clock:  pynq_sys_clk
  To Clock:  pynq_sys_clk

Setup :           NA  Failing Endpoints,  Worst Slack           NA  ,  Total Violation           NA
Hold  :           NA  Failing Endpoints,  Worst Slack           NA  ,  Total Violation           NA
PW    :            0  Failing Endpoints,  Worst Slack        2.000ns,  Total Violation        0.000ns
---------------------------------------------------------------------------------------------------


Pulse Width Checks
--------------------------------------------------------------------------------------
Clock Name:         pynq_sys_clk
Waveform(ns):       { 0.000 4.000 }
Period(ns):         8.000
Sources:            { CLK100MHZ }

Check Type        Corner  Lib Pin            Reference Pin  Required(ns)  Actual(ns)  Slack(ns)  Location         Pin
Min Period        n/a     MMCME2_ADV/CLKIN1  n/a            1.249         8.000       6.751      MMCME2_ADV_X1Y2  gen_pynq_clk_25m.u_clk_mmcm/CLKIN1
Max Period        n/a     MMCME2_ADV/CLKIN1  n/a            100.000       8.000       92.000     MMCME2_ADV_X1Y2  gen_pynq_clk_25m.u_clk_mmcm/CLKIN1
Low Pulse Width   Slow    MMCME2_ADV/CLKIN1  n/a            2.000         4.000       2.000      MMCME2_ADV_X1Y2  gen_pynq_clk_25m.u_clk_mmcm/CLKIN1
High Pulse Width  Slow    MMCME2_ADV/CLKIN1  n/a            2.000         4.000       2.000      MMCME2_ADV_X1Y2  gen_pynq_clk_25m.u_clk_mmcm/CLKIN1



---------------------------------------------------------------------------------------------------
From Clock:  gen_pynq_clk_25m.clkfb
  To Clock:  gen_pynq_clk_25m.clkfb

Setup :           NA  Failing Endpoints,  Worst Slack           NA  ,  Total Violation           NA
Hold  :           NA  Failing Endpoints,  Worst Slack           NA  ,  Total Violation           NA
PW    :            0  Failing Endpoints,  Worst Slack        5.845ns,  Total Violation        0.000ns
---------------------------------------------------------------------------------------------------


Pulse Width Checks
--------------------------------------------------------------------------------------
Clock Name:         gen_pynq_clk_25m.clkfb
Waveform(ns):       { 0.000 4.000 }
Period(ns):         8.000
Sources:            { gen_pynq_clk_25m.u_clk_mmcm/CLKFBOUT }

Check Type  Corner  Lib Pin             Reference Pin  Required(ns)  Actual(ns)  Slack(ns)  Location         Pin
Min Period  n/a     BUFG/I              n/a            2.155         8.000       5.845      BUFGCTRL_X0Y17   gen_pynq_clk_25m.u_clkfb_bufg/I
Max Period  n/a     MMCME2_ADV/CLKFBIN  n/a            100.000       8.000       92.000     MMCME2_ADV_X1Y2  gen_pynq_clk_25m.u_clk_mmcm/CLKFBIN



---------------------------------------------------------------------------------------------------
From Clock:  gen_pynq_clk_25m.clkout0
  To Clock:  gen_pynq_clk_25m.clkout0

Setup :            0  Failing Endpoints,  Worst Slack        0.291ns,  Total Violation        0.000ns
Hold  :            0  Failing Endpoints,  Worst Slack        0.065ns,  Total Violation        0.000ns
PW    :            0  Failing Endpoints,  Worst Slack       18.750ns,  Total Violation        0.000ns
---------------------------------------------------------------------------------------------------


Max Delay Paths
--------------------------------------------------------------------------------------
Slack (MET) :             0.291ns  (required time - arrival time)
  Source:                 u_soc/u_dmem_ram/g_sync_ram.g_posedge_read.ram_mem_reg_1/CLKARDCLK
                            (rising edge-triggered cell RAMB36E1 clocked by gen_pynq_clk_25m.clkout0  {rise@0.000ns fall@20.000ns period=40.000ns})
  Destination:            u_soc/u_cpu/redirect_cache_pc_r_reg_r3_0_63_18_20/RAMA/WE
                            (rising edge-triggered cell RAMD64E clocked by gen_pynq_clk_25m.clkout0  {rise@0.000ns fall@20.000ns period=40.000ns})
  Path Group:             gen_pynq_clk_25m.clkout0
  Path Type:              Setup (Max at Slow Process Corner)
  Requirement:            40.000ns  (gen_pynq_clk_25m.clkout0 rise@40.000ns - gen_pynq_clk_25m.clkout0 rise@0.000ns)
  Data Path Delay:        38.568ns  (logic 9.478ns (24.575%)  route 29.090ns (75.425%))
  Logic Levels:           37  (CARRY4=3 LUT2=2 LUT3=3 LUT4=1 LUT5=5 LUT6=20 MUXF7=1 MUXF8=1 RAMD64E=1)
  Clock Path Skew:        -0.312ns (DCD - SCD + CPR)
    Destination Clock Delay (DCD):    -1.688ns = ( 38.312 - 40.000 ) 
    Source Clock Delay      (SCD):    -0.924ns
    Clock Pessimism Removal (CPR):    0.452ns
  Clock Uncertainty:      0.088ns  ((TSJ^2 + DJ^2)^1/2) / 2 + PE
    Total System Jitter     (TSJ):    0.071ns
    Discrete Jitter          (DJ):    0.161ns
    Phase Error              (PE):    0.000ns

    Location             Delay type                Incr(ns)  Path(ns)    Netlist Resource(s)
  -------------------------------------------------------------------    -------------------
                         (clock gen_pynq_clk_25m.clkout0 rise edge)
                                                      0.000     0.000 r  
    H16                                               0.000     0.000 r  CLK100MHZ (IN)
                         net (fo=0)                   0.000     0.000    CLK100MHZ
    H16                  IBUF (Prop_ibuf_I_O)         1.451     1.451 r  CLK100MHZ_IBUF_inst/O
                         net (fo=1, routed)           1.285     2.736    CLK100MHZ_IBUF
    MMCME2_ADV_X1Y2      MMCME2_ADV (Prop_mmcme2_adv_CLKIN1_CLKOUT0)
                                                     -7.759    -5.023 r  gen_pynq_clk_25m.u_clk_mmcm/CLKOUT0
                         net (fo=1, routed)           2.206    -2.817    gen_pynq_clk_25m.clkout0
    BUFGCTRL_X0Y16       BUFG (Prop_bufg_I_O)         0.101    -2.716 r  gen_pynq_clk_25m.u_cpu_clk_bufg/O
                         net (fo=3507, routed)        1.792    -0.924    u_soc/u_dmem_ram/cpu_clk
    RAMB36_X1Y7          RAMB36E1                                     r  u_soc/u_dmem_ram/g_sync_ram.g_posedge_read.ram_mem_reg_1/CLKARDCLK
  -------------------------------------------------------------------    -------------------
    RAMB36_X1Y7          RAMB36E1 (Prop_ramb36e1_CLKARDCLK_DOADO[4])
                                                      2.454     1.530 r  u_soc/u_dmem_ram/g_sync_ram.g_posedge_read.ram_mem_reg_1/DOADO[4]
                         net (fo=2, routed)           1.092     2.622    u_soc/g_sync_ram.g_posedge_read.ram_mem_reg_1[4]
    SLICE_X30Y38         LUT5 (Prop_lut5_I2_O)        0.124     2.746 r  u_soc/cache_data_reg_0_63_12_14_i_10/O
                         net (fo=2, routed)           1.247     3.993    u_soc/cache_data_reg_0_63_12_14_i_10_n_0
    SLICE_X32Y43         LUT5 (Prop_lut5_I0_O)        0.146     4.139 r  u_soc/cache_data_reg_0_63_12_14_i_4/O
                         net (fo=4, routed)           1.186     5.325    u_soc/u_dmem_ram/dmem_rdata[12]
    SLICE_X36Y46         LUT6 (Prop_lut6_I1_O)        0.328     5.653 r  u_soc/u_dmem_ram/mem_wb_load_data_r[4]_i_6/O
                         net (fo=1, routed)           0.584     6.237    u_soc/u_cpu/gen_dcache.u_dcache/mem_wb_load_data_r_reg[4]
    SLICE_X39Y46         LUT6 (Prop_lut6_I5_O)        0.124     6.361 r  u_soc/u_cpu/gen_dcache.u_dcache/mem_wb_load_data_r[4]_i_3/O
                         net (fo=1, routed)           0.000     6.361    u_soc/u_cpu/gen_dcache.u_dcache/dcache_cpu_rdata[4]
    SLICE_X39Y46         MUXF7 (Prop_muxf7_I1_O)      0.217     6.578 r  u_soc/u_cpu/gen_dcache.u_dcache/mem_wb_load_data_r_reg[4]_i_1/O
                         net (fo=3, routed)           0.672     7.249    u_soc/u_cpu/gen_dcache.u_dcache/ex_mem_load_r_reg[4]
    SLICE_X53Y47         LUT6 (Prop_lut6_I0_O)        0.299     7.548 r  u_soc/u_cpu/gen_dcache.u_dcache/x_result_th_mula0__0_i_31/O
                         net (fo=13, routed)          0.584     8.132    u_soc/u_cpu/gen_dcache.u_dcache/x_result_th_mula0__0_i_31_n_0
    SLICE_X56Y47         LUT5 (Prop_lut5_I4_O)        0.124     8.256 r  u_soc/u_cpu/gen_dcache.u_dcache/x_result_th_mula0_i_83/O
                         net (fo=6, routed)           0.317     8.574    u_soc/u_cpu/gen_dcache.u_dcache/x_result_th_mula0_i_83_n_0
    SLICE_X57Y46         LUT6 (Prop_lut6_I4_O)        0.124     8.698 r  u_soc/u_cpu/gen_dcache.u_dcache/ex_mem_mem_addr_r[7]_i_21/O
                         net (fo=1, routed)           0.433     9.130    u_soc/u_cpu/gen_dcache.u_dcache/ex_mem_mem_addr_r[7]_i_21_n_0
    SLICE_X57Y46         LUT6 (Prop_lut6_I0_O)        0.124     9.254 r  u_soc/u_cpu/gen_dcache.u_dcache/ex_mem_mem_addr_r[7]_i_17/O
                         net (fo=1, routed)           0.683     9.937    u_soc/u_cpu/gen_dcache.u_dcache/u_ex_stage/p_0_in[4]
    SLICE_X50Y46         LUT6 (Prop_lut6_I0_O)        0.124    10.061 r  u_soc/u_cpu/gen_dcache.u_dcache/ex_mem_mem_addr_r[7]_i_9/O
                         net (fo=1, routed)           0.000    10.061    u_soc/u_cpu/gen_dcache.u_dcache/ex_mem_mem_addr_r[7]_i_9_n_0
    SLICE_X50Y46         CARRY4 (Prop_carry4_S[0]_O[1])
                                                      0.427    10.488 r  u_soc/u_cpu/gen_dcache.u_dcache/ex_mem_mem_addr_r_reg[7]_i_1/O[1]
                         net (fo=52, routed)          1.175    11.663    u_soc/u_cpu/gen_dcache.u_dcache/ex_mem_addr[5]
    SLICE_X54Y42         MUXF8 (Prop_muxf8_S_O)       0.465    12.128 r  u_soc/u_cpu/gen_dcache.u_dcache/ex_decode_flush_valid_inst_i_96/O
                         net (fo=1, routed)           1.005    13.133    u_soc/u_cpu/gen_dcache.u_dcache/ex_decode_flush_valid_inst_i_96_n_0
    SLICE_X54Y41         LUT6 (Prop_lut6_I0_O)        0.319    13.452 r  u_soc/u_cpu/gen_dcache.u_dcache/ex_decode_flush_valid_inst_i_59/O
                         net (fo=1, routed)           0.696    14.148    u_soc/u_cpu/gen_dcache.u_dcache/ex_decode_flush_valid_inst_i_59_n_0
    SLICE_X51Y44         LUT6 (Prop_lut6_I5_O)        0.124    14.272 f  u_soc/u_cpu/gen_dcache.u_dcache/ex_decode_flush_valid_inst_i_44/O
                         net (fo=1, routed)           0.795    15.067    u_soc/u_cpu/gen_dcache.u_dcache/ex_decode_flush_valid_inst_i_44_n_0
    SLICE_X50Y44         LUT6 (Prop_lut6_I4_O)        0.124    15.191 f  u_soc/u_cpu/gen_dcache.u_dcache/ex_decode_flush_valid_inst_i_28__1/O
                         net (fo=2, routed)           0.784    15.976    u_soc/u_cpu/gen_dcache.u_dcache/ex_decode_flush_valid_inst_i_28__1_n_0
    SLICE_X49Y50         LUT6 (Prop_lut6_I2_O)        0.124    16.100 f  u_soc/u_cpu/gen_dcache.u_dcache/ex_decode_flush_valid_inst_i_20__1/O
                         net (fo=2, routed)           0.600    16.700    u_soc/u_cpu/gen_dcache.u_dcache/ex_decode_flush_valid_inst_i_15__1_0
    SLICE_X48Y56         LUT6 (Prop_lut6_I2_O)        0.124    16.824 r  u_soc/u_cpu/gen_dcache.u_dcache/ex_decode_flush_valid_inst_i_6__1/O
                         net (fo=2, routed)           0.574    17.398    u_soc/u_cpu/gen_dcache.u_dcache/ex_decode_flush_valid_inst_i_6__1_n_0
    SLICE_X48Y55         LUT6 (Prop_lut6_I2_O)        0.124    17.522 f  u_soc/u_cpu/gen_dcache.u_dcache/ex_decode_flush_valid_inst_i_1__0/O
                         net (fo=15, routed)          0.747    18.269    u_soc/u_cpu/gen_dcache.u_dcache/ex_decode_flush_valid_inst_i_1__0_n_0
    SLICE_X45Y55         LUT2 (Prop_lut2_I1_O)        0.124    18.393 f  u_soc/u_cpu/gen_dcache.u_dcache/if_id_pc_r[31]_i_16/O
                         net (fo=6, routed)           0.594    18.987    u_soc/u_cpu/gen_dcache.u_dcache/if_id_pc_r[31]_i_16_n_0
    SLICE_X48Y55         LUT6 (Prop_lut6_I4_O)        0.124    19.111 r  u_soc/u_cpu/gen_dcache.u_dcache/id_ex_branch_predict_pc_r[3]_i_3/O
                         net (fo=34, routed)          0.642    19.753    u_soc/u_cpu/gen_dcache.u_dcache/id_ex_branch_predict_pc_r[3]_i_3_n_0
    SLICE_X49Y52         LUT3 (Prop_lut3_I1_O)        0.117    19.870 r  u_soc/u_cpu/gen_dcache.u_dcache/id_ex_branch_predict_pc_r[7]_i_2/O
                         net (fo=2, routed)           0.467    20.337    u_soc/u_cpu/gen_dcache.u_dcache/id_ex_branch_predict_pc_r[7]_i_2_n_0
    SLICE_X44Y51         LUT5 (Prop_lut5_I4_O)        0.332    20.669 r  u_soc/u_cpu/gen_dcache.u_dcache/id_ex_pc_r[7]_i_2/O
                         net (fo=64, routed)          1.431    22.100    u_soc/u_cpu/gen_dcache.u_dcache/pc_r[8]_i_7_n_0
    SLICE_X30Y48         LUT3 (Prop_lut3_I0_O)        0.150    22.250 r  u_soc/u_cpu/gen_dcache.u_dcache/redirect_cache_instruction_r_reg_r3_0_63_0_2_i_1/O
                         net (fo=79, routed)          1.008    23.258    u_soc/u_cpu/redirect_cache_pc_r_reg_r3_0_63_0_2/ADDRC5
    SLICE_X34Y47         RAMD64E (Prop_ramd64e_RADR5_O)
                                                      0.348    23.606 r  u_soc/u_cpu/redirect_cache_pc_r_reg_r3_0_63_0_2/RAMC/O
                         net (fo=1, routed)           1.276    24.882    u_soc/u_cpu/gen_dcache.u_dcache/regular_cache_hit1[2]
    SLICE_X37Y49         LUT6 (Prop_lut6_I1_O)        0.124    25.006 r  u_soc/u_cpu/gen_dcache.u_dcache/if_id_pc_r[31]_i_90/O
                         net (fo=1, routed)           0.000    25.006    u_soc/u_cpu/gen_dcache.u_dcache/if_id_pc_r[31]_i_90_n_0
    SLICE_X37Y49         CARRY4 (Prop_carry4_S[0]_CO[3])
                                                      0.532    25.538 r  u_soc/u_cpu/gen_dcache.u_dcache/if_id_pc_r_reg[31]_i_47/CO[3]
                         net (fo=1, routed)           0.001    25.539    u_soc/u_cpu/gen_dcache.u_dcache/if_id_pc_r_reg[31]_i_47_n_0
    SLICE_X37Y50         CARRY4 (Prop_carry4_CI_CO[3])
                                                      0.114    25.653 f  u_soc/u_cpu/gen_dcache.u_dcache/if_id_pc_r_reg[31]_i_24/CO[3]
                         net (fo=2, routed)           0.735    26.387    u_soc/u_cpu/gen_dcache.u_dcache/regular_cache_hit0
    SLICE_X36Y50         LUT2 (Prop_lut2_I0_O)        0.124    26.511 f  u_soc/u_cpu/gen_dcache.u_dcache/fetch_valid_r_i_5/O
                         net (fo=1, routed)           0.605    27.116    u_soc/u_cpu/gen_dcache.u_dcache/fetch_valid_r_i_5_n_0
    SLICE_X33Y52         LUT6 (Prop_lut6_I4_O)        0.124    27.240 f  u_soc/u_cpu/gen_dcache.u_dcache/fetch_valid_r_i_2/O
                         net (fo=93, routed)          1.165    28.405    u_soc/u_cpu/gen_dcache.u_dcache/fetch_buf0_valid_r_reg
    SLICE_X34Y59         LUT3 (Prop_lut3_I2_O)        0.148    28.553 r  u_soc/u_cpu/gen_dcache.u_dcache/id_ex_pc_r[31]_i_3/O
                         net (fo=340, routed)         1.146    29.699    u_soc/u_cpu/u_fold_target_id_stage/u_decoder/id_ex_csr_sel_r_reg[1]
    SLICE_X28Y58         LUT5 (Prop_lut5_I3_O)        0.328    30.027 r  u_soc/u_cpu/u_fold_target_id_stage/u_decoder/i_/id_ex_imm_r[4]_i_9/O
                         net (fo=8, routed)           1.146    31.173    u_soc/u_cpu/u_fold_target_id_stage/u_decoder/i_/id_ex_imm_r[4]_i_9_n_0
    SLICE_X31Y59         LUT6 (Prop_lut6_I0_O)        0.124    31.297 r  u_soc/u_cpu/u_fold_target_id_stage/u_decoder/i_/id_ex_alu_op_r[5]_i_4/O
                         net (fo=2, routed)           0.694    31.991    u_soc/u_cpu/u_fold_target_id_stage/u_decoder/i_/id_ex_alu_op_r[5]_i_4_n_0
    SLICE_X32Y61         LUT6 (Prop_lut6_I3_O)        0.124    32.115 r  u_soc/u_cpu/u_fold_target_id_stage/u_decoder/i_/id_ex_alu_op_r[1]_i_4/O
                         net (fo=3, routed)           1.217    33.333    u_soc/u_cpu/gen_dcache.u_dcache/if_id_pc_r[31]_i_5_1
    SLICE_X31Y60         LUT6 (Prop_lut6_I0_O)        0.124    33.457 r  u_soc/u_cpu/gen_dcache.u_dcache/if_id_pc_r[31]_i_20/O
                         net (fo=1, routed)           1.094    34.551    u_soc/u_cpu/gen_dcache.u_dcache/if_id_pc_r[31]_i_20_n_0
    SLICE_X36Y61         LUT6 (Prop_lut6_I0_O)        0.124    34.675 r  u_soc/u_cpu/gen_dcache.u_dcache/if_id_pc_r[31]_i_5/O
                         net (fo=4, routed)           0.477    35.151    u_soc/u_cpu/gen_dcache.u_dcache/if_id_pc_r[31]_i_5_n_0
    SLICE_X39Y61         LUT6 (Prop_lut6_I4_O)        0.124    35.275 r  u_soc/u_cpu/gen_dcache.u_dcache/if_id_pc_r[31]_i_1/O
                         net (fo=132, routed)         0.927    36.202    u_soc/u_cpu/gen_dcache.u_dcache/if_id_valid_r_reg
    SLICE_X41Y62         LUT4 (Prop_lut4_I1_O)        0.150    36.352 r  u_soc/u_cpu/gen_dcache.u_dcache/redirect_cache_instruction_r_reg_r1_0_63_0_2_i_4/O
                         net (fo=228, routed)         1.293    37.645    u_soc/u_cpu/redirect_cache_pc_r_reg_r3_0_63_18_20/WE
    SLICE_X34Y50         RAMD64E                                      r  u_soc/u_cpu/redirect_cache_pc_r_reg_r3_0_63_18_20/RAMA/WE
  -------------------------------------------------------------------    -------------------

                         (clock gen_pynq_clk_25m.clkout0 rise edge)
                                                     40.000    40.000 r  
    H16                                               0.000    40.000 r  CLK100MHZ (IN)
                         net (fo=0)                   0.000    40.000    CLK100MHZ
    H16                  IBUF (Prop_ibuf_I_O)         1.380    41.380 r  CLK100MHZ_IBUF_inst/O
                         net (fo=1, routed)           1.162    42.542    CLK100MHZ_IBUF
    MMCME2_ADV_X1Y2      MMCME2_ADV (Prop_mmcme2_adv_CLKIN1_CLKOUT0)
                                                     -7.814    34.728 r  gen_pynq_clk_25m.u_clk_mmcm/CLKOUT0
                         net (fo=1, routed)           2.012    36.740    gen_pynq_clk_25m.clkout0
    BUFGCTRL_X0Y16       BUFG (Prop_bufg_I_O)         0.091    36.831 r  gen_pynq_clk_25m.u_cpu_clk_bufg/O
                         net (fo=3507, routed)        1.481    38.312    u_soc/u_cpu/redirect_cache_pc_r_reg_r3_0_63_18_20/WCLK
    SLICE_X34Y50         RAMD64E                                      r  u_soc/u_cpu/redirect_cache_pc_r_reg_r3_0_63_18_20/RAMA/CLK
                         clock pessimism              0.452    38.764    
                         clock uncertainty           -0.088    38.676    
    SLICE_X34Y50         RAMD64E (Setup_ramd64e_CLK_WE)
                                                     -0.741    37.935    u_soc/u_cpu/redirect_cache_pc_r_reg_r3_0_63_18_20/RAMA
  -------------------------------------------------------------------
                         required time                         37.935    
                         arrival time                         -37.645    
  -------------------------------------------------------------------
                         slack                                  0.291    





Min Delay Paths
--------------------------------------------------------------------------------------
Slack (MET) :             0.065ns  (arrival time - required time)
  Source:                 u_soc/u_cpu/ex_mem_pc4_r_reg[24]/C
                            (rising edge-triggered cell FDCE clocked by gen_pynq_clk_25m.clkout0  {rise@0.000ns fall@20.000ns period=40.000ns})
  Destination:            u_soc/u_cpu/mem_wb_pc4_r_reg[24]/D
                            (rising edge-triggered cell FDCE clocked by gen_pynq_clk_25m.clkout0  {rise@0.000ns fall@20.000ns period=40.000ns})
  Path Group:             gen_pynq_clk_25m.clkout0
  Path Type:              Hold (Min at Fast Process Corner)
  Requirement:            0.000ns  (gen_pynq_clk_25m.clkout0 rise@0.000ns - gen_pynq_clk_25m.clkout0 rise@0.000ns)
  Data Path Delay:        0.395ns  (logic 0.141ns (35.723%)  route 0.254ns (64.277%))
  Logic Levels:           0  
  Clock Path Skew:        0.259ns (DCD - SCD - CPR)
    Destination Clock Delay (DCD):    -0.922ns
    Source Clock Delay      (SCD):    -0.677ns
    Clock Pessimism Removal (CPR):    -0.504ns

    Location             Delay type                Incr(ns)  Path(ns)    Netlist Resource(s)
  -------------------------------------------------------------------    -------------------
                         (clock gen_pynq_clk_25m.clkout0 rise edge)
                                                      0.000     0.000 r  
    H16                                               0.000     0.000 r  CLK100MHZ (IN)
                         net (fo=0)                   0.000     0.000    CLK100MHZ
    H16                  IBUF (Prop_ibuf_I_O)         0.219     0.219 r  CLK100MHZ_IBUF_inst/O
                         net (fo=1, routed)           0.440     0.659    CLK100MHZ_IBUF
    MMCME2_ADV_X1Y2      MMCME2_ADV (Prop_mmcme2_adv_CLKIN1_CLKOUT0)
                                                     -2.613    -1.954 r  gen_pynq_clk_25m.u_clk_mmcm/CLKOUT0
                         net (fo=1, routed)           0.696    -1.257    gen_pynq_clk_25m.clkout0
    BUFGCTRL_X0Y16       BUFG (Prop_bufg_I_O)         0.026    -1.231 r  gen_pynq_clk_25m.u_cpu_clk_bufg/O
                         net (fo=3507, routed)        0.554    -0.677    u_soc/u_cpu/cpu_clk
    SLICE_X48Y59         FDCE                                         r  u_soc/u_cpu/ex_mem_pc4_r_reg[24]/C
  -------------------------------------------------------------------    -------------------
    SLICE_X48Y59         FDCE (Prop_fdce_C_Q)         0.141    -0.536 r  u_soc/u_cpu/ex_mem_pc4_r_reg[24]/Q
                         net (fo=2, routed)           0.254    -0.283    u_soc/u_cpu/ex_mem_pc4_r[24]
    SLICE_X51Y60         FDCE                                         r  u_soc/u_cpu/mem_wb_pc4_r_reg[24]/D
  -------------------------------------------------------------------    -------------------

                         (clock gen_pynq_clk_25m.clkout0 rise edge)
                                                      0.000     0.000 r  
    H16                                               0.000     0.000 r  CLK100MHZ (IN)
                         net (fo=0)                   0.000     0.000    CLK100MHZ
    H16                  IBUF (Prop_ibuf_I_O)         0.406     0.406 r  CLK100MHZ_IBUF_inst/O
                         net (fo=1, routed)           0.480     0.886    CLK100MHZ_IBUF
    MMCME2_ADV_X1Y2      MMCME2_ADV (Prop_mmcme2_adv_CLKIN1_CLKOUT0)
                                                     -3.407    -2.521 r  gen_pynq_clk_25m.u_clk_mmcm/CLKOUT0
                         net (fo=1, routed)           0.752    -1.769    gen_pynq_clk_25m.clkout0
    BUFGCTRL_X0Y16       BUFG (Prop_bufg_I_O)         0.029    -1.740 r  gen_pynq_clk_25m.u_cpu_clk_bufg/O
                         net (fo=3507, routed)        0.818    -0.922    u_soc/u_cpu/cpu_clk
    SLICE_X51Y60         FDCE                                         r  u_soc/u_cpu/mem_wb_pc4_r_reg[24]/C
                         clock pessimism              0.504    -0.418    
    SLICE_X51Y60         FDCE (Hold_fdce_C_D)         0.070    -0.348    u_soc/u_cpu/mem_wb_pc4_r_reg[24]
  -------------------------------------------------------------------
                         required time                          0.348    
                         arrival time                          -0.283    
  -------------------------------------------------------------------
                         slack                                  0.065    





Pulse Width Checks
--------------------------------------------------------------------------------------
Clock Name:         gen_pynq_clk_25m.clkout0
Waveform(ns):       { 0.000 20.000 }
Period(ns):         40.000
Sources:            { gen_pynq_clk_25m.u_clk_mmcm/CLKOUT0 }

Check Type        Corner  Lib Pin             Reference Pin  Required(ns)  Actual(ns)  Slack(ns)  Location         Pin
Min Period        n/a     RAMB36E1/CLKARDCLK  n/a            2.944         40.000      37.056     RAMB36_X2Y8      u_soc/u_dmem_ram/g_sync_ram.g_posedge_read.ram_mem_reg_0/CLKARDCLK
Max Period        n/a     MMCME2_ADV/CLKOUT0  n/a            213.360       40.000      173.360    MMCME2_ADV_X1Y2  gen_pynq_clk_25m.u_clk_mmcm/CLKOUT0
Low Pulse Width   Slow    RAMD64E/CLK         n/a            1.250         20.000      18.750     SLICE_X36Y40     u_soc/u_cpu/gen_dcache.u_dcache/cache_data_reg_0_63_0_2/RAMA/CLK
High Pulse Width  Slow    RAMD64E/CLK         n/a            1.250         20.000      18.750     SLICE_X36Y40     u_soc/u_cpu/gen_dcache.u_dcache/cache_data_reg_0_63_0_2/RAMA/CLK



---------------------------------------------------------------------------------------------------
Path Group:  **async_default**
From Clock:  gen_pynq_clk_25m.clkout0
  To Clock:  gen_pynq_clk_25m.clkout0

Setup :            0  Failing Endpoints,  Worst Slack       26.221ns,  Total Violation        0.000ns
Hold  :            0  Failing Endpoints,  Worst Slack        1.855ns,  Total Violation        0.000ns
---------------------------------------------------------------------------------------------------


Max Delay Paths
--------------------------------------------------------------------------------------
Slack (MET) :             26.221ns  (required time - arrival time)
  Source:                 reset_sync_r_reg[4]/C
                            (rising edge-triggered cell FDCE clocked by gen_pynq_clk_25m.clkout0  {rise@0.000ns fall@20.000ns period=40.000ns})
  Destination:            u_soc/u_cpu/ex_mem_pc4_r_reg[1]/CLR
                            (recovery check against rising-edge clock gen_pynq_clk_25m.clkout0  {rise@0.000ns fall@20.000ns period=40.000ns})
  Path Group:             **async_default**
  Path Type:              Recovery (Max at Slow Process Corner)
  Requirement:            40.000ns  (gen_pynq_clk_25m.clkout0 rise@40.000ns - gen_pynq_clk_25m.clkout0 rise@0.000ns)
  Data Path Delay:        13.021ns  (logic 0.890ns (6.835%)  route 12.131ns (93.165%))
  Logic Levels:           3  (LUT1=1 LUT4=1 LUT6=1)
  Clock Path Skew:        -0.309ns (DCD - SCD + CPR)
    Destination Clock Delay (DCD):    -1.614ns = ( 38.386 - 40.000 ) 
    Source Clock Delay      (SCD):    -0.853ns
    Clock Pessimism Removal (CPR):    0.452ns
  Clock Uncertainty:      0.088ns  ((TSJ^2 + DJ^2)^1/2) / 2 + PE
    Total System Jitter     (TSJ):    0.071ns
    Discrete Jitter          (DJ):    0.161ns
    Phase Error              (PE):    0.000ns

    Location             Delay type                Incr(ns)  Path(ns)    Netlist Resource(s)
  -------------------------------------------------------------------    -------------------
                         (clock gen_pynq_clk_25m.clkout0 rise edge)
                                                      0.000     0.000 r  
    H16                                               0.000     0.000 r  CLK100MHZ (IN)
                         net (fo=0)                   0.000     0.000    CLK100MHZ
    H16                  IBUF (Prop_ibuf_I_O)         1.451     1.451 r  CLK100MHZ_IBUF_inst/O
                         net (fo=1, routed)           1.285     2.736    CLK100MHZ_IBUF
    MMCME2_ADV_X1Y2      MMCME2_ADV (Prop_mmcme2_adv_CLKIN1_CLKOUT0)
                                                     -7.759    -5.023 r  gen_pynq_clk_25m.u_clk_mmcm/CLKOUT0
                         net (fo=1, routed)           2.206    -2.817    gen_pynq_clk_25m.clkout0
    BUFGCTRL_X0Y16       BUFG (Prop_bufg_I_O)         0.101    -2.716 r  gen_pynq_clk_25m.u_cpu_clk_bufg/O
                         net (fo=3507, routed)        1.863    -0.853    cpu_clk
    SLICE_X112Y90        FDCE                                         r  reset_sync_r_reg[4]/C
  -------------------------------------------------------------------    -------------------
    SLICE_X112Y90        FDCE (Prop_fdce_C_Q)         0.518    -0.335 r  reset_sync_r_reg[4]/Q
                         net (fo=2, routed)           0.831     0.496    u_soc/u_cpu/u_regfile/led_OBUF[0]_inst_i_1_0[4]
    SLICE_X112Y89        LUT4 (Prop_lut4_I1_O)        0.124     0.620 f  u_soc/u_cpu/u_regfile/led_OBUF[0]_inst_i_2/O
                         net (fo=1, routed)           0.417     1.037    u_soc/u_cpu/u_regfile/led_OBUF[0]_inst_i_2_n_0
    SLICE_X112Y90        LUT6 (Prop_lut6_I0_O)        0.124     1.161 r  u_soc/u_cpu/u_regfile/led_OBUF[0]_inst_i_1/O
                         net (fo=3, routed)           2.481     3.643    u_soc/u_cpu/led_OBUF[0]
    SLICE_X49Y82         LUT1 (Prop_lut1_I0_O)        0.124     3.767 f  u_soc/u_cpu/regs[0][31]_i_3/O
                         net (fo=2469, routed)        8.401    12.168    u_soc/u_cpu/reset_sync_r_reg[1]
    SLICE_X54Y47         FDCE                                         f  u_soc/u_cpu/ex_mem_pc4_r_reg[1]/CLR
  -------------------------------------------------------------------    -------------------

                         (clock gen_pynq_clk_25m.clkout0 rise edge)
                                                     40.000    40.000 r  
    H16                                               0.000    40.000 r  CLK100MHZ (IN)
                         net (fo=0)                   0.000    40.000    CLK100MHZ
    H16                  IBUF (Prop_ibuf_I_O)         1.380    41.380 r  CLK100MHZ_IBUF_inst/O
                         net (fo=1, routed)           1.162    42.542    CLK100MHZ_IBUF
    MMCME2_ADV_X1Y2      MMCME2_ADV (Prop_mmcme2_adv_CLKIN1_CLKOUT0)
                                                     -7.814    34.728 r  gen_pynq_clk_25m.u_clk_mmcm/CLKOUT0
                         net (fo=1, routed)           2.012    36.740    gen_pynq_clk_25m.clkout0
    BUFGCTRL_X0Y16       BUFG (Prop_bufg_I_O)         0.091    36.831 r  gen_pynq_clk_25m.u_cpu_clk_bufg/O
                         net (fo=3507, routed)        1.554    38.386    u_soc/u_cpu/cpu_clk
    SLICE_X54Y47         FDCE                                         r  u_soc/u_cpu/ex_mem_pc4_r_reg[1]/C
                         clock pessimism              0.452    38.838    
                         clock uncertainty           -0.088    38.750    
    SLICE_X54Y47         FDCE (Recov_fdce_C_CLR)     -0.361    38.389    u_soc/u_cpu/ex_mem_pc4_r_reg[1]
  -------------------------------------------------------------------
                         required time                         38.389    
                         arrival time                         -12.168    
  -------------------------------------------------------------------
                         slack                                 26.221    





Min Delay Paths
--------------------------------------------------------------------------------------
Slack (MET) :             1.855ns  (arrival time - required time)
  Source:                 reset_sync_r_reg[1]/C
                            (rising edge-triggered cell FDCE clocked by gen_pynq_clk_25m.clkout0  {rise@0.000ns fall@20.000ns period=40.000ns})
  Destination:            u_soc/u_cpu/u_regfile/regs_reg[24][25]/CLR
                            (removal check against rising-edge clock gen_pynq_clk_25m.clkout0  {rise@0.000ns fall@20.000ns period=40.000ns})
  Path Group:             **async_default**
  Path Type:              Removal (Min at Fast Process Corner)
  Requirement:            0.000ns  (gen_pynq_clk_25m.clkout0 rise@0.000ns - gen_pynq_clk_25m.clkout0 rise@0.000ns)
  Data Path Delay:        1.940ns  (logic 0.254ns (13.095%)  route 1.686ns (86.905%))
  Logic Levels:           2  (LUT1=1 LUT6=1)
  Clock Path Skew:        0.176ns (DCD - SCD - CPR)
    Destination Clock Delay (DCD):    -0.924ns
    Source Clock Delay      (SCD):    -0.596ns
    Clock Pessimism Removal (CPR):    -0.504ns

    Location             Delay type                Incr(ns)  Path(ns)    Netlist Resource(s)
  -------------------------------------------------------------------    -------------------
                         (clock gen_pynq_clk_25m.clkout0 rise edge)
                                                      0.000     0.000 r  
    H16                                               0.000     0.000 r  CLK100MHZ (IN)
                         net (fo=0)                   0.000     0.000    CLK100MHZ
    H16                  IBUF (Prop_ibuf_I_O)         0.219     0.219 r  CLK100MHZ_IBUF_inst/O
                         net (fo=1, routed)           0.440     0.659    CLK100MHZ_IBUF
    MMCME2_ADV_X1Y2      MMCME2_ADV (Prop_mmcme2_adv_CLKIN1_CLKOUT0)
                                                     -2.613    -1.954 r  gen_pynq_clk_25m.u_clk_mmcm/CLKOUT0
                         net (fo=1, routed)           0.696    -1.257    gen_pynq_clk_25m.clkout0
    BUFGCTRL_X0Y16       BUFG (Prop_bufg_I_O)         0.026    -1.231 r  gen_pynq_clk_25m.u_cpu_clk_bufg/O
                         net (fo=3507, routed)        0.635    -0.596    cpu_clk
    SLICE_X112Y90        FDCE                                         r  reset_sync_r_reg[1]/C
  -------------------------------------------------------------------    -------------------
    SLICE_X112Y90        FDCE (Prop_fdce_C_Q)         0.164    -0.432 r  reset_sync_r_reg[1]/Q
                         net (fo=2, routed)           0.182    -0.251    u_soc/u_cpu/u_regfile/led_OBUF[0]_inst_i_1_0[1]
    SLICE_X112Y90        LUT6 (Prop_lut6_I1_O)        0.045    -0.206 r  u_soc/u_cpu/u_regfile/led_OBUF[0]_inst_i_1/O
                         net (fo=3, routed)           1.228     1.023    u_soc/u_cpu/led_OBUF[0]
    SLICE_X49Y82         LUT1 (Prop_lut1_I0_O)        0.045     1.068 f  u_soc/u_cpu/regs[0][31]_i_3/O
                         net (fo=2469, routed)        0.275     1.343    u_soc/u_cpu/u_regfile/regs_reg[0][31]_0
    SLICE_X49Y82         FDCE                                         f  u_soc/u_cpu/u_regfile/regs_reg[24][25]/CLR
  -------------------------------------------------------------------    -------------------

                         (clock gen_pynq_clk_25m.clkout0 rise edge)
                                                      0.000     0.000 r  
    H16                                               0.000     0.000 r  CLK100MHZ (IN)
                         net (fo=0)                   0.000     0.000    CLK100MHZ
    H16                  IBUF (Prop_ibuf_I_O)         0.406     0.406 r  CLK100MHZ_IBUF_inst/O
                         net (fo=1, routed)           0.480     0.886    CLK100MHZ_IBUF
    MMCME2_ADV_X1Y2      MMCME2_ADV (Prop_mmcme2_adv_CLKIN1_CLKOUT0)
                                                     -3.407    -2.521 r  gen_pynq_clk_25m.u_clk_mmcm/CLKOUT0
                         net (fo=1, routed)           0.752    -1.769    gen_pynq_clk_25m.clkout0
    BUFGCTRL_X0Y16       BUFG (Prop_bufg_I_O)         0.029    -1.740 r  gen_pynq_clk_25m.u_cpu_clk_bufg/O
                         net (fo=3507, routed)        0.816    -0.924    u_soc/u_cpu/u_regfile/cpu_clk
    SLICE_X49Y82         FDCE                                         r  u_soc/u_cpu/u_regfile/regs_reg[24][25]/C
                         clock pessimism              0.504    -0.420    
    SLICE_X49Y82         FDCE (Remov_fdce_C_CLR)     -0.092    -0.512    u_soc/u_cpu/u_regfile/regs_reg[24][25]
  -------------------------------------------------------------------
                         required time                          0.512    
                         arrival time                           1.343    
  -------------------------------------------------------------------
                         slack                                  1.855    





