Copyright 1986-2022 Xilinx, Inc. All Rights Reserved. Copyright 2022-2025 Advanced Micro Devices, Inc. All Rights Reserved.
---------------------------------------------------------------------------------------------------------------------------------------------
| Tool Version : Vivado v.2025.2 (win64) Build 6299465 Fri Nov 14 19:35:11 GMT 2025
| Date         : Sat Jun  6 00:29:01 2026
| Host         : Toylog_desktop running 64-bit major release  (build 9200)
| Command      : report_timing_summary -file V:/project/reports/pynq_z2_sysclk_8p000ns_cpu25/synth_timing_summary.rpt
| Design       : YH_rv_cpu_fpga_top
| Device       : 7z020-clg400
| Speed File   : -1  PRODUCTION 1.12 2019-11-22
| Design State : Synthesized
---------------------------------------------------------------------------------------------------------------------------------------------

Timing Summary Report

------------------------------------------------------------------------------------------------
| Timer Settings
| --------------
------------------------------------------------------------------------------------------------

  Enable Multi Corner Analysis               :  Yes
  Enable Pessimism Removal                   :  Yes
  Pessimism Removal Resolution               :  Nearest Common Node
  Enable Input Delay Default Clock           :  No
  Enable Preset / Clear Arcs                 :  No
  Disable Flight Delays                      :  No
  Ignore I/O Paths                           :  No
  Timing Early Launch at Borrowing Latches   :  No
  Borrow Time for Max Delay Exceptions       :  Yes
  Merge Timing Exceptions                    :  Yes
  Inter-SLR Compensation                     :  Conservative

  Corner  Analyze    Analyze    
  Name    Max Paths  Min Paths  
  ------  ---------  ---------  
  Slow    Yes        Yes        
  Fast    Yes        Yes        


------------------------------------------------------------------------------------------------
| Report Methodology
| ------------------
------------------------------------------------------------------------------------------------

No report available as report_methodology has not been run prior. Run report_methodology on the current design for the summary of methodology violations.



check_timing report

Table of Contents
-----------------
1. checking no_clock (0)
2. checking constant_clock (0)
3. checking pulse_width_clock (0)
4. checking unconstrained_internal_endpoints (0)
5. checking no_input_delay (1)
6. checking no_output_delay (4)
7. checking multiple_clock (0)
8. checking generated_clocks (0)
9. checking loops (0)
10. checking partial_input_delay (0)
11. checking partial_output_delay (0)
12. checking latch_loops (0)

1. checking no_clock (0)
------------------------
 There are 0 register/latch pins with no clock.


2. checking constant_clock (0)
------------------------------
 There are 0 register/latch pins with constant_clock.


3. checking pulse_width_clock (0)
---------------------------------
 There are 0 register/latch pins which need pulse_width check


4. checking unconstrained_internal_endpoints (0)
------------------------------------------------
 There are 0 pins that are not constrained for maximum delay.

 There are 0 pins that are not constrained for maximum delay due to constant clock.


5. checking no_input_delay (1)
------------------------------
 There is 1 input port with no input delay specified. (HIGH)

 There are 0 input ports with no input delay but user has a false path constraint.


6. checking no_output_delay (4)
-------------------------------
 There are 4 ports with no output delay specified. (HIGH)

 There are 0 ports with no output delay but user has a false path constraint

 There are 0 ports with no output delay but with a timing clock defined on it or propagating through it


7. checking multiple_clock (0)
------------------------------
 There are 0 register/latch pins with multiple clocks.


8. checking generated_clocks (0)
--------------------------------
 There are 0 generated clocks that are not connected to a clock source.


9. checking loops (0)
---------------------
 There are 0 combinational loops in the design.


10. checking partial_input_delay (0)
------------------------------------
 There are 0 input ports with partial input delay specified.


11. checking partial_output_delay (0)
-------------------------------------
 There are 0 ports with partial output delay specified.


12. checking latch_loops (0)
----------------------------
 There are 0 combinational latch loops in the design through latch input



------------------------------------------------------------------------------------------------
| Design Timing Summary
| ---------------------
------------------------------------------------------------------------------------------------

    WNS(ns)      TNS(ns)  TNS Failing Endpoints  TNS Total Endpoints      WHS(ns)      THS(ns)  THS Failing Endpoints  THS Total Endpoints     WPWS(ns)     TPWS(ns)  TPWS Failing Endpoints  TPWS Total Endpoints  
    -------      -------  ---------------------  -------------------      -------      -------  ---------------------  -------------------     --------     --------  ----------------------  --------------------  
      4.374        0.000                      0                14502        0.132        0.000                      0                14502        2.000        0.000                       0                  3955  


All user specified timing constraints are met.


------------------------------------------------------------------------------------------------
| Clock Summary
| -------------
------------------------------------------------------------------------------------------------

Clock                       Waveform(ns)         Period(ns)      Frequency(MHz)
-----                       ------------         ----------      --------------
pynq_sys_clk                {0.000 4.000}        8.000           125.000         
  gen_pynq_clk_25m.clkfb    {0.000 4.000}        8.000           125.000         
  gen_pynq_clk_25m.clkout0  {0.000 20.000}       40.000          25.000          


------------------------------------------------------------------------------------------------
| Intra Clock Table
| -----------------
------------------------------------------------------------------------------------------------

Clock                           WNS(ns)      TNS(ns)  TNS Failing Endpoints  TNS Total Endpoints      WHS(ns)      THS(ns)  THS Failing Endpoints  THS Total Endpoints     WPWS(ns)     TPWS(ns)  TPWS Failing Endpoints  TPWS Total Endpoints  
-----                           -------      -------  ---------------------  -------------------      -------      -------  ---------------------  -------------------     --------     --------  ----------------------  --------------------  
pynq_sys_clk                                                                                                                                                                  2.000        0.000                       0                     1  
  gen_pynq_clk_25m.clkfb                                                                                                                                                      5.845        0.000                       0                     3  
  gen_pynq_clk_25m.clkout0        4.374        0.000                      0                11971        0.132        0.000                      0                11971       18.750        0.000                       0                  3951  


------------------------------------------------------------------------------------------------
| Inter Clock Table
| -----------------
------------------------------------------------------------------------------------------------

From Clock    To Clock          WNS(ns)      TNS(ns)  TNS Failing Endpoints  TNS Total Endpoints      WHS(ns)      THS(ns)  THS Failing Endpoints  THS Total Endpoints  
----------    --------          -------      -------  ---------------------  -------------------      -------      -------  ---------------------  -------------------  


------------------------------------------------------------------------------------------------
| Other Path Groups Table
| -----------------------
------------------------------------------------------------------------------------------------

Path Group                From Clock                To Clock                      WNS(ns)      TNS(ns)  TNS Failing Endpoints  TNS Total Endpoints      WHS(ns)      THS(ns)  THS Failing Endpoints  THS Total Endpoints  
----------                ----------                --------                      -------      -------  ---------------------  -------------------      -------      -------  ---------------------  -------------------  
**async_default**         gen_pynq_clk_25m.clkout0  gen_pynq_clk_25m.clkout0       35.757        0.000                      0                 2531        0.747        0.000                      0                 2531  


------------------------------------------------------------------------------------------------
| Timing Details
| --------------
------------------------------------------------------------------------------------------------


---------------------------------------------------------------------------------------------------
From Clock:  pynq_sys_clk
  To Clock:  pynq_sys_clk

Setup :           NA  Failing Endpoints,  Worst Slack           NA  ,  Total Violation           NA
Hold  :           NA  Failing Endpoints,  Worst Slack           NA  ,  Total Violation           NA
PW    :            0  Failing Endpoints,  Worst Slack        2.000ns,  Total Violation        0.000ns
---------------------------------------------------------------------------------------------------


Pulse Width Checks
--------------------------------------------------------------------------------------
Clock Name:         pynq_sys_clk
Waveform(ns):       { 0.000 4.000 }
Period(ns):         8.000
Sources:            { CLK100MHZ }

Check Type        Corner  Lib Pin            Reference Pin  Required(ns)  Actual(ns)  Slack(ns)  Location  Pin
Min Period        n/a     MMCME2_ADV/CLKIN1  n/a            1.249         8.000       6.751                gen_pynq_clk_25m.u_clk_mmcm/CLKIN1
Max Period        n/a     MMCME2_ADV/CLKIN1  n/a            100.000       8.000       92.000               gen_pynq_clk_25m.u_clk_mmcm/CLKIN1
Low Pulse Width   Slow    MMCME2_ADV/CLKIN1  n/a            2.000         4.000       2.000                gen_pynq_clk_25m.u_clk_mmcm/CLKIN1
High Pulse Width  Slow    MMCME2_ADV/CLKIN1  n/a            2.000         4.000       2.000                gen_pynq_clk_25m.u_clk_mmcm/CLKIN1



---------------------------------------------------------------------------------------------------
From Clock:  gen_pynq_clk_25m.clkfb
  To Clock:  gen_pynq_clk_25m.clkfb

Setup :           NA  Failing Endpoints,  Worst Slack           NA  ,  Total Violation           NA
Hold  :           NA  Failing Endpoints,  Worst Slack           NA  ,  Total Violation           NA
PW    :            0  Failing Endpoints,  Worst Slack        5.845ns,  Total Violation        0.000ns
---------------------------------------------------------------------------------------------------


Pulse Width Checks
--------------------------------------------------------------------------------------
Clock Name:         gen_pynq_clk_25m.clkfb
Waveform(ns):       { 0.000 4.000 }
Period(ns):         8.000
Sources:            { gen_pynq_clk_25m.u_clk_mmcm/CLKFBOUT }

Check Type  Corner  Lib Pin             Reference Pin  Required(ns)  Actual(ns)  Slack(ns)  Location  Pin
Min Period  n/a     BUFG/I              n/a            2.155         8.000       5.845                gen_pynq_clk_25m.u_clkfb_bufg/I
Max Period  n/a     MMCME2_ADV/CLKFBIN  n/a            100.000       8.000       92.000               gen_pynq_clk_25m.u_clk_mmcm/CLKFBIN



---------------------------------------------------------------------------------------------------
From Clock:  gen_pynq_clk_25m.clkout0
  To Clock:  gen_pynq_clk_25m.clkout0

Setup :            0  Failing Endpoints,  Worst Slack        4.374ns,  Total Violation        0.000ns
Hold  :            0  Failing Endpoints,  Worst Slack        0.132ns,  Total Violation        0.000ns
PW    :            0  Failing Endpoints,  Worst Slack       18.750ns,  Total Violation        0.000ns
---------------------------------------------------------------------------------------------------


Max Delay Paths
--------------------------------------------------------------------------------------
Slack (MET) :             4.374ns  (required time - arrival time)
  Source:                 u_soc/u_cpu/gen_dcache.u_dcache/cache_tag_reg[7][2]/C
                            (rising edge-triggered cell FDRE clocked by gen_pynq_clk_25m.clkout0  {rise@0.000ns fall@20.000ns period=40.000ns})
  Destination:            u_soc/u_cpu/pc_r_reg[28]/D
                            (rising edge-triggered cell FDCE clocked by gen_pynq_clk_25m.clkout0  {rise@0.000ns fall@20.000ns period=40.000ns})
  Path Group:             gen_pynq_clk_25m.clkout0
  Path Type:              Setup (Max at Slow Process Corner)
  Requirement:            40.000ns  (gen_pynq_clk_25m.clkout0 rise@40.000ns - gen_pynq_clk_25m.clkout0 rise@0.000ns)
  Data Path Delay:        35.437ns  (logic 9.351ns (26.388%)  route 26.086ns (73.612%))
  Logic Levels:           50  (CARRY4=11 LUT2=2 LUT3=1 LUT4=2 LUT5=8 LUT6=23 MUXF7=1 MUXF8=1 RAMD64E=1)
  Clock Path Skew:        -0.145ns (DCD - SCD + CPR)
    Destination Clock Delay (DCD):    -2.269ns = ( 37.731 - 40.000 ) 
    Source Clock Delay      (SCD):    -1.593ns
    Clock Pessimism Removal (CPR):    0.530ns
  Clock Uncertainty:      0.088ns  ((TSJ^2 + DJ^2)^1/2) / 2 + PE
    Total System Jitter     (TSJ):    0.071ns
    Discrete Jitter          (DJ):    0.161ns
    Phase Error              (PE):    0.000ns

    Location             Delay type                Incr(ns)  Path(ns)    Netlist Resource(s)
  -------------------------------------------------------------------    -------------------
                         (clock gen_pynq_clk_25m.clkout0 rise edge)
                                                      0.000     0.000 r  
    H16                                               0.000     0.000 r  CLK100MHZ (IN)
                         net (fo=0)                   0.000     0.000    CLK100MHZ
    H16                  IBUF (Prop_ibuf_I_O)         1.451     1.451 r  CLK100MHZ_IBUF_inst/O
                         net (fo=1, unplaced)         0.584     2.035    CLK100MHZ_IBUF
                         MMCME2_ADV (Prop_mmcme2_adv_CLKIN1_CLKOUT0)
                                                     -5.113    -3.078 r  gen_pynq_clk_25m.u_clk_mmcm/CLKOUT0
                         net (fo=1, unplaced)         0.800    -2.278    gen_pynq_clk_25m.clkout0
                         BUFG (Prop_bufg_I_O)         0.101    -2.177 r  gen_pynq_clk_25m.u_cpu_clk_bufg/O
                         net (fo=3949, unplaced)      0.584    -1.593    u_soc/u_cpu/gen_dcache.u_dcache/cpu_clk
                         FDRE                                         r  u_soc/u_cpu/gen_dcache.u_dcache/cache_tag_reg[7][2]/C
  -------------------------------------------------------------------    -------------------
                         FDRE (Prop_fdre_C_Q)         0.478    -1.115 f  u_soc/u_cpu/gen_dcache.u_dcache/cache_tag_reg[7][2]/Q
                         net (fo=3, unplaced)         0.983    -0.132    u_soc/u_cpu/gen_dcache.u_dcache/cache_tag_reg[7]_151[2]
                         LUT6 (Prop_lut6_I0_O)        0.295     0.163 f  u_soc/u_cpu/gen_dcache.u_dcache/miss_unsigned_r_i_66/O
                         net (fo=1, unplaced)         0.000     0.163    u_soc/u_cpu/gen_dcache.u_dcache/miss_unsigned_r_i_66_n_0
                         MUXF7 (Prop_muxf7_I1_O)      0.247     0.410 f  u_soc/u_cpu/gen_dcache.u_dcache/miss_unsigned_r_reg_i_26/O
                         net (fo=2, unplaced)         0.916     1.326    u_soc/u_cpu/gen_dcache.u_dcache/miss_unsigned_r_reg_i_26_n_0
                         LUT6 (Prop_lut6_I1_O)        0.298     1.624 r  u_soc/u_cpu/gen_dcache.u_dcache/miss_unsigned_r_i_9/O
                         net (fo=1, unplaced)         0.902     2.526    u_soc/u_cpu/gen_dcache.u_dcache/miss_unsigned_r_i_9_n_0
                         LUT6 (Prop_lut6_I1_O)        0.124     2.650 r  u_soc/u_cpu/gen_dcache.u_dcache/miss_unsigned_r_i_4/O
                         net (fo=2, unplaced)         0.913     3.563    u_soc/u_cpu/gen_dcache.u_dcache/miss_unsigned_r_i_4_n_0
                         LUT6 (Prop_lut6_I3_O)        0.124     3.687 r  u_soc/u_cpu/gen_dcache.u_dcache/mem_wb_load_data_r[31]_i_4/O
                         net (fo=33, unplaced)        0.521     4.208    u_soc/u_cpu/gen_dcache.u_dcache/mem_wb_load_data_r[31]_i_4_n_0
                         LUT6 (Prop_lut6_I4_O)        0.124     4.332 r  u_soc/u_cpu/gen_dcache.u_dcache/x_result_th_mula0_i_106/O
                         net (fo=40, unplaced)        0.526     4.858    u_soc/u_cpu/gen_dcache.u_dcache/ex_mem_load_forward_ready_fold
                         LUT3 (Prop_lut3_I1_O)        0.116     4.974 r  u_soc/u_cpu/gen_dcache.u_dcache/x_result_th_mula0_i_108/O
                         net (fo=1, unplaced)         0.449     5.423    u_soc/u_cpu/gen_dcache.u_dcache/x_result_th_mula0_i_108_n_0
                         LUT5 (Prop_lut5_I1_O)        0.124     5.547 r  u_soc/u_cpu/gen_dcache.u_dcache/x_result_th_mula0_i_84/O
                         net (fo=29, unplaced)        0.518     6.065    u_soc/u_cpu/gen_dcache.u_dcache/x_result_th_mula0_i_84_n_0
                         LUT6 (Prop_lut6_I1_O)        0.124     6.189 r  u_soc/u_cpu/gen_dcache.u_dcache/x_result_th_mula0_i_62/O
                         net (fo=7, unplaced)         0.484     6.673    u_soc/u_cpu/gen_dcache.u_dcache/x_result_th_mula0_i_62_n_0
                         LUT5 (Prop_lut5_I0_O)        0.124     6.797 r  u_soc/u_cpu/gen_dcache.u_dcache/ex_mem_mem_addr_r[3]_i_19/O
                         net (fo=1, unplaced)         0.449     7.246    u_soc/u_cpu/gen_dcache.u_dcache/ex_mem_mem_addr_r[3]_i_19_n_0
                         LUT6 (Prop_lut6_I5_O)        0.124     7.370 r  u_soc/u_cpu/gen_dcache.u_dcache/ex_mem_mem_addr_r[3]_i_15/O
                         net (fo=1, unplaced)         0.449     7.819    u_soc/u_cpu/gen_dcache.u_dcache/u_ex_stage/p_0_in[2]
                         LUT6 (Prop_lut6_I0_O)        0.124     7.943 r  u_soc/u_cpu/gen_dcache.u_dcache/ex_mem_mem_addr_r[3]_i_7/O
                         net (fo=1, unplaced)         0.000     7.943    u_soc/u_cpu/gen_dcache.u_dcache/ex_mem_mem_addr_r[3]_i_7_n_0
                         CARRY4 (Prop_carry4_S[2]_CO[3])
                                                      0.380     8.323 r  u_soc/u_cpu/gen_dcache.u_dcache/ex_mem_mem_addr_r_reg[3]_i_1/CO[3]
                         net (fo=1, unplaced)         0.009     8.332    u_soc/u_cpu/gen_dcache.u_dcache/ex_mem_mem_addr_r_reg[3]_i_1_n_0
                         CARRY4 (Prop_carry4_CI_O[1])
                                                      0.337     8.669 r  u_soc/u_cpu/gen_dcache.u_dcache/ex_mem_mem_addr_r_reg[7]_i_1/O[1]
                         net (fo=51, unplaced)        0.468     9.137    u_soc/u_cpu/gen_dcache.u_dcache/id_ex_rs1_value_r_reg[30][5]
                         MUXF8 (Prop_muxf8_S_O)       0.465     9.602 f  u_soc/u_cpu/gen_dcache.u_dcache/id_ex_flush_valid_local_inst_i_129/O
                         net (fo=1, unplaced)         0.717    10.319    u_soc/u_cpu/gen_dcache.u_dcache/id_ex_flush_valid_local_inst_i_129_n_0
                         LUT6 (Prop_lut6_I0_O)        0.319    10.638 f  u_soc/u_cpu/gen_dcache.u_dcache/id_ex_flush_valid_local_inst_i_70__0/O
                         net (fo=1, unplaced)         0.902    11.540    u_soc/u_cpu/gen_dcache.u_dcache/id_ex_flush_valid_local_inst_i_70__0_n_0
                         LUT6 (Prop_lut6_I0_O)        0.124    11.664 r  u_soc/u_cpu/gen_dcache.u_dcache/id_ex_flush_valid_local_inst_i_48__0/O
                         net (fo=1, unplaced)         0.902    12.566    u_soc/u_cpu/gen_dcache.u_dcache/id_ex_flush_valid_local_inst_i_48__0_n_0
                         LUT6 (Prop_lut6_I4_O)        0.124    12.690 r  u_soc/u_cpu/gen_dcache.u_dcache/id_ex_flush_valid_local_inst_i_40__0/O
                         net (fo=1, unplaced)         0.449    13.139    u_soc/u_cpu/gen_dcache.u_dcache/id_ex_flush_valid_local_inst_i_40__0_n_0
                         LUT5 (Prop_lut5_I4_O)        0.124    13.263 f  u_soc/u_cpu/gen_dcache.u_dcache/id_ex_flush_valid_local_inst_i_36__0/O
                         net (fo=1, unplaced)         0.449    13.712    u_soc/u_cpu/gen_dcache.u_dcache/id_ex_flush_valid_local_inst_i_36__0_n_0
                         LUT4 (Prop_lut4_I2_O)        0.124    13.836 r  u_soc/u_cpu/gen_dcache.u_dcache/id_ex_flush_valid_local_inst_i_28__0/O
                         net (fo=3, unplaced)         0.467    14.303    u_soc/u_cpu/gen_dcache.u_dcache/id_ex_flush_valid_local_inst_i_28__0_n_0
                         LUT6 (Prop_lut6_I0_O)        0.124    14.427 r  u_soc/u_cpu/gen_dcache.u_dcache/id_ex_branch_predict_pc_r[3]_i_32/O
                         net (fo=1, unplaced)         0.449    14.876    u_soc/u_cpu/gen_dcache.u_dcache/id_ex_branch_predict_pc_r[3]_i_32_n_0
                         LUT6 (Prop_lut6_I2_O)        0.124    15.000 f  u_soc/u_cpu/gen_dcache.u_dcache/id_ex_branch_predict_pc_r[3]_i_24/O
                         net (fo=1, unplaced)         0.449    15.449    u_soc/u_cpu/gen_dcache.u_dcache/id_ex_branch_predict_pc_r[3]_i_24_n_0
                         LUT6 (Prop_lut6_I1_O)        0.124    15.573 r  u_soc/u_cpu/gen_dcache.u_dcache/id_ex_branch_predict_pc_r[3]_i_11/O
                         net (fo=2, unplaced)         0.430    16.003    u_soc/u_cpu/gen_dcache.u_dcache/id_ex_branch_predict_pc_r[3]_i_11_n_0
                         LUT6 (Prop_lut6_I2_O)        0.124    16.127 r  u_soc/u_cpu/gen_dcache.u_dcache/id_ex_branch_predict_pc_r[3]_i_3/O
                         net (fo=39, unplaced)        0.525    16.652    u_soc/u_cpu/gen_dcache.u_dcache/id_ex_branch_predict_pc_r[3]_i_3_n_0
                         LUT5 (Prop_lut5_I3_O)        0.124    16.776 r  u_soc/u_cpu/gen_dcache.u_dcache/redirect_cache_pc_r_reg_r2_0_63_0_2_i_5/O
                         net (fo=154, unplaced)       1.012    17.788    u_soc/u_cpu/gen_dcache.u_dcache/csr_mtvec_r_reg[7][1]
                         LUT6 (Prop_lut6_I0_O)        0.124    17.912 r  u_soc/u_cpu/gen_dcache.u_dcache/redirect_cache_pc_r_reg_r4_0_63_0_2_i_5/O
                         net (fo=101, unplaced)       1.211    19.123    u_soc/u_cpu/redirect_cache_pc_r_reg_r4_64_127_3_5/ADDRB1
                         RAMD64E (Prop_ramd64e_RADR1_O)
                                                      0.124    19.247 r  u_soc/u_cpu/redirect_cache_pc_r_reg_r4_64_127_3_5/RAMB/O
                         net (fo=1, unplaced)         0.902    20.149    u_soc/u_cpu/gen_dcache.u_dcache/if_id_pc_r[31]_i_180_3
                         LUT4 (Prop_lut4_I3_O)        0.148    20.297 f  u_soc/u_cpu/gen_dcache.u_dcache/if_id_pc_r[31]_i_273/O
                         net (fo=1, unplaced)         0.449    20.746    u_soc/u_cpu/gen_dcache.u_dcache/if_id_pc_r[31]_i_273_n_0
                         LUT6 (Prop_lut6_I5_O)        0.124    20.870 r  u_soc/u_cpu/gen_dcache.u_dcache/if_id_pc_r[31]_i_180/O
                         net (fo=1, unplaced)         0.000    20.870    u_soc/u_cpu/gen_dcache.u_dcache/if_id_pc_r[31]_i_180_n_0
                         CARRY4 (Prop_carry4_S[1]_CO[3])
                                                      0.533    21.403 r  u_soc/u_cpu/gen_dcache.u_dcache/if_id_pc_r_reg[31]_i_93/CO[3]
                         net (fo=1, unplaced)         0.009    21.412    u_soc/u_cpu/gen_dcache.u_dcache/if_id_pc_r_reg[31]_i_93_n_0
                         CARRY4 (Prop_carry4_CI_CO[3])
                                                      0.117    21.529 r  u_soc/u_cpu/gen_dcache.u_dcache/if_id_pc_r_reg[31]_i_47/CO[3]
                         net (fo=2, unplaced)         0.929    22.458    u_soc/u_cpu/gen_dcache.u_dcache/regular_cache_hit0
                         LUT2 (Prop_lut2_I1_O)        0.116    22.574 f  u_soc/u_cpu/gen_dcache.u_dcache/fetch_valid_r_i_4/O
                         net (fo=1, unplaced)         0.449    23.023    u_soc/u_cpu/gen_dcache.u_dcache/fetch_valid_r_i_4_n_0
                         LUT6 (Prop_lut6_I2_O)        0.124    23.147 r  u_soc/u_cpu/gen_dcache.u_dcache/fetch_valid_r_i_2/O
                         net (fo=95, unplaced)        0.517    23.664    u_soc/u_cpu/gen_dcache.u_dcache/fetch_buf0_valid_r_reg
                         LUT6 (Prop_lut6_I1_O)        0.124    23.788 r  u_soc/u_cpu/gen_dcache.u_dcache/id_ex_rs2_addr_r[0]_i_2/O
                         net (fo=10, unplaced)        1.154    24.942    u_soc/u_cpu/u_fold_target_id_stage/u_decoder/fold_decode_instruction[18]
                         LUT5 (Prop_lut5_I0_O)        0.150    25.092 r  u_soc/u_cpu/u_fold_target_id_stage/u_decoder/i_/id_ex_pc_r[0]_i_7/O
                         net (fo=4, unplaced)         0.689    25.781    u_soc/u_cpu/u_fold_target_id_stage/u_decoder/id_ex_csr_sel_r[2]_i_6
                         LUT5 (Prop_lut5_I0_O)        0.124    25.905 r  u_soc/u_cpu/u_fold_target_id_stage/u_decoder/i_/id_ex_alu_op_r[1]_i_16/O
                         net (fo=1, unplaced)         0.902    26.807    u_soc/u_cpu/u_fold_target_id_stage/u_decoder/i_/id_ex_alu_op_r[1]_i_16_n_0
                         LUT6 (Prop_lut6_I0_O)        0.124    26.931 r  u_soc/u_cpu/u_fold_target_id_stage/u_decoder/i_/id_ex_alu_op_r[1]_i_4/O
                         net (fo=1, unplaced)         1.111    28.042    u_soc/u_cpu/u_fold_target_id_stage/u_decoder/i_/id_ex_alu_op_r[1]_i_4_n_0
                         LUT6 (Prop_lut6_I0_O)        0.124    28.166 r  u_soc/u_cpu/u_fold_target_id_stage/u_decoder/i_/id_ex_alu_op_r[1]_i_2/O
                         net (fo=3, unplaced)         1.129    29.295    u_soc/u_cpu/gen_dcache.u_dcache/fold_id_alu_op[1]
                         LUT6 (Prop_lut6_I1_O)        0.124    29.419 f  u_soc/u_cpu/gen_dcache.u_dcache/if_id_pc_r[31]_i_20/O
                         net (fo=5, unplaced)         0.693    30.112    u_soc/u_cpu/gen_dcache.u_dcache/if_id_pc_r[31]_i_20_n_0
                         LUT6 (Prop_lut6_I0_O)        0.124    30.236 r  u_soc/u_cpu/gen_dcache.u_dcache/if_id_pc_r[31]_i_6/O
                         net (fo=43, unplaced)        0.528    30.764    u_soc/u_cpu/gen_dcache.u_dcache/fold_next_cache_deliver
                         LUT2 (Prop_lut2_I1_O)        0.124    30.888 r  u_soc/u_cpu/gen_dcache.u_dcache/pc_r[4]_i_12/O
                         net (fo=1, unplaced)         0.000    30.888    u_soc/u_cpu/gen_dcache.u_dcache/pc_r[4]_i_12_n_0
                         CARRY4 (Prop_carry4_S[1]_CO[3])
                                                      0.533    31.421 r  u_soc/u_cpu/gen_dcache.u_dcache/pc_r_reg[4]_i_7/CO[3]
                         net (fo=1, unplaced)         0.009    31.430    u_soc/u_cpu/gen_dcache.u_dcache/pc_r_reg[4]_i_7_n_0
                         CARRY4 (Prop_carry4_CI_CO[3])
                                                      0.117    31.547 r  u_soc/u_cpu/gen_dcache.u_dcache/pc_r_reg[8]_i_5/CO[3]
                         net (fo=1, unplaced)         0.000    31.547    u_soc/u_cpu/gen_dcache.u_dcache/pc_r_reg[8]_i_5_n_0
                         CARRY4 (Prop_carry4_CI_CO[3])
                                                      0.117    31.664 r  u_soc/u_cpu/gen_dcache.u_dcache/pc_r_reg[12]_i_5/CO[3]
                         net (fo=1, unplaced)         0.000    31.664    u_soc/u_cpu/gen_dcache.u_dcache/pc_r_reg[12]_i_5_n_0
                         CARRY4 (Prop_carry4_CI_CO[3])
                                                      0.117    31.781 r  u_soc/u_cpu/gen_dcache.u_dcache/pc_r_reg[16]_i_5/CO[3]
                         net (fo=1, unplaced)         0.000    31.781    u_soc/u_cpu/gen_dcache.u_dcache/pc_r_reg[16]_i_5_n_0
                         CARRY4 (Prop_carry4_CI_CO[3])
                                                      0.117    31.898 r  u_soc/u_cpu/gen_dcache.u_dcache/pc_r_reg[20]_i_5/CO[3]
                         net (fo=1, unplaced)         0.000    31.898    u_soc/u_cpu/gen_dcache.u_dcache/pc_r_reg[20]_i_5_n_0
                         CARRY4 (Prop_carry4_CI_CO[3])
                                                      0.117    32.015 r  u_soc/u_cpu/gen_dcache.u_dcache/pc_r_reg[24]_i_5/CO[3]
                         net (fo=1, unplaced)         0.000    32.015    u_soc/u_cpu/gen_dcache.u_dcache/pc_r_reg[24]_i_5_n_0
                         CARRY4 (Prop_carry4_CI_O[3])
                                                      0.331    32.346 r  u_soc/u_cpu/gen_dcache.u_dcache/pc_r_reg[28]_i_5/O[3]
                         net (fo=1, unplaced)         0.618    32.964    u_soc/u_cpu/gen_dcache.u_dcache/pc_r_reg[28]_i_5_n_4
                         LUT5 (Prop_lut5_I4_O)        0.307    33.271 r  u_soc/u_cpu/gen_dcache.u_dcache/pc_r[28]_i_3/O
                         net (fo=1, unplaced)         0.449    33.720    u_soc/u_cpu/gen_dcache.u_dcache/pc_r[28]_i_3_n_0
                         LUT5 (Prop_lut5_I4_O)        0.124    33.844 r  u_soc/u_cpu/gen_dcache.u_dcache/pc_r[28]_i_1/O
                         net (fo=1, unplaced)         0.000    33.844    u_soc/u_cpu/gen_dcache.u_dcache_n_106
                         FDCE                                         r  u_soc/u_cpu/pc_r_reg[28]/D
  -------------------------------------------------------------------    -------------------

                         (clock gen_pynq_clk_25m.clkout0 rise edge)
                                                     40.000    40.000 r  
    H16                                               0.000    40.000 r  CLK100MHZ (IN)
                         net (fo=0)                   0.000    40.000    CLK100MHZ
    H16                  IBUF (Prop_ibuf_I_O)         1.380    41.380 r  CLK100MHZ_IBUF_inst/O
                         net (fo=1, unplaced)         0.439    41.819    CLK100MHZ_IBUF
                         MMCME2_ADV (Prop_mmcme2_adv_CLKIN1_CLKOUT0)
                                                     -5.378    36.442 r  gen_pynq_clk_25m.u_clk_mmcm/CLKOUT0
                         net (fo=1, unplaced)         0.760    37.201    gen_pynq_clk_25m.clkout0
                         BUFG (Prop_bufg_I_O)         0.091    37.292 r  gen_pynq_clk_25m.u_cpu_clk_bufg/O
                         net (fo=3949, unplaced)      0.439    37.731    u_soc/u_cpu/cpu_clk
                         FDCE                                         r  u_soc/u_cpu/pc_r_reg[28]/C
                         clock pessimism              0.530    38.262    
                         clock uncertainty           -0.088    38.174    
                         FDCE (Setup_fdce_C_D)        0.044    38.218    u_soc/u_cpu/pc_r_reg[28]
  -------------------------------------------------------------------
                         required time                         38.218    
                         arrival time                         -33.844    
  -------------------------------------------------------------------
                         slack                                  4.374    





Min Delay Paths
--------------------------------------------------------------------------------------
Slack (MET) :             0.132ns  (arrival time - required time)
  Source:                 u_soc/u_cpu/mem_wb_pc4_r_reg[0]/C
                            (rising edge-triggered cell FDCE clocked by gen_pynq_clk_25m.clkout0  {rise@0.000ns fall@20.000ns period=40.000ns})
  Destination:            u_soc/u_cpu/u_regfile/regs_reg[0][0]/D
                            (rising edge-triggered cell FDCE clocked by gen_pynq_clk_25m.clkout0  {rise@0.000ns fall@20.000ns period=40.000ns})
  Path Group:             gen_pynq_clk_25m.clkout0
  Path Type:              Hold (Min at Fast Process Corner)
  Requirement:            0.000ns  (gen_pynq_clk_25m.clkout0 rise@0.000ns - gen_pynq_clk_25m.clkout0 rise@0.000ns)
  Data Path Delay:        0.376ns  (logic 0.245ns (65.144%)  route 0.131ns (34.856%))
  Logic Levels:           1  (LUT5=1)
  Clock Path Skew:        0.145ns (DCD - SCD - CPR)
    Destination Clock Delay (DCD):    -1.102ns
    Source Clock Delay      (SCD):    -0.966ns
    Clock Pessimism Removal (CPR):    -0.280ns

    Location             Delay type                Incr(ns)  Path(ns)    Netlist Resource(s)
  -------------------------------------------------------------------    -------------------
                         (clock gen_pynq_clk_25m.clkout0 rise edge)
                                                      0.000     0.000 r  
    H16                                               0.000     0.000 r  CLK100MHZ (IN)
                         net (fo=0)                   0.000     0.000    CLK100MHZ
    H16                  IBUF (Prop_ibuf_I_O)         0.219     0.219 r  CLK100MHZ_IBUF_inst/O
                         net (fo=1, unplaced)         0.114     0.333    CLK100MHZ_IBUF
                         MMCME2_ADV (Prop_mmcme2_adv_CLKIN1_CLKOUT0)
                                                     -1.776    -1.443 r  gen_pynq_clk_25m.u_clk_mmcm/CLKOUT0
                         net (fo=1, unplaced)         0.337    -1.106    gen_pynq_clk_25m.clkout0
                         BUFG (Prop_bufg_I_O)         0.026    -1.080 r  gen_pynq_clk_25m.u_cpu_clk_bufg/O
                         net (fo=3949, unplaced)      0.114    -0.966    u_soc/u_cpu/cpu_clk
                         FDCE                                         r  u_soc/u_cpu/mem_wb_pc4_r_reg[0]/C
  -------------------------------------------------------------------    -------------------
                         FDCE (Prop_fdce_C_Q)         0.147    -0.819 r  u_soc/u_cpu/mem_wb_pc4_r_reg[0]/Q
                         net (fo=1, unplaced)         0.131    -0.688    u_soc/u_cpu/u_wb_stage/regs_reg[30][31]_0[0]
                         LUT5 (Prop_lut5_I4_O)        0.098    -0.590 r  u_soc/u_cpu/u_wb_stage/regs[0][0]_i_1/O
                         net (fo=41, unplaced)        0.000    -0.590    u_soc/u_cpu/u_regfile/wb_data[0]
                         FDCE                                         r  u_soc/u_cpu/u_regfile/regs_reg[0][0]/D
  -------------------------------------------------------------------    -------------------

                         (clock gen_pynq_clk_25m.clkout0 rise edge)
                                                      0.000     0.000 r  
    H16                                               0.000     0.000 r  CLK100MHZ (IN)
                         net (fo=0)                   0.000     0.000    CLK100MHZ
    H16                  IBUF (Prop_ibuf_I_O)         0.406     0.406 r  CLK100MHZ_IBUF_inst/O
                         net (fo=1, unplaced)         0.259     0.665    CLK100MHZ_IBUF
                         MMCME2_ADV (Prop_mmcme2_adv_CLKIN1_CLKOUT0)
                                                     -2.410    -1.744 r  gen_pynq_clk_25m.u_clk_mmcm/CLKOUT0
                         net (fo=1, unplaced)         0.355    -1.390    gen_pynq_clk_25m.clkout0
                         BUFG (Prop_bufg_I_O)         0.029    -1.361 r  gen_pynq_clk_25m.u_cpu_clk_bufg/O
                         net (fo=3949, unplaced)      0.259    -1.102    u_soc/u_cpu/u_regfile/cpu_clk
                         FDCE                                         r  u_soc/u_cpu/u_regfile/regs_reg[0][0]/C
                         clock pessimism              0.280    -0.821    
                         FDCE (Hold_fdce_C_D)         0.099    -0.722    u_soc/u_cpu/u_regfile/regs_reg[0][0]
  -------------------------------------------------------------------
                         required time                          0.722    
                         arrival time                          -0.590    
  -------------------------------------------------------------------
                         slack                                  0.132    





Pulse Width Checks
--------------------------------------------------------------------------------------
Clock Name:         gen_pynq_clk_25m.clkout0
Waveform(ns):       { 0.000 20.000 }
Period(ns):         40.000
Sources:            { gen_pynq_clk_25m.u_clk_mmcm/CLKOUT0 }

Check Type        Corner  Lib Pin             Reference Pin  Required(ns)  Actual(ns)  Slack(ns)  Location  Pin
Min Period        n/a     RAMB36E1/CLKARDCLK  n/a            2.944         40.000      37.056               u_soc/u_dmem_ram/g_sync_ram.g_posedge_read.ram_mem_reg_0/CLKARDCLK
Max Period        n/a     MMCME2_ADV/CLKOUT0  n/a            213.360       40.000      173.360              gen_pynq_clk_25m.u_clk_mmcm/CLKOUT0
Low Pulse Width   Slow    RAMD64E/CLK         n/a            1.250         20.000      18.750               u_soc/u_cpu/gen_dcache.u_dcache/cache_data_reg_0_63_0_2/RAMA/CLK
High Pulse Width  Slow    RAMD64E/CLK         n/a            1.250         20.000      18.750               u_soc/u_cpu/gen_dcache.u_dcache/cache_data_reg_0_63_0_2/RAMA/CLK



---------------------------------------------------------------------------------------------------
Path Group:  **async_default**
From Clock:  gen_pynq_clk_25m.clkout0
  To Clock:  gen_pynq_clk_25m.clkout0

Setup :            0  Failing Endpoints,  Worst Slack       35.757ns,  Total Violation        0.000ns
Hold  :            0  Failing Endpoints,  Worst Slack        0.747ns,  Total Violation        0.000ns
---------------------------------------------------------------------------------------------------


Max Delay Paths
--------------------------------------------------------------------------------------
Slack (MET) :             35.757ns  (required time - arrival time)
  Source:                 reset_sync_r_reg[4]/C
                            (rising edge-triggered cell FDCE clocked by gen_pynq_clk_25m.clkout0  {rise@0.000ns fall@20.000ns period=40.000ns})
  Destination:            u_soc/timer_cmp_r_reg[0]/PRE
                            (recovery check against rising-edge clock gen_pynq_clk_25m.clkout0  {rise@0.000ns fall@20.000ns period=40.000ns})
  Path Group:             **async_default**
  Path Type:              Recovery (Max at Slow Process Corner)
  Requirement:            40.000ns  (gen_pynq_clk_25m.clkout0 rise@40.000ns - gen_pynq_clk_25m.clkout0 rise@0.000ns)
  Data Path Delay:        3.616ns  (logic 1.021ns (28.236%)  route 2.595ns (71.764%))
  Logic Levels:           3  (LUT1=1 LUT4=1 LUT6=1)
  Clock Path Skew:        -0.145ns (DCD - SCD + CPR)
    Destination Clock Delay (DCD):    -2.269ns = ( 37.731 - 40.000 ) 
    Source Clock Delay      (SCD):    -1.593ns
    Clock Pessimism Removal (CPR):    0.530ns
  Clock Uncertainty:      0.088ns  ((TSJ^2 + DJ^2)^1/2) / 2 + PE
    Total System Jitter     (TSJ):    0.071ns
    Discrete Jitter          (DJ):    0.161ns
    Phase Error              (PE):    0.000ns

    Location             Delay type                Incr(ns)  Path(ns)    Netlist Resource(s)
  -------------------------------------------------------------------    -------------------
                         (clock gen_pynq_clk_25m.clkout0 rise edge)
                                                      0.000     0.000 r  
    H16                                               0.000     0.000 r  CLK100MHZ (IN)
                         net (fo=0)                   0.000     0.000    CLK100MHZ
    H16                  IBUF (Prop_ibuf_I_O)         1.451     1.451 r  CLK100MHZ_IBUF_inst/O
                         net (fo=1, unplaced)         0.584     2.035    CLK100MHZ_IBUF
                         MMCME2_ADV (Prop_mmcme2_adv_CLKIN1_CLKOUT0)
                                                     -5.113    -3.078 r  gen_pynq_clk_25m.u_clk_mmcm/CLKOUT0
                         net (fo=1, unplaced)         0.800    -2.278    gen_pynq_clk_25m.clkout0
                         BUFG (Prop_bufg_I_O)         0.101    -2.177 r  gen_pynq_clk_25m.u_cpu_clk_bufg/O
                         net (fo=3949, unplaced)      0.584    -1.593    cpu_clk
                         FDCE                                         r  reset_sync_r_reg[4]/C
  -------------------------------------------------------------------    -------------------
                         FDCE (Prop_fdce_C_Q)         0.478    -1.115 r  reset_sync_r_reg[4]/Q
                         net (fo=2, unplaced)         0.752    -0.363    u_soc/u_cpu/u_regfile/bit_idx_r_reg[3][4]
                         LUT4 (Prop_lut4_I1_O)        0.295    -0.068 f  u_soc/u_cpu/u_regfile/led_OBUF[0]_inst_i_2/O
                         net (fo=2, unplaced)         0.460     0.392    u_soc/u_cpu/u_regfile/reset_sync_r_reg[5]
                         LUT6 (Prop_lut6_I0_O)        0.124     0.516 r  u_soc/u_cpu/u_regfile/led_OBUF[0]_inst_i_1/O
                         net (fo=3, unplaced)         0.467     0.983    u_soc/u_cpu/u_regfile/led_OBUF[0]
                         LUT1 (Prop_lut1_I0_O)        0.124     1.107 f  u_soc/u_cpu/u_regfile/regs[0][31]_i_3/O
                         net (fo=2509, unplaced)      0.916     2.023    u_soc/u_cpu_n_0
                         FDPE                                         f  u_soc/timer_cmp_r_reg[0]/PRE
  -------------------------------------------------------------------    -------------------

                         (clock gen_pynq_clk_25m.clkout0 rise edge)
                                                     40.000    40.000 r  
    H16                                               0.000    40.000 r  CLK100MHZ (IN)
                         net (fo=0)                   0.000    40.000    CLK100MHZ
    H16                  IBUF (Prop_ibuf_I_O)         1.380    41.380 r  CLK100MHZ_IBUF_inst/O
                         net (fo=1, unplaced)         0.439    41.819    CLK100MHZ_IBUF
                         MMCME2_ADV (Prop_mmcme2_adv_CLKIN1_CLKOUT0)
                                                     -5.378    36.442 r  gen_pynq_clk_25m.u_clk_mmcm/CLKOUT0
                         net (fo=1, unplaced)         0.760    37.201    gen_pynq_clk_25m.clkout0
                         BUFG (Prop_bufg_I_O)         0.091    37.292 r  gen_pynq_clk_25m.u_cpu_clk_bufg/O
                         net (fo=3949, unplaced)      0.439    37.731    u_soc/cpu_clk
                         FDPE                                         r  u_soc/timer_cmp_r_reg[0]/C
                         clock pessimism              0.530    38.262    
                         clock uncertainty           -0.088    38.174    
                         FDPE (Recov_fdpe_C_PRE)     -0.394    37.780    u_soc/timer_cmp_r_reg[0]
  -------------------------------------------------------------------
                         required time                         37.780    
                         arrival time                          -2.023    
  -------------------------------------------------------------------
                         slack                                 35.757    





Min Delay Paths
--------------------------------------------------------------------------------------
Slack (MET) :             0.747ns  (arrival time - required time)
  Source:                 reset_sync_r_reg[1]/C
                            (rising edge-triggered cell FDCE clocked by gen_pynq_clk_25m.clkout0  {rise@0.000ns fall@20.000ns period=40.000ns})
  Destination:            u_uart_tx/baud_cnt_r_reg[0]/CLR
                            (removal check against rising-edge clock gen_pynq_clk_25m.clkout0  {rise@0.000ns fall@20.000ns period=40.000ns})
  Path Group:             **async_default**
  Path Type:              Removal (Min at Fast Process Corner)
  Requirement:            0.000ns  (gen_pynq_clk_25m.clkout0 rise@0.000ns - gen_pynq_clk_25m.clkout0 rise@0.000ns)
  Data Path Delay:        0.804ns  (logic 0.245ns (30.475%)  route 0.559ns (69.525%))
  Logic Levels:           1  (LUT6=1)
  Clock Path Skew:        0.145ns (DCD - SCD - CPR)
    Destination Clock Delay (DCD):    -1.102ns
    Source Clock Delay      (SCD):    -0.966ns
    Clock Pessimism Removal (CPR):    -0.280ns

    Location             Delay type                Incr(ns)  Path(ns)    Netlist Resource(s)
  -------------------------------------------------------------------    -------------------
                         (clock gen_pynq_clk_25m.clkout0 rise edge)
                                                      0.000     0.000 r  
    H16                                               0.000     0.000 r  CLK100MHZ (IN)
                         net (fo=0)                   0.000     0.000    CLK100MHZ
    H16                  IBUF (Prop_ibuf_I_O)         0.219     0.219 r  CLK100MHZ_IBUF_inst/O
                         net (fo=1, unplaced)         0.114     0.333    CLK100MHZ_IBUF
                         MMCME2_ADV (Prop_mmcme2_adv_CLKIN1_CLKOUT0)
                                                     -1.776    -1.443 r  gen_pynq_clk_25m.u_clk_mmcm/CLKOUT0
                         net (fo=1, unplaced)         0.337    -1.106    gen_pynq_clk_25m.clkout0
                         BUFG (Prop_bufg_I_O)         0.026    -1.080 r  gen_pynq_clk_25m.u_cpu_clk_bufg/O
                         net (fo=3949, unplaced)      0.114    -0.966    cpu_clk
                         FDCE                                         r  reset_sync_r_reg[1]/C
  -------------------------------------------------------------------    -------------------
                         FDCE (Prop_fdce_C_Q)         0.147    -0.819 r  reset_sync_r_reg[1]/Q
                         net (fo=3, unplaced)         0.206    -0.614    u_uart_tx/Q[1]
                         LUT6 (Prop_lut6_I4_O)        0.098    -0.516 f  u_uart_tx/baud_cnt_r[7]_i_3/O
                         net (fo=22, unplaced)        0.353    -0.162    u_uart_tx/baud_cnt_r[7]_i_3_n_0
                         FDCE                                         f  u_uart_tx/baud_cnt_r_reg[0]/CLR
  -------------------------------------------------------------------    -------------------

                         (clock gen_pynq_clk_25m.clkout0 rise edge)
                                                      0.000     0.000 r  
    H16                                               0.000     0.000 r  CLK100MHZ (IN)
                         net (fo=0)                   0.000     0.000    CLK100MHZ
    H16                  IBUF (Prop_ibuf_I_O)         0.406     0.406 r  CLK100MHZ_IBUF_inst/O
                         net (fo=1, unplaced)         0.259     0.665    CLK100MHZ_IBUF
                         MMCME2_ADV (Prop_mmcme2_adv_CLKIN1_CLKOUT0)
                                                     -2.410    -1.744 r  gen_pynq_clk_25m.u_clk_mmcm/CLKOUT0
                         net (fo=1, unplaced)         0.355    -1.390    gen_pynq_clk_25m.clkout0
                         BUFG (Prop_bufg_I_O)         0.029    -1.361 r  gen_pynq_clk_25m.u_cpu_clk_bufg/O
                         net (fo=3949, unplaced)      0.259    -1.102    u_uart_tx/CLK
                         FDCE                                         r  u_uart_tx/baud_cnt_r_reg[0]/C
                         clock pessimism              0.280    -0.821    
                         FDCE (Remov_fdce_C_CLR)     -0.088    -0.909    u_uart_tx/baud_cnt_r_reg[0]
  -------------------------------------------------------------------
                         required time                          0.909    
                         arrival time                          -0.162    
  -------------------------------------------------------------------
                         slack                                  0.747    





