Copyright 1986-2022 Xilinx, Inc. All Rights Reserved. Copyright 2022-2025 Advanced Micro Devices, Inc. All Rights Reserved.
---------------------------------------------------------------------------------------------------------------------------------------------
| Tool Version : Vivado v.2025.2 (win64) Build 6299465 Fri Nov 14 19:35:11 GMT 2025
| Date         : Tue Apr  7 20:59:16 2026
| Host         : Toylog_desktop running 64-bit major release  (build 9200)
| Command      : report_timing_summary -file V:/project/reports/clk_20p000ns/impl_timing_summary.rpt
| Design       : YH_rv_cpu_fpga_top
| Device       : 7a100t-csg324
| Speed File   : -1  PRODUCTION 1.23 2018-06-13
| Design State : Physopt postRoute
---------------------------------------------------------------------------------------------------------------------------------------------

Timing Summary Report

------------------------------------------------------------------------------------------------
| Timer Settings
| --------------
------------------------------------------------------------------------------------------------

  Enable Multi Corner Analysis               :  Yes
  Enable Pessimism Removal                   :  Yes
  Pessimism Removal Resolution               :  Nearest Common Node
  Enable Input Delay Default Clock           :  No
  Enable Preset / Clear Arcs                 :  No
  Disable Flight Delays                      :  No
  Ignore I/O Paths                           :  No
  Timing Early Launch at Borrowing Latches   :  No
  Borrow Time for Max Delay Exceptions       :  Yes
  Merge Timing Exceptions                    :  Yes
  Inter-SLR Compensation                     :  Conservative

  Corner  Analyze    Analyze    
  Name    Max Paths  Min Paths  
  ------  ---------  ---------  
  Slow    Yes        Yes        
  Fast    Yes        Yes        


------------------------------------------------------------------------------------------------
| Report Methodology
| ------------------
------------------------------------------------------------------------------------------------

No report available as report_methodology has not been run prior. Run report_methodology on the current design for the summary of methodology violations.



check_timing report

Table of Contents
-----------------
1. checking no_clock (0)
2. checking constant_clock (0)
3. checking pulse_width_clock (0)
4. checking unconstrained_internal_endpoints (0)
5. checking no_input_delay (1)
6. checking no_output_delay (4)
7. checking multiple_clock (0)
8. checking generated_clocks (0)
9. checking loops (0)
10. checking partial_input_delay (0)
11. checking partial_output_delay (0)
12. checking latch_loops (0)

1. checking no_clock (0)
------------------------
 There are 0 register/latch pins with no clock.


2. checking constant_clock (0)
------------------------------
 There are 0 register/latch pins with constant_clock.


3. checking pulse_width_clock (0)
---------------------------------
 There are 0 register/latch pins which need pulse_width check


4. checking unconstrained_internal_endpoints (0)
------------------------------------------------
 There are 0 pins that are not constrained for maximum delay.

 There are 0 pins that are not constrained for maximum delay due to constant clock.


5. checking no_input_delay (1)
------------------------------
 There is 1 input port with no input delay specified. (HIGH)

 There are 0 input ports with no input delay but user has a false path constraint.


6. checking no_output_delay (4)
-------------------------------
 There are 4 ports with no output delay specified. (HIGH)

 There are 0 ports with no output delay but user has a false path constraint

 There are 0 ports with no output delay but with a timing clock defined on it or propagating through it


7. checking multiple_clock (0)
------------------------------
 There are 0 register/latch pins with multiple clocks.


8. checking generated_clocks (0)
--------------------------------
 There are 0 generated clocks that are not connected to a clock source.


9. checking loops (0)
---------------------
 There are 0 combinational loops in the design.


10. checking partial_input_delay (0)
------------------------------------
 There are 0 input ports with partial input delay specified.


11. checking partial_output_delay (0)
-------------------------------------
 There are 0 ports with partial output delay specified.


12. checking latch_loops (0)
----------------------------
 There are 0 combinational latch loops in the design through latch input



------------------------------------------------------------------------------------------------
| Design Timing Summary
| ---------------------
------------------------------------------------------------------------------------------------

    WNS(ns)      TNS(ns)  TNS Failing Endpoints  TNS Total Endpoints      WHS(ns)      THS(ns)  THS Failing Endpoints  THS Total Endpoints     WPWS(ns)     TPWS(ns)  TPWS Failing Endpoints  TPWS Total Endpoints  
    -------      -------  ---------------------  -------------------      -------      -------  ---------------------  -------------------     --------     --------  ----------------------  --------------------  
      5.599        0.000                      0                 6501        0.025        0.000                      0                 6501        9.500        0.000                       0                  2179  


All user specified timing constraints are met.


------------------------------------------------------------------------------------------------
| Clock Summary
| -------------
------------------------------------------------------------------------------------------------

Clock    Waveform(ns)       Period(ns)      Frequency(MHz)
-----    ------------       ----------      --------------
sys_clk  {0.000 10.000}     20.000          50.000          


------------------------------------------------------------------------------------------------
| Intra Clock Table
| -----------------
------------------------------------------------------------------------------------------------

Clock             WNS(ns)      TNS(ns)  TNS Failing Endpoints  TNS Total Endpoints      WHS(ns)      THS(ns)  THS Failing Endpoints  THS Total Endpoints     WPWS(ns)     TPWS(ns)  TPWS Failing Endpoints  TPWS Total Endpoints  
-----             -------      -------  ---------------------  -------------------      -------      -------  ---------------------  -------------------     --------     --------  ----------------------  --------------------  
sys_clk             5.599        0.000                      0                 4340        0.025        0.000                      0                 4340        9.500        0.000                       0                  2179  


------------------------------------------------------------------------------------------------
| Inter Clock Table
| -----------------
------------------------------------------------------------------------------------------------

From Clock    To Clock          WNS(ns)      TNS(ns)  TNS Failing Endpoints  TNS Total Endpoints      WHS(ns)      THS(ns)  THS Failing Endpoints  THS Total Endpoints  
----------    --------          -------      -------  ---------------------  -------------------      -------      -------  ---------------------  -------------------  


------------------------------------------------------------------------------------------------
| Other Path Groups Table
| -----------------------
------------------------------------------------------------------------------------------------

Path Group         From Clock         To Clock               WNS(ns)      TNS(ns)  TNS Failing Endpoints  TNS Total Endpoints      WHS(ns)      THS(ns)  THS Failing Endpoints  THS Total Endpoints  
----------         ----------         --------               -------      -------  ---------------------  -------------------      -------      -------  ---------------------  -------------------  
**async_default**  sys_clk            sys_clk                  8.439        0.000                      0                 2161        0.655        0.000                      0                 2161  


------------------------------------------------------------------------------------------------
| Timing Details
| --------------
------------------------------------------------------------------------------------------------


---------------------------------------------------------------------------------------------------
From Clock:  sys_clk
  To Clock:  sys_clk

Setup :            0  Failing Endpoints,  Worst Slack        5.599ns,  Total Violation        0.000ns
Hold  :            0  Failing Endpoints,  Worst Slack        0.025ns,  Total Violation        0.000ns
PW    :            0  Failing Endpoints,  Worst Slack        9.500ns,  Total Violation        0.000ns
---------------------------------------------------------------------------------------------------


Max Delay Paths
--------------------------------------------------------------------------------------
Slack (MET) :             5.599ns  (required time - arrival time)
  Source:                 u_soc/u_cpu/mem_wb_rd_addr_r_reg[4]_rep__2/C
                            (rising edge-triggered cell FDCE clocked by sys_clk  {rise@0.000ns fall@10.000ns period=20.000ns})
  Destination:            u_soc/u_cpu/id_ex_alu_op_r_reg[1]_rep__0/CE
                            (rising edge-triggered cell FDCE clocked by sys_clk  {rise@0.000ns fall@10.000ns period=20.000ns})
  Path Group:             sys_clk
  Path Type:              Setup (Max at Slow Process Corner)
  Requirement:            20.000ns  (sys_clk rise@20.000ns - sys_clk rise@0.000ns)
  Data Path Delay:        14.073ns  (logic 2.923ns (20.770%)  route 11.150ns (79.230%))
  Logic Levels:           13  (CARRY4=3 LUT2=1 LUT3=1 LUT4=4 LUT6=4)
  Clock Path Skew:        -0.123ns (DCD - SCD + CPR)
    Destination Clock Delay (DCD):    4.898ns = ( 24.898 - 20.000 ) 
    Source Clock Delay      (SCD):    5.209ns
    Clock Pessimism Removal (CPR):    0.188ns
  Clock Uncertainty:      0.035ns  ((TSJ^2 + TIJ^2)^1/2 + DJ) / 2 + PE
    Total System Jitter     (TSJ):    0.071ns
    Total Input Jitter      (TIJ):    0.000ns
    Discrete Jitter          (DJ):    0.000ns
    Phase Error              (PE):    0.000ns

    Location             Delay type                Incr(ns)  Path(ns)    Netlist Resource(s)
  -------------------------------------------------------------------    -------------------
                         (clock sys_clk rise edge)    0.000     0.000 r  
    E3                                                0.000     0.000 r  CLK100MHZ (IN)
                         net (fo=0)                   0.000     0.000    CLK100MHZ
    E3                   IBUF (Prop_ibuf_I_O)         1.482     1.482 r  CLK100MHZ_IBUF_inst/O
                         net (fo=1, routed)           2.025     3.506    CLK100MHZ_IBUF
    BUFGCTRL_X0Y16       BUFG (Prop_bufg_I_O)         0.096     3.602 r  CLK100MHZ_IBUF_BUFG_inst/O
                         net (fo=2178, routed)        1.607     5.209    u_soc/u_cpu/CLK100MHZ_IBUF_BUFG
    SLICE_X48Y118        FDCE                                         r  u_soc/u_cpu/mem_wb_rd_addr_r_reg[4]_rep__2/C
  -------------------------------------------------------------------    -------------------
    SLICE_X48Y118        FDCE (Prop_fdce_C_Q)         0.456     5.665 r  u_soc/u_cpu/mem_wb_rd_addr_r_reg[4]_rep__2/Q
                         net (fo=5, routed)           0.825     6.490    u_soc/u_cpu_n_243
    SLICE_X48Y118        LUT2 (Prop_lut2_I0_O)        0.124     6.614 r  u_soc/regs[0][31]_i_5/O
                         net (fo=2, routed)           0.594     7.208    u_soc/u_cpu/u_ex_stage/u_alu/i__carry__6_i_9_0
    SLICE_X48Y117        LUT6 (Prop_lut6_I4_O)        0.124     7.332 r  u_soc/u_cpu/u_ex_stage/u_alu/i__carry_i_14/O
                         net (fo=42, routed)          1.979     9.311    u_soc/u_cpu/u_ex_stage/u_alu/mem_wb_valid_r_reg
    SLICE_X62Y123        LUT6 (Prop_lut6_I2_O)        0.124     9.435 r  u_soc/u_cpu/u_ex_stage/u_alu/i__carry__1_i_10/O
                         net (fo=5, routed)           1.609    11.044    u_soc/u_cpu/u_ex_stage/u_alu/id_ex_rs1_value_r_reg[10]
    SLICE_X46Y125        LUT4 (Prop_lut4_I1_O)        0.157    11.201 f  u_soc/u_cpu/u_ex_stage/u_alu/lt_carry__0_i_16/O
                         net (fo=18, routed)          0.766    11.967    u_soc/u_cpu/u_ex_stage/u_alu/id_ex_pc_r_reg[10]
    SLICE_X49Y124        LUT4 (Prop_lut4_I0_O)        0.355    12.322 r  u_soc/u_cpu/u_ex_stage/u_alu/lt_carry__0_i_3/O
                         net (fo=2, routed)           0.537    12.859    u_soc/u_cpu/u_ex_stage/u_alu/lt_carry__0_i_3_n_0
    SLICE_X51Y126        CARRY4 (Prop_carry4_DI[1]_CO[3])
                                                      0.507    13.366 r  u_soc/u_cpu/u_ex_stage/u_alu/lt_carry__0/CO[3]
                         net (fo=1, routed)           0.000    13.366    u_soc/u_cpu/u_ex_stage/u_alu/lt_carry__0_n_0
    SLICE_X51Y127        CARRY4 (Prop_carry4_CI_CO[3])
                                                      0.114    13.480 r  u_soc/u_cpu/u_ex_stage/u_alu/lt_carry__1/CO[3]
                         net (fo=1, routed)           0.000    13.480    u_soc/u_cpu/u_ex_stage/u_alu/lt_carry__1_n_0
    SLICE_X51Y128        CARRY4 (Prop_carry4_CI_CO[3])
                                                      0.114    13.594 r  u_soc/u_cpu/u_ex_stage/u_alu/lt_carry__2/CO[3]
                         net (fo=2, routed)           0.926    14.520    u_soc/u_cpu/u_ex_stage/u_alu/alu_lt
    SLICE_X45Y126        LUT6 (Prop_lut6_I0_O)        0.124    14.644 f  u_soc/u_cpu/u_ex_stage/u_alu/fetch_buf1_valid_r_bret__0_i_14/O
                         net (fo=1, routed)           0.550    15.194    u_soc/u_cpu/u_ex_stage/u_alu/fetch_buf1_valid_r_bret__0_i_14_n_0
    SLICE_X43Y126        LUT3 (Prop_lut3_I2_O)        0.124    15.318 f  u_soc/u_cpu/u_ex_stage/u_alu/fetch_buf1_valid_r_bret__0_i_4/O
                         net (fo=5, routed)           0.687    16.005    u_soc/u_cpu/u_ex_stage/u_alu/fetch_buf1_valid_r_bret__0_i_4_n_0
    SLICE_X42Y126        LUT4 (Prop_lut4_I1_O)        0.148    16.153 f  u_soc/u_cpu/u_ex_stage/u_alu/ex_decode_flush_valid_inst_rep_i_1/O
                         net (fo=17, routed)          0.695    16.848    u_soc/u_cpu/u_ex_stage/u_alu/id_ex_mret_r_reg
    SLICE_X41Y122        LUT6 (Prop_lut6_I0_O)        0.328    17.176 f  u_soc/u_cpu/u_ex_stage/u_alu/ex_decode_flush_valid_inst__0__1/O
                         net (fo=147, routed)         0.924    18.100    u_soc/u_cpu/u_ex_stage/u_alu/id_ex_valid_r_reg
    SLICE_X47Y118        LUT4 (Prop_lut4_I3_O)        0.124    18.224 r  u_soc/u_cpu/u_ex_stage/u_alu/id_ex_ecall_r_i_1/O
                         net (fo=90, routed)          1.058    19.282    u_soc/u_cpu/u_ex_stage_n_29
    SLICE_X54Y121        FDCE                                         r  u_soc/u_cpu/id_ex_alu_op_r_reg[1]_rep__0/CE
  -------------------------------------------------------------------    -------------------

                         (clock sys_clk rise edge)   20.000    20.000 r  
    E3                                                0.000    20.000 r  CLK100MHZ (IN)
                         net (fo=0)                   0.000    20.000    CLK100MHZ
    E3                   IBUF (Prop_ibuf_I_O)         1.411    21.411 r  CLK100MHZ_IBUF_inst/O
                         net (fo=1, routed)           1.920    23.331    CLK100MHZ_IBUF
    BUFGCTRL_X0Y16       BUFG (Prop_bufg_I_O)         0.091    23.422 r  CLK100MHZ_IBUF_BUFG_inst/O
                         net (fo=2178, routed)        1.476    24.898    u_soc/u_cpu/CLK100MHZ_IBUF_BUFG
    SLICE_X54Y121        FDCE                                         r  u_soc/u_cpu/id_ex_alu_op_r_reg[1]_rep__0/C
                         clock pessimism              0.188    25.086    
                         clock uncertainty           -0.035    25.051    
    SLICE_X54Y121        FDCE (Setup_fdce_C_CE)      -0.169    24.882    u_soc/u_cpu/id_ex_alu_op_r_reg[1]_rep__0
  -------------------------------------------------------------------
                         required time                         24.882    
                         arrival time                         -19.282    
  -------------------------------------------------------------------
                         slack                                  5.599    





Min Delay Paths
--------------------------------------------------------------------------------------
Slack (MET) :             0.025ns  (arrival time - required time)
  Source:                 u_soc/u_cpu/ex_mem_exec_result_r_reg[0]/C
                            (rising edge-triggered cell FDCE clocked by sys_clk  {rise@0.000ns fall@10.000ns period=20.000ns})
  Destination:            u_soc/u_cpu/mem_wb_exec_result_r_reg[0]/D
                            (rising edge-triggered cell FDCE clocked by sys_clk  {rise@0.000ns fall@10.000ns period=20.000ns})
  Path Group:             sys_clk
  Path Type:              Hold (Min at Fast Process Corner)
  Requirement:            0.000ns  (sys_clk rise@0.000ns - sys_clk rise@0.000ns)
  Data Path Delay:        0.349ns  (logic 0.164ns (46.988%)  route 0.185ns (53.012%))
  Logic Levels:           0  
  Clock Path Skew:        0.264ns (DCD - SCD - CPR)
    Destination Clock Delay (DCD):    1.983ns
    Source Clock Delay      (SCD):    1.468ns
    Clock Pessimism Removal (CPR):    0.250ns

    Location             Delay type                Incr(ns)  Path(ns)    Netlist Resource(s)
  -------------------------------------------------------------------    -------------------
                         (clock sys_clk rise edge)    0.000     0.000 r  
    E3                                                0.000     0.000 r  CLK100MHZ (IN)
                         net (fo=0)                   0.000     0.000    CLK100MHZ
    E3                   IBUF (Prop_ibuf_I_O)         0.250     0.250 r  CLK100MHZ_IBUF_inst/O
                         net (fo=1, routed)           0.644     0.894    CLK100MHZ_IBUF
    BUFGCTRL_X0Y16       BUFG (Prop_bufg_I_O)         0.026     0.920 r  CLK100MHZ_IBUF_BUFG_inst/O
                         net (fo=2178, routed)        0.549     1.468    u_soc/u_cpu/CLK100MHZ_IBUF_BUFG
    SLICE_X56Y121        FDCE                                         r  u_soc/u_cpu/ex_mem_exec_result_r_reg[0]/C
  -------------------------------------------------------------------    -------------------
    SLICE_X56Y121        FDCE (Prop_fdce_C_Q)         0.164     1.632 r  u_soc/u_cpu/ex_mem_exec_result_r_reg[0]/Q
                         net (fo=2, routed)           0.185     1.817    u_soc/u_cpu/ex_mem_exec_result_r[0]
    SLICE_X50Y120        FDCE                                         r  u_soc/u_cpu/mem_wb_exec_result_r_reg[0]/D
  -------------------------------------------------------------------    -------------------

                         (clock sys_clk rise edge)    0.000     0.000 r  
    E3                                                0.000     0.000 r  CLK100MHZ (IN)
                         net (fo=0)                   0.000     0.000    CLK100MHZ
    E3                   IBUF (Prop_ibuf_I_O)         0.438     0.438 r  CLK100MHZ_IBUF_inst/O
                         net (fo=1, routed)           0.699     1.136    CLK100MHZ_IBUF
    BUFGCTRL_X0Y16       BUFG (Prop_bufg_I_O)         0.029     1.165 r  CLK100MHZ_IBUF_BUFG_inst/O
                         net (fo=2178, routed)        0.818     1.983    u_soc/u_cpu/CLK100MHZ_IBUF_BUFG
    SLICE_X50Y120        FDCE                                         r  u_soc/u_cpu/mem_wb_exec_result_r_reg[0]/C
                         clock pessimism             -0.250     1.732    
    SLICE_X50Y120        FDCE (Hold_fdce_C_D)         0.060     1.792    u_soc/u_cpu/mem_wb_exec_result_r_reg[0]
  -------------------------------------------------------------------
                         required time                         -1.792    
                         arrival time                           1.817    
  -------------------------------------------------------------------
                         slack                                  0.025    





Pulse Width Checks
--------------------------------------------------------------------------------------
Clock Name:         sys_clk
Waveform(ns):       { 0.000 10.000 }
Period(ns):         20.000
Sources:            { CLK100MHZ }

Check Type        Corner  Lib Pin             Reference Pin  Required(ns)  Actual(ns)  Slack(ns)  Location       Pin
Min Period        n/a     RAMB36E1/CLKARDCLK  n/a            2.944         20.000      17.056     RAMB36_X0Y21   u_soc/u_dmem_ram/g_sync_ram.ram_mem_reg_0/CLKARDCLK
Low Pulse Width   Slow    FDCE/C              n/a            0.500         10.000      9.500      SLICE_X28Y142  reset_sync_r_reg[0]/C
High Pulse Width  Slow    FDCE/C              n/a            0.500         10.000      9.500      SLICE_X28Y142  reset_sync_r_reg[0]/C



---------------------------------------------------------------------------------------------------
Path Group:  **async_default**
From Clock:  sys_clk
  To Clock:  sys_clk

Setup :            0  Failing Endpoints,  Worst Slack        8.439ns,  Total Violation        0.000ns
Hold  :            0  Failing Endpoints,  Worst Slack        0.655ns,  Total Violation        0.000ns
---------------------------------------------------------------------------------------------------


Max Delay Paths
--------------------------------------------------------------------------------------
Slack (MET) :             8.439ns  (required time - arrival time)
  Source:                 reset_sync_r_reg[6]/C
                            (rising edge-triggered cell FDCE clocked by sys_clk  {rise@0.000ns fall@10.000ns period=20.000ns})
  Destination:            u_soc/u_cpu/u_regfile/regs_reg[6][3]/CLR
                            (recovery check against rising-edge clock sys_clk  {rise@0.000ns fall@10.000ns period=20.000ns})
  Path Group:             **async_default**
  Path Type:              Recovery (Max at Slow Process Corner)
  Requirement:            20.000ns  (sys_clk rise@20.000ns - sys_clk rise@0.000ns)
  Data Path Delay:        10.780ns  (logic 0.732ns (6.790%)  route 10.048ns (93.210%))
  Logic Levels:           2  (LUT4=1 LUT5=1)
  Clock Path Skew:        -0.138ns (DCD - SCD + CPR)
    Destination Clock Delay (DCD):    4.901ns = ( 24.901 - 20.000 ) 
    Source Clock Delay      (SCD):    5.227ns
    Clock Pessimism Removal (CPR):    0.188ns
  Clock Uncertainty:      0.035ns  ((TSJ^2 + TIJ^2)^1/2 + DJ) / 2 + PE
    Total System Jitter     (TSJ):    0.071ns
    Total Input Jitter      (TIJ):    0.000ns
    Discrete Jitter          (DJ):    0.000ns
    Phase Error              (PE):    0.000ns

    Location             Delay type                Incr(ns)  Path(ns)    Netlist Resource(s)
  -------------------------------------------------------------------    -------------------
                         (clock sys_clk rise edge)    0.000     0.000 r  
    E3                                                0.000     0.000 r  CLK100MHZ (IN)
                         net (fo=0)                   0.000     0.000    CLK100MHZ
    E3                   IBUF (Prop_ibuf_I_O)         1.482     1.482 r  CLK100MHZ_IBUF_inst/O
                         net (fo=1, routed)           2.025     3.506    CLK100MHZ_IBUF
    BUFGCTRL_X0Y16       BUFG (Prop_bufg_I_O)         0.096     3.602 r  CLK100MHZ_IBUF_BUFG_inst/O
                         net (fo=2178, routed)        1.625     5.227    CLK100MHZ_IBUF_BUFG
    SLICE_X28Y141        FDCE                                         r  reset_sync_r_reg[6]/C
  -------------------------------------------------------------------    -------------------
    SLICE_X28Y141        FDCE (Prop_fdce_C_Q)         0.456     5.683 r  reset_sync_r_reg[6]/Q
                         net (fo=2, routed)           1.099     6.782    u_soc/u_cpu/u_regfile/Q[6]
    SLICE_X28Y141        LUT4 (Prop_lut4_I3_O)        0.124     6.906 f  u_soc/u_cpu/u_regfile/led_OBUF[0]_inst_i_2/O
                         net (fo=2, routed)           0.890     7.797    u_soc/u_cpu/u_regfile/reset_sync_r_reg[5]
    SLICE_X28Y141        LUT5 (Prop_lut5_I0_O)        0.152     7.949 f  u_soc/u_cpu/u_regfile/regs[0][31]_i_3/O
                         net (fo=2161, routed)        8.059    16.008    u_soc/u_cpu/u_regfile/reset_sync_r_reg[1]
    SLICE_X64Y125        FDCE                                         f  u_soc/u_cpu/u_regfile/regs_reg[6][3]/CLR
  -------------------------------------------------------------------    -------------------

                         (clock sys_clk rise edge)   20.000    20.000 r  
    E3                                                0.000    20.000 r  CLK100MHZ (IN)
                         net (fo=0)                   0.000    20.000    CLK100MHZ
    E3                   IBUF (Prop_ibuf_I_O)         1.411    21.411 r  CLK100MHZ_IBUF_inst/O
                         net (fo=1, routed)           1.920    23.331    CLK100MHZ_IBUF
    BUFGCTRL_X0Y16       BUFG (Prop_bufg_I_O)         0.091    23.422 r  CLK100MHZ_IBUF_BUFG_inst/O
                         net (fo=2178, routed)        1.479    24.901    u_soc/u_cpu/u_regfile/CLK100MHZ_IBUF_BUFG
    SLICE_X64Y125        FDCE                                         r  u_soc/u_cpu/u_regfile/regs_reg[6][3]/C
                         clock pessimism              0.188    25.089    
                         clock uncertainty           -0.035    25.054    
    SLICE_X64Y125        FDCE (Recov_fdce_C_CLR)     -0.607    24.447    u_soc/u_cpu/u_regfile/regs_reg[6][3]
  -------------------------------------------------------------------
                         required time                         24.447    
                         arrival time                         -16.008    
  -------------------------------------------------------------------
                         slack                                  8.439    





Min Delay Paths
--------------------------------------------------------------------------------------
Slack (MET) :             0.655ns  (arrival time - required time)
  Source:                 reset_sync_r_reg[1]/C
                            (rising edge-triggered cell FDCE clocked by sys_clk  {rise@0.000ns fall@10.000ns period=20.000ns})
  Destination:            u_soc/u_cpu/u_regfile/regs_reg[11][27]/CLR
                            (removal check against rising-edge clock sys_clk  {rise@0.000ns fall@10.000ns period=20.000ns})
  Path Group:             **async_default**
  Path Type:              Removal (Min at Fast Process Corner)
  Requirement:            0.000ns  (sys_clk rise@0.000ns - sys_clk rise@0.000ns)
  Data Path Delay:        0.537ns  (logic 0.189ns (35.216%)  route 0.348ns (64.784%))
  Logic Levels:           1  (LUT5=1)
  Clock Path Skew:        0.036ns (DCD - SCD - CPR)
    Destination Clock Delay (DCD):    2.000ns
    Source Clock Delay      (SCD):    1.484ns
    Clock Pessimism Removal (CPR):    0.479ns

    Location             Delay type                Incr(ns)  Path(ns)    Netlist Resource(s)
  -------------------------------------------------------------------    -------------------
                         (clock sys_clk rise edge)    0.000     0.000 r  
    E3                                                0.000     0.000 r  CLK100MHZ (IN)
                         net (fo=0)                   0.000     0.000    CLK100MHZ
    E3                   IBUF (Prop_ibuf_I_O)         0.250     0.250 r  CLK100MHZ_IBUF_inst/O
                         net (fo=1, routed)           0.644     0.894    CLK100MHZ_IBUF
    BUFGCTRL_X0Y16       BUFG (Prop_bufg_I_O)         0.026     0.920 r  CLK100MHZ_IBUF_BUFG_inst/O
                         net (fo=2178, routed)        0.565     1.484    CLK100MHZ_IBUF_BUFG
    SLICE_X29Y141        FDCE                                         r  reset_sync_r_reg[1]/C
  -------------------------------------------------------------------    -------------------
    SLICE_X29Y141        FDCE (Prop_fdce_C_Q)         0.141     1.625 r  reset_sync_r_reg[1]/Q
                         net (fo=3, routed)           0.109     1.734    u_soc/u_cpu/u_regfile/Q[1]
    SLICE_X28Y141        LUT5 (Prop_lut5_I1_O)        0.048     1.782 f  u_soc/u_cpu/u_regfile/regs[0][31]_i_3/O
                         net (fo=2161, routed)        0.239     2.021    u_soc/u_cpu/u_regfile/reset_sync_r_reg[1]
    SLICE_X33Y141        FDCE                                         f  u_soc/u_cpu/u_regfile/regs_reg[11][27]/CLR
  -------------------------------------------------------------------    -------------------

                         (clock sys_clk rise edge)    0.000     0.000 r  
    E3                                                0.000     0.000 r  CLK100MHZ (IN)
                         net (fo=0)                   0.000     0.000    CLK100MHZ
    E3                   IBUF (Prop_ibuf_I_O)         0.438     0.438 r  CLK100MHZ_IBUF_inst/O
                         net (fo=1, routed)           0.699     1.136    CLK100MHZ_IBUF
    BUFGCTRL_X0Y16       BUFG (Prop_bufg_I_O)         0.029     1.165 r  CLK100MHZ_IBUF_BUFG_inst/O
                         net (fo=2178, routed)        0.835     2.000    u_soc/u_cpu/u_regfile/CLK100MHZ_IBUF_BUFG
    SLICE_X33Y141        FDCE                                         r  u_soc/u_cpu/u_regfile/regs_reg[11][27]/C
                         clock pessimism             -0.479     1.520    
    SLICE_X33Y141        FDCE (Remov_fdce_C_CLR)     -0.154     1.366    u_soc/u_cpu/u_regfile/regs_reg[11][27]
  -------------------------------------------------------------------
                         required time                         -1.366    
                         arrival time                           2.021    
  -------------------------------------------------------------------
                         slack                                  0.655    





