Copyright 1986-2022 Xilinx, Inc. All Rights Reserved. Copyright 2022-2025 Advanced Micro Devices, Inc. All Rights Reserved.
---------------------------------------------------------------------------------------------------------------------------------------------
| Tool Version : Vivado v.2025.2 (win64) Build 6299465 Fri Nov 14 19:35:11 GMT 2025
| Date         : Tue Apr  7 20:58:12 2026
| Host         : Toylog_desktop running 64-bit major release  (build 9200)
| Command      : report_timing_summary -file V:/project/reports/clk_20p000ns/synth_timing_summary.rpt
| Design       : YH_rv_cpu_fpga_top
| Device       : 7a100t-csg324
| Speed File   : -1  PRODUCTION 1.23 2018-06-13
| Design State : Synthesized
---------------------------------------------------------------------------------------------------------------------------------------------

Timing Summary Report

------------------------------------------------------------------------------------------------
| Timer Settings
| --------------
------------------------------------------------------------------------------------------------

  Enable Multi Corner Analysis               :  Yes
  Enable Pessimism Removal                   :  Yes
  Pessimism Removal Resolution               :  Nearest Common Node
  Enable Input Delay Default Clock           :  No
  Enable Preset / Clear Arcs                 :  No
  Disable Flight Delays                      :  No
  Ignore I/O Paths                           :  No
  Timing Early Launch at Borrowing Latches   :  No
  Borrow Time for Max Delay Exceptions       :  Yes
  Merge Timing Exceptions                    :  Yes
  Inter-SLR Compensation                     :  Conservative

  Corner  Analyze    Analyze    
  Name    Max Paths  Min Paths  
  ------  ---------  ---------  
  Slow    Yes        Yes        
  Fast    Yes        Yes        


------------------------------------------------------------------------------------------------
| Report Methodology
| ------------------
------------------------------------------------------------------------------------------------

No report available as report_methodology has not been run prior. Run report_methodology on the current design for the summary of methodology violations.



check_timing report

Table of Contents
-----------------
1. checking no_clock (0)
2. checking constant_clock (0)
3. checking pulse_width_clock (0)
4. checking unconstrained_internal_endpoints (0)
5. checking no_input_delay (1)
6. checking no_output_delay (4)
7. checking multiple_clock (0)
8. checking generated_clocks (0)
9. checking loops (0)
10. checking partial_input_delay (0)
11. checking partial_output_delay (0)
12. checking latch_loops (0)

1. checking no_clock (0)
------------------------
 There are 0 register/latch pins with no clock.


2. checking constant_clock (0)
------------------------------
 There are 0 register/latch pins with constant_clock.


3. checking pulse_width_clock (0)
---------------------------------
 There are 0 register/latch pins which need pulse_width check


4. checking unconstrained_internal_endpoints (0)
------------------------------------------------
 There are 0 pins that are not constrained for maximum delay.

 There are 0 pins that are not constrained for maximum delay due to constant clock.


5. checking no_input_delay (1)
------------------------------
 There is 1 input port with no input delay specified. (HIGH)

 There are 0 input ports with no input delay but user has a false path constraint.


6. checking no_output_delay (4)
-------------------------------
 There are 4 ports with no output delay specified. (HIGH)

 There are 0 ports with no output delay but user has a false path constraint

 There are 0 ports with no output delay but with a timing clock defined on it or propagating through it


7. checking multiple_clock (0)
------------------------------
 There are 0 register/latch pins with multiple clocks.


8. checking generated_clocks (0)
--------------------------------
 There are 0 generated clocks that are not connected to a clock source.


9. checking loops (0)
---------------------
 There are 0 combinational loops in the design.


10. checking partial_input_delay (0)
------------------------------------
 There are 0 input ports with partial input delay specified.


11. checking partial_output_delay (0)
-------------------------------------
 There are 0 ports with partial output delay specified.


12. checking latch_loops (0)
----------------------------
 There are 0 combinational latch loops in the design through latch input



------------------------------------------------------------------------------------------------
| Design Timing Summary
| ---------------------
------------------------------------------------------------------------------------------------

    WNS(ns)      TNS(ns)  TNS Failing Endpoints  TNS Total Endpoints      WHS(ns)      THS(ns)  THS Failing Endpoints  THS Total Endpoints     WPWS(ns)     TPWS(ns)  TPWS Failing Endpoints  TPWS Total Endpoints  
    -------      -------  ---------------------  -------------------      -------      -------  ---------------------  -------------------     --------     --------  ----------------------  --------------------  
      9.269        0.000                      0                 6498        0.132        0.000                      0                 6498        9.500        0.000                       0                  2178  


All user specified timing constraints are met.


------------------------------------------------------------------------------------------------
| Clock Summary
| -------------
------------------------------------------------------------------------------------------------

Clock    Waveform(ns)       Period(ns)      Frequency(MHz)
-----    ------------       ----------      --------------
sys_clk  {0.000 10.000}     20.000          50.000          


------------------------------------------------------------------------------------------------
| Intra Clock Table
| -----------------
------------------------------------------------------------------------------------------------

Clock             WNS(ns)      TNS(ns)  TNS Failing Endpoints  TNS Total Endpoints      WHS(ns)      THS(ns)  THS Failing Endpoints  THS Total Endpoints     WPWS(ns)     TPWS(ns)  TPWS Failing Endpoints  TPWS Total Endpoints  
-----             -------      -------  ---------------------  -------------------      -------      -------  ---------------------  -------------------     --------     --------  ----------------------  --------------------  
sys_clk             9.269        0.000                      0                 4338        0.132        0.000                      0                 4338        9.500        0.000                       0                  2178  


------------------------------------------------------------------------------------------------
| Inter Clock Table
| -----------------
------------------------------------------------------------------------------------------------

From Clock    To Clock          WNS(ns)      TNS(ns)  TNS Failing Endpoints  TNS Total Endpoints      WHS(ns)      THS(ns)  THS Failing Endpoints  THS Total Endpoints  
----------    --------          -------      -------  ---------------------  -------------------      -------      -------  ---------------------  -------------------  


------------------------------------------------------------------------------------------------
| Other Path Groups Table
| -----------------------
------------------------------------------------------------------------------------------------

Path Group         From Clock         To Clock               WNS(ns)      TNS(ns)  TNS Failing Endpoints  TNS Total Endpoints      WHS(ns)      THS(ns)  THS Failing Endpoints  THS Total Endpoints  
----------         ----------         --------               -------      -------  ---------------------  -------------------      -------      -------  ---------------------  -------------------  
**async_default**  sys_clk            sys_clk                 16.547        0.000                      0                 2160        0.709        0.000                      0                 2160  


------------------------------------------------------------------------------------------------
| Timing Details
| --------------
------------------------------------------------------------------------------------------------


---------------------------------------------------------------------------------------------------
From Clock:  sys_clk
  To Clock:  sys_clk

Setup :            0  Failing Endpoints,  Worst Slack        9.269ns,  Total Violation        0.000ns
Hold  :            0  Failing Endpoints,  Worst Slack        0.132ns,  Total Violation        0.000ns
PW    :            0  Failing Endpoints,  Worst Slack        9.500ns,  Total Violation        0.000ns
---------------------------------------------------------------------------------------------------


Max Delay Paths
--------------------------------------------------------------------------------------
Slack (MET) :             9.269ns  (required time - arrival time)
  Source:                 u_soc/u_cpu/id_ex_rs2_addr_r_reg[2]/C
                            (rising edge-triggered cell FDCE clocked by sys_clk  {rise@0.000ns fall@10.000ns period=20.000ns})
  Destination:            u_soc/u_cpu/id_ex_alu_op_r_reg[0]/CE
                            (rising edge-triggered cell FDCE clocked by sys_clk  {rise@0.000ns fall@10.000ns period=20.000ns})
  Path Group:             sys_clk
  Path Type:              Setup (Max at Slow Process Corner)
  Requirement:            20.000ns  (sys_clk rise@20.000ns - sys_clk rise@0.000ns)
  Data Path Delay:        10.349ns  (logic 2.752ns (26.592%)  route 7.597ns (73.408%))
  Logic Levels:           15  (CARRY4=4 LUT3=2 LUT4=4 LUT6=5)
  Clock Path Skew:        -0.145ns (DCD - SCD + CPR)
    Destination Clock Delay (DCD):    2.704ns = ( 22.704 - 20.000 ) 
    Source Clock Delay      (SCD):    2.965ns
    Clock Pessimism Removal (CPR):    0.116ns
  Clock Uncertainty:      0.035ns  ((TSJ^2 + TIJ^2)^1/2 + DJ) / 2 + PE
    Total System Jitter     (TSJ):    0.071ns
    Total Input Jitter      (TIJ):    0.000ns
    Discrete Jitter          (DJ):    0.000ns
    Phase Error              (PE):    0.000ns

    Location             Delay type                Incr(ns)  Path(ns)    Netlist Resource(s)
  -------------------------------------------------------------------    -------------------
                         (clock sys_clk rise edge)    0.000     0.000 r  
    E3                                                0.000     0.000 r  CLK100MHZ (IN)
                         net (fo=0)                   0.000     0.000    CLK100MHZ
    E3                   IBUF (Prop_ibuf_I_O)         1.482     1.482 r  CLK100MHZ_IBUF_inst/O
                         net (fo=1, unplaced)         0.803     2.285    CLK100MHZ_IBUF
                         BUFG (Prop_bufg_I_O)         0.096     2.381 r  CLK100MHZ_IBUF_BUFG_inst/O
                         net (fo=2177, unplaced)      0.584     2.965    u_soc/u_cpu/CLK100MHZ_IBUF_BUFG
                         FDCE                                         r  u_soc/u_cpu/id_ex_rs2_addr_r_reg[2]/C
  -------------------------------------------------------------------    -------------------
                         FDCE (Prop_fdce_C_Q)         0.478     3.443 r  u_soc/u_cpu/id_ex_rs2_addr_r_reg[2]/Q
                         net (fo=3, unplaced)         0.781     4.224    u_soc/u_cpu/u_ex_stage/u_alu/ex_mem_store_data_r[31]_i_7_1[2]
                         LUT4 (Prop_lut4_I1_O)        0.295     4.519 f  u_soc/u_cpu/u_ex_stage/u_alu/ex_mem_store_data_r[31]_i_12/O
                         net (fo=1, unplaced)         0.732     5.251    u_soc/u_cpu/u_ex_stage/u_alu/ex_mem_store_data_r[31]_i_12_n_0
                         LUT6 (Prop_lut6_I1_O)        0.124     5.375 f  u_soc/u_cpu/u_ex_stage/u_alu/ex_mem_store_data_r[31]_i_7/O
                         net (fo=34, unplaced)        0.805     6.180    u_soc/u_cpu/u_ex_stage/u_alu/ex_mem_rd_en_r_reg
                         LUT6 (Prop_lut6_I0_O)        0.124     6.304 f  u_soc/u_cpu/u_ex_stage/u_alu/ex_mem_store_data_r[31]_i_9/O
                         net (fo=26, unplaced)        0.515     6.819    u_soc/u_cpu/u_ex_stage/u_alu/mem_wb_rd_addr_r_reg[1]_rep__3_0
                         LUT6 (Prop_lut6_I5_O)        0.124     6.943 r  u_soc/u_cpu/u_ex_stage/u_alu/ex_mem_store_data_r[23]_i_3/O
                         net (fo=6, unplaced)         0.481     7.424    u_soc/u_cpu/u_ex_stage/u_alu/ex_rs2_forwarded[7]
                         LUT3 (Prop_lut3_I2_O)        0.116     7.540 r  u_soc/u_cpu/u_ex_stage/u_alu/lt_carry_i_12/O
                         net (fo=7, unplaced)         0.484     8.024    u_soc/u_cpu/u_ex_stage/u_alu/id_ex_imm_r_reg[7]
                         LUT4 (Prop_lut4_I3_O)        0.124     8.148 r  u_soc/u_cpu/u_ex_stage/u_alu/lt_carry_i_1/O
                         net (fo=2, unplaced)         0.484     8.632    u_soc/u_cpu/u_ex_stage/u_alu/lt_carry_i_1_n_0
                         CARRY4 (Prop_carry4_DI[3]_CO[3])
                                                      0.396     9.028 r  u_soc/u_cpu/u_ex_stage/u_alu/lt_carry/CO[3]
                         net (fo=1, unplaced)         0.000     9.028    u_soc/u_cpu/u_ex_stage/u_alu/lt_carry_n_0
                         CARRY4 (Prop_carry4_CI_CO[3])
                                                      0.117     9.145 r  u_soc/u_cpu/u_ex_stage/u_alu/lt_carry__0/CO[3]
                         net (fo=1, unplaced)         0.000     9.145    u_soc/u_cpu/u_ex_stage/u_alu/lt_carry__0_n_0
                         CARRY4 (Prop_carry4_CI_CO[3])
                                                      0.117     9.262 r  u_soc/u_cpu/u_ex_stage/u_alu/lt_carry__1/CO[3]
                         net (fo=1, unplaced)         0.000     9.262    u_soc/u_cpu/u_ex_stage/u_alu/lt_carry__1_n_0
                         CARRY4 (Prop_carry4_CI_CO[3])
                                                      0.117     9.379 r  u_soc/u_cpu/u_ex_stage/u_alu/lt_carry__2/CO[3]
                         net (fo=2, unplaced)         0.759    10.138    u_soc/u_cpu/u_ex_stage/u_alu/alu_lt
                         LUT6 (Prop_lut6_I0_O)        0.124    10.262 f  u_soc/u_cpu/u_ex_stage/u_alu/fetch_buf1_valid_r_bret__0_i_14/O
                         net (fo=1, unplaced)         0.449    10.711    u_soc/u_cpu/u_ex_stage/u_alu/fetch_buf1_valid_r_bret__0_i_14_n_0
                         LUT3 (Prop_lut3_I2_O)        0.124    10.835 f  u_soc/u_cpu/u_ex_stage/u_alu/fetch_buf1_valid_r_bret__0_i_4/O
                         net (fo=5, unplaced)         0.477    11.312    u_soc/u_cpu/u_ex_stage/u_alu/fetch_buf1_valid_r_bret__0_i_4_n_0
                         LUT4 (Prop_lut4_I1_O)        0.124    11.436 f  u_soc/u_cpu/u_ex_stage/u_alu/ex_decode_flush_valid_inst_rep_i_1/O
                         net (fo=15, unplaced)        0.502    11.938    u_soc/u_cpu/u_ex_stage/u_alu/id_ex_mret_r_reg
                         LUT6 (Prop_lut6_I0_O)        0.124    12.062 f  u_soc/u_cpu/u_ex_stage/u_alu/ex_decode_flush_valid_inst__0__1/O
                         net (fo=147, unplaced)       0.558    12.620    u_soc/u_cpu/u_ex_stage/u_alu/id_ex_valid_r_reg
                         LUT4 (Prop_lut4_I3_O)        0.124    12.744 r  u_soc/u_cpu/u_ex_stage/u_alu/id_ex_ecall_r_i_1/O
                         net (fo=90, unplaced)        0.570    13.314    u_soc/u_cpu/u_ex_stage_n_29
                         FDCE                                         r  u_soc/u_cpu/id_ex_alu_op_r_reg[0]/CE
  -------------------------------------------------------------------    -------------------

                         (clock sys_clk rise edge)   20.000    20.000 r  
    E3                                                0.000    20.000 r  CLK100MHZ (IN)
                         net (fo=0)                   0.000    20.000    CLK100MHZ
    E3                   IBUF (Prop_ibuf_I_O)         1.411    21.411 r  CLK100MHZ_IBUF_inst/O
                         net (fo=1, unplaced)         0.763    22.174    CLK100MHZ_IBUF
                         BUFG (Prop_bufg_I_O)         0.091    22.265 r  CLK100MHZ_IBUF_BUFG_inst/O
                         net (fo=2177, unplaced)      0.439    22.704    u_soc/u_cpu/CLK100MHZ_IBUF_BUFG
                         FDCE                                         r  u_soc/u_cpu/id_ex_alu_op_r_reg[0]/C
                         clock pessimism              0.116    22.820    
                         clock uncertainty           -0.035    22.784    
                         FDCE (Setup_fdce_C_CE)      -0.202    22.582    u_soc/u_cpu/id_ex_alu_op_r_reg[0]
  -------------------------------------------------------------------
                         required time                         22.582    
                         arrival time                         -13.314    
  -------------------------------------------------------------------
                         slack                                  9.269    





Min Delay Paths
--------------------------------------------------------------------------------------
Slack (MET) :             0.132ns  (arrival time - required time)
  Source:                 u_soc/u_cpu/fetch_buf1_valid_r_reg_bret/C
                            (rising edge-triggered cell FDCE clocked by sys_clk  {rise@0.000ns fall@10.000ns period=20.000ns})
  Destination:            u_soc/u_cpu/fetch_buf1_valid_r_reg_bret/D
                            (rising edge-triggered cell FDCE clocked by sys_clk  {rise@0.000ns fall@10.000ns period=20.000ns})
  Path Group:             sys_clk
  Path Type:              Hold (Min at Fast Process Corner)
  Requirement:            0.000ns  (sys_clk rise@0.000ns - sys_clk rise@0.000ns)
  Data Path Delay:        0.376ns  (logic 0.245ns (65.144%)  route 0.131ns (34.856%))
  Logic Levels:           1  (LUT6=1)
  Clock Path Skew:        0.145ns (DCD - SCD - CPR)
    Destination Clock Delay (DCD):    1.082ns
    Source Clock Delay      (SCD):    0.728ns
    Clock Pessimism Removal (CPR):    0.209ns

    Location             Delay type                Incr(ns)  Path(ns)    Netlist Resource(s)
  -------------------------------------------------------------------    -------------------
                         (clock sys_clk rise edge)    0.000     0.000 r  
    E3                                                0.000     0.000 r  CLK100MHZ (IN)
                         net (fo=0)                   0.000     0.000    CLK100MHZ
    E3                   IBUF (Prop_ibuf_I_O)         0.250     0.250 r  CLK100MHZ_IBUF_inst/O
                         net (fo=1, unplaced)         0.338     0.588    CLK100MHZ_IBUF
                         BUFG (Prop_bufg_I_O)         0.026     0.614 r  CLK100MHZ_IBUF_BUFG_inst/O
                         net (fo=2177, unplaced)      0.114     0.728    u_soc/u_cpu/CLK100MHZ_IBUF_BUFG
                         FDCE                                         r  u_soc/u_cpu/fetch_buf1_valid_r_reg_bret/C
  -------------------------------------------------------------------    -------------------
                         FDCE (Prop_fdce_C_Q)         0.147     0.875 r  u_soc/u_cpu/fetch_buf1_valid_r_reg_bret/Q
                         net (fo=1, unplaced)         0.131     1.006    u_soc/u_cpu_n_2
                         LUT6 (Prop_lut6_I5_O)        0.098     1.104 r  u_soc/fetch_buf1_valid_r_bret_i_1/O
                         net (fo=141, unplaced)       0.000     1.104    u_soc/u_cpu/fetch_buf1_valid_r_reg_bret_1
                         FDCE                                         r  u_soc/u_cpu/fetch_buf1_valid_r_reg_bret/D
  -------------------------------------------------------------------    -------------------

                         (clock sys_clk rise edge)    0.000     0.000 r  
    E3                                                0.000     0.000 r  CLK100MHZ (IN)
                         net (fo=0)                   0.000     0.000    CLK100MHZ
    E3                   IBUF (Prop_ibuf_I_O)         0.438     0.438 r  CLK100MHZ_IBUF_inst/O
                         net (fo=1, unplaced)         0.356     0.794    CLK100MHZ_IBUF
                         BUFG (Prop_bufg_I_O)         0.029     0.823 r  CLK100MHZ_IBUF_BUFG_inst/O
                         net (fo=2177, unplaced)      0.259     1.082    u_soc/u_cpu/CLK100MHZ_IBUF_BUFG
                         FDCE                                         r  u_soc/u_cpu/fetch_buf1_valid_r_reg_bret/C
                         clock pessimism             -0.209     0.873    
                         FDCE (Hold_fdce_C_D)         0.099     0.972    u_soc/u_cpu/fetch_buf1_valid_r_reg_bret
  -------------------------------------------------------------------
                         required time                         -0.972    
                         arrival time                           1.104    
  -------------------------------------------------------------------
                         slack                                  0.132    





Pulse Width Checks
--------------------------------------------------------------------------------------
Clock Name:         sys_clk
Waveform(ns):       { 0.000 10.000 }
Period(ns):         20.000
Sources:            { CLK100MHZ }

Check Type        Corner  Lib Pin             Reference Pin  Required(ns)  Actual(ns)  Slack(ns)  Location  Pin
Min Period        n/a     RAMB36E1/CLKARDCLK  n/a            2.944         20.000      17.056               u_soc/u_dmem_ram/g_sync_ram.ram_mem_reg_0/CLKARDCLK
Low Pulse Width   Slow    FDCE/C              n/a            0.500         10.000      9.500                reset_sync_r_reg[0]/C
High Pulse Width  Slow    FDCE/C              n/a            0.500         10.000      9.500                reset_sync_r_reg[0]/C



---------------------------------------------------------------------------------------------------
Path Group:  **async_default**
From Clock:  sys_clk
  To Clock:  sys_clk

Setup :            0  Failing Endpoints,  Worst Slack       16.547ns,  Total Violation        0.000ns
Hold  :            0  Failing Endpoints,  Worst Slack        0.709ns,  Total Violation        0.000ns
---------------------------------------------------------------------------------------------------


Max Delay Paths
--------------------------------------------------------------------------------------
Slack (MET) :             16.547ns  (required time - arrival time)
  Source:                 reset_sync_r_reg[4]/C
                            (rising edge-triggered cell FDCE clocked by sys_clk  {rise@0.000ns fall@10.000ns period=20.000ns})
  Destination:            u_soc/timer_cmp_r_reg[0]/PRE
                            (recovery check against rising-edge clock sys_clk  {rise@0.000ns fall@10.000ns period=20.000ns})
  Path Group:             **async_default**
  Path Type:              Recovery (Max at Slow Process Corner)
  Requirement:            20.000ns  (sys_clk rise@20.000ns - sys_clk rise@0.000ns)
  Data Path Delay:        2.879ns  (logic 0.897ns (31.157%)  route 1.982ns (68.843%))
  Logic Levels:           2  (LUT4=1 LUT5=1)
  Clock Path Skew:        -0.145ns (DCD - SCD + CPR)
    Destination Clock Delay (DCD):    2.704ns = ( 22.704 - 20.000 ) 
    Source Clock Delay      (SCD):    2.965ns
    Clock Pessimism Removal (CPR):    0.116ns
  Clock Uncertainty:      0.035ns  ((TSJ^2 + TIJ^2)^1/2 + DJ) / 2 + PE
    Total System Jitter     (TSJ):    0.071ns
    Total Input Jitter      (TIJ):    0.000ns
    Discrete Jitter          (DJ):    0.000ns
    Phase Error              (PE):    0.000ns

    Location             Delay type                Incr(ns)  Path(ns)    Netlist Resource(s)
  -------------------------------------------------------------------    -------------------
                         (clock sys_clk rise edge)    0.000     0.000 r  
    E3                                                0.000     0.000 r  CLK100MHZ (IN)
                         net (fo=0)                   0.000     0.000    CLK100MHZ
    E3                   IBUF (Prop_ibuf_I_O)         1.482     1.482 r  CLK100MHZ_IBUF_inst/O
                         net (fo=1, unplaced)         0.803     2.285    CLK100MHZ_IBUF
                         BUFG (Prop_bufg_I_O)         0.096     2.381 r  CLK100MHZ_IBUF_BUFG_inst/O
                         net (fo=2177, unplaced)      0.584     2.965    CLK100MHZ_IBUF_BUFG
                         FDCE                                         r  reset_sync_r_reg[4]/C
  -------------------------------------------------------------------    -------------------
                         FDCE (Prop_fdce_C_Q)         0.478     3.443 r  reset_sync_r_reg[4]/Q
                         net (fo=2, unplaced)         0.774     4.217    u_soc/u_cpu/u_regfile/Q[4]
                         LUT4 (Prop_lut4_I1_O)        0.295     4.512 f  u_soc/u_cpu/u_regfile/led_OBUF[0]_inst_i_2/O
                         net (fo=2, unplaced)         0.460     4.972    u_soc/u_cpu/u_regfile/reset_sync_r_reg[5]
                         LUT5 (Prop_lut5_I0_O)        0.124     5.096 f  u_soc/u_cpu/u_regfile/regs[0][31]_i_3/O
                         net (fo=2160, unplaced)      0.748     5.844    u_soc/reset_sync_r_reg[1]
                         FDPE                                         f  u_soc/timer_cmp_r_reg[0]/PRE
  -------------------------------------------------------------------    -------------------

                         (clock sys_clk rise edge)   20.000    20.000 r  
    E3                                                0.000    20.000 r  CLK100MHZ (IN)
                         net (fo=0)                   0.000    20.000    CLK100MHZ
    E3                   IBUF (Prop_ibuf_I_O)         1.411    21.411 r  CLK100MHZ_IBUF_inst/O
                         net (fo=1, unplaced)         0.763    22.174    CLK100MHZ_IBUF
                         BUFG (Prop_bufg_I_O)         0.091    22.265 r  CLK100MHZ_IBUF_BUFG_inst/O
                         net (fo=2177, unplaced)      0.439    22.704    u_soc/CLK100MHZ_IBUF_BUFG
                         FDPE                                         r  u_soc/timer_cmp_r_reg[0]/C
                         clock pessimism              0.116    22.820    
                         clock uncertainty           -0.035    22.784    
                         FDPE (Recov_fdpe_C_PRE)     -0.394    22.390    u_soc/timer_cmp_r_reg[0]
  -------------------------------------------------------------------
                         required time                         22.390    
                         arrival time                          -5.844    
  -------------------------------------------------------------------
                         slack                                 16.547    





Min Delay Paths
--------------------------------------------------------------------------------------
Slack (MET) :             0.709ns  (arrival time - required time)
  Source:                 reset_sync_r_reg[2]/C
                            (rising edge-triggered cell FDCE clocked by sys_clk  {rise@0.000ns fall@10.000ns period=20.000ns})
  Destination:            u_soc/dmem_nonram_rdata_r_reg[0]/CLR
                            (removal check against rising-edge clock sys_clk  {rise@0.000ns fall@10.000ns period=20.000ns})
  Path Group:             **async_default**
  Path Type:              Removal (Min at Fast Process Corner)
  Requirement:            0.000ns  (sys_clk rise@0.000ns - sys_clk rise@0.000ns)
  Data Path Delay:        0.766ns  (logic 0.245ns (31.984%)  route 0.521ns (68.016%))
  Logic Levels:           1  (LUT5=1)
  Clock Path Skew:        0.145ns (DCD - SCD - CPR)
    Destination Clock Delay (DCD):    1.082ns
    Source Clock Delay      (SCD):    0.728ns
    Clock Pessimism Removal (CPR):    0.209ns

    Location             Delay type                Incr(ns)  Path(ns)    Netlist Resource(s)
  -------------------------------------------------------------------    -------------------
                         (clock sys_clk rise edge)    0.000     0.000 r  
    E3                                                0.000     0.000 r  CLK100MHZ (IN)
                         net (fo=0)                   0.000     0.000    CLK100MHZ
    E3                   IBUF (Prop_ibuf_I_O)         0.250     0.250 r  CLK100MHZ_IBUF_inst/O
                         net (fo=1, unplaced)         0.338     0.588    CLK100MHZ_IBUF
                         BUFG (Prop_bufg_I_O)         0.026     0.614 r  CLK100MHZ_IBUF_BUFG_inst/O
                         net (fo=2177, unplaced)      0.114     0.728    CLK100MHZ_IBUF_BUFG
                         FDCE                                         r  reset_sync_r_reg[2]/C
  -------------------------------------------------------------------    -------------------
                         FDCE (Prop_fdce_C_Q)         0.147     0.875 r  reset_sync_r_reg[2]/Q
                         net (fo=3, unplaced)         0.206     1.081    u_soc/u_cpu/u_regfile/Q[2]
                         LUT5 (Prop_lut5_I4_O)        0.098     1.179 f  u_soc/u_cpu/u_regfile/regs[0][31]_i_3/O
                         net (fo=2160, unplaced)      0.315     1.494    u_soc/reset_sync_r_reg[1]
                         FDCE                                         f  u_soc/dmem_nonram_rdata_r_reg[0]/CLR
  -------------------------------------------------------------------    -------------------

                         (clock sys_clk rise edge)    0.000     0.000 r  
    E3                                                0.000     0.000 r  CLK100MHZ (IN)
                         net (fo=0)                   0.000     0.000    CLK100MHZ
    E3                   IBUF (Prop_ibuf_I_O)         0.438     0.438 r  CLK100MHZ_IBUF_inst/O
                         net (fo=1, unplaced)         0.356     0.794    CLK100MHZ_IBUF
                         BUFG (Prop_bufg_I_O)         0.029     0.823 r  CLK100MHZ_IBUF_BUFG_inst/O
                         net (fo=2177, unplaced)      0.259     1.082    u_soc/CLK100MHZ_IBUF_BUFG
                         FDCE                                         r  u_soc/dmem_nonram_rdata_r_reg[0]/C
                         clock pessimism             -0.209     0.873    
                         FDCE (Remov_fdce_C_CLR)     -0.088     0.785    u_soc/dmem_nonram_rdata_r_reg[0]
  -------------------------------------------------------------------
                         required time                         -0.785    
                         arrival time                           1.494    
  -------------------------------------------------------------------
                         slack                                  0.709    





