Copyright 1986-2022 Xilinx, Inc. All Rights Reserved. Copyright 2022-2025 Advanced Micro Devices, Inc. All Rights Reserved.
---------------------------------------------------------------------------------------------------------------------------------------------
| Tool Version : Vivado v.2025.2 (win64) Build 6299465 Fri Nov 14 19:35:11 GMT 2025
| Date         : Fri May  8 10:11:46 2026
| Host         : Toylog_desktop running 64-bit major release  (build 9200)
| Command      : report_timing_summary -file V:/project/reports/pynq_z2_sysclk_8p000ns_cpu50/impl_timing_summary.rpt
| Design       : YH_rv_cpu_fpga_top
| Device       : 7z020-clg400
| Speed File   : -1  PRODUCTION 1.12 2019-11-22
| Design State : Physopt postRoute
---------------------------------------------------------------------------------------------------------------------------------------------

Timing Summary Report

------------------------------------------------------------------------------------------------
| Timer Settings
| --------------
------------------------------------------------------------------------------------------------

  Enable Multi Corner Analysis               :  Yes
  Enable Pessimism Removal                   :  Yes
  Pessimism Removal Resolution               :  Nearest Common Node
  Enable Input Delay Default Clock           :  No
  Enable Preset / Clear Arcs                 :  No
  Disable Flight Delays                      :  No
  Ignore I/O Paths                           :  No
  Timing Early Launch at Borrowing Latches   :  No
  Borrow Time for Max Delay Exceptions       :  Yes
  Merge Timing Exceptions                    :  Yes
  Inter-SLR Compensation                     :  Conservative

  Corner  Analyze    Analyze    
  Name    Max Paths  Min Paths  
  ------  ---------  ---------  
  Slow    Yes        Yes        
  Fast    Yes        Yes        


------------------------------------------------------------------------------------------------
| Report Methodology
| ------------------
------------------------------------------------------------------------------------------------

No report available as report_methodology has not been run prior. Run report_methodology on the current design for the summary of methodology violations.



check_timing report

Table of Contents
-----------------
1. checking no_clock (0)
2. checking constant_clock (0)
3. checking pulse_width_clock (0)
4. checking unconstrained_internal_endpoints (0)
5. checking no_input_delay (1)
6. checking no_output_delay (4)
7. checking multiple_clock (0)
8. checking generated_clocks (0)
9. checking loops (0)
10. checking partial_input_delay (0)
11. checking partial_output_delay (0)
12. checking latch_loops (0)

1. checking no_clock (0)
------------------------
 There are 0 register/latch pins with no clock.


2. checking constant_clock (0)
------------------------------
 There are 0 register/latch pins with constant_clock.


3. checking pulse_width_clock (0)
---------------------------------
 There are 0 register/latch pins which need pulse_width check


4. checking unconstrained_internal_endpoints (0)
------------------------------------------------
 There are 0 pins that are not constrained for maximum delay.

 There are 0 pins that are not constrained for maximum delay due to constant clock.


5. checking no_input_delay (1)
------------------------------
 There is 1 input port with no input delay specified. (HIGH)

 There are 0 input ports with no input delay but user has a false path constraint.


6. checking no_output_delay (4)
-------------------------------
 There are 4 ports with no output delay specified. (HIGH)

 There are 0 ports with no output delay but user has a false path constraint

 There are 0 ports with no output delay but with a timing clock defined on it or propagating through it


7. checking multiple_clock (0)
------------------------------
 There are 0 register/latch pins with multiple clocks.


8. checking generated_clocks (0)
--------------------------------
 There are 0 generated clocks that are not connected to a clock source.


9. checking loops (0)
---------------------
 There are 0 combinational loops in the design.


10. checking partial_input_delay (0)
------------------------------------
 There are 0 input ports with partial input delay specified.


11. checking partial_output_delay (0)
-------------------------------------
 There are 0 ports with partial output delay specified.


12. checking latch_loops (0)
----------------------------
 There are 0 combinational latch loops in the design through latch input



------------------------------------------------------------------------------------------------
| Design Timing Summary
| ---------------------
------------------------------------------------------------------------------------------------

    WNS(ns)      TNS(ns)  TNS Failing Endpoints  TNS Total Endpoints      WHS(ns)      THS(ns)  THS Failing Endpoints  THS Total Endpoints     WPWS(ns)     TPWS(ns)  TPWS Failing Endpoints  TPWS Total Endpoints  
    -------      -------  ---------------------  -------------------      -------      -------  ---------------------  -------------------     --------     --------  ----------------------  --------------------  
      0.546        0.000                      0                 6929        0.118        0.000                      0                 6929        2.000        0.000                       0                  2330  


All user specified timing constraints are met.


------------------------------------------------------------------------------------------------
| Clock Summary
| -------------
------------------------------------------------------------------------------------------------

Clock                       Waveform(ns)         Period(ns)      Frequency(MHz)
-----                       ------------         ----------      --------------
pynq_sys_clk                {0.000 4.000}        8.000           125.000         
  gen_pynq_clk_50m.clkfb    {0.000 4.000}        8.000           125.000         
  gen_pynq_clk_50m.clkout0  {0.000 10.000}       20.000          50.000          


------------------------------------------------------------------------------------------------
| Intra Clock Table
| -----------------
------------------------------------------------------------------------------------------------

Clock                           WNS(ns)      TNS(ns)  TNS Failing Endpoints  TNS Total Endpoints      WHS(ns)      THS(ns)  THS Failing Endpoints  THS Total Endpoints     WPWS(ns)     TPWS(ns)  TPWS Failing Endpoints  TPWS Total Endpoints  
-----                           -------      -------  ---------------------  -------------------      -------      -------  ---------------------  -------------------     --------     --------  ----------------------  --------------------  
pynq_sys_clk                                                                                                                                                                  2.000        0.000                       0                     1  
  gen_pynq_clk_50m.clkfb                                                                                                                                                      5.845        0.000                       0                     3  
  gen_pynq_clk_50m.clkout0        0.546        0.000                      0                 4627        0.118        0.000                      0                 4627        9.500        0.000                       0                  2326  


------------------------------------------------------------------------------------------------
| Inter Clock Table
| -----------------
------------------------------------------------------------------------------------------------

From Clock    To Clock          WNS(ns)      TNS(ns)  TNS Failing Endpoints  TNS Total Endpoints      WHS(ns)      THS(ns)  THS Failing Endpoints  THS Total Endpoints  
----------    --------          -------      -------  ---------------------  -------------------      -------      -------  ---------------------  -------------------  


------------------------------------------------------------------------------------------------
| Other Path Groups Table
| -----------------------
------------------------------------------------------------------------------------------------

Path Group                From Clock                To Clock                      WNS(ns)      TNS(ns)  TNS Failing Endpoints  TNS Total Endpoints      WHS(ns)      THS(ns)  THS Failing Endpoints  THS Total Endpoints  
----------                ----------                --------                      -------      -------  ---------------------  -------------------      -------      -------  ---------------------  -------------------  
**async_default**         gen_pynq_clk_50m.clkout0  gen_pynq_clk_50m.clkout0        9.663        0.000                      0                 2302        0.599        0.000                      0                 2302  


------------------------------------------------------------------------------------------------
| Timing Details
| --------------
------------------------------------------------------------------------------------------------


---------------------------------------------------------------------------------------------------
From Clock:  pynq_sys_clk
  To Clock:  pynq_sys_clk

Setup :           NA  Failing Endpoints,  Worst Slack           NA  ,  Total Violation           NA
Hold  :           NA  Failing Endpoints,  Worst Slack           NA  ,  Total Violation           NA
PW    :            0  Failing Endpoints,  Worst Slack        2.000ns,  Total Violation        0.000ns
---------------------------------------------------------------------------------------------------


Pulse Width Checks
--------------------------------------------------------------------------------------
Clock Name:         pynq_sys_clk
Waveform(ns):       { 0.000 4.000 }
Period(ns):         8.000
Sources:            { CLK100MHZ }

Check Type        Corner  Lib Pin            Reference Pin  Required(ns)  Actual(ns)  Slack(ns)  Location         Pin
Min Period        n/a     MMCME2_ADV/CLKIN1  n/a            1.249         8.000       6.751      MMCME2_ADV_X1Y2  gen_pynq_clk_50m.u_clk_mmcm/CLKIN1
Max Period        n/a     MMCME2_ADV/CLKIN1  n/a            100.000       8.000       92.000     MMCME2_ADV_X1Y2  gen_pynq_clk_50m.u_clk_mmcm/CLKIN1
Low Pulse Width   Slow    MMCME2_ADV/CLKIN1  n/a            2.000         4.000       2.000      MMCME2_ADV_X1Y2  gen_pynq_clk_50m.u_clk_mmcm/CLKIN1
High Pulse Width  Slow    MMCME2_ADV/CLKIN1  n/a            2.000         4.000       2.000      MMCME2_ADV_X1Y2  gen_pynq_clk_50m.u_clk_mmcm/CLKIN1



---------------------------------------------------------------------------------------------------
From Clock:  gen_pynq_clk_50m.clkfb
  To Clock:  gen_pynq_clk_50m.clkfb

Setup :           NA  Failing Endpoints,  Worst Slack           NA  ,  Total Violation           NA
Hold  :           NA  Failing Endpoints,  Worst Slack           NA  ,  Total Violation           NA
PW    :            0  Failing Endpoints,  Worst Slack        5.845ns,  Total Violation        0.000ns
---------------------------------------------------------------------------------------------------


Pulse Width Checks
--------------------------------------------------------------------------------------
Clock Name:         gen_pynq_clk_50m.clkfb
Waveform(ns):       { 0.000 4.000 }
Period(ns):         8.000
Sources:            { gen_pynq_clk_50m.u_clk_mmcm/CLKFBOUT }

Check Type  Corner  Lib Pin             Reference Pin  Required(ns)  Actual(ns)  Slack(ns)  Location         Pin
Min Period  n/a     BUFG/I              n/a            2.155         8.000       5.845      BUFGCTRL_X0Y17   gen_pynq_clk_50m.u_clkfb_bufg/I
Max Period  n/a     MMCME2_ADV/CLKFBIN  n/a            100.000       8.000       92.000     MMCME2_ADV_X1Y2  gen_pynq_clk_50m.u_clk_mmcm/CLKFBIN



---------------------------------------------------------------------------------------------------
From Clock:  gen_pynq_clk_50m.clkout0
  To Clock:  gen_pynq_clk_50m.clkout0

Setup :            0  Failing Endpoints,  Worst Slack        0.546ns,  Total Violation        0.000ns
Hold  :            0  Failing Endpoints,  Worst Slack        0.118ns,  Total Violation        0.000ns
PW    :            0  Failing Endpoints,  Worst Slack        9.500ns,  Total Violation        0.000ns
---------------------------------------------------------------------------------------------------


Max Delay Paths
--------------------------------------------------------------------------------------
Slack (MET) :             0.546ns  (required time - arrival time)
  Source:                 u_soc/u_cpu/mem_wb_rd_addr_r_reg[3]_rep__1/C
                            (rising edge-triggered cell FDCE clocked by gen_pynq_clk_50m.clkout0  {rise@0.000ns fall@10.000ns period=20.000ns})
  Destination:            u_soc/u_cpu/ex_mem_exec_result_r_reg[30]/D
                            (rising edge-triggered cell FDCE clocked by gen_pynq_clk_50m.clkout0  {rise@0.000ns fall@10.000ns period=20.000ns})
  Path Group:             gen_pynq_clk_50m.clkout0
  Path Type:              Setup (Max at Slow Process Corner)
  Requirement:            20.000ns  (gen_pynq_clk_50m.clkout0 rise@20.000ns - gen_pynq_clk_50m.clkout0 rise@0.000ns)
  Data Path Delay:        19.390ns  (logic 10.812ns (55.761%)  route 8.578ns (44.239%))
  Logic Levels:           17  (CARRY4=2 DSP48E1=3 LUT3=2 LUT4=2 LUT5=3 LUT6=5)
  Clock Path Skew:        -0.066ns (DCD - SCD + CPR)
    Destination Clock Delay (DCD):    -1.398ns = ( 18.602 - 20.000 ) 
    Source Clock Delay      (SCD):    -0.747ns
    Clock Pessimism Removal (CPR):    0.584ns
  Clock Uncertainty:      0.079ns  ((TSJ^2 + DJ^2)^1/2) / 2 + PE
    Total System Jitter     (TSJ):    0.071ns
    Discrete Jitter          (DJ):    0.141ns
    Phase Error              (PE):    0.000ns

    Location             Delay type                Incr(ns)  Path(ns)    Netlist Resource(s)
  -------------------------------------------------------------------    -------------------
                         (clock gen_pynq_clk_50m.clkout0 rise edge)
                                                      0.000     0.000 r  
    H16                                               0.000     0.000 r  CLK100MHZ (IN)
                         net (fo=0)                   0.000     0.000    CLK100MHZ
    H16                  IBUF (Prop_ibuf_I_O)         1.451     1.451 r  CLK100MHZ_IBUF_inst/O
                         net (fo=1, routed)           1.285     2.736    CLK100MHZ_IBUF
    MMCME2_ADV_X1Y2      MMCME2_ADV (Prop_mmcme2_adv_CLKIN1_CLKOUT0)
                                                     -7.759    -5.023 r  gen_pynq_clk_50m.u_clk_mmcm/CLKOUT0
                         net (fo=1, routed)           2.206    -2.817    gen_pynq_clk_50m.clkout0
    BUFGCTRL_X0Y16       BUFG (Prop_bufg_I_O)         0.101    -2.716 r  gen_pynq_clk_50m.u_cpu_clk_bufg/O
                         net (fo=2324, routed)        1.969    -0.747    u_soc/u_cpu/cpu_clk
    SLICE_X90Y112        FDCE                                         r  u_soc/u_cpu/mem_wb_rd_addr_r_reg[3]_rep__1/C
  -------------------------------------------------------------------    -------------------
    SLICE_X90Y112        FDCE (Prop_fdce_C_Q)         0.518    -0.229 r  u_soc/u_cpu/mem_wb_rd_addr_r_reg[3]_rep__1/Q
                         net (fo=7, routed)           1.257     1.027    u_soc/u_cpu/u_ex_stage/u_alu/csr_mscratch_r[31]_i_16_1
    SLICE_X91Y112        LUT4 (Prop_lut4_I2_O)        0.152     1.179 r  u_soc/u_cpu/u_ex_stage/u_alu/gen_mul_extension.mul_signed_i_155/O
                         net (fo=1, routed)           0.298     1.477    u_soc/u_cpu/u_ex_stage/u_alu/gen_mul_extension.mul_signed_i_155_n_0
    SLICE_X91Y113        LUT5 (Prop_lut5_I1_O)        0.326     1.803 r  u_soc/u_cpu/u_ex_stage/u_alu/gen_mul_extension.mul_signed_i_128/O
                         net (fo=28, routed)          1.433     3.236    u_soc/u_cpu/u_ex_stage/u_alu/gen_mul_extension.mul_signed_i_128_n_0
    SLICE_X103Y112       LUT6 (Prop_lut6_I2_O)        0.124     3.360 r  u_soc/u_cpu/u_ex_stage/u_alu/gen_mul_extension.mul_signed_i_88/O
                         net (fo=1, routed)           0.154     3.514    u_soc/u_cpu/u_ex_stage/u_alu/gen_mul_extension.mul_signed_i_88_n_0
    SLICE_X103Y112       LUT5 (Prop_lut5_I4_O)        0.124     3.638 r  u_soc/u_cpu/u_ex_stage/u_alu/gen_mul_extension.mul_signed_i_52/O
                         net (fo=6, routed)           0.949     4.587    u_soc/u_cpu/u_ex_stage/u_alu/ex_rs2_forwarded[12]
    SLICE_X101Y111       LUT3 (Prop_lut3_I2_O)        0.119     4.706 r  u_soc/u_cpu/u_ex_stage/u_alu/gen_mul_extension.mul_signed_i_20/O
                         net (fo=28, routed)          0.966     5.672    u_soc/u_cpu/u_ex_stage/u_alu/A[12]
    DSP48_X3Y45          DSP48E1 (Prop_dsp48e1_B[12]_PCOUT[47])
                                                      4.059     9.731 r  u_soc/u_cpu/u_ex_stage/u_alu/gen_mul_extension.mul_mix__3/PCOUT[47]
                         net (fo=1, routed)           0.002     9.733    u_soc/u_cpu/u_ex_stage/u_alu/gen_mul_extension.mul_mix__3_n_106
    DSP48_X3Y46          DSP48E1 (Prop_dsp48e1_PCIN[47]_PCOUT[47])
                                                      1.713    11.446 r  u_soc/u_cpu/u_ex_stage/u_alu/gen_mul_extension.mul_mix__4/PCOUT[47]
                         net (fo=1, routed)           0.002    11.448    u_soc/u_cpu/u_ex_stage/u_alu/gen_mul_extension.mul_mix__4_n_106
    DSP48_X3Y47          DSP48E1 (Prop_dsp48e1_PCIN[47]_P[40])
                                                      1.518    12.966 r  u_soc/u_cpu/u_ex_stage/u_alu/gen_mul_extension.mul_mix__5/P[40]
                         net (fo=2, routed)           1.221    14.187    u_soc/u_cpu/u_ex_stage/u_alu/gen_mul_extension.mul_mix__5_n_65
    SLICE_X99Y119        LUT3 (Prop_lut3_I1_O)        0.150    14.337 r  u_soc/u_cpu/u_ex_stage/u_alu/ex_mem_exec_result_r[27]_i_53/O
                         net (fo=2, routed)           0.666    15.003    u_soc/u_cpu/u_ex_stage/u_alu/ex_mem_exec_result_r[27]_i_53_n_0
    SLICE_X99Y119        LUT4 (Prop_lut4_I3_O)        0.326    15.329 r  u_soc/u_cpu/u_ex_stage/u_alu/ex_mem_exec_result_r[27]_i_57/O
                         net (fo=1, routed)           0.000    15.329    u_soc/u_cpu/u_ex_stage/u_alu/ex_mem_exec_result_r[27]_i_57_n_0
    SLICE_X99Y119        CARRY4 (Prop_carry4_S[1]_CO[3])
                                                      0.550    15.879 r  u_soc/u_cpu/u_ex_stage/u_alu/ex_mem_exec_result_r_reg[27]_i_25/CO[3]
                         net (fo=1, routed)           0.000    15.879    u_soc/u_cpu/u_ex_stage/u_alu/ex_mem_exec_result_r_reg[27]_i_25_n_0
    SLICE_X99Y120        CARRY4 (Prop_carry4_CI_O[1])
                                                      0.334    16.213 r  u_soc/u_cpu/u_ex_stage/u_alu/ex_mem_exec_result_r_reg[31]_i_33/O[1]
                         net (fo=1, routed)           0.424    16.637    u_soc/u_cpu/u_ex_stage/u_alu/data11[30]
    SLICE_X100Y121       LUT6 (Prop_lut6_I4_O)        0.303    16.940 f  u_soc/u_cpu/u_ex_stage/u_alu/ex_mem_exec_result_r[30]_i_14/O
                         net (fo=1, routed)           0.319    17.259    u_soc/u_cpu/u_ex_stage/u_alu/ex_mem_exec_result_r[30]_i_14_n_0
    SLICE_X103Y121       LUT6 (Prop_lut6_I5_O)        0.124    17.383 r  u_soc/u_cpu/u_ex_stage/u_alu/ex_mem_exec_result_r[30]_i_7/O
                         net (fo=1, routed)           0.424    17.807    u_soc/u_cpu/u_ex_stage/u_alu/ex_mem_exec_result_r[30]_i_7_n_0
    SLICE_X105Y120       LUT6 (Prop_lut6_I0_O)        0.124    17.931 r  u_soc/u_cpu/u_ex_stage/u_alu/ex_mem_exec_result_r[30]_i_3/O
                         net (fo=1, routed)           0.302    18.233    u_soc/u_cpu/u_ex_stage/u_alu/ex_mem_exec_result_r[30]_i_3_n_0
    SLICE_X104Y121       LUT6 (Prop_lut6_I0_O)        0.124    18.357 r  u_soc/u_cpu/u_ex_stage/u_alu/ex_mem_exec_result_r[30]_i_2/O
                         net (fo=1, routed)           0.162    18.519    u_soc/u_cpu/u_ex_stage/u_alu/alu_result[30]
    SLICE_X104Y121       LUT5 (Prop_lut5_I4_O)        0.124    18.643 r  u_soc/u_cpu/u_ex_stage/u_alu/ex_mem_exec_result_r[30]_i_1/O
                         net (fo=1, routed)           0.000    18.643    u_soc/u_cpu/ex_exec_result_final[30]
    SLICE_X104Y121       FDCE                                         r  u_soc/u_cpu/ex_mem_exec_result_r_reg[30]/D
  -------------------------------------------------------------------    -------------------

                         (clock gen_pynq_clk_50m.clkout0 rise edge)
                                                     20.000    20.000 r  
    H16                                               0.000    20.000 r  CLK100MHZ (IN)
                         net (fo=0)                   0.000    20.000    CLK100MHZ
    H16                  IBUF (Prop_ibuf_I_O)         1.380    21.380 r  CLK100MHZ_IBUF_inst/O
                         net (fo=1, routed)           1.162    22.542    CLK100MHZ_IBUF
    MMCME2_ADV_X1Y2      MMCME2_ADV (Prop_mmcme2_adv_CLKIN1_CLKOUT0)
                                                     -7.814    14.728 r  gen_pynq_clk_50m.u_clk_mmcm/CLKOUT0
                         net (fo=1, routed)           2.012    16.740    gen_pynq_clk_50m.clkout0
    BUFGCTRL_X0Y16       BUFG (Prop_bufg_I_O)         0.091    16.831 r  gen_pynq_clk_50m.u_cpu_clk_bufg/O
                         net (fo=2324, routed)        1.771    18.602    u_soc/u_cpu/cpu_clk
    SLICE_X104Y121       FDCE                                         r  u_soc/u_cpu/ex_mem_exec_result_r_reg[30]/C
                         clock pessimism              0.584    19.187    
                         clock uncertainty           -0.079    19.108    
    SLICE_X104Y121       FDCE (Setup_fdce_C_D)        0.081    19.189    u_soc/u_cpu/ex_mem_exec_result_r_reg[30]
  -------------------------------------------------------------------
                         required time                         19.189    
                         arrival time                         -18.643    
  -------------------------------------------------------------------
                         slack                                  0.546    





Min Delay Paths
--------------------------------------------------------------------------------------
Slack (MET) :             0.118ns  (arrival time - required time)
  Source:                 u_soc/u_cpu/fetch_buf1_instruction_r_reg[29]/C
                            (rising edge-triggered cell FDCE clocked by gen_pynq_clk_50m.clkout0  {rise@0.000ns fall@10.000ns period=20.000ns})
  Destination:            u_soc/u_cpu/if_id_instruction_r_reg[29]/D
                            (rising edge-triggered cell FDCE clocked by gen_pynq_clk_50m.clkout0  {rise@0.000ns fall@10.000ns period=20.000ns})
  Path Group:             gen_pynq_clk_50m.clkout0
  Path Type:              Hold (Min at Fast Process Corner)
  Requirement:            0.000ns  (gen_pynq_clk_50m.clkout0 rise@0.000ns - gen_pynq_clk_50m.clkout0 rise@0.000ns)
  Data Path Delay:        0.252ns  (logic 0.186ns (73.740%)  route 0.066ns (26.260%))
  Logic Levels:           1  (LUT5=1)
  Clock Path Skew:        0.013ns (DCD - SCD - CPR)
    Destination Clock Delay (DCD):    -0.778ns
    Source Clock Delay      (SCD):    -0.543ns
    Clock Pessimism Removal (CPR):    -0.248ns

    Location             Delay type                Incr(ns)  Path(ns)    Netlist Resource(s)
  -------------------------------------------------------------------    -------------------
                         (clock gen_pynq_clk_50m.clkout0 rise edge)
                                                      0.000     0.000 r  
    H16                                               0.000     0.000 r  CLK100MHZ (IN)
                         net (fo=0)                   0.000     0.000    CLK100MHZ
    H16                  IBUF (Prop_ibuf_I_O)         0.219     0.219 r  CLK100MHZ_IBUF_inst/O
                         net (fo=1, routed)           0.440     0.659    CLK100MHZ_IBUF
    MMCME2_ADV_X1Y2      MMCME2_ADV (Prop_mmcme2_adv_CLKIN1_CLKOUT0)
                                                     -2.613    -1.954 r  gen_pynq_clk_50m.u_clk_mmcm/CLKOUT0
                         net (fo=1, routed)           0.696    -1.257    gen_pynq_clk_50m.clkout0
    BUFGCTRL_X0Y16       BUFG (Prop_bufg_I_O)         0.026    -1.231 r  gen_pynq_clk_50m.u_cpu_clk_bufg/O
                         net (fo=2324, routed)        0.688    -0.543    u_soc/u_cpu/cpu_clk
    SLICE_X93Y103        FDCE                                         r  u_soc/u_cpu/fetch_buf1_instruction_r_reg[29]/C
  -------------------------------------------------------------------    -------------------
    SLICE_X93Y103        FDCE (Prop_fdce_C_Q)         0.141    -0.402 r  u_soc/u_cpu/fetch_buf1_instruction_r_reg[29]/Q
                         net (fo=2, routed)           0.066    -0.336    u_soc/u_cpu/fetch_buf1_instruction_r[29]
    SLICE_X92Y103        LUT5 (Prop_lut5_I2_O)        0.045    -0.291 r  u_soc/u_cpu/if_id_instruction_r[29]_i_1/O
                         net (fo=1, routed)           0.000    -0.291    u_soc/u_cpu/fetch_queue_instruction[29]
    SLICE_X92Y103        FDCE                                         r  u_soc/u_cpu/if_id_instruction_r_reg[29]/D
  -------------------------------------------------------------------    -------------------

                         (clock gen_pynq_clk_50m.clkout0 rise edge)
                                                      0.000     0.000 r  
    H16                                               0.000     0.000 r  CLK100MHZ (IN)
                         net (fo=0)                   0.000     0.000    CLK100MHZ
    H16                  IBUF (Prop_ibuf_I_O)         0.406     0.406 r  CLK100MHZ_IBUF_inst/O
                         net (fo=1, routed)           0.480     0.886    CLK100MHZ_IBUF
    MMCME2_ADV_X1Y2      MMCME2_ADV (Prop_mmcme2_adv_CLKIN1_CLKOUT0)
                                                     -3.407    -2.521 r  gen_pynq_clk_50m.u_clk_mmcm/CLKOUT0
                         net (fo=1, routed)           0.752    -1.769    gen_pynq_clk_50m.clkout0
    BUFGCTRL_X0Y16       BUFG (Prop_bufg_I_O)         0.029    -1.740 r  gen_pynq_clk_50m.u_cpu_clk_bufg/O
                         net (fo=2324, routed)        0.962    -0.778    u_soc/u_cpu/cpu_clk
    SLICE_X92Y103        FDCE                                         r  u_soc/u_cpu/if_id_instruction_r_reg[29]/C
                         clock pessimism              0.248    -0.530    
    SLICE_X92Y103        FDCE (Hold_fdce_C_D)         0.121    -0.409    u_soc/u_cpu/if_id_instruction_r_reg[29]
  -------------------------------------------------------------------
                         required time                          0.409    
                         arrival time                          -0.291    
  -------------------------------------------------------------------
                         slack                                  0.118    





Pulse Width Checks
--------------------------------------------------------------------------------------
Clock Name:         gen_pynq_clk_50m.clkout0
Waveform(ns):       { 0.000 10.000 }
Period(ns):         20.000
Sources:            { gen_pynq_clk_50m.u_clk_mmcm/CLKOUT0 }

Check Type        Corner  Lib Pin             Reference Pin  Required(ns)  Actual(ns)  Slack(ns)  Location         Pin
Min Period        n/a     RAMB36E1/CLKARDCLK  n/a            2.944         20.000      17.056     RAMB36_X4Y18     u_soc/u_dmem_ram/g_sync_ram.g_posedge_read.ram_mem_reg_0/CLKARDCLK
Max Period        n/a     MMCME2_ADV/CLKOUT0  n/a            213.360       20.000      193.360    MMCME2_ADV_X1Y2  gen_pynq_clk_50m.u_clk_mmcm/CLKOUT0
Low Pulse Width   Slow    FDCE/C              n/a            0.500         10.000      9.500      SLICE_X108Y142   reset_sync_r_reg[0]/C
High Pulse Width  Slow    FDCE/C              n/a            0.500         10.000      9.500      SLICE_X108Y142   reset_sync_r_reg[0]/C



---------------------------------------------------------------------------------------------------
Path Group:  **async_default**
From Clock:  gen_pynq_clk_50m.clkout0
  To Clock:  gen_pynq_clk_50m.clkout0

Setup :            0  Failing Endpoints,  Worst Slack        9.663ns,  Total Violation        0.000ns
Hold  :            0  Failing Endpoints,  Worst Slack        0.599ns,  Total Violation        0.000ns
---------------------------------------------------------------------------------------------------


Max Delay Paths
--------------------------------------------------------------------------------------
Slack (MET) :             9.663ns  (required time - arrival time)
  Source:                 reset_sync_r_reg[4]/C
                            (rising edge-triggered cell FDCE clocked by gen_pynq_clk_50m.clkout0  {rise@0.000ns fall@10.000ns period=20.000ns})
  Destination:            u_soc/u_cpu/u_regfile/regs_reg[31][24]/CLR
                            (recovery check against rising-edge clock gen_pynq_clk_50m.clkout0  {rise@0.000ns fall@10.000ns period=20.000ns})
  Path Group:             **async_default**
  Path Type:              Recovery (Max at Slow Process Corner)
  Requirement:            20.000ns  (gen_pynq_clk_50m.clkout0 rise@20.000ns - gen_pynq_clk_50m.clkout0 rise@0.000ns)
  Data Path Delay:        9.643ns  (logic 0.704ns (7.301%)  route 8.939ns (92.699%))
  Logic Levels:           2  (LUT4=1 LUT6=1)
  Clock Path Skew:        -0.210ns (DCD - SCD + CPR)
    Destination Clock Delay (DCD):    -1.457ns = ( 18.543 - 20.000 ) 
    Source Clock Delay      (SCD):    -0.662ns
    Clock Pessimism Removal (CPR):    0.584ns
  Clock Uncertainty:      0.079ns  ((TSJ^2 + DJ^2)^1/2) / 2 + PE
    Total System Jitter     (TSJ):    0.071ns
    Discrete Jitter          (DJ):    0.141ns
    Phase Error              (PE):    0.000ns

    Location             Delay type                Incr(ns)  Path(ns)    Netlist Resource(s)
  -------------------------------------------------------------------    -------------------
                         (clock gen_pynq_clk_50m.clkout0 rise edge)
                                                      0.000     0.000 r  
    H16                                               0.000     0.000 r  CLK100MHZ (IN)
                         net (fo=0)                   0.000     0.000    CLK100MHZ
    H16                  IBUF (Prop_ibuf_I_O)         1.451     1.451 r  CLK100MHZ_IBUF_inst/O
                         net (fo=1, routed)           1.285     2.736    CLK100MHZ_IBUF
    MMCME2_ADV_X1Y2      MMCME2_ADV (Prop_mmcme2_adv_CLKIN1_CLKOUT0)
                                                     -7.759    -5.023 r  gen_pynq_clk_50m.u_clk_mmcm/CLKOUT0
                         net (fo=1, routed)           2.206    -2.817    gen_pynq_clk_50m.clkout0
    BUFGCTRL_X0Y16       BUFG (Prop_bufg_I_O)         0.101    -2.716 r  gen_pynq_clk_50m.u_cpu_clk_bufg/O
                         net (fo=2324, routed)        2.054    -0.662    cpu_clk
    SLICE_X109Y142       FDCE                                         r  reset_sync_r_reg[4]/C
  -------------------------------------------------------------------    -------------------
    SLICE_X109Y142       FDCE (Prop_fdce_C_Q)         0.456    -0.206 r  reset_sync_r_reg[4]/Q
                         net (fo=2, routed)           0.668     0.462    u_soc/u_cpu/u_regfile/Q[4]
    SLICE_X109Y142       LUT4 (Prop_lut4_I1_O)        0.124     0.586 f  u_soc/u_cpu/u_regfile/led_OBUF[0]_inst_i_2/O
                         net (fo=2, routed)           0.163     0.749    u_soc/u_cpu/u_regfile/reset_sync_r_reg[5]
    SLICE_X109Y142       LUT6 (Prop_lut6_I5_O)        0.124     0.873 f  u_soc/u_cpu/u_regfile/regs[1][31]_i_3/O
                         net (fo=2302, routed)        8.108     8.980    u_soc/u_cpu/u_regfile/gen_pynq_clk_50m.u_clk_mmcm
    SLICE_X80Y133        FDCE                                         f  u_soc/u_cpu/u_regfile/regs_reg[31][24]/CLR
  -------------------------------------------------------------------    -------------------

                         (clock gen_pynq_clk_50m.clkout0 rise edge)
                                                     20.000    20.000 r  
    H16                                               0.000    20.000 r  CLK100MHZ (IN)
                         net (fo=0)                   0.000    20.000    CLK100MHZ
    H16                  IBUF (Prop_ibuf_I_O)         1.380    21.380 r  CLK100MHZ_IBUF_inst/O
                         net (fo=1, routed)           1.162    22.542    CLK100MHZ_IBUF
    MMCME2_ADV_X1Y2      MMCME2_ADV (Prop_mmcme2_adv_CLKIN1_CLKOUT0)
                                                     -7.814    14.728 r  gen_pynq_clk_50m.u_clk_mmcm/CLKOUT0
                         net (fo=1, routed)           2.012    16.740    gen_pynq_clk_50m.clkout0
    BUFGCTRL_X0Y16       BUFG (Prop_bufg_I_O)         0.091    16.831 r  gen_pynq_clk_50m.u_cpu_clk_bufg/O
                         net (fo=2324, routed)        1.712    18.543    u_soc/u_cpu/u_regfile/cpu_clk
    SLICE_X80Y133        FDCE                                         r  u_soc/u_cpu/u_regfile/regs_reg[31][24]/C
                         clock pessimism              0.584    19.128    
                         clock uncertainty           -0.079    19.049    
    SLICE_X80Y133        FDCE (Recov_fdce_C_CLR)     -0.405    18.644    u_soc/u_cpu/u_regfile/regs_reg[31][24]
  -------------------------------------------------------------------
                         required time                         18.644    
                         arrival time                          -8.980    
  -------------------------------------------------------------------
                         slack                                  9.663    





Min Delay Paths
--------------------------------------------------------------------------------------
Slack (MET) :             0.599ns  (arrival time - required time)
  Source:                 reset_sync_r_reg[0]/C
                            (rising edge-triggered cell FDCE clocked by gen_pynq_clk_50m.clkout0  {rise@0.000ns fall@10.000ns period=20.000ns})
  Destination:            u_soc/u_cpu/u_regfile/regs_reg[22][3]/CLR
                            (removal check against rising-edge clock gen_pynq_clk_50m.clkout0  {rise@0.000ns fall@10.000ns period=20.000ns})
  Path Group:             **async_default**
  Path Type:              Removal (Min at Fast Process Corner)
  Requirement:            0.000ns  (gen_pynq_clk_50m.clkout0 rise@0.000ns - gen_pynq_clk_50m.clkout0 rise@0.000ns)
  Data Path Delay:        0.548ns  (logic 0.209ns (38.110%)  route 0.339ns (61.890%))
  Logic Levels:           1  (LUT6=1)
  Clock Path Skew:        0.016ns (DCD - SCD - CPR)
    Destination Clock Delay (DCD):    -0.750ns
    Source Clock Delay      (SCD):    -0.515ns
    Clock Pessimism Removal (CPR):    -0.251ns

    Location             Delay type                Incr(ns)  Path(ns)    Netlist Resource(s)
  -------------------------------------------------------------------    -------------------
                         (clock gen_pynq_clk_50m.clkout0 rise edge)
                                                      0.000     0.000 r  
    H16                                               0.000     0.000 r  CLK100MHZ (IN)
                         net (fo=0)                   0.000     0.000    CLK100MHZ
    H16                  IBUF (Prop_ibuf_I_O)         0.219     0.219 r  CLK100MHZ_IBUF_inst/O
                         net (fo=1, routed)           0.440     0.659    CLK100MHZ_IBUF
    MMCME2_ADV_X1Y2      MMCME2_ADV (Prop_mmcme2_adv_CLKIN1_CLKOUT0)
                                                     -2.613    -1.954 r  gen_pynq_clk_50m.u_clk_mmcm/CLKOUT0
                         net (fo=1, routed)           0.696    -1.257    gen_pynq_clk_50m.clkout0
    BUFGCTRL_X0Y16       BUFG (Prop_bufg_I_O)         0.026    -1.231 r  gen_pynq_clk_50m.u_cpu_clk_bufg/O
                         net (fo=2324, routed)        0.716    -0.515    cpu_clk
    SLICE_X108Y142       FDCE                                         r  reset_sync_r_reg[0]/C
  -------------------------------------------------------------------    -------------------
    SLICE_X108Y142       FDCE (Prop_fdce_C_Q)         0.164    -0.351 r  reset_sync_r_reg[0]/Q
                         net (fo=3, routed)           0.106    -0.245    u_soc/u_cpu/u_regfile/Q[0]
    SLICE_X109Y142       LUT6 (Prop_lut6_I3_O)        0.045    -0.200 f  u_soc/u_cpu/u_regfile/regs[1][31]_i_3/O
                         net (fo=2302, routed)        0.233     0.033    u_soc/u_cpu/u_regfile/gen_pynq_clk_50m.u_clk_mmcm
    SLICE_X108Y141       FDCE                                         f  u_soc/u_cpu/u_regfile/regs_reg[22][3]/CLR
  -------------------------------------------------------------------    -------------------

                         (clock gen_pynq_clk_50m.clkout0 rise edge)
                                                      0.000     0.000 r  
    H16                                               0.000     0.000 r  CLK100MHZ (IN)
                         net (fo=0)                   0.000     0.000    CLK100MHZ
    H16                  IBUF (Prop_ibuf_I_O)         0.406     0.406 r  CLK100MHZ_IBUF_inst/O
                         net (fo=1, routed)           0.480     0.886    CLK100MHZ_IBUF
    MMCME2_ADV_X1Y2      MMCME2_ADV (Prop_mmcme2_adv_CLKIN1_CLKOUT0)
                                                     -3.407    -2.521 r  gen_pynq_clk_50m.u_clk_mmcm/CLKOUT0
                         net (fo=1, routed)           0.752    -1.769    gen_pynq_clk_50m.clkout0
    BUFGCTRL_X0Y16       BUFG (Prop_bufg_I_O)         0.029    -1.740 r  gen_pynq_clk_50m.u_cpu_clk_bufg/O
                         net (fo=2324, routed)        0.990    -0.750    u_soc/u_cpu/u_regfile/cpu_clk
    SLICE_X108Y141       FDCE                                         r  u_soc/u_cpu/u_regfile/regs_reg[22][3]/C
                         clock pessimism              0.251    -0.499    
    SLICE_X108Y141       FDCE (Remov_fdce_C_CLR)     -0.067    -0.566    u_soc/u_cpu/u_regfile/regs_reg[22][3]
  -------------------------------------------------------------------
                         required time                          0.566    
                         arrival time                           0.033    
  -------------------------------------------------------------------
                         slack                                  0.599    





