Copyright 1986-2022 Xilinx, Inc. All Rights Reserved. Copyright 2022-2025 Advanced Micro Devices, Inc. All Rights Reserved.
---------------------------------------------------------------------------------------------------------------------------------------------
| Tool Version : Vivado v.2025.2 (win64) Build 6299465 Fri Nov 14 19:35:11 GMT 2025
| Date         : Wed May  6 11:37:04 2026
| Host         : Toylog_desktop running 64-bit major release  (build 9200)
| Command      : report_timing_summary -file V:/project/reports/pynq_z2_sysclk_8p000ns_cpu50/impl_timing_summary.rpt
| Design       : YH_rv_cpu_fpga_top
| Device       : 7z020-clg400
| Speed File   : -1  PRODUCTION 1.12 2019-11-22
| Design State : Physopt postRoute
---------------------------------------------------------------------------------------------------------------------------------------------

Timing Summary Report

------------------------------------------------------------------------------------------------
| Timer Settings
| --------------
------------------------------------------------------------------------------------------------

  Enable Multi Corner Analysis               :  Yes
  Enable Pessimism Removal                   :  Yes
  Pessimism Removal Resolution               :  Nearest Common Node
  Enable Input Delay Default Clock           :  No
  Enable Preset / Clear Arcs                 :  No
  Disable Flight Delays                      :  No
  Ignore I/O Paths                           :  No
  Timing Early Launch at Borrowing Latches   :  No
  Borrow Time for Max Delay Exceptions       :  Yes
  Merge Timing Exceptions                    :  Yes
  Inter-SLR Compensation                     :  Conservative

  Corner  Analyze    Analyze    
  Name    Max Paths  Min Paths  
  ------  ---------  ---------  
  Slow    Yes        Yes        
  Fast    Yes        Yes        


------------------------------------------------------------------------------------------------
| Report Methodology
| ------------------
------------------------------------------------------------------------------------------------

No report available as report_methodology has not been run prior. Run report_methodology on the current design for the summary of methodology violations.



check_timing report

Table of Contents
-----------------
1. checking no_clock (0)
2. checking constant_clock (0)
3. checking pulse_width_clock (0)
4. checking unconstrained_internal_endpoints (0)
5. checking no_input_delay (1)
6. checking no_output_delay (4)
7. checking multiple_clock (0)
8. checking generated_clocks (0)
9. checking loops (0)
10. checking partial_input_delay (0)
11. checking partial_output_delay (0)
12. checking latch_loops (0)

1. checking no_clock (0)
------------------------
 There are 0 register/latch pins with no clock.


2. checking constant_clock (0)
------------------------------
 There are 0 register/latch pins with constant_clock.


3. checking pulse_width_clock (0)
---------------------------------
 There are 0 register/latch pins which need pulse_width check


4. checking unconstrained_internal_endpoints (0)
------------------------------------------------
 There are 0 pins that are not constrained for maximum delay.

 There are 0 pins that are not constrained for maximum delay due to constant clock.


5. checking no_input_delay (1)
------------------------------
 There is 1 input port with no input delay specified. (HIGH)

 There are 0 input ports with no input delay but user has a false path constraint.


6. checking no_output_delay (4)
-------------------------------
 There are 4 ports with no output delay specified. (HIGH)

 There are 0 ports with no output delay but user has a false path constraint

 There are 0 ports with no output delay but with a timing clock defined on it or propagating through it


7. checking multiple_clock (0)
------------------------------
 There are 0 register/latch pins with multiple clocks.


8. checking generated_clocks (0)
--------------------------------
 There are 0 generated clocks that are not connected to a clock source.


9. checking loops (0)
---------------------
 There are 0 combinational loops in the design.


10. checking partial_input_delay (0)
------------------------------------
 There are 0 input ports with partial input delay specified.


11. checking partial_output_delay (0)
-------------------------------------
 There are 0 ports with partial output delay specified.


12. checking latch_loops (0)
----------------------------
 There are 0 combinational latch loops in the design through latch input



------------------------------------------------------------------------------------------------
| Design Timing Summary
| ---------------------
------------------------------------------------------------------------------------------------

    WNS(ns)      TNS(ns)  TNS Failing Endpoints  TNS Total Endpoints      WHS(ns)      THS(ns)  THS Failing Endpoints  THS Total Endpoints     WPWS(ns)     TPWS(ns)  TPWS Failing Endpoints  TPWS Total Endpoints  
    -------      -------  ---------------------  -------------------      -------      -------  ---------------------  -------------------     --------     --------  ----------------------  --------------------  
      0.338        0.000                      0                 7051        0.059        0.000                      0                 7051        2.000        0.000                       0                  2385  


All user specified timing constraints are met.


------------------------------------------------------------------------------------------------
| Clock Summary
| -------------
------------------------------------------------------------------------------------------------

Clock                       Waveform(ns)         Period(ns)      Frequency(MHz)
-----                       ------------         ----------      --------------
pynq_sys_clk                {0.000 4.000}        8.000           125.000         
  gen_pynq_clk_50m.clkfb    {0.000 4.000}        8.000           125.000         
  gen_pynq_clk_50m.clkout0  {0.000 10.000}       20.000          50.000          


------------------------------------------------------------------------------------------------
| Intra Clock Table
| -----------------
------------------------------------------------------------------------------------------------

Clock                           WNS(ns)      TNS(ns)  TNS Failing Endpoints  TNS Total Endpoints      WHS(ns)      THS(ns)  THS Failing Endpoints  THS Total Endpoints     WPWS(ns)     TPWS(ns)  TPWS Failing Endpoints  TPWS Total Endpoints  
-----                           -------      -------  ---------------------  -------------------      -------      -------  ---------------------  -------------------     --------     --------  ----------------------  --------------------  
pynq_sys_clk                                                                                                                                                                  2.000        0.000                       0                     1  
  gen_pynq_clk_50m.clkfb                                                                                                                                                      5.845        0.000                       0                     3  
  gen_pynq_clk_50m.clkout0        0.338        0.000                      0                 4699        0.059        0.000                      0                 4699        9.500        0.000                       0                  2381  


------------------------------------------------------------------------------------------------
| Inter Clock Table
| -----------------
------------------------------------------------------------------------------------------------

From Clock    To Clock          WNS(ns)      TNS(ns)  TNS Failing Endpoints  TNS Total Endpoints      WHS(ns)      THS(ns)  THS Failing Endpoints  THS Total Endpoints  
----------    --------          -------      -------  ---------------------  -------------------      -------      -------  ---------------------  -------------------  


------------------------------------------------------------------------------------------------
| Other Path Groups Table
| -----------------------
------------------------------------------------------------------------------------------------

Path Group                From Clock                To Clock                      WNS(ns)      TNS(ns)  TNS Failing Endpoints  TNS Total Endpoints      WHS(ns)      THS(ns)  THS Failing Endpoints  THS Total Endpoints  
----------                ----------                --------                      -------      -------  ---------------------  -------------------      -------      -------  ---------------------  -------------------  
**async_default**         gen_pynq_clk_50m.clkout0  gen_pynq_clk_50m.clkout0       12.589        0.000                      0                 2352        0.748        0.000                      0                 2352  


------------------------------------------------------------------------------------------------
| Timing Details
| --------------
------------------------------------------------------------------------------------------------


---------------------------------------------------------------------------------------------------
From Clock:  pynq_sys_clk
  To Clock:  pynq_sys_clk

Setup :           NA  Failing Endpoints,  Worst Slack           NA  ,  Total Violation           NA
Hold  :           NA  Failing Endpoints,  Worst Slack           NA  ,  Total Violation           NA
PW    :            0  Failing Endpoints,  Worst Slack        2.000ns,  Total Violation        0.000ns
---------------------------------------------------------------------------------------------------


Pulse Width Checks
--------------------------------------------------------------------------------------
Clock Name:         pynq_sys_clk
Waveform(ns):       { 0.000 4.000 }
Period(ns):         8.000
Sources:            { CLK100MHZ }

Check Type        Corner  Lib Pin            Reference Pin  Required(ns)  Actual(ns)  Slack(ns)  Location         Pin
Min Period        n/a     MMCME2_ADV/CLKIN1  n/a            1.249         8.000       6.751      MMCME2_ADV_X1Y2  gen_pynq_clk_50m.u_clk_mmcm/CLKIN1
Max Period        n/a     MMCME2_ADV/CLKIN1  n/a            100.000       8.000       92.000     MMCME2_ADV_X1Y2  gen_pynq_clk_50m.u_clk_mmcm/CLKIN1
Low Pulse Width   Slow    MMCME2_ADV/CLKIN1  n/a            2.000         4.000       2.000      MMCME2_ADV_X1Y2  gen_pynq_clk_50m.u_clk_mmcm/CLKIN1
High Pulse Width  Slow    MMCME2_ADV/CLKIN1  n/a            2.000         4.000       2.000      MMCME2_ADV_X1Y2  gen_pynq_clk_50m.u_clk_mmcm/CLKIN1



---------------------------------------------------------------------------------------------------
From Clock:  gen_pynq_clk_50m.clkfb
  To Clock:  gen_pynq_clk_50m.clkfb

Setup :           NA  Failing Endpoints,  Worst Slack           NA  ,  Total Violation           NA
Hold  :           NA  Failing Endpoints,  Worst Slack           NA  ,  Total Violation           NA
PW    :            0  Failing Endpoints,  Worst Slack        5.845ns,  Total Violation        0.000ns
---------------------------------------------------------------------------------------------------


Pulse Width Checks
--------------------------------------------------------------------------------------
Clock Name:         gen_pynq_clk_50m.clkfb
Waveform(ns):       { 0.000 4.000 }
Period(ns):         8.000
Sources:            { gen_pynq_clk_50m.u_clk_mmcm/CLKFBOUT }

Check Type  Corner  Lib Pin             Reference Pin  Required(ns)  Actual(ns)  Slack(ns)  Location         Pin
Min Period  n/a     BUFG/I              n/a            2.155         8.000       5.845      BUFGCTRL_X0Y17   gen_pynq_clk_50m.u_clkfb_bufg/I
Max Period  n/a     MMCME2_ADV/CLKFBIN  n/a            100.000       8.000       92.000     MMCME2_ADV_X1Y2  gen_pynq_clk_50m.u_clk_mmcm/CLKFBIN



---------------------------------------------------------------------------------------------------
From Clock:  gen_pynq_clk_50m.clkout0
  To Clock:  gen_pynq_clk_50m.clkout0

Setup :            0  Failing Endpoints,  Worst Slack        0.338ns,  Total Violation        0.000ns
Hold  :            0  Failing Endpoints,  Worst Slack        0.059ns,  Total Violation        0.000ns
PW    :            0  Failing Endpoints,  Worst Slack        9.500ns,  Total Violation        0.000ns
---------------------------------------------------------------------------------------------------


Max Delay Paths
--------------------------------------------------------------------------------------
Slack (MET) :             0.338ns  (required time - arrival time)
  Source:                 u_soc/u_cpu/mem_wb_rd_addr_r_reg[4]_rep__1/C
                            (rising edge-triggered cell FDCE clocked by gen_pynq_clk_50m.clkout0  {rise@0.000ns fall@10.000ns period=20.000ns})
  Destination:            u_soc/u_cpu/id_ex_alu_op_r_reg[4]_rep__0/D
                            (rising edge-triggered cell FDCE clocked by gen_pynq_clk_50m.clkout0  {rise@0.000ns fall@10.000ns period=20.000ns})
  Path Group:             gen_pynq_clk_50m.clkout0
  Path Type:              Setup (Max at Slow Process Corner)
  Requirement:            20.000ns  (gen_pynq_clk_50m.clkout0 rise@20.000ns - gen_pynq_clk_50m.clkout0 rise@0.000ns)
  Data Path Delay:        19.473ns  (logic 4.688ns (24.074%)  route 14.785ns (75.926%))
  Logic Levels:           23  (CARRY4=5 LUT2=2 LUT3=2 LUT4=2 LUT5=1 LUT6=11)
  Clock Path Skew:        -0.052ns (DCD - SCD + CPR)
    Destination Clock Delay (DCD):    -1.393ns = ( 18.607 - 20.000 ) 
    Source Clock Delay      (SCD):    -0.756ns
    Clock Pessimism Removal (CPR):    0.584ns
  Clock Uncertainty:      0.079ns  ((TSJ^2 + DJ^2)^1/2) / 2 + PE
    Total System Jitter     (TSJ):    0.071ns
    Discrete Jitter          (DJ):    0.141ns
    Phase Error              (PE):    0.000ns

    Location             Delay type                Incr(ns)  Path(ns)    Netlist Resource(s)
  -------------------------------------------------------------------    -------------------
                         (clock gen_pynq_clk_50m.clkout0 rise edge)
                                                      0.000     0.000 r  
    H16                                               0.000     0.000 r  CLK100MHZ (IN)
                         net (fo=0)                   0.000     0.000    CLK100MHZ
    H16                  IBUF (Prop_ibuf_I_O)         1.451     1.451 r  CLK100MHZ_IBUF_inst/O
                         net (fo=1, routed)           1.285     2.736    CLK100MHZ_IBUF
    MMCME2_ADV_X1Y2      MMCME2_ADV (Prop_mmcme2_adv_CLKIN1_CLKOUT0)
                                                     -7.759    -5.023 r  gen_pynq_clk_50m.u_clk_mmcm/CLKOUT0
                         net (fo=1, routed)           2.206    -2.817    gen_pynq_clk_50m.clkout0
    BUFGCTRL_X0Y16       BUFG (Prop_bufg_I_O)         0.101    -2.716 r  gen_pynq_clk_50m.u_cpu_clk_bufg/O
                         net (fo=2379, routed)        1.960    -0.756    u_soc/u_cpu/cpu_clk
    SLICE_X91Y120        FDCE                                         r  u_soc/u_cpu/mem_wb_rd_addr_r_reg[4]_rep__1/C
  -------------------------------------------------------------------    -------------------
    SLICE_X91Y120        FDCE (Prop_fdce_C_Q)         0.456    -0.300 r  u_soc/u_cpu/mem_wb_rd_addr_r_reg[4]_rep__1/Q
                         net (fo=5, routed)           0.604     0.303    u_soc/u_cpu_n_71
    SLICE_X91Y120        LUT2 (Prop_lut2_I0_O)        0.124     0.427 r  u_soc/regs[9][31]_i_3/O
                         net (fo=3, routed)           0.510     0.937    u_soc/u_cpu/u_ex_stage/u_alu/gen_mul_extension.mul_signed_i_113_2
    SLICE_X90Y118        LUT6 (Prop_lut6_I4_O)        0.124     1.061 r  u_soc/u_cpu/u_ex_stage/u_alu/gen_mul_extension.mul_signed_i_127/O
                         net (fo=35, routed)          1.237     2.298    u_soc/u_cpu/u_ex_stage/u_alu/gen_mul_extension.mul_signed_i_127_n_0
    SLICE_X88Y115        LUT6 (Prop_lut6_I4_O)        0.124     2.422 r  u_soc/u_cpu/u_ex_stage/u_alu/gen_mul_extension.mul_signed_i_112/O
                         net (fo=30, routed)          1.201     3.623    u_soc/u_cpu/u_ex_stage/u_alu/gen_mul_extension.mul_signed_i_112_n_0
    SLICE_X91Y110        LUT6 (Prop_lut6_I3_O)        0.124     3.747 r  u_soc/u_cpu/u_ex_stage/u_alu/gen_mul_extension.mul_signed_i_106/O
                         net (fo=1, routed)           0.616     4.363    u_soc/u_cpu/u_ex_stage/u_alu/ex_rs2_forwarded__0[5]
    SLICE_X96Y109        LUT6 (Prop_lut6_I3_O)        0.124     4.487 r  u_soc/u_cpu/u_ex_stage/u_alu/gen_mul_extension.mul_signed_i_59/O
                         net (fo=4, routed)           0.932     5.419    u_soc/u_cpu/ex_rs2_forwarded[5]
    SLICE_X91Y108        LUT3 (Prop_lut3_I0_O)        0.124     5.543 r  u_soc/u_cpu/ex_mem_mem_addr_r[11]_i_13/O
                         net (fo=2, routed)           0.624     6.167    u_soc/u_cpu/ex_mem_mem_addr_r[11]_i_13_n_0
    SLICE_X93Y109        LUT6 (Prop_lut6_I2_O)        0.124     6.291 r  u_soc/u_cpu/ex_mem_mem_addr_r[11]_i_9/O
                         net (fo=1, routed)           0.585     6.876    u_soc/u_cpu/ex_mem_mem_addr_r[11]_i_9_n_0
    SLICE_X92Y112        LUT5 (Prop_lut5_I3_O)        0.124     7.000 r  u_soc/u_cpu/ex_mem_mem_addr_r[11]_i_5/O
                         net (fo=1, routed)           0.000     7.000    u_soc/u_cpu/ex_mem_mem_addr_r[11]_i_5_n_0
    SLICE_X92Y112        CARRY4 (Prop_carry4_S[0]_CO[3])
                                                      0.513     7.513 r  u_soc/u_cpu/ex_mem_mem_addr_r_reg[11]_i_1/CO[3]
                         net (fo=1, routed)           0.000     7.513    u_soc/u_cpu/ex_mem_mem_addr_r_reg[11]_i_1_n_0
    SLICE_X92Y113        CARRY4 (Prop_carry4_CI_CO[3])
                                                      0.117     7.630 r  u_soc/u_cpu/ex_mem_mem_addr_r_reg[15]_i_1/CO[3]
                         net (fo=1, routed)           0.000     7.630    u_soc/u_cpu/ex_mem_mem_addr_r_reg[15]_i_1_n_0
    SLICE_X92Y114        CARRY4 (Prop_carry4_CI_O[0])
                                                      0.232     7.862 r  u_soc/u_cpu/ex_mem_mem_addr_r_reg[19]_i_1/O[0]
                         net (fo=2, routed)           0.823     8.685    u_soc/u_cpu/ex_mem_addr[16]
    SLICE_X85Y115        LUT4 (Prop_lut4_I3_O)        0.295     8.980 r  u_soc/u_cpu/fetch_pc_r[16]_i_5/O
                         net (fo=4, routed)           0.777     9.756    u_soc/u_cpu/ex_redirect_pc[16]
    SLICE_X84Y117        LUT6 (Prop_lut6_I0_O)        0.124     9.880 r  u_soc/u_cpu/ex_decode_flush_valid_inst_i_40/O
                         net (fo=1, routed)           0.000     9.880    u_soc/u_cpu/ex_decode_flush_valid_inst_i_40_n_0
    SLICE_X84Y117        CARRY4 (Prop_carry4_S[1]_CO[3])
                                                      0.550    10.430 r  u_soc/u_cpu/ex_decode_flush_valid_inst_i_23/CO[3]
                         net (fo=1, routed)           0.000    10.430    u_soc/u_cpu/ex_decode_flush_valid_inst_i_23_n_0
    SLICE_X84Y118        CARRY4 (Prop_carry4_CI_CO[2])
                                                      0.228    10.658 r  u_soc/u_cpu/ex_decode_flush_valid_inst_i_12/CO[2]
                         net (fo=1, routed)           0.576    11.235    u_soc/u_cpu/u_ex_stage/u_alu/fetch_pc_r[31]_i_5_0[0]
    SLICE_X80Y119        LUT6 (Prop_lut6_I4_O)        0.313    11.548 f  u_soc/u_cpu/u_ex_stage/u_alu/ex_decode_flush_valid_inst_i_3/O
                         net (fo=8, routed)           0.628    12.176    u_soc/u_cpu/u_ex_stage/u_alu/fetch_reuse_redirect_valid
    SLICE_X80Y119        LUT3 (Prop_lut3_I0_O)        0.124    12.300 f  u_soc/u_cpu/u_ex_stage/u_alu/ex_decode_flush_valid_inst_i_1/O
                         net (fo=14, routed)          0.511    12.811    u_soc/u_cpu/u_ex_stage/u_alu/ex_decode_flush_valid_inst_i_1_n_0
    SLICE_X80Y118        LUT4 (Prop_lut4_I3_O)        0.124    12.935 r  u_soc/u_cpu/u_ex_stage/u_alu/ex_decode_flush_valid_inst_i_16/O
                         net (fo=2, routed)           0.574    13.509    u_soc/u_cpu/u_ex_stage/u_alu/ex_decode_flush_valid_inst_i_16_n_0
    SLICE_X80Y121        LUT6 (Prop_lut6_I0_O)        0.124    13.633 r  u_soc/u_cpu/u_ex_stage/u_alu/ex_decode_flush_valid_inst_i_8/O
                         net (fo=3, routed)           0.457    14.090    u_soc/u_cpu/u_ex_stage/u_alu/p_62_in
    SLICE_X80Y121        LUT6 (Prop_lut6_I3_O)        0.124    14.214 r  u_soc/u_cpu/u_ex_stage/u_alu/ex_decode_flush_valid_inst_i_2/O
                         net (fo=3, routed)           0.460    14.675    u_soc/u_cpu/u_ex_stage/u_alu/p_11_in
    SLICE_X80Y118        LUT2 (Prop_lut2_I1_O)        0.124    14.799 r  u_soc/u_cpu/u_ex_stage/u_alu/ex_decode_flush_valid_inst__0/O
                         net (fo=3, routed)           0.681    15.479    u_soc/u_cpu/u_ex_stage/u_alu/id_ex_flush_valid_local
    SLICE_X64Y117        LUT6 (Prop_lut6_I1_O)        0.124    15.603 r  u_soc/u_cpu/u_ex_stage/u_alu/id_ex_alu_op_r[5]_i_4/O
                         net (fo=7, routed)           0.956    16.559    u_soc/u_cpu/u_ex_stage/u_alu/id_ex_alu_op_r[5]_i_4_n_0
    SLICE_X48Y117        LUT6 (Prop_lut6_I5_O)        0.124    16.683 r  u_soc/u_cpu/u_ex_stage/u_alu/id_ex_alu_op_r[4]_i_1/O
                         net (fo=9, routed)           2.034    18.717    u_soc/u_cpu/u_ex_stage_n_352
    SLICE_X100Y115       FDCE                                         r  u_soc/u_cpu/id_ex_alu_op_r_reg[4]_rep__0/D
  -------------------------------------------------------------------    -------------------

                         (clock gen_pynq_clk_50m.clkout0 rise edge)
                                                     20.000    20.000 r  
    H16                                               0.000    20.000 r  CLK100MHZ (IN)
                         net (fo=0)                   0.000    20.000    CLK100MHZ
    H16                  IBUF (Prop_ibuf_I_O)         1.380    21.380 r  CLK100MHZ_IBUF_inst/O
                         net (fo=1, routed)           1.162    22.542    CLK100MHZ_IBUF
    MMCME2_ADV_X1Y2      MMCME2_ADV (Prop_mmcme2_adv_CLKIN1_CLKOUT0)
                                                     -7.814    14.728 r  gen_pynq_clk_50m.u_clk_mmcm/CLKOUT0
                         net (fo=1, routed)           2.012    16.740    gen_pynq_clk_50m.clkout0
    BUFGCTRL_X0Y16       BUFG (Prop_bufg_I_O)         0.091    16.831 r  gen_pynq_clk_50m.u_cpu_clk_bufg/O
                         net (fo=2379, routed)        1.776    18.607    u_soc/u_cpu/cpu_clk
    SLICE_X100Y115       FDCE                                         r  u_soc/u_cpu/id_ex_alu_op_r_reg[4]_rep__0/C
                         clock pessimism              0.584    19.192    
                         clock uncertainty           -0.079    19.113    
    SLICE_X100Y115       FDCE (Setup_fdce_C_D)       -0.058    19.055    u_soc/u_cpu/id_ex_alu_op_r_reg[4]_rep__0
  -------------------------------------------------------------------
                         required time                         19.055    
                         arrival time                         -18.717    
  -------------------------------------------------------------------
                         slack                                  0.338    





Min Delay Paths
--------------------------------------------------------------------------------------
Slack (MET) :             0.059ns  (arrival time - required time)
  Source:                 u_soc/u_cpu/ex_mem_store_data_r_reg[9]/C
                            (rising edge-triggered cell FDCE clocked by gen_pynq_clk_50m.clkout0  {rise@0.000ns fall@10.000ns period=20.000ns})
  Destination:            u_soc/uart_tx_data_reg[1]/D
                            (rising edge-triggered cell FDCE clocked by gen_pynq_clk_50m.clkout0  {rise@0.000ns fall@10.000ns period=20.000ns})
  Path Group:             gen_pynq_clk_50m.clkout0
  Path Type:              Hold (Min at Fast Process Corner)
  Requirement:            0.000ns  (gen_pynq_clk_50m.clkout0 rise@0.000ns - gen_pynq_clk_50m.clkout0 rise@0.000ns)
  Data Path Delay:        0.417ns  (logic 0.186ns (44.616%)  route 0.231ns (55.384%))
  Logic Levels:           1  (LUT6=1)
  Clock Path Skew:        0.267ns (DCD - SCD - CPR)
    Destination Clock Delay (DCD):    -0.832ns
    Source Clock Delay      (SCD):    -0.599ns
    Clock Pessimism Removal (CPR):    -0.500ns

    Location             Delay type                Incr(ns)  Path(ns)    Netlist Resource(s)
  -------------------------------------------------------------------    -------------------
                         (clock gen_pynq_clk_50m.clkout0 rise edge)
                                                      0.000     0.000 r  
    H16                                               0.000     0.000 r  CLK100MHZ (IN)
                         net (fo=0)                   0.000     0.000    CLK100MHZ
    H16                  IBUF (Prop_ibuf_I_O)         0.219     0.219 r  CLK100MHZ_IBUF_inst/O
                         net (fo=1, routed)           0.440     0.659    CLK100MHZ_IBUF
    MMCME2_ADV_X1Y2      MMCME2_ADV (Prop_mmcme2_adv_CLKIN1_CLKOUT0)
                                                     -2.613    -1.954 r  gen_pynq_clk_50m.u_clk_mmcm/CLKOUT0
                         net (fo=1, routed)           0.696    -1.257    gen_pynq_clk_50m.clkout0
    BUFGCTRL_X0Y16       BUFG (Prop_bufg_I_O)         0.026    -1.231 r  gen_pynq_clk_50m.u_cpu_clk_bufg/O
                         net (fo=2379, routed)        0.632    -0.599    u_soc/u_cpu/cpu_clk
    SLICE_X51Y111        FDCE                                         r  u_soc/u_cpu/ex_mem_store_data_r_reg[9]/C
  -------------------------------------------------------------------    -------------------
    SLICE_X51Y111        FDCE (Prop_fdce_C_Q)         0.141    -0.458 r  u_soc/u_cpu/ex_mem_store_data_r_reg[9]/Q
                         net (fo=2, routed)           0.231    -0.227    u_soc/u_cpu/ex_mem_store_data_r[9]
    SLICE_X44Y111        LUT6 (Prop_lut6_I1_O)        0.045    -0.182 r  u_soc/u_cpu/uart_tx_data[1]_i_1/O
                         net (fo=1, routed)           0.000    -0.182    u_soc/u_cpu_n_96
    SLICE_X44Y111        FDCE                                         r  u_soc/uart_tx_data_reg[1]/D
  -------------------------------------------------------------------    -------------------

                         (clock gen_pynq_clk_50m.clkout0 rise edge)
                                                      0.000     0.000 r  
    H16                                               0.000     0.000 r  CLK100MHZ (IN)
                         net (fo=0)                   0.000     0.000    CLK100MHZ
    H16                  IBUF (Prop_ibuf_I_O)         0.406     0.406 r  CLK100MHZ_IBUF_inst/O
                         net (fo=1, routed)           0.480     0.886    CLK100MHZ_IBUF
    MMCME2_ADV_X1Y2      MMCME2_ADV (Prop_mmcme2_adv_CLKIN1_CLKOUT0)
                                                     -3.407    -2.521 r  gen_pynq_clk_50m.u_clk_mmcm/CLKOUT0
                         net (fo=1, routed)           0.752    -1.769    gen_pynq_clk_50m.clkout0
    BUFGCTRL_X0Y16       BUFG (Prop_bufg_I_O)         0.029    -1.740 r  gen_pynq_clk_50m.u_cpu_clk_bufg/O
                         net (fo=2379, routed)        0.908    -0.832    u_soc/cpu_clk
    SLICE_X44Y111        FDCE                                         r  u_soc/uart_tx_data_reg[1]/C
                         clock pessimism              0.500    -0.332    
    SLICE_X44Y111        FDCE (Hold_fdce_C_D)         0.091    -0.241    u_soc/uart_tx_data_reg[1]
  -------------------------------------------------------------------
                         required time                          0.241    
                         arrival time                          -0.182    
  -------------------------------------------------------------------
                         slack                                  0.059    





Pulse Width Checks
--------------------------------------------------------------------------------------
Clock Name:         gen_pynq_clk_50m.clkout0
Waveform(ns):       { 0.000 10.000 }
Period(ns):         20.000
Sources:            { gen_pynq_clk_50m.u_clk_mmcm/CLKOUT0 }

Check Type        Corner  Lib Pin             Reference Pin  Required(ns)  Actual(ns)  Slack(ns)  Location         Pin
Min Period        n/a     RAMB36E1/CLKARDCLK  n/a            2.944         20.000      17.056     RAMB36_X3Y20     u_soc/u_dmem_ram/g_sync_ram.g_posedge_read.ram_mem_reg_0/CLKARDCLK
Max Period        n/a     MMCME2_ADV/CLKOUT0  n/a            213.360       20.000      193.360    MMCME2_ADV_X1Y2  gen_pynq_clk_50m.u_clk_mmcm/CLKOUT0
Low Pulse Width   Slow    FDCE/C              n/a            0.500         10.000      9.500      SLICE_X108Y147   reset_sync_r_reg[0]/C
High Pulse Width  Slow    FDCE/C              n/a            0.500         10.000      9.500      SLICE_X108Y147   reset_sync_r_reg[0]/C



---------------------------------------------------------------------------------------------------
Path Group:  **async_default**
From Clock:  gen_pynq_clk_50m.clkout0
  To Clock:  gen_pynq_clk_50m.clkout0

Setup :            0  Failing Endpoints,  Worst Slack       12.589ns,  Total Violation        0.000ns
Hold  :            0  Failing Endpoints,  Worst Slack        0.748ns,  Total Violation        0.000ns
---------------------------------------------------------------------------------------------------


Max Delay Paths
--------------------------------------------------------------------------------------
Slack (MET) :             12.589ns  (required time - arrival time)
  Source:                 reset_sync_r_reg[3]/C
                            (rising edge-triggered cell FDCE clocked by gen_pynq_clk_50m.clkout0  {rise@0.000ns fall@10.000ns period=20.000ns})
  Destination:            u_soc/g_dmem_posedge_tracking.dmem_read_src_r_reg[1]/CLR
                            (recovery check against rising-edge clock gen_pynq_clk_50m.clkout0  {rise@0.000ns fall@10.000ns period=20.000ns})
  Path Group:             **async_default**
  Path Type:              Recovery (Max at Slow Process Corner)
  Requirement:            20.000ns  (gen_pynq_clk_50m.clkout0 rise@20.000ns - gen_pynq_clk_50m.clkout0 rise@0.000ns)
  Data Path Delay:        6.719ns  (logic 0.580ns (8.633%)  route 6.139ns (91.367%))
  Logic Levels:           1  (LUT6=1)
  Clock Path Skew:        -0.209ns (DCD - SCD + CPR)
    Destination Clock Delay (DCD):    -1.454ns = ( 18.546 - 20.000 ) 
    Source Clock Delay      (SCD):    -0.660ns
    Clock Pessimism Removal (CPR):    0.584ns
  Clock Uncertainty:      0.079ns  ((TSJ^2 + DJ^2)^1/2) / 2 + PE
    Total System Jitter     (TSJ):    0.071ns
    Discrete Jitter          (DJ):    0.141ns
    Phase Error              (PE):    0.000ns

    Location             Delay type                Incr(ns)  Path(ns)    Netlist Resource(s)
  -------------------------------------------------------------------    -------------------
                         (clock gen_pynq_clk_50m.clkout0 rise edge)
                                                      0.000     0.000 r  
    H16                                               0.000     0.000 r  CLK100MHZ (IN)
                         net (fo=0)                   0.000     0.000    CLK100MHZ
    H16                  IBUF (Prop_ibuf_I_O)         1.451     1.451 r  CLK100MHZ_IBUF_inst/O
                         net (fo=1, routed)           1.285     2.736    CLK100MHZ_IBUF
    MMCME2_ADV_X1Y2      MMCME2_ADV (Prop_mmcme2_adv_CLKIN1_CLKOUT0)
                                                     -7.759    -5.023 r  gen_pynq_clk_50m.u_clk_mmcm/CLKOUT0
                         net (fo=1, routed)           2.206    -2.817    gen_pynq_clk_50m.clkout0
    BUFGCTRL_X0Y16       BUFG (Prop_bufg_I_O)         0.101    -2.716 r  gen_pynq_clk_50m.u_cpu_clk_bufg/O
                         net (fo=2379, routed)        2.056    -0.660    cpu_clk
    SLICE_X109Y147       FDCE                                         r  reset_sync_r_reg[3]/C
  -------------------------------------------------------------------    -------------------
    SLICE_X109Y147       FDCE (Prop_fdce_C_Q)         0.456    -0.204 r  reset_sync_r_reg[3]/Q
                         net (fo=3, routed)           1.205     1.000    u_soc/u_cpu/u_regfile/Q[3]
    SLICE_X109Y147       LUT6 (Prop_lut6_I2_O)        0.124     1.124 f  u_soc/u_cpu/u_regfile/regs[1][31]_i_3/O
                         net (fo=2352, routed)        4.934     6.058    u_soc/gen_pynq_clk_50m.u_clk_mmcm
    SLICE_X80Y112        FDCE                                         f  u_soc/g_dmem_posedge_tracking.dmem_read_src_r_reg[1]/CLR
  -------------------------------------------------------------------    -------------------

                         (clock gen_pynq_clk_50m.clkout0 rise edge)
                                                     20.000    20.000 r  
    H16                                               0.000    20.000 r  CLK100MHZ (IN)
                         net (fo=0)                   0.000    20.000    CLK100MHZ
    H16                  IBUF (Prop_ibuf_I_O)         1.380    21.380 r  CLK100MHZ_IBUF_inst/O
                         net (fo=1, routed)           1.162    22.542    CLK100MHZ_IBUF
    MMCME2_ADV_X1Y2      MMCME2_ADV (Prop_mmcme2_adv_CLKIN1_CLKOUT0)
                                                     -7.814    14.728 r  gen_pynq_clk_50m.u_clk_mmcm/CLKOUT0
                         net (fo=1, routed)           2.012    16.740    gen_pynq_clk_50m.clkout0
    BUFGCTRL_X0Y16       BUFG (Prop_bufg_I_O)         0.091    16.831 r  gen_pynq_clk_50m.u_cpu_clk_bufg/O
                         net (fo=2379, routed)        1.715    18.546    u_soc/cpu_clk
    SLICE_X80Y112        FDCE                                         r  u_soc/g_dmem_posedge_tracking.dmem_read_src_r_reg[1]/C
                         clock pessimism              0.584    19.131    
                         clock uncertainty           -0.079    19.052    
    SLICE_X80Y112        FDCE (Recov_fdce_C_CLR)     -0.405    18.647    u_soc/g_dmem_posedge_tracking.dmem_read_src_r_reg[1]
  -------------------------------------------------------------------
                         required time                         18.647    
                         arrival time                          -6.058    
  -------------------------------------------------------------------
                         slack                                 12.589    





Min Delay Paths
--------------------------------------------------------------------------------------
Slack (MET) :             0.748ns  (arrival time - required time)
  Source:                 reset_sync_r_reg[0]/C
                            (rising edge-triggered cell FDCE clocked by gen_pynq_clk_50m.clkout0  {rise@0.000ns fall@10.000ns period=20.000ns})
  Destination:            u_soc/u_cpu/u_regfile/regs_reg[29][16]/CLR
                            (removal check against rising-edge clock gen_pynq_clk_50m.clkout0  {rise@0.000ns fall@10.000ns period=20.000ns})
  Path Group:             **async_default**
  Path Type:              Removal (Min at Fast Process Corner)
  Requirement:            0.000ns  (gen_pynq_clk_50m.clkout0 rise@0.000ns - gen_pynq_clk_50m.clkout0 rise@0.000ns)
  Data Path Delay:        0.691ns  (logic 0.209ns (30.260%)  route 0.482ns (69.740%))
  Logic Levels:           1  (LUT6=1)
  Clock Path Skew:        0.010ns (DCD - SCD - CPR)
    Destination Clock Delay (DCD):    -0.774ns
    Source Clock Delay      (SCD):    -0.513ns
    Clock Pessimism Removal (CPR):    -0.271ns

    Location             Delay type                Incr(ns)  Path(ns)    Netlist Resource(s)
  -------------------------------------------------------------------    -------------------
                         (clock gen_pynq_clk_50m.clkout0 rise edge)
                                                      0.000     0.000 r  
    H16                                               0.000     0.000 r  CLK100MHZ (IN)
                         net (fo=0)                   0.000     0.000    CLK100MHZ
    H16                  IBUF (Prop_ibuf_I_O)         0.219     0.219 r  CLK100MHZ_IBUF_inst/O
                         net (fo=1, routed)           0.440     0.659    CLK100MHZ_IBUF
    MMCME2_ADV_X1Y2      MMCME2_ADV (Prop_mmcme2_adv_CLKIN1_CLKOUT0)
                                                     -2.613    -1.954 r  gen_pynq_clk_50m.u_clk_mmcm/CLKOUT0
                         net (fo=1, routed)           0.696    -1.257    gen_pynq_clk_50m.clkout0
    BUFGCTRL_X0Y16       BUFG (Prop_bufg_I_O)         0.026    -1.231 r  gen_pynq_clk_50m.u_cpu_clk_bufg/O
                         net (fo=2379, routed)        0.718    -0.513    cpu_clk
    SLICE_X108Y147       FDCE                                         r  reset_sync_r_reg[0]/C
  -------------------------------------------------------------------    -------------------
    SLICE_X108Y147       FDCE (Prop_fdce_C_Q)         0.164    -0.349 r  reset_sync_r_reg[0]/Q
                         net (fo=3, routed)           0.106    -0.243    u_soc/u_cpu/u_regfile/Q[0]
    SLICE_X109Y147       LUT6 (Prop_lut6_I3_O)        0.045    -0.198 f  u_soc/u_cpu/u_regfile/regs[1][31]_i_3/O
                         net (fo=2352, routed)        0.375     0.178    u_soc/u_cpu/u_regfile/gen_pynq_clk_50m.u_clk_mmcm
    SLICE_X104Y147       FDCE                                         f  u_soc/u_cpu/u_regfile/regs_reg[29][16]/CLR
  -------------------------------------------------------------------    -------------------

                         (clock gen_pynq_clk_50m.clkout0 rise edge)
                                                      0.000     0.000 r  
    H16                                               0.000     0.000 r  CLK100MHZ (IN)
                         net (fo=0)                   0.000     0.000    CLK100MHZ
    H16                  IBUF (Prop_ibuf_I_O)         0.406     0.406 r  CLK100MHZ_IBUF_inst/O
                         net (fo=1, routed)           0.480     0.886    CLK100MHZ_IBUF
    MMCME2_ADV_X1Y2      MMCME2_ADV (Prop_mmcme2_adv_CLKIN1_CLKOUT0)
                                                     -3.407    -2.521 r  gen_pynq_clk_50m.u_clk_mmcm/CLKOUT0
                         net (fo=1, routed)           0.752    -1.769    gen_pynq_clk_50m.clkout0
    BUFGCTRL_X0Y16       BUFG (Prop_bufg_I_O)         0.029    -1.740 r  gen_pynq_clk_50m.u_cpu_clk_bufg/O
                         net (fo=2379, routed)        0.966    -0.774    u_soc/u_cpu/u_regfile/cpu_clk
    SLICE_X104Y147       FDCE                                         r  u_soc/u_cpu/u_regfile/regs_reg[29][16]/C
                         clock pessimism              0.271    -0.503    
    SLICE_X104Y147       FDCE (Remov_fdce_C_CLR)     -0.067    -0.570    u_soc/u_cpu/u_regfile/regs_reg[29][16]
  -------------------------------------------------------------------
                         required time                          0.570    
                         arrival time                           0.178    
  -------------------------------------------------------------------
                         slack                                  0.748    





