Copyright 1986-2022 Xilinx, Inc. All Rights Reserved. Copyright 2022-2025 Advanced Micro Devices, Inc. All Rights Reserved.
---------------------------------------------------------------------------------------------------------------------------------------------
| Tool Version : Vivado v.2025.2 (win64) Build 6299465 Fri Nov 14 19:35:11 GMT 2025
| Date         : Thu May  7 10:30:37 2026
| Host         : Toylog_desktop running 64-bit major release  (build 9200)
| Command      : report_timing_summary -file W:/project/reports/pynq_z2_sysclk_8p000ns_cpu50/impl_timing_summary.rpt
| Design       : YH_rv_cpu_fpga_top
| Device       : 7z020-clg400
| Speed File   : -1  PRODUCTION 1.12 2019-11-22
| Design State : Physopt postRoute
---------------------------------------------------------------------------------------------------------------------------------------------

Timing Summary Report

------------------------------------------------------------------------------------------------
| Timer Settings
| --------------
------------------------------------------------------------------------------------------------

  Enable Multi Corner Analysis               :  Yes
  Enable Pessimism Removal                   :  Yes
  Pessimism Removal Resolution               :  Nearest Common Node
  Enable Input Delay Default Clock           :  No
  Enable Preset / Clear Arcs                 :  No
  Disable Flight Delays                      :  No
  Ignore I/O Paths                           :  No
  Timing Early Launch at Borrowing Latches   :  No
  Borrow Time for Max Delay Exceptions       :  Yes
  Merge Timing Exceptions                    :  Yes
  Inter-SLR Compensation                     :  Conservative

  Corner  Analyze    Analyze    
  Name    Max Paths  Min Paths  
  ------  ---------  ---------  
  Slow    Yes        Yes        
  Fast    Yes        Yes        


------------------------------------------------------------------------------------------------
| Report Methodology
| ------------------
------------------------------------------------------------------------------------------------

No report available as report_methodology has not been run prior. Run report_methodology on the current design for the summary of methodology violations.



check_timing report

Table of Contents
-----------------
1. checking no_clock (0)
2. checking constant_clock (0)
3. checking pulse_width_clock (0)
4. checking unconstrained_internal_endpoints (0)
5. checking no_input_delay (1)
6. checking no_output_delay (4)
7. checking multiple_clock (0)
8. checking generated_clocks (0)
9. checking loops (0)
10. checking partial_input_delay (0)
11. checking partial_output_delay (0)
12. checking latch_loops (0)

1. checking no_clock (0)
------------------------
 There are 0 register/latch pins with no clock.


2. checking constant_clock (0)
------------------------------
 There are 0 register/latch pins with constant_clock.


3. checking pulse_width_clock (0)
---------------------------------
 There are 0 register/latch pins which need pulse_width check


4. checking unconstrained_internal_endpoints (0)
------------------------------------------------
 There are 0 pins that are not constrained for maximum delay.

 There are 0 pins that are not constrained for maximum delay due to constant clock.


5. checking no_input_delay (1)
------------------------------
 There is 1 input port with no input delay specified. (HIGH)

 There are 0 input ports with no input delay but user has a false path constraint.


6. checking no_output_delay (4)
-------------------------------
 There are 4 ports with no output delay specified. (HIGH)

 There are 0 ports with no output delay but user has a false path constraint

 There are 0 ports with no output delay but with a timing clock defined on it or propagating through it


7. checking multiple_clock (0)
------------------------------
 There are 0 register/latch pins with multiple clocks.


8. checking generated_clocks (0)
--------------------------------
 There are 0 generated clocks that are not connected to a clock source.


9. checking loops (0)
---------------------
 There are 0 combinational loops in the design.


10. checking partial_input_delay (0)
------------------------------------
 There are 0 input ports with partial input delay specified.


11. checking partial_output_delay (0)
-------------------------------------
 There are 0 ports with partial output delay specified.


12. checking latch_loops (0)
----------------------------
 There are 0 combinational latch loops in the design through latch input



------------------------------------------------------------------------------------------------
| Design Timing Summary
| ---------------------
------------------------------------------------------------------------------------------------

    WNS(ns)      TNS(ns)  TNS Failing Endpoints  TNS Total Endpoints      WHS(ns)      THS(ns)  THS Failing Endpoints  THS Total Endpoints     WPWS(ns)     TPWS(ns)  TPWS Failing Endpoints  TPWS Total Endpoints  
    -------      -------  ---------------------  -------------------      -------      -------  ---------------------  -------------------     --------     --------  ----------------------  --------------------  
      0.307        0.000                      0                 7203        0.054        0.000                      0                 7203        2.000        0.000                       0                  2402  


All user specified timing constraints are met.


------------------------------------------------------------------------------------------------
| Clock Summary
| -------------
------------------------------------------------------------------------------------------------

Clock                       Waveform(ns)         Period(ns)      Frequency(MHz)
-----                       ------------         ----------      --------------
pynq_sys_clk                {0.000 4.000}        8.000           125.000         
  gen_pynq_clk_50m.clkfb    {0.000 4.000}        8.000           125.000         
  gen_pynq_clk_50m.clkout0  {0.000 10.000}       20.000          50.000          


------------------------------------------------------------------------------------------------
| Intra Clock Table
| -----------------
------------------------------------------------------------------------------------------------

Clock                           WNS(ns)      TNS(ns)  TNS Failing Endpoints  TNS Total Endpoints      WHS(ns)      THS(ns)  THS Failing Endpoints  THS Total Endpoints     WPWS(ns)     TPWS(ns)  TPWS Failing Endpoints  TPWS Total Endpoints  
-----                           -------      -------  ---------------------  -------------------      -------      -------  ---------------------  -------------------     --------     --------  ----------------------  --------------------  
pynq_sys_clk                                                                                                                                                                  2.000        0.000                       0                     1  
  gen_pynq_clk_50m.clkfb                                                                                                                                                      5.845        0.000                       0                     3  
  gen_pynq_clk_50m.clkout0        0.307        0.000                      0                 4833        0.054        0.000                      0                 4833        9.500        0.000                       0                  2398  


------------------------------------------------------------------------------------------------
| Inter Clock Table
| -----------------
------------------------------------------------------------------------------------------------

From Clock    To Clock          WNS(ns)      TNS(ns)  TNS Failing Endpoints  TNS Total Endpoints      WHS(ns)      THS(ns)  THS Failing Endpoints  THS Total Endpoints  
----------    --------          -------      -------  ---------------------  -------------------      -------      -------  ---------------------  -------------------  


------------------------------------------------------------------------------------------------
| Other Path Groups Table
| -----------------------
------------------------------------------------------------------------------------------------

Path Group                From Clock                To Clock                      WNS(ns)      TNS(ns)  TNS Failing Endpoints  TNS Total Endpoints      WHS(ns)      THS(ns)  THS Failing Endpoints  THS Total Endpoints  
----------                ----------                --------                      -------      -------  ---------------------  -------------------      -------      -------  ---------------------  -------------------  
**async_default**         gen_pynq_clk_50m.clkout0  gen_pynq_clk_50m.clkout0        5.385        0.000                      0                 2370        0.616        0.000                      0                 2370  


------------------------------------------------------------------------------------------------
| Timing Details
| --------------
------------------------------------------------------------------------------------------------


---------------------------------------------------------------------------------------------------
From Clock:  pynq_sys_clk
  To Clock:  pynq_sys_clk

Setup :           NA  Failing Endpoints,  Worst Slack           NA  ,  Total Violation           NA
Hold  :           NA  Failing Endpoints,  Worst Slack           NA  ,  Total Violation           NA
PW    :            0  Failing Endpoints,  Worst Slack        2.000ns,  Total Violation        0.000ns
---------------------------------------------------------------------------------------------------


Pulse Width Checks
--------------------------------------------------------------------------------------
Clock Name:         pynq_sys_clk
Waveform(ns):       { 0.000 4.000 }
Period(ns):         8.000
Sources:            { CLK100MHZ }

Check Type        Corner  Lib Pin            Reference Pin  Required(ns)  Actual(ns)  Slack(ns)  Location         Pin
Min Period        n/a     MMCME2_ADV/CLKIN1  n/a            1.249         8.000       6.751      MMCME2_ADV_X1Y2  gen_pynq_clk_50m.u_clk_mmcm/CLKIN1
Max Period        n/a     MMCME2_ADV/CLKIN1  n/a            100.000       8.000       92.000     MMCME2_ADV_X1Y2  gen_pynq_clk_50m.u_clk_mmcm/CLKIN1
Low Pulse Width   Slow    MMCME2_ADV/CLKIN1  n/a            2.000         4.000       2.000      MMCME2_ADV_X1Y2  gen_pynq_clk_50m.u_clk_mmcm/CLKIN1
High Pulse Width  Slow    MMCME2_ADV/CLKIN1  n/a            2.000         4.000       2.000      MMCME2_ADV_X1Y2  gen_pynq_clk_50m.u_clk_mmcm/CLKIN1



---------------------------------------------------------------------------------------------------
From Clock:  gen_pynq_clk_50m.clkfb
  To Clock:  gen_pynq_clk_50m.clkfb

Setup :           NA  Failing Endpoints,  Worst Slack           NA  ,  Total Violation           NA
Hold  :           NA  Failing Endpoints,  Worst Slack           NA  ,  Total Violation           NA
PW    :            0  Failing Endpoints,  Worst Slack        5.845ns,  Total Violation        0.000ns
---------------------------------------------------------------------------------------------------


Pulse Width Checks
--------------------------------------------------------------------------------------
Clock Name:         gen_pynq_clk_50m.clkfb
Waveform(ns):       { 0.000 4.000 }
Period(ns):         8.000
Sources:            { gen_pynq_clk_50m.u_clk_mmcm/CLKFBOUT }

Check Type  Corner  Lib Pin             Reference Pin  Required(ns)  Actual(ns)  Slack(ns)  Location         Pin
Min Period  n/a     BUFG/I              n/a            2.155         8.000       5.845      BUFGCTRL_X0Y17   gen_pynq_clk_50m.u_clkfb_bufg/I
Max Period  n/a     MMCME2_ADV/CLKFBIN  n/a            100.000       8.000       92.000     MMCME2_ADV_X1Y2  gen_pynq_clk_50m.u_clk_mmcm/CLKFBIN



---------------------------------------------------------------------------------------------------
From Clock:  gen_pynq_clk_50m.clkout0
  To Clock:  gen_pynq_clk_50m.clkout0

Setup :            0  Failing Endpoints,  Worst Slack        0.307ns,  Total Violation        0.000ns
Hold  :            0  Failing Endpoints,  Worst Slack        0.054ns,  Total Violation        0.000ns
PW    :            0  Failing Endpoints,  Worst Slack        9.500ns,  Total Violation        0.000ns
---------------------------------------------------------------------------------------------------


Max Delay Paths
--------------------------------------------------------------------------------------
Slack (MET) :             0.307ns  (required time - arrival time)
  Source:                 u_soc/u_cpu/id_ex_rs1_addr_r_reg[1]/C
                            (rising edge-triggered cell FDCE clocked by gen_pynq_clk_50m.clkout0  {rise@0.000ns fall@10.000ns period=20.000ns})
  Destination:            u_soc/u_cpu/ex_mem_exec_result_r_reg[26]/D
                            (rising edge-triggered cell FDCE clocked by gen_pynq_clk_50m.clkout0  {rise@0.000ns fall@10.000ns period=20.000ns})
  Path Group:             gen_pynq_clk_50m.clkout0
  Path Type:              Setup (Max at Slow Process Corner)
  Requirement:            20.000ns  (gen_pynq_clk_50m.clkout0 rise@20.000ns - gen_pynq_clk_50m.clkout0 rise@0.000ns)
  Data Path Delay:        19.651ns  (logic 10.452ns (53.188%)  route 9.199ns (46.813%))
  Logic Levels:           15  (CARRY4=2 DSP48E1=3 LUT3=2 LUT4=2 LUT5=1 LUT6=5)
  Clock Path Skew:        0.005ns (DCD - SCD + CPR)
    Destination Clock Delay (DCD):    -1.388ns = ( 18.612 - 20.000 ) 
    Source Clock Delay      (SCD):    -0.808ns
    Clock Pessimism Removal (CPR):    0.584ns
  Clock Uncertainty:      0.079ns  ((TSJ^2 + DJ^2)^1/2) / 2 + PE
    Total System Jitter     (TSJ):    0.071ns
    Discrete Jitter          (DJ):    0.141ns
    Phase Error              (PE):    0.000ns

    Location             Delay type                Incr(ns)  Path(ns)    Netlist Resource(s)
  -------------------------------------------------------------------    -------------------
                         (clock gen_pynq_clk_50m.clkout0 rise edge)
                                                      0.000     0.000 r  
    H16                                               0.000     0.000 r  CLK100MHZ (IN)
                         net (fo=0)                   0.000     0.000    CLK100MHZ
    H16                  IBUF (Prop_ibuf_I_O)         1.451     1.451 r  CLK100MHZ_IBUF_inst/O
                         net (fo=1, routed)           1.285     2.736    CLK100MHZ_IBUF
    MMCME2_ADV_X1Y2      MMCME2_ADV (Prop_mmcme2_adv_CLKIN1_CLKOUT0)
                                                     -7.759    -5.023 r  gen_pynq_clk_50m.u_clk_mmcm/CLKOUT0
                         net (fo=1, routed)           2.206    -2.817    gen_pynq_clk_50m.clkout0
    BUFGCTRL_X0Y16       BUFG (Prop_bufg_I_O)         0.101    -2.716 r  gen_pynq_clk_50m.u_cpu_clk_bufg/O
                         net (fo=2396, routed)        1.908    -0.808    u_soc/u_cpu/cpu_clk
    SLICE_X85Y114        FDCE                                         r  u_soc/u_cpu/id_ex_rs1_addr_r_reg[1]/C
  -------------------------------------------------------------------    -------------------
    SLICE_X85Y114        FDCE (Prop_fdce_C_Q)         0.419    -0.389 r  u_soc/u_cpu/id_ex_rs1_addr_r_reg[1]/Q
                         net (fo=8, routed)           0.875     0.486    u_soc/u_cpu/u_ex_stage/u_alu/gen_mul_extension.mul_signed_i_118_0[1]
    SLICE_X83Y113        LUT3 (Prop_lut3_I1_O)        0.325     0.811 r  u_soc/u_cpu/u_ex_stage/u_alu/gen_mul_extension.mul_signed_i_158/O
                         net (fo=1, routed)           0.799     1.610    u_soc/u_cpu/u_ex_stage/u_alu/gen_mul_extension.mul_signed_i_158_n_0
    SLICE_X84Y113        LUT6 (Prop_lut6_I0_O)        0.332     1.942 r  u_soc/u_cpu/u_ex_stage/u_alu/gen_mul_extension.mul_signed_i_118/O
                         net (fo=33, routed)          1.370     3.312    u_soc/u_cpu/u_ex_stage/u_alu/ex_mem_rd_en_r_reg
    SLICE_X80Y105        LUT6 (Prop_lut6_I2_O)        0.124     3.436 f  u_soc/u_cpu/u_ex_stage/u_alu/gen_mul_extension.mul_signed__1_i_43/O
                         net (fo=1, routed)           0.440     3.876    u_soc/u_cpu/u_ex_stage/u_alu/gen_mul_extension.mul_signed__1_i_43_n_0
    SLICE_X82Y105        LUT5 (Prop_lut5_I2_O)        0.124     4.000 r  u_soc/u_cpu/u_ex_stage/u_alu/gen_mul_extension.mul_signed__1_i_26/O
                         net (fo=10, routed)          0.915     4.915    u_soc/u_cpu/u_ex_stage/u_alu/mem_wb_base_update_value_r_reg[8]
    SLICE_X92Y102        LUT4 (Prop_lut4_I0_O)        0.124     5.039 r  u_soc/u_cpu/u_ex_stage/u_alu/gen_mul_extension.mul_signed__1_i_9/O
                         net (fo=31, routed)          1.025     6.064    u_soc/u_cpu/u_ex_stage/u_alu/id_ex_pc_r_reg[16][8]
    DSP48_X3Y36          DSP48E1 (Prop_dsp48e1_A[8]_PCOUT[47])
                                                      4.036    10.100 r  u_soc/u_cpu/u_ex_stage/u_alu/gen_mul_extension.mul_mix__3/PCOUT[47]
                         net (fo=1, routed)           0.002    10.102    u_soc/u_cpu/u_ex_stage/u_alu/gen_mul_extension.mul_mix__3_n_106
    DSP48_X3Y37          DSP48E1 (Prop_dsp48e1_PCIN[47]_PCOUT[47])
                                                      1.713    11.815 r  u_soc/u_cpu/u_ex_stage/u_alu/gen_mul_extension.mul_mix__4/PCOUT[47]
                         net (fo=1, routed)           0.002    11.817    u_soc/u_cpu/u_ex_stage/u_alu/gen_mul_extension.mul_mix__4_n_106
    DSP48_X3Y38          DSP48E1 (Prop_dsp48e1_PCIN[47]_P[38])
                                                      1.518    13.335 r  u_soc/u_cpu/u_ex_stage/u_alu/gen_mul_extension.mul_mix__5/P[38]
                         net (fo=2, routed)           1.344    14.680    u_soc/u_cpu/u_ex_stage/u_alu/gen_mul_extension.mul_mix__5_n_67
    SLICE_X94Y105        LUT3 (Prop_lut3_I0_O)        0.153    14.833 r  u_soc/u_cpu/u_ex_stage/u_alu/gen_mul_extension.mul_mix__1_carry__4_i_1/O
                         net (fo=2, routed)           0.708    15.540    u_soc/u_cpu/u_ex_stage/u_alu/gen_mul_extension.mul_mix__1_carry__4_i_1_n_0
    SLICE_X94Y105        LUT4 (Prop_lut4_I3_O)        0.331    15.871 r  u_soc/u_cpu/u_ex_stage/u_alu/gen_mul_extension.mul_mix__1_carry__4_i_5/O
                         net (fo=1, routed)           0.000    15.871    u_soc/u_cpu/u_ex_stage/u_alu/gen_mul_extension.mul_mix__1_carry__4_i_5_n_0
    SLICE_X94Y105        CARRY4 (Prop_carry4_S[3]_CO[3])
                                                      0.376    16.247 r  u_soc/u_cpu/u_ex_stage/u_alu/gen_mul_extension.mul_mix__1_carry__4/CO[3]
                         net (fo=1, routed)           0.000    16.247    u_soc/u_cpu/u_ex_stage/u_alu/gen_mul_extension.mul_mix__1_carry__4_n_0
    SLICE_X94Y106        CARRY4 (Prop_carry4_CI_O[1])
                                                      0.323    16.570 r  u_soc/u_cpu/u_ex_stage/u_alu/gen_mul_extension.mul_mix__1_carry__5/O[1]
                         net (fo=1, routed)           0.564    17.135    u_soc/u_cpu/u_ex_stage/u_alu/data11[26]
    SLICE_X94Y108        LUT6 (Prop_lut6_I1_O)        0.306    17.441 r  u_soc/u_cpu/u_ex_stage/u_alu/ex_mem_exec_result_r[26]_i_8/O
                         net (fo=1, routed)           0.607    18.048    u_soc/u_cpu/u_ex_stage/u_alu/ex_mem_exec_result_r[26]_i_8_n_0
    SLICE_X94Y109        LUT6 (Prop_lut6_I1_O)        0.124    18.172 r  u_soc/u_cpu/u_ex_stage/u_alu/ex_mem_exec_result_r[26]_i_3/O
                         net (fo=1, routed)           0.547    18.719    u_soc/u_cpu/u_ex_stage/u_alu/ex_mem_exec_result_r[26]_i_3_n_0
    SLICE_X99Y108        LUT6 (Prop_lut6_I3_O)        0.124    18.843 r  u_soc/u_cpu/u_ex_stage/u_alu/ex_mem_exec_result_r[26]_i_1/O
                         net (fo=1, routed)           0.000    18.843    u_soc/u_cpu/ex_exec_result_final[26]
    SLICE_X99Y108        FDCE                                         r  u_soc/u_cpu/ex_mem_exec_result_r_reg[26]/D
  -------------------------------------------------------------------    -------------------

                         (clock gen_pynq_clk_50m.clkout0 rise edge)
                                                     20.000    20.000 r  
    H16                                               0.000    20.000 r  CLK100MHZ (IN)
                         net (fo=0)                   0.000    20.000    CLK100MHZ
    H16                  IBUF (Prop_ibuf_I_O)         1.380    21.380 r  CLK100MHZ_IBUF_inst/O
                         net (fo=1, routed)           1.162    22.542    CLK100MHZ_IBUF
    MMCME2_ADV_X1Y2      MMCME2_ADV (Prop_mmcme2_adv_CLKIN1_CLKOUT0)
                                                     -7.814    14.728 r  gen_pynq_clk_50m.u_clk_mmcm/CLKOUT0
                         net (fo=1, routed)           2.012    16.740    gen_pynq_clk_50m.clkout0
    BUFGCTRL_X0Y16       BUFG (Prop_bufg_I_O)         0.091    16.831 r  gen_pynq_clk_50m.u_cpu_clk_bufg/O
                         net (fo=2396, routed)        1.781    18.612    u_soc/u_cpu/cpu_clk
    SLICE_X99Y108        FDCE                                         r  u_soc/u_cpu/ex_mem_exec_result_r_reg[26]/C
                         clock pessimism              0.584    19.197    
                         clock uncertainty           -0.079    19.118    
    SLICE_X99Y108        FDCE (Setup_fdce_C_D)        0.032    19.150    u_soc/u_cpu/ex_mem_exec_result_r_reg[26]
  -------------------------------------------------------------------
                         required time                         19.150    
                         arrival time                         -18.843    
  -------------------------------------------------------------------
                         slack                                  0.307    





Min Delay Paths
--------------------------------------------------------------------------------------
Slack (MET) :             0.054ns  (arrival time - required time)
  Source:                 u_soc/u_cpu/fetch_buf0_valid_r_reg_bret__0/C
                            (rising edge-triggered cell FDCE clocked by gen_pynq_clk_50m.clkout0  {rise@0.000ns fall@10.000ns period=20.000ns})
  Destination:            u_soc/u_cpu/fetch_buf0_valid_r_reg_bret/D
                            (rising edge-triggered cell FDCE clocked by gen_pynq_clk_50m.clkout0  {rise@0.000ns fall@10.000ns period=20.000ns})
  Path Group:             gen_pynq_clk_50m.clkout0
  Path Type:              Hold (Min at Fast Process Corner)
  Requirement:            0.000ns  (gen_pynq_clk_50m.clkout0 rise@0.000ns - gen_pynq_clk_50m.clkout0 rise@0.000ns)
  Data Path Delay:        0.326ns  (logic 0.227ns (69.574%)  route 0.099ns (30.426%))
  Logic Levels:           1  (LUT5=1)
  Clock Path Skew:        0.181ns (DCD - SCD - CPR)
    Destination Clock Delay (DCD):    -0.919ns
    Source Clock Delay      (SCD):    -0.596ns
    Clock Pessimism Removal (CPR):    -0.504ns

    Location             Delay type                Incr(ns)  Path(ns)    Netlist Resource(s)
  -------------------------------------------------------------------    -------------------
                         (clock gen_pynq_clk_50m.clkout0 rise edge)
                                                      0.000     0.000 r  
    H16                                               0.000     0.000 r  CLK100MHZ (IN)
                         net (fo=0)                   0.000     0.000    CLK100MHZ
    H16                  IBUF (Prop_ibuf_I_O)         0.219     0.219 r  CLK100MHZ_IBUF_inst/O
                         net (fo=1, routed)           0.440     0.659    CLK100MHZ_IBUF
    MMCME2_ADV_X1Y2      MMCME2_ADV (Prop_mmcme2_adv_CLKIN1_CLKOUT0)
                                                     -2.613    -1.954 r  gen_pynq_clk_50m.u_clk_mmcm/CLKOUT0
                         net (fo=1, routed)           0.696    -1.257    gen_pynq_clk_50m.clkout0
    BUFGCTRL_X0Y16       BUFG (Prop_bufg_I_O)         0.026    -1.231 r  gen_pynq_clk_50m.u_cpu_clk_bufg/O
                         net (fo=2396, routed)        0.635    -0.596    u_soc/u_cpu/cpu_clk
    SLICE_X52Y100        FDCE                                         r  u_soc/u_cpu/fetch_buf0_valid_r_reg_bret__0/C
  -------------------------------------------------------------------    -------------------
    SLICE_X52Y100        FDCE (Prop_fdce_C_Q)         0.128    -0.468 r  u_soc/u_cpu/fetch_buf0_valid_r_reg_bret__0/Q
                         net (fo=1, routed)           0.099    -0.369    u_soc/u_cpu_n_3
    SLICE_X51Y99         LUT5 (Prop_lut5_I3_O)        0.099    -0.270 r  u_soc/fetch_buf0_valid_r_bret_i_1/O
                         net (fo=83, routed)          0.000    -0.270    u_soc/u_cpu/fetch_buf0_valid_r_reg_bret_1
    SLICE_X51Y99         FDCE                                         r  u_soc/u_cpu/fetch_buf0_valid_r_reg_bret/D
  -------------------------------------------------------------------    -------------------

                         (clock gen_pynq_clk_50m.clkout0 rise edge)
                                                      0.000     0.000 r  
    H16                                               0.000     0.000 r  CLK100MHZ (IN)
                         net (fo=0)                   0.000     0.000    CLK100MHZ
    H16                  IBUF (Prop_ibuf_I_O)         0.406     0.406 r  CLK100MHZ_IBUF_inst/O
                         net (fo=1, routed)           0.480     0.886    CLK100MHZ_IBUF
    MMCME2_ADV_X1Y2      MMCME2_ADV (Prop_mmcme2_adv_CLKIN1_CLKOUT0)
                                                     -3.407    -2.521 r  gen_pynq_clk_50m.u_clk_mmcm/CLKOUT0
                         net (fo=1, routed)           0.752    -1.769    gen_pynq_clk_50m.clkout0
    BUFGCTRL_X0Y16       BUFG (Prop_bufg_I_O)         0.029    -1.740 r  gen_pynq_clk_50m.u_cpu_clk_bufg/O
                         net (fo=2396, routed)        0.821    -0.919    u_soc/u_cpu/cpu_clk
    SLICE_X51Y99         FDCE                                         r  u_soc/u_cpu/fetch_buf0_valid_r_reg_bret/C
                         clock pessimism              0.504    -0.415    
    SLICE_X51Y99         FDCE (Hold_fdce_C_D)         0.091    -0.324    u_soc/u_cpu/fetch_buf0_valid_r_reg_bret
  -------------------------------------------------------------------
                         required time                          0.324    
                         arrival time                          -0.270    
  -------------------------------------------------------------------
                         slack                                  0.054    





Pulse Width Checks
--------------------------------------------------------------------------------------
Clock Name:         gen_pynq_clk_50m.clkout0
Waveform(ns):       { 0.000 10.000 }
Period(ns):         20.000
Sources:            { gen_pynq_clk_50m.u_clk_mmcm/CLKOUT0 }

Check Type        Corner  Lib Pin             Reference Pin  Required(ns)  Actual(ns)  Slack(ns)  Location         Pin
Min Period        n/a     RAMB36E1/CLKARDCLK  n/a            2.944         20.000      17.056     RAMB36_X3Y15     u_soc/u_dmem_ram/g_sync_ram.g_posedge_read.ram_mem_reg_0/CLKARDCLK
Max Period        n/a     MMCME2_ADV/CLKOUT0  n/a            213.360       20.000      193.360    MMCME2_ADV_X1Y2  gen_pynq_clk_50m.u_clk_mmcm/CLKOUT0
Low Pulse Width   Slow    FDCE/C              n/a            0.500         10.000      9.500      SLICE_X102Y126   reset_sync_r_reg[0]/C
High Pulse Width  Slow    FDCE/C              n/a            0.500         10.000      9.500      SLICE_X102Y126   reset_sync_r_reg[0]/C



---------------------------------------------------------------------------------------------------
Path Group:  **async_default**
From Clock:  gen_pynq_clk_50m.clkout0
  To Clock:  gen_pynq_clk_50m.clkout0

Setup :            0  Failing Endpoints,  Worst Slack        5.385ns,  Total Violation        0.000ns
Hold  :            0  Failing Endpoints,  Worst Slack        0.616ns,  Total Violation        0.000ns
---------------------------------------------------------------------------------------------------


Max Delay Paths
--------------------------------------------------------------------------------------
Slack (MET) :             5.385ns  (required time - arrival time)
  Source:                 reset_sync_r_reg[6]/C
                            (rising edge-triggered cell FDCE clocked by gen_pynq_clk_50m.clkout0  {rise@0.000ns fall@10.000ns period=20.000ns})
  Destination:            u_soc/u_cpu/fetch_buf1_instruction_r_reg[20]/CLR
                            (recovery check against rising-edge clock gen_pynq_clk_50m.clkout0  {rise@0.000ns fall@10.000ns period=20.000ns})
  Path Group:             **async_default**
  Path Type:              Recovery (Max at Slow Process Corner)
  Requirement:            20.000ns  (gen_pynq_clk_50m.clkout0 rise@20.000ns - gen_pynq_clk_50m.clkout0 rise@0.000ns)
  Data Path Delay:        14.097ns  (logic 0.766ns (5.434%)  route 13.331ns (94.566%))
  Logic Levels:           2  (LUT4=1 LUT6=1)
  Clock Path Skew:        -0.120ns (DCD - SCD + CPR)
    Destination Clock Delay (DCD):    -1.462ns = ( 18.538 - 20.000 ) 
    Source Clock Delay      (SCD):    -0.757ns
    Clock Pessimism Removal (CPR):    0.584ns
  Clock Uncertainty:      0.079ns  ((TSJ^2 + DJ^2)^1/2) / 2 + PE
    Total System Jitter     (TSJ):    0.071ns
    Discrete Jitter          (DJ):    0.141ns
    Phase Error              (PE):    0.000ns

    Location             Delay type                Incr(ns)  Path(ns)    Netlist Resource(s)
  -------------------------------------------------------------------    -------------------
                         (clock gen_pynq_clk_50m.clkout0 rise edge)
                                                      0.000     0.000 r  
    H16                                               0.000     0.000 r  CLK100MHZ (IN)
                         net (fo=0)                   0.000     0.000    CLK100MHZ
    H16                  IBUF (Prop_ibuf_I_O)         1.451     1.451 r  CLK100MHZ_IBUF_inst/O
                         net (fo=1, routed)           1.285     2.736    CLK100MHZ_IBUF
    MMCME2_ADV_X1Y2      MMCME2_ADV (Prop_mmcme2_adv_CLKIN1_CLKOUT0)
                                                     -7.759    -5.023 r  gen_pynq_clk_50m.u_clk_mmcm/CLKOUT0
                         net (fo=1, routed)           2.206    -2.817    gen_pynq_clk_50m.clkout0
    BUFGCTRL_X0Y16       BUFG (Prop_bufg_I_O)         0.101    -2.716 r  gen_pynq_clk_50m.u_cpu_clk_bufg/O
                         net (fo=2396, routed)        1.959    -0.757    cpu_clk
    SLICE_X102Y126       FDCE                                         r  reset_sync_r_reg[6]/C
  -------------------------------------------------------------------    -------------------
    SLICE_X102Y126       FDCE (Prop_fdce_C_Q)         0.518    -0.239 r  reset_sync_r_reg[6]/Q
                         net (fo=2, routed)           1.109     0.870    u_soc/u_cpu/u_regfile/regs_reg[30][0]_0[6]
    SLICE_X102Y126       LUT4 (Prop_lut4_I3_O)        0.124     0.994 f  u_soc/u_cpu/u_regfile/led_OBUF[0]_inst_i_2/O
                         net (fo=2, routed)           0.510     1.503    u_soc/u_cpu/u_regfile/reset_sync_r_reg[5]
    SLICE_X103Y126       LUT6 (Prop_lut6_I5_O)        0.124     1.627 f  u_soc/u_cpu/u_regfile/regs[1][31]_i_3/O
                         net (fo=2370, routed)       11.713    13.340    u_soc/u_cpu/gen_pynq_clk_50m.u_clk_mmcm
    SLICE_X54Y111        FDCE                                         f  u_soc/u_cpu/fetch_buf1_instruction_r_reg[20]/CLR
  -------------------------------------------------------------------    -------------------

                         (clock gen_pynq_clk_50m.clkout0 rise edge)
                                                     20.000    20.000 r  
    H16                                               0.000    20.000 r  CLK100MHZ (IN)
                         net (fo=0)                   0.000    20.000    CLK100MHZ
    H16                  IBUF (Prop_ibuf_I_O)         1.380    21.380 r  CLK100MHZ_IBUF_inst/O
                         net (fo=1, routed)           1.162    22.542    CLK100MHZ_IBUF
    MMCME2_ADV_X1Y2      MMCME2_ADV (Prop_mmcme2_adv_CLKIN1_CLKOUT0)
                                                     -7.814    14.728 r  gen_pynq_clk_50m.u_clk_mmcm/CLKOUT0
                         net (fo=1, routed)           2.012    16.740    gen_pynq_clk_50m.clkout0
    BUFGCTRL_X0Y16       BUFG (Prop_bufg_I_O)         0.091    16.831 r  gen_pynq_clk_50m.u_cpu_clk_bufg/O
                         net (fo=2396, routed)        1.707    18.538    u_soc/u_cpu/cpu_clk
    SLICE_X54Y111        FDCE                                         r  u_soc/u_cpu/fetch_buf1_instruction_r_reg[20]/C
                         clock pessimism              0.584    19.123    
                         clock uncertainty           -0.079    19.044    
    SLICE_X54Y111        FDCE (Recov_fdce_C_CLR)     -0.319    18.725    u_soc/u_cpu/fetch_buf1_instruction_r_reg[20]
  -------------------------------------------------------------------
                         required time                         18.725    
                         arrival time                         -13.340    
  -------------------------------------------------------------------
                         slack                                  5.385    





Min Delay Paths
--------------------------------------------------------------------------------------
Slack (MET) :             0.616ns  (arrival time - required time)
  Source:                 reset_sync_r_reg[0]/C
                            (rising edge-triggered cell FDCE clocked by gen_pynq_clk_50m.clkout0  {rise@0.000ns fall@10.000ns period=20.000ns})
  Destination:            u_soc/u_cpu/u_regfile/regs_reg[26][28]/CLR
                            (removal check against rising-edge clock gen_pynq_clk_50m.clkout0  {rise@0.000ns fall@10.000ns period=20.000ns})
  Path Group:             **async_default**
  Path Type:              Removal (Min at Fast Process Corner)
  Requirement:            0.000ns  (gen_pynq_clk_50m.clkout0 rise@0.000ns - gen_pynq_clk_50m.clkout0 rise@0.000ns)
  Data Path Delay:        0.582ns  (logic 0.209ns (35.886%)  route 0.373ns (64.114%))
  Logic Levels:           1  (LUT6=1)
  Clock Path Skew:        0.033ns (DCD - SCD - CPR)
    Destination Clock Delay (DCD):    -0.791ns
    Source Clock Delay      (SCD):    -0.553ns
    Clock Pessimism Removal (CPR):    -0.271ns

    Location             Delay type                Incr(ns)  Path(ns)    Netlist Resource(s)
  -------------------------------------------------------------------    -------------------
                         (clock gen_pynq_clk_50m.clkout0 rise edge)
                                                      0.000     0.000 r  
    H16                                               0.000     0.000 r  CLK100MHZ (IN)
                         net (fo=0)                   0.000     0.000    CLK100MHZ
    H16                  IBUF (Prop_ibuf_I_O)         0.219     0.219 r  CLK100MHZ_IBUF_inst/O
                         net (fo=1, routed)           0.440     0.659    CLK100MHZ_IBUF
    MMCME2_ADV_X1Y2      MMCME2_ADV (Prop_mmcme2_adv_CLKIN1_CLKOUT0)
                                                     -2.613    -1.954 r  gen_pynq_clk_50m.u_clk_mmcm/CLKOUT0
                         net (fo=1, routed)           0.696    -1.257    gen_pynq_clk_50m.clkout0
    BUFGCTRL_X0Y16       BUFG (Prop_bufg_I_O)         0.026    -1.231 r  gen_pynq_clk_50m.u_cpu_clk_bufg/O
                         net (fo=2396, routed)        0.678    -0.553    cpu_clk
    SLICE_X102Y126       FDCE                                         r  reset_sync_r_reg[0]/C
  -------------------------------------------------------------------    -------------------
    SLICE_X102Y126       FDCE (Prop_fdce_C_Q)         0.164    -0.389 r  reset_sync_r_reg[0]/Q
                         net (fo=3, routed)           0.106    -0.283    u_soc/u_cpu/u_regfile/regs_reg[30][0]_0[0]
    SLICE_X103Y126       LUT6 (Prop_lut6_I3_O)        0.045    -0.238 f  u_soc/u_cpu/u_regfile/regs[1][31]_i_3/O
                         net (fo=2370, routed)        0.267     0.029    u_soc/u_cpu/u_regfile/gen_pynq_clk_50m.u_clk_mmcm
    SLICE_X98Y126        FDCE                                         f  u_soc/u_cpu/u_regfile/regs_reg[26][28]/CLR
  -------------------------------------------------------------------    -------------------

                         (clock gen_pynq_clk_50m.clkout0 rise edge)
                                                      0.000     0.000 r  
    H16                                               0.000     0.000 r  CLK100MHZ (IN)
                         net (fo=0)                   0.000     0.000    CLK100MHZ
    H16                  IBUF (Prop_ibuf_I_O)         0.406     0.406 r  CLK100MHZ_IBUF_inst/O
                         net (fo=1, routed)           0.480     0.886    CLK100MHZ_IBUF
    MMCME2_ADV_X1Y2      MMCME2_ADV (Prop_mmcme2_adv_CLKIN1_CLKOUT0)
                                                     -3.407    -2.521 r  gen_pynq_clk_50m.u_clk_mmcm/CLKOUT0
                         net (fo=1, routed)           0.752    -1.769    gen_pynq_clk_50m.clkout0
    BUFGCTRL_X0Y16       BUFG (Prop_bufg_I_O)         0.029    -1.740 r  gen_pynq_clk_50m.u_cpu_clk_bufg/O
                         net (fo=2396, routed)        0.949    -0.791    u_soc/u_cpu/u_regfile/cpu_clk
    SLICE_X98Y126        FDCE                                         r  u_soc/u_cpu/u_regfile/regs_reg[26][28]/C
                         clock pessimism              0.271    -0.520    
    SLICE_X98Y126        FDCE (Remov_fdce_C_CLR)     -0.067    -0.587    u_soc/u_cpu/u_regfile/regs_reg[26][28]
  -------------------------------------------------------------------
                         required time                          0.587    
                         arrival time                           0.029    
  -------------------------------------------------------------------
                         slack                                  0.616    





