
****** xsim v2025.2 (64-bit)
  **** SW Build 6299465 on Fri Nov 14 19:35:11 GMT 2025
  **** IP Build 6300035 on Fri Nov 14 10:48:45 MST 2025
  **** SharedData Build 6298862 on Thu Nov 13 04:50:51 MST 2025
  **** Start of session at: Thu May 14 19:56:16 2026
    ** Copyright 1986-2022 Xilinx, Inc. All Rights Reserved.
    ** Copyright 2022-2025 Advanced Micro Devices, Inc. All Rights Reserved.

source xsim.dir/YH_rv_cpu_coremark_fpga_tb_snapshot/xsim_script.tcl
# xsim {YH_rv_cpu_coremark_fpga_tb_snapshot} -testplusarg max_cycles=6000000 -autoloadwcfg -runall
Time resolution is 1 ps
run -all
Starting FPGA-like CoreMark simulation (MAX_CYCLES=6000000)...

FAIL: coremark timeout at PC=00000050 after 6000001 cycles
Fatal: 
FAIL: coremark timeout
Time: 60000115 ns  Iteration: 0  Process: /YH_rv_cpu_coremark_fpga_tb(ENABLE_M_EXTENSION=0,ENABLE_ZMMUL_EXTENSION=1,ENABLE_ZBC_EXTENSION=1,ENABLE_ZICOND_EXTENSION=1,DMEM_NEGEDGE_READ=1)/Always85_36  Scope: YH_rv_cpu_coremark_fpga_tb(ENABLE_M_EXTENSION=0,ENABLE_ZMMUL_EXTENSION=1,ENABLE_ZBC_EXTENSION=1,ENABLE_ZICOND_EXTENSION=1,DMEM_NEGEDGE_READ=1)  File: D:/BaiduSyncdisk/02_icdc_workspace/.worktrees/coremark7-dmips5-20260508/YH_rv_cpu/tb/YH_rv_cpu_coremark_fpga_tb.v Line: 260
$finish called at time : 60000115 ns
run: Time (s): cpu = 00:00:00 ; elapsed = 00:02:34 . Memory (MB): peak = 196.008 ; gain = 0.012
exit
INFO: xsimkernel Simulation Memory Usage: 13196 KB (Peak: 13196 KB), Simulation CPU Usage: 152827 ms
INFO: [Common 17-206] Exiting xsim at Thu May 14 19:58:52 2026...
