
****** xsim v2025.2 (64-bit)
  **** SW Build 6299465 on Fri Nov 14 19:35:11 GMT 2025
  **** IP Build 6300035 on Fri Nov 14 10:48:45 MST 2025
  **** SharedData Build 6298862 on Thu Nov 13 04:50:51 MST 2025
  **** Start of session at: Thu May  7 11:15:28 2026
    ** Copyright 1986-2022 Xilinx, Inc. All Rights Reserved.
    ** Copyright 2022-2025 Advanced Micro Devices, Inc. All Rights Reserved.

source xsim.dir/YH_rv_cpu_coremark_profile_rv32_zmmul_bitmanip_zbc_xthead_idbr_tb_snapshot/xsim_script.tcl
# xsim {YH_rv_cpu_coremark_profile_rv32_zmmul_bitmanip_zbc_xthead_idbr_tb_snapshot} -testplusarg max_cycles=30000000 -autoloadwcfg -runall
Time resolution is 1 ps
run -all
Starting CoreMark profiling simulation (MAX_CYCLES=30000000)...
2K performance run parameters for coremark.
CoreMark Size    : 666
Total ticks      : 1937164
Total time (secs): 0
ERROR! Must execute for at least 10 secs for a valid result!
Iterations       : 10
Compiler version : GCC 15.2.0
Compiler flags   : -O3 -funroll-loops -mbranch-cost=1 -fno-schedule-insns -fno-schedule-insns2 -funroll-all-loops --param max-unrolled-insns=800 --param max-average-unrolled-insns=320 -finline-functions --param max-inline-insns-single=1000 --param max-inline-insns-auto=1000 --param inline-unit-growth=500 -fno-crossjumping -O2 -fschedule-insns -fschedule-insns2 -fno-caller-saves -fno-if-conversion -fno-if-conversion2 -fno-auto-inc-dec -march=rv32i_zmmul_zba_zbb_zbs_zbc_xtheadba_xtheadbb_xtheadbs_xtheadcondmov_xtheadmemidx_zicsr -mabi=ilp32
Memory location  : SoC ROM/RAM
seedcrc          : 0xe9f5
[0]crclist       : 0xe714
[0]crcmatrix     : 0x1fd7
[0]crcstate      : 0x8e3a
[0]crcfinal      : 0xfcaf
Errors detected

PASS: coremark profile completed at PC=00003d3c in 1971887 cycles
PROFILE: total_cycles=1971887
PROFILE: timer_lo_read_count=2
PROFILE: timed_cycles=1937164
PROFILE: timed_id_ex_valid_cycles=1774913
PROFILE: timed_non_idex_cycles=162251
PROFILE: timed_stall_decode_cycles=0
PROFILE: timed_mem_wait_cycles=0
PROFILE: timed_ex_redirect_cycles=1861
PROFILE: timed_decode_flush_cycles=162251
PROFILE: timed_ex_decode_flush_cycles=1941
PROFILE: timed_id_decode_redirect_cycles=160310
PROFILE: timed_branch_predict_redirect_cycles=29550
PROFILE: timed_jal_predict_redirect_cycles=2342
PROFILE: timed_if_id_invalid_cycles=0
PROFILE: timed_if_id_bubble_cycles=0
PROFILE: timed_non_idex_decode_flush_cycles=4778
PROFILE: timed_non_idex_id_redirect_cycles=4778
PROFILE: timed_non_idex_predict_redirect_cycles=1
PROFILE: timed_non_idex_ex_redirect_cycles=0
PROFILE: timed_non_idex_if_id_invalid_cycles=0
PROFILE: timed_id_beq_decode_redirect_cycles=28051
PROFILE: timed_id_bne_decode_redirect_cycles=71607
PROFILE: timed_id_blt_decode_redirect_cycles=3258
PROFILE: timed_id_bge_decode_redirect_cycles=6346
PROFILE: timed_id_bltu_decode_redirect_cycles=14900
PROFILE: timed_id_bgeu_decode_redirect_cycles=14880
PROFILE: timed_id_branch_decode_candidate_cycles=466749
PROFILE: timed_id_branch_decode_pending_cycles=88071
PROFILE: timed_id_branch_decode_redirect_cycles=139042
PROFILE: timed_id_ex_load_cycles=510508
PROFILE: timed_id_ex_store_cycles=133753
PROFILE: timed_id_ex_branch_cycles=327707
PROFILE: timed_id_ex_jump_cycles=2342
PROFILE: timed_id_ex_mul_cycles=93960
PROFILE: timed_pc_startup_cycles=0
PROFILE: timed_pc_calc_cycles=360
PROFILE: timed_pc_list_cycles=698142
PROFILE: timed_pc_iterate_cycles=0
PROFILE: timed_pc_main_cycles=0
PROFILE: timed_pc_matrix_cycles=41681
PROFILE: timed_pc_state_cycles=500280
PROFILE: timed_pc_crc_cycles=69680
PROFILE: timed_pc_port_cycles=408920
PROFILE: timed_pc_unknown_cycles=55850
PROFILE: stall_decode_cycles=0
PROFILE: mem_wait_cycles=0
PROFILE: ex_trap_valid_cycles=0
PROFILE: ex_mret_valid_cycles=0
PROFILE: ex_branch_redirect_cycles=1899
PROFILE: ex_beq_redirect_cycles=1864
PROFILE: ex_bne_redirect_cycles=0
PROFILE: ex_blt_redirect_cycles=0
PROFILE: ex_bge_redirect_cycles=0
PROFILE: ex_bltu_redirect_cycles=34
PROFILE: ex_bgeu_redirect_cycles=1
PROFILE: ex_jal_redirect_cycles=0
PROFILE: ex_jalr_redirect_cycles=26
PROFILE: ex_fetch_redirect_valid_cycles=2020
PROFILE: fetch_queue_empty_cycles=1971887
PROFILE: fetch_redirect_reuse_cycles=0
PROFILE: fetch_redirect_reuse_miss_cycles=1925
PROFILE: fetch_redirect_buf0_hit_cycles=0
PROFILE: fetch_redirect_buf1_hit_cycles=0
PROFILE: id_ex_valid_cycles=1804919
PROFILE: id_ex_load_cycles=515068
PROFILE: id_ex_store_cycles=139581
PROFILE: id_ex_branch_cycles=333907
PROFILE: id_ex_jump_cycles=2501
PROFILE: id_ex_jal_cycles=2475
PROFILE: id_ex_jalr_cycles=26
PROFILE: id_ex_csr_cycles=0
PROFILE: id_ex_mul_cycles=94055
PROFILE: id_ex_mulh_cycles=0
PROFILE: id_ex_mulhsu_cycles=0
PROFILE: id_ex_mulhu_cycles=5
PROFILE: id_ex_div_cycles=0
PROFILE: id_ex_divu_cycles=0
PROFILE: id_ex_rem_cycles=0
PROFILE: id_ex_remu_cycles=0
PROFILE: pc_startup_cycles=6133
PROFILE: pc_calc_cycles=360
PROFILE: pc_list_cycles=699625
PROFILE: pc_list_init_cycles=12171
PROFILE: pc_list_runtime_cycles=687454
PROFILE: pc_iterate_cycles=2017
PROFILE: pc_main_cycles=661
PROFILE: pc_matrix_cycles=42003
PROFILE: pc_matrix_test_cycles=341
PROFILE: pc_core_bench_matrix_cycles=14
PROFILE: pc_core_init_matrix_cycles=70
PROFILE: pc_matrix_sum_cycles=0
PROFILE: pc_matrix_mul_const_cycles=24
PROFILE: pc_matrix_add_const_cycles=21
PROFILE: pc_matrix_mul_vect_cycles=173
PROFILE: pc_matrix_mul_matrix_cycles=21160
PROFILE: pc_matrix_bitextract_cycles=20200
PROFILE: pc_state_cycles=500280
PROFILE: pc_core_init_state_cycles=36320
PROFILE: pc_state_transition_cycles=187080
PROFILE: pc_core_bench_state_cycles=276880
PROFILE: pc_crc_cycles=69680
PROFILE: pc_port_cycles=409892
PROFILE: pc_unknown_cycles=74268
PROFILE: pc_top rank=0 pc=00000474 cycles=28950
PROFILE: pc_top rank=1 pc=00000478 cycles=28950
PROFILE: pc_top rank=2 pc=0000047c cycles=28950
PROFILE: pc_top rank=3 pc=00000480 cycles=28950
PROFILE: pc_top rank=4 pc=0000046c cycles=28870
PROFILE: pc_top rank=5 pc=00000470 cycles=28870
PROFILE: pc_top rank=6 pc=000005ac cycles=27910
PROFILE: pc_top rank=7 pc=000005b0 cycles=27910
PROFILE: pc_top rank=8 pc=000005b4 cycles=27910
PROFILE: pc_top rank=9 pc=000005a4 cycles=27780
PROFILE: pc_top rank=10 pc=000005a8 cycles=27780
PROFILE: pc_top rank=11 pc=00000494 cycles=8160
PROFILE: pc_top rank=12 pc=00000498 cycles=8160
PROFILE: pc_top rank=13 pc=0000049c cycles=8160
PROFILE: pc_top rank=14 pc=000004a0 cycles=8160
PROFILE: pc_top rank=15 pc=000004a4 cycles=8160
PROFILE: pc_top rank=16 pc=000004a8 cycles=8160
PROFILE: pc_top rank=17 pc=000004ac cycles=8160
PROFILE: pc_top rank=18 pc=000004b0 cycles=8160
PROFILE: pc_top rank=19 pc=000004b4 cycles=8160
PROFILE: pc_top rank=20 pc=000004b8 cycles=8160
PROFILE: pc_top rank=21 pc=000004bc cycles=8160
PROFILE: pc_top rank=22 pc=000004c0 cycles=8160
PROFILE: pc_top rank=23 pc=000004c4 cycles=8160
PROFILE: pc_top rank=24 pc=000004c8 cycles=8160
PROFILE: pc_top rank=25 pc=000004cc cycles=8160
PROFILE: pc_top rank=26 pc=000004d0 cycles=8160
PROFILE: pc_top rank=27 pc=000004d4 cycles=8160
PROFILE: pc_top rank=28 pc=000004d8 cycles=8160
PROFILE: pc_top rank=29 pc=000004dc cycles=8160
PROFILE: pc_top rank=30 pc=000084c4 cycles=7400
PROFILE: pc_top rank=31 pc=000084c8 cycles=7400
PROFILE: pc_top rank=32 pc=000084cc cycles=7400
PROFILE: pc_top rank=33 pc=000085b0 cycles=7400
PROFILE: pc_top rank=34 pc=000085b4 cycles=7400
PROFILE: pc_top rank=35 pc=000085b8 cycles=7400
PROFILE: pc_top rank=36 pc=00008294 cycles=6560
PROFILE: pc_top rank=37 pc=00008298 cycles=6560
PROFILE: pc_top rank=38 pc=00008490 cycles=6560
PROFILE: pc_top rank=39 pc=00008494 cycles=6560
PROFILE: timed_pc_top rank=0 pc=00000474 cycles=28950
PROFILE: timed_pc_top rank=1 pc=00000478 cycles=28950
PROFILE: timed_pc_top rank=2 pc=0000047c cycles=28950
PROFILE: timed_pc_top rank=3 pc=00000480 cycles=28950
PROFILE: timed_pc_top rank=4 pc=0000046c cycles=28870
PROFILE: timed_pc_top rank=5 pc=00000470 cycles=28870
PROFILE: timed_pc_top rank=6 pc=000005ac cycles=27910
PROFILE: timed_pc_top rank=7 pc=000005b0 cycles=27910
PROFILE: timed_pc_top rank=8 pc=000005b4 cycles=27910
PROFILE: timed_pc_top rank=9 pc=000005a4 cycles=27780
PROFILE: timed_pc_top rank=10 pc=000005a8 cycles=27780
PROFILE: timed_pc_top rank=11 pc=00000494 cycles=8160
PROFILE: timed_pc_top rank=12 pc=00000498 cycles=8160
PROFILE: timed_pc_top rank=13 pc=0000049c cycles=8160
PROFILE: timed_pc_top rank=14 pc=000004a0 cycles=8160
PROFILE: timed_pc_top rank=15 pc=000004a4 cycles=8160
PROFILE: timed_pc_top rank=16 pc=000004a8 cycles=8160
PROFILE: timed_pc_top rank=17 pc=000004ac cycles=8160
PROFILE: timed_pc_top rank=18 pc=000004b0 cycles=8160
PROFILE: timed_pc_top rank=19 pc=000004b4 cycles=8160
PROFILE: timed_pc_top rank=20 pc=000004b8 cycles=8160
PROFILE: timed_pc_top rank=21 pc=000004bc cycles=8160
PROFILE: timed_pc_top rank=22 pc=000004c0 cycles=8160
PROFILE: timed_pc_top rank=23 pc=000004c4 cycles=8160
PROFILE: timed_pc_top rank=24 pc=000004c8 cycles=8160
PROFILE: timed_pc_top rank=25 pc=000004cc cycles=8160
PROFILE: timed_pc_top rank=26 pc=000004d0 cycles=8160
PROFILE: timed_pc_top rank=27 pc=000004d4 cycles=8160
PROFILE: timed_pc_top rank=28 pc=000004d8 cycles=8160
PROFILE: timed_pc_top rank=29 pc=000004dc cycles=8160
PROFILE: timed_id_redirect_pc_top rank=0 pc=000005b8 cycles=27780
PROFILE: timed_id_redirect_pc_top rank=1 pc=000085c0 cycles=6320
PROFILE: timed_id_redirect_pc_top rank=2 pc=00000514 cycles=6120
PROFILE: timed_id_redirect_pc_top rank=3 pc=000084e4 cycles=5440
PROFILE: timed_id_redirect_pc_top rank=4 pc=00008708 cycles=5440
PROFILE: timed_id_redirect_pc_top rank=5 pc=000083b0 cycles=5080
PROFILE: timed_id_redirect_pc_top rank=6 pc=0000849c cycles=4840
PROFILE: timed_id_redirect_pc_top rank=7 pc=000082cc cycles=3480
PROFILE: timed_id_redirect_pc_top rank=8 pc=000082b0 cycles=3280
PROFILE: timed_id_redirect_pc_top rank=9 pc=00008694 cycles=3280
PROFILE: timed_id_redirect_pc_top rank=10 pc=00004798 cycles=3240
PROFILE: timed_id_redirect_pc_top rank=11 pc=00004ae4 cycles=3240
PROFILE: timed_id_redirect_pc_top rank=12 pc=00004934 cycles=2880
PROFILE: timed_id_redirect_pc_top rank=13 pc=00004d34 cycles=2880
PROFILE: timed_id_redirect_pc_top rank=14 pc=00008254 cycles=2160
PROFILE: timed_id_redirect_pc_top rank=15 pc=00008364 cycles=2160
PROFILE: timed_id_redirect_pc_top rank=16 pc=000004e0 cycles=2040
PROFILE: timed_id_redirect_pc_top rank=17 pc=00000518 cycles=1830
PROFILE: timed_id_redirect_pc_top rank=18 pc=000005e0 cycles=1830
PROFILE: timed_id_redirect_pc_top rank=19 pc=00008390 cycles=1680
PROFILE: timed_predict_redirect_pc_top rank=0 pc=00000480 cycles=28950
PROFILE: timed_predict_redirect_pc_top rank=1 pc=00008404 cycles=320
PROFILE: timed_predict_redirect_pc_top rank=2 pc=00008418 cycles=320
PROFILE: timed_predict_redirect_pc_top rank=3 pc=00000650 cycles=290
PROFILE: timed_predict_redirect_pc_top rank=4 pc=000008d8 cycles=290
PROFILE: timed_predict_redirect_pc_top rank=5 pc=00001220 cycles=150
PROFILE: timed_predict_redirect_pc_top rank=6 pc=000011a0 cycles=130
PROFILE: timed_predict_redirect_pc_top rank=7 pc=00000660 cycles=80
PROFILE: timed_predict_redirect_pc_top rank=8 pc=0000067c cycles=80
PROFILE: timed_predict_redirect_pc_top rank=9 pc=00000698 cycles=80
PROFILE: timed_predict_redirect_pc_top rank=10 pc=000006b4 cycles=80
PROFILE: timed_predict_redirect_pc_top rank=11 pc=00000c6c cycles=80
PROFILE: timed_predict_redirect_pc_top rank=12 pc=00000c88 cycles=80
PROFILE: timed_predict_redirect_pc_top rank=13 pc=00000ca4 cycles=80
PROFILE: timed_predict_redirect_pc_top rank=14 pc=00000cc0 cycles=80
PROFILE: timed_predict_redirect_pc_top rank=15 pc=00000cdc cycles=80
PROFILE: timed_predict_redirect_pc_top rank=16 pc=000006d0 cycles=60
PROFILE: timed_predict_redirect_pc_top rank=17 pc=000006ec cycles=60
PROFILE: timed_predict_redirect_pc_top rank=18 pc=00000708 cycles=60
PROFILE: timed_predict_redirect_pc_top rank=19 pc=00000724 cycles=60
PROFILE: timed_non_idex_prev_pc_top rank=0 pc=000005a4 cycles=27780
PROFILE: timed_non_idex_prev_pc_top rank=1 pc=000086fc cycles=6320
PROFILE: timed_non_idex_prev_pc_top rank=2 pc=00000494 cycles=6120
PROFILE: timed_non_idex_prev_pc_top rank=3 pc=000084c4 cycles=6040
PROFILE: timed_non_idex_prev_pc_top rank=4 pc=000085b0 cycles=6040
PROFILE: timed_non_idex_prev_pc_top rank=5 pc=0000835c cycles=5080
PROFILE: timed_non_idex_prev_pc_top rank=6 pc=00008294 cycles=4880
PROFILE: timed_non_idex_prev_pc_top rank=7 pc=000083a0 cycles=4880
PROFILE: timed_non_idex_prev_pc_top rank=8 pc=00008490 cycles=4880
PROFILE: timed_non_idex_prev_pc_top rank=9 pc=00008688 cycles=4840
PROFILE: timed_non_idex_prev_pc_top rank=10 pc=0000824c cycles=3480
PROFILE: timed_non_idex_prev_pc_top rank=11 pc=00004874 cycles=3240
PROFILE: timed_non_idex_prev_pc_top rank=12 pc=00004c14 cycles=3240
PROFILE: timed_non_idex_prev_pc_top rank=13 pc=00004778 cycles=2880
PROFILE: timed_non_idex_prev_pc_top rank=14 pc=00004ab8 cycles=2880
PROFILE: timed_non_idex_prev_pc_top rank=15 pc=000086a4 cycles=2160
PROFILE: timed_non_idex_prev_pc_top rank=16 pc=000086d0 cycles=2160
PROFILE: timed_non_idex_prev_pc_top rank=17 pc=00000484 cycles=2040
PROFILE: timed_non_idex_prev_pc_top rank=18 pc=00000518 cycles=2040
PROFILE: timed_non_idex_prev_pc_top rank=19 pc=000082bc cycles=1960
PROFILE: id_branch_decode_candidate_cycles=475022
PROFILE: id_branch_decode_ready_cycles=386490
PROFILE: id_branch_decode_pending_cycles=88532
PROFILE: id_branch_decode_redirect_cycles=141100
PROFILE: id_branch_decode_rs1_pending_cycles=87161
PROFILE: id_branch_decode_rs2_pending_cycles=1371
PROFILE: id_branch_decode_rs1_idex_pending_cycles=87161
PROFILE: id_branch_decode_rs2_idex_pending_cycles=1371
PROFILE: id_branch_decode_rs1_exmem_pending_cycles=0
PROFILE: id_branch_decode_rs2_exmem_pending_cycles=0
PROFILE: id_beq_decode_candidate_cycles=264144
PROFILE: id_bne_decode_candidate_cycles=112559
PROFILE: id_blt_decode_candidate_cycles=8637
PROFILE: id_bge_decode_candidate_cycles=17954
PROFILE: id_bltu_decode_candidate_cycles=45096
PROFILE: id_bgeu_decode_candidate_cycles=26632
PROFILE: id_beq_decode_pending_cycles=58531
PROFILE: id_bne_decode_pending_cycles=29935
PROFILE: id_blt_decode_pending_cycles=0
PROFILE: id_bge_decode_pending_cycles=0
PROFILE: id_bltu_decode_pending_cycles=57
PROFILE: id_bgeu_decode_pending_cycles=9
$finish called at time : 19718975 ns : File "D:/BaiduSyncdisk/02_icdc_workspace/.worktrees/coremark6-dmips35-20260507/YH_rv_cpu/tb/YH_rv_cpu_coremark_profile_tb.v" Line 867
run: Time (s): cpu = 00:00:00 ; elapsed = 00:01:03 . Memory (MB): peak = 195.875 ; gain = 0.320
exit
INFO: xsimkernel Simulation Memory Usage: 16112 KB (Peak: 16112 KB), Simulation CPU Usage: 62531 ms
INFO: [Common 17-206] Exiting xsim at Thu May  7 11:16:32 2026...
