
****** xsim v2025.2 (64-bit)
  **** SW Build 6299465 on Fri Nov 14 19:35:11 GMT 2025
  **** IP Build 6300035 on Fri Nov 14 10:48:45 MST 2025
  **** SharedData Build 6298862 on Thu Nov 13 04:50:51 MST 2025
  **** Start of session at: Thu May  7 11:52:22 2026
    ** Copyright 1986-2022 Xilinx, Inc. All Rights Reserved.
    ** Copyright 2022-2025 Advanced Micro Devices, Inc. All Rights Reserved.

source xsim.dir/YH_rv_cpu_coremark_rv32_zmmul_bitmanip_zbc_xthead_idbr_tb_score_snapshot/xsim_script.tcl
# xsim {YH_rv_cpu_coremark_rv32_zmmul_bitmanip_zbc_xthead_idbr_tb_score_snapshot} -testplusarg max_cycles=10000000 -autoloadwcfg -runall
Time resolution is 1 ps
run -all
Starting CoreMark simulation (MAX_CYCLES=10000000)...
2K performance run parameters for coremark.
CoreMark Size    : 666
Total ticks      : 193747
Total time (secs): 0
ERROR! Must execute for at least 10 secs for a valid result!
Iterations       : 1
Compiler version : GCC 15.2.0
Compiler flags   : -O3 -funroll-loops -mbranch-cost=1 -fno-schedule-insns -fno-schedule-insns2 -funroll-all-loops --param max-unrolled-insns=800 --param max-average-unrolled-insns=320 -finline-functions --param max-inline-insns-single=1000 --param max-inline-insns-auto=1000 --param inline-unit-growth=500 -fno-crossjumping -O2 -fschedule-insns -fschedule-insns2 -fno-caller-saves -fno-if-conversion -fno-if-conversion2 -fno-auto-inc-dec -march=rv32i_zmmul_zba_zbb_zbs_zbc_xtheadba_xtheadbb_xtheadbs_xtheadcondmov_xtheadmemidx_zicsr -mabi=ilp32
Memory location  : SoC ROM/RAM
seedcrc          : 0xe9f5
[0]crclist       : 0xe714
[0]crcmatrix     : 0x1fd7
[0]crcstate      : 0x8e3a
[0]crcfinal      : 0xe714
Errors detected

PASS: coremark completed at PC=00003d3c in 228031 cycles
$finish called at time : 2280415 ns : File "D:/BaiduSyncdisk/02_icdc_workspace/.worktrees/coremark6-dmips35-20260507/YH_rv_cpu/tb/YH_rv_cpu_coremark_tb.v" Line 152
exit
INFO: [Common 17-206] Exiting xsim at Thu May  7 11:52:29 2026...
