
****** xsim v2025.2 (64-bit)
  **** SW Build 6299465 on Fri Nov 14 19:35:11 GMT 2025
  **** IP Build 6300035 on Fri Nov 14 10:48:45 MST 2025
  **** SharedData Build 6298862 on Thu Nov 13 04:50:51 MST 2025
  **** Start of session at: Thu May  7 12:31:10 2026
    ** Copyright 1986-2022 Xilinx, Inc. All Rights Reserved.
    ** Copyright 2022-2025 Advanced Micro Devices, Inc. All Rights Reserved.

source xsim.dir/YH_rv_cpu_coremark_rv32_zmmul_bitmanip_zbc_zicond_xthead_idbr_tb_score_snapshot/xsim_script.tcl
# xsim {YH_rv_cpu_coremark_rv32_zmmul_bitmanip_zbc_zicond_xthead_idbr_tb_score_snapshot} -testplusarg max_cycles=10000000 -autoloadwcfg -runall
Time resolution is 1 ps
run -all
Starting CoreMark simulation (MAX_CYCLES=10000000)...
CYCLE=10000000 PC=00001f14

FAIL: coremark timeout at PC=00001f3c after 10000001 cycles
Fatal: 
FAIL: coremark timeout
Time: 100000115 ns  Iteration: 0  Process: /YH_rv_cpu_coremark_rv32_zmmul_bitmanip_zbc_zicond_xthead_idbr_tb/uut/Always79_33  Scope: YH_rv_cpu_coremark_rv32_zmmul_bitmanip_zbc_zicond_xthead_idbr_tb.uut  File: D:/BaiduSyncdisk/02_icdc_workspace/.worktrees/coremark6-dmips35-20260507/YH_rv_cpu/tb/YH_rv_cpu_coremark_tb.v Line: 157
$finish called at time : 100000115 ns
run: Time (s): cpu = 00:00:00 ; elapsed = 00:04:14 . Memory (MB): peak = 195.465 ; gain = 0.012
exit
INFO: xsimkernel Simulation Memory Usage: 13060 KB (Peak: 13060 KB), Simulation CPU Usage: 252437 ms
INFO: [Common 17-206] Exiting xsim at Thu May  7 12:35:26 2026...
