
****** xsim v2025.2 (64-bit)
  **** SW Build 6299465 on Fri Nov 14 19:35:11 GMT 2025
  **** IP Build 6300035 on Fri Nov 14 10:48:45 MST 2025
  **** SharedData Build 6298862 on Thu Nov 13 04:50:51 MST 2025
  **** Start of session at: Mon May 18 15:31:05 2026
    ** Copyright 1986-2022 Xilinx, Inc. All Rights Reserved.
    ** Copyright 2022-2025 Advanced Micro Devices, Inc. All Rights Reserved.

source xsim.dir/YH_rv_cpu_coremark_fpga_tb_snapshot/xsim_script.tcl
# xsim {YH_rv_cpu_coremark_fpga_tb_snapshot} -testplusarg max_cycles=5000000 -autoloadwcfg -runall
Time resolution is 1 ps
run -all
Starting FPGA-like CoreMark simulation (MAX_CYCLES=5000000)...
2K performance run parameters for coremark.
CoreMark Size    : 666
Total ticks      : 1777806
Total time (secs): 0
ERROR! Must execute for at least 10 secs for a valid result!
Iterations       : 10
Compiler version : GCC 15.2.0
Compiler flags   : -O3 -funroll-loops -mbranch-cost=1 -fno-schedule-insns -fno-schedule-insns2 -funroll-all-loops --param max-unrolled-insns=800 --param max-average-unrolled-insns=320 -finline-functions --param max-inline-insns-single=1000 --param max-inline-insns-auto=1000 --param inline-unit-growth=500 -fno-crossjumping -O2 -fschedule-insns -fschedule-insns2 -fno-caller-saves -march=rv32i_zmmul_zba_zbb_zbs_zbc_zicond_zbkb_zbkx_xtheadba_xtheadbb_xtheadbs_xtheadcondmov_xtheadmemidx_xtheadmac_xtheadmempair_zicsr -mabi=ilp32
Memory location  : SoC ROM/RAM
seedcrc          : 0xe9f5
[0]crclist       : 0xe714
[0]crcmatrix     : 0x1fd7
[0]crcstate      : 0x8e3a
[0]crcfinal      : 0xfcaf
Errors detected
PROFILE_EVENTS cycles=1810108 ifid_valid=1782864 idex_valid=1726260 stall_decode=0 mem_wait=0 decode_flush=82899 ifid_load_bubble=27243 redirects=359122 ex_redirect=39 id_redirect=159042 branch_predict_redirect=114706 jal_predict_redirect=2475 redirect_cache_deliver=332058 regular_cache_deliver=1442619 fold_candidate=135636 fold_valid=129228 fold_next=129219 fold_hazard=50396 fold_control=240868 nt_fold_candidate=223333 nt_fold_valid=49448 nt_fold_next=49448 nt_fold_block_load=76548 nt_fold_block_store=15321 nt_fold_block_hazard=0 nt_fold_block_control=82016 id_alu_pair_candidate=0 id_alu_pair_valid=0 id_alu_pair_fetch=7445 id_alu_pair_cache=1442619 fetch_req=35431 fetch_redirect_req=27064 fetch_regular_req=8367 fetch_data_issue=1810108 fetch_queue_enqueue=0 fetch_queue_consume=0 fetch_drop_response=0

PASS: coremark completed at PC=00003cdc in 1810108 cycles
$finish called at time : 18101185 ns : File "D:/BaiduSyncdisk/02_icdc_workspace/.worktrees/coremark7-dmips5-20260508/YH_rv_cpu/tb/YH_rv_cpu_coremark_fpga_tb.v" Line 507
run: Time (s): cpu = 00:00:00 ; elapsed = 00:01:31 . Memory (MB): peak = 196.098 ; gain = 0.125
exit
INFO: xsimkernel Simulation Memory Usage: 13972 KB (Peak: 13972 KB), Simulation CPU Usage: 90093 ms
INFO: [Common 17-206] Exiting xsim at Mon May 18 15:32:38 2026...
