
****** xsim v2025.2 (64-bit)
  **** SW Build 6299465 on Fri Nov 14 19:35:11 GMT 2025
  **** IP Build 6300035 on Fri Nov 14 10:48:45 MST 2025
  **** SharedData Build 6298862 on Thu Nov 13 04:50:51 MST 2025
  **** Start of session at: Mon May 18 16:05:19 2026
    ** Copyright 1986-2022 Xilinx, Inc. All Rights Reserved.
    ** Copyright 2022-2025 Advanced Micro Devices, Inc. All Rights Reserved.

source xsim.dir/YH_rv_cpu_dhrystone_rv32_zmmul_zbc_zicond_xthead_idbr_fold_tb_snapshot/xsim_script.tcl
# xsim {YH_rv_cpu_dhrystone_rv32_zmmul_zbc_zicond_xthead_idbr_fold_tb_snapshot} -testplusarg max_cycles=5000000 -testplusarg dhrystone_runs=2000 -autoloadwcfg -runall
Time resolution is 1 ps
run -all
Starting Dhrystone simulation (MAX_CYCLES=5000000)...
DHRYSTONE_RUNS=2000
Microseconds for one run through Dhrystone: 4
Dhrystones per Second:                      240959

PASS: dhrystone completed at PC=00000070 in 873680 cycles
$finish called at time : 8736905 ns : File "D:/BaiduSyncdisk/02_icdc_workspace/.worktrees/coremark7-dmips5-20260508/YH_rv_cpu/tb/YH_rv_cpu_dhrystone_tb.v" Line 284
run: Time (s): cpu = 00:00:00 ; elapsed = 00:00:32 . Memory (MB): peak = 203.793 ; gain = 0.004
exit
INFO: xsimkernel Simulation Memory Usage: 13312 KB (Peak: 13312 KB), Simulation CPU Usage: 31327 ms
INFO: [Common 17-206] Exiting xsim at Mon May 18 16:05:52 2026...
