
****** xsim v2025.2 (64-bit)
  **** SW Build 6299465 on Fri Nov 14 19:35:11 GMT 2025
  **** IP Build 6300035 on Fri Nov 14 10:48:45 MST 2025
  **** SharedData Build 6298862 on Thu Nov 13 04:50:51 MST 2025
  **** Start of session at: Thu Jul  9 09:16:22 2026
    ** Copyright 1986-2022 Xilinx, Inc. All Rights Reserved.
    ** Copyright 2022-2025 Advanced Micro Devices, Inc. All Rights Reserved.

source xsim.dir/YH_rv_cpu_coremark_fpga_tb_snapshot/xsim_script.tcl
# xsim {YH_rv_cpu_coremark_fpga_tb_snapshot} -testplusarg max_cycles=3000000 -autoloadwcfg -runall
Time resolution is 1 ps
run -all
Starting FPGA-like CoreMark simulation (MAX_CYCLES=3000000)...
2K performance run parameters for coremark.
CoreMark Size    : 666
Total ticks      : 2332390
Total time (secs): 0
ERROR! Must execute for at least 10 secs for a valid result!
Iterations       : 10
Compiler version : GCC 15.2.0
Compiler flags   : -O3 -funroll-loops -mbranch-cost=1 -fno-schedule-insns -fno-schedule-insns2 -funroll-all-loops --param max-unrolled-insns=800 --param max-average-unrolled-insns=320 -finline-functions --param max-inline-insns-single=1000 --param max-inline-insns-auto=1000 --param inline-unit-growth=500 -fno-crossjumping -O2 -fschedule-insns -fschedule-insns2 -fno-caller-saves -fno-auto-inc-dec -march=rv32i_zmmul_zba_zbb_zbs_zbc_zicond_zbkb_xtheadba_xtheadbb_xtheadbs_xtheadcondmov_xtheadmemidx_xtheadmac_zicsr -mabi=ilp32
Memory location  : SoC ROM/RAM
seedcrc          : 0xe9f5
[0]crclist       : 0xe714
[0]crcmatrix     : 0x1fd7
[0]crcstate      : 0x8e3a
[0]crcfinal      : 0xfcaf
Errors detected
PROFILE_EVENTS cycles=2373958 ifid_valid=2351681 idex_valid=1921132 stall_decode=449529 mem_wait=33964 decode_flush=11099 ifid_load_bubble=22326 redirects=247389 ex_redirect=2153 id_redirect=182193 branch_predict_redirect=51622 jal_predict_redirect=2475 redirect_cache_deliver=226908 regular_cache_deliver=2172824 fold_candidate=156566 fold_valid=44470 fold_next=44467 fold_hazard=11691 fold_control=1691798 nt_fold_candidate=0 nt_fold_valid=0 nt_fold_next=0 nt_fold_block_load=0 nt_fold_block_store=0 nt_fold_block_hazard=0 nt_fold_block_control=0 id_alu_pair_candidate=0 id_alu_pair_valid=0 id_alu_pair_fetch=123251 id_alu_pair_cache=1949457 id_alu_dep_candidate=0 id_alu_dep_valid=0 id_alu_dep_fetch=123251 id_alu_dep_cache=1949457 fetch_req=144341 fetch_redirect_req=20478 fetch_regular_req=123863 fetch_data_issue=1923610 fetch_queue_enqueue=12489 fetch_queue_consume=12488 fetch_drop_response=0

PASS: coremark completed at PC=00003d34 in 2373958 cycles
$finish called at time : 23739685 ns : File "D:/BaiduSyncdisk/02_icdc_workspace/.worktrees/strict50-impl136-10s-20260709/YH_rv_cpu/tb/YH_rv_cpu_coremark_fpga_tb.v" Line 641
run: Time (s): cpu = 00:00:00 ; elapsed = 00:01:58 . Memory (MB): peak = 223.812 ; gain = 0.000
exit
INFO: xsimkernel Simulation Memory Usage: 12980 KB (Peak: 12980 KB), Simulation CPU Usage: 116749 ms
INFO: [Common 17-206] Exiting xsim at Thu Jul  9 09:18:23 2026...
