=== Strict 50MHz CoreMark fast gate ===
out_dir=D:\BaiduSyncdisk\02_icdc_workspace\.worktrees\strict50-impl136-10s-20260709\artifacts\strict_50m_timing_opt_20260609\strict10s_impl136_20260709\sanity_iter10
iterations=10
max_cycles=3000000
coremark already prepared:
  D:\BaiduSyncdisk\02_icdc_workspace\.worktrees\strict50-impl136-10s-20260709\YH_rv_cpu\build\external\coremark
DEBUG: GCC=C:\Users\佟亚龙\AppData\Roaming\xPacks\@xpack-dev-tools\riscv-none-elf-gcc\15.2.0-1.1\.content\bin\riscv-none-elf-gcc.exe
DEBUG: MARCH=rv32i_zmmul_zba_zbb_zbs_zbc_zicond_zbkb_xtheadba_xtheadbb_xtheadbs_xtheadcondmov_xtheadmemidx_xtheadmac_zicsr MABI=ilp32
DEBUG: OPT_FLAGS=-O3 -funroll-loops -mbranch-cost=1 -fno-schedule-insns -fno-schedule-insns2 -funroll-all-loops --param max-unrolled-insns=800 --param max-average-unrolled-insns=320 -finline-functions --param max-inline-insns-single=1000 --param max-inline-insns-auto=1000 --param inline-unit-growth=500 -fno-crossjumping -O2 -fschedule-insns -fschedule-insns2 -fno-caller-saves -fno-auto-inc-dec
DEBUG: MULTIDIR=rv32i\ilp32
DEBUG: LIBGCC_REF=C:\Users\佟亚龙\AppData\Roaming\xPacks\@xpack-dev-tools\riscv-none-elf-gcc\15.2.0-1.1\.content\lib\gcc\riscv-none-elf\15.2.0\rv32i\ilp32\libgcc.a
DEBUG: LIBM_REF=C:\Users\佟亚龙\AppData\Roaming\xPacks\@xpack-dev-tools\riscv-none-elf-gcc\15.2.0-1.1\.content\\riscv-none-elf\lib\rv32i\ilp32\libm.a
Built:
  D:\BaiduSyncdisk\02_icdc_workspace\.worktrees\strict50-impl136-10s-20260709\YH_rv_cpu\build\sw\coremark50_fast_gate_iter10.elf
  D:\BaiduSyncdisk\02_icdc_workspace\.worktrees\strict50-impl136-10s-20260709\YH_rv_cpu\build\sw\coremark50_fast_gate_iter10.dump
  D:\BaiduSyncdisk\02_icdc_workspace\.worktrees\strict50-impl136-10s-20260709\YH_rv_cpu\build\sw\coremark50_fast_gate_iter10.bin
  D:\BaiduSyncdisk\02_icdc_workspace\.worktrees\strict50-impl136-10s-20260709\YH_rv_cpu\build\sw\coremark50_fast_gate_iter10.hex
  D:\BaiduSyncdisk\02_icdc_workspace\.worktrees\strict50-impl136-10s-20260709\YH_rv_cpu\build\sw\coremark50_fast_gate_iter10.mem32.hex
INFO: [VRFC 10-2263] Analyzing SystemVerilog file "D:/BaiduSyncdisk/02_icdc_workspace/.worktrees/strict50-impl136-10s-20260709/YH_rv_cpu/tb/YH_rv_cpu_coremark_fpga_tb.v" into library work
INFO: [VRFC 10-311] analyzing module YH_rv_cpu_coremark_fpga_tb
INFO: [VRFC 10-2263] Analyzing SystemVerilog file "D:/BaiduSyncdisk/02_icdc_workspace/.worktrees/strict50-impl136-10s-20260709/YH_rv_cpu/rtl/YH_rv_cpu_soc.v" into library work
INFO: [VRFC 10-311] analyzing module YH_rv_cpu_soc
INFO: [VRFC 10-2263] Analyzing SystemVerilog file "D:/BaiduSyncdisk/02_icdc_workspace/.worktrees/strict50-impl136-10s-20260709/YH_rv_cpu/rtl/YH_rv_sync_imem_rom.v" into library work
INFO: [VRFC 10-311] analyzing module YH_rv_sync_imem_rom
INFO: [VRFC 10-2263] Analyzing SystemVerilog file "D:/BaiduSyncdisk/02_icdc_workspace/.worktrees/strict50-impl136-10s-20260709/YH_rv_cpu/rtl/YH_rv_sync_rom32.v" into library work
INFO: [VRFC 10-311] analyzing module YH_rv_sync_rom32
INFO: [VRFC 10-2263] Analyzing SystemVerilog file "D:/BaiduSyncdisk/02_icdc_workspace/.worktrees/strict50-impl136-10s-20260709/YH_rv_cpu/rtl/YH_rv_dmem_ram.v" into library work
INFO: [VRFC 10-311] analyzing module YH_rv_dmem_ram
INFO: [VRFC 10-2263] Analyzing SystemVerilog file "D:/BaiduSyncdisk/02_icdc_workspace/.worktrees/strict50-impl136-10s-20260709/YH_rv_cpu/rtl/YH_rv_cpu_dcache.v" into library work
INFO: [VRFC 10-311] analyzing module YH_rv_cpu_dcache
INFO: [VRFC 10-2263] Analyzing SystemVerilog file "D:/BaiduSyncdisk/02_icdc_workspace/.worktrees/strict50-impl136-10s-20260709/YH_rv_cpu/rtl/YH_rv_cpu_icache.v" into library work
INFO: [VRFC 10-311] analyzing module YH_rv_cpu_icache
INFO: [VRFC 10-2263] Analyzing SystemVerilog file "D:/BaiduSyncdisk/02_icdc_workspace/.worktrees/strict50-impl136-10s-20260709/YH_rv_cpu/rtl/YH_rv_cpu.v" into library work
INFO: [VRFC 10-311] analyzing module YH_rv_cpu
INFO: [VRFC 10-2263] Analyzing SystemVerilog file "D:/BaiduSyncdisk/02_icdc_workspace/.worktrees/strict50-impl136-10s-20260709/YH_rv_cpu/rtl/YH_rv_cpu_if_stage.v" into library work
INFO: [VRFC 10-311] analyzing module YH_rv_cpu_if_stage
INFO: [VRFC 10-2263] Analyzing SystemVerilog file "D:/BaiduSyncdisk/02_icdc_workspace/.worktrees/strict50-impl136-10s-20260709/YH_rv_cpu/rtl/YH_rv_cpu_id_stage.v" into library work
INFO: [VRFC 10-311] analyzing module YH_rv_cpu_id_stage
INFO: [VRFC 10-2263] Analyzing SystemVerilog file "D:/BaiduSyncdisk/02_icdc_workspace/.worktrees/strict50-impl136-10s-20260709/YH_rv_cpu/rtl/YH_rv_cpu_ex_stage.v" into library work
INFO: [VRFC 10-311] analyzing module YH_rv_cpu_ex_stage
INFO: [VRFC 10-2263] Analyzing SystemVerilog file "D:/BaiduSyncdisk/02_icdc_workspace/.worktrees/strict50-impl136-10s-20260709/YH_rv_cpu/rtl/YH_rv_cpu_mem_stage.v" into library work
INFO: [VRFC 10-311] analyzing module YH_rv_cpu_mem_stage
INFO: [VRFC 10-2263] Analyzing SystemVerilog file "D:/BaiduSyncdisk/02_icdc_workspace/.worktrees/strict50-impl136-10s-20260709/YH_rv_cpu/rtl/YH_rv_cpu_wb_stage.v" into library work
INFO: [VRFC 10-311] analyzing module YH_rv_cpu_wb_stage
INFO: [VRFC 10-2263] Analyzing SystemVerilog file "D:/BaiduSyncdisk/02_icdc_workspace/.worktrees/strict50-impl136-10s-20260709/YH_rv_cpu/rtl/YH_rv_cpu_hazard_unit.v" into library work
INFO: [VRFC 10-311] analyzing module YH_rv_cpu_hazard_unit
INFO: [VRFC 10-2263] Analyzing SystemVerilog file "D:/BaiduSyncdisk/02_icdc_workspace/.worktrees/strict50-impl136-10s-20260709/YH_rv_cpu/rtl/YH_rv_cpu_decoder.v" into library work
INFO: [VRFC 10-311] analyzing module YH_rv_cpu_decoder
INFO: [VRFC 10-2263] Analyzing SystemVerilog file "D:/BaiduSyncdisk/02_icdc_workspace/.worktrees/strict50-impl136-10s-20260709/YH_rv_cpu/rtl/YH_rv_cpu_regfile.v" into library work
INFO: [VRFC 10-311] analyzing module YH_rv_cpu_regfile
INFO: [VRFC 10-2263] Analyzing SystemVerilog file "D:/BaiduSyncdisk/02_icdc_workspace/.worktrees/strict50-impl136-10s-20260709/YH_rv_cpu/rtl/YH_rv_cpu_alu.v" into library work
INFO: [VRFC 10-311] analyzing module YH_rv_cpu_alu
Vivado Simulator v2025.2
Copyright 1986-2022 Xilinx, Inc. All Rights Reserved.
Copyright 2022-2025 Advanced Micro Devices, Inc. All Rights Reserved.
Running: D:/Vivado/2025.2/Vivado/bin/unwrapped/win64.o/xelab.exe YH_rv_cpu_coremark_fpga_tb -generic_top ENABLE_M_EXTENSION=0 -generic_top ENABLE_ZMMUL_EXTENSION=1 -generic_top ENABLE_BITMANIP_EXTENSION=1 -generic_top ENABLE_ZBC_EXTENSION=1 -generic_top ENABLE_ZICOND_EXTENSION=1 -generic_top ENABLE_ZBKB_EXTENSION=0 -generic_top ENABLE_XTHEAD_EXTENSION=1 -generic_top ENABLE_XTHEAD_CRC_EXTENSION=0 -generic_top ENABLE_XTHEAD_MUL_EXTENSION=1 -generic_top ENABLE_XTHEAD_COND_MOVE=1 -generic_top ENABLE_XTHEAD_ADDSL_EXTENSION=0 -generic_top ENABLE_XTHEAD_MEMPAIR_EXTENSION=0 -generic_top ENABLE_XTHEAD_BASE_UPDATE_EXTENSION=0 -generic_top ENABLE_ID_BRANCH_EX_FORWARD=0 -generic_top ENABLE_ID_BRANCH_EXMEM_LOAD_FORWARD=0 -generic_top ENABLE_EX_REDIRECT_EXMEM_LOAD_FORWARD=0 -generic_top ENABLE_ID_BRANCH_FOLD=1 -generic_top ENABLE_ID_BRANCH_FOLD_LIGHT_DECODE=1 -generic_top ENABLE_ID_BRANCH_NOT_TAKEN_FOLD=0 -generic_top ENABLE_ID_BRANCH_FOLD_NEXT_CACHE=1 -generic_top ENABLE_EX_REDIRECT_FOLD=1 -generic_top ENABLE_ID_BRANCH_NT_NEXT_CACHE=1 -generic_top ENABLE_ID_BRANCH_NOT_TAKEN_LOAD_FOLD=0 -generic_top ENABLE_ID_ALU_PAIR_FOLD=0 -generic_top ENABLE_ID_ALU_DEP_FOLD=0 -generic_top ENABLE_REDIRECT_TARGET_CACHE=1 -generic_top ENABLE_REDIRECT_CACHE_REGULAR_LOOKUP=1 -generic_top ENABLE_REDIRECT_CACHE_REGULAR_SIMPLE_LOOKUP=1 -generic_top ENABLE_REDIRECT_CACHE_EX_SIMPLE_BLOCK=1 -generic_top ENABLE_REDIRECT_CACHE_UPDATE_ON_REDIRECT=0 -generic_top ENABLE_FETCH_REDIRECT_REUSE=0 -generic_top ENABLE_FETCH_LIVE_BYPASS=1 -generic_top ENABLE_FETCH_REDIRECT_SAME_CYCLE_REQ=1 -generic_top ENABLE_REDIRECT_CACHE_HIT_EXTRA_IMEM_REQ=0 -generic_top ENABLE_REDIRECT_CACHE_PC_SKIP=1 -generic_top ENABLE_IF_ID_PAYLOAD_SIMPLE_CE=1 -generic_top REDIRECT_CACHE_ENTRIES=512 -generic_top REDIRECT_CACHE_XOR_INDEX=0 -generic_top IMEM_OUTPUT_REG=0 -generic_top ENABLE_DYNAMIC_BRANCH_PREDICT=1 -generic_top BRANCH_BHT_ENTRIES=64 -generic_top BRANCH_STATIC_PREDICT_MODE=1 -generic_top BRANCH_BHT_STRONG_ONLY=1 -generic_top BRANCH_BHT_DIRECT_UPDATE=1 -generic_top DMEM_NEGEDGE_READ=0 -generic_top DMEM_READ_PREISSUE=0 -generic_top DCACHE_EN=1 -generic_top DCACHE_SIZE_BYTES=512 -generic_top ENABLE_DCACHE_LOAD_USE_SPEC=0 -generic_top ENABLE_CONTROL_REDIRECT_DCACHE_LOAD_USE_SPEC=0 -generic_top ENABLE_BRANCH_REDIRECT_DCACHE_LOAD_USE_SPEC=0 -generic_top ENABLE_JALR_REDIRECT_DCACHE_LOAD_USE_SPEC=0 -generic_top ENABLE_FRONTEND_DCACHE_LOAD_USE_SPEC=0 -generic_top ENABLE_FOLD_DCACHE_LOAD_USE_SPEC=0 -generic_top ENABLE_FOLD_EXMEM_LOAD_USE_SPEC=1 -generic_top ENABLE_EXMEM_LOAD_MUL_FORWARD=0 -generic_top ENABLE_DCACHE_NEXT_PREFETCH=0 -generic_top ENABLE_DCACHE_WORD_ONLY=0 -generic_top ICACHE_EN=0 -generic_top RAM_BYTES=65536 -s YH_rv_cpu_coremark_fpga_tb_snapshot 
Multi-threading is on. Using 14 slave threads.
WARNING: [XSIM 43-3431] One or more environment variables have been detected which affect the operation of the C compiler. These are typically not set in standard installations and are not tested by AMD, however they may be appropriate for your system, so the flow will attempt to continue.  If errors occur, try running xelab with the "-mt off -v 1" switches to see more information from the C compiler. The following environment variables have been detected:
    C_INCLUDE_PATH
Starting static elaboration
Pass Through NonSizing Optimizer
Completed static elaboration
Starting simulation data flow analysis
Completed simulation data flow analysis
Time Resolution for simulation is 1ps
Compiling module work.YH_rv_sync_rom32(ROM_WORDS=16384...
Compiling module work.YH_rv_dmem_ram(RAM_BYTES=65536,S...
Compiling module work.YH_rv_cpu_if_stage_default
Compiling module work.YH_rv_cpu_regfile(ENABLE_FOLD_RS...
Compiling module work.YH_rv_cpu_decoder(ENABLE_M_EXTEN...
Compiling module work.YH_rv_cpu_id_stage(ENABLE_M_EXTE...
Compiling module work.YH_rv_cpu_hazard_unit
Compiling module work.YH_rv_cpu_alu(ENABLE_M_EXTENSION...
Compiling module work.YH_rv_cpu_ex_stage(ENABLE_M_EXTE...
Compiling module work.YH_rv_cpu_mem_stage_default
Compiling module work.YH_rv_cpu_dcache(CACHE_ADDR_BITS...
Compiling module work.YH_rv_cpu_wb_stage
Compiling module work.YH_rv_cpu(IMEM_SYNC=1,DMEM_SYNC=...
Compiling module work.YH_rv_cpu_soc(SYNC_IMEM=1,SYNC_D...
Compiling module work.YH_rv_cpu_coremark_fpga_tb(ENABL...
Built simulation snapshot YH_rv_cpu_coremark_fpga_tb_snapshot

****** xsim v2025.2 (64-bit)
  **** SW Build 6299465 on Fri Nov 14 19:35:11 GMT 2025
  **** IP Build 6300035 on Fri Nov 14 10:48:45 MST 2025
  **** SharedData Build 6298862 on Thu Nov 13 04:50:51 MST 2025
  **** Start of session at: Thu Jul  9 09:16:22 2026
    ** Copyright 1986-2022 Xilinx, Inc. All Rights Reserved.
    ** Copyright 2022-2025 Advanced Micro Devices, Inc. All Rights Reserved.

source xsim.dir/YH_rv_cpu_coremark_fpga_tb_snapshot/xsim_script.tcl
# xsim {YH_rv_cpu_coremark_fpga_tb_snapshot} -testplusarg max_cycles=3000000 -autoloadwcfg -runall
Time resolution is 1 ps
run -all
Starting FPGA-like CoreMark simulation (MAX_CYCLES=3000000)...
2K performance run parameters for coremark.
CoreMark Size    : 666
Total ticks      : 2332390
Total time (secs): 0
ERROR! Must execute for at least 10 secs for a valid result!
Iterations       : 10
Compiler version : GCC 15.2.0
Compiler flags   : -O3 -funroll-loops -mbranch-cost=1 -fno-schedule-insns -fno-schedule-insns2 -funroll-all-loops --param max-unrolled-insns=800 --param max-average-unrolled-insns=320 -finline-functions --param max-inline-insns-single=1000 --param max-inline-insns-auto=1000 --param inline-unit-growth=500 -fno-crossjumping -O2 -fschedule-insns -fschedule-insns2 -fno-caller-saves -fno-auto-inc-dec -march=rv32i_zmmul_zba_zbb_zbs_zbc_zicond_zbkb_xtheadba_xtheadbb_xtheadbs_xtheadcondmov_xtheadmemidx_xtheadmac_zicsr -mabi=ilp32
Memory location  : SoC ROM/RAM
seedcrc          : 0xe9f5
[0]crclist       : 0xe714
[0]crcmatrix     : 0x1fd7
[0]crcstate      : 0x8e3a
[0]crcfinal      : 0xfcaf
Errors detected
PROFILE_EVENTS cycles=2373958 ifid_valid=2351681 idex_valid=1921132 stall_decode=449529 mem_wait=33964 decode_flush=11099 ifid_load_bubble=22326 redirects=247389 ex_redirect=2153 id_redirect=182193 branch_predict_redirect=51622 jal_predict_redirect=2475 redirect_cache_deliver=226908 regular_cache_deliver=2172824 fold_candidate=156566 fold_valid=44470 fold_next=44467 fold_hazard=11691 fold_control=1691798 nt_fold_candidate=0 nt_fold_valid=0 nt_fold_next=0 nt_fold_block_load=0 nt_fold_block_store=0 nt_fold_block_hazard=0 nt_fold_block_control=0 id_alu_pair_candidate=0 id_alu_pair_valid=0 id_alu_pair_fetch=123251 id_alu_pair_cache=1949457 id_alu_dep_candidate=0 id_alu_dep_valid=0 id_alu_dep_fetch=123251 id_alu_dep_cache=1949457 fetch_req=144341 fetch_redirect_req=20478 fetch_regular_req=123863 fetch_data_issue=1923610 fetch_queue_enqueue=12489 fetch_queue_consume=12488 fetch_drop_response=0

PASS: coremark completed at PC=00003d34 in 2373958 cycles
$finish called at time : 23739685 ns : File "D:/BaiduSyncdisk/02_icdc_workspace/.worktrees/strict50-impl136-10s-20260709/YH_rv_cpu/tb/YH_rv_cpu_coremark_fpga_tb.v" Line 641
run: Time (s): cpu = 00:00:00 ; elapsed = 00:01:58 . Memory (MB): peak = 223.812 ; gain = 0.000
exit
INFO: xsimkernel Simulation Memory Usage: 12980 KB (Peak: 12980 KB), Simulation CPU Usage: 116749 ms
INFO: [Common 17-206] Exiting xsim at Thu Jul  9 09:18:23 2026...

FPGA-like score summary:
log_path=D:\BaiduSyncdisk\02_icdc_workspace\.worktrees\strict50-impl136-10s-20260709\artifacts\strict_50m_timing_opt_20260609\strict10s_impl136_20260709\sanity_iter10\coremark50_fast_gate_iter10.log
clock_hz=100000000
coremark_size=666
total_ticks=2332390
total_seconds=0.023324
iterations=10
iterations_per_sec=428.744764
coremark_per_mhz=4.287448
compiler_version=GCC 15.2.0
compiler_flags=-O3 -funroll-loops -mbranch-cost=1 -fno-schedule-insns -fno-schedule-insns2 -funroll-all-loops --param max-unrolled-insns=800 --param max-average-unrolled-insns=320 -finline-functions --param max-inline-insns-single=1000 --param max-inline-insns-auto=1000 --param inline-unit-growth=500 -fno-crossjumping -O2 -fschedule-insns -fschedule-insns2 -fno-caller-saves -fno-auto-inc-dec -march=rv32i_zmmul_zba_zbb_zbs_zbc_zicond_zbkb_xtheadba_xtheadbb_xtheadbs_xtheadcondmov_xtheadmemidx_xtheadmac_zicsr -mabi=ilp32
memory_location=SoC ROM/RAM
seedcrc=0xe9f5
crcfinal=0xfcaf
completion_cycles=2373958
validation_clean=no
validation_mode=short_runtime_only
full_workload=yes
performance_profile_2k=yes
runtime_floor_violation=yes
short_runtime_only=yes
seed_warning=no
errors_detected=yes
competition_reportable=yes
strict_eembc_10s_compliant=no
acceptance_pass=yes
acceptance_issues=
competition_report_line=CoreMark/MHz (host-parsed): 4.287448 / GCC 15.2.0 / SoC ROM/RAM
note=Derived host-side from raw ticks because the HAS_FLOAT=0 portable path truncates in-program integer seconds.
note_competition=Competition reports may use short reproducible runs; strict EEMBC validity still requires a >=10 second run.

PASS: coremark fpga-style run completed.
