
****** xsim v2025.2 (64-bit)
  **** SW Build 6299465 on Fri Nov 14 19:35:11 GMT 2025
  **** IP Build 6300035 on Fri Nov 14 10:48:45 MST 2025
  **** SharedData Build 6298862 on Thu Nov 13 04:50:51 MST 2025
  **** Start of session at: Thu May 14 09:32:23 2026
    ** Copyright 1986-2022 Xilinx, Inc. All Rights Reserved.
    ** Copyright 2022-2025 Advanced Micro Devices, Inc. All Rights Reserved.

source xsim.dir/YH_rv_cpu_dhrystone_rv32_zmmul_zbc_zicond_xthead_idbr_tb_snapshot/xsim_script.tcl
# xsim {YH_rv_cpu_dhrystone_rv32_zmmul_zbc_zicond_xthead_idbr_tb_snapshot} -testplusarg max_cycles=250000000 -testplusarg dhrystone_runs=1000 -testplusarg profile_pc -autoloadwcfg -runall
Time resolution is 1 ps
run -all
Starting Dhrystone simulation (MAX_CYCLES=250000000)...
DHRYSTONE_RUNS=1000
Microseconds for one run through Dhrystone: 4
Dhrystones per Second:                      5174
PROFILE_PC_BEGIN cycles=415013
PROFILE_PC pc=00000074 count=1000
PROFILE_PC pc=00000078 count=1000
PROFILE_PC pc=0000007c count=1000
PROFILE_PC pc=00000080 count=1000
PROFILE_PC pc=00000084 count=1000
PROFILE_PC pc=0000008c count=1000
PROFILE_PC pc=00000090 count=1000
PROFILE_PC pc=00000094 count=1000
PROFILE_PC pc=00000098 count=1000
PROFILE_PC pc=0000009c count=1000
PROFILE_PC pc=000000a0 count=1000
PROFILE_PC pc=000000a4 count=1000
PROFILE_PC pc=000000a8 count=1000
PROFILE_PC pc=000000ac count=1000
PROFILE_PC pc=000000b0 count=1000
PROFILE_PC pc=000000b4 count=1000
PROFILE_PC pc=000000b8 count=1000
PROFILE_PC pc=000000bc count=1000
PROFILE_PC pc=000000c0 count=1000
PROFILE_PC pc=000000c4 count=1000
PROFILE_PC pc=000000c8 count=1000
PROFILE_PC pc=000000cc count=1000
PROFILE_PC pc=000000d0 count=1000
PROFILE_PC pc=000000d4 count=1000
PROFILE_PC pc=000000d8 count=1000
PROFILE_PC pc=000000dc count=1000
PROFILE_PC pc=000000e0 count=1000
PROFILE_PC pc=000000e4 count=1000
PROFILE_PC pc=000000e8 count=1000
PROFILE_PC pc=000000ec count=1000
PROFILE_PC pc=000000f0 count=1000
PROFILE_PC pc=000000f4 count=1000
PROFILE_PC pc=000000f8 count=1000
PROFILE_PC pc=000000fc count=1000
PROFILE_PC pc=00000100 count=1000
PROFILE_PC pc=00000104 count=1000
PROFILE_PC pc=00000108 count=1000
PROFILE_PC pc=0000010c count=1000
PROFILE_PC pc=00000110 count=1000
PROFILE_PC pc=00000114 count=1000
PROFILE_PC pc=00000118 count=1000
PROFILE_PC pc=0000011c count=1000
PROFILE_PC pc=00000120 count=1000
PROFILE_PC pc=00000124 count=1000
PROFILE_PC pc=00000128 count=1000
PROFILE_PC pc=0000012c count=1000
PROFILE_PC pc=00000130 count=1000
PROFILE_PC pc=00000134 count=1000
PROFILE_PC pc=00000138 count=1000
PROFILE_PC pc=0000013c count=1000
PROFILE_PC pc=00000140 count=1000
PROFILE_PC pc=00000144 count=1000
PROFILE_PC pc=00000148 count=1000
PROFILE_PC pc=0000014c count=1000
PROFILE_PC pc=00000150 count=1000
PROFILE_PC pc=00000154 count=1000
PROFILE_PC pc=00000158 count=1000
PROFILE_PC pc=0000015c count=1000
PROFILE_PC pc=00000160 count=1000
PROFILE_PC pc=00000164 count=1000
PROFILE_PC pc=00000168 count=1000
PROFILE_PC pc=0000016c count=1000
PROFILE_PC pc=00000170 count=1000
PROFILE_PC pc=00000174 count=1000
PROFILE_PC pc=00000178 count=1000
PROFILE_PC pc=0000017c count=1000
PROFILE_PC pc=000001f8 count=1000
PROFILE_PC pc=000001fc count=1000
PROFILE_PC pc=00000200 count=1000
PROFILE_PC pc=00000204 count=1000
PROFILE_PC pc=00000208 count=1000
PROFILE_PC pc=0000020c count=1000
PROFILE_PC pc=00000210 count=1000
PROFILE_PC pc=00000214 count=1000
PROFILE_PC pc=00000218 count=1000
PROFILE_PC pc=0000021c count=1000
PROFILE_PC pc=00000220 count=1000
PROFILE_PC pc=00000224 count=1000
PROFILE_PC pc=00000228 count=1000
PROFILE_PC pc=0000022c count=1000
PROFILE_PC pc=00000230 count=1000
PROFILE_PC pc=00000234 count=1000
PROFILE_PC pc=00000238 count=1000
PROFILE_PC pc=0000023c count=1000
PROFILE_PC pc=00000240 count=1000
PROFILE_PC pc=00000244 count=1000
PROFILE_PC pc=00000248 count=1000
PROFILE_PC pc=0000024c count=1000
PROFILE_PC pc=00000250 count=1000
PROFILE_PC pc=00000254 count=1000
PROFILE_PC pc=00000258 count=1000
PROFILE_PC pc=0000025c count=1000
PROFILE_PC pc=00000260 count=1000
PROFILE_PC pc=00000264 count=1000
PROFILE_PC pc=00000268 count=1000
PROFILE_PC pc=0000026c count=1000
PROFILE_PC pc=00000270 count=1000
PROFILE_PC pc=00000274 count=1000
PROFILE_PC pc=00000278 count=1000
PROFILE_PC pc=0000027c count=1000
PROFILE_PC pc=000003cc count=1
PROFILE_PC pc=000003d0 count=1
PROFILE_PC pc=000003d4 count=1
PROFILE_PC pc=000003d8 count=1
PROFILE_PC pc=000003dc count=1
PROFILE_PC pc=000003e0 count=1000
PROFILE_PC pc=000003e4 count=1000
PROFILE_PC pc=000003e8 count=1000
PROFILE_PC pc=000003ec count=1000
PROFILE_PC pc=000003f0 count=1000
PROFILE_PC pc=000003f4 count=1000
PROFILE_PC pc=000003f8 count=1000
PROFILE_PC pc=000003fc count=1000
PROFILE_PC pc=00000400 count=1000
PROFILE_PC pc=00000404 count=1000
PROFILE_PC pc=00000408 count=1000
PROFILE_PC pc=0000040c count=1000
PROFILE_PC pc=00000410 count=1000
PROFILE_PC pc=00000414 count=1000
PROFILE_PC pc=00000418 count=1000
PROFILE_PC pc=0000041c count=1000
PROFILE_PC pc=00000420 count=1000
PROFILE_PC pc=00000424 count=1000
PROFILE_PC pc=00000428 count=1000
PROFILE_PC pc=0000042c count=1000
PROFILE_PC pc=00000430 count=1000
PROFILE_PC pc=00000434 count=1000
PROFILE_PC pc=00000438 count=1000
PROFILE_PC pc=0000043c count=1000
PROFILE_PC pc=00000440 count=1000
PROFILE_PC pc=00000444 count=1000
PROFILE_PC pc=00000448 count=1000
PROFILE_PC pc=0000044c count=1000
PROFILE_PC pc=00000450 count=1000
PROFILE_PC pc=00000454 count=1000
PROFILE_PC pc=00000458 count=2000
PROFILE_PC pc=0000045c count=2000
PROFILE_PC pc=00000460 count=2000
PROFILE_PC pc=00000464 count=2000
PROFILE_PC pc=00000468 count=2000
PROFILE_PC pc=0000046c count=2000
PROFILE_PC pc=00000470 count=2000
PROFILE_PC pc=00000474 count=2000
PROFILE_PC pc=00000478 count=2000
PROFILE_PC pc=000004ac count=1000
PROFILE_PC pc=000004b0 count=1000
PROFILE_PC pc=000004b4 count=1000
PROFILE_PC pc=000004b8 count=1000
PROFILE_PC pc=000004bc count=1000
PROFILE_PC pc=000004c0 count=1000
PROFILE_PC pc=000004c4 count=1000
PROFILE_PC pc=000004c8 count=1000
PROFILE_PC pc=000004cc count=1000
PROFILE_PC pc=000004d0 count=1000
PROFILE_PC pc=000004d4 count=1000
PROFILE_PC pc=000004d8 count=1
PROFILE_PC pc=000008c4 count=3000
PROFILE_PC pc=000008c8 count=3000
PROFILE_PC pc=000008cc count=3000
PROFILE_PC pc=000008d0 count=3000
PROFILE_PC pc=000008d4 count=1000
PROFILE_PC pc=000008d8 count=1000
PROFILE_PC pc=000008dc count=1000
PROFILE_PC pc=000008e0 count=1000
PROFILE_PC pc=000008e4 count=1000
PROFILE_PC pc=000008e8 count=1000
PROFILE_PC pc=000008ec count=1000
PROFILE_PC pc=000008f0 count=1000
PROFILE_PC pc=000008f4 count=1000
PROFILE_PC pc=000008f8 count=1000
PROFILE_PC pc=000008fc count=1000
PROFILE_PC pc=00000900 count=1000
PROFILE_PC pc=00000904 count=1000
PROFILE_PC pc=00000908 count=1000
PROFILE_PC pc=0000090c count=1000
PROFILE_PC pc=00000910 count=1000
PROFILE_PC pc=00000914 count=1000
PROFILE_PC pc=00000918 count=1000
PROFILE_PC pc=0000091c count=1000
PROFILE_PC pc=00000920 count=1000
PROFILE_PC pc=00000924 count=1000
PROFILE_PC pc=00000928 count=1000
PROFILE_PC pc=0000092c count=1000
PROFILE_PC pc=00000930 count=1000
PROFILE_PC pc=00000934 count=3000
PROFILE_PC pc=00000938 count=3000
PROFILE_PC pc=0000093c count=3000
PROFILE_PC pc=00000940 count=3000
PROFILE_PC pc=00000944 count=3000
PROFILE_PC pc=00000958 count=1000
PROFILE_PC pc=0000095c count=1000
PROFILE_PC pc=00000960 count=1000
PROFILE_PC pc=00000964 count=1000
PROFILE_PC pc=00000968 count=1000
PROFILE_PC pc=0000096c count=1000
PROFILE_PC pc=00000970 count=1000
PROFILE_PC pc=00000974 count=1000
PROFILE_PC pc=00000978 count=1000
PROFILE_PC pc=0000097c count=1000
PROFILE_PC pc=00000980 count=1000
PROFILE_PC pc=00000984 count=1000
PROFILE_PC pc=00000988 count=1000
PROFILE_PC pc=0000098c count=1000
PROFILE_PC pc=00000990 count=1000
PROFILE_PC pc=00000994 count=1000
PROFILE_PC pc=00000998 count=1000
PROFILE_PC pc=000009ac count=1000
PROFILE_PC pc=000009b0 count=1000
PROFILE_PC pc=000009b4 count=1000
PROFILE_PC pc=000009b8 count=1000
PROFILE_PC pc=000009bc count=1000
PROFILE_PC pc=000009c0 count=1000
PROFILE_PC pc=000009c4 count=1000
PROFILE_PC pc=000009c8 count=1000
PROFILE_PC pc=000009cc count=1000
PROFILE_PC pc=000009d0 count=1000
PROFILE_PC pc=000009d4 count=1000
PROFILE_PC pc=000009d8 count=1000
PROFILE_PC pc=000009dc count=1000
PROFILE_PC pc=000009e0 count=1000
PROFILE_PC pc=000009e4 count=1000
PROFILE_PC pc=000009e8 count=1000
PROFILE_PC pc=000009ec count=1000
PROFILE_PC pc=000009f0 count=1000
PROFILE_PC pc=000009f4 count=1000
PROFILE_PC pc=000009f8 count=1000
PROFILE_PC pc=000009fc count=1000
PROFILE_PC pc=00000a00 count=1000
PROFILE_PC pc=00000a04 count=1000
PROFILE_PC pc=00000a54 count=1000
PROFILE_PC pc=00000a58 count=1000
PROFILE_PC pc=00000a5c count=1000
PROFILE_PC pc=00000a60 count=1000
PROFILE_PC pc=00000a64 count=1000
PROFILE_PC pc=00000a68 count=1000
PROFILE_PC pc=00000b80 count=1
PROFILE_PC pc=00000b84 count=1
PROFILE_PC pc=00000b88 count=1
PROFILE_PC pc=00000b8c count=1
PROFILE_PC pc=00000b90 count=1
PROFILE_PC pc=00000b94 count=1
PROFILE_PC pc=00000ba0 count=1
PROFILE_PC pc=00000dd8 count=1000
PROFILE_PC pc=00000ddc count=1000
PROFILE_PC pc=00000de0 count=1000
PROFILE_PC pc=00000de4 count=1000
PROFILE_PC pc=00000de8 count=1000
PROFILE_PC pc=00000dec count=1000
PROFILE_PC pc=00000df0 count=1000
PROFILE_PC pc=00000df4 count=1000
PROFILE_PC pc=00000df8 count=1000
PROFILE_PC pc=00000dfc count=1000
PROFILE_PC pc=00000e00 count=1000
PROFILE_PC pc=00000e04 count=1000
PROFILE_PC pc=00000e08 count=1000
PROFILE_PC pc=00000e0c count=1000
PROFILE_PC pc=00000e10 count=4000
PROFILE_PC pc=00000e14 count=4000
PROFILE_PC pc=00000e18 count=4000
PROFILE_PC pc=00000e1c count=4000
PROFILE_PC pc=00000e20 count=1000
PROFILE_PC pc=00000e24 count=1000
PROFILE_PC pc=00000e28 count=1000
PROFILE_PC pc=00000e2c count=3000
PROFILE_PC pc=00000e30 count=3000
PROFILE_PC pc=00000e34 count=3000
PROFILE_PC pc=00000e38 count=3000
PROFILE_PC pc=00000e3c count=1000
PROFILE_PC pc=00000e40 count=3000
PROFILE_PC pc=00000e44 count=3000
PROFILE_PC pc=00000e48 count=3000
PROFILE_PC pc=00000e4c count=3000
PROFILE_PC pc=00000e50 count=3000
PROFILE_PC pc=00000e54 count=3000
PROFILE_PC pc=00000e58 count=3000
PROFILE_PC pc=00000e5c count=3000
PROFILE_PC pc=00000e60 count=3000
PROFILE_PC pc=00000e68 count=1000
PROFILE_PC pc=00000e6c count=1000
PROFILE_PC pc=00000e70 count=1000
PROFILE_PC pc=00000e74 count=1000
PROFILE_PC pc=00000e78 count=1000
PROFILE_PC pc=00000e7c count=1000
PROFILE_PC pc=00000e80 count=1000
PROFILE_PC pc=00000e84 count=1000
PROFILE_PC pc=00000e88 count=1000
PROFILE_PC pc=00000e8c count=1000
PROFILE_PC pc=00000e90 count=1000
PROFILE_PC pc=00000e94 count=1000
PROFILE_PC pc=00000e98 count=2000
PROFILE_PC pc=00000e9c count=2000
PROFILE_PC pc=00000ea0 count=2000
PROFILE_PC pc=00000ea4 count=2000
PROFILE_PC pc=00000ea8 count=2000
PROFILE_PC pc=00000eac count=2000
PROFILE_PC pc=00000eb0 count=2000
PROFILE_PC pc=00000eb4 count=2000
PROFILE_PC pc=00000ebc count=1000
PROFILE_PC pc=00000ec0 count=1000
PROFILE_PC pc=00000ec4 count=1000
PROFILE_PC pc=00000ec8 count=4000
PROFILE_PC pc=00000ecc count=3000
PROFILE_PC pc=00000ed0 count=3000
PROFILE_PC pc=00000ed4 count=4000
PROFILE_PC pc=00000ed8 count=4000
PROFILE_PC pc=00000edc count=1000
PROFILE_PC pc=00000ee0 count=1000
PROFILE_PC pc=00000ee4 count=2000
PROFILE_PC pc=00000ee8 count=2000
PROFILE_PC pc=00000eec count=2000
PROFILE_PC pc=00000ef0 count=2000
PROFILE_PC pc=00000ef4 count=2000
PROFILE_PC pc=00000ef8 count=1000
PROFILE_PC pc=00000fa4 count=1000
PROFILE_PC pc=00000fa8 count=1000
PROFILE_PC pc=00000fac count=1000
PROFILE_PC pc=00000fb0 count=1000
PROFILE_PC pc=00000fb4 count=1000
PROFILE_PC pc=00000fb8 count=1000
PROFILE_PC pc=00000fbc count=1000
PROFILE_PC pc=00000fc0 count=1000
PROFILE_PC pc=00000fc4 count=1000
PROFILE_PC pc=00000fc8 count=1000
PROFILE_PC pc=00000fcc count=1000
PROFILE_PC pc=00000fd0 count=1000
PROFILE_PC pc=00000fd4 count=1000
PROFILE_PC pc=00000fd8 count=2000
PROFILE_PC pc=00000fdc count=1000
PROFILE_PC pc=00000fe0 count=1000
PROFILE_PC pc=00000fe4 count=2000
PROFILE_PC pc=00000fe8 count=2000
PROFILE_PC pc=00000fec count=2000
PROFILE_PC pc=00000ff0 count=1000
PROFILE_PC_END

PASS: dhrystone completed at PC=00000070 in 458173 cycles
$finish called at time : 4581835 ns : File "D:/BaiduSyncdisk/02_icdc_workspace/.worktrees/coremark7-dmips5-20260508/YH_rv_cpu/tb/YH_rv_cpu_dhrystone_tb.v" Line 168
run: Time (s): cpu = 00:00:00 ; elapsed = 00:00:13 . Memory (MB): peak = 203.699 ; gain = 0.039
exit
INFO: xsimkernel Simulation Memory Usage: 13628 KB (Peak: 13628 KB), Simulation CPU Usage: 13140 ms
INFO: [Common 17-206] Exiting xsim at Thu May 14 09:32:38 2026...
