#-----------------------------------------------------------
# Vivado v2025.2 (64-bit)
# SW Build 6299465 on Fri Nov 14 19:35:11 GMT 2025
# IP Build 6300035 on Fri Nov 14 10:48:45 MST 2025
# SharedData Build 6298862 on Thu Nov 13 04:50:51 MST 2025
# Start of session at: Thu Jul  2 19:37:49 2026
# Process ID         : 8752
# Current directory  : D:/BaiduSyncdisk/02_icdc_workspace/.worktrees/strict50-impl136-opt-20260625
# Command line       : vivado.exe -mode batch -notrace -log artifacts\strict_50m_timing_opt_20260609\board_impl220_bitstream_20260702\vivado_write_bitstream_from_impl220.log -journal artifacts\strict_50m_timing_opt_20260609\board_impl220_bitstream_20260702\vivado_write_bitstream_from_impl220.jou -source artifacts\strict_50m_timing_opt_20260609\board_impl220_bitstream_20260702\write_bitstream_from_impl220.tcl
# Log file           : D:/BaiduSyncdisk/02_icdc_workspace/.worktrees/strict50-impl136-opt-20260625/artifacts/strict_50m_timing_opt_20260609/board_impl220_bitstream_20260702/vivado_write_bitstream_from_impl220.log
# Journal file       : D:/BaiduSyncdisk/02_icdc_workspace/.worktrees/strict50-impl136-opt-20260625\artifacts\strict_50m_timing_opt_20260609\board_impl220_bitstream_20260702\vivado_write_bitstream_from_impl220.jou
# Running On         : Toylog_desktop
# Platform           : Windows Server 2016 or Windows 10
# Operating System   : 26200
# Processor Detail   : AMD Ryzen 7 7435H
# CPU Frequency      : 3094 MHz
# CPU Physical cores : 8
# CPU Logical cores  : 16
# Host memory        : 34082 MB
# Swap memory        : 2147 MB
# Total Virtual      : 36230 MB
# Available Virtual  : 20182 MB
#-----------------------------------------------------------
source {artifacts\strict_50m_timing_opt_20260609\board_impl220_bitstream_20260702\write_bitstream_from_impl220.tcl} -notrace
Command: open_checkpoint D:/BaiduSyncdisk/02_icdc_workspace/.worktrees/strict50-impl136-opt-20260625/artifacts/strict_50m_timing_opt_20260609/impl220_impl200_optExploreArea_routeAdvancedSkewModeling_postAggressive_cpu50/dcp/cpu50_impl.dcp

Starting open_checkpoint Task

Time (s): cpu = 00:00:00 ; elapsed = 00:00:00.103 . Memory (MB): peak = 369.895 ; gain = 3.836
INFO: [Device 21-403] Loading part xc7z020clg400-1
Netlist sorting complete. Time (s): cpu = 00:00:00 ; elapsed = 00:00:00.251 . Memory (MB): peak = 843.652 ; gain = 0.000
INFO: [Netlist 29-17] Analyzing 2238 Unisim elements for replacement
INFO: [Netlist 29-28] Unisim Transformation completed in 1 CPU seconds
INFO: [Project 1-479] Netlist was created with Vivado 2025.2
INFO: [Project 1-570] Preparing netlist for logic optimization
Read ShapeDB Complete: Time (s): cpu = 00:00:00 ; elapsed = 00:00:00.085 . Memory (MB): peak = 965.527 ; gain = 3.484
INFO: [Timing 38-478] Restoring timing data from binary archive.
INFO: [Timing 38-479] Binary timing data restore complete.
INFO: [Project 1-856] Restoring constraints from binary archive.
INFO: [Project 1-853] Binary constraint restore complete.
INFO: [Designutils 20-5722] Start Reading Physical Databases.
Reading placement.
Read Netlist Cache: Time (s): cpu = 00:00:00 ; elapsed = 00:00:00.048 . Memory (MB): peak = 1570.320 ; gain = 0.000
Reading placer database...
Read Device Cache: Time (s): cpu = 00:00:00 ; elapsed = 00:00:00.029 . Memory (MB): peak = 1570.320 ; gain = 0.000
Read PlaceDB: Time (s): cpu = 00:00:00 ; elapsed = 00:00:00 . Memory (MB): peak = 1570.320 ; gain = 0.000
Read placeStorage: Time (s): cpu = 00:00:01 ; elapsed = 00:00:00.943 . Memory (MB): peak = 1570.320 ; gain = 0.000
Read PulsedLatchDB: Time (s): cpu = 00:00:00 ; elapsed = 00:00:00 . Memory (MB): peak = 1570.320 ; gain = 0.000
Reading routing.
Read RouteStorage: Time (s): cpu = 00:00:01 ; elapsed = 00:00:00.389 . Memory (MB): peak = 1580.977 ; gain = 10.656
Read Physdb Files: Time (s): cpu = 00:00:02 ; elapsed = 00:00:01 . Memory (MB): peak = 1580.977 ; gain = 10.656
Restored from archive | CPU: 2.000000 secs | Memory: 0.000000 MB |
Finished XDEF File Restore: Time (s): cpu = 00:00:02 ; elapsed = 00:00:02 . Memory (MB): peak = 1580.977 ; gain = 11.668
Netlist sorting complete. Time (s): cpu = 00:00:00 ; elapsed = 00:00:00.018 . Memory (MB): peak = 1592.871 ; gain = 0.000
INFO: [Project 1-111] Unisim Transformation Summary:
  A total of 334 instances were transformed.
  RAM64M => RAM64M (RAMD64E(x4)): 334 instances

INFO: [Project 1-604] Checkpoint was created with Vivado v2025.2 (64-bit) build 6299465
open_checkpoint: Time (s): cpu = 00:00:39 ; elapsed = 00:00:44 . Memory (MB): peak = 1600.070 ; gain = 1244.902
Command: report_drc -file D:/BaiduSyncdisk/02_icdc_workspace/.worktrees/strict50-impl136-opt-20260625/artifacts/strict_50m_timing_opt_20260609/board_impl220_bitstream_20260702/bitstream_from_dcp_drc.rpt
INFO: [IP_Flow 19-234] Refreshing IP repositories
INFO: [IP_Flow 19-1704] No user IP repositories specified
INFO: [IP_Flow 19-2313] Loaded Vivado IP repository 'D:/Vivado/2025.2/Vivado/data/ip'.
INFO: [DRC 23-27] Running DRC with 2 threads
INFO: [Vivado_Tcl 2-168] The results of DRC are in file D:/BaiduSyncdisk/02_icdc_workspace/.worktrees/strict50-impl136-opt-20260625/artifacts/strict_50m_timing_opt_20260609/board_impl220_bitstream_20260702/bitstream_from_dcp_drc.rpt.
report_drc completed successfully
report_drc: Time (s): cpu = 00:00:13 ; elapsed = 00:00:10 . Memory (MB): peak = 1724.766 ; gain = 124.695
INFO: [Timing 38-35] Done setting XDC timing constraints.
INFO: [Timing 38-91] UpdateTimingParams: Speed grade: -1, Delay Type: min_max.
INFO: [Timing 38-191] Multithreading enabled for timing update using a maximum of 2 CPUs
report_timing_summary: Time (s): cpu = 00:00:21 ; elapsed = 00:00:12 . Memory (MB): peak = 1724.766 ; gain = 0.000
Command: write_bitstream -force D:/BaiduSyncdisk/02_icdc_workspace/.worktrees/strict50-impl136-opt-20260625/artifacts/strict_50m_timing_opt_20260609/board_impl220_bitstream_20260702/YH_rv_cpu_pynq_z2_strict50_impl220_20260702.bit
Attempting to get a license for feature 'Implementation' and/or device 'xc7z020'
INFO: [Common 17-349] Got license for feature 'Implementation' and/or device 'xc7z020'
Running DRC as a precondition to command write_bitstream
INFO: [IP_Flow 19-1839] IP Catalog is up to date.
INFO: [DRC 23-27] Running DRC with 2 threads
INFO: [Vivado 12-3199] DRC finished with 0 Errors
INFO: [Vivado 12-3200] Please refer to the DRC report (report_drc) for more information.
Integrating Hard IP ELF/MEM with the PDI.
INFO: [Designutils 20-2272] Running write_bitstream with 2 threads.
Loading data files...
Loading site data...
Loading route data...
Processing options...
Creating bitmap...
Creating bitstream...
Writing bitstream D:/BaiduSyncdisk/02_icdc_workspace/.worktrees/strict50-impl136-opt-20260625/artifacts/strict_50m_timing_opt_20260609/board_impl220_bitstream_20260702/YH_rv_cpu_pynq_z2_strict50_impl220_20260702.bit...
INFO: [Vivado 12-1842] Bitgen Completed Successfully.
INFO: [Common 17-83] Releasing license: Implementation
28 Infos, 0 Warnings, 0 Critical Warnings and 0 Errors encountered.
write_bitstream completed successfully
write_bitstream: Time (s): cpu = 00:00:39 ; elapsed = 00:00:27 . Memory (MB): peak = 2242.492 ; gain = 517.727
INFO: Bitstream written to D:/BaiduSyncdisk/02_icdc_workspace/.worktrees/strict50-impl136-opt-20260625/artifacts/strict_50m_timing_opt_20260609/board_impl220_bitstream_20260702/YH_rv_cpu_pynq_z2_strict50_impl220_20260702.bit
INFO: [Common 17-206] Exiting Vivado at Thu Jul  2 19:39:30 2026...
