#-----------------------------------------------------------
# Vivado v2025.2 (64-bit)
# SW Build 6299465 on Fri Nov 14 19:35:11 GMT 2025
# IP Build 6300035 on Fri Nov 14 10:48:45 MST 2025
# SharedData Build 6298862 on Thu Nov 13 04:50:51 MST 2025
# Start of session at: Fri May  8 09:52:30 2026
# Process ID         : 15988
# Current directory  : V:/project
# Command line       : vivado.exe -mode batch -notrace -log V:\_tmp\tool_logs\vivado\vivado_pynq_z2_impl.log -journal V:\_tmp\tool_logs\vivado\vivado_pynq_z2_impl.jou -source V:\YH_rv_cpu\scripts\..\fpga\vivado\scripts\build_pynq_z2_project.tcl -tclargs impl
# Log file           : V:/_tmp/tool_logs/vivado/vivado_pynq_z2_impl.log
# Journal file       : V:\_tmp\tool_logs\vivado\vivado_pynq_z2_impl.jou
# Running On         : Toylog_desktop
# Platform           : Windows Server 2016 or Windows 10
# Operating System   : 26200
# Processor Detail   : AMD Ryzen 7 7435H
# CPU Frequency      : 3094 MHz
# CPU Physical cores : 8
# CPU Logical cores  : 16
# Host memory        : 34082 MB
# Swap memory        : 3355 MB
# Total Virtual      : 37438 MB
# Available Virtual  : 18853 MB
#-----------------------------------------------------------
source {V:\YH_rv_cpu\scripts\..\fpga\vivado\scripts\build_pynq_z2_project.tcl} -notrace
INFO: Board = PYNQ-Z2
INFO: Flow mode = impl
INFO: Input clock period = 8.000 ns
INFO: CPU clock frequency generic = 50000000 Hz
INFO: USE_CLK_MMCM_62M5 = 0
INFO: USE_CLK_MMCM_50M = 1
INFO: ENABLE_M_EXTENSION = 0
INFO: ENABLE_ZMMUL_EXTENSION = 1
INFO: ENABLE_BITMANIP_EXTENSION = 1
INFO: ENABLE_ZBC_EXTENSION = 1
INFO: ENABLE_ZICOND_EXTENSION = 0
INFO: ENABLE_ZBKB_EXTENSION = 0
INFO: ENABLE_XTHEAD_EXTENSION = 1
INFO: ENABLE_XTHEAD_COND_MOVE = 1
INFO: ENABLE_ID_BRANCH_EX_FORWARD = 0
STEP: read_rtl BEGIN
read_verilog: Time (s): cpu = 00:00:09 ; elapsed = 00:00:07 . Memory (MB): peak = 577.277 ; gain = 222.234
STEP: read_rtl DONE
STEP: read_fpga_sources BEGIN
STEP: read_fpga_sources DONE
STEP: read_constraints BEGIN
STEP: read_constraints DONE
STEP: read_clock_constraints BEGIN
STEP: read_clock_constraints DONE
INFO: ROM_INIT_HEX override = V:/YH_rv_cpu/build/sw/YH_rv_cpu_demo.hex
INFO: ROM_INIT_MEM32_HEX override = V:/YH_rv_cpu/build/sw/YH_rv_cpu_demo.mem32.hex
INFO: ROM_BYTES override = 8192
INFO: RAM_BYTES override = 8192
STEP: synth_design BEGIN
WARNING: [Common 17-576] 'retiming' is deprecated. Please use -global_retiming option
Command: synth_design -top YH_rv_cpu_fpga_top -part xc7z020clg400-1 -flatten_hierarchy rebuilt -retiming -fanout_limit 32 -generic CLK_FREQ_HZ=50000000 -generic USE_CLK_MMCM_62M5=0 -generic USE_CLK_MMCM_50M=1 -generic ENABLE_M_EXTENSION=0 -generic ENABLE_ZMMUL_EXTENSION=1 -generic ENABLE_BITMANIP_EXTENSION=1 -generic ENABLE_ZBC_EXTENSION=1 -generic ENABLE_ZICOND_EXTENSION=0 -generic ENABLE_ZBKB_EXTENSION=0 -generic ENABLE_XTHEAD_EXTENSION=1 -generic ENABLE_XTHEAD_COND_MOVE=1 -generic ENABLE_ID_BRANCH_EX_FORWARD=0 -generic ROM_INIT_HEX=V:/YH_rv_cpu/build/sw/YH_rv_cpu_demo.hex -generic ROM_INIT_MEM32_HEX=V:/YH_rv_cpu/build/sw/YH_rv_cpu_demo.mem32.hex -generic ROM_BYTES=8192 -generic RAM_BYTES=8192
Starting synth_design
Attempting to get a license for feature 'Synthesis' and/or device 'xc7z020'
INFO: [Common 17-349] Got license for feature 'Synthesis' and/or device 'xc7z020'
INFO: [Device 21-403] Loading part xc7z020clg400-1
INFO: [Synth 8-7079] Multithreading enabled for synth_design using a maximum of 2 processes.
INFO: [Synth 8-7078] Launching helper process for spawning children vivado processes
INFO: [Synth 8-7075] Helper process launched with PID 16416
---------------------------------------------------------------------------------
Starting RTL Elaboration : Time (s): cpu = 00:00:05 ; elapsed = 00:00:06 . Memory (MB): peak = 1350.844 ; gain = 539.359
---------------------------------------------------------------------------------
INFO: [Synth 8-6157] synthesizing module 'YH_rv_cpu_fpga_top' [V:/YH_rv_cpu/fpga/vivado/src/YH_rv_cpu_fpga_top.v:1]
	Parameter CLK_FREQ_HZ bound to: 50000000 - type: integer 
	Parameter USE_CLK_MMCM_62M5 bound to: 0 - type: integer 
	Parameter USE_CLK_MMCM_50M bound to: 1 - type: integer 
	Parameter ENABLE_M_EXTENSION bound to: 0 - type: integer 
	Parameter ENABLE_ZMMUL_EXTENSION bound to: 1 - type: integer 
	Parameter ENABLE_BITMANIP_EXTENSION bound to: 1 - type: integer 
	Parameter ENABLE_ZBC_EXTENSION bound to: 1 - type: integer 
	Parameter ENABLE_ZICOND_EXTENSION bound to: 0 - type: integer 
	Parameter ENABLE_ZBKB_EXTENSION bound to: 0 - type: integer 
	Parameter ENABLE_XTHEAD_EXTENSION bound to: 1 - type: integer 
	Parameter ENABLE_XTHEAD_COND_MOVE bound to: 1 - type: integer 
	Parameter ENABLE_ID_BRANCH_EX_FORWARD bound to: 0 - type: integer 
	Parameter ROM_BYTES bound to: 8192 - type: integer 
	Parameter RAM_BYTES bound to: 8192 - type: integer 
	Parameter ROM_INIT_HEX bound to: V:/YH_rv_cpu/build/sw/YH_rv_cpu_demo.hex - type: string 
	Parameter ROM_INIT_MEM32_HEX bound to: V:/YH_rv_cpu/build/sw/YH_rv_cpu_demo.mem32.hex - type: string 
INFO: [Synth 8-6157] synthesizing module 'MMCME2_BASE' [D:/Vivado/2025.2/Vivado/scripts/rt/data/unisim_comp.v:95964]
	Parameter BANDWIDTH bound to: OPTIMIZED - type: string 
	Parameter CLKFBOUT_MULT_F bound to: 8.000000e+00 - type: double 
	Parameter CLKFBOUT_PHASE bound to: 0.000000e+00 - type: double 
	Parameter CLKIN1_PERIOD bound to: 8.000000e+00 - type: double 
	Parameter CLKOUT0_DIVIDE_F bound to: 2.000000e+01 - type: double 
	Parameter CLKOUT0_DUTY_CYCLE bound to: 5.000000e-01 - type: double 
	Parameter CLKOUT0_PHASE bound to: 0.000000e+00 - type: double 
	Parameter DIVCLK_DIVIDE bound to: 1 - type: integer 
	Parameter REF_JITTER1 bound to: 1.000000e-02 - type: double 
	Parameter STARTUP_WAIT bound to: FALSE - type: string 
INFO: [Synth 8-6155] done synthesizing module 'MMCME2_BASE' (0#1) [D:/Vivado/2025.2/Vivado/scripts/rt/data/unisim_comp.v:95964]
WARNING: [Synth 8-7071] port 'CLKFBOUTB' of module 'MMCME2_BASE' is unconnected for instance 'u_clk_mmcm' [V:/YH_rv_cpu/fpga/vivado/src/YH_rv_cpu_fpga_top.v:71]
WARNING: [Synth 8-7071] port 'CLKOUT0B' of module 'MMCME2_BASE' is unconnected for instance 'u_clk_mmcm' [V:/YH_rv_cpu/fpga/vivado/src/YH_rv_cpu_fpga_top.v:71]
WARNING: [Synth 8-7071] port 'CLKOUT1B' of module 'MMCME2_BASE' is unconnected for instance 'u_clk_mmcm' [V:/YH_rv_cpu/fpga/vivado/src/YH_rv_cpu_fpga_top.v:71]
WARNING: [Synth 8-7071] port 'CLKOUT2B' of module 'MMCME2_BASE' is unconnected for instance 'u_clk_mmcm' [V:/YH_rv_cpu/fpga/vivado/src/YH_rv_cpu_fpga_top.v:71]
WARNING: [Synth 8-7071] port 'CLKOUT3B' of module 'MMCME2_BASE' is unconnected for instance 'u_clk_mmcm' [V:/YH_rv_cpu/fpga/vivado/src/YH_rv_cpu_fpga_top.v:71]
WARNING: [Synth 8-7023] instance 'u_clk_mmcm' of module 'MMCME2_BASE' has 18 connections declared, but only 13 given [V:/YH_rv_cpu/fpga/vivado/src/YH_rv_cpu_fpga_top.v:71]
INFO: [Synth 8-6157] synthesizing module 'BUFG' [D:/Vivado/2025.2/Vivado/scripts/rt/data/unisim_comp.v:2678]
INFO: [Synth 8-6155] done synthesizing module 'BUFG' (0#1) [D:/Vivado/2025.2/Vivado/scripts/rt/data/unisim_comp.v:2678]
INFO: [Synth 8-6157] synthesizing module 'YH_rv_cpu_soc' [V:/YH_rv_cpu/rtl/YH_rv_cpu_soc.v:16]
	Parameter XLEN bound to: 32 - type: integer 
	Parameter SYNC_IMEM bound to: 1 - type: integer 
	Parameter IMEM_OUTPUT_REG bound to: 0 - type: integer 
	Parameter SYNC_DMEM bound to: 1 - type: integer 
	Parameter DMEM_OUTPUT_REG bound to: 0 - type: integer 
	Parameter ENABLE_M_EXTENSION bound to: 0 - type: integer 
	Parameter ENABLE_ZMMUL_EXTENSION bound to: 1 - type: integer 
	Parameter ENABLE_BITMANIP_EXTENSION bound to: 1 - type: integer 
	Parameter ENABLE_ZBC_EXTENSION bound to: 1 - type: integer 
	Parameter ENABLE_ZICOND_EXTENSION bound to: 0 - type: integer 
	Parameter ENABLE_ZBKB_EXTENSION bound to: 0 - type: integer 
	Parameter ENABLE_XTHEAD_EXTENSION bound to: 1 - type: integer 
	Parameter ENABLE_XTHEAD_COND_MOVE bound to: 1 - type: integer 
	Parameter ENABLE_ID_BRANCH_EX_FORWARD bound to: 0 - type: integer 
	Parameter RESET_VECTOR bound to: 32'b00000000000000000000000000000000 
	Parameter ROM_BYTES bound to: 8192 - type: integer 
	Parameter RAM_BYTES bound to: 8192 - type: integer 
	Parameter ROM_INIT_HEX bound to: V:/YH_rv_cpu/build/sw/YH_rv_cpu_demo.hex - type: string 
	Parameter ROM_INIT_MEM32_HEX bound to: V:/YH_rv_cpu/build/sw/YH_rv_cpu_demo.mem32.hex - type: string 
INFO: [Synth 8-6157] synthesizing module 'YH_rv_sync_rom32' [V:/YH_rv_cpu/rtl/YH_rv_sync_rom32.v:1]
	Parameter ROM_WORDS bound to: 2048 - type: integer 
	Parameter ROM_INIT_HEX bound to: V:/YH_rv_cpu/build/sw/YH_rv_cpu_demo.mem32.hex - type: string 
	Parameter IMEM_OUTPUT_REG bound to: 0 - type: integer 
INFO: [Synth 8-3876] $readmem data file 'V:/YH_rv_cpu/build/sw/YH_rv_cpu_demo.mem32.hex' is read successfully [V:/YH_rv_cpu/rtl/YH_rv_sync_rom32.v:43]
INFO: [Synth 8-6155] done synthesizing module 'YH_rv_sync_rom32' (0#1) [V:/YH_rv_cpu/rtl/YH_rv_sync_rom32.v:1]
WARNING: [Synth 8-693] zero replication count - replication ignored [V:/YH_rv_cpu/rtl/YH_rv_cpu_soc.v:276]
INFO: [Synth 8-6157] synthesizing module 'YH_rv_dmem_ram' [V:/YH_rv_cpu/rtl/YH_rv_dmem_ram.v:1]
	Parameter XLEN bound to: 32 - type: integer 
	Parameter RAM_BYTES bound to: 8192 - type: integer 
	Parameter SYNC_READ bound to: 1 - type: integer 
	Parameter OUTPUT_REG bound to: 0 - type: integer 
	Parameter READ_NEGEDGE bound to: 0 - type: integer 
INFO: [Synth 8-6155] done synthesizing module 'YH_rv_dmem_ram' (0#1) [V:/YH_rv_cpu/rtl/YH_rv_dmem_ram.v:1]
INFO: [Synth 8-6157] synthesizing module 'YH_rv_cpu' [V:/YH_rv_cpu/rtl/YH_rv_cpu.v:21]
	Parameter XLEN bound to: 32 - type: integer 
	Parameter IMEM_SYNC bound to: 1 - type: integer 
	Parameter IMEM_OUTPUT_REG bound to: 0 - type: integer 
	Parameter DMEM_SYNC bound to: 1 - type: integer 
	Parameter LOAD_USE_FAST_FORWARD bound to: 0 - type: integer 
	Parameter DCACHE_EN bound to: 0 - type: integer 
	Parameter ICACHE_EN bound to: 0 - type: integer 
	Parameter ENABLE_M_EXTENSION bound to: 0 - type: integer 
	Parameter ENABLE_ZMMUL_EXTENSION bound to: 1 - type: integer 
	Parameter ENABLE_BITMANIP_EXTENSION bound to: 1 - type: integer 
	Parameter ENABLE_ZBC_EXTENSION bound to: 1 - type: integer 
	Parameter ENABLE_ZICOND_EXTENSION bound to: 0 - type: integer 
	Parameter ENABLE_ZBKB_EXTENSION bound to: 0 - type: integer 
	Parameter ENABLE_XTHEAD_EXTENSION bound to: 1 - type: integer 
	Parameter ENABLE_XTHEAD_COND_MOVE bound to: 1 - type: integer 
	Parameter ENABLE_ID_BRANCH_EX_FORWARD bound to: 0 - type: integer 
	Parameter RESET_VECTOR bound to: 32'b00000000000000000000000000000000 
INFO: [Synth 8-6157] synthesizing module 'YH_rv_cpu_mem_stage' [V:/YH_rv_cpu/rtl/YH_rv_cpu_mem_stage.v:14]
	Parameter XLEN bound to: 32 - type: integer 
WARNING: [Synth 8-693] zero replication count - replication ignored [V:/YH_rv_cpu/rtl/YH_rv_cpu_mem_stage.v:106]
WARNING: [Synth 8-693] zero replication count - replication ignored [V:/YH_rv_cpu/rtl/YH_rv_cpu_mem_stage.v:106]
INFO: [Synth 8-6155] done synthesizing module 'YH_rv_cpu_mem_stage' (0#1) [V:/YH_rv_cpu/rtl/YH_rv_cpu_mem_stage.v:14]
WARNING: [Synth 8-693] zero replication count - replication ignored [V:/YH_rv_cpu/rtl/YH_rv_cpu.v:567]
WARNING: [Synth 8-693] zero replication count - replication ignored [V:/YH_rv_cpu/rtl/YH_rv_cpu.v:573]
WARNING: [Synth 8-693] zero replication count - replication ignored [V:/YH_rv_cpu/rtl/YH_rv_cpu.v:574]
WARNING: [Synth 8-693] zero replication count - replication ignored [V:/YH_rv_cpu/rtl/YH_rv_cpu.v:575]
WARNING: [Synth 8-693] zero replication count - replication ignored [V:/YH_rv_cpu/rtl/YH_rv_cpu.v:576]
WARNING: [Synth 8-693] zero replication count - replication ignored [V:/YH_rv_cpu/rtl/YH_rv_cpu.v:577]
WARNING: [Synth 8-693] zero replication count - replication ignored [V:/YH_rv_cpu/rtl/YH_rv_cpu.v:578]
WARNING: [Synth 8-693] zero replication count - replication ignored [V:/YH_rv_cpu/rtl/YH_rv_cpu.v:579]
INFO: [Synth 8-6157] synthesizing module 'YH_rv_cpu_if_stage' [V:/YH_rv_cpu/rtl/YH_rv_cpu_if_stage.v:11]
	Parameter XLEN bound to: 32 - type: integer 
INFO: [Synth 8-6155] done synthesizing module 'YH_rv_cpu_if_stage' (0#1) [V:/YH_rv_cpu/rtl/YH_rv_cpu_if_stage.v:11]
INFO: [Synth 8-6157] synthesizing module 'YH_rv_cpu_regfile' [V:/YH_rv_cpu/rtl/YH_rv_cpu_regfile.v:12]
	Parameter XLEN bound to: 32 - type: integer 
INFO: [Synth 8-6155] done synthesizing module 'YH_rv_cpu_regfile' (0#1) [V:/YH_rv_cpu/rtl/YH_rv_cpu_regfile.v:12]
INFO: [Synth 8-6157] synthesizing module 'YH_rv_cpu_id_stage' [V:/YH_rv_cpu/rtl/YH_rv_cpu_id_stage.v:12]
	Parameter XLEN bound to: 32 - type: integer 
	Parameter ENABLE_M_EXTENSION bound to: 0 - type: integer 
	Parameter ENABLE_ZMMUL_EXTENSION bound to: 1 - type: integer 
	Parameter ENABLE_BITMANIP_EXTENSION bound to: 1 - type: integer 
	Parameter ENABLE_ZBC_EXTENSION bound to: 1 - type: integer 
	Parameter ENABLE_ZICOND_EXTENSION bound to: 0 - type: integer 
	Parameter ENABLE_ZBKB_EXTENSION bound to: 0 - type: integer 
	Parameter ENABLE_XTHEAD_EXTENSION bound to: 1 - type: integer 
INFO: [Synth 8-6157] synthesizing module 'YH_rv_cpu_decoder' [V:/YH_rv_cpu/rtl/YH_rv_cpu_decoder.v:13]
	Parameter XLEN bound to: 32 - type: integer 
	Parameter ENABLE_M_EXTENSION bound to: 0 - type: integer 
	Parameter ENABLE_ZMMUL_EXTENSION bound to: 1 - type: integer 
	Parameter ENABLE_BITMANIP_EXTENSION bound to: 1 - type: integer 
	Parameter ENABLE_ZBC_EXTENSION bound to: 1 - type: integer 
	Parameter ENABLE_ZICOND_EXTENSION bound to: 0 - type: integer 
	Parameter ENABLE_ZBKB_EXTENSION bound to: 0 - type: integer 
	Parameter ENABLE_XTHEAD_EXTENSION bound to: 1 - type: integer 
WARNING: [Synth 8-693] zero replication count - replication ignored [V:/YH_rv_cpu/rtl/YH_rv_cpu_decoder.v:139]
INFO: [Synth 8-226] default block is never used [V:/YH_rv_cpu/rtl/YH_rv_cpu_decoder.v:347]
INFO: [Synth 8-226] default block is never used [V:/YH_rv_cpu/rtl/YH_rv_cpu_decoder.v:410]
INFO: [Synth 8-226] default block is never used [V:/YH_rv_cpu/rtl/YH_rv_cpu_decoder.v:446]
INFO: [Synth 8-6155] done synthesizing module 'YH_rv_cpu_decoder' (0#1) [V:/YH_rv_cpu/rtl/YH_rv_cpu_decoder.v:13]
INFO: [Synth 8-6155] done synthesizing module 'YH_rv_cpu_id_stage' (0#1) [V:/YH_rv_cpu/rtl/YH_rv_cpu_id_stage.v:12]
INFO: [Synth 8-6157] synthesizing module 'YH_rv_cpu_hazard_unit' [V:/YH_rv_cpu/rtl/YH_rv_cpu_hazard_unit.v:11]
	Parameter LOAD_USE_FAST_FORWARD bound to: 0 - type: integer 
INFO: [Synth 8-6155] done synthesizing module 'YH_rv_cpu_hazard_unit' (0#1) [V:/YH_rv_cpu/rtl/YH_rv_cpu_hazard_unit.v:11]
INFO: [Synth 8-6157] synthesizing module 'YH_rv_cpu_ex_stage' [V:/YH_rv_cpu/rtl/YH_rv_cpu_ex_stage.v:14]
	Parameter XLEN bound to: 32 - type: integer 
	Parameter ENABLE_M_EXTENSION bound to: 0 - type: integer 
	Parameter ENABLE_ZMMUL_EXTENSION bound to: 1 - type: integer 
	Parameter ENABLE_BITMANIP_EXTENSION bound to: 1 - type: integer 
	Parameter ENABLE_ZBC_EXTENSION bound to: 1 - type: integer 
	Parameter ENABLE_ZICOND_EXTENSION bound to: 0 - type: integer 
	Parameter ENABLE_ZBKB_EXTENSION bound to: 0 - type: integer 
	Parameter ENABLE_XTHEAD_EXTENSION bound to: 1 - type: integer 
WARNING: [Synth 8-693] zero replication count - replication ignored [V:/YH_rv_cpu/rtl/YH_rv_cpu_ex_stage.v:124]
INFO: [Synth 8-6157] synthesizing module 'YH_rv_cpu_alu' [V:/YH_rv_cpu/rtl/YH_rv_cpu_alu.v:17]
	Parameter XLEN bound to: 32 - type: integer 
	Parameter ENABLE_M_EXTENSION bound to: 0 - type: integer 
	Parameter ENABLE_ZMMUL_EXTENSION bound to: 1 - type: integer 
	Parameter ENABLE_BITMANIP_EXTENSION bound to: 1 - type: integer 
	Parameter ENABLE_ZBC_EXTENSION bound to: 1 - type: integer 
	Parameter ENABLE_ZICOND_EXTENSION bound to: 0 - type: integer 
	Parameter ENABLE_ZBKB_EXTENSION bound to: 0 - type: integer 
	Parameter ENABLE_XTHEAD_EXTENSION bound to: 1 - type: integer 
INFO: [Synth 8-6155] done synthesizing module 'YH_rv_cpu_alu' (0#1) [V:/YH_rv_cpu/rtl/YH_rv_cpu_alu.v:17]
WARNING: [Synth 8-693] zero replication count - replication ignored [V:/YH_rv_cpu/rtl/YH_rv_cpu_ex_stage.v:232]
WARNING: [Synth 8-693] zero replication count - replication ignored [V:/YH_rv_cpu/rtl/YH_rv_cpu_ex_stage.v:233]
INFO: [Synth 8-6155] done synthesizing module 'YH_rv_cpu_ex_stage' (0#1) [V:/YH_rv_cpu/rtl/YH_rv_cpu_ex_stage.v:14]
INFO: [Synth 8-6157] synthesizing module 'YH_rv_cpu_wb_stage' [V:/YH_rv_cpu/rtl/YH_rv_cpu_wb_stage.v:15]
	Parameter XLEN bound to: 32 - type: integer 
INFO: [Synth 8-6155] done synthesizing module 'YH_rv_cpu_wb_stage' (0#1) [V:/YH_rv_cpu/rtl/YH_rv_cpu_wb_stage.v:15]
INFO: [Synth 8-6155] done synthesizing module 'YH_rv_cpu' (0#1) [V:/YH_rv_cpu/rtl/YH_rv_cpu.v:21]
INFO: [Synth 8-6155] done synthesizing module 'YH_rv_cpu_soc' (0#1) [V:/YH_rv_cpu/rtl/YH_rv_cpu_soc.v:16]
INFO: [Synth 8-6157] synthesizing module 'YH_rv_uart_tx' [V:/YH_rv_cpu/fpga/vivado/src/YH_rv_uart_tx.v:1]
	Parameter CLK_FREQ_HZ bound to: 50000000 - type: integer 
	Parameter BAUD_RATE bound to: 115200 - type: integer 
INFO: [Synth 8-6155] done synthesizing module 'YH_rv_uart_tx' (0#1) [V:/YH_rv_cpu/fpga/vivado/src/YH_rv_uart_tx.v:1]
INFO: [Synth 8-6155] done synthesizing module 'YH_rv_cpu_fpga_top' (0#1) [V:/YH_rv_cpu/fpga/vivado/src/YH_rv_cpu_fpga_top.v:1]
WARNING: [Synth 8-6014] Unused sequential element fetch_pc_d1_r_reg was removed.  [V:/YH_rv_cpu/rtl/YH_rv_cpu.v:1474]
WARNING: [Synth 8-6014] Unused sequential element fetch_valid_d1_r_reg was removed.  [V:/YH_rv_cpu/rtl/YH_rv_cpu.v:1476]
WARNING: [Synth 8-3848] Net dmem_we in module/entity YH_rv_cpu does not have driver. [V:/YH_rv_cpu/rtl/YH_rv_cpu.v:67]
WARNING: [Synth 8-6014] Unused sequential element g_dmem_posedge_tracking.dmem_read_src_d1_r_reg was removed.  [V:/YH_rv_cpu/rtl/YH_rv_cpu_soc.v:508]
WARNING: [Synth 8-6014] Unused sequential element g_dmem_posedge_tracking.dmem_nonram_rdata_d1_r_reg was removed.  [V:/YH_rv_cpu/rtl/YH_rv_cpu_soc.v:510]
WARNING: [Synth 8-6014] Unused sequential element g_dmem_posedge_tracking.dmem_rvalid_sync_d1_r_reg was removed.  [V:/YH_rv_cpu/rtl/YH_rv_cpu_soc.v:512]
WARNING: [Synth 8-3936] Found unconnected internal register 'mmio_read_data_ext_reg' and it is trimmed from '64' to '32' bits. [V:/YH_rv_cpu/rtl/YH_rv_cpu_soc.v:370]
WARNING: [Synth 8-7129] Port word_op in module YH_rv_cpu_ex_stage is either unconnected or has no load
WARNING: [Synth 8-7129] Port dmem_we in module YH_rv_cpu is either unconnected or has no load
WARNING: [Synth 8-7129] Port dmem_ready in module YH_rv_cpu is either unconnected or has no load
WARNING: [Synth 8-7129] Port rst_n in module YH_rv_sync_rom32 is either unconnected or has no load
WARNING: [Synth 8-7129] Port data_req in module YH_rv_sync_rom32 is either unconnected or has no load
WARNING: [Synth 8-7129] Port data_word_index[31] in module YH_rv_sync_rom32 is either unconnected or has no load
WARNING: [Synth 8-7129] Port data_word_index[30] in module YH_rv_sync_rom32 is either unconnected or has no load
WARNING: [Synth 8-7129] Port data_word_index[29] in module YH_rv_sync_rom32 is either unconnected or has no load
WARNING: [Synth 8-7129] Port data_word_index[28] in module YH_rv_sync_rom32 is either unconnected or has no load
WARNING: [Synth 8-7129] Port data_word_index[27] in module YH_rv_sync_rom32 is either unconnected or has no load
WARNING: [Synth 8-7129] Port data_word_index[26] in module YH_rv_sync_rom32 is either unconnected or has no load
WARNING: [Synth 8-7129] Port data_word_index[25] in module YH_rv_sync_rom32 is either unconnected or has no load
WARNING: [Synth 8-7129] Port data_word_index[24] in module YH_rv_sync_rom32 is either unconnected or has no load
WARNING: [Synth 8-7129] Port data_word_index[23] in module YH_rv_sync_rom32 is either unconnected or has no load
WARNING: [Synth 8-7129] Port data_word_index[22] in module YH_rv_sync_rom32 is either unconnected or has no load
WARNING: [Synth 8-7129] Port data_word_index[21] in module YH_rv_sync_rom32 is either unconnected or has no load
WARNING: [Synth 8-7129] Port data_word_index[20] in module YH_rv_sync_rom32 is either unconnected or has no load
WARNING: [Synth 8-7129] Port data_word_index[19] in module YH_rv_sync_rom32 is either unconnected or has no load
WARNING: [Synth 8-7129] Port data_word_index[18] in module YH_rv_sync_rom32 is either unconnected or has no load
WARNING: [Synth 8-7129] Port data_word_index[17] in module YH_rv_sync_rom32 is either unconnected or has no load
WARNING: [Synth 8-7129] Port data_word_index[16] in module YH_rv_sync_rom32 is either unconnected or has no load
WARNING: [Synth 8-7129] Port data_word_index[15] in module YH_rv_sync_rom32 is either unconnected or has no load
WARNING: [Synth 8-7129] Port data_word_index[14] in module YH_rv_sync_rom32 is either unconnected or has no load
WARNING: [Synth 8-7129] Port data_word_index[13] in module YH_rv_sync_rom32 is either unconnected or has no load
WARNING: [Synth 8-7129] Port data_word_index[12] in module YH_rv_sync_rom32 is either unconnected or has no load
WARNING: [Synth 8-7129] Port data_word_index[11] in module YH_rv_sync_rom32 is either unconnected or has no load
WARNING: [Synth 8-7129] Port uart_txd_in in module YH_rv_cpu_fpga_top is either unconnected or has no load
---------------------------------------------------------------------------------
Finished RTL Elaboration : Time (s): cpu = 00:00:08 ; elapsed = 00:00:09 . Memory (MB): peak = 1519.711 ; gain = 708.227
---------------------------------------------------------------------------------
---------------------------------------------------------------------------------
Start Handling Custom Attributes
---------------------------------------------------------------------------------
---------------------------------------------------------------------------------
Finished Handling Custom Attributes : Time (s): cpu = 00:00:08 ; elapsed = 00:00:09 . Memory (MB): peak = 1519.711 ; gain = 708.227
---------------------------------------------------------------------------------
---------------------------------------------------------------------------------
Finished RTL Optimization Phase 1 : Time (s): cpu = 00:00:08 ; elapsed = 00:00:09 . Memory (MB): peak = 1519.711 ; gain = 708.227
---------------------------------------------------------------------------------
Netlist sorting complete. Time (s): cpu = 00:00:00 ; elapsed = 00:00:00.138 . Memory (MB): peak = 1519.711 ; gain = 0.000
INFO: [Netlist 29-17] Analyzing 1 Unisim elements for replacement
INFO: [Netlist 29-28] Unisim Transformation completed in 0 CPU seconds
INFO: [Project 1-570] Preparing netlist for logic optimization

Processing XDC Constraints
Initializing timing engine
Parsing XDC File [V:/YH_rv_cpu/fpga/vivado/constraints/pynq_z2_template.xdc]
Finished Parsing XDC File [V:/YH_rv_cpu/fpga/vivado/constraints/pynq_z2_template.xdc]
INFO: [Project 1-236] Implementation specific constraints were found while reading constraint file [V:/YH_rv_cpu/fpga/vivado/constraints/pynq_z2_template.xdc]. These constraints will be ignored for synthesis but will be used in implementation. Impacted constraints are listed in the file [.Xil/YH_rv_cpu_fpga_top_propImpl.xdc].
Resolution: To avoid this warning, move constraints listed in [.Xil/YH_rv_cpu_fpga_top_propImpl.xdc] to another XDC file and exclude this new file from synthesis with the used_in_synthesis property (File Properties dialog in GUI) and re-run elaboration/synthesis.
Parsing XDC File [V:/project/pynq_z2_clock_8p000.xdc]
Finished Parsing XDC File [V:/project/pynq_z2_clock_8p000.xdc]
INFO: [Timing 38-2] Deriving generated clocks
Completed Processing XDC Constraints

Netlist sorting complete. Time (s): cpu = 00:00:00 ; elapsed = 00:00:00.003 . Memory (MB): peak = 1575.355 ; gain = 0.000
INFO: [Project 1-111] Unisim Transformation Summary:
  A total of 1 instances were transformed.
  MMCME2_BASE => MMCME2_ADV: 1 instance 

Constraint Validation Runtime : Time (s): cpu = 00:00:00 ; elapsed = 00:00:00.044 . Memory (MB): peak = 1575.355 ; gain = 0.000
---------------------------------------------------------------------------------
Finished Constraint Validation : Time (s): cpu = 00:00:19 ; elapsed = 00:00:20 . Memory (MB): peak = 1575.355 ; gain = 763.871
---------------------------------------------------------------------------------
---------------------------------------------------------------------------------
Start Loading Part and Timing Information
---------------------------------------------------------------------------------
Loading part: xc7z020clg400-1
---------------------------------------------------------------------------------
Finished Loading Part and Timing Information : Time (s): cpu = 00:00:19 ; elapsed = 00:00:20 . Memory (MB): peak = 1575.355 ; gain = 763.871
---------------------------------------------------------------------------------
---------------------------------------------------------------------------------
Start Applying 'set_property' XDC Constraints
---------------------------------------------------------------------------------
---------------------------------------------------------------------------------
Finished applying 'set_property' XDC Constraints : Time (s): cpu = 00:00:19 ; elapsed = 00:00:20 . Memory (MB): peak = 1575.355 ; gain = 763.871
---------------------------------------------------------------------------------
---------------------------------------------------------------------------------
Finished RTL Optimization Phase 2 : Time (s): cpu = 00:00:21 ; elapsed = 00:00:22 . Memory (MB): peak = 1575.355 ; gain = 763.871
---------------------------------------------------------------------------------
---------------------------------------------------------------------------------
Start RTL Component Statistics 
---------------------------------------------------------------------------------
Detailed RTL Component Info : 
+---Adders : 
	   2 Input   64 Bit       Adders := 2     
	   2 Input   32 Bit       Adders := 8     
	   3 Input   32 Bit       Adders := 1     
	   2 Input    9 Bit       Adders := 1     
	   3 Input    7 Bit       Adders := 1     
	   2 Input    4 Bit       Adders := 1     
	   2 Input    2 Bit       Adders := 1     
+---XORs : 
	   2 Input     64 Bit         XORs := 31    
	   2 Input     32 Bit         XORs := 1     
	   2 Input     16 Bit         XORs := 32    
	   2 Input      1 Bit         XORs := 32    
+---Registers : 
	               64 Bit    Registers := 2     
	               32 Bit    Registers := 67    
	               10 Bit    Registers := 1     
	                9 Bit    Registers := 1     
	                8 Bit    Registers := 2     
	                6 Bit    Registers := 1     
	                5 Bit    Registers := 8     
	                4 Bit    Registers := 2     
	                3 Bit    Registers := 2     
	                2 Bit    Registers := 9     
	                1 Bit    Registers := 49    
+---Multipliers : 
	              32x64  Multipliers := 1     
	              32x32  Multipliers := 1     
+---RAMs : 
	              64K Bit	(2048 X 32 bit)          RAMs := 1     
+---ROMs : 
	                    ROMs := 2     
+---Muxes : 
	   2 Input   64 Bit        Muxes := 36    
	   2 Input   32 Bit        Muxes := 128   
	   4 Input   32 Bit        Muxes := 2     
	   9 Input   32 Bit        Muxes := 1     
	   6 Input   32 Bit        Muxes := 2     
	   3 Input   32 Bit        Muxes := 5     
	   2 Input   16 Bit        Muxes := 32    
	   2 Input   10 Bit        Muxes := 1     
	   2 Input    9 Bit        Muxes := 2     
	   2 Input    8 Bit        Muxes := 4     
	   3 Input    8 Bit        Muxes := 1     
	   2 Input    6 Bit        Muxes := 2     
	   5 Input    6 Bit        Muxes := 1     
	   2 Input    5 Bit        Muxes := 19    
	   3 Input    5 Bit        Muxes := 3     
	   4 Input    5 Bit        Muxes := 3     
	   2 Input    4 Bit        Muxes := 3     
	   8 Input    4 Bit        Muxes := 1     
	   4 Input    4 Bit        Muxes := 1     
	   8 Input    2 Bit        Muxes := 2     
	   2 Input    2 Bit        Muxes := 7     
	   4 Input    2 Bit        Muxes := 1     
	   6 Input    2 Bit        Muxes := 1     
	   7 Input    2 Bit        Muxes := 1     
	   3 Input    2 Bit        Muxes := 2     
	   2 Input    1 Bit        Muxes := 169   
	   8 Input    1 Bit        Muxes := 4     
	   7 Input    1 Bit        Muxes := 6     
	   6 Input    1 Bit        Muxes := 7     
	   9 Input    1 Bit        Muxes := 3     
	   4 Input    1 Bit        Muxes := 1     
	   3 Input    1 Bit        Muxes := 4     
	  40 Input    1 Bit        Muxes := 1     
	   5 Input    1 Bit        Muxes := 1     
---------------------------------------------------------------------------------
Finished RTL Component Statistics 
---------------------------------------------------------------------------------
---------------------------------------------------------------------------------
Start Part Resource Summary
---------------------------------------------------------------------------------
Part Resources:
DSPs: 220 (col length:60)
BRAMs: 280 (col length: RAMB18 60 RAMB36 30)
---------------------------------------------------------------------------------
Finished Part Resource Summary
---------------------------------------------------------------------------------
---------------------------------------------------------------------------------
Start Cross Boundary and Area Optimization
---------------------------------------------------------------------------------
DSP Report: Generating DSP gen_mul_extension.mul_signed, operation Mode is: A*B.
DSP Report: operator gen_mul_extension.mul_signed is absorbed into DSP gen_mul_extension.mul_signed.
DSP Report: operator gen_mul_extension.mul_signed is absorbed into DSP gen_mul_extension.mul_signed.
DSP Report: Generating DSP gen_mul_extension.mul_signed, operation Mode is: (PCIN>>17)+A*B.
DSP Report: operator gen_mul_extension.mul_signed is absorbed into DSP gen_mul_extension.mul_signed.
DSP Report: operator gen_mul_extension.mul_signed is absorbed into DSP gen_mul_extension.mul_signed.
DSP Report: Generating DSP gen_mul_extension.mul_signed, operation Mode is: A*B.
DSP Report: operator gen_mul_extension.mul_signed is absorbed into DSP gen_mul_extension.mul_signed.
DSP Report: operator gen_mul_extension.mul_signed is absorbed into DSP gen_mul_extension.mul_signed.
DSP Report: Generating DSP gen_mul_extension.mul_signed, operation Mode is: (PCIN>>17)+A*B.
DSP Report: operator gen_mul_extension.mul_signed is absorbed into DSP gen_mul_extension.mul_signed.
DSP Report: operator gen_mul_extension.mul_signed is absorbed into DSP gen_mul_extension.mul_signed.
DSP Report: Generating DSP gen_mul_extension.mul_mix, operation Mode is: A*B.
DSP Report: operator gen_mul_extension.mul_mix is absorbed into DSP gen_mul_extension.mul_mix.
DSP Report: operator gen_mul_extension.mul_mix is absorbed into DSP gen_mul_extension.mul_mix.
DSP Report: Generating DSP gen_mul_extension.mul_mix, operation Mode is: (PCIN>>17)+A*B.
DSP Report: operator gen_mul_extension.mul_mix is absorbed into DSP gen_mul_extension.mul_mix.
DSP Report: operator gen_mul_extension.mul_mix is absorbed into DSP gen_mul_extension.mul_mix.
DSP Report: Generating DSP gen_mul_extension.mul_mix, operation Mode is: A*B.
DSP Report: operator gen_mul_extension.mul_mix is absorbed into DSP gen_mul_extension.mul_mix.
DSP Report: operator gen_mul_extension.mul_mix is absorbed into DSP gen_mul_extension.mul_mix.
DSP Report: Generating DSP gen_mul_extension.mul_mix, operation Mode is: PCIN+A*B.
DSP Report: operator gen_mul_extension.mul_mix is absorbed into DSP gen_mul_extension.mul_mix.
DSP Report: operator gen_mul_extension.mul_mix is absorbed into DSP gen_mul_extension.mul_mix.
DSP Report: Generating DSP gen_mul_extension.mul_mix, operation Mode is: (PCIN>>17)+A*B.
DSP Report: operator gen_mul_extension.mul_mix is absorbed into DSP gen_mul_extension.mul_mix.
DSP Report: operator gen_mul_extension.mul_mix is absorbed into DSP gen_mul_extension.mul_mix.
DSP Report: Generating DSP gen_mul_extension.mul_mix, operation Mode is: A*B.
DSP Report: operator gen_mul_extension.mul_mix is absorbed into DSP gen_mul_extension.mul_mix.
DSP Report: operator gen_mul_extension.mul_mix is absorbed into DSP gen_mul_extension.mul_mix.
DSP Report: Generating DSP gen_mul_extension.mul_mix, operation Mode is: (PCIN>>17)+A*B.
DSP Report: operator gen_mul_extension.mul_mix is absorbed into DSP gen_mul_extension.mul_mix.
DSP Report: operator gen_mul_extension.mul_mix is absorbed into DSP gen_mul_extension.mul_mix.
DSP Report: Generating DSP gen_mul_extension.mul_mix, operation Mode is: PCIN+A*B.
DSP Report: operator gen_mul_extension.mul_mix is absorbed into DSP gen_mul_extension.mul_mix.
DSP Report: operator gen_mul_extension.mul_mix is absorbed into DSP gen_mul_extension.mul_mix.
DSP Report: Generating DSP gen_mul_extension.mul_unsigned, operation Mode is: A*B.
DSP Report: operator gen_mul_extension.mul_unsigned is absorbed into DSP gen_mul_extension.mul_unsigned.
DSP Report: operator gen_mul_extension.mul_unsigned is absorbed into DSP gen_mul_extension.mul_unsigned.
DSP Report: Generating DSP gen_mul_extension.mul_unsigned, operation Mode is: (PCIN>>17)+A*B.
DSP Report: operator gen_mul_extension.mul_unsigned is absorbed into DSP gen_mul_extension.mul_unsigned.
DSP Report: operator gen_mul_extension.mul_unsigned is absorbed into DSP gen_mul_extension.mul_unsigned.
DSP Report: Generating DSP gen_mul_extension.mul_unsigned, operation Mode is: A*B.
DSP Report: operator gen_mul_extension.mul_unsigned is absorbed into DSP gen_mul_extension.mul_unsigned.
DSP Report: operator gen_mul_extension.mul_unsigned is absorbed into DSP gen_mul_extension.mul_unsigned.
DSP Report: Generating DSP gen_mul_extension.mul_unsigned, operation Mode is: (PCIN>>17)+A*B.
DSP Report: operator gen_mul_extension.mul_unsigned is absorbed into DSP gen_mul_extension.mul_unsigned.
DSP Report: operator gen_mul_extension.mul_unsigned is absorbed into DSP gen_mul_extension.mul_unsigned.
WARNING: [Synth 8-7129] Port word_op in module YH_rv_cpu_ex_stage is either unconnected or has no load
WARNING: [Synth 8-7129] Port dmem_we in module YH_rv_cpu is either unconnected or has no load
WARNING: [Synth 8-7129] Port dmem_ready in module YH_rv_cpu is either unconnected or has no load
WARNING: [Synth 8-7129] Port read_offset[1] in module YH_rv_dmem_ram is either unconnected or has no load
WARNING: [Synth 8-7129] Port read_offset[0] in module YH_rv_dmem_ram is either unconnected or has no load
WARNING: [Synth 8-7129] Port write_offset[1] in module YH_rv_dmem_ram is either unconnected or has no load
WARNING: [Synth 8-7129] Port write_offset[0] in module YH_rv_dmem_ram is either unconnected or has no load
WARNING: [Synth 8-7129] Port rst_n in module YH_rv_sync_rom32 is either unconnected or has no load
WARNING: [Synth 8-7129] Port data_req in module YH_rv_sync_rom32 is either unconnected or has no load
WARNING: [Synth 8-7129] Port data_word_index[31] in module YH_rv_sync_rom32 is either unconnected or has no load
WARNING: [Synth 8-7129] Port data_word_index[30] in module YH_rv_sync_rom32 is either unconnected or has no load
WARNING: [Synth 8-7129] Port data_word_index[29] in module YH_rv_sync_rom32 is either unconnected or has no load
WARNING: [Synth 8-7129] Port data_word_index[28] in module YH_rv_sync_rom32 is either unconnected or has no load
WARNING: [Synth 8-7129] Port data_word_index[27] in module YH_rv_sync_rom32 is either unconnected or has no load
WARNING: [Synth 8-7129] Port data_word_index[26] in module YH_rv_sync_rom32 is either unconnected or has no load
WARNING: [Synth 8-7129] Port data_word_index[25] in module YH_rv_sync_rom32 is either unconnected or has no load
WARNING: [Synth 8-7129] Port data_word_index[24] in module YH_rv_sync_rom32 is either unconnected or has no load
WARNING: [Synth 8-7129] Port data_word_index[23] in module YH_rv_sync_rom32 is either unconnected or has no load
WARNING: [Synth 8-7129] Port data_word_index[22] in module YH_rv_sync_rom32 is either unconnected or has no load
WARNING: [Synth 8-7129] Port data_word_index[21] in module YH_rv_sync_rom32 is either unconnected or has no load
WARNING: [Synth 8-7129] Port data_word_index[20] in module YH_rv_sync_rom32 is either unconnected or has no load
WARNING: [Synth 8-7129] Port data_word_index[19] in module YH_rv_sync_rom32 is either unconnected or has no load
WARNING: [Synth 8-7129] Port data_word_index[18] in module YH_rv_sync_rom32 is either unconnected or has no load
WARNING: [Synth 8-7129] Port data_word_index[17] in module YH_rv_sync_rom32 is either unconnected or has no load
WARNING: [Synth 8-7129] Port data_word_index[16] in module YH_rv_sync_rom32 is either unconnected or has no load
WARNING: [Synth 8-7129] Port data_word_index[15] in module YH_rv_sync_rom32 is either unconnected or has no load
WARNING: [Synth 8-7129] Port data_word_index[14] in module YH_rv_sync_rom32 is either unconnected or has no load
WARNING: [Synth 8-7129] Port data_word_index[13] in module YH_rv_sync_rom32 is either unconnected or has no load
WARNING: [Synth 8-7129] Port data_word_index[12] in module YH_rv_sync_rom32 is either unconnected or has no load
WARNING: [Synth 8-7129] Port data_word_index[11] in module YH_rv_sync_rom32 is either unconnected or has no load
WARNING: [Synth 8-7129] Port uart_txd_in in module YH_rv_cpu_fpga_top is either unconnected or has no load
---------------------------------------------------------------------------------
Finished Cross Boundary and Area Optimization : Time (s): cpu = 00:02:06 ; elapsed = 00:02:10 . Memory (MB): peak = 2124.988 ; gain = 1313.504
---------------------------------------------------------------------------------
 Sort Area is  gen_mul_extension.mul_mix_6 : 0 0 : 3101 8980 : Used 1 time 0
 Sort Area is  gen_mul_extension.mul_mix_6 : 0 1 : 2778 8980 : Used 1 time 0
 Sort Area is  gen_mul_extension.mul_mix_6 : 0 2 : 3101 8980 : Used 1 time 0
 Sort Area is  gen_mul_extension.mul_mix_8 : 0 0 : 2759 8638 : Used 1 time 0
 Sort Area is  gen_mul_extension.mul_mix_8 : 0 1 : 3101 8638 : Used 1 time 0
 Sort Area is  gen_mul_extension.mul_mix_8 : 0 2 : 2778 8638 : Used 1 time 0
 Sort Area is  gen_mul_extension.mul_unsigned_0 : 0 0 : 3101 5879 : Used 1 time 0
 Sort Area is  gen_mul_extension.mul_unsigned_0 : 0 1 : 2778 5879 : Used 1 time 0
 Sort Area is  gen_mul_extension.mul_unsigned_3 : 0 0 : 2759 5418 : Used 1 time 0
 Sort Area is  gen_mul_extension.mul_unsigned_3 : 0 1 : 2659 5418 : Used 1 time 0
 Sort Area is  gen_mul_extension.mul_signed_c : 0 0 : 3101 5261 : Used 1 time 0
 Sort Area is  gen_mul_extension.mul_signed_c : 0 1 : 2160 5261 : Used 1 time 0
 Sort Area is  gen_mul_extension.mul_mix_9 : 0 0 : 2460 4839 : Used 1 time 0
 Sort Area is  gen_mul_extension.mul_mix_9 : 0 1 : 2379 4839 : Used 1 time 0
 Sort Area is  gen_mul_extension.mul_signed_e : 0 0 : 2158 3958 : Used 1 time 0
 Sort Area is  gen_mul_extension.mul_signed_e : 0 1 : 1800 3958 : Used 1 time 0
---------------------------------------------------------------------------------
Start ROM, RAM, DSP, Shift Register and Retiming Reporting
---------------------------------------------------------------------------------

Block RAM: Preliminary Mapping Report (see note below)
+-------------------+--------------------------------------------------------+------------------------+---+---+------------------------+---+---+------------------+--------+--------+
|Module Name        | RTL Object                                             | PORT A (Depth x Width) | W | R | PORT B (Depth x Width) | W | R | Ports driving FF | RAMB18 | RAMB36 | 
+-------------------+--------------------------------------------------------+------------------------+---+---+------------------------+---+---+------------------+--------+--------+
|YH_rv_cpu_fpga_top | u_soc/u_dmem_ram/g_sync_ram.g_posedge_read.ram_mem_reg | 2 K x 32(READ_FIRST)   | W |   | 2 K x 32(WRITE_FIRST)  |   | R | Port A and B     | 0      | 2      | 
+-------------------+--------------------------------------------------------+------------------------+---+---+------------------------+---+---+------------------+--------+--------+

Note: The table above is a preliminary report that shows the Block RAMs at the current stage of the synthesis flow. Some Block RAMs may be reimplemented as non Block RAM primitives later in the synthesis flow. Multiple instantiated Block RAMs are reported only once. 

DSP: Preliminary Mapping Report (see note below. The ' indicates corresponding REG is set)
+--------------+----------------+--------+--------+--------+--------+--------+------+------+------+------+-------+------+------+
|Module Name   | DSP Mapping    | A Size | B Size | C Size | D Size | P Size | AREG | BREG | CREG | DREG | ADREG | MREG | PREG | 
+--------------+----------------+--------+--------+--------+--------+--------+------+------+------+------+-------+------+------+
|YH_rv_cpu_alu | A*B            | 18     | 15     | -      | -      | 48     | 0    | 0    | -    | -    | -     | 0    | 0    | 
|YH_rv_cpu_alu | (PCIN>>17)+A*B | 15     | 15     | -      | -      | 30     | 0    | 0    | -    | -    | -     | 0    | 0    | 
|YH_rv_cpu_alu | A*B            | 18     | 18     | -      | -      | 48     | 0    | 0    | -    | -    | -     | 0    | 0    | 
|YH_rv_cpu_alu | (PCIN>>17)+A*B | 18     | 15     | -      | -      | 47     | 0    | 0    | -    | -    | -     | 0    | 0    | 
|YH_rv_cpu_alu | A*B            | 18     | 14     | -      | -      | 48     | 0    | 0    | -    | -    | -     | 0    | 0    | 
|YH_rv_cpu_alu | (PCIN>>17)+A*B | 16     | 14     | -      | -      | 48     | 0    | 0    | -    | -    | -     | 0    | 0    | 
|YH_rv_cpu_alu | A*B            | 18     | 16     | -      | -      | 48     | 0    | 0    | -    | -    | -     | 0    | 0    | 
|YH_rv_cpu_alu | PCIN+A*B       | 18     | 18     | -      | -      | 48     | 0    | 0    | -    | -    | -     | 0    | 0    | 
|YH_rv_cpu_alu | (PCIN>>17)+A*B | 18     | 16     | -      | -      | 48     | 0    | 0    | -    | -    | -     | 0    | 0    | 
|YH_rv_cpu_alu | A*B            | 18     | 18     | -      | -      | 48     | 0    | 0    | -    | -    | -     | 0    | 0    | 
|YH_rv_cpu_alu | (PCIN>>17)+A*B | 18     | 16     | -      | -      | 48     | 0    | 0    | -    | -    | -     | 0    | 0    | 
|YH_rv_cpu_alu | PCIN+A*B       | 18     | 18     | -      | -      | 48     | 0    | 0    | -    | -    | -     | 0    | 0    | 
|YH_rv_cpu_alu | A*B            | 18     | 16     | -      | -      | 48     | 0    | 0    | -    | -    | -     | 0    | 0    | 
|YH_rv_cpu_alu | (PCIN>>17)+A*B | 16     | 16     | -      | -      | 48     | 0    | 0    | -    | -    | -     | 0    | 0    | 
|YH_rv_cpu_alu | A*B            | 18     | 18     | -      | -      | 48     | 0    | 0    | -    | -    | -     | 0    | 0    | 
|YH_rv_cpu_alu | (PCIN>>17)+A*B | 18     | 16     | -      | -      | 48     | 0    | 0    | -    | -    | -     | 0    | 0    | 
+--------------+----------------+--------+--------+--------+--------+--------+------+------+------+------+-------+------+------+

Note: The table above is a preliminary report that shows the DSPs inferred at the current stage of the synthesis flow. Some DSP may be reimplemented as non DSP primitives later in the synthesis flow. Multiple instantiated DSPs are reported only once.
---------------------------------------------------------------------------------
Finished ROM, RAM, DSP, Shift Register and Retiming Reporting
---------------------------------------------------------------------------------
---------------------------------------------------------------------------------
Start Applying XDC Timing Constraints
---------------------------------------------------------------------------------
---------------------------------------------------------------------------------
Finished Applying XDC Timing Constraints : Time (s): cpu = 00:02:14 ; elapsed = 00:02:19 . Memory (MB): peak = 2124.988 ; gain = 1313.504
---------------------------------------------------------------------------------
---------------------------------------------------------------------------------
Start Timing Optimization
---------------------------------------------------------------------------------
---------------------------------------------------------------------------------
Finished Timing Optimization : Time (s): cpu = 00:02:52 ; elapsed = 00:02:58 . Memory (MB): peak = 2124.988 ; gain = 1313.504
---------------------------------------------------------------------------------
---------------------------------------------------------------------------------
Start ROM, RAM, DSP, Shift Register and Retiming Reporting
---------------------------------------------------------------------------------

Block RAM: Final Mapping Report
+-------------------+--------------------------------------------------------+------------------------+---+---+------------------------+---+---+------------------+--------+--------+
|Module Name        | RTL Object                                             | PORT A (Depth x Width) | W | R | PORT B (Depth x Width) | W | R | Ports driving FF | RAMB18 | RAMB36 | 
+-------------------+--------------------------------------------------------+------------------------+---+---+------------------------+---+---+------------------+--------+--------+
|YH_rv_cpu_fpga_top | u_soc/u_dmem_ram/g_sync_ram.g_posedge_read.ram_mem_reg | 2 K x 32(READ_FIRST)   | W |   | 2 K x 32(WRITE_FIRST)  |   | R | Port A and B     | 0      | 2      | 
+-------------------+--------------------------------------------------------+------------------------+---+---+------------------------+---+---+------------------+--------+--------+

---------------------------------------------------------------------------------
Finished ROM, RAM, DSP, Shift Register and Retiming Reporting
---------------------------------------------------------------------------------
---------------------------------------------------------------------------------
Start Technology Mapping
---------------------------------------------------------------------------------
RETIMING: forward move fails for register u_soc/u_cpu/ex_mem_rd_addr_r_reg[4] along load instance i_2853 due to (UNCOMPATIBLE REGISTERS)
RETIMING: forward move fails for register u_soc/u_cpu/ex_mem_rd_addr_r_reg[4] along load instance i_2863 due to (UNCOMPATIBLE REGISTERS)
RETIMING: forward move fails for register u_soc/u_cpu/ex_mem_rd_addr_r_reg[3] along load instance i_2854 due to (UNCOMPATIBLE REGISTERS)
RETIMING: forward move fails for register u_soc/u_cpu/ex_mem_rd_addr_r_reg[3] along load instance i_2864 due to (UNCOMPATIBLE REGISTERS)
RETIMING: forward move fails for register u_soc/u_cpu/ex_mem_rd_addr_r_reg[2] along load instance i_2854
RETIMING: forward move fails for register u_soc/u_cpu/ex_mem_rd_addr_r_reg[2] along load instance i_2864
RETIMING: forward move fails for register u_soc/u_cpu/ex_mem_rd_addr_r_reg[1] along load instance i_2852 due to (UNCOMPATIBLE REGISTERS)
RETIMING: forward move fails for register u_soc/u_cpu/ex_mem_rd_addr_r_reg[1] along load instance i_2862 due to (UNCOMPATIBLE REGISTERS)
RETIMING: forward move fails for register u_soc/u_cpu/ex_mem_rd_addr_r_reg[0] along load instance i_2853
RETIMING: forward move fails for register u_soc/u_cpu/ex_mem_rd_addr_r_reg[0] along load instance i_2863
RETIMING: forward move fails for register u_soc/u_cpu/ex_mem_base_update_addr_r_reg[2] along load instance i_5947 due to (UNCOMPATIBLE REGISTERS)
RETIMING: forward move fails for register u_soc/u_cpu/ex_mem_base_update_addr_r_reg[1] along load instance i_6885 due to (UNCOMPATIBLE REGISTERS)
RETIMING: forward move fails for register u_soc/u_cpu/ex_mem_base_update_addr_r_reg[1] along load instance i_6045 due to (UNCOMPATIBLE REGISTERS)
RETIMING: forward move fails for register u_soc/u_cpu/ex_mem_base_update_addr_r_reg[0] along load instance i_5947
INFO: [Synth 8-5816] Retiming module `YH_rv_cpu_fpga_top`
	Numbers of forward move = 2, and backward move = 2

	Retimed registers names:
		u_soc/g_shared_sync_rom.u_sync_rom/imem_rvalid_r_reg_bret
		u_soc/g_shared_sync_rom.u_sync_rom/imem_rvalid_r_reg_bret__0
		u_soc/g_shared_sync_rom.u_sync_rom/imem_rvalid_r_reg_bret__1
		u_soc/g_shared_sync_rom.u_sync_rom/imem_rvalid_r_reg_bret__2
		u_soc/g_shared_sync_rom.u_sync_rom/imem_rvalid_r_reg_bret__3
		u_soc/g_shared_sync_rom.u_sync_rom/imem_rvalid_r_reg_bret__4
		u_soc/u_cpu/ex_mem_base_update_addr_r_reg[1]_fret
		u_soc/u_cpu/ex_mem_rd_addr_r_reg[4]_fret
		u_soc/u_cpu/fetch_buf0_valid_r_reg_bret
		u_soc/u_cpu/fetch_buf0_valid_r_reg_bret__0
		u_soc/u_cpu/fetch_buf0_valid_r_reg_bret__1
		u_soc/u_cpu/fetch_buf0_valid_r_reg_bret__2
		u_soc/u_cpu/fetch_buf0_valid_r_reg_bret__3
		u_soc/u_cpu/fetch_buf0_valid_r_reg_bret__4
 

INFO: [Synth 8-5816] Retiming module `YH_rv_cpu_fpga_top' done


INFO: [Synth 8-7052] The timing for the instance u_soc/g_shared_sync_rom.u_sync_rom/imem_rdata_r_reg_0 (implemented as a Block RAM) might be sub-optimal as no optional output register could be merged into the ram block. Providing additional output register may help in improving timing.
INFO: [Synth 8-7052] The timing for the instance u_soc/g_shared_sync_rom.u_sync_rom/imem_rdata_r_reg_0 (implemented as a Block RAM) might be sub-optimal as no optional output register could be merged into the ram block. Providing additional output register may help in improving timing.
INFO: [Synth 8-7052] The timing for the instance u_soc/g_shared_sync_rom.u_sync_rom/imem_rdata_r_reg_1 (implemented as a Block RAM) might be sub-optimal as no optional output register could be merged into the ram block. Providing additional output register may help in improving timing.
INFO: [Synth 8-7052] The timing for the instance u_soc/g_shared_sync_rom.u_sync_rom/imem_rdata_r_reg_1 (implemented as a Block RAM) might be sub-optimal as no optional output register could be merged into the ram block. Providing additional output register may help in improving timing.
INFO: [Synth 8-7052] The timing for the instance u_soc/u_dmem_ram/g_sync_ram.g_posedge_read.ram_mem_reg_0 (implemented as a Block RAM) might be sub-optimal as no optional output register could be merged into the ram block. Providing additional output register may help in improving timing.
INFO: [Synth 8-7052] The timing for the instance u_soc/u_dmem_ram/g_sync_ram.g_posedge_read.ram_mem_reg_1 (implemented as a Block RAM) might be sub-optimal as no optional output register could be merged into the ram block. Providing additional output register may help in improving timing.
---------------------------------------------------------------------------------
Finished Technology Mapping : Time (s): cpu = 00:03:23 ; elapsed = 00:03:31 . Memory (MB): peak = 2515.145 ; gain = 1703.660
---------------------------------------------------------------------------------
---------------------------------------------------------------------------------
Start IO Insertion
---------------------------------------------------------------------------------
---------------------------------------------------------------------------------
Start Flattening Before IO Insertion
---------------------------------------------------------------------------------
---------------------------------------------------------------------------------
Finished Flattening Before IO Insertion
---------------------------------------------------------------------------------
---------------------------------------------------------------------------------
Start Final Netlist Cleanup
---------------------------------------------------------------------------------
WARNING: synth_design option "-fanout_limit" is deprecated.
---------------------------------------------------------------------------------
Finished Final Netlist Cleanup
---------------------------------------------------------------------------------
---------------------------------------------------------------------------------
Finished IO Insertion : Time (s): cpu = 00:03:28 ; elapsed = 00:03:36 . Memory (MB): peak = 2515.145 ; gain = 1703.660
---------------------------------------------------------------------------------
---------------------------------------------------------------------------------
Start Renaming Generated Instances
---------------------------------------------------------------------------------
---------------------------------------------------------------------------------
Finished Renaming Generated Instances : Time (s): cpu = 00:03:28 ; elapsed = 00:03:36 . Memory (MB): peak = 2515.145 ; gain = 1703.660
---------------------------------------------------------------------------------
---------------------------------------------------------------------------------
Start Rebuilding User Hierarchy
---------------------------------------------------------------------------------
---------------------------------------------------------------------------------
Finished Rebuilding User Hierarchy : Time (s): cpu = 00:03:30 ; elapsed = 00:03:37 . Memory (MB): peak = 2515.145 ; gain = 1703.660
---------------------------------------------------------------------------------
---------------------------------------------------------------------------------
Start Renaming Generated Ports
---------------------------------------------------------------------------------
---------------------------------------------------------------------------------
Finished Renaming Generated Ports : Time (s): cpu = 00:03:30 ; elapsed = 00:03:38 . Memory (MB): peak = 2515.145 ; gain = 1703.660
---------------------------------------------------------------------------------
---------------------------------------------------------------------------------
Start Handling Custom Attributes
---------------------------------------------------------------------------------
---------------------------------------------------------------------------------
Finished Handling Custom Attributes : Time (s): cpu = 00:03:30 ; elapsed = 00:03:38 . Memory (MB): peak = 2515.145 ; gain = 1703.660
---------------------------------------------------------------------------------
---------------------------------------------------------------------------------
Start Renaming Generated Nets
---------------------------------------------------------------------------------
---------------------------------------------------------------------------------
Finished Renaming Generated Nets : Time (s): cpu = 00:03:30 ; elapsed = 00:03:38 . Memory (MB): peak = 2515.145 ; gain = 1703.660
---------------------------------------------------------------------------------
---------------------------------------------------------------------------------
Start ROM, RAM, DSP, Shift Register and Retiming Reporting
---------------------------------------------------------------------------------

Retiming Report:
+--------------------+----+
|Retiming summary:   |    | 
+--------------------+----+
|Forward Retiming    | 2  | 
|Backward Retiming   | 2  | 
|New registers added | 14 | 
|Registers deleted   | 2  | 
+--------------------+----+

---------------------------------------------------------------------------------
Finished ROM, RAM, DSP, Shift Register and Retiming Reporting
---------------------------------------------------------------------------------
---------------------------------------------------------------------------------
Start Writing Synthesis Report
---------------------------------------------------------------------------------

DSP Final Report (the ' indicates corresponding REG is set)
+--------------+--------------+--------+--------+--------+--------+--------+------+------+------+------+-------+------+------+
|Module Name   | DSP Mapping  | A Size | B Size | C Size | D Size | P Size | AREG | BREG | CREG | DREG | ADREG | MREG | PREG | 
+--------------+--------------+--------+--------+--------+--------+--------+------+------+------+------+-------+------+------+
|YH_rv_cpu_alu | A*B          | 17     | 18     | -      | -      | 48     | 0    | 0    | -    | -    | -     | 0    | 0    | 
|YH_rv_cpu_alu | PCIN>>17+A*B | 30     | 18     | -      | -      | 30     | 0    | 0    | -    | -    | -     | 0    | 0    | 
|YH_rv_cpu_alu | A*B          | 17     | 17     | -      | -      | 48     | 0    | 0    | -    | -    | -     | 0    | 0    | 
|YH_rv_cpu_alu | PCIN>>17+A*B | 17     | 18     | -      | -      | 47     | 0    | 0    | -    | -    | -     | 0    | 0    | 
|YH_rv_cpu_alu | A*B          | 17     | 13     | -      | -      | 48     | 0    | 0    | -    | -    | -     | 0    | 0    | 
|YH_rv_cpu_alu | A*B          | 17     | 15     | -      | -      | 48     | 0    | 0    | -    | -    | -     | 0    | 0    | 
|YH_rv_cpu_alu | PCIN+A*B     | 17     | 17     | -      | -      | 48     | 0    | 0    | -    | -    | -     | 0    | 0    | 
|YH_rv_cpu_alu | PCIN>>17+A*B | 17     | 15     | -      | -      | 48     | 0    | 0    | -    | -    | -     | 0    | 0    | 
|YH_rv_cpu_alu | A*B          | 17     | 17     | -      | -      | 48     | 0    | 0    | -    | -    | -     | 0    | 0    | 
|YH_rv_cpu_alu | PCIN>>17+A*B | 17     | 15     | -      | -      | 48     | 0    | 0    | -    | -    | -     | 0    | 0    | 
|YH_rv_cpu_alu | PCIN+A*B     | 17     | 17     | -      | -      | 48     | 0    | 0    | -    | -    | -     | 0    | 0    | 
|YH_rv_cpu_alu | A*B          | 17     | 15     | -      | -      | 48     | 0    | 0    | -    | -    | -     | 0    | 0    | 
|YH_rv_cpu_alu | PCIN>>17+A*B | 15     | 15     | -      | -      | 48     | 0    | 0    | -    | -    | -     | 0    | 0    | 
|YH_rv_cpu_alu | A*B          | 17     | 17     | -      | -      | 48     | 0    | 0    | -    | -    | -     | 0    | 0    | 
|YH_rv_cpu_alu | PCIN>>17+A*B | 17     | 15     | -      | -      | 48     | 0    | 0    | -    | -    | -     | 0    | 0    | 
+--------------+--------------+--------+--------+--------+--------+--------+------+------+------+------+-------+------+------+


Report BlackBoxes: 
+-+--------------+----------+
| |BlackBox name |Instances |
+-+--------------+----------+
+-+--------------+----------+

Report Cell Usage: 
+------+------------+------+
|      |Cell        |Count |
+------+------------+------+
|1     |BUFG        |     2|
|2     |CARRY4      |   160|
|3     |DSP48E1     |    15|
|4     |LUT1        |    76|
|5     |LUT2        |   546|
|6     |LUT3        |   445|
|7     |LUT4        |   871|
|8     |LUT5        |  1255|
|9     |LUT6        |  3164|
|10    |MMCME2_BASE |     1|
|11    |MUXF7       |   404|
|12    |MUXF8       |    67|
|13    |RAMB36E1    |     4|
|16    |FDCE        |  2230|
|17    |FDPE        |    80|
|18    |FDRE        |     6|
|19    |IBUF        |     2|
|20    |OBUF        |     5|
+------+------------+------+
---------------------------------------------------------------------------------
Finished Writing Synthesis Report : Time (s): cpu = 00:03:30 ; elapsed = 00:03:38 . Memory (MB): peak = 2515.145 ; gain = 1703.660
---------------------------------------------------------------------------------
Synthesis finished with 0 errors, 0 critical warnings and 31 warnings.
Synthesis Optimization Runtime : Time (s): cpu = 00:03:19 ; elapsed = 00:03:34 . Memory (MB): peak = 2515.145 ; gain = 1648.016
Synthesis Optimization Complete : Time (s): cpu = 00:03:31 ; elapsed = 00:03:39 . Memory (MB): peak = 2515.145 ; gain = 1703.660
INFO: [Project 1-571] Translating synthesized netlist
Netlist sorting complete. Time (s): cpu = 00:00:01 ; elapsed = 00:00:00.110 . Memory (MB): peak = 2515.145 ; gain = 0.000
INFO: [Netlist 29-17] Analyzing 651 Unisim elements for replacement
INFO: [Netlist 29-28] Unisim Transformation completed in 0 CPU seconds
INFO: [Project 1-570] Preparing netlist for logic optimization
Parsing XDC File [V:/YH_rv_cpu/fpga/vivado/constraints/pynq_z2_template.xdc]
Finished Parsing XDC File [V:/YH_rv_cpu/fpga/vivado/constraints/pynq_z2_template.xdc]
Parsing XDC File [V:/project/pynq_z2_clock_8p000.xdc]
Finished Parsing XDC File [V:/project/pynq_z2_clock_8p000.xdc]
INFO: [Opt 31-138] Pushed 0 inverter(s) to 0 load pin(s).
Netlist sorting complete. Time (s): cpu = 00:00:00 ; elapsed = 00:00:00.004 . Memory (MB): peak = 2515.145 ; gain = 0.000
INFO: [Project 1-111] Unisim Transformation Summary:
  A total of 1 instances were transformed.
  MMCME2_BASE => MMCME2_ADV: 1 instance 

Synth Design complete | Checksum: d9423673
INFO: [Common 17-83] Releasing license: Synthesis
64 Infos, 87 Warnings, 0 Critical Warnings and 0 Errors encountered.
synth_design completed successfully
synth_design: Time (s): cpu = 00:03:38 ; elapsed = 00:03:49 . Memory (MB): peak = 2515.145 ; gain = 1937.867
STEP: synth_design DONE
STEP: write_checkpoint BEGIN
INFO: [Timing 38-480] Writing timing data to binary archive.
Wrote PlaceDB: Time (s): cpu = 00:00:00 ; elapsed = 00:00:00 . Memory (MB): peak = 2515.145 ; gain = 0.000
Wrote PulsedLatchDB: Time (s): cpu = 00:00:00 ; elapsed = 00:00:00 . Memory (MB): peak = 2515.145 ; gain = 0.000
Writing XDEF routing.
Write ShapeDB Complete: Time (s): cpu = 00:00:00 ; elapsed = 00:00:00.014 . Memory (MB): peak = 2515.145 ; gain = 0.000
Writing XDEF routing logical nets.
Writing XDEF routing special nets.
Wrote RouteStorage: Time (s): cpu = 00:00:00 ; elapsed = 00:00:00.026 . Memory (MB): peak = 2515.145 ; gain = 0.000
Wrote PlaceStorage: Time (s): cpu = 00:00:00 ; elapsed = 00:00:00.001 . Memory (MB): peak = 2515.145 ; gain = 0.000
Wrote Netlist Cache: Time (s): cpu = 00:00:00 ; elapsed = 00:00:00 . Memory (MB): peak = 2515.145 ; gain = 0.000
Wrote Device Cache: Time (s): cpu = 00:00:00 ; elapsed = 00:00:00.014 . Memory (MB): peak = 2515.145 ; gain = 0.000
Write Physdb Complete: Time (s): cpu = 00:00:01 ; elapsed = 00:00:00.056 . Memory (MB): peak = 2515.145 ; gain = 0.000
INFO: [Common 17-1381] The checkpoint 'V:/project/YH_rv_cpu_pynq_z2_sysclk_8p000ns_cpu50_synth.dcp' has been generated.
STEP: write_checkpoint DONE
STEP: report_utilization BEGIN
STEP: report_utilization DONE
STEP: report_timing_summary BEGIN
INFO: [Timing 38-35] Done setting XDC timing constraints.
INFO: [Timing 38-2] Deriving generated clocks
INFO: [Timing 38-91] UpdateTimingParams: Speed grade: -1, Delay Type: min_max.
INFO: [Timing 38-191] Multithreading enabled for timing update using a maximum of 2 CPUs
report_timing_summary: Time (s): cpu = 00:00:08 ; elapsed = 00:00:07 . Memory (MB): peak = 2515.145 ; gain = 0.000
STEP: report_timing_summary DONE
INFO: Input clock period = 8.000 ns
STEP: opt_design BEGIN
Command: opt_design -directive Explore
INFO: [Vivado_Tcl 4-136] Directive used for opt_design is: Explore
Attempting to get a license for feature 'Implementation' and/or device 'xc7z020'
INFO: [Common 17-349] Got license for feature 'Implementation' and/or device 'xc7z020'
Running DRC as a precondition to command opt_design

Starting DRC Task
INFO: [DRC 23-27] Running DRC with 2 threads
INFO: [Project 1-461] DRC finished with 0 Errors
INFO: [Project 1-462] Please refer to the DRC report (report_drc) for more information.

Time (s): cpu = 00:00:01 ; elapsed = 00:00:00.986 . Memory (MB): peak = 2515.145 ; gain = 0.000

Starting Logic Optimization Task

Phase 1 Initialization

Phase 1.1 Core Generation And Design Setup
Phase 1.1 Core Generation And Design Setup | Checksum: 1df9e4b23

Time (s): cpu = 00:00:00 ; elapsed = 00:00:00.007 . Memory (MB): peak = 2515.145 ; gain = 0.000

Phase 1.2 Setup Constraints And Sort Netlist
Phase 1.2 Setup Constraints And Sort Netlist | Checksum: 1df9e4b23

Time (s): cpu = 00:00:00 ; elapsed = 00:00:00.015 . Memory (MB): peak = 2515.145 ; gain = 0.000
Phase 1 Initialization | Checksum: 1df9e4b23

Time (s): cpu = 00:00:00 ; elapsed = 00:00:00.019 . Memory (MB): peak = 2515.145 ; gain = 0.000

Phase 2 Timer Update And Timing Data Collection

Phase 2.1 Detect if minReqCache needed
Phase 2.1 Detect if minReqCache needed | Checksum: 1df9e4b23

Time (s): cpu = 00:00:00 ; elapsed = 00:00:00.034 . Memory (MB): peak = 2515.145 ; gain = 0.000

Phase 2.2 Timer Update
Phase 2.2 Timer Update | Checksum: 1df9e4b23

Time (s): cpu = 00:00:01 ; elapsed = 00:00:00.298 . Memory (MB): peak = 2515.145 ; gain = 0.000

Phase 2.3 Timing Data Collection
Phase 2.3 Timing Data Collection | Checksum: 1df9e4b23

Time (s): cpu = 00:00:01 ; elapsed = 00:00:00.308 . Memory (MB): peak = 2515.145 ; gain = 0.000
Phase 2 Timer Update And Timing Data Collection | Checksum: 1df9e4b23

Time (s): cpu = 00:00:01 ; elapsed = 00:00:00.310 . Memory (MB): peak = 2515.145 ; gain = 0.000

Phase 3 Retarget
INFO: [Opt 31-1851] Number of loadless carry chains removed were: 0
INFO: [Opt 31-1834] Total Chains To Be Transformed Were: 0 AND Number of Transformed insts Created are: 0
INFO: [Opt 31-1566] Pulled 31 inverters resulting in an inversion of 226 pins
INFO: [Opt 31-138] Pushed 1 inverter(s) to 1 load pin(s).
INFO: [Opt 31-49] Retargeted 0 cell(s).
Phase 3 Retarget | Checksum: 4654ce89

Time (s): cpu = 00:00:01 ; elapsed = 00:00:00.545 . Memory (MB): peak = 2515.145 ; gain = 0.000
Retarget | Checksum: 4654ce89
INFO: [Opt 31-389] Phase Retarget created 0 cells and removed 55 cells
INFO: [Opt 31-1021] In phase Retarget, 1 netlist objects are constrained preventing optimization. Please run opt_design with -debug_log to get more detail. 

Phase 4 Constant propagation
INFO: [Opt 31-138] Pushed 0 inverter(s) to 0 load pin(s).
Phase 4 Constant propagation | Checksum: 3a42e758

Time (s): cpu = 00:00:01 ; elapsed = 00:00:00.643 . Memory (MB): peak = 2515.145 ; gain = 0.000
Constant propagation | Checksum: 3a42e758
INFO: [Opt 31-389] Phase Constant propagation created 0 cells and removed 0 cells

Phase 5 Sweep
INFO: [Constraints 18-11670] Building netlist checker database with flags, 0x8
Done building netlist checker database: Time (s): cpu = 00:00:00 ; elapsed = 00:00:00.002 . Memory (MB): peak = 2515.145 ; gain = 0.000
Phase 5 Sweep | Checksum: b7555ba1

Time (s): cpu = 00:00:01 ; elapsed = 00:00:00.769 . Memory (MB): peak = 2515.145 ; gain = 0.000
Sweep | Checksum: b7555ba1
INFO: [Opt 31-389] Phase Sweep created 1 cells and removed 0 cells

Phase 6 BUFG optimization
Phase 6 BUFG optimization | Checksum: b7555ba1

Time (s): cpu = 00:00:01 ; elapsed = 00:00:00.837 . Memory (MB): peak = 2515.145 ; gain = 0.000
BUFG optimization | Checksum: b7555ba1
INFO: [Opt 31-662] Phase BUFG optimization created 0 cells of which 0 are BUFGs and removed 0 cells.

Phase 7 Shift Register Optimization
INFO: [Opt 31-1064] SRL Remap converted 0 SRLs to 0 registers and converted 0 registers of register chains to 0 SRLs
Phase 7 Shift Register Optimization | Checksum: b7555ba1

Time (s): cpu = 00:00:01 ; elapsed = 00:00:00.858 . Memory (MB): peak = 2515.145 ; gain = 0.000
Shift Register Optimization | Checksum: b7555ba1
INFO: [Opt 31-389] Phase Shift Register Optimization created 0 cells and removed 0 cells
INFO: [Opt 31-1555] control_set_opt supports Versal devices only, and device 7z020 is unsupported

Phase 8 Post Processing Netlist
Phase 8 Post Processing Netlist | Checksum: 1259e46f5

Time (s): cpu = 00:00:01 ; elapsed = 00:00:00.887 . Memory (MB): peak = 2515.145 ; gain = 0.000
Post Processing Netlist | Checksum: 1259e46f5
INFO: [Opt 31-389] Phase Post Processing Netlist created 0 cells and removed 0 cells

Phase 9 Finalization

Phase 9.1 Finalizing Design Cores and Updating Shapes
Phase 9.1 Finalizing Design Cores and Updating Shapes | Checksum: 9dd11e08

Time (s): cpu = 00:00:01 ; elapsed = 00:00:00.998 . Memory (MB): peak = 2515.145 ; gain = 0.000

Phase 9.2 Verifying Netlist Connectivity

Starting Connectivity Check Task

Time (s): cpu = 00:00:00 ; elapsed = 00:00:00.031 . Memory (MB): peak = 2515.145 ; gain = 0.000
Phase 9.2 Verifying Netlist Connectivity | Checksum: 9dd11e08

Time (s): cpu = 00:00:01 ; elapsed = 00:00:01 . Memory (MB): peak = 2515.145 ; gain = 0.000
Phase 9 Finalization | Checksum: 9dd11e08

Time (s): cpu = 00:00:01 ; elapsed = 00:00:01 . Memory (MB): peak = 2515.145 ; gain = 0.000
Opt_design Change Summary
=========================


-------------------------------------------------------------------------------------------------------------------------
|  Phase                        |  #Cells created  |  #Cells Removed  |  #Constrained objects preventing optimizations  |
-------------------------------------------------------------------------------------------------------------------------
|  Retarget                     |               0  |              55  |                                              1  |
|  Constant propagation         |               0  |               0  |                                              0  |
|  Sweep                        |               1  |               0  |                                              0  |
|  BUFG optimization            |               0  |               0  |                                              0  |
|  Shift Register Optimization  |               0  |               0  |                                              0  |
|  Post Processing Netlist      |               0  |               0  |                                              0  |
-------------------------------------------------------------------------------------------------------------------------


Ending Logic Optimization Task | Checksum: 9dd11e08

Time (s): cpu = 00:00:01 ; elapsed = 00:00:01 . Memory (MB): peak = 2515.145 ; gain = 0.000
Netlist sorting complete. Time (s): cpu = 00:00:00 ; elapsed = 00:00:00.005 . Memory (MB): peak = 2515.145 ; gain = 0.000
INFO: [Common 17-83] Releasing license: Implementation
92 Infos, 87 Warnings, 0 Critical Warnings and 0 Errors encountered.
opt_design completed successfully
opt_design: Time (s): cpu = 00:00:07 ; elapsed = 00:00:06 . Memory (MB): peak = 2515.145 ; gain = 0.000
STEP: opt_design DONE
STEP: place_design BEGIN
Command: place_design -directive Explore
Attempting to get a license for feature 'Implementation' and/or device 'xc7z020'
INFO: [Common 17-349] Got license for feature 'Implementation' and/or device 'xc7z020'
INFO: [Common 17-83] Releasing license: Implementation
INFO: [DRC 23-27] Running DRC with 2 threads
INFO: [Vivado_Tcl 4-198] DRC finished with 0 Errors
INFO: [Vivado_Tcl 4-199] Please refer to the DRC report (report_drc) for more information.
INFO: [Timing 38-35] Done setting XDC timing constraints.
INFO: [Vivado_Tcl 4-2302] The placer was invoked with the 'Explore' directive.
Running DRC as a precondition to command place_design
INFO: [DRC 23-27] Running DRC with 2 threads
INFO: [Vivado_Tcl 4-198] DRC finished with 0 Errors, 21 Warnings
INFO: [Vivado_Tcl 4-199] Please refer to the DRC report (report_drc) for more information.
INFO: [Place 30-611] Multithreading enabled for place_design using a maximum of 2 CPUs

Starting Placer Task

Phase 1 Placer Initialization

Phase 1.1 Placer Initialization Netlist Sorting
Netlist sorting complete. Time (s): cpu = 00:00:00 ; elapsed = 00:00:00.005 . Memory (MB): peak = 2515.145 ; gain = 0.000
Phase 1.1 Placer Initialization Netlist Sorting | Checksum: 68610c9e

Time (s): cpu = 00:00:00 ; elapsed = 00:00:00.008 . Memory (MB): peak = 2515.145 ; gain = 0.000
Netlist sorting complete. Time (s): cpu = 00:00:00 ; elapsed = 00:00:00.004 . Memory (MB): peak = 2515.145 ; gain = 0.000

Phase 1.2 IO Placement/ Clock Placement/ Build Placer Device
Phase 1.2 IO Placement/ Clock Placement/ Build Placer Device | Checksum: 6728177e

Time (s): cpu = 00:00:01 ; elapsed = 00:00:00.768 . Memory (MB): peak = 2515.145 ; gain = 0.000

Phase 1.3 Build Placer Netlist Model
Phase 1.3 Build Placer Netlist Model | Checksum: d8d11695

Time (s): cpu = 00:00:04 ; elapsed = 00:00:03 . Memory (MB): peak = 2515.145 ; gain = 0.000

Phase 1.4 Constrain Clocks/Macros
Phase 1.4 Constrain Clocks/Macros | Checksum: d8d11695

Time (s): cpu = 00:00:04 ; elapsed = 00:00:03 . Memory (MB): peak = 2515.145 ; gain = 0.000
Phase 1 Placer Initialization | Checksum: d8d11695

Time (s): cpu = 00:00:05 ; elapsed = 00:00:03 . Memory (MB): peak = 2515.145 ; gain = 0.000

Phase 2 Global Placement

Phase 2.1 Floorplanning
Phase 2.1 Floorplanning | Checksum: 9ff834a2

Time (s): cpu = 00:00:06 ; elapsed = 00:00:04 . Memory (MB): peak = 2515.145 ; gain = 0.000

Phase 2.2 Update Timing before SLR Path Opt
Phase 2.2 Update Timing before SLR Path Opt | Checksum: 1350fe9f9

Time (s): cpu = 00:00:07 ; elapsed = 00:00:05 . Memory (MB): peak = 2515.145 ; gain = 0.000

Phase 2.3 Post-Processing in Floorplanning
Phase 2.3 Post-Processing in Floorplanning | Checksum: 1350fe9f9

Time (s): cpu = 00:00:07 ; elapsed = 00:00:05 . Memory (MB): peak = 2515.145 ; gain = 0.000

Phase 2.4 Global Place Phase1
Phase 2.4 Global Place Phase1 | Checksum: 12732a344

Time (s): cpu = 00:00:17 ; elapsed = 00:00:11 . Memory (MB): peak = 2515.145 ; gain = 0.000

Phase 2.5 Global Place Phase2

Phase 2.5.1 UpdateTiming Before Physical Synthesis
Phase 2.5.1 UpdateTiming Before Physical Synthesis | Checksum: dcecf6e8

Time (s): cpu = 00:00:19 ; elapsed = 00:00:12 . Memory (MB): peak = 2515.145 ; gain = 0.000

Phase 2.5.2 Physical Synthesis In Placer
INFO: [Physopt 32-1035] Found 0 LUTNM shape to break, 171 LUT instances to create LUTNM shape
INFO: [Physopt 32-1044] Break lutnm for timing: one critical 0, two critical 0, total 0, new lutff created 0
INFO: [Physopt 32-1138] End 1 Pass. Optimized 76 nets or LUTs. Breaked 0 LUT, combined 76 existing LUTs and moved 0 existing LUT
INFO: [Physopt 32-65] No nets found for high-fanout optimization.
INFO: [Physopt 32-232] Optimized 0 net. Created 0 new instance.
INFO: [Physopt 32-775] End 1 Pass. Optimized 0 net or cell. Created 0 new cell, deleted 0 existing cell and moved 0 existing cell
INFO: [Physopt 32-670] No setup violation found.  DSP Register Optimization was not performed.
INFO: [Physopt 32-670] No setup violation found.  Shift Register to Pipeline Optimization was not performed.
INFO: [Physopt 32-670] No setup violation found.  Shift Register Optimization was not performed.
INFO: [Physopt 32-670] No setup violation found.  BRAM Register Optimization was not performed.
INFO: [Physopt 32-670] No setup violation found.  URAM Register Optimization was not performed.
INFO: [Physopt 32-949] No candidate nets found for dynamic/static region interface net replication
INFO: [Physopt 32-775] End 1 Pass. Optimized 0 net or cell. Created 0 new cell, deleted 0 existing cell and moved 0 existing cell
Netlist sorting complete. Time (s): cpu = 00:00:00 ; elapsed = 00:00:00.005 . Memory (MB): peak = 2515.145 ; gain = 0.000

Summary of Physical Synthesis Optimizations
============================================


-----------------------------------------------------------------------------------------------------------------------------------------------------------
|  Optimization                                     |  Added Cells  |  Removed Cells  |  Optimized Cells/Nets  |  Dont Touch  |  Iterations  |  Elapsed   |
-----------------------------------------------------------------------------------------------------------------------------------------------------------
|  LUT Combining                                    |            0  |             76  |                    76  |           0  |           1  |  00:00:00  |
|  Retime                                           |            0  |              0  |                     0  |           0  |           1  |  00:00:00  |
|  Very High Fanout                                 |            0  |              0  |                     0  |           0  |           1  |  00:00:00  |
|  DSP Register                                     |            0  |              0  |                     0  |           0  |           0  |  00:00:00  |
|  Shift Register to Pipeline                       |            0  |              0  |                     0  |           0  |           0  |  00:00:00  |
|  Shift Register                                   |            0  |              0  |                     0  |           0  |           0  |  00:00:00  |
|  BRAM Register                                    |            0  |              0  |                     0  |           0  |           0  |  00:00:00  |
|  URAM Register                                    |            0  |              0  |                     0  |           0  |           0  |  00:00:00  |
|  Dynamic/Static Region Interface Net Replication  |            0  |              0  |                     0  |           0  |           1  |  00:00:00  |
|  Total                                            |            0  |             76  |                    76  |           0  |           4  |  00:00:00  |
-----------------------------------------------------------------------------------------------------------------------------------------------------------


Phase 2.5.2 Physical Synthesis In Placer | Checksum: 1913ae565

Time (s): cpu = 00:00:20 ; elapsed = 00:00:13 . Memory (MB): peak = 2515.145 ; gain = 0.000
Phase 2.5 Global Place Phase2 | Checksum: f635ac72

Time (s): cpu = 00:00:21 ; elapsed = 00:00:14 . Memory (MB): peak = 2515.145 ; gain = 0.000
Phase 2 Global Placement | Checksum: f635ac72

Time (s): cpu = 00:00:21 ; elapsed = 00:00:14 . Memory (MB): peak = 2515.145 ; gain = 0.000

Phase 3 Detail Placement

Phase 3.1 Commit Multi Column Macros
Phase 3.1 Commit Multi Column Macros | Checksum: cd2fe028

Time (s): cpu = 00:00:22 ; elapsed = 00:00:15 . Memory (MB): peak = 2515.145 ; gain = 0.000

Phase 3.2 Commit Most Macros & LUTRAMs
Phase 3.2 Commit Most Macros & LUTRAMs | Checksum: 14b7331f4

Time (s): cpu = 00:00:24 ; elapsed = 00:00:16 . Memory (MB): peak = 2515.145 ; gain = 0.000

Phase 3.3 Area Swap Optimization
Phase 3.3 Area Swap Optimization | Checksum: 116dc3ad9

Time (s): cpu = 00:00:25 ; elapsed = 00:00:16 . Memory (MB): peak = 2515.145 ; gain = 0.000

Phase 3.4 Pipeline Register Optimization
Phase 3.4 Pipeline Register Optimization | Checksum: 125522171

Time (s): cpu = 00:00:25 ; elapsed = 00:00:16 . Memory (MB): peak = 2515.145 ; gain = 0.000

Phase 3.5 Small Shape Detail Placement
Phase 3.5 Small Shape Detail Placement | Checksum: 1fd3cfe33

Time (s): cpu = 00:00:29 ; elapsed = 00:00:21 . Memory (MB): peak = 2515.145 ; gain = 0.000

Phase 3.6 Re-assign LUT pins
Phase 3.6 Re-assign LUT pins | Checksum: 1e03692d6

Time (s): cpu = 00:00:30 ; elapsed = 00:00:22 . Memory (MB): peak = 2515.145 ; gain = 0.000

Phase 3.7 Pipeline Register Optimization
Phase 3.7 Pipeline Register Optimization | Checksum: 19caf7374

Time (s): cpu = 00:00:30 ; elapsed = 00:00:22 . Memory (MB): peak = 2515.145 ; gain = 0.000
Phase 3 Detail Placement | Checksum: 19caf7374

Time (s): cpu = 00:00:30 ; elapsed = 00:00:22 . Memory (MB): peak = 2515.145 ; gain = 0.000

Phase 4 Post Placement Optimization and Clean-Up

Phase 4.1 Post Commit Optimization
INFO: [Timing 38-35] Done setting XDC timing constraints.

Phase 4.1.1 Post Placement Optimization
Post Placement Optimization Initialization | Checksum: 21ae20d6d

Phase 4.1.1.1 BUFG Insertion

Starting Physical Synthesis Task

Phase 1 Physical Synthesis Initialization
INFO: [Physopt 32-721] Multithreading enabled for phys_opt_design using a maximum of 2 CPUs
INFO: [Physopt 32-619] Estimated Timing Summary | WNS=-0.390 | TNS=-0.511 |
Phase 1 Physical Synthesis Initialization | Checksum: 199e463cb

Time (s): cpu = 00:00:00 ; elapsed = 00:00:00.173 . Memory (MB): peak = 2515.145 ; gain = 0.000
INFO: [Place 46-33] Processed net u_soc/u_cpu/u_regfile/gen_pynq_clk_50m.u_clk_mmcm, BUFG insertion was skipped due to placement/routing conflicts.
INFO: [Place 46-56] BUFG insertion identified 1 candidate nets. Inserted BUFG: 0, Replicated BUFG Driver: 0, Skipped due to Placement/Routing Conflicts: 1, Skipped due to Timing Degradation: 0, Skipped due to netlist editing failed: 0.
Ending Physical Synthesis Task | Checksum: 1cd2b2bd5

Time (s): cpu = 00:00:01 ; elapsed = 00:00:00.466 . Memory (MB): peak = 2515.145 ; gain = 0.000
Phase 4.1.1.1 BUFG Insertion | Checksum: 21ae20d6d

Time (s): cpu = 00:00:34 ; elapsed = 00:00:24 . Memory (MB): peak = 2515.145 ; gain = 0.000

Phase 4.1.1.2 Post Placement Timing Optimization
INFO: [Place 30-746] Post Placement Timing Summary WNS=0.523. For the most accurate timing information please run report_timing.
Phase 4.1.1.2 Post Placement Timing Optimization | Checksum: 20aeadb2d

Time (s): cpu = 00:00:36 ; elapsed = 00:00:27 . Memory (MB): peak = 2515.145 ; gain = 0.000

Time (s): cpu = 00:00:36 ; elapsed = 00:00:27 . Memory (MB): peak = 2515.145 ; gain = 0.000
Phase 4.1 Post Commit Optimization | Checksum: 20aeadb2d

Time (s): cpu = 00:00:36 ; elapsed = 00:00:27 . Memory (MB): peak = 2515.145 ; gain = 0.000

Phase 4.2 Post Placement Cleanup
Phase 4.2 Post Placement Cleanup | Checksum: 20aeadb2d

Time (s): cpu = 00:00:36 ; elapsed = 00:00:27 . Memory (MB): peak = 2515.145 ; gain = 0.000

Phase 4.3 Placer Reporting

Phase 4.3.1 Print Estimated Congestion
INFO: [Place 30-612] Post-Placement Estimated Congestion 
 ____________________________________________________
|           | Global Congestion | Short Congestion  |
| Direction | Region Size       | Region Size       |
|___________|___________________|___________________|
|      North|                1x1|                2x2|
|___________|___________________|___________________|
|      South|                1x1|                4x4|
|___________|___________________|___________________|
|       East|                1x1|                1x1|
|___________|___________________|___________________|
|       West|                1x1|                1x1|
|___________|___________________|___________________|

Phase 4.3.1 Print Estimated Congestion | Checksum: 20aeadb2d

Time (s): cpu = 00:00:36 ; elapsed = 00:00:27 . Memory (MB): peak = 2515.145 ; gain = 0.000
Phase 4.3 Placer Reporting | Checksum: 20aeadb2d

Time (s): cpu = 00:00:36 ; elapsed = 00:00:27 . Memory (MB): peak = 2515.145 ; gain = 0.000

Phase 4.4 Final Placement Cleanup
Netlist sorting complete. Time (s): cpu = 00:00:00 ; elapsed = 00:00:00.020 . Memory (MB): peak = 2515.145 ; gain = 0.000

Time (s): cpu = 00:00:36 ; elapsed = 00:00:27 . Memory (MB): peak = 2515.145 ; gain = 0.000
Phase 4 Post Placement Optimization and Clean-Up | Checksum: 188eb6c21

Time (s): cpu = 00:00:36 ; elapsed = 00:00:27 . Memory (MB): peak = 2515.145 ; gain = 0.000
Ending Placer Task | Checksum: 1734542eb

Time (s): cpu = 00:00:37 ; elapsed = 00:00:27 . Memory (MB): peak = 2515.145 ; gain = 0.000
123 Infos, 87 Warnings, 0 Critical Warnings and 0 Errors encountered.
place_design completed successfully
place_design: Time (s): cpu = 00:00:39 ; elapsed = 00:00:29 . Memory (MB): peak = 2515.145 ; gain = 0.000
STEP: place_design DONE
STEP: phys_opt_design_pre_route BEGIN
Command: phys_opt_design -directive Explore
Attempting to get a license for feature 'Implementation' and/or device 'xc7z020'
INFO: [Common 17-349] Got license for feature 'Implementation' and/or device 'xc7z020'
INFO: [Vivado_Tcl 4-137] Directive used for phys_opt_design is: Explore

Starting Initial Update Timing Task

Time (s): cpu = 00:00:02 ; elapsed = 00:00:01 . Memory (MB): peak = 2515.145 ; gain = 0.000
INFO: [Vivado_Tcl 4-2279] Estimated Timing Summary | WNS= 0.523 | TNS= 0.000 | 
INFO: [Vivado_Tcl 4-383] Design worst setup slack (WNS) is greater than or equal to 0.000 ns. All physical synthesis setup optimizations will be skipped.
INFO: [Vivado_Tcl 4-232] No setup violation found. The netlist was not modified.
INFO: [Common 17-83] Releasing license: Implementation
129 Infos, 87 Warnings, 0 Critical Warnings and 0 Errors encountered.
phys_opt_design completed successfully
STEP: phys_opt_design_pre_route DONE
STEP: route_design BEGIN
Command: route_design -directive Explore
Attempting to get a license for feature 'Implementation' and/or device 'xc7z020'
INFO: [Common 17-349] Got license for feature 'Implementation' and/or device 'xc7z020'


Starting Routing Task
INFO: [Route 35-270] Using Router directive 'Explore'.
INFO: [Route 35-254] Multithreading enabled for route_design using a maximum of 2 CPUs

Phase 1 Build RT Design
Checksum: PlaceDB: fdfddfa8 ConstDB: 0 ShapeSum: 5f4df053 RouteDB: 15f972f0
Post Restoration Checksum: NetGraph: 9d2ed5a9 | NumContArr: 3b9cadc7 | Constraints: c2a8fa9d | Timing: c2a8fa9d
Phase 1 Build RT Design | Checksum: 25e1d78aa

Time (s): cpu = 00:00:26 ; elapsed = 00:00:22 . Memory (MB): peak = 2515.145 ; gain = 0.000

Phase 2 Router Initialization

Phase 2.1 Fix Topology Constraints
Phase 2.1 Fix Topology Constraints | Checksum: 25e1d78aa

Time (s): cpu = 00:00:26 ; elapsed = 00:00:22 . Memory (MB): peak = 2515.145 ; gain = 0.000

Phase 2.2 Pre Route Cleanup
Phase 2.2 Pre Route Cleanup | Checksum: 25e1d78aa

Time (s): cpu = 00:00:26 ; elapsed = 00:00:22 . Memory (MB): peak = 2515.145 ; gain = 0.000
 Number of Nodes with overlaps = 0

Phase 2.3 Update Timing
Phase 2.3 Update Timing | Checksum: 2d68ef1c2

Time (s): cpu = 00:00:30 ; elapsed = 00:00:25 . Memory (MB): peak = 2515.145 ; gain = 0.000
INFO: [Route 35-416] Intermediate Timing Summary | WNS=0.669  | TNS=0.000  | WHS=-0.139 | THS=-11.422|


Phase 2.4 Soft Constraint Pins - Fast Budgeting
Phase 2.4 Soft Constraint Pins - Fast Budgeting | Checksum: 280a34565

Time (s): cpu = 00:00:32 ; elapsed = 00:00:26 . Memory (MB): peak = 2515.145 ; gain = 0.000

Router Utilization Summary
  Global Vertical Routing Utilization    = 0 %
  Global Horizontal Routing Utilization  = 0 %
  Routable Net Status*
  *Does not include unroutable nets such as driverless and loadless.
  Run report_route_status for detailed report.
  Number of Failed Nets               = 7120
    (Failed Nets is the sum of unrouted and partially routed nets)
  Number of Unrouted Nets             = 7120
  Number of Partially Routed Nets     = 0
  Number of Node Overlaps             = 0

Phase 2 Router Initialization | Checksum: 1f43bc99b

Time (s): cpu = 00:00:32 ; elapsed = 00:00:26 . Memory (MB): peak = 2515.145 ; gain = 0.000

Phase 3 Global Routing
Phase 3 Global Routing | Checksum: 1f43bc99b

Time (s): cpu = 00:00:32 ; elapsed = 00:00:26 . Memory (MB): peak = 2515.145 ; gain = 0.000

Phase 4 Initial Routing

Phase 4.1 Initial Net Routing Pass
Phase 4.1 Initial Net Routing Pass | Checksum: 2ee8a14d3

Time (s): cpu = 00:00:35 ; elapsed = 00:00:28 . Memory (MB): peak = 2515.145 ; gain = 0.000
Phase 4 Initial Routing | Checksum: 2ee8a14d3

Time (s): cpu = 00:00:35 ; elapsed = 00:00:28 . Memory (MB): peak = 2515.145 ; gain = 0.000

Phase 5 Rip-up And Reroute

Phase 5.1 Global Iteration 0
 Number of Nodes with overlaps = 2958
 Number of Nodes with overlaps = 762
 Number of Nodes with overlaps = 315
 Number of Nodes with overlaps = 178
 Number of Nodes with overlaps = 58
 Number of Nodes with overlaps = 31
 Number of Nodes with overlaps = 36
 Number of Nodes with overlaps = 12
 Number of Nodes with overlaps = 11
 Number of Nodes with overlaps = 7
 Number of Nodes with overlaps = 2
 Number of Nodes with overlaps = 0
INFO: [Route 35-416] Intermediate Timing Summary | WNS=0.744  | TNS=0.000  | WHS=N/A    | THS=N/A    |

Phase 5.1 Global Iteration 0 | Checksum: 1b5cb5097

Time (s): cpu = 00:00:59 ; elapsed = 00:00:45 . Memory (MB): peak = 2515.145 ; gain = 0.000
Phase 5 Rip-up And Reroute | Checksum: 1b5cb5097

Time (s): cpu = 00:00:59 ; elapsed = 00:00:45 . Memory (MB): peak = 2515.145 ; gain = 0.000

Phase 6 Delay and Skew Optimization

Phase 6.1 Delay CleanUp

Phase 6.1.1 Update Timing
Phase 6.1.1 Update Timing | Checksum: 1ff299b42

Time (s): cpu = 00:00:59 ; elapsed = 00:00:45 . Memory (MB): peak = 2515.145 ; gain = 0.000
INFO: [Route 35-416] Intermediate Timing Summary | WNS=0.859  | TNS=0.000  | WHS=N/A    | THS=N/A    |

Phase 6.1 Delay CleanUp | Checksum: 1ff299b42

Time (s): cpu = 00:00:59 ; elapsed = 00:00:45 . Memory (MB): peak = 2515.145 ; gain = 0.000

Phase 6.2 Clock Skew Optimization
Phase 6.2 Clock Skew Optimization | Checksum: 1ff299b42

Time (s): cpu = 00:00:59 ; elapsed = 00:00:45 . Memory (MB): peak = 2515.145 ; gain = 0.000
Phase 6 Delay and Skew Optimization | Checksum: 1ff299b42

Time (s): cpu = 00:00:59 ; elapsed = 00:00:45 . Memory (MB): peak = 2515.145 ; gain = 0.000

Phase 7 Post Hold Fix

Phase 7.1 Hold Fix Iter
INFO: [Route 35-416] Intermediate Timing Summary | WNS=0.859  | TNS=0.000  | WHS=0.111  | THS=0.000  |

Phase 7.1 Hold Fix Iter | Checksum: 1be07b137

Time (s): cpu = 00:01:00 ; elapsed = 00:00:46 . Memory (MB): peak = 2515.145 ; gain = 0.000
Phase 7 Post Hold Fix | Checksum: 1be07b137

Time (s): cpu = 00:01:00 ; elapsed = 00:00:46 . Memory (MB): peak = 2515.145 ; gain = 0.000

Phase 8 Route finalize

Router Utilization Summary
  Global Vertical Routing Utilization    = 2.74909 %
  Global Horizontal Routing Utilization  = 3.15965 %
  Routable Net Status*
  *Does not include unroutable nets such as driverless and loadless.
  Run report_route_status for detailed report.
  Number of Failed Nets               = 0
    (Failed Nets is the sum of unrouted and partially routed nets)
  Number of Unrouted Nets             = 0
  Number of Partially Routed Nets     = 0
  Number of Node Overlaps             = 0

Phase 8 Route finalize | Checksum: 1be07b137

Time (s): cpu = 00:01:00 ; elapsed = 00:00:46 . Memory (MB): peak = 2515.145 ; gain = 0.000

Phase 9 Verifying routed nets

 Verification completed successfully
Phase 9 Verifying routed nets | Checksum: 1be07b137

Time (s): cpu = 00:01:00 ; elapsed = 00:00:46 . Memory (MB): peak = 2515.145 ; gain = 0.000

Phase 10 Depositing Routes
Phase 10 Depositing Routes | Checksum: 2022da049

Time (s): cpu = 00:01:01 ; elapsed = 00:00:47 . Memory (MB): peak = 2515.145 ; gain = 0.000

Phase 11 Post Process Routing
Phase 11 Post Process Routing | Checksum: 2022da049

Time (s): cpu = 00:01:02 ; elapsed = 00:00:47 . Memory (MB): peak = 2515.145 ; gain = 0.000

Phase 12 Post Router Timing
INFO: [Route 35-20] Post Routing Timing Summary | WNS=0.864  | TNS=0.000  | WHS=0.111  | THS=0.000  |

Phase 12 Post Router Timing | Checksum: 2ed9a31fd

Time (s): cpu = 00:01:06 ; elapsed = 00:00:49 . Memory (MB): peak = 2515.145 ; gain = 0.000
INFO: [Route 35-61] The design met the timing requirement.
Total Elapsed time in route_design: 49.504 secs

Phase 13 Post-Route Event Processing
Phase 13 Post-Route Event Processing | Checksum: 223260ddd

Time (s): cpu = 00:01:06 ; elapsed = 00:00:50 . Memory (MB): peak = 2515.145 ; gain = 0.000
INFO: [Route 35-16] Router Completed Successfully
Ending Routing Task | Checksum: 223260ddd

Time (s): cpu = 00:01:06 ; elapsed = 00:00:50 . Memory (MB): peak = 2515.145 ; gain = 0.000

Routing Is Done.
INFO: [Common 17-83] Releasing license: Implementation
140 Infos, 87 Warnings, 0 Critical Warnings and 0 Errors encountered.
route_design completed successfully
route_design: Time (s): cpu = 00:01:06 ; elapsed = 00:00:50 . Memory (MB): peak = 2515.145 ; gain = 0.000
STEP: route_design DONE
STEP: phys_opt_design_post_route BEGIN
Command: phys_opt_design -directive Explore
Attempting to get a license for feature 'Implementation' and/or device 'xc7z020'
INFO: [Common 17-349] Got license for feature 'Implementation' and/or device 'xc7z020'
INFO: [Vivado_Tcl 4-241] Physical synthesis in post route mode 
INFO: [Vivado_Tcl 4-137] Directive used for phys_opt_design is: Explore

Starting Initial Update Timing Task

Time (s): cpu = 00:00:03 ; elapsed = 00:00:02 . Memory (MB): peak = 2515.145 ; gain = 0.000
INFO: [Vivado_Tcl 4-2279] Estimated Timing Summary | WNS= 0.864 | TNS= 0.000 | 
INFO: [Vivado_Tcl 4-383] Design worst setup slack (WNS) is greater than or equal to 0.000 ns. All physical synthesis setup optimizations will be skipped.
INFO: [Vivado_Tcl 4-232] No setup violation found. The netlist was not modified.
INFO: [Common 17-83] Releasing license: Implementation
147 Infos, 87 Warnings, 0 Critical Warnings and 0 Errors encountered.
phys_opt_design completed successfully
STEP: phys_opt_design_post_route DONE
STEP: report_impl_utilization BEGIN
STEP: report_impl_utilization DONE
STEP: report_impl_timing_summary BEGIN
INFO: [Timing 38-91] UpdateTimingParams: Speed grade: -1, Delay Type: min_max.
INFO: [Timing 38-191] Multithreading enabled for timing update using a maximum of 2 CPUs
STEP: report_impl_timing_summary DONE
STEP: write_impl_checkpoint BEGIN
INFO: [Timing 38-480] Writing timing data to binary archive.
Wrote PlaceDB: Time (s): cpu = 00:00:00 ; elapsed = 00:00:00 . Memory (MB): peak = 2515.145 ; gain = 0.000
Wrote PulsedLatchDB: Time (s): cpu = 00:00:00 ; elapsed = 00:00:00 . Memory (MB): peak = 2515.145 ; gain = 0.000
Writing XDEF routing.
Write ShapeDB Complete: Time (s): cpu = 00:00:00 ; elapsed = 00:00:00.025 . Memory (MB): peak = 2515.145 ; gain = 0.000
Writing XDEF routing logical nets.
Writing XDEF routing special nets.
Wrote RouteStorage: Time (s): cpu = 00:00:01 ; elapsed = 00:00:00.124 . Memory (MB): peak = 2515.145 ; gain = 0.000
Wrote PlaceStorage: Time (s): cpu = 00:00:00 ; elapsed = 00:00:00.335 . Memory (MB): peak = 2515.145 ; gain = 0.000
Wrote Netlist Cache: Time (s): cpu = 00:00:00 ; elapsed = 00:00:00.017 . Memory (MB): peak = 2515.145 ; gain = 0.000
Wrote Device Cache: Time (s): cpu = 00:00:00 ; elapsed = 00:00:00.013 . Memory (MB): peak = 2515.145 ; gain = 0.000
Write Physdb Complete: Time (s): cpu = 00:00:01 ; elapsed = 00:00:00.508 . Memory (MB): peak = 2515.145 ; gain = 0.000
INFO: [Common 17-1381] The checkpoint 'V:/project/YH_rv_cpu_pynq_z2_sysclk_8p000ns_cpu50_impl.dcp' has been generated.
STEP: write_impl_checkpoint DONE
STEP: write_bitstream BEGIN
Command: write_bitstream -force V:/project/YH_rv_cpu_pynq_z2_sysclk_8p000ns_cpu50.bit
Attempting to get a license for feature 'Implementation' and/or device 'xc7z020'
INFO: [Common 17-349] Got license for feature 'Implementation' and/or device 'xc7z020'
Running DRC as a precondition to command write_bitstream
INFO: [IP_Flow 19-234] Refreshing IP repositories
INFO: [IP_Flow 19-1704] No user IP repositories specified
INFO: [IP_Flow 19-2313] Loaded Vivado IP repository 'D:/Vivado/2025.2/Vivado/data/ip'.
INFO: [DRC 23-27] Running DRC with 2 threads
INFO: [Vivado 12-3199] DRC finished with 0 Errors
INFO: [Vivado 12-3200] Please refer to the DRC report (report_drc) for more information.
Integrating Hard IP ELF/MEM with the PDI.
INFO: [Designutils 20-2272] Running write_bitstream with 2 threads.
Loading data files...
Loading site data...
Loading route data...
Processing options...
Creating bitmap...
Creating bitstream...
Writing bitstream V:/project/YH_rv_cpu_pynq_z2_sysclk_8p000ns_cpu50.bit...
INFO: [Vivado 12-1842] Bitgen Completed Successfully.
INFO: [Common 17-83] Releasing license: Implementation
161 Infos, 87 Warnings, 0 Critical Warnings and 0 Errors encountered.
write_bitstream completed successfully
write_bitstream: Time (s): cpu = 00:00:20 ; elapsed = 00:00:15 . Memory (MB): peak = 2515.145 ; gain = 0.000
STEP: write_bitstream DONE
INFO: PYNQ-Z2 implementation completed. Reports written to V:/project/reports/pynq_z2_sysclk_8p000ns_cpu50
INFO: Bitstream written to V:/project/YH_rv_cpu_pynq_z2_sysclk_8p000ns_cpu50.bit
INFO: [Common 17-206] Exiting Vivado at Fri May  8 09:58:27 2026...
