Copyright 1986-2022 Xilinx, Inc. All Rights Reserved. Copyright 2022-2025 Advanced Micro Devices, Inc. All Rights Reserved.
---------------------------------------------------------------------------------------------------------------------------------------------
| Tool Version : Vivado v.2025.2 (win64) Build 6299465 Fri Nov 14 19:35:11 GMT 2025
| Date         : Thu May 14 13:32:30 2026
| Host         : Toylog_desktop running 64-bit major release  (build 9200)
| Command      : report_timing_summary -file W:/project/reports/pynq_z2_sysclk_8p000ns_cpu50/impl_timing_summary.rpt
| Design       : YH_rv_cpu_fpga_top
| Device       : 7z020-clg400
| Speed File   : -1  PRODUCTION 1.12 2019-11-22
| Design State : Physopt postRoute
---------------------------------------------------------------------------------------------------------------------------------------------

Timing Summary Report

------------------------------------------------------------------------------------------------
| Timer Settings
| --------------
------------------------------------------------------------------------------------------------

  Enable Multi Corner Analysis               :  Yes
  Enable Pessimism Removal                   :  Yes
  Pessimism Removal Resolution               :  Nearest Common Node
  Enable Input Delay Default Clock           :  No
  Enable Preset / Clear Arcs                 :  No
  Disable Flight Delays                      :  No
  Ignore I/O Paths                           :  No
  Timing Early Launch at Borrowing Latches   :  No
  Borrow Time for Max Delay Exceptions       :  Yes
  Merge Timing Exceptions                    :  Yes
  Inter-SLR Compensation                     :  Conservative

  Corner  Analyze    Analyze    
  Name    Max Paths  Min Paths  
  ------  ---------  ---------  
  Slow    Yes        Yes        
  Fast    Yes        Yes        


------------------------------------------------------------------------------------------------
| Report Methodology
| ------------------
------------------------------------------------------------------------------------------------

No report available as report_methodology has not been run prior. Run report_methodology on the current design for the summary of methodology violations.



check_timing report

Table of Contents
-----------------
1. checking no_clock (0)
2. checking constant_clock (0)
3. checking pulse_width_clock (0)
4. checking unconstrained_internal_endpoints (0)
5. checking no_input_delay (1)
6. checking no_output_delay (4)
7. checking multiple_clock (0)
8. checking generated_clocks (0)
9. checking loops (0)
10. checking partial_input_delay (0)
11. checking partial_output_delay (0)
12. checking latch_loops (0)

1. checking no_clock (0)
------------------------
 There are 0 register/latch pins with no clock.


2. checking constant_clock (0)
------------------------------
 There are 0 register/latch pins with constant_clock.


3. checking pulse_width_clock (0)
---------------------------------
 There are 0 register/latch pins which need pulse_width check


4. checking unconstrained_internal_endpoints (0)
------------------------------------------------
 There are 0 pins that are not constrained for maximum delay.

 There are 0 pins that are not constrained for maximum delay due to constant clock.


5. checking no_input_delay (1)
------------------------------
 There is 1 input port with no input delay specified. (HIGH)

 There are 0 input ports with no input delay but user has a false path constraint.


6. checking no_output_delay (4)
-------------------------------
 There are 4 ports with no output delay specified. (HIGH)

 There are 0 ports with no output delay but user has a false path constraint

 There are 0 ports with no output delay but with a timing clock defined on it or propagating through it


7. checking multiple_clock (0)
------------------------------
 There are 0 register/latch pins with multiple clocks.


8. checking generated_clocks (0)
--------------------------------
 There are 0 generated clocks that are not connected to a clock source.


9. checking loops (0)
---------------------
 There are 0 combinational loops in the design.


10. checking partial_input_delay (0)
------------------------------------
 There are 0 input ports with partial input delay specified.


11. checking partial_output_delay (0)
-------------------------------------
 There are 0 ports with partial output delay specified.


12. checking latch_loops (0)
----------------------------
 There are 0 combinational latch loops in the design through latch input



------------------------------------------------------------------------------------------------
| Design Timing Summary
| ---------------------
------------------------------------------------------------------------------------------------

    WNS(ns)      TNS(ns)  TNS Failing Endpoints  TNS Total Endpoints      WHS(ns)      THS(ns)  THS Failing Endpoints  THS Total Endpoints     WPWS(ns)     TPWS(ns)  TPWS Failing Endpoints  TPWS Total Endpoints  
    -------      -------  ---------------------  -------------------      -------      -------  ---------------------  -------------------     --------     --------  ----------------------  --------------------  
      0.042        0.000                      0                 8293        0.040        0.000                      0                 8293        2.000        0.000                       0                  2573  


All user specified timing constraints are met.


------------------------------------------------------------------------------------------------
| Clock Summary
| -------------
------------------------------------------------------------------------------------------------

Clock                       Waveform(ns)         Period(ns)      Frequency(MHz)
-----                       ------------         ----------      --------------
pynq_sys_clk                {0.000 4.000}        8.000           125.000         
  gen_pynq_clk_50m.clkfb    {0.000 4.000}        8.000           125.000         
  gen_pynq_clk_50m.clkout0  {0.000 10.000}       20.000          50.000          


------------------------------------------------------------------------------------------------
| Intra Clock Table
| -----------------
------------------------------------------------------------------------------------------------

Clock                           WNS(ns)      TNS(ns)  TNS Failing Endpoints  TNS Total Endpoints      WHS(ns)      THS(ns)  THS Failing Endpoints  THS Total Endpoints     WPWS(ns)     TPWS(ns)  TPWS Failing Endpoints  TPWS Total Endpoints  
-----                           -------      -------  ---------------------  -------------------      -------      -------  ---------------------  -------------------     --------     --------  ----------------------  --------------------  
pynq_sys_clk                                                                                                                                                                  2.000        0.000                       0                     1  
  gen_pynq_clk_50m.clkfb                                                                                                                                                      5.845        0.000                       0                     3  
  gen_pynq_clk_50m.clkout0        0.042        0.000                      0                 5804        0.040        0.000                      0                 5804        9.500        0.000                       0                  2569  


------------------------------------------------------------------------------------------------
| Inter Clock Table
| -----------------
------------------------------------------------------------------------------------------------

From Clock    To Clock          WNS(ns)      TNS(ns)  TNS Failing Endpoints  TNS Total Endpoints      WHS(ns)      THS(ns)  THS Failing Endpoints  THS Total Endpoints  
----------    --------          -------      -------  ---------------------  -------------------      -------      -------  ---------------------  -------------------  


------------------------------------------------------------------------------------------------
| Other Path Groups Table
| -----------------------
------------------------------------------------------------------------------------------------

Path Group                From Clock                To Clock                      WNS(ns)      TNS(ns)  TNS Failing Endpoints  TNS Total Endpoints      WHS(ns)      THS(ns)  THS Failing Endpoints  THS Total Endpoints  
----------                ----------                --------                      -------      -------  ---------------------  -------------------      -------      -------  ---------------------  -------------------  
**async_default**         gen_pynq_clk_50m.clkout0  gen_pynq_clk_50m.clkout0       10.791        0.000                      0                 2489        0.880        0.000                      0                 2489  


------------------------------------------------------------------------------------------------
| Timing Details
| --------------
------------------------------------------------------------------------------------------------


---------------------------------------------------------------------------------------------------
From Clock:  pynq_sys_clk
  To Clock:  pynq_sys_clk

Setup :           NA  Failing Endpoints,  Worst Slack           NA  ,  Total Violation           NA
Hold  :           NA  Failing Endpoints,  Worst Slack           NA  ,  Total Violation           NA
PW    :            0  Failing Endpoints,  Worst Slack        2.000ns,  Total Violation        0.000ns
---------------------------------------------------------------------------------------------------


Pulse Width Checks
--------------------------------------------------------------------------------------
Clock Name:         pynq_sys_clk
Waveform(ns):       { 0.000 4.000 }
Period(ns):         8.000
Sources:            { CLK100MHZ }

Check Type        Corner  Lib Pin            Reference Pin  Required(ns)  Actual(ns)  Slack(ns)  Location         Pin
Min Period        n/a     MMCME2_ADV/CLKIN1  n/a            1.249         8.000       6.751      MMCME2_ADV_X1Y2  gen_pynq_clk_50m.u_clk_mmcm/CLKIN1
Max Period        n/a     MMCME2_ADV/CLKIN1  n/a            100.000       8.000       92.000     MMCME2_ADV_X1Y2  gen_pynq_clk_50m.u_clk_mmcm/CLKIN1
Low Pulse Width   Slow    MMCME2_ADV/CLKIN1  n/a            2.000         4.000       2.000      MMCME2_ADV_X1Y2  gen_pynq_clk_50m.u_clk_mmcm/CLKIN1
High Pulse Width  Slow    MMCME2_ADV/CLKIN1  n/a            2.000         4.000       2.000      MMCME2_ADV_X1Y2  gen_pynq_clk_50m.u_clk_mmcm/CLKIN1



---------------------------------------------------------------------------------------------------
From Clock:  gen_pynq_clk_50m.clkfb
  To Clock:  gen_pynq_clk_50m.clkfb

Setup :           NA  Failing Endpoints,  Worst Slack           NA  ,  Total Violation           NA
Hold  :           NA  Failing Endpoints,  Worst Slack           NA  ,  Total Violation           NA
PW    :            0  Failing Endpoints,  Worst Slack        5.845ns,  Total Violation        0.000ns
---------------------------------------------------------------------------------------------------


Pulse Width Checks
--------------------------------------------------------------------------------------
Clock Name:         gen_pynq_clk_50m.clkfb
Waveform(ns):       { 0.000 4.000 }
Period(ns):         8.000
Sources:            { gen_pynq_clk_50m.u_clk_mmcm/CLKFBOUT }

Check Type  Corner  Lib Pin             Reference Pin  Required(ns)  Actual(ns)  Slack(ns)  Location         Pin
Min Period  n/a     BUFG/I              n/a            2.155         8.000       5.845      BUFGCTRL_X0Y17   gen_pynq_clk_50m.u_clkfb_bufg/I
Max Period  n/a     MMCME2_ADV/CLKFBIN  n/a            100.000       8.000       92.000     MMCME2_ADV_X1Y2  gen_pynq_clk_50m.u_clk_mmcm/CLKFBIN



---------------------------------------------------------------------------------------------------
From Clock:  gen_pynq_clk_50m.clkout0
  To Clock:  gen_pynq_clk_50m.clkout0

Setup :            0  Failing Endpoints,  Worst Slack        0.042ns,  Total Violation        0.000ns
Hold  :            0  Failing Endpoints,  Worst Slack        0.040ns,  Total Violation        0.000ns
PW    :            0  Failing Endpoints,  Worst Slack        9.500ns,  Total Violation        0.000ns
---------------------------------------------------------------------------------------------------


Max Delay Paths
--------------------------------------------------------------------------------------
Slack (MET) :             0.042ns  (required time - arrival time)
  Source:                 u_soc/u_cpu/id_ex_rs1_addr_r_reg[0]/C
                            (rising edge-triggered cell FDCE clocked by gen_pynq_clk_50m.clkout0  {rise@0.000ns fall@10.000ns period=20.000ns})
  Destination:            u_soc/g_shared_sync_rom.u_sync_rom/imem_rdata_r_reg_1/ADDRARDADDR[5]
                            (rising edge-triggered cell RAMB36E1 clocked by gen_pynq_clk_50m.clkout0  {rise@0.000ns fall@10.000ns period=20.000ns})
  Path Group:             gen_pynq_clk_50m.clkout0
  Path Type:              Setup (Max at Slow Process Corner)
  Requirement:            20.000ns  (gen_pynq_clk_50m.clkout0 rise@20.000ns - gen_pynq_clk_50m.clkout0 rise@0.000ns)
  Data Path Delay:        19.250ns  (logic 3.959ns (20.566%)  route 15.291ns (79.434%))
  Logic Levels:           19  (CARRY4=2 LUT3=2 LUT4=2 LUT5=4 LUT6=9)
  Clock Path Skew:        -0.063ns (DCD - SCD + CPR)
    Destination Clock Delay (DCD):    -1.580ns = ( 18.420 - 20.000 ) 
    Source Clock Delay      (SCD):    -1.050ns
    Clock Pessimism Removal (CPR):    0.466ns
  Clock Uncertainty:      0.079ns  ((TSJ^2 + DJ^2)^1/2) / 2 + PE
    Total System Jitter     (TSJ):    0.071ns
    Discrete Jitter          (DJ):    0.141ns
    Phase Error              (PE):    0.000ns

    Location             Delay type                Incr(ns)  Path(ns)    Netlist Resource(s)
  -------------------------------------------------------------------    -------------------
                         (clock gen_pynq_clk_50m.clkout0 rise edge)
                                                      0.000     0.000 r  
    H16                                               0.000     0.000 r  CLK100MHZ (IN)
                         net (fo=0)                   0.000     0.000    CLK100MHZ
    H16                  IBUF (Prop_ibuf_I_O)         1.451     1.451 r  CLK100MHZ_IBUF_inst/O
                         net (fo=1, routed)           1.285     2.736    CLK100MHZ_IBUF
    MMCME2_ADV_X1Y2      MMCME2_ADV (Prop_mmcme2_adv_CLKIN1_CLKOUT0)
                                                     -7.759    -5.023 r  gen_pynq_clk_50m.u_clk_mmcm/CLKOUT0
                         net (fo=1, routed)           2.206    -2.817    gen_pynq_clk_50m.clkout0
    BUFGCTRL_X0Y16       BUFG (Prop_bufg_I_O)         0.101    -2.716 r  gen_pynq_clk_50m.u_cpu_clk_bufg/O
                         net (fo=2567, routed)        1.666    -1.050    u_soc/u_cpu/cpu_clk
    SLICE_X46Y39         FDCE                                         r  u_soc/u_cpu/id_ex_rs1_addr_r_reg[0]/C
  -------------------------------------------------------------------    -------------------
    SLICE_X46Y39         FDCE (Prop_fdce_C_Q)         0.518    -0.532 r  u_soc/u_cpu/id_ex_rs1_addr_r_reg[0]/Q
                         net (fo=7, routed)           1.022     0.490    u_soc/u_cpu/u_ex_stage/u_alu/gen_mul_extension.mul_signed_i_108_0[0]
    SLICE_X50Y40         LUT6 (Prop_lut6_I1_O)        0.124     0.614 r  u_soc/u_cpu/u_ex_stage/u_alu/gen_mul_extension.mul_signed_i_145/O
                         net (fo=1, routed)           0.859     1.473    u_soc/u_cpu/u_ex_stage/u_alu/gen_mul_extension.mul_signed_i_145_n_0
    SLICE_X50Y41         LUT6 (Prop_lut6_I2_O)        0.124     1.597 f  u_soc/u_cpu/u_ex_stage/u_alu/gen_mul_extension.mul_signed_i_104/O
                         net (fo=1, routed)           0.541     2.138    u_soc/u_cpu/u_ex_stage/u_alu/gen_mul_extension.mul_signed_i_104_n_0
    SLICE_X49Y41         LUT4 (Prop_lut4_I3_O)        0.119     2.257 r  u_soc/u_cpu/u_ex_stage/u_alu/gen_mul_extension.mul_signed_i_66/O
                         net (fo=32, routed)          1.224     3.480    u_soc/u_cpu/u_ex_stage/u_alu/ex_rs1_forwarded1
    SLICE_X38Y48         LUT5 (Prop_lut5_I3_O)        0.332     3.812 r  u_soc/u_cpu/u_ex_stage/u_alu/gen_mul_extension.mul_signed_i_36/O
                         net (fo=8, routed)           0.682     4.494    u_soc/u_cpu/ex_rs1_forwarded[28]
    SLICE_X38Y48         LUT3 (Prop_lut3_I1_O)        0.150     4.644 r  u_soc/u_cpu/id_ex_branch_predict_pc_r[31]_i_53/O
                         net (fo=24, routed)          1.486     6.130    u_soc/u_cpu/p_2_in[28]
    SLICE_X59Y48         LUT5 (Prop_lut5_I0_O)        0.328     6.458 r  u_soc/u_cpu/imem_rdata_r_reg_0_i_377/O
                         net (fo=3, routed)           0.461     6.919    u_soc/u_cpu/imem_rdata_r_reg_0_i_377_n_0
    SLICE_X59Y49         LUT6 (Prop_lut6_I5_O)        0.124     7.043 r  u_soc/u_cpu/id_ex_branch_predict_pc_r[23]_i_93/O
                         net (fo=2, routed)           0.934     7.977    u_soc/u_cpu/id_ex_branch_predict_pc_r[23]_i_93_n_0
    SLICE_X58Y52         LUT3 (Prop_lut3_I2_O)        0.153     8.130 r  u_soc/u_cpu/id_ex_branch_predict_pc_r[23]_i_75/O
                         net (fo=2, routed)           0.679     8.809    u_soc/u_cpu/id_ex_branch_predict_pc_r[23]_i_75_n_0
    SLICE_X58Y51         LUT6 (Prop_lut6_I0_O)        0.331     9.140 r  u_soc/u_cpu/id_ex_branch_predict_pc_r[19]_i_43/O
                         net (fo=1, routed)           0.564     9.704    u_soc/u_cpu/id_ex_branch_predict_pc_r[19]_i_43_n_0
    SLICE_X50Y51         LUT5 (Prop_lut5_I4_O)        0.124     9.828 r  u_soc/u_cpu/id_ex_branch_predict_pc_r[19]_i_26/O
                         net (fo=1, routed)           0.496    10.324    u_soc/u_cpu/id_ex_branch_predict_pc_r[19]_i_26_n_0
    SLICE_X50Y51         LUT6 (Prop_lut6_I1_O)        0.124    10.448 r  u_soc/u_cpu/id_ex_branch_predict_pc_r[19]_i_21/O
                         net (fo=2, routed)           0.740    11.188    u_soc/u_cpu/u_regfile/id_branch_decode_idex_cheap_result[19]
    SLICE_X44Y49         LUT6 (Prop_lut6_I2_O)        0.124    11.312 r  u_soc/u_cpu/u_regfile/fetch_drop_count_r[1]_bret_i_110/O
                         net (fo=5, routed)           1.050    12.363    u_soc/u_cpu/u_regfile/id_branch_decode_rs2_value[19]
    SLICE_X40Y45         LUT4 (Prop_lut4_I2_O)        0.124    12.487 r  u_soc/u_cpu/u_regfile/fetch_drop_count_r[1]_bret_i_72/O
                         net (fo=1, routed)           0.000    12.487    u_soc/u_cpu/u_regfile/fetch_drop_count_r[1]_bret_i_72_n_0
    SLICE_X40Y45         CARRY4 (Prop_carry4_S[1]_CO[3])
                                                      0.550    13.037 r  u_soc/u_cpu/u_regfile/fetch_drop_count_r_reg[1]_bret_i_39/CO[3]
                         net (fo=1, routed)           0.000    13.037    u_soc/u_cpu/u_regfile/fetch_drop_count_r_reg[1]_bret_i_39_n_0
    SLICE_X40Y46         CARRY4 (Prop_carry4_CI_CO[3])
                                                      0.114    13.151 r  u_soc/u_cpu/u_regfile/fetch_drop_count_r_reg[1]_bret_i_29/CO[3]
                         net (fo=1, routed)           1.206    14.356    u_soc/u_cpu/u_regfile/id_branch_decode_lt
    SLICE_X37Y37         LUT6 (Prop_lut6_I0_O)        0.124    14.480 r  u_soc/u_cpu/u_regfile/fetch_drop_count_r[1]_bret_i_16/O
                         net (fo=3, routed)           0.454    14.935    u_soc/u_cpu/u_regfile/id_branch_decode_taken0
    SLICE_X35Y37         LUT6 (Prop_lut6_I4_O)        0.124    15.059 r  u_soc/u_cpu/u_regfile/fetch_drop_count_r[1]_bret_i_6/O
                         net (fo=1, routed)           0.298    15.356    u_soc/u_cpu/u_regfile/fetch_drop_count_r[1]_bret_i_6_n_0
    SLICE_X33Y37         LUT6 (Prop_lut6_I4_O)        0.124    15.480 r  u_soc/u_cpu/u_regfile/fetch_drop_count_r[1]_bret_i_1/O
                         net (fo=187, routed)         0.954    16.435    u_soc/u_cpu/u_regfile/fetch_control_redirect_valid
    SLICE_X29Y35         LUT5 (Prop_lut5_I4_O)        0.124    16.559 r  u_soc/u_cpu/u_regfile/imem_rdata_r_reg_0_i_10/O
                         net (fo=16, routed)          1.641    18.200    u_soc/g_shared_sync_rom.u_sync_rom/ADDRARDADDR[4]
    RAMB36_X3Y6          RAMB36E1                                     r  u_soc/g_shared_sync_rom.u_sync_rom/imem_rdata_r_reg_1/ADDRARDADDR[5]
  -------------------------------------------------------------------    -------------------

                         (clock gen_pynq_clk_50m.clkout0 rise edge)
                                                     20.000    20.000 r  
    H16                                               0.000    20.000 r  CLK100MHZ (IN)
                         net (fo=0)                   0.000    20.000    CLK100MHZ
    H16                  IBUF (Prop_ibuf_I_O)         1.380    21.380 r  CLK100MHZ_IBUF_inst/O
                         net (fo=1, routed)           1.162    22.542    CLK100MHZ_IBUF
    MMCME2_ADV_X1Y2      MMCME2_ADV (Prop_mmcme2_adv_CLKIN1_CLKOUT0)
                                                     -7.814    14.728 r  gen_pynq_clk_50m.u_clk_mmcm/CLKOUT0
                         net (fo=1, routed)           2.012    16.740    gen_pynq_clk_50m.clkout0
    BUFGCTRL_X0Y16       BUFG (Prop_bufg_I_O)         0.091    16.831 r  gen_pynq_clk_50m.u_cpu_clk_bufg/O
                         net (fo=2567, routed)        1.589    18.420    u_soc/g_shared_sync_rom.u_sync_rom/cpu_clk
    RAMB36_X3Y6          RAMB36E1                                     r  u_soc/g_shared_sync_rom.u_sync_rom/imem_rdata_r_reg_1/CLKARDCLK
                         clock pessimism              0.466    18.887    
                         clock uncertainty           -0.079    18.808    
    RAMB36_X3Y6          RAMB36E1 (Setup_ramb36e1_CLKARDCLK_ADDRARDADDR[5])
                                                     -0.566    18.242    u_soc/g_shared_sync_rom.u_sync_rom/imem_rdata_r_reg_1
  -------------------------------------------------------------------
                         required time                         18.242    
                         arrival time                         -18.200    
  -------------------------------------------------------------------
                         slack                                  0.042    





Min Delay Paths
--------------------------------------------------------------------------------------
Slack (MET) :             0.040ns  (arrival time - required time)
  Source:                 u_soc/u_cpu/ex_mem_exec_result_r_reg[11]/C
                            (rising edge-triggered cell FDCE clocked by gen_pynq_clk_50m.clkout0  {rise@0.000ns fall@10.000ns period=20.000ns})
  Destination:            u_soc/u_cpu/mem_wb_exec_result_r_reg[11]/D
                            (rising edge-triggered cell FDCE clocked by gen_pynq_clk_50m.clkout0  {rise@0.000ns fall@10.000ns period=20.000ns})
  Path Group:             gen_pynq_clk_50m.clkout0
  Path Type:              Hold (Min at Fast Process Corner)
  Requirement:            0.000ns  (gen_pynq_clk_50m.clkout0 rise@0.000ns - gen_pynq_clk_50m.clkout0 rise@0.000ns)
  Data Path Delay:        0.380ns  (logic 0.141ns (37.153%)  route 0.239ns (62.847%))
  Logic Levels:           0  
  Clock Path Skew:        0.264ns (DCD - SCD - CPR)
    Destination Clock Delay (DCD):    -0.917ns
    Source Clock Delay      (SCD):    -0.678ns
    Clock Pessimism Removal (CPR):    -0.504ns

    Location             Delay type                Incr(ns)  Path(ns)    Netlist Resource(s)
  -------------------------------------------------------------------    -------------------
                         (clock gen_pynq_clk_50m.clkout0 rise edge)
                                                      0.000     0.000 r  
    H16                                               0.000     0.000 r  CLK100MHZ (IN)
                         net (fo=0)                   0.000     0.000    CLK100MHZ
    H16                  IBUF (Prop_ibuf_I_O)         0.219     0.219 r  CLK100MHZ_IBUF_inst/O
                         net (fo=1, routed)           0.440     0.659    CLK100MHZ_IBUF
    MMCME2_ADV_X1Y2      MMCME2_ADV (Prop_mmcme2_adv_CLKIN1_CLKOUT0)
                                                     -2.613    -1.954 r  gen_pynq_clk_50m.u_clk_mmcm/CLKOUT0
                         net (fo=1, routed)           0.696    -1.257    gen_pynq_clk_50m.clkout0
    BUFGCTRL_X0Y16       BUFG (Prop_bufg_I_O)         0.026    -1.231 r  gen_pynq_clk_50m.u_cpu_clk_bufg/O
                         net (fo=2567, routed)        0.554    -0.678    u_soc/u_cpu/cpu_clk
    SLICE_X53Y36         FDCE                                         r  u_soc/u_cpu/ex_mem_exec_result_r_reg[11]/C
  -------------------------------------------------------------------    -------------------
    SLICE_X53Y36         FDCE (Prop_fdce_C_Q)         0.141    -0.537 r  u_soc/u_cpu/ex_mem_exec_result_r_reg[11]/Q
                         net (fo=3, routed)           0.239    -0.298    u_soc/u_cpu/ex_mem_exec_result_r[11]
    SLICE_X49Y34         FDCE                                         r  u_soc/u_cpu/mem_wb_exec_result_r_reg[11]/D
  -------------------------------------------------------------------    -------------------

                         (clock gen_pynq_clk_50m.clkout0 rise edge)
                                                      0.000     0.000 r  
    H16                                               0.000     0.000 r  CLK100MHZ (IN)
                         net (fo=0)                   0.000     0.000    CLK100MHZ
    H16                  IBUF (Prop_ibuf_I_O)         0.406     0.406 r  CLK100MHZ_IBUF_inst/O
                         net (fo=1, routed)           0.480     0.886    CLK100MHZ_IBUF
    MMCME2_ADV_X1Y2      MMCME2_ADV (Prop_mmcme2_adv_CLKIN1_CLKOUT0)
                                                     -3.407    -2.521 r  gen_pynq_clk_50m.u_clk_mmcm/CLKOUT0
                         net (fo=1, routed)           0.752    -1.769    gen_pynq_clk_50m.clkout0
    BUFGCTRL_X0Y16       BUFG (Prop_bufg_I_O)         0.029    -1.740 r  gen_pynq_clk_50m.u_cpu_clk_bufg/O
                         net (fo=2567, routed)        0.823    -0.917    u_soc/u_cpu/cpu_clk
    SLICE_X49Y34         FDCE                                         r  u_soc/u_cpu/mem_wb_exec_result_r_reg[11]/C
                         clock pessimism              0.504    -0.413    
    SLICE_X49Y34         FDCE (Hold_fdce_C_D)         0.075    -0.338    u_soc/u_cpu/mem_wb_exec_result_r_reg[11]
  -------------------------------------------------------------------
                         required time                          0.338    
                         arrival time                          -0.298    
  -------------------------------------------------------------------
                         slack                                  0.040    





Pulse Width Checks
--------------------------------------------------------------------------------------
Clock Name:         gen_pynq_clk_50m.clkout0
Waveform(ns):       { 0.000 10.000 }
Period(ns):         20.000
Sources:            { gen_pynq_clk_50m.u_clk_mmcm/CLKOUT0 }

Check Type        Corner  Lib Pin             Reference Pin  Required(ns)  Actual(ns)  Slack(ns)  Location         Pin
Min Period        n/a     RAMB36E1/CLKARDCLK  n/a            2.944         20.000      17.056     RAMB36_X3Y7      u_soc/u_dmem_ram/g_sync_ram.g_posedge_read.ram_mem_reg_0_0/CLKARDCLK
Max Period        n/a     MMCME2_ADV/CLKOUT0  n/a            213.360       20.000      193.360    MMCME2_ADV_X1Y2  gen_pynq_clk_50m.u_clk_mmcm/CLKOUT0
Low Pulse Width   Slow    FDCE/C              n/a            0.500         10.000      9.500      SLICE_X86Y77     reset_sync_r_reg[0]/C
High Pulse Width  Slow    FDCE/C              n/a            0.500         10.000      9.500      SLICE_X86Y77     reset_sync_r_reg[0]/C



---------------------------------------------------------------------------------------------------
Path Group:  **async_default**
From Clock:  gen_pynq_clk_50m.clkout0
  To Clock:  gen_pynq_clk_50m.clkout0

Setup :            0  Failing Endpoints,  Worst Slack       10.791ns,  Total Violation        0.000ns
Hold  :            0  Failing Endpoints,  Worst Slack        0.880ns,  Total Violation        0.000ns
---------------------------------------------------------------------------------------------------


Max Delay Paths
--------------------------------------------------------------------------------------
Slack (MET) :             10.791ns  (required time - arrival time)
  Source:                 reset_sync_r_reg[7]/C
                            (rising edge-triggered cell FDCE clocked by gen_pynq_clk_50m.clkout0  {rise@0.000ns fall@10.000ns period=20.000ns})
  Destination:            u_soc/u_cpu/u_regfile/regs_reg[5][16]/CLR
                            (recovery check against rising-edge clock gen_pynq_clk_50m.clkout0  {rise@0.000ns fall@10.000ns period=20.000ns})
  Path Group:             **async_default**
  Path Type:              Recovery (Max at Slow Process Corner)
  Requirement:            20.000ns  (gen_pynq_clk_50m.clkout0 rise@20.000ns - gen_pynq_clk_50m.clkout0 rise@0.000ns)
  Data Path Delay:        8.496ns  (logic 0.704ns (8.286%)  route 7.792ns (91.714%))
  Logic Levels:           2  (LUT4=1 LUT6=1)
  Clock Path Skew:        -0.229ns (DCD - SCD + CPR)
    Destination Clock Delay (DCD):    -1.707ns = ( 18.293 - 20.000 ) 
    Source Clock Delay      (SCD):    -1.011ns
    Clock Pessimism Removal (CPR):    0.466ns
  Clock Uncertainty:      0.079ns  ((TSJ^2 + DJ^2)^1/2) / 2 + PE
    Total System Jitter     (TSJ):    0.071ns
    Discrete Jitter          (DJ):    0.141ns
    Phase Error              (PE):    0.000ns

    Location             Delay type                Incr(ns)  Path(ns)    Netlist Resource(s)
  -------------------------------------------------------------------    -------------------
                         (clock gen_pynq_clk_50m.clkout0 rise edge)
                                                      0.000     0.000 r  
    H16                                               0.000     0.000 r  CLK100MHZ (IN)
                         net (fo=0)                   0.000     0.000    CLK100MHZ
    H16                  IBUF (Prop_ibuf_I_O)         1.451     1.451 r  CLK100MHZ_IBUF_inst/O
                         net (fo=1, routed)           1.285     2.736    CLK100MHZ_IBUF
    MMCME2_ADV_X1Y2      MMCME2_ADV (Prop_mmcme2_adv_CLKIN1_CLKOUT0)
                                                     -7.759    -5.023 r  gen_pynq_clk_50m.u_clk_mmcm/CLKOUT0
                         net (fo=1, routed)           2.206    -2.817    gen_pynq_clk_50m.clkout0
    BUFGCTRL_X0Y16       BUFG (Prop_bufg_I_O)         0.101    -2.716 r  gen_pynq_clk_50m.u_cpu_clk_bufg/O
                         net (fo=2567, routed)        1.705    -1.011    cpu_clk
    SLICE_X88Y77         FDCE                                         r  reset_sync_r_reg[7]/C
  -------------------------------------------------------------------    -------------------
    SLICE_X88Y77         FDCE (Prop_fdce_C_Q)         0.456    -0.555 r  reset_sync_r_reg[7]/Q
                         net (fo=1, routed)           0.801     0.246    u_soc/u_cpu/u_regfile/Q[7]
    SLICE_X87Y77         LUT4 (Prop_lut4_I2_O)        0.124     0.370 f  u_soc/u_cpu/u_regfile/led_OBUF[0]_inst_i_2/O
                         net (fo=2, routed)           0.163     0.532    u_soc/u_cpu/u_regfile/reset_sync_r_reg[5]
    SLICE_X87Y77         LUT6 (Prop_lut6_I5_O)        0.124     0.656 f  u_soc/u_cpu/u_regfile/regs[1][31]_i_3/O
                         net (fo=2489, routed)        6.829     7.485    u_soc/u_cpu/u_regfile/gen_pynq_clk_50m.u_clk_mmcm
    SLICE_X43Y74         FDCE                                         f  u_soc/u_cpu/u_regfile/regs_reg[5][16]/CLR
  -------------------------------------------------------------------    -------------------

                         (clock gen_pynq_clk_50m.clkout0 rise edge)
                                                     20.000    20.000 r  
    H16                                               0.000    20.000 r  CLK100MHZ (IN)
                         net (fo=0)                   0.000    20.000    CLK100MHZ
    H16                  IBUF (Prop_ibuf_I_O)         1.380    21.380 r  CLK100MHZ_IBUF_inst/O
                         net (fo=1, routed)           1.162    22.542    CLK100MHZ_IBUF
    MMCME2_ADV_X1Y2      MMCME2_ADV (Prop_mmcme2_adv_CLKIN1_CLKOUT0)
                                                     -7.814    14.728 r  gen_pynq_clk_50m.u_clk_mmcm/CLKOUT0
                         net (fo=1, routed)           2.012    16.740    gen_pynq_clk_50m.clkout0
    BUFGCTRL_X0Y16       BUFG (Prop_bufg_I_O)         0.091    16.831 r  gen_pynq_clk_50m.u_cpu_clk_bufg/O
                         net (fo=2567, routed)        1.462    18.293    u_soc/u_cpu/u_regfile/cpu_clk
    SLICE_X43Y74         FDCE                                         r  u_soc/u_cpu/u_regfile/regs_reg[5][16]/C
                         clock pessimism              0.466    18.759    
                         clock uncertainty           -0.079    18.680    
    SLICE_X43Y74         FDCE (Recov_fdce_C_CLR)     -0.405    18.275    u_soc/u_cpu/u_regfile/regs_reg[5][16]
  -------------------------------------------------------------------
                         required time                         18.275    
                         arrival time                          -7.485    
  -------------------------------------------------------------------
                         slack                                 10.791    





Min Delay Paths
--------------------------------------------------------------------------------------
Slack (MET) :             0.880ns  (arrival time - required time)
  Source:                 reset_sync_r_reg[0]/C
                            (rising edge-triggered cell FDCE clocked by gen_pynq_clk_50m.clkout0  {rise@0.000ns fall@10.000ns period=20.000ns})
  Destination:            u_soc/u_cpu/u_regfile/regs_reg[13][0]/CLR
                            (removal check against rising-edge clock gen_pynq_clk_50m.clkout0  {rise@0.000ns fall@10.000ns period=20.000ns})
  Path Group:             **async_default**
  Path Type:              Removal (Min at Fast Process Corner)
  Requirement:            0.000ns  (gen_pynq_clk_50m.clkout0 rise@0.000ns - gen_pynq_clk_50m.clkout0 rise@0.000ns)
  Data Path Delay:        0.814ns  (logic 0.209ns (25.661%)  route 0.605ns (74.339%))
  Logic Levels:           1  (LUT6=1)
  Clock Path Skew:        0.026ns (DCD - SCD - CPR)
    Destination Clock Delay (DCD):    -0.907ns
    Source Clock Delay      (SCD):    -0.658ns
    Clock Pessimism Removal (CPR):    -0.274ns

    Location             Delay type                Incr(ns)  Path(ns)    Netlist Resource(s)
  -------------------------------------------------------------------    -------------------
                         (clock gen_pynq_clk_50m.clkout0 rise edge)
                                                      0.000     0.000 r  
    H16                                               0.000     0.000 r  CLK100MHZ (IN)
                         net (fo=0)                   0.000     0.000    CLK100MHZ
    H16                  IBUF (Prop_ibuf_I_O)         0.219     0.219 r  CLK100MHZ_IBUF_inst/O
                         net (fo=1, routed)           0.440     0.659    CLK100MHZ_IBUF
    MMCME2_ADV_X1Y2      MMCME2_ADV (Prop_mmcme2_adv_CLKIN1_CLKOUT0)
                                                     -2.613    -1.954 r  gen_pynq_clk_50m.u_clk_mmcm/CLKOUT0
                         net (fo=1, routed)           0.696    -1.257    gen_pynq_clk_50m.clkout0
    BUFGCTRL_X0Y16       BUFG (Prop_bufg_I_O)         0.026    -1.231 r  gen_pynq_clk_50m.u_cpu_clk_bufg/O
                         net (fo=2567, routed)        0.573    -0.658    cpu_clk
    SLICE_X86Y77         FDCE                                         r  reset_sync_r_reg[0]/C
  -------------------------------------------------------------------    -------------------
    SLICE_X86Y77         FDCE (Prop_fdce_C_Q)         0.164    -0.494 r  reset_sync_r_reg[0]/Q
                         net (fo=3, routed)           0.106    -0.388    u_soc/u_cpu/u_regfile/Q[0]
    SLICE_X87Y77         LUT6 (Prop_lut6_I3_O)        0.045    -0.343 f  u_soc/u_cpu/u_regfile/regs[1][31]_i_3/O
                         net (fo=2489, routed)        0.499     0.156    u_soc/u_cpu/u_regfile/gen_pynq_clk_50m.u_clk_mmcm
    SLICE_X64Y73         FDCE                                         f  u_soc/u_cpu/u_regfile/regs_reg[13][0]/CLR
  -------------------------------------------------------------------    -------------------

                         (clock gen_pynq_clk_50m.clkout0 rise edge)
                                                      0.000     0.000 r  
    H16                                               0.000     0.000 r  CLK100MHZ (IN)
                         net (fo=0)                   0.000     0.000    CLK100MHZ
    H16                  IBUF (Prop_ibuf_I_O)         0.406     0.406 r  CLK100MHZ_IBUF_inst/O
                         net (fo=1, routed)           0.480     0.886    CLK100MHZ_IBUF
    MMCME2_ADV_X1Y2      MMCME2_ADV (Prop_mmcme2_adv_CLKIN1_CLKOUT0)
                                                     -3.407    -2.521 r  gen_pynq_clk_50m.u_clk_mmcm/CLKOUT0
                         net (fo=1, routed)           0.752    -1.769    gen_pynq_clk_50m.clkout0
    BUFGCTRL_X0Y16       BUFG (Prop_bufg_I_O)         0.029    -1.740 r  gen_pynq_clk_50m.u_cpu_clk_bufg/O
                         net (fo=2567, routed)        0.833    -0.907    u_soc/u_cpu/u_regfile/cpu_clk
    SLICE_X64Y73         FDCE                                         r  u_soc/u_cpu/u_regfile/regs_reg[13][0]/C
                         clock pessimism              0.274    -0.632    
    SLICE_X64Y73         FDCE (Remov_fdce_C_CLR)     -0.092    -0.724    u_soc/u_cpu/u_regfile/regs_reg[13][0]
  -------------------------------------------------------------------
                         required time                          0.724    
                         arrival time                           0.156    
  -------------------------------------------------------------------
                         slack                                  0.880    





