Copyright 1986-2022 Xilinx, Inc. All Rights Reserved. Copyright 2022-2025 Advanced Micro Devices, Inc. All Rights Reserved.
---------------------------------------------------------------------------------------------------------------------------------------------
| Tool Version : Vivado v.2025.2 (win64) Build 6299465 Fri Nov 14 19:35:11 GMT 2025
| Date         : Mon Jun  8 17:30:49 2026
| Host         : Toylog_desktop running 64-bit major release  (build 9200)
| Command      : report_timing_summary -file V:/project/reports/pynq_z2_sysclk_8p000ns_cpu50/impl_timing_summary.rpt
| Design       : YH_rv_cpu_fpga_top
| Device       : 7z020-clg400
| Speed File   : -1  PRODUCTION 1.12 2019-11-22
| Design State : Physopt postRoute
---------------------------------------------------------------------------------------------------------------------------------------------

Timing Summary Report

------------------------------------------------------------------------------------------------
| Timer Settings
| --------------
------------------------------------------------------------------------------------------------

  Enable Multi Corner Analysis               :  Yes
  Enable Pessimism Removal                   :  Yes
  Pessimism Removal Resolution               :  Nearest Common Node
  Enable Input Delay Default Clock           :  No
  Enable Preset / Clear Arcs                 :  No
  Disable Flight Delays                      :  No
  Ignore I/O Paths                           :  No
  Timing Early Launch at Borrowing Latches   :  No
  Borrow Time for Max Delay Exceptions       :  Yes
  Merge Timing Exceptions                    :  Yes
  Inter-SLR Compensation                     :  Conservative

  Corner  Analyze    Analyze    
  Name    Max Paths  Min Paths  
  ------  ---------  ---------  
  Slow    Yes        Yes        
  Fast    Yes        Yes        


------------------------------------------------------------------------------------------------
| Report Methodology
| ------------------
------------------------------------------------------------------------------------------------

No report available as report_methodology has not been run prior. Run report_methodology on the current design for the summary of methodology violations.



check_timing report

Table of Contents
-----------------
1. checking no_clock (0)
2. checking constant_clock (0)
3. checking pulse_width_clock (0)
4. checking unconstrained_internal_endpoints (0)
5. checking no_input_delay (1)
6. checking no_output_delay (4)
7. checking multiple_clock (0)
8. checking generated_clocks (0)
9. checking loops (0)
10. checking partial_input_delay (0)
11. checking partial_output_delay (0)
12. checking latch_loops (0)

1. checking no_clock (0)
------------------------
 There are 0 register/latch pins with no clock.


2. checking constant_clock (0)
------------------------------
 There are 0 register/latch pins with constant_clock.


3. checking pulse_width_clock (0)
---------------------------------
 There are 0 register/latch pins which need pulse_width check


4. checking unconstrained_internal_endpoints (0)
------------------------------------------------
 There are 0 pins that are not constrained for maximum delay.

 There are 0 pins that are not constrained for maximum delay due to constant clock.


5. checking no_input_delay (1)
------------------------------
 There is 1 input port with no input delay specified. (HIGH)

 There are 0 input ports with no input delay but user has a false path constraint.


6. checking no_output_delay (4)
-------------------------------
 There are 4 ports with no output delay specified. (HIGH)

 There are 0 ports with no output delay but user has a false path constraint

 There are 0 ports with no output delay but with a timing clock defined on it or propagating through it


7. checking multiple_clock (0)
------------------------------
 There are 0 register/latch pins with multiple clocks.


8. checking generated_clocks (0)
--------------------------------
 There are 0 generated clocks that are not connected to a clock source.


9. checking loops (0)
---------------------
 There are 0 combinational loops in the design.


10. checking partial_input_delay (0)
------------------------------------
 There are 0 input ports with partial input delay specified.


11. checking partial_output_delay (0)
-------------------------------------
 There are 0 ports with partial output delay specified.


12. checking latch_loops (0)
----------------------------
 There are 0 combinational latch loops in the design through latch input



------------------------------------------------------------------------------------------------
| Design Timing Summary
| ---------------------
------------------------------------------------------------------------------------------------

    WNS(ns)      TNS(ns)  TNS Failing Endpoints  TNS Total Endpoints      WHS(ns)      THS(ns)  THS Failing Endpoints  THS Total Endpoints     WPWS(ns)     TPWS(ns)  TPWS Failing Endpoints  TPWS Total Endpoints  
    -------      -------  ---------------------  -------------------      -------      -------  ---------------------  -------------------     --------     --------  ----------------------  --------------------  
     -5.800   -18015.188                   3967                27484        0.061        0.000                      0                27484        2.000        0.000                       0                  5790  


Timing constraints are not met.


------------------------------------------------------------------------------------------------
| Clock Summary
| -------------
------------------------------------------------------------------------------------------------

Clock                       Waveform(ns)         Period(ns)      Frequency(MHz)
-----                       ------------         ----------      --------------
pynq_sys_clk                {0.000 4.000}        8.000           125.000         
  gen_pynq_clk_50m.clkfb    {0.000 4.000}        8.000           125.000         
  gen_pynq_clk_50m.clkout0  {0.000 10.000}       20.000          50.000          


------------------------------------------------------------------------------------------------
| Intra Clock Table
| -----------------
------------------------------------------------------------------------------------------------

Clock                           WNS(ns)      TNS(ns)  TNS Failing Endpoints  TNS Total Endpoints      WHS(ns)      THS(ns)  THS Failing Endpoints  THS Total Endpoints     WPWS(ns)     TPWS(ns)  TPWS Failing Endpoints  TPWS Total Endpoints  
-----                           -------      -------  ---------------------  -------------------      -------      -------  ---------------------  -------------------     --------     --------  ----------------------  --------------------  
pynq_sys_clk                                                                                                                                                                  2.000        0.000                       0                     1  
  gen_pynq_clk_50m.clkfb                                                                                                                                                      5.845        0.000                       0                     3  
  gen_pynq_clk_50m.clkout0       -5.800   -18015.188                   3967                24123        0.061        0.000                      0                24123        8.750        0.000                       0                  5786  


------------------------------------------------------------------------------------------------
| Inter Clock Table
| -----------------
------------------------------------------------------------------------------------------------

From Clock    To Clock          WNS(ns)      TNS(ns)  TNS Failing Endpoints  TNS Total Endpoints      WHS(ns)      THS(ns)  THS Failing Endpoints  THS Total Endpoints  
----------    --------          -------      -------  ---------------------  -------------------      -------      -------  ---------------------  -------------------  


------------------------------------------------------------------------------------------------
| Other Path Groups Table
| -----------------------
------------------------------------------------------------------------------------------------

Path Group                From Clock                To Clock                      WNS(ns)      TNS(ns)  TNS Failing Endpoints  TNS Total Endpoints      WHS(ns)      THS(ns)  THS Failing Endpoints  THS Total Endpoints  
----------                ----------                --------                      -------      -------  ---------------------  -------------------      -------      -------  ---------------------  -------------------  
**async_default**         gen_pynq_clk_50m.clkout0  gen_pynq_clk_50m.clkout0        9.269        0.000                      0                 3361        0.667        0.000                      0                 3361  


------------------------------------------------------------------------------------------------
| Timing Details
| --------------
------------------------------------------------------------------------------------------------


---------------------------------------------------------------------------------------------------
From Clock:  pynq_sys_clk
  To Clock:  pynq_sys_clk

Setup :           NA  Failing Endpoints,  Worst Slack           NA  ,  Total Violation           NA
Hold  :           NA  Failing Endpoints,  Worst Slack           NA  ,  Total Violation           NA
PW    :            0  Failing Endpoints,  Worst Slack        2.000ns,  Total Violation        0.000ns
---------------------------------------------------------------------------------------------------


Pulse Width Checks
--------------------------------------------------------------------------------------
Clock Name:         pynq_sys_clk
Waveform(ns):       { 0.000 4.000 }
Period(ns):         8.000
Sources:            { CLK100MHZ }

Check Type        Corner  Lib Pin            Reference Pin  Required(ns)  Actual(ns)  Slack(ns)  Location         Pin
Min Period        n/a     MMCME2_ADV/CLKIN1  n/a            1.249         8.000       6.751      MMCME2_ADV_X1Y2  gen_pynq_clk_50m.u_clk_mmcm/CLKIN1
Max Period        n/a     MMCME2_ADV/CLKIN1  n/a            100.000       8.000       92.000     MMCME2_ADV_X1Y2  gen_pynq_clk_50m.u_clk_mmcm/CLKIN1
Low Pulse Width   Slow    MMCME2_ADV/CLKIN1  n/a            2.000         4.000       2.000      MMCME2_ADV_X1Y2  gen_pynq_clk_50m.u_clk_mmcm/CLKIN1
High Pulse Width  Slow    MMCME2_ADV/CLKIN1  n/a            2.000         4.000       2.000      MMCME2_ADV_X1Y2  gen_pynq_clk_50m.u_clk_mmcm/CLKIN1



---------------------------------------------------------------------------------------------------
From Clock:  gen_pynq_clk_50m.clkfb
  To Clock:  gen_pynq_clk_50m.clkfb

Setup :           NA  Failing Endpoints,  Worst Slack           NA  ,  Total Violation           NA
Hold  :           NA  Failing Endpoints,  Worst Slack           NA  ,  Total Violation           NA
PW    :            0  Failing Endpoints,  Worst Slack        5.845ns,  Total Violation        0.000ns
---------------------------------------------------------------------------------------------------


Pulse Width Checks
--------------------------------------------------------------------------------------
Clock Name:         gen_pynq_clk_50m.clkfb
Waveform(ns):       { 0.000 4.000 }
Period(ns):         8.000
Sources:            { gen_pynq_clk_50m.u_clk_mmcm/CLKFBOUT }

Check Type  Corner  Lib Pin             Reference Pin  Required(ns)  Actual(ns)  Slack(ns)  Location         Pin
Min Period  n/a     BUFG/I              n/a            2.155         8.000       5.845      BUFGCTRL_X0Y17   gen_pynq_clk_50m.u_clkfb_bufg/I
Max Period  n/a     MMCME2_ADV/CLKFBIN  n/a            100.000       8.000       92.000     MMCME2_ADV_X1Y2  gen_pynq_clk_50m.u_clk_mmcm/CLKFBIN



---------------------------------------------------------------------------------------------------
From Clock:  gen_pynq_clk_50m.clkout0
  To Clock:  gen_pynq_clk_50m.clkout0

Setup :         3967  Failing Endpoints,  Worst Slack       -5.800ns,  Total Violation   -18015.187ns
Hold  :            0  Failing Endpoints,  Worst Slack        0.061ns,  Total Violation        0.000ns
PW    :            0  Failing Endpoints,  Worst Slack        8.750ns,  Total Violation        0.000ns
---------------------------------------------------------------------------------------------------


Max Delay Paths
--------------------------------------------------------------------------------------
Slack (VIOLATED) :        -5.800ns  (required time - arrival time)
  Source:                 u_soc/g_shared_sync_rom.u_sync_rom/imem_rdata_r_reg_5/CLKBWRCLK
                            (rising edge-triggered cell RAMB36E1 clocked by gen_pynq_clk_50m.clkout0  {rise@0.000ns fall@10.000ns period=20.000ns})
  Destination:            u_soc/u_cpu/if_id_instruction_r_reg[8]/D
                            (rising edge-triggered cell FDCE clocked by gen_pynq_clk_50m.clkout0  {rise@0.000ns fall@10.000ns period=20.000ns})
  Path Group:             gen_pynq_clk_50m.clkout0
  Path Type:              Setup (Max at Slow Process Corner)
  Requirement:            20.000ns  (gen_pynq_clk_50m.clkout0 rise@20.000ns - gen_pynq_clk_50m.clkout0 rise@0.000ns)
  Data Path Delay:        25.589ns  (logic 7.637ns (29.845%)  route 17.952ns (70.155%))
  Logic Levels:           32  (CARRY4=5 LUT2=1 LUT3=3 LUT4=1 LUT5=4 LUT6=15 MUXF7=1 MUXF8=1 RAMD64E=1)
  Clock Path Skew:        -0.088ns (DCD - SCD + CPR)
    Destination Clock Delay (DCD):    -1.398ns = ( 18.602 - 20.000 ) 
    Source Clock Delay      (SCD):    -0.719ns
    Clock Pessimism Removal (CPR):    0.591ns
  Clock Uncertainty:      0.079ns  ((TSJ^2 + DJ^2)^1/2) / 2 + PE
    Total System Jitter     (TSJ):    0.071ns
    Discrete Jitter          (DJ):    0.141ns
    Phase Error              (PE):    0.000ns

    Location             Delay type                Incr(ns)  Path(ns)    Netlist Resource(s)
  -------------------------------------------------------------------    -------------------
                         (clock gen_pynq_clk_50m.clkout0 rise edge)
                                                      0.000     0.000 r  
    H16                                               0.000     0.000 r  CLK100MHZ (IN)
                         net (fo=0)                   0.000     0.000    CLK100MHZ
    H16                  IBUF (Prop_ibuf_I_O)         1.451     1.451 r  CLK100MHZ_IBUF_inst/O
                         net (fo=1, routed)           1.285     2.736    CLK100MHZ_IBUF
    MMCME2_ADV_X1Y2      MMCME2_ADV (Prop_mmcme2_adv_CLKIN1_CLKOUT0)
                                                     -7.759    -5.023 r  gen_pynq_clk_50m.u_clk_mmcm/CLKOUT0
                         net (fo=1, routed)           2.206    -2.817    gen_pynq_clk_50m.clkout0
    BUFGCTRL_X0Y31       BUFG (Prop_bufg_I_O)         0.101    -2.716 r  gen_pynq_clk_50m.u_cpu_clk_bufg_replica/O
                         net (fo=7, routed)           0.161    -2.555    cpu_clk_repN
    BUFGCTRL_X0Y16       BUFG (Prop_bufg_I_O)         0.101    -2.454 r  gen_pynq_clk_50m.u_cpu_clk_bufg/O
                         net (fo=5777, routed)        1.735    -0.719    u_soc/g_shared_sync_rom.u_sync_rom/cpu_clk
    RAMB36_X3Y15         RAMB36E1                                     r  u_soc/g_shared_sync_rom.u_sync_rom/imem_rdata_r_reg_5/CLKBWRCLK
  -------------------------------------------------------------------    -------------------
    RAMB36_X3Y15         RAMB36E1 (Prop_ramb36e1_CLKBWRCLK_DOBDO[0])
                                                      2.454     1.735 f  u_soc/g_shared_sync_rom.u_sync_rom/imem_rdata_r_reg_5/DOBDO[0]
                         net (fo=1, routed)           1.722     3.457    u_soc/sync_shared_rom_read_data[10]
    SLICE_X83Y96         LUT4 (Prop_lut4_I0_O)        0.124     3.581 f  u_soc/mem_wb_load_data_r[2]_i_6/O
                         net (fo=2, routed)           0.810     4.390    u_soc/u_dmem_ram/mem_wb_load_data_r_reg[2]_2
    SLICE_X91Y98         LUT5 (Prop_lut5_I4_O)        0.124     4.514 f  u_soc/u_dmem_ram/mem_wb_load_data_r[2]_i_2_replica/O
                         net (fo=1, routed)           0.151     4.666    u_soc/g_shared_sync_rom.u_sync_rom/ex_mem_mem_addr_r_reg[1]_6_repN_alias
    SLICE_X91Y98         LUT3 (Prop_lut3_I2_O)        0.124     4.790 f  u_soc/g_shared_sync_rom.u_sync_rom/mem_wb_load_data_r[10]_i_2/O
                         net (fo=2, routed)           0.628     5.418    u_soc/u_cpu/u_ex_stage/u_alu/ex_mem_store_data_r[10]_i_3
    SLICE_X90Y105        LUT6 (Prop_lut6_I1_O)        0.124     5.542 r  u_soc/u_cpu/u_ex_stage/u_alu/x_result_th_mula0_i_143/O
                         net (fo=5, routed)           0.417     5.959    u_soc/u_cpu/u_ex_stage/u_alu/ex_mem_mem_size_r_reg[0]_5
    SLICE_X91Y105        LUT5 (Prop_lut5_I2_O)        0.124     6.083 f  u_soc/u_cpu/u_ex_stage/u_alu/x_result_th_mula0_i_54/O
                         net (fo=9, routed)           0.772     6.855    u_soc/u_cpu/u_ex_stage_n_218
    SLICE_X91Y109        LUT3 (Prop_lut3_I0_O)        0.124     6.979 f  u_soc/u_cpu/id_ex_branch_predict_pc_r[15]_i_65/O
                         net (fo=12, routed)          1.059     8.037    u_soc/u_cpu/id_ex_branch_predict_pc_r[15]_i_65_n_0
    SLICE_X89Y108        LUT6 (Prop_lut6_I4_O)        0.124     8.161 f  u_soc/u_cpu/redirect_cache_instruction_r_reg_r1_0_63_0_2_i_265_rewire/O
                         net (fo=1, routed)           0.264     8.426    u_soc/u_cpu/redirect_cache_instruction_r_reg_r1_0_63_0_2_i_265_n_0
    SLICE_X89Y108        LUT6 (Prop_lut6_I5_O)        0.124     8.550 f  u_soc/u_cpu/redirect_cache_instruction_r_reg_r1_0_63_0_2_i_239/O
                         net (fo=1, routed)           0.298     8.848    u_soc/u_cpu/redirect_cache_instruction_r_reg_r1_0_63_0_2_i_239_n_0
    SLICE_X86Y108        LUT6 (Prop_lut6_I1_O)        0.124     8.972 r  u_soc/u_cpu/redirect_cache_instruction_r_reg_r1_0_63_0_2_i_182/O
                         net (fo=3, routed)           0.421     9.393    u_soc/u_cpu/redirect_cache_instruction_r_reg_r1_0_63_0_2_i_182_n_0
    SLICE_X89Y107        LUT2 (Prop_lut2_I0_O)        0.124     9.517 r  u_soc/u_cpu/redirect_cache_instruction_r_reg_r1_0_63_0_2_i_126_replica/O
                         net (fo=9, routed)           0.880    10.397    u_soc/u_cpu/redirect_cache_instruction_r_reg_r1_0_63_0_2_i_126_n_0_repN
    SLICE_X67Y115        LUT6 (Prop_lut6_I4_O)        0.124    10.521 r  u_soc/u_cpu/id_ex_branch_predict_pc_r[15]_i_82/O
                         net (fo=1, routed)           0.476    10.998    u_soc/u_cpu/id_ex_branch_predict_pc_r[15]_i_82_n_0
    SLICE_X65Y115        LUT5 (Prop_lut5_I1_O)        0.124    11.122 r  u_soc/u_cpu/id_ex_branch_predict_pc_r[15]_i_53/O
                         net (fo=2, routed)           0.593    11.715    u_soc/u_cpu/id_ex_branch_predict_pc_r[15]_i_53_n_0
    SLICE_X63Y115        LUT6 (Prop_lut6_I5_O)        0.124    11.839 f  u_soc/u_cpu/id_ex_branch_predict_pc_r[15]_i_29/O
                         net (fo=1, routed)           0.442    12.281    u_soc/u_cpu/u_regfile/id_ex_branch_predict_pc_r[15]_i_9_1
    SLICE_X64Y114        LUT5 (Prop_lut5_I0_O)        0.124    12.405 f  u_soc/u_cpu/u_regfile/fetch_req_epoch_r_bret__2_i_54/O
                         net (fo=4, routed)           0.661    13.066    u_soc/u_cpu/u_regfile/fetch_req_epoch_r_bret__2_i_54_n_0
    SLICE_X65Y108        LUT6 (Prop_lut6_I2_O)        0.124    13.190 r  u_soc/u_cpu/u_regfile/id_ex_branch_predict_taken_r_i_44_comp/O
                         net (fo=2, routed)           0.363    13.554    u_soc/u_cpu/u_regfile/id_ex_branch_predict_taken_r_i_44_n_0
    SLICE_X63Y108        CARRY4 (Prop_carry4_DI[3]_CO[3])
                                                      0.385    13.939 r  u_soc/u_cpu/u_regfile/id_ex_branch_predict_taken_r_reg_i_35/CO[3]
                         net (fo=1, routed)           0.000    13.939    u_soc/u_cpu/u_regfile/id_ex_branch_predict_taken_r_reg_i_35_n_0
    SLICE_X63Y109        CARRY4 (Prop_carry4_CI_CO[3])
                                                      0.114    14.053 r  u_soc/u_cpu/u_regfile/id_ex_branch_predict_taken_r_reg_i_17/CO[3]
                         net (fo=1, routed)           0.000    14.053    u_soc/u_cpu/u_regfile/id_ex_branch_predict_taken_r_reg_i_17_n_0
    SLICE_X63Y110        CARRY4 (Prop_carry4_CI_CO[3])
                                                      0.114    14.167 r  u_soc/u_cpu/u_regfile/id_ex_branch_predict_taken_r_reg_i_7/CO[3]
                         net (fo=2, routed)           0.869    15.035    u_soc/u_cpu/u_regfile/id_branch_decode_ltu
    SLICE_X57Y110        LUT6 (Prop_lut6_I1_O)        0.124    15.159 f  u_soc/u_cpu/u_regfile/fetch_req_epoch_r_bret__2_i_7/O
                         net (fo=1, routed)           0.720    15.880    u_soc/u_cpu/u_regfile/fetch_req_epoch_r_bret__2_i_7_n_0
    SLICE_X53Y103        LUT6 (Prop_lut6_I1_O)        0.124    16.004 r  u_soc/u_cpu/u_regfile/fetch_req_epoch_r_bret__2_i_2/O
                         net (fo=4, routed)           0.164    16.168    u_soc/u_cpu/u_regfile/fetch_req_epoch_r_bret__2_i_2_n_0
    SLICE_X53Y103        LUT6 (Prop_lut6_I1_O)        0.124    16.292 r  u_soc/u_cpu/u_regfile/fetch_req_epoch_r_bret__2_i_1/O
                         net (fo=200, routed)         0.694    16.985    u_soc/u_cpu/u_regfile/if_id_instruction_r_reg[12]
    SLICE_X55Y101        LUT3 (Prop_lut3_I2_O)        0.124    17.109 r  u_soc/u_cpu/u_regfile/redirect_cache_pc_r_reg_r1_0_63_0_2_i_9/O
                         net (fo=120, routed)         1.625    18.734    u_soc/u_cpu/redirect_cache_pc_r_reg_r1_832_895_3_5/ADDRC0
    SLICE_X54Y94         RAMD64E (Prop_ramd64e_RADR0_O)
                                                      0.124    18.858 r  u_soc/u_cpu/redirect_cache_pc_r_reg_r1_832_895_3_5/RAMC/O
                         net (fo=1, routed)           0.996    19.854    u_soc/u_cpu/u_regfile/fetch_valid_r_reg_bret_i_350_6
    SLICE_X53Y97         LUT6 (Prop_lut6_I3_O)        0.124    19.978 r  u_soc/u_cpu/u_regfile/fetch_valid_r_bret_i_484/O
                         net (fo=1, routed)           0.000    19.978    u_soc/u_cpu/u_regfile/fetch_valid_r_bret_i_484_n_0
    SLICE_X53Y97         MUXF7 (Prop_muxf7_I1_O)      0.217    20.195 r  u_soc/u_cpu/u_regfile/fetch_valid_r_reg_bret_i_350/O
                         net (fo=1, routed)           0.000    20.195    u_soc/u_cpu/u_regfile/fetch_valid_r_reg_bret_i_350_n_0
    SLICE_X53Y97         MUXF8 (Prop_muxf8_I1_O)      0.094    20.289 r  u_soc/u_cpu/u_regfile/fetch_valid_r_reg_bret_i_152/O
                         net (fo=1, routed)           0.849    21.138    u_soc/u_cpu/u_regfile/regular_cache_hit1[5]
    SLICE_X53Y90         LUT6 (Prop_lut6_I2_O)        0.316    21.454 r  u_soc/u_cpu/u_regfile/fetch_valid_r_bret_i_62/O
                         net (fo=1, routed)           0.000    21.454    u_soc/u_cpu/u_regfile/fetch_valid_r_bret_i_62_n_0
    SLICE_X53Y90         CARRY4 (Prop_carry4_S[1]_CO[3])
                                                      0.550    22.004 r  u_soc/u_cpu/u_regfile/fetch_valid_r_reg_bret_i_20/CO[3]
                         net (fo=1, routed)           0.000    22.004    u_soc/u_cpu/u_regfile/fetch_valid_r_reg_bret_i_20_n_0
    SLICE_X53Y91         CARRY4 (Prop_carry4_CI_CO[2])
                                                      0.228    22.232 r  u_soc/u_cpu/u_regfile/fetch_valid_r_reg_bret_i_9/CO[2]
                         net (fo=2, routed)           0.666    22.898    u_soc/u_cpu/u_regfile/regular_cache_hit0
    SLICE_X52Y90         LUT6 (Prop_lut6_I0_O)        0.313    23.211 f  u_soc/u_cpu/u_regfile/fetch_valid_r_bret_i_4/O
                         net (fo=4, routed)           0.334    23.545    u_soc/u_cpu/u_regfile/fetch_valid_r_bret_i_4_n_0
    SLICE_X52Y89         LUT6 (Prop_lut6_I1_O)        0.124    23.669 r  u_soc/u_cpu/u_regfile/if_id_valid_r_bret__1_i_1/O
                         net (fo=71, routed)          0.887    24.556    u_soc/u_cpu/u_regfile/fetch_buf1_valid_r_reg_3
    SLICE_X57Y87         LUT6 (Prop_lut6_I3_O)        0.124    24.680 r  u_soc/u_cpu/u_regfile/if_id_instruction_r[8]_i_1_comp/O
                         net (fo=1, routed)           0.190    24.870    u_soc/u_cpu/if_id_next_instruction[8]
    SLICE_X56Y87         FDCE                                         r  u_soc/u_cpu/if_id_instruction_r_reg[8]/D
  -------------------------------------------------------------------    -------------------

                         (clock gen_pynq_clk_50m.clkout0 rise edge)
                                                     20.000    20.000 r  
    H16                                               0.000    20.000 r  CLK100MHZ (IN)
                         net (fo=0)                   0.000    20.000    CLK100MHZ
    H16                  IBUF (Prop_ibuf_I_O)         1.380    21.380 r  CLK100MHZ_IBUF_inst/O
                         net (fo=1, routed)           1.162    22.542    CLK100MHZ_IBUF
    MMCME2_ADV_X1Y2      MMCME2_ADV (Prop_mmcme2_adv_CLKIN1_CLKOUT0)
                                                     -7.814    14.728 r  gen_pynq_clk_50m.u_clk_mmcm/CLKOUT0
                         net (fo=1, routed)           2.012    16.740    gen_pynq_clk_50m.clkout0
    BUFGCTRL_X0Y31       BUFG (Prop_bufg_I_O)         0.091    16.831 r  gen_pynq_clk_50m.u_cpu_clk_bufg_replica/O
                         net (fo=7, routed)           0.147    16.978    cpu_clk_repN
    BUFGCTRL_X0Y16       BUFG (Prop_bufg_I_O)         0.091    17.069 r  gen_pynq_clk_50m.u_cpu_clk_bufg/O
                         net (fo=5777, routed)        1.533    18.602    u_soc/u_cpu/cpu_clk
    SLICE_X56Y87         FDCE                                         r  u_soc/u_cpu/if_id_instruction_r_reg[8]/C
                         clock pessimism              0.591    19.193    
                         clock uncertainty           -0.079    19.114    
    SLICE_X56Y87         FDCE (Setup_fdce_C_D)       -0.043    19.071    u_soc/u_cpu/if_id_instruction_r_reg[8]
  -------------------------------------------------------------------
                         required time                         19.071    
                         arrival time                         -24.870    
  -------------------------------------------------------------------
                         slack                                 -5.800    





Min Delay Paths
--------------------------------------------------------------------------------------
Slack (MET) :             0.061ns  (arrival time - required time)
  Source:                 u_soc/u_cpu/mem_wb_base_update_addr_r_reg[1]_rep/C
                            (rising edge-triggered cell FDCE clocked by gen_pynq_clk_50m.clkout0  {rise@0.000ns fall@10.000ns period=20.000ns})
  Destination:            u_soc/u_cpu/u_regfile/regs_reg[18][10]/D
                            (rising edge-triggered cell FDCE clocked by gen_pynq_clk_50m.clkout0  {rise@0.000ns fall@10.000ns period=20.000ns})
  Path Group:             gen_pynq_clk_50m.clkout0
  Path Type:              Hold (Min at Fast Process Corner)
  Requirement:            0.000ns  (gen_pynq_clk_50m.clkout0 rise@0.000ns - gen_pynq_clk_50m.clkout0 rise@0.000ns)
  Data Path Delay:        0.409ns  (logic 0.186ns (45.518%)  route 0.223ns (54.482%))
  Logic Levels:           1  (LUT6=1)
  Clock Path Skew:        0.256ns (DCD - SCD - CPR)
    Destination Clock Delay (DCD):    -0.775ns
    Source Clock Delay      (SCD):    -0.538ns
    Clock Pessimism Removal (CPR):    -0.493ns

    Location             Delay type                Incr(ns)  Path(ns)    Netlist Resource(s)
  -------------------------------------------------------------------    -------------------
                         (clock gen_pynq_clk_50m.clkout0 rise edge)
                                                      0.000     0.000 r  
    H16                                               0.000     0.000 r  CLK100MHZ (IN)
                         net (fo=0)                   0.000     0.000    CLK100MHZ
    H16                  IBUF (Prop_ibuf_I_O)         0.219     0.219 r  CLK100MHZ_IBUF_inst/O
                         net (fo=1, routed)           0.440     0.659    CLK100MHZ_IBUF
    MMCME2_ADV_X1Y2      MMCME2_ADV (Prop_mmcme2_adv_CLKIN1_CLKOUT0)
                                                     -2.613    -1.954 r  gen_pynq_clk_50m.u_clk_mmcm/CLKOUT0
                         net (fo=1, routed)           0.696    -1.257    gen_pynq_clk_50m.clkout0
    BUFGCTRL_X0Y31       BUFG (Prop_bufg_I_O)         0.026    -1.231 r  gen_pynq_clk_50m.u_cpu_clk_bufg_replica/O
                         net (fo=7, routed)           0.042    -1.189    cpu_clk_repN
    BUFGCTRL_X0Y16       BUFG (Prop_bufg_I_O)         0.026    -1.163 r  gen_pynq_clk_50m.u_cpu_clk_bufg/O
                         net (fo=5777, routed)        0.625    -0.538    u_soc/u_cpu/cpu_clk
    SLICE_X49Y123        FDCE                                         r  u_soc/u_cpu/mem_wb_base_update_addr_r_reg[1]_rep/C
  -------------------------------------------------------------------    -------------------
    SLICE_X49Y123        FDCE (Prop_fdce_C_Q)         0.141    -0.397 r  u_soc/u_cpu/mem_wb_base_update_addr_r_reg[1]_rep/Q
                         net (fo=97, routed)          0.223    -0.174    u_soc/u_cpu/u_regfile/regs_reg[16][0]_0
    SLICE_X51Y124        LUT6 (Prop_lut6_I3_O)        0.045    -0.129 r  u_soc/u_cpu/u_regfile/regs[18][10]_i_1/O
                         net (fo=1, routed)           0.000    -0.129    u_soc/u_cpu/u_regfile/regs[18][10]_i_1_n_0
    SLICE_X51Y124        FDCE                                         r  u_soc/u_cpu/u_regfile/regs_reg[18][10]/D
  -------------------------------------------------------------------    -------------------

                         (clock gen_pynq_clk_50m.clkout0 rise edge)
                                                      0.000     0.000 r  
    H16                                               0.000     0.000 r  CLK100MHZ (IN)
                         net (fo=0)                   0.000     0.000    CLK100MHZ
    H16                  IBUF (Prop_ibuf_I_O)         0.406     0.406 r  CLK100MHZ_IBUF_inst/O
                         net (fo=1, routed)           0.480     0.886    CLK100MHZ_IBUF
    MMCME2_ADV_X1Y2      MMCME2_ADV (Prop_mmcme2_adv_CLKIN1_CLKOUT0)
                                                     -3.407    -2.521 r  gen_pynq_clk_50m.u_clk_mmcm/CLKOUT0
                         net (fo=1, routed)           0.752    -1.769    gen_pynq_clk_50m.clkout0
    BUFGCTRL_X0Y31       BUFG (Prop_bufg_I_O)         0.029    -1.740 r  gen_pynq_clk_50m.u_cpu_clk_bufg_replica/O
                         net (fo=7, routed)           0.046    -1.694    cpu_clk_repN
    BUFGCTRL_X0Y16       BUFG (Prop_bufg_I_O)         0.029    -1.665 r  gen_pynq_clk_50m.u_cpu_clk_bufg/O
                         net (fo=5777, routed)        0.890    -0.775    u_soc/u_cpu/u_regfile/cpu_clk
    SLICE_X51Y124        FDCE                                         r  u_soc/u_cpu/u_regfile/regs_reg[18][10]/C
                         clock pessimism              0.493    -0.282    
    SLICE_X51Y124        FDCE (Hold_fdce_C_D)         0.091    -0.191    u_soc/u_cpu/u_regfile/regs_reg[18][10]
  -------------------------------------------------------------------
                         required time                          0.191    
                         arrival time                          -0.129    
  -------------------------------------------------------------------
                         slack                                  0.061    





Pulse Width Checks
--------------------------------------------------------------------------------------
Clock Name:         gen_pynq_clk_50m.clkout0
Waveform(ns):       { 0.000 10.000 }
Period(ns):         20.000
Sources:            { gen_pynq_clk_50m.u_clk_mmcm/CLKOUT0 }

Check Type        Corner  Lib Pin             Reference Pin  Required(ns)  Actual(ns)  Slack(ns)  Location         Pin
Min Period        n/a     RAMB36E1/CLKARDCLK  n/a            2.944         20.000      17.056     RAMB36_X4Y19     u_soc/u_dmem_ram/g_sync_ram.g_posedge_read.ram_mem_reg_0/CLKARDCLK
Max Period        n/a     MMCME2_ADV/CLKOUT0  n/a            213.360       20.000      193.360    MMCME2_ADV_X1Y2  gen_pynq_clk_50m.u_clk_mmcm/CLKOUT0
Low Pulse Width   Slow    RAMD64E/CLK         n/a            1.250         10.000      8.750      SLICE_X46Y118    u_soc/u_cpu/redirect_cache_instruction_r_reg_r1_0_63_0_2/RAMA/CLK
High Pulse Width  Slow    RAMD64E/CLK         n/a            1.250         10.000      8.750      SLICE_X46Y118    u_soc/u_cpu/redirect_cache_instruction_r_reg_r1_0_63_0_2/RAMA/CLK



---------------------------------------------------------------------------------------------------
Path Group:  **async_default**
From Clock:  gen_pynq_clk_50m.clkout0
  To Clock:  gen_pynq_clk_50m.clkout0

Setup :            0  Failing Endpoints,  Worst Slack        9.269ns,  Total Violation        0.000ns
Hold  :            0  Failing Endpoints,  Worst Slack        0.667ns,  Total Violation        0.000ns
---------------------------------------------------------------------------------------------------


Max Delay Paths
--------------------------------------------------------------------------------------
Slack (MET) :             9.269ns  (required time - arrival time)
  Source:                 reset_sync_r_reg[2]/C
                            (rising edge-triggered cell FDCE clocked by gen_pynq_clk_50m.clkout0  {rise@0.000ns fall@10.000ns period=20.000ns})
  Destination:            u_soc/u_cpu/u_regfile/regs_reg[24][19]/CLR
                            (recovery check against rising-edge clock gen_pynq_clk_50m.clkout0  {rise@0.000ns fall@10.000ns period=20.000ns})
  Path Group:             **async_default**
  Path Type:              Recovery (Max at Slow Process Corner)
  Requirement:            20.000ns  (gen_pynq_clk_50m.clkout0 rise@20.000ns - gen_pynq_clk_50m.clkout0 rise@0.000ns)
  Data Path Delay:        10.124ns  (logic 0.766ns (7.566%)  route 9.358ns (92.434%))
  Logic Levels:           2  (LUT1=1 LUT6=1)
  Clock Path Skew:        -0.123ns (DCD - SCD + CPR)
    Destination Clock Delay (DCD):    -1.213ns = ( 18.787 - 20.000 ) 
    Source Clock Delay      (SCD):    -0.481ns
    Clock Pessimism Removal (CPR):    0.608ns
  Clock Uncertainty:      0.079ns  ((TSJ^2 + DJ^2)^1/2) / 2 + PE
    Total System Jitter     (TSJ):    0.071ns
    Discrete Jitter          (DJ):    0.141ns
    Phase Error              (PE):    0.000ns

    Location             Delay type                Incr(ns)  Path(ns)    Netlist Resource(s)
  -------------------------------------------------------------------    -------------------
                         (clock gen_pynq_clk_50m.clkout0 rise edge)
                                                      0.000     0.000 r  
    H16                                               0.000     0.000 r  CLK100MHZ (IN)
                         net (fo=0)                   0.000     0.000    CLK100MHZ
    H16                  IBUF (Prop_ibuf_I_O)         1.451     1.451 r  CLK100MHZ_IBUF_inst/O
                         net (fo=1, routed)           1.285     2.736    CLK100MHZ_IBUF
    MMCME2_ADV_X1Y2      MMCME2_ADV (Prop_mmcme2_adv_CLKIN1_CLKOUT0)
                                                     -7.759    -5.023 r  gen_pynq_clk_50m.u_clk_mmcm/CLKOUT0
                         net (fo=1, routed)           2.206    -2.817    gen_pynq_clk_50m.clkout0
    BUFGCTRL_X0Y31       BUFG (Prop_bufg_I_O)         0.101    -2.716 r  gen_pynq_clk_50m.u_cpu_clk_bufg_replica/O
                         net (fo=7, routed)           0.161    -2.555    cpu_clk_repN
    BUFGCTRL_X0Y16       BUFG (Prop_bufg_I_O)         0.101    -2.454 r  gen_pynq_clk_50m.u_cpu_clk_bufg/O
                         net (fo=5777, routed)        1.973    -0.481    cpu_clk
    SLICE_X100Y112       FDCE                                         r  reset_sync_r_reg[2]/C
  -------------------------------------------------------------------    -------------------
    SLICE_X100Y112       FDCE (Prop_fdce_C_Q)         0.518     0.037 r  reset_sync_r_reg[2]/Q
                         net (fo=3, routed)           1.102     1.138    u_soc/u_cpu/u_regfile/bit_idx_r_reg[3][2]
    SLICE_X100Y112       LUT6 (Prop_lut6_I4_O)        0.124     1.262 r  u_soc/u_cpu/u_regfile/led_OBUF[0]_inst_i_1/O
                         net (fo=18, routed)          1.996     3.259    u_soc/u_cpu/reset_sync_r_reg[1]_0
    SLICE_X89Y95         LUT1 (Prop_lut1_I0_O)        0.124     3.383 f  u_soc/u_cpu/regs[1][31]_i_3/O
                         net (fo=3338, routed)        6.260     9.643    u_soc/u_cpu/u_regfile/regs_reg[31][31]_0
    SLICE_X80Y141        FDCE                                         f  u_soc/u_cpu/u_regfile/regs_reg[24][19]/CLR
  -------------------------------------------------------------------    -------------------

                         (clock gen_pynq_clk_50m.clkout0 rise edge)
                                                     20.000    20.000 r  
    H16                                               0.000    20.000 r  CLK100MHZ (IN)
                         net (fo=0)                   0.000    20.000    CLK100MHZ
    H16                  IBUF (Prop_ibuf_I_O)         1.380    21.380 r  CLK100MHZ_IBUF_inst/O
                         net (fo=1, routed)           1.162    22.542    CLK100MHZ_IBUF
    MMCME2_ADV_X1Y2      MMCME2_ADV (Prop_mmcme2_adv_CLKIN1_CLKOUT0)
                                                     -7.814    14.728 r  gen_pynq_clk_50m.u_clk_mmcm/CLKOUT0
                         net (fo=1, routed)           2.012    16.740    gen_pynq_clk_50m.clkout0
    BUFGCTRL_X0Y31       BUFG (Prop_bufg_I_O)         0.091    16.831 r  gen_pynq_clk_50m.u_cpu_clk_bufg_replica/O
                         net (fo=7, routed)           0.147    16.978    cpu_clk_repN
    BUFGCTRL_X0Y16       BUFG (Prop_bufg_I_O)         0.091    17.069 r  gen_pynq_clk_50m.u_cpu_clk_bufg/O
                         net (fo=5777, routed)        1.718    18.787    u_soc/u_cpu/u_regfile/cpu_clk
    SLICE_X80Y141        FDCE                                         r  u_soc/u_cpu/u_regfile/regs_reg[24][19]/C
                         clock pessimism              0.608    19.396    
                         clock uncertainty           -0.079    19.317    
    SLICE_X80Y141        FDCE (Recov_fdce_C_CLR)     -0.405    18.912    u_soc/u_cpu/u_regfile/regs_reg[24][19]
  -------------------------------------------------------------------
                         required time                         18.912    
                         arrival time                          -9.643    
  -------------------------------------------------------------------
                         slack                                  9.269    





Min Delay Paths
--------------------------------------------------------------------------------------
Slack (MET) :             0.667ns  (arrival time - required time)
  Source:                 reset_sync_r_reg[7]/C
                            (rising edge-triggered cell FDCE clocked by gen_pynq_clk_50m.clkout0  {rise@0.000ns fall@10.000ns period=20.000ns})
  Destination:            u_uart_tx/baud_cnt_r_reg[0]/CLR
                            (removal check against rising-edge clock gen_pynq_clk_50m.clkout0  {rise@0.000ns fall@10.000ns period=20.000ns})
  Path Group:             **async_default**
  Path Type:              Removal (Min at Fast Process Corner)
  Requirement:            0.000ns  (gen_pynq_clk_50m.clkout0 rise@0.000ns - gen_pynq_clk_50m.clkout0 rise@0.000ns)
  Data Path Delay:        0.585ns  (logic 0.231ns (39.455%)  route 0.354ns (60.545%))
  Logic Levels:           2  (LUT4=1 LUT6=1)
  Clock Path Skew:        0.010ns (DCD - SCD - CPR)
    Destination Clock Delay (DCD):    -0.710ns
    Source Clock Delay      (SCD):    -0.476ns
    Clock Pessimism Removal (CPR):    -0.244ns

    Location             Delay type                Incr(ns)  Path(ns)    Netlist Resource(s)
  -------------------------------------------------------------------    -------------------
                         (clock gen_pynq_clk_50m.clkout0 rise edge)
                                                      0.000     0.000 r  
    H16                                               0.000     0.000 r  CLK100MHZ (IN)
                         net (fo=0)                   0.000     0.000    CLK100MHZ
    H16                  IBUF (Prop_ibuf_I_O)         0.219     0.219 r  CLK100MHZ_IBUF_inst/O
                         net (fo=1, routed)           0.440     0.659    CLK100MHZ_IBUF
    MMCME2_ADV_X1Y2      MMCME2_ADV (Prop_mmcme2_adv_CLKIN1_CLKOUT0)
                                                     -2.613    -1.954 r  gen_pynq_clk_50m.u_clk_mmcm/CLKOUT0
                         net (fo=1, routed)           0.696    -1.257    gen_pynq_clk_50m.clkout0
    BUFGCTRL_X0Y31       BUFG (Prop_bufg_I_O)         0.026    -1.231 r  gen_pynq_clk_50m.u_cpu_clk_bufg_replica/O
                         net (fo=7, routed)           0.042    -1.189    cpu_clk_repN
    BUFGCTRL_X0Y16       BUFG (Prop_bufg_I_O)         0.026    -1.163 r  gen_pynq_clk_50m.u_cpu_clk_bufg/O
                         net (fo=5777, routed)        0.687    -0.476    cpu_clk
    SLICE_X101Y112       FDCE                                         r  reset_sync_r_reg[7]/C
  -------------------------------------------------------------------    -------------------
    SLICE_X101Y112       FDCE (Prop_fdce_C_Q)         0.141    -0.335 r  reset_sync_r_reg[7]/Q
                         net (fo=1, routed)           0.089    -0.246    u_soc/u_cpu/u_regfile/bit_idx_r_reg[3][7]
    SLICE_X100Y112       LUT4 (Prop_lut4_I2_O)        0.045    -0.201 f  u_soc/u_cpu/u_regfile/led_OBUF[0]_inst_i_2/O
                         net (fo=2, routed)           0.065    -0.136    u_uart_tx/bit_idx_r_reg[3]_0
    SLICE_X100Y112       LUT6 (Prop_lut6_I5_O)        0.045    -0.091 f  u_uart_tx/baud_cnt_r[8]_i_3/O
                         net (fo=23, routed)          0.201     0.109    u_uart_tx/baud_cnt_r[8]_i_3_n_0
    SLICE_X99Y118        FDCE                                         f  u_uart_tx/baud_cnt_r_reg[0]/CLR
  -------------------------------------------------------------------    -------------------

                         (clock gen_pynq_clk_50m.clkout0 rise edge)
                                                      0.000     0.000 r  
    H16                                               0.000     0.000 r  CLK100MHZ (IN)
                         net (fo=0)                   0.000     0.000    CLK100MHZ
    H16                  IBUF (Prop_ibuf_I_O)         0.406     0.406 r  CLK100MHZ_IBUF_inst/O
                         net (fo=1, routed)           0.480     0.886    CLK100MHZ_IBUF
    MMCME2_ADV_X1Y2      MMCME2_ADV (Prop_mmcme2_adv_CLKIN1_CLKOUT0)
                                                     -3.407    -2.521 r  gen_pynq_clk_50m.u_clk_mmcm/CLKOUT0
                         net (fo=1, routed)           0.752    -1.769    gen_pynq_clk_50m.clkout0
    BUFGCTRL_X0Y31       BUFG (Prop_bufg_I_O)         0.029    -1.740 r  gen_pynq_clk_50m.u_cpu_clk_bufg_replica/O
                         net (fo=7, routed)           0.046    -1.694    cpu_clk_repN
    BUFGCTRL_X0Y16       BUFG (Prop_bufg_I_O)         0.029    -1.665 r  gen_pynq_clk_50m.u_cpu_clk_bufg/O
                         net (fo=5777, routed)        0.955    -0.710    u_uart_tx/cpu_clk
    SLICE_X99Y118        FDCE                                         r  u_uart_tx/baud_cnt_r_reg[0]/C
                         clock pessimism              0.244    -0.466    
    SLICE_X99Y118        FDCE (Remov_fdce_C_CLR)     -0.092    -0.558    u_uart_tx/baud_cnt_r_reg[0]
  -------------------------------------------------------------------
                         required time                          0.558    
                         arrival time                           0.109    
  -------------------------------------------------------------------
                         slack                                  0.667    





