
****** xsim v2025.2 (64-bit)
  **** SW Build 6299465 on Fri Nov 14 19:35:11 GMT 2025
  **** IP Build 6300035 on Fri Nov 14 10:48:45 MST 2025
  **** SharedData Build 6298862 on Thu Nov 13 04:50:51 MST 2025
  **** Start of session at: Fri May  8 11:35:08 2026
    ** Copyright 1986-2022 Xilinx, Inc. All Rights Reserved.
    ** Copyright 2022-2025 Advanced Micro Devices, Inc. All Rights Reserved.

source xsim.dir/YH_rv_cpu_coremark_rv32_zmmul_bitmanip_zbc_zicond_xthead_idbr_tb_score_snapshot/xsim_script.tcl
# xsim {YH_rv_cpu_coremark_rv32_zmmul_bitmanip_zbc_zicond_xthead_idbr_tb_score_snapshot} -testplusarg max_cycles=30000000 -autoloadwcfg -runall
Time resolution is 1 ps
run -all
Starting CoreMark simulation (MAX_CYCLES=30000000)...
2K performance run parameters for coremark.
CoreMark Size    : 666
Total ticks      : 1371472
Total time (secs): 0
ERROR! Must execute for at least 10 secs for a valid result!
Iterations       : 10
Compiler version : GCC 15.2.0
Compiler flags   : -O3 -funroll-loops -mbranch-cost=1 -fno-schedule-insns -fno-schedule-insns2 -funroll-all-loops --param max-unrolled-insns=800 --param max-average-unrolled-insns=320 -finline-functions --param max-inline-insns-single=1000 --param max-inline-insns-auto=1000 --param inline-unit-growth=500 -fno-crossjumping -O2 -fschedule-insns -fschedule-insns2 -fno-caller-saves -fno-auto-inc-dec -march=rv32i_zmmul_zba_zbb_zbs_zbc_zicond_xtheadba_xtheadbb_xtheadbs_xtheadcondmov_xtheadmemidx_zicsr -mabi=ilp32
Memory location  : SoC ROM/RAM
seedcrc          : 0xe9f5
[0]crclist       : 0xe714
[0]crcmatrix     : 0x1fd7
[0]crcstate      : 0x8e3a
[0]crcfinal      : 0xfcaf
Errors detected

PASS: coremark completed at PC=00003954 in 1408469 cycles
$finish called at time : 14084795 ns : File "D:/BaiduSyncdisk/02_icdc_workspace/.worktrees/coremark7-dmips5-20260508/YH_rv_cpu/tb/YH_rv_cpu_coremark_tb.v" Line 152
run: Time (s): cpu = 00:00:00 ; elapsed = 00:00:37 . Memory (MB): peak = 196.227 ; gain = 0.207
exit
INFO: xsimkernel Simulation Memory Usage: 13040 KB (Peak: 13040 KB), Simulation CPU Usage: 36858 ms
INFO: [Common 17-206] Exiting xsim at Fri May  8 11:35:46 2026...
