
****** xsim v2025.2 (64-bit)
  **** SW Build 6299465 on Fri Nov 14 19:35:11 GMT 2025
  **** IP Build 6300035 on Fri Nov 14 10:48:45 MST 2025
  **** SharedData Build 6298862 on Thu Nov 13 04:50:51 MST 2025
  **** Start of session at: Fri May  8 11:16:22 2026
    ** Copyright 1986-2022 Xilinx, Inc. All Rights Reserved.
    ** Copyright 2022-2025 Advanced Micro Devices, Inc. All Rights Reserved.

source xsim.dir/YH_rv_cpu_coremark_rv32_zmmul_bitmanip_zbc_zicond_xthead_idbr_tb_score_snapshot/xsim_script.tcl
# xsim {YH_rv_cpu_coremark_rv32_zmmul_bitmanip_zbc_zicond_xthead_idbr_tb_score_snapshot} -testplusarg max_cycles=30000000 -autoloadwcfg -runall
Time resolution is 1 ps
run -all
Starting CoreMark simulation (MAX_CYCLES=30000000)...
CYCLE=10000000 PC=00002000
CYCLE=20000000 PC=0000004c
CYCLE=30000000 PC=0000004c

FAIL: coremark timeout at PC=00000050 after 30000001 cycles
Fatal: 
FAIL: coremark timeout
Time: 300000115 ns  Iteration: 0  Process: /YH_rv_cpu_coremark_rv32_zmmul_bitmanip_zbc_zicond_xthead_idbr_tb/uut/Always79_33  Scope: YH_rv_cpu_coremark_rv32_zmmul_bitmanip_zbc_zicond_xthead_idbr_tb.uut  File: D:/BaiduSyncdisk/02_icdc_workspace/.worktrees/coremark7-dmips5-20260508/YH_rv_cpu/tb/YH_rv_cpu_coremark_tb.v Line: 157
$finish called at time : 300000115 ns
run: Time (s): cpu = 00:00:00 ; elapsed = 00:12:30 . Memory (MB): peak = 196.633 ; gain = 0.012
exit
INFO: xsimkernel Simulation Memory Usage: 13152 KB (Peak: 13152 KB), Simulation CPU Usage: 745609 ms
INFO: [Common 17-206] Exiting xsim at Fri May  8 11:28:54 2026...
