
****** xsim v2025.2 (64-bit)
  **** SW Build 6299465 on Fri Nov 14 19:35:11 GMT 2025
  **** IP Build 6300035 on Fri Nov 14 10:48:45 MST 2025
  **** SharedData Build 6298862 on Thu Nov 13 04:50:51 MST 2025
  **** Start of session at: Thu Apr 30 17:18:20 2026
    ** Copyright 1986-2022 Xilinx, Inc. All Rights Reserved.
    ** Copyright 2022-2025 Advanced Micro Devices, Inc. All Rights Reserved.

source xsim.dir/YH_rv_cpu_id_branch_fast_tb_snapshot/xsim_script.tcl
# xsim {YH_rv_cpu_id_branch_fast_tb_snapshot} -testplusarg debug_trace -autoloadwcfg -runall -onerror quit
Time resolution is 1 ps
run -all
TRACE cycle=0 pc=00000000 if_id_v=0 if_id_pc=00000000 id_ex_v=0 id_ex_pc=00000000 id_ex_branch=0 f3=0 id_ex_jump=0 id_ex_jalr=0 ex_redirect=0 redir_pc=00000000 x1=00000000 x2=00000000 x3=00000000 x4=00000000 x5=00000000 x6=00000000 x7=00000000
TRACE cycle=1 pc=00000004 if_id_v=1 if_id_pc=00000000 id_ex_v=0 id_ex_pc=00000000 id_ex_branch=0 f3=0 id_ex_jump=0 id_ex_jalr=0 ex_redirect=0 redir_pc=00000000 x1=00000000 x2=00000000 x3=00000000 x4=00000000 x5=00000000 x6=00000000 x7=00000000
TRACE cycle=2 pc=00000008 if_id_v=1 if_id_pc=00000004 id_ex_v=1 id_ex_pc=00000000 id_ex_branch=0 f3=0 id_ex_jump=0 id_ex_jalr=0 ex_redirect=0 redir_pc=00000001 x1=00000000 x2=00000000 x3=00000000 x4=00000000 x5=00000000 x6=00000000 x7=00000000
TRACE cycle=3 pc=00000010 if_id_v=1 if_id_pc=0000000c id_ex_v=0 id_ex_pc=00000000 id_ex_branch=0 f3=0 id_ex_jump=0 id_ex_jalr=0 ex_redirect=0 redir_pc=00000001 x1=00000000 x2=00000000 x3=00000000 x4=00000000 x5=00000000 x6=00000000 x7=00000000
TRACE cycle=4 pc=00000014 if_id_v=1 if_id_pc=00000010 id_ex_v=1 id_ex_pc=0000000c id_ex_branch=0 f3=0 id_ex_jump=0 id_ex_jalr=0 ex_redirect=0 redir_pc=00000011 x1=00000000 x2=00000000 x3=00000000 x4=00000000 x5=00000000 x6=00000000 x7=00000000
TRACE cycle=5 pc=00000018 if_id_v=1 if_id_pc=00000014 id_ex_v=1 id_ex_pc=00000010 id_ex_branch=0 f3=0 id_ex_jump=0 id_ex_jalr=0 ex_redirect=0 redir_pc=00000012 x1=00000001 x2=00000000 x3=00000000 x4=00000000 x5=00000000 x6=00000000 x7=00000000
TRACE cycle=6 pc=0000001c if_id_v=1 if_id_pc=00000018 id_ex_v=1 id_ex_pc=00000014 id_ex_branch=0 f3=0 id_ex_jump=0 id_ex_jalr=0 ex_redirect=0 redir_pc=00000014 x1=00000001 x2=00000000 x3=00000000 x4=00000000 x5=00000000 x6=00000000 x7=00000000
TRACE cycle=7 pc=00000020 if_id_v=1 if_id_pc=0000001c id_ex_v=1 id_ex_pc=00000018 id_ex_branch=0 f3=0 id_ex_jump=0 id_ex_jalr=0 ex_redirect=0 redir_pc=00000018 x1=00000001 x2=00000000 x3=00000000 x4=00000000 x5=00000005 x6=00000000 x7=00000000
TRACE cycle=8 pc=00000028 if_id_v=1 if_id_pc=00000024 id_ex_v=0 id_ex_pc=00000000 id_ex_branch=0 f3=0 id_ex_jump=0 id_ex_jalr=0 ex_redirect=0 redir_pc=00000000 x1=00000001 x2=00000002 x3=00000000 x4=00000000 x5=00000005 x6=00000000 x7=00000000
TRACE cycle=9 pc=0000002c if_id_v=1 if_id_pc=00000028 id_ex_v=1 id_ex_pc=00000024 id_ex_branch=0 f3=0 id_ex_jump=0 id_ex_jalr=0 ex_redirect=0 redir_pc=0000002b x1=00000001 x2=00000002 x3=00000000 x4=00000000 x5=00000005 x6=00000000 x7=00000000
TRACE cycle=10 pc=00000030 if_id_v=1 if_id_pc=0000002c id_ex_v=1 id_ex_pc=00000028 id_ex_branch=0 f3=0 id_ex_jump=0 id_ex_jalr=0 ex_redirect=0 redir_pc=00000031 x1=00000001 x2=00000002 x3=00000000 x4=00000000 x5=00000005 x6=00000000 x7=00000000
TRACE cycle=11 pc=00000034 if_id_v=1 if_id_pc=00000030 id_ex_v=1 id_ex_pc=0000002c id_ex_branch=0 f3=0 id_ex_jump=0 id_ex_jalr=0 ex_redirect=0 redir_pc=00000064 x1=00000001 x2=00000002 x3=00000000 x4=00000000 x5=00000005 x6=00000000 x7=00000000
TRACE cycle=12 pc=0000003c if_id_v=1 if_id_pc=00000038 id_ex_v=0 id_ex_pc=00000000 id_ex_branch=0 f3=0 id_ex_jump=0 id_ex_jalr=0 ex_redirect=0 redir_pc=00000038 x1=00000001 x2=00000002 x3=00000007 x4=00000000 x5=00000005 x6=00000000 x7=00000000
TRACE cycle=13 pc=00000040 if_id_v=1 if_id_pc=0000003c id_ex_v=1 id_ex_pc=00000038 id_ex_branch=0 f3=0 id_ex_jump=0 id_ex_jalr=0 ex_redirect=0 redir_pc=00000043 x1=00000001 x2=00000002 x3=00000007 x4=00000009 x5=00000005 x6=00000000 x7=00000000
TRACE cycle=14 pc=00000044 if_id_v=1 if_id_pc=00000040 id_ex_v=1 id_ex_pc=0000003c id_ex_branch=0 f3=0 id_ex_jump=0 id_ex_jalr=0 ex_redirect=0 redir_pc=0000003c x1=00000001 x2=00000002 x3=00000007 x4=00000009 x5=00000005 x6=00000038 x7=00000000
TRACE cycle=15 pc=00000048 if_id_v=1 if_id_pc=00000044 id_ex_v=1 id_ex_pc=00000040 id_ex_branch=0 f3=0 id_ex_jump=0 id_ex_jalr=0 ex_redirect=0 redir_pc=00000040 x1=00000001 x2=00000002 x3=00000007 x4=00000009 x5=00000005 x6=00000038 x7=00000000
TRACE cycle=16 pc=0000004c if_id_v=1 if_id_pc=00000048 id_ex_v=1 id_ex_pc=00000044 id_ex_branch=0 f3=0 id_ex_jump=0 id_ex_jalr=0 ex_redirect=0 redir_pc=00000044 x1=00000001 x2=00000002 x3=00000007 x4=00000009 x5=00000005 x6=00000038 x7=0000000b
PASS: id branch fast diagnostic completed at PC=0000004c cycles=16 ex_bne_redirects=0 ex_bltu_redirects=0 ex_jalr_redirects=0 require_no_ex_bne_redirect=0 require_no_ex_bltu_redirect=0 require_no_ex_jalr_redirect=0 require_async_redirect_refill=0 refill_seen=0
$finish called at time : 185 ns : File "D:/BaiduSyncdisk/02_icdc_workspace/.worktrees/coremark-over-1p5/YH_rv_cpu/tb/YH_rv_cpu_id_branch_fast_tb.v" Line 194
exit
INFO: [Common 17-206] Exiting xsim at Thu Apr 30 17:18:22 2026...
