
****** xsim v2025.2 (64-bit)
  **** SW Build 6299465 on Fri Nov 14 19:35:11 GMT 2025
  **** IP Build 6300035 on Fri Nov 14 10:48:45 MST 2025
  **** SharedData Build 6298862 on Thu Nov 13 04:50:51 MST 2025
  **** Start of session at: Thu Apr 30 17:18:42 2026
    ** Copyright 1986-2022 Xilinx, Inc. All Rights Reserved.
    ** Copyright 2022-2025 Advanced Micro Devices, Inc. All Rights Reserved.

source xsim.dir/YH_rv_cpu_load_use_fast_tb_snapshot/xsim_script.tcl
# xsim {YH_rv_cpu_load_use_fast_tb_snapshot} -testplusarg debug_trace -autoloadwcfg -runall -onerror quit
Time resolution is 1 ps
run -all
TRACE cycle=0 pc=00000000 stall=0 mem_wait=0 dmem_req=0 dmem_rvalid=0 if_id_pc=00000000 id_ex_pc=00000000 ex_mem_pc=fffffffc mem_wb_pc=fffffffc x2=00000000 x3=00000000 x4=00000000
TRACE cycle=1 pc=00000004 stall=0 mem_wait=0 dmem_req=0 dmem_rvalid=0 if_id_pc=00000000 id_ex_pc=00000000 ex_mem_pc=fffffffc mem_wb_pc=fffffffc x2=00000000 x3=00000000 x4=00000000
TRACE cycle=2 pc=00000008 stall=0 mem_wait=0 dmem_req=0 dmem_rvalid=0 if_id_pc=00000004 id_ex_pc=00000000 ex_mem_pc=00000000 mem_wb_pc=fffffffc x2=00000000 x3=00000000 x4=00000000
TRACE cycle=3 pc=0000000c stall=0 mem_wait=0 dmem_req=0 dmem_rvalid=0 if_id_pc=00000008 id_ex_pc=00000004 ex_mem_pc=00000000 mem_wb_pc=00000000 x2=00000000 x3=00000000 x4=00000000
TRACE cycle=4 pc=00000010 stall=0 mem_wait=0 dmem_req=0 dmem_rvalid=0 if_id_pc=0000000c id_ex_pc=00000008 ex_mem_pc=00000004 mem_wb_pc=00000000 x2=00000000 x3=00000000 x4=00000000
TRACE cycle=5 pc=00000014 stall=0 mem_wait=0 dmem_req=0 dmem_rvalid=0 if_id_pc=00000010 id_ex_pc=0000000c ex_mem_pc=00000008 mem_wb_pc=00000004 x2=00000000 x3=00000000 x4=00000000
TRACE cycle=6 pc=00000018 stall=0 mem_wait=0 dmem_req=1 dmem_rvalid=1 if_id_pc=00000014 id_ex_pc=00000010 ex_mem_pc=0000000c mem_wb_pc=00000008 x2=00000000 x3=00000000 x4=00000000
TRACE cycle=7 pc=0000001c stall=0 mem_wait=0 dmem_req=0 dmem_rvalid=0 if_id_pc=00000018 id_ex_pc=00000014 ex_mem_pc=00000010 mem_wb_pc=0000000c x2=00000000 x3=00000000 x4=00000000
TRACE cycle=8 pc=00000020 stall=0 mem_wait=0 dmem_req=0 dmem_rvalid=0 if_id_pc=0000001c id_ex_pc=00000018 ex_mem_pc=00000014 mem_wb_pc=00000010 x2=00000029 x3=00000000 x4=00000000
TRACE cycle=9 pc=00000024 stall=0 mem_wait=0 dmem_req=0 dmem_rvalid=0 if_id_pc=00000020 id_ex_pc=0000001c ex_mem_pc=00000018 mem_wb_pc=00000014 x2=00000029 x3=0000002a x4=00000000
TRACE cycle=10 pc=00000000 stall=0 mem_wait=0 dmem_req=0 dmem_rvalid=0 if_id_pc=00000000 id_ex_pc=00000000 ex_mem_pc=00000018 mem_wb_pc=00000018 x2=00000029 x3=0000002a x4=0000002b
TRACE cycle=11 pc=00000004 stall=0 mem_wait=0 dmem_req=0 dmem_rvalid=0 if_id_pc=00000000 id_ex_pc=00000000 ex_mem_pc=fffffffc mem_wb_pc=00000018 x2=00000029 x3=0000002a x4=0000002b
PASS: load-use fast diagnostic completed at PC=00000004 cycles=11 stall_decode_cycles=0 require_no_stall_decode=0
$finish called at time : 135 ns : File "D:/BaiduSyncdisk/02_icdc_workspace/.worktrees/coremark-over-1p5/YH_rv_cpu/tb/YH_rv_cpu_load_use_fast_tb.v" Line 133
exit
INFO: [Common 17-206] Exiting xsim at Thu Apr 30 17:18:44 2026...
