
****** xsim v2025.2 (64-bit)
  **** SW Build 6299465 on Fri Nov 14 19:35:11 GMT 2025
  **** IP Build 6300035 on Fri Nov 14 10:48:45 MST 2025
  **** SharedData Build 6298862 on Thu Nov 13 04:50:51 MST 2025
  **** Start of session at: Thu Apr 30 17:18:53 2026
    ** Copyright 1986-2022 Xilinx, Inc. All Rights Reserved.
    ** Copyright 2022-2025 Advanced Micro Devices, Inc. All Rights Reserved.

source xsim.dir/YH_rv_cpu_bitmanip_tb_snapshot/xsim_script.tcl
# xsim {YH_rv_cpu_bitmanip_tb_snapshot} -autoloadwcfg -runall
Time resolution is 1 ps
run -all
[PASS] sh1add x3=0000000b
[PASS] sh2add x4=00000011
[PASS] sh3add x5=0000001d
[PASS] andn x6=00000004
[PASS] max x7=00000005
[PASS] sext.h x8=ffff8001
[PASS] zext.h x10=00008001
[PASS] bexti bit15 x11=00000001
[PASS] bexti bit14 x12=00000000
[PASS] czero.eqz zero x13=00000000
[PASS] zero.eqz nonzero x14=00000005
[PASS] czero.nez zero x15=00000005
[PASS] zero.nez nonzero x23=00000000
[PASS] clmul x18=0000007f
[PASS] clmulh x19=40000000
[PASS] pack x22=abcd1234
[PASS] th.extu x25=0000000f
[PASS] th.ext x26=ffffffff
[PASS] th.addsl x27=00000017
[PASS] th.mveqz true x28=00000003
[PASS] th.mveqz false x29=00000009
[PASS] th.mvnez true x30=00000003
[PASS] th.mvnez false x31=00000009
PASS: bitmanip test completed 23/23
$finish called at time : 1055 ns : File "D:/BaiduSyncdisk/02_icdc_workspace/.worktrees/coremark-over-1p5/YH_rv_cpu/tb/YH_rv_cpu_bitmanip_tb.v" Line 182
exit
INFO: [Common 17-206] Exiting xsim at Thu Apr 30 17:18:55 2026...
