
****** xsim v2025.2 (64-bit)
  **** SW Build 6299465 on Fri Nov 14 19:35:11 GMT 2025
  **** IP Build 6300035 on Fri Nov 14 10:48:45 MST 2025
  **** SharedData Build 6298862 on Thu Nov 13 04:50:51 MST 2025
  **** Start of session at: Thu May 14 18:45:46 2026
    ** Copyright 1986-2022 Xilinx, Inc. All Rights Reserved.
    ** Copyright 2022-2025 Advanced Micro Devices, Inc. All Rights Reserved.

source xsim.dir/YH_rv_cpu_coremark_fpga_tb_snapshot/xsim_script.tcl
# xsim {YH_rv_cpu_coremark_fpga_tb_snapshot} -testplusarg max_cycles=7000000 -autoloadwcfg -runall
Time resolution is 1 ps
run -all
Starting FPGA-like CoreMark simulation (MAX_CYCLES=7000000)...

FAIL: coremark timeout at PC=0000005c after 7000001 cycles
Fatal: 
FAIL: coremark timeout
Time: 70000115 ns  Iteration: 0  Process: /YH_rv_cpu_coremark_fpga_tb(ENABLE_M_EXTENSION=0,ENABLE_ZMMUL_EXTENSION=1,ENABLE_ZICOND_EXTENSION=1)/Always83_33  Scope: YH_rv_cpu_coremark_fpga_tb(ENABLE_M_EXTENSION=0,ENABLE_ZMMUL_EXTENSION=1,ENABLE_ZICOND_EXTENSION=1)  File: D:/BaiduSyncdisk/02_icdc_workspace/.worktrees/coremark7-dmips5-20260508/YH_rv_cpu/tb/YH_rv_cpu_coremark_fpga_tb.v Line: 258
$finish called at time : 70000115 ns
run: Time (s): cpu = 00:00:00 ; elapsed = 00:02:39 . Memory (MB): peak = 196.445 ; gain = 0.016
exit
INFO: xsimkernel Simulation Memory Usage: 13216 KB (Peak: 13216 KB), Simulation CPU Usage: 157781 ms
INFO: [Common 17-206] Exiting xsim at Thu May 14 18:48:27 2026...
