#-----------------------------------------------------------
# Vivado v2025.2 (64-bit)
# SW Build 6299465 on Fri Nov 14 19:35:11 GMT 2025
# IP Build 6300035 on Fri Nov 14 10:48:45 MST 2025
# SharedData Build 6298862 on Thu Nov 13 04:50:51 MST 2025
# Start of session at: Thu Apr 30 12:21:50 2026
# Process ID         : 44296
# Current directory  : <workspace>/coremark-over-1p5
# Command line       : vivado.exe -mode batch -notrace -log project\pynq_z2_program_idbr_cmp_jalpredict_20260430.log -journal project\pynq_z2_program_idbr_cmp_jalpredict_20260430.jou -source YH_rv_cpu\fpga\vivado\scripts\program_hw_bitstream.tcl -tclargs project\YH_rv_cpu_pynq_z2_sysclk_8p000ns_cpu50.bit
# Log file           : <workspace>/coremark-over-1p5/project/pynq_z2_program_idbr_cmp_jalpredict_20260430.log
# Journal file       : <workspace>/coremark-over-1p5\project\pynq_z2_program_idbr_cmp_jalpredict_20260430.jou
# Running On         : Toylog_desktop
# Platform           : Windows Server 2016 or Windows 10
# Operating System   : 26200
# Processor Detail   : AMD Ryzen 7 7435H
# CPU Frequency      : 3094 MHz
# CPU Physical cores : 8
# CPU Logical cores  : 16
# Host memory        : 34082 MB
# Swap memory        : 2147 MB
# Total Virtual      : 36230 MB
# Available Virtual  : 6248 MB
#-----------------------------------------------------------
source {YH_rv_cpu\fpga\vivado\scripts\program_hw_bitstream.tcl} -notrace
open_hw_manager: Time (s): cpu = 00:00:10 ; elapsed = 00:00:08 . Memory (MB): peak = 578.980 ; gain = 221.180
INFO: [Labtools 27-2285] Connecting to hw_server url TCP:localhost:3121
INFO: [Labtools 27-2222] Launching hw_server...
INFO: [Labtools 27-2221] Launch Output:

****** Xilinx hw_server v2025.2
  **** Build date : Oct 28 2025 at 10:03:13
    ** Copyright 1986-2022 Xilinx, Inc. All Rights Reserved.


INFO: [Labtools 27-3415] Connecting to cs_server url TCP:localhost:0
INFO: [Labtools 27-3417] Launching cs_server...
INFO: [Labtools 27-2221] Launch Output:


******** Xilinx cs_server v2025.2.0
  ****** Build date   : Nov 14 2025-07:16:52
    **** Build number : 2025.2.1763075812
      ** Copyright 2017-2022 Xilinx, Inc. All Rights Reserved.
      ** Copyright 2022-2026 Advanced Micro Devices, Inc. All Rights Reserved.



connect_hw_server: Time (s): cpu = 00:00:00 ; elapsed = 00:00:08 . Memory (MB): peak = 582.922 ; gain = 3.941
INFO: HW targets: localhost:3121/xilinx_tcf/Xilinx/1234-tulA
INFO: [Labtoolstcl 44-466] Opening hw_target localhost:3121/xilinx_tcf/Xilinx/1234-tulA
INFO: HW devices: arm_dap_0 xc7z020_1
INFO: [Labtools 27-1434] Device xc7z020 (JTAG device index = 1) is programmed with a design that has no supported soft debug core(s) in it.
INFO: Programming xc7z020_1 with <workspace>/coremark-over-1p5/project/YH_rv_cpu_pynq_z2_sysclk_8p000ns_cpu50.bit
INFO: [Labtools 27-3164] End of startup status: HIGH
INFO: [Labtools 27-1434] Device xc7z020 (JTAG device index = 1) is programmed with a design that has no supported soft debug core(s) in it.
PROGRAM_OK: xc7z020_1 <workspace>/coremark-over-1p5/project/YH_rv_cpu_pynq_z2_sysclk_8p000ns_cpu50.bit
INFO: [Common 17-206] Exiting Vivado at Thu Apr 30 12:22:17 2026...
