#-----------------------------------------------------------
# Vivado v2025.2 (64-bit)
# SW Build 6299465 on Fri Nov 14 19:35:11 GMT 2025
# IP Build 6300035 on Fri Nov 14 10:48:45 MST 2025
# SharedData Build 6298862 on Thu Nov 13 04:50:51 MST 2025
# Start of session at: Thu Apr 30 23:18:12 2026
# Process ID         : 43136
# Current directory  : V:/project
# Command line       : vivado.exe -mode batch -notrace -log V:\_tmp\tool_logs\vivado\vivado_pynq_z2_synth.log -journal V:\_tmp\tool_logs\vivado\vivado_pynq_z2_synth.jou -source V:\YH_rv_cpu\scripts\..\fpga\vivado\scripts\build_pynq_z2_project.tcl -tclargs synth
# Log file           : V:/_tmp/tool_logs/vivado/vivado_pynq_z2_synth.log
# Journal file       : V:\_tmp\tool_logs\vivado\vivado_pynq_z2_synth.jou
# Running On         : Toylog_desktop
# Platform           : Windows Server 2016 or Windows 10
# Operating System   : 26200
# Processor Detail   : AMD Ryzen 7 7435H
# CPU Frequency      : 3094 MHz
# CPU Physical cores : 8
# CPU Logical cores  : 16
# Host memory        : 34082 MB
# Swap memory        : 2147 MB
# Total Virtual      : 36230 MB
# Available Virtual  : 10034 MB
#-----------------------------------------------------------
source {V:\YH_rv_cpu\scripts\..\fpga\vivado\scripts\build_pynq_z2_project.tcl} -notrace
INFO: Board = PYNQ-Z2
INFO: Flow mode = synth
INFO: Input clock period = 8.000 ns
INFO: CPU clock frequency generic = 62500000 Hz
INFO: USE_CLK_MMCM_62M5 = 1
INFO: USE_CLK_MMCM_50M = 0
INFO: ENABLE_M_EXTENSION = 0
INFO: ENABLE_ZMMUL_EXTENSION = 1
INFO: ENABLE_BITMANIP_EXTENSION = 1
INFO: ENABLE_ZBC_EXTENSION = 1
INFO: ENABLE_ZICOND_EXTENSION = 0
INFO: ENABLE_ZBKB_EXTENSION = 0
INFO: ENABLE_XTHEAD_EXTENSION = 1
INFO: ENABLE_XTHEAD_COND_MOVE = 1
INFO: ENABLE_ID_BRANCH_EX_FORWARD = 1
STEP: read_rtl BEGIN
read_verilog: Time (s): cpu = 00:00:10 ; elapsed = 00:00:07 . Memory (MB): peak = 577.426 ; gain = 223.062
STEP: read_rtl DONE
STEP: read_fpga_sources BEGIN
STEP: read_fpga_sources DONE
STEP: read_constraints BEGIN
STEP: read_constraints DONE
STEP: read_clock_constraints BEGIN
STEP: read_clock_constraints DONE
INFO: ROM_INIT_HEX override = V:/YH_rv_cpu/build/sw/YH_rv_cpu_demo.hex
INFO: ROM_INIT_MEM32_HEX override = V:/YH_rv_cpu/build/sw/YH_rv_cpu_demo.mem32.hex
INFO: ROM_BYTES override = 8192
INFO: RAM_BYTES override = 8192
STEP: synth_design BEGIN
WARNING: [Common 17-576] 'retiming' is deprecated. Please use -global_retiming option
Command: synth_design -top YH_rv_cpu_fpga_top -part xc7z020clg400-1 -flatten_hierarchy rebuilt -retiming -fanout_limit 32 -generic CLK_FREQ_HZ=62500000 -generic USE_CLK_MMCM_62M5=1 -generic USE_CLK_MMCM_50M=0 -generic ENABLE_M_EXTENSION=0 -generic ENABLE_ZMMUL_EXTENSION=1 -generic ENABLE_BITMANIP_EXTENSION=1 -generic ENABLE_ZBC_EXTENSION=1 -generic ENABLE_ZICOND_EXTENSION=0 -generic ENABLE_ZBKB_EXTENSION=0 -generic ENABLE_XTHEAD_EXTENSION=1 -generic ENABLE_XTHEAD_COND_MOVE=1 -generic ENABLE_ID_BRANCH_EX_FORWARD=1 -generic ROM_INIT_HEX=V:/YH_rv_cpu/build/sw/YH_rv_cpu_demo.hex -generic ROM_INIT_MEM32_HEX=V:/YH_rv_cpu/build/sw/YH_rv_cpu_demo.mem32.hex -generic ROM_BYTES=8192 -generic RAM_BYTES=8192
Starting synth_design
Attempting to get a license for feature 'Synthesis' and/or device 'xc7z020'
INFO: [Common 17-349] Got license for feature 'Synthesis' and/or device 'xc7z020'
INFO: [Device 21-403] Loading part xc7z020clg400-1
INFO: [Synth 8-7079] Multithreading enabled for synth_design using a maximum of 2 processes.
INFO: [Synth 8-7078] Launching helper process for spawning children vivado processes
INFO: [Synth 8-7075] Helper process launched with PID 2428
---------------------------------------------------------------------------------
Starting RTL Elaboration : Time (s): cpu = 00:00:06 ; elapsed = 00:00:06 . Memory (MB): peak = 1351.371 ; gain = 539.637
---------------------------------------------------------------------------------
INFO: [Synth 8-6157] synthesizing module 'YH_rv_cpu_fpga_top' [V:/YH_rv_cpu/fpga/vivado/src/YH_rv_cpu_fpga_top.v:1]
	Parameter CLK_FREQ_HZ bound to: 62500000 - type: integer 
	Parameter USE_CLK_MMCM_62M5 bound to: 1 - type: integer 
	Parameter USE_CLK_MMCM_50M bound to: 0 - type: integer 
	Parameter ENABLE_M_EXTENSION bound to: 0 - type: integer 
	Parameter ENABLE_ZMMUL_EXTENSION bound to: 1 - type: integer 
	Parameter ENABLE_BITMANIP_EXTENSION bound to: 1 - type: integer 
	Parameter ENABLE_ZBC_EXTENSION bound to: 1 - type: integer 
	Parameter ENABLE_ZICOND_EXTENSION bound to: 0 - type: integer 
	Parameter ENABLE_ZBKB_EXTENSION bound to: 0 - type: integer 
	Parameter ENABLE_XTHEAD_EXTENSION bound to: 1 - type: integer 
	Parameter ENABLE_XTHEAD_COND_MOVE bound to: 1 - type: integer 
	Parameter ENABLE_ID_BRANCH_EX_FORWARD bound to: 1 - type: integer 
	Parameter ROM_BYTES bound to: 8192 - type: integer 
	Parameter RAM_BYTES bound to: 8192 - type: integer 
	Parameter ROM_INIT_HEX bound to: V:/YH_rv_cpu/build/sw/YH_rv_cpu_demo.hex - type: string 
	Parameter ROM_INIT_MEM32_HEX bound to: V:/YH_rv_cpu/build/sw/YH_rv_cpu_demo.mem32.hex - type: string 
INFO: [Synth 8-6157] synthesizing module 'MMCME2_BASE' [D:/Vivado/2025.2/Vivado/scripts/rt/data/unisim_comp.v:95964]
	Parameter BANDWIDTH bound to: OPTIMIZED - type: string 
	Parameter CLKFBOUT_MULT_F bound to: 8.000000e+00 - type: double 
	Parameter CLKFBOUT_PHASE bound to: 0.000000e+00 - type: double 
	Parameter CLKIN1_PERIOD bound to: 8.000000e+00 - type: double 
	Parameter CLKOUT0_DIVIDE_F bound to: 1.600000e+01 - type: double 
	Parameter CLKOUT0_DUTY_CYCLE bound to: 5.000000e-01 - type: double 
	Parameter CLKOUT0_PHASE bound to: 0.000000e+00 - type: double 
	Parameter DIVCLK_DIVIDE bound to: 1 - type: integer 
	Parameter REF_JITTER1 bound to: 1.000000e-02 - type: double 
	Parameter STARTUP_WAIT bound to: FALSE - type: string 
INFO: [Synth 8-6155] done synthesizing module 'MMCME2_BASE' (0#1) [D:/Vivado/2025.2/Vivado/scripts/rt/data/unisim_comp.v:95964]
WARNING: [Synth 8-7071] port 'CLKFBOUTB' of module 'MMCME2_BASE' is unconnected for instance 'u_clk_mmcm' [V:/YH_rv_cpu/fpga/vivado/src/YH_rv_cpu_fpga_top.v:115]
WARNING: [Synth 8-7071] port 'CLKOUT0B' of module 'MMCME2_BASE' is unconnected for instance 'u_clk_mmcm' [V:/YH_rv_cpu/fpga/vivado/src/YH_rv_cpu_fpga_top.v:115]
WARNING: [Synth 8-7071] port 'CLKOUT1B' of module 'MMCME2_BASE' is unconnected for instance 'u_clk_mmcm' [V:/YH_rv_cpu/fpga/vivado/src/YH_rv_cpu_fpga_top.v:115]
WARNING: [Synth 8-7071] port 'CLKOUT2B' of module 'MMCME2_BASE' is unconnected for instance 'u_clk_mmcm' [V:/YH_rv_cpu/fpga/vivado/src/YH_rv_cpu_fpga_top.v:115]
WARNING: [Synth 8-7071] port 'CLKOUT3B' of module 'MMCME2_BASE' is unconnected for instance 'u_clk_mmcm' [V:/YH_rv_cpu/fpga/vivado/src/YH_rv_cpu_fpga_top.v:115]
WARNING: [Synth 8-7023] instance 'u_clk_mmcm' of module 'MMCME2_BASE' has 18 connections declared, but only 13 given [V:/YH_rv_cpu/fpga/vivado/src/YH_rv_cpu_fpga_top.v:115]
INFO: [Synth 8-6157] synthesizing module 'BUFG' [D:/Vivado/2025.2/Vivado/scripts/rt/data/unisim_comp.v:2678]
INFO: [Synth 8-6155] done synthesizing module 'BUFG' (0#1) [D:/Vivado/2025.2/Vivado/scripts/rt/data/unisim_comp.v:2678]
INFO: [Synth 8-6157] synthesizing module 'YH_rv_cpu_soc' [V:/YH_rv_cpu/rtl/YH_rv_cpu_soc.v:16]
	Parameter XLEN bound to: 32 - type: integer 
	Parameter SYNC_IMEM bound to: 1 - type: integer 
	Parameter IMEM_OUTPUT_REG bound to: 0 - type: integer 
	Parameter SYNC_DMEM bound to: 1 - type: integer 
	Parameter DMEM_OUTPUT_REG bound to: 0 - type: integer 
	Parameter ENABLE_M_EXTENSION bound to: 0 - type: integer 
	Parameter ENABLE_ZMMUL_EXTENSION bound to: 1 - type: integer 
	Parameter ENABLE_BITMANIP_EXTENSION bound to: 1 - type: integer 
	Parameter ENABLE_ZBC_EXTENSION bound to: 1 - type: integer 
	Parameter ENABLE_ZICOND_EXTENSION bound to: 0 - type: integer 
	Parameter ENABLE_ZBKB_EXTENSION bound to: 0 - type: integer 
	Parameter ENABLE_XTHEAD_EXTENSION bound to: 1 - type: integer 
	Parameter ENABLE_XTHEAD_COND_MOVE bound to: 1 - type: integer 
	Parameter ENABLE_ID_BRANCH_EX_FORWARD bound to: 1 - type: integer 
	Parameter RESET_VECTOR bound to: 32'b00000000000000000000000000000000 
	Parameter ROM_BYTES bound to: 8192 - type: integer 
	Parameter RAM_BYTES bound to: 8192 - type: integer 
	Parameter ROM_INIT_HEX bound to: V:/YH_rv_cpu/build/sw/YH_rv_cpu_demo.hex - type: string 
	Parameter ROM_INIT_MEM32_HEX bound to: V:/YH_rv_cpu/build/sw/YH_rv_cpu_demo.mem32.hex - type: string 
INFO: [Synth 8-6157] synthesizing module 'YH_rv_sync_rom32' [V:/YH_rv_cpu/rtl/YH_rv_sync_rom32.v:1]
	Parameter ROM_WORDS bound to: 2048 - type: integer 
	Parameter ROM_INIT_HEX bound to: V:/YH_rv_cpu/build/sw/YH_rv_cpu_demo.mem32.hex - type: string 
	Parameter IMEM_OUTPUT_REG bound to: 0 - type: integer 
INFO: [Synth 8-3876] $readmem data file 'V:/YH_rv_cpu/build/sw/YH_rv_cpu_demo.mem32.hex' is read successfully [V:/YH_rv_cpu/rtl/YH_rv_sync_rom32.v:43]
INFO: [Synth 8-6155] done synthesizing module 'YH_rv_sync_rom32' (0#1) [V:/YH_rv_cpu/rtl/YH_rv_sync_rom32.v:1]
WARNING: [Synth 8-693] zero replication count - replication ignored [V:/YH_rv_cpu/rtl/YH_rv_cpu_soc.v:276]
INFO: [Synth 8-6157] synthesizing module 'YH_rv_dmem_ram' [V:/YH_rv_cpu/rtl/YH_rv_dmem_ram.v:1]
	Parameter XLEN bound to: 32 - type: integer 
	Parameter RAM_BYTES bound to: 8192 - type: integer 
	Parameter SYNC_READ bound to: 1 - type: integer 
	Parameter OUTPUT_REG bound to: 0 - type: integer 
	Parameter READ_NEGEDGE bound to: 0 - type: integer 
INFO: [Synth 8-6155] done synthesizing module 'YH_rv_dmem_ram' (0#1) [V:/YH_rv_cpu/rtl/YH_rv_dmem_ram.v:1]
INFO: [Synth 8-6157] synthesizing module 'YH_rv_cpu' [V:/YH_rv_cpu/rtl/YH_rv_cpu.v:21]
	Parameter XLEN bound to: 32 - type: integer 
	Parameter IMEM_SYNC bound to: 1 - type: integer 
	Parameter IMEM_OUTPUT_REG bound to: 0 - type: integer 
	Parameter DMEM_SYNC bound to: 1 - type: integer 
	Parameter LOAD_USE_FAST_FORWARD bound to: 0 - type: integer 
	Parameter DCACHE_EN bound to: 0 - type: integer 
	Parameter ICACHE_EN bound to: 0 - type: integer 
	Parameter ENABLE_M_EXTENSION bound to: 0 - type: integer 
	Parameter ENABLE_ZMMUL_EXTENSION bound to: 1 - type: integer 
	Parameter ENABLE_BITMANIP_EXTENSION bound to: 1 - type: integer 
	Parameter ENABLE_ZBC_EXTENSION bound to: 1 - type: integer 
	Parameter ENABLE_ZICOND_EXTENSION bound to: 0 - type: integer 
	Parameter ENABLE_ZBKB_EXTENSION bound to: 0 - type: integer 
	Parameter ENABLE_XTHEAD_EXTENSION bound to: 1 - type: integer 
	Parameter ENABLE_XTHEAD_COND_MOVE bound to: 1 - type: integer 
	Parameter ENABLE_ID_BRANCH_EX_FORWARD bound to: 1 - type: integer 
	Parameter RESET_VECTOR bound to: 32'b00000000000000000000000000000000 
INFO: [Synth 8-6157] synthesizing module 'YH_rv_cpu_mem_stage' [V:/YH_rv_cpu/rtl/YH_rv_cpu_mem_stage.v:14]
	Parameter XLEN bound to: 32 - type: integer 
WARNING: [Synth 8-693] zero replication count - replication ignored [V:/YH_rv_cpu/rtl/YH_rv_cpu_mem_stage.v:106]
WARNING: [Synth 8-693] zero replication count - replication ignored [V:/YH_rv_cpu/rtl/YH_rv_cpu_mem_stage.v:106]
INFO: [Synth 8-6155] done synthesizing module 'YH_rv_cpu_mem_stage' (0#1) [V:/YH_rv_cpu/rtl/YH_rv_cpu_mem_stage.v:14]
WARNING: [Synth 8-693] zero replication count - replication ignored [V:/YH_rv_cpu/rtl/YH_rv_cpu.v:567]
WARNING: [Synth 8-693] zero replication count - replication ignored [V:/YH_rv_cpu/rtl/YH_rv_cpu.v:573]
WARNING: [Synth 8-693] zero replication count - replication ignored [V:/YH_rv_cpu/rtl/YH_rv_cpu.v:574]
WARNING: [Synth 8-693] zero replication count - replication ignored [V:/YH_rv_cpu/rtl/YH_rv_cpu.v:575]
WARNING: [Synth 8-693] zero replication count - replication ignored [V:/YH_rv_cpu/rtl/YH_rv_cpu.v:576]
WARNING: [Synth 8-693] zero replication count - replication ignored [V:/YH_rv_cpu/rtl/YH_rv_cpu.v:577]
WARNING: [Synth 8-693] zero replication count - replication ignored [V:/YH_rv_cpu/rtl/YH_rv_cpu.v:578]
WARNING: [Synth 8-693] zero replication count - replication ignored [V:/YH_rv_cpu/rtl/YH_rv_cpu.v:579]
INFO: [Synth 8-6157] synthesizing module 'YH_rv_cpu_if_stage' [V:/YH_rv_cpu/rtl/YH_rv_cpu_if_stage.v:11]
	Parameter XLEN bound to: 32 - type: integer 
INFO: [Synth 8-6155] done synthesizing module 'YH_rv_cpu_if_stage' (0#1) [V:/YH_rv_cpu/rtl/YH_rv_cpu_if_stage.v:11]
INFO: [Synth 8-6157] synthesizing module 'YH_rv_cpu_regfile' [V:/YH_rv_cpu/rtl/YH_rv_cpu_regfile.v:12]
	Parameter XLEN bound to: 32 - type: integer 
INFO: [Synth 8-6155] done synthesizing module 'YH_rv_cpu_regfile' (0#1) [V:/YH_rv_cpu/rtl/YH_rv_cpu_regfile.v:12]
INFO: [Synth 8-6157] synthesizing module 'YH_rv_cpu_id_stage' [V:/YH_rv_cpu/rtl/YH_rv_cpu_id_stage.v:12]
	Parameter XLEN bound to: 32 - type: integer 
	Parameter ENABLE_M_EXTENSION bound to: 0 - type: integer 
	Parameter ENABLE_ZMMUL_EXTENSION bound to: 1 - type: integer 
	Parameter ENABLE_BITMANIP_EXTENSION bound to: 1 - type: integer 
	Parameter ENABLE_ZBC_EXTENSION bound to: 1 - type: integer 
	Parameter ENABLE_ZICOND_EXTENSION bound to: 0 - type: integer 
	Parameter ENABLE_ZBKB_EXTENSION bound to: 0 - type: integer 
	Parameter ENABLE_XTHEAD_EXTENSION bound to: 1 - type: integer 
INFO: [Synth 8-6157] synthesizing module 'YH_rv_cpu_decoder' [V:/YH_rv_cpu/rtl/YH_rv_cpu_decoder.v:13]
	Parameter XLEN bound to: 32 - type: integer 
	Parameter ENABLE_M_EXTENSION bound to: 0 - type: integer 
	Parameter ENABLE_ZMMUL_EXTENSION bound to: 1 - type: integer 
	Parameter ENABLE_BITMANIP_EXTENSION bound to: 1 - type: integer 
	Parameter ENABLE_ZBC_EXTENSION bound to: 1 - type: integer 
	Parameter ENABLE_ZICOND_EXTENSION bound to: 0 - type: integer 
	Parameter ENABLE_ZBKB_EXTENSION bound to: 0 - type: integer 
	Parameter ENABLE_XTHEAD_EXTENSION bound to: 1 - type: integer 
WARNING: [Synth 8-693] zero replication count - replication ignored [V:/YH_rv_cpu/rtl/YH_rv_cpu_decoder.v:139]
INFO: [Synth 8-226] default block is never used [V:/YH_rv_cpu/rtl/YH_rv_cpu_decoder.v:347]
INFO: [Synth 8-226] default block is never used [V:/YH_rv_cpu/rtl/YH_rv_cpu_decoder.v:410]
INFO: [Synth 8-226] default block is never used [V:/YH_rv_cpu/rtl/YH_rv_cpu_decoder.v:446]
INFO: [Synth 8-6155] done synthesizing module 'YH_rv_cpu_decoder' (0#1) [V:/YH_rv_cpu/rtl/YH_rv_cpu_decoder.v:13]
INFO: [Synth 8-6155] done synthesizing module 'YH_rv_cpu_id_stage' (0#1) [V:/YH_rv_cpu/rtl/YH_rv_cpu_id_stage.v:12]
INFO: [Synth 8-6157] synthesizing module 'YH_rv_cpu_hazard_unit' [V:/YH_rv_cpu/rtl/YH_rv_cpu_hazard_unit.v:11]
	Parameter LOAD_USE_FAST_FORWARD bound to: 0 - type: integer 
INFO: [Synth 8-6155] done synthesizing module 'YH_rv_cpu_hazard_unit' (0#1) [V:/YH_rv_cpu/rtl/YH_rv_cpu_hazard_unit.v:11]
INFO: [Synth 8-6157] synthesizing module 'YH_rv_cpu_ex_stage' [V:/YH_rv_cpu/rtl/YH_rv_cpu_ex_stage.v:14]
	Parameter XLEN bound to: 32 - type: integer 
	Parameter ENABLE_M_EXTENSION bound to: 0 - type: integer 
	Parameter ENABLE_ZMMUL_EXTENSION bound to: 1 - type: integer 
	Parameter ENABLE_BITMANIP_EXTENSION bound to: 1 - type: integer 
	Parameter ENABLE_ZBC_EXTENSION bound to: 1 - type: integer 
	Parameter ENABLE_ZICOND_EXTENSION bound to: 0 - type: integer 
	Parameter ENABLE_ZBKB_EXTENSION bound to: 0 - type: integer 
	Parameter ENABLE_XTHEAD_EXTENSION bound to: 1 - type: integer 
WARNING: [Synth 8-693] zero replication count - replication ignored [V:/YH_rv_cpu/rtl/YH_rv_cpu_ex_stage.v:124]
INFO: [Synth 8-6157] synthesizing module 'YH_rv_cpu_alu' [V:/YH_rv_cpu/rtl/YH_rv_cpu_alu.v:17]
	Parameter XLEN bound to: 32 - type: integer 
	Parameter ENABLE_M_EXTENSION bound to: 0 - type: integer 
	Parameter ENABLE_ZMMUL_EXTENSION bound to: 1 - type: integer 
	Parameter ENABLE_BITMANIP_EXTENSION bound to: 1 - type: integer 
	Parameter ENABLE_ZBC_EXTENSION bound to: 1 - type: integer 
	Parameter ENABLE_ZICOND_EXTENSION bound to: 0 - type: integer 
	Parameter ENABLE_ZBKB_EXTENSION bound to: 0 - type: integer 
	Parameter ENABLE_XTHEAD_EXTENSION bound to: 1 - type: integer 
INFO: [Synth 8-6155] done synthesizing module 'YH_rv_cpu_alu' (0#1) [V:/YH_rv_cpu/rtl/YH_rv_cpu_alu.v:17]
WARNING: [Synth 8-693] zero replication count - replication ignored [V:/YH_rv_cpu/rtl/YH_rv_cpu_ex_stage.v:232]
WARNING: [Synth 8-693] zero replication count - replication ignored [V:/YH_rv_cpu/rtl/YH_rv_cpu_ex_stage.v:233]
INFO: [Synth 8-6155] done synthesizing module 'YH_rv_cpu_ex_stage' (0#1) [V:/YH_rv_cpu/rtl/YH_rv_cpu_ex_stage.v:14]
INFO: [Synth 8-6157] synthesizing module 'YH_rv_cpu_wb_stage' [V:/YH_rv_cpu/rtl/YH_rv_cpu_wb_stage.v:15]
	Parameter XLEN bound to: 32 - type: integer 
INFO: [Synth 8-6155] done synthesizing module 'YH_rv_cpu_wb_stage' (0#1) [V:/YH_rv_cpu/rtl/YH_rv_cpu_wb_stage.v:15]
INFO: [Synth 8-6155] done synthesizing module 'YH_rv_cpu' (0#1) [V:/YH_rv_cpu/rtl/YH_rv_cpu.v:21]
INFO: [Synth 8-6155] done synthesizing module 'YH_rv_cpu_soc' (0#1) [V:/YH_rv_cpu/rtl/YH_rv_cpu_soc.v:16]
INFO: [Synth 8-6157] synthesizing module 'YH_rv_uart_tx' [V:/YH_rv_cpu/fpga/vivado/src/YH_rv_uart_tx.v:1]
	Parameter CLK_FREQ_HZ bound to: 62500000 - type: integer 
	Parameter BAUD_RATE bound to: 115200 - type: integer 
INFO: [Synth 8-6155] done synthesizing module 'YH_rv_uart_tx' (0#1) [V:/YH_rv_cpu/fpga/vivado/src/YH_rv_uart_tx.v:1]
INFO: [Synth 8-6155] done synthesizing module 'YH_rv_cpu_fpga_top' (0#1) [V:/YH_rv_cpu/fpga/vivado/src/YH_rv_cpu_fpga_top.v:1]
WARNING: [Synth 8-6014] Unused sequential element fetch_pc_d1_r_reg was removed.  [V:/YH_rv_cpu/rtl/YH_rv_cpu.v:1453]
WARNING: [Synth 8-6014] Unused sequential element fetch_valid_d1_r_reg was removed.  [V:/YH_rv_cpu/rtl/YH_rv_cpu.v:1455]
WARNING: [Synth 8-3848] Net dmem_we in module/entity YH_rv_cpu does not have driver. [V:/YH_rv_cpu/rtl/YH_rv_cpu.v:67]
WARNING: [Synth 8-6014] Unused sequential element g_dmem_posedge_tracking.dmem_read_src_d1_r_reg was removed.  [V:/YH_rv_cpu/rtl/YH_rv_cpu_soc.v:508]
WARNING: [Synth 8-6014] Unused sequential element g_dmem_posedge_tracking.dmem_nonram_rdata_d1_r_reg was removed.  [V:/YH_rv_cpu/rtl/YH_rv_cpu_soc.v:510]
WARNING: [Synth 8-6014] Unused sequential element g_dmem_posedge_tracking.dmem_rvalid_sync_d1_r_reg was removed.  [V:/YH_rv_cpu/rtl/YH_rv_cpu_soc.v:512]
WARNING: [Synth 8-3936] Found unconnected internal register 'mmio_read_data_ext_reg' and it is trimmed from '64' to '32' bits. [V:/YH_rv_cpu/rtl/YH_rv_cpu_soc.v:370]
WARNING: [Synth 8-7129] Port word_op in module YH_rv_cpu_ex_stage is either unconnected or has no load
WARNING: [Synth 8-7129] Port dmem_we in module YH_rv_cpu is either unconnected or has no load
WARNING: [Synth 8-7129] Port dmem_ready in module YH_rv_cpu is either unconnected or has no load
WARNING: [Synth 8-7129] Port rst_n in module YH_rv_sync_rom32 is either unconnected or has no load
WARNING: [Synth 8-7129] Port data_req in module YH_rv_sync_rom32 is either unconnected or has no load
WARNING: [Synth 8-7129] Port data_word_index[31] in module YH_rv_sync_rom32 is either unconnected or has no load
WARNING: [Synth 8-7129] Port data_word_index[30] in module YH_rv_sync_rom32 is either unconnected or has no load
WARNING: [Synth 8-7129] Port data_word_index[29] in module YH_rv_sync_rom32 is either unconnected or has no load
WARNING: [Synth 8-7129] Port data_word_index[28] in module YH_rv_sync_rom32 is either unconnected or has no load
WARNING: [Synth 8-7129] Port data_word_index[27] in module YH_rv_sync_rom32 is either unconnected or has no load
WARNING: [Synth 8-7129] Port data_word_index[26] in module YH_rv_sync_rom32 is either unconnected or has no load
WARNING: [Synth 8-7129] Port data_word_index[25] in module YH_rv_sync_rom32 is either unconnected or has no load
WARNING: [Synth 8-7129] Port data_word_index[24] in module YH_rv_sync_rom32 is either unconnected or has no load
WARNING: [Synth 8-7129] Port data_word_index[23] in module YH_rv_sync_rom32 is either unconnected or has no load
WARNING: [Synth 8-7129] Port data_word_index[22] in module YH_rv_sync_rom32 is either unconnected or has no load
WARNING: [Synth 8-7129] Port data_word_index[21] in module YH_rv_sync_rom32 is either unconnected or has no load
WARNING: [Synth 8-7129] Port data_word_index[20] in module YH_rv_sync_rom32 is either unconnected or has no load
WARNING: [Synth 8-7129] Port data_word_index[19] in module YH_rv_sync_rom32 is either unconnected or has no load
WARNING: [Synth 8-7129] Port data_word_index[18] in module YH_rv_sync_rom32 is either unconnected or has no load
WARNING: [Synth 8-7129] Port data_word_index[17] in module YH_rv_sync_rom32 is either unconnected or has no load
WARNING: [Synth 8-7129] Port data_word_index[16] in module YH_rv_sync_rom32 is either unconnected or has no load
WARNING: [Synth 8-7129] Port data_word_index[15] in module YH_rv_sync_rom32 is either unconnected or has no load
WARNING: [Synth 8-7129] Port data_word_index[14] in module YH_rv_sync_rom32 is either unconnected or has no load
WARNING: [Synth 8-7129] Port data_word_index[13] in module YH_rv_sync_rom32 is either unconnected or has no load
WARNING: [Synth 8-7129] Port data_word_index[12] in module YH_rv_sync_rom32 is either unconnected or has no load
WARNING: [Synth 8-7129] Port data_word_index[11] in module YH_rv_sync_rom32 is either unconnected or has no load
WARNING: [Synth 8-7129] Port uart_txd_in in module YH_rv_cpu_fpga_top is either unconnected or has no load
---------------------------------------------------------------------------------
Finished RTL Elaboration : Time (s): cpu = 00:00:09 ; elapsed = 00:00:09 . Memory (MB): peak = 1515.234 ; gain = 703.500
---------------------------------------------------------------------------------
---------------------------------------------------------------------------------
Start Handling Custom Attributes
---------------------------------------------------------------------------------
---------------------------------------------------------------------------------
Finished Handling Custom Attributes : Time (s): cpu = 00:00:09 ; elapsed = 00:00:09 . Memory (MB): peak = 1515.234 ; gain = 703.500
---------------------------------------------------------------------------------
---------------------------------------------------------------------------------
Finished RTL Optimization Phase 1 : Time (s): cpu = 00:00:09 ; elapsed = 00:00:09 . Memory (MB): peak = 1515.234 ; gain = 703.500
---------------------------------------------------------------------------------
Netlist sorting complete. Time (s): cpu = 00:00:00 ; elapsed = 00:00:00.122 . Memory (MB): peak = 1515.234 ; gain = 0.000
INFO: [Netlist 29-17] Analyzing 1 Unisim elements for replacement
INFO: [Netlist 29-28] Unisim Transformation completed in 0 CPU seconds
INFO: [Project 1-570] Preparing netlist for logic optimization

Processing XDC Constraints
Initializing timing engine
Parsing XDC File [V:/YH_rv_cpu/fpga/vivado/constraints/pynq_z2_template.xdc]
Finished Parsing XDC File [V:/YH_rv_cpu/fpga/vivado/constraints/pynq_z2_template.xdc]
INFO: [Project 1-236] Implementation specific constraints were found while reading constraint file [V:/YH_rv_cpu/fpga/vivado/constraints/pynq_z2_template.xdc]. These constraints will be ignored for synthesis but will be used in implementation. Impacted constraints are listed in the file [.Xil/YH_rv_cpu_fpga_top_propImpl.xdc].
Resolution: To avoid this warning, move constraints listed in [.Xil/YH_rv_cpu_fpga_top_propImpl.xdc] to another XDC file and exclude this new file from synthesis with the used_in_synthesis property (File Properties dialog in GUI) and re-run elaboration/synthesis.
Parsing XDC File [V:/project/pynq_z2_clock_8p000.xdc]
Finished Parsing XDC File [V:/project/pynq_z2_clock_8p000.xdc]
INFO: [Timing 38-2] Deriving generated clocks
Completed Processing XDC Constraints

Netlist sorting complete. Time (s): cpu = 00:00:00 ; elapsed = 00:00:00.003 . Memory (MB): peak = 1568.094 ; gain = 0.000
INFO: [Project 1-111] Unisim Transformation Summary:
  A total of 1 instances were transformed.
  MMCME2_BASE => MMCME2_ADV: 1 instance 

Constraint Validation Runtime : Time (s): cpu = 00:00:00 ; elapsed = 00:00:00.045 . Memory (MB): peak = 1568.094 ; gain = 0.000
---------------------------------------------------------------------------------
Finished Constraint Validation : Time (s): cpu = 00:00:20 ; elapsed = 00:00:20 . Memory (MB): peak = 1568.094 ; gain = 756.359
---------------------------------------------------------------------------------
---------------------------------------------------------------------------------
Start Loading Part and Timing Information
---------------------------------------------------------------------------------
Loading part: xc7z020clg400-1
---------------------------------------------------------------------------------
Finished Loading Part and Timing Information : Time (s): cpu = 00:00:20 ; elapsed = 00:00:20 . Memory (MB): peak = 1568.094 ; gain = 756.359
---------------------------------------------------------------------------------
---------------------------------------------------------------------------------
Start Applying 'set_property' XDC Constraints
---------------------------------------------------------------------------------
---------------------------------------------------------------------------------
Finished applying 'set_property' XDC Constraints : Time (s): cpu = 00:00:20 ; elapsed = 00:00:20 . Memory (MB): peak = 1568.094 ; gain = 756.359
---------------------------------------------------------------------------------
---------------------------------------------------------------------------------
Finished RTL Optimization Phase 2 : Time (s): cpu = 00:00:22 ; elapsed = 00:00:23 . Memory (MB): peak = 1568.094 ; gain = 756.359
---------------------------------------------------------------------------------
---------------------------------------------------------------------------------
Start RTL Component Statistics 
---------------------------------------------------------------------------------
Detailed RTL Component Info : 
+---Adders : 
	   2 Input   64 Bit       Adders := 2     
	   2 Input   32 Bit       Adders := 9     
	   3 Input   32 Bit       Adders := 2     
	   2 Input   10 Bit       Adders := 1     
	   3 Input    7 Bit       Adders := 1     
	   2 Input    4 Bit       Adders := 1     
	   2 Input    2 Bit       Adders := 1     
+---XORs : 
	   2 Input     64 Bit         XORs := 31    
	   2 Input     32 Bit         XORs := 2     
+---Registers : 
	               64 Bit    Registers := 2     
	               32 Bit    Registers := 67    
	               10 Bit    Registers := 2     
	                8 Bit    Registers := 2     
	                6 Bit    Registers := 1     
	                5 Bit    Registers := 8     
	                4 Bit    Registers := 2     
	                3 Bit    Registers := 2     
	                2 Bit    Registers := 9     
	                1 Bit    Registers := 49    
+---Multipliers : 
	              32x64  Multipliers := 1     
	              32x32  Multipliers := 1     
+---RAMs : 
	              64K Bit	(2048 X 32 bit)          RAMs := 1     
+---ROMs : 
	                    ROMs := 2     
+---Muxes : 
	   2 Input   64 Bit        Muxes := 36    
	   2 Input   32 Bit        Muxes := 133   
	   4 Input   32 Bit        Muxes := 2     
	   8 Input   32 Bit        Muxes := 1     
	   6 Input   32 Bit        Muxes := 2     
	   3 Input   32 Bit        Muxes := 5     
	   2 Input   10 Bit        Muxes := 3     
	   2 Input    8 Bit        Muxes := 4     
	   3 Input    8 Bit        Muxes := 1     
	   5 Input    6 Bit        Muxes := 1     
	   2 Input    5 Bit        Muxes := 19    
	   3 Input    5 Bit        Muxes := 3     
	   4 Input    5 Bit        Muxes := 3     
	   2 Input    4 Bit        Muxes := 3     
	   8 Input    4 Bit        Muxes := 1     
	   4 Input    4 Bit        Muxes := 1     
	   8 Input    2 Bit        Muxes := 2     
	   2 Input    2 Bit        Muxes := 7     
	   4 Input    2 Bit        Muxes := 1     
	   6 Input    2 Bit        Muxes := 2     
	   3 Input    2 Bit        Muxes := 2     
	   2 Input    1 Bit        Muxes := 168   
	   8 Input    1 Bit        Muxes := 7     
	   6 Input    1 Bit        Muxes := 12    
	   4 Input    1 Bit        Muxes := 1     
	   3 Input    1 Bit        Muxes := 4     
	  38 Input    1 Bit        Muxes := 1     
	   5 Input    1 Bit        Muxes := 1     
---------------------------------------------------------------------------------
Finished RTL Component Statistics 
---------------------------------------------------------------------------------
---------------------------------------------------------------------------------
Start Part Resource Summary
---------------------------------------------------------------------------------
Part Resources:
DSPs: 220 (col length:60)
BRAMs: 280 (col length: RAMB18 60 RAMB36 30)
---------------------------------------------------------------------------------
Finished Part Resource Summary
---------------------------------------------------------------------------------
---------------------------------------------------------------------------------
Start Cross Boundary and Area Optimization
---------------------------------------------------------------------------------
DSP Report: Generating DSP gen_mul_extension.mul_signed, operation Mode is: A*B.
DSP Report: operator gen_mul_extension.mul_signed is absorbed into DSP gen_mul_extension.mul_signed.
DSP Report: operator gen_mul_extension.mul_signed is absorbed into DSP gen_mul_extension.mul_signed.
DSP Report: Generating DSP gen_mul_extension.mul_signed, operation Mode is: (PCIN>>17)+A*B.
DSP Report: operator gen_mul_extension.mul_signed is absorbed into DSP gen_mul_extension.mul_signed.
DSP Report: operator gen_mul_extension.mul_signed is absorbed into DSP gen_mul_extension.mul_signed.
DSP Report: Generating DSP gen_mul_extension.mul_signed, operation Mode is: A*B.
DSP Report: operator gen_mul_extension.mul_signed is absorbed into DSP gen_mul_extension.mul_signed.
DSP Report: operator gen_mul_extension.mul_signed is absorbed into DSP gen_mul_extension.mul_signed.
DSP Report: Generating DSP gen_mul_extension.mul_signed, operation Mode is: (PCIN>>17)+A*B.
DSP Report: operator gen_mul_extension.mul_signed is absorbed into DSP gen_mul_extension.mul_signed.
DSP Report: operator gen_mul_extension.mul_signed is absorbed into DSP gen_mul_extension.mul_signed.
DSP Report: Generating DSP gen_mul_extension.mul_mix, operation Mode is: A*B.
DSP Report: operator gen_mul_extension.mul_mix is absorbed into DSP gen_mul_extension.mul_mix.
DSP Report: operator gen_mul_extension.mul_mix is absorbed into DSP gen_mul_extension.mul_mix.
DSP Report: Generating DSP gen_mul_extension.mul_mix, operation Mode is: (PCIN>>17)+A*B.
DSP Report: operator gen_mul_extension.mul_mix is absorbed into DSP gen_mul_extension.mul_mix.
DSP Report: operator gen_mul_extension.mul_mix is absorbed into DSP gen_mul_extension.mul_mix.
DSP Report: Generating DSP gen_mul_extension.mul_mix, operation Mode is: A*B.
DSP Report: operator gen_mul_extension.mul_mix is absorbed into DSP gen_mul_extension.mul_mix.
DSP Report: operator gen_mul_extension.mul_mix is absorbed into DSP gen_mul_extension.mul_mix.
DSP Report: Generating DSP gen_mul_extension.mul_mix, operation Mode is: PCIN+A*B.
DSP Report: operator gen_mul_extension.mul_mix is absorbed into DSP gen_mul_extension.mul_mix.
DSP Report: operator gen_mul_extension.mul_mix is absorbed into DSP gen_mul_extension.mul_mix.
DSP Report: Generating DSP gen_mul_extension.mul_mix, operation Mode is: (PCIN>>17)+A*B.
DSP Report: operator gen_mul_extension.mul_mix is absorbed into DSP gen_mul_extension.mul_mix.
DSP Report: operator gen_mul_extension.mul_mix is absorbed into DSP gen_mul_extension.mul_mix.
DSP Report: Generating DSP gen_mul_extension.mul_mix, operation Mode is: A*B.
DSP Report: operator gen_mul_extension.mul_mix is absorbed into DSP gen_mul_extension.mul_mix.
DSP Report: operator gen_mul_extension.mul_mix is absorbed into DSP gen_mul_extension.mul_mix.
DSP Report: Generating DSP gen_mul_extension.mul_mix, operation Mode is: (PCIN>>17)+A*B.
DSP Report: operator gen_mul_extension.mul_mix is absorbed into DSP gen_mul_extension.mul_mix.
DSP Report: operator gen_mul_extension.mul_mix is absorbed into DSP gen_mul_extension.mul_mix.
DSP Report: Generating DSP gen_mul_extension.mul_mix, operation Mode is: PCIN+A*B.
DSP Report: operator gen_mul_extension.mul_mix is absorbed into DSP gen_mul_extension.mul_mix.
DSP Report: operator gen_mul_extension.mul_mix is absorbed into DSP gen_mul_extension.mul_mix.
DSP Report: Generating DSP gen_mul_extension.mul_unsigned, operation Mode is: A*B.
DSP Report: operator gen_mul_extension.mul_unsigned is absorbed into DSP gen_mul_extension.mul_unsigned.
DSP Report: operator gen_mul_extension.mul_unsigned is absorbed into DSP gen_mul_extension.mul_unsigned.
DSP Report: Generating DSP gen_mul_extension.mul_unsigned, operation Mode is: (PCIN>>17)+A*B.
DSP Report: operator gen_mul_extension.mul_unsigned is absorbed into DSP gen_mul_extension.mul_unsigned.
DSP Report: operator gen_mul_extension.mul_unsigned is absorbed into DSP gen_mul_extension.mul_unsigned.
DSP Report: Generating DSP gen_mul_extension.mul_unsigned, operation Mode is: A*B.
DSP Report: operator gen_mul_extension.mul_unsigned is absorbed into DSP gen_mul_extension.mul_unsigned.
DSP Report: operator gen_mul_extension.mul_unsigned is absorbed into DSP gen_mul_extension.mul_unsigned.
DSP Report: Generating DSP gen_mul_extension.mul_unsigned, operation Mode is: (PCIN>>17)+A*B.
DSP Report: operator gen_mul_extension.mul_unsigned is absorbed into DSP gen_mul_extension.mul_unsigned.
DSP Report: operator gen_mul_extension.mul_unsigned is absorbed into DSP gen_mul_extension.mul_unsigned.
WARNING: [Synth 8-7129] Port word_op in module YH_rv_cpu_ex_stage is either unconnected or has no load
WARNING: [Synth 8-7129] Port dmem_we in module YH_rv_cpu is either unconnected or has no load
WARNING: [Synth 8-7129] Port dmem_ready in module YH_rv_cpu is either unconnected or has no load
WARNING: [Synth 8-7129] Port read_offset[1] in module YH_rv_dmem_ram is either unconnected or has no load
WARNING: [Synth 8-7129] Port read_offset[0] in module YH_rv_dmem_ram is either unconnected or has no load
WARNING: [Synth 8-7129] Port write_offset[1] in module YH_rv_dmem_ram is either unconnected or has no load
WARNING: [Synth 8-7129] Port write_offset[0] in module YH_rv_dmem_ram is either unconnected or has no load
WARNING: [Synth 8-7129] Port rst_n in module YH_rv_sync_rom32 is either unconnected or has no load
WARNING: [Synth 8-7129] Port data_req in module YH_rv_sync_rom32 is either unconnected or has no load
WARNING: [Synth 8-7129] Port data_word_index[31] in module YH_rv_sync_rom32 is either unconnected or has no load
WARNING: [Synth 8-7129] Port data_word_index[30] in module YH_rv_sync_rom32 is either unconnected or has no load
WARNING: [Synth 8-7129] Port data_word_index[29] in module YH_rv_sync_rom32 is either unconnected or has no load
WARNING: [Synth 8-7129] Port data_word_index[28] in module YH_rv_sync_rom32 is either unconnected or has no load
WARNING: [Synth 8-7129] Port data_word_index[27] in module YH_rv_sync_rom32 is either unconnected or has no load
WARNING: [Synth 8-7129] Port data_word_index[26] in module YH_rv_sync_rom32 is either unconnected or has no load
WARNING: [Synth 8-7129] Port data_word_index[25] in module YH_rv_sync_rom32 is either unconnected or has no load
WARNING: [Synth 8-7129] Port data_word_index[24] in module YH_rv_sync_rom32 is either unconnected or has no load
WARNING: [Synth 8-7129] Port data_word_index[23] in module YH_rv_sync_rom32 is either unconnected or has no load
WARNING: [Synth 8-7129] Port data_word_index[22] in module YH_rv_sync_rom32 is either unconnected or has no load
WARNING: [Synth 8-7129] Port data_word_index[21] in module YH_rv_sync_rom32 is either unconnected or has no load
WARNING: [Synth 8-7129] Port data_word_index[20] in module YH_rv_sync_rom32 is either unconnected or has no load
WARNING: [Synth 8-7129] Port data_word_index[19] in module YH_rv_sync_rom32 is either unconnected or has no load
WARNING: [Synth 8-7129] Port data_word_index[18] in module YH_rv_sync_rom32 is either unconnected or has no load
WARNING: [Synth 8-7129] Port data_word_index[17] in module YH_rv_sync_rom32 is either unconnected or has no load
WARNING: [Synth 8-7129] Port data_word_index[16] in module YH_rv_sync_rom32 is either unconnected or has no load
WARNING: [Synth 8-7129] Port data_word_index[15] in module YH_rv_sync_rom32 is either unconnected or has no load
WARNING: [Synth 8-7129] Port data_word_index[14] in module YH_rv_sync_rom32 is either unconnected or has no load
WARNING: [Synth 8-7129] Port data_word_index[13] in module YH_rv_sync_rom32 is either unconnected or has no load
WARNING: [Synth 8-7129] Port data_word_index[12] in module YH_rv_sync_rom32 is either unconnected or has no load
WARNING: [Synth 8-7129] Port data_word_index[11] in module YH_rv_sync_rom32 is either unconnected or has no load
WARNING: [Synth 8-7129] Port uart_txd_in in module YH_rv_cpu_fpga_top is either unconnected or has no load
---------------------------------------------------------------------------------
Finished Cross Boundary and Area Optimization : Time (s): cpu = 00:01:40 ; elapsed = 00:01:42 . Memory (MB): peak = 1865.504 ; gain = 1053.770
---------------------------------------------------------------------------------
 Sort Area is  gen_mul_extension.mul_mix_6 : 0 0 : 3101 8980 : Used 1 time 0
 Sort Area is  gen_mul_extension.mul_mix_6 : 0 1 : 2778 8980 : Used 1 time 0
 Sort Area is  gen_mul_extension.mul_mix_6 : 0 2 : 3101 8980 : Used 1 time 0
 Sort Area is  gen_mul_extension.mul_mix_8 : 0 0 : 2759 8638 : Used 1 time 0
 Sort Area is  gen_mul_extension.mul_mix_8 : 0 1 : 3101 8638 : Used 1 time 0
 Sort Area is  gen_mul_extension.mul_mix_8 : 0 2 : 2778 8638 : Used 1 time 0
 Sort Area is  gen_mul_extension.mul_unsigned_0 : 0 0 : 3101 5879 : Used 1 time 0
 Sort Area is  gen_mul_extension.mul_unsigned_0 : 0 1 : 2778 5879 : Used 1 time 0
 Sort Area is  gen_mul_extension.mul_unsigned_3 : 0 0 : 2759 5418 : Used 1 time 0
 Sort Area is  gen_mul_extension.mul_unsigned_3 : 0 1 : 2659 5418 : Used 1 time 0
 Sort Area is  gen_mul_extension.mul_signed_c : 0 0 : 3101 5261 : Used 1 time 0
 Sort Area is  gen_mul_extension.mul_signed_c : 0 1 : 2160 5261 : Used 1 time 0
 Sort Area is  gen_mul_extension.mul_mix_9 : 0 0 : 2460 4839 : Used 1 time 0
 Sort Area is  gen_mul_extension.mul_mix_9 : 0 1 : 2379 4839 : Used 1 time 0
 Sort Area is  gen_mul_extension.mul_signed_e : 0 0 : 2158 3958 : Used 1 time 0
 Sort Area is  gen_mul_extension.mul_signed_e : 0 1 : 1800 3958 : Used 1 time 0
---------------------------------------------------------------------------------
Start ROM, RAM, DSP, Shift Register and Retiming Reporting
---------------------------------------------------------------------------------

Block RAM: Preliminary Mapping Report (see note below)
+-------------------+--------------------------------------------------------+------------------------+---+---+------------------------+---+---+------------------+--------+--------+
|Module Name        | RTL Object                                             | PORT A (Depth x Width) | W | R | PORT B (Depth x Width) | W | R | Ports driving FF | RAMB18 | RAMB36 | 
+-------------------+--------------------------------------------------------+------------------------+---+---+------------------------+---+---+------------------+--------+--------+
|YH_rv_cpu_fpga_top | u_soc/u_dmem_ram/g_sync_ram.g_posedge_read.ram_mem_reg | 2 K x 32(READ_FIRST)   | W |   | 2 K x 32(WRITE_FIRST)  |   | R | Port A and B     | 0      | 2      | 
+-------------------+--------------------------------------------------------+------------------------+---+---+------------------------+---+---+------------------+--------+--------+

Note: The table above is a preliminary report that shows the Block RAMs at the current stage of the synthesis flow. Some Block RAMs may be reimplemented as non Block RAM primitives later in the synthesis flow. Multiple instantiated Block RAMs are reported only once. 

DSP: Preliminary Mapping Report (see note below. The ' indicates corresponding REG is set)
+--------------+----------------+--------+--------+--------+--------+--------+------+------+------+------+-------+------+------+
|Module Name   | DSP Mapping    | A Size | B Size | C Size | D Size | P Size | AREG | BREG | CREG | DREG | ADREG | MREG | PREG | 
+--------------+----------------+--------+--------+--------+--------+--------+------+------+------+------+-------+------+------+
|YH_rv_cpu_alu | A*B            | 18     | 15     | -      | -      | 48     | 0    | 0    | -    | -    | -     | 0    | 0    | 
|YH_rv_cpu_alu | (PCIN>>17)+A*B | 15     | 15     | -      | -      | 30     | 0    | 0    | -    | -    | -     | 0    | 0    | 
|YH_rv_cpu_alu | A*B            | 18     | 18     | -      | -      | 48     | 0    | 0    | -    | -    | -     | 0    | 0    | 
|YH_rv_cpu_alu | (PCIN>>17)+A*B | 18     | 15     | -      | -      | 47     | 0    | 0    | -    | -    | -     | 0    | 0    | 
|YH_rv_cpu_alu | A*B            | 18     | 14     | -      | -      | 48     | 0    | 0    | -    | -    | -     | 0    | 0    | 
|YH_rv_cpu_alu | (PCIN>>17)+A*B | 16     | 14     | -      | -      | 48     | 0    | 0    | -    | -    | -     | 0    | 0    | 
|YH_rv_cpu_alu | A*B            | 18     | 16     | -      | -      | 48     | 0    | 0    | -    | -    | -     | 0    | 0    | 
|YH_rv_cpu_alu | PCIN+A*B       | 18     | 18     | -      | -      | 48     | 0    | 0    | -    | -    | -     | 0    | 0    | 
|YH_rv_cpu_alu | (PCIN>>17)+A*B | 18     | 16     | -      | -      | 48     | 0    | 0    | -    | -    | -     | 0    | 0    | 
|YH_rv_cpu_alu | A*B            | 18     | 18     | -      | -      | 48     | 0    | 0    | -    | -    | -     | 0    | 0    | 
|YH_rv_cpu_alu | (PCIN>>17)+A*B | 18     | 16     | -      | -      | 48     | 0    | 0    | -    | -    | -     | 0    | 0    | 
|YH_rv_cpu_alu | PCIN+A*B       | 18     | 18     | -      | -      | 48     | 0    | 0    | -    | -    | -     | 0    | 0    | 
|YH_rv_cpu_alu | A*B            | 18     | 16     | -      | -      | 48     | 0    | 0    | -    | -    | -     | 0    | 0    | 
|YH_rv_cpu_alu | (PCIN>>17)+A*B | 16     | 16     | -      | -      | 48     | 0    | 0    | -    | -    | -     | 0    | 0    | 
|YH_rv_cpu_alu | A*B            | 18     | 18     | -      | -      | 48     | 0    | 0    | -    | -    | -     | 0    | 0    | 
|YH_rv_cpu_alu | (PCIN>>17)+A*B | 18     | 16     | -      | -      | 48     | 0    | 0    | -    | -    | -     | 0    | 0    | 
+--------------+----------------+--------+--------+--------+--------+--------+------+------+------+------+-------+------+------+

Note: The table above is a preliminary report that shows the DSPs inferred at the current stage of the synthesis flow. Some DSP may be reimplemented as non DSP primitives later in the synthesis flow. Multiple instantiated DSPs are reported only once.
---------------------------------------------------------------------------------
Finished ROM, RAM, DSP, Shift Register and Retiming Reporting
---------------------------------------------------------------------------------
---------------------------------------------------------------------------------
Start Applying XDC Timing Constraints
---------------------------------------------------------------------------------
---------------------------------------------------------------------------------
Finished Applying XDC Timing Constraints : Time (s): cpu = 00:01:48 ; elapsed = 00:01:49 . Memory (MB): peak = 1865.504 ; gain = 1053.770
---------------------------------------------------------------------------------
---------------------------------------------------------------------------------
Start Timing Optimization
---------------------------------------------------------------------------------
---------------------------------------------------------------------------------
Finished Timing Optimization : Time (s): cpu = 00:02:28 ; elapsed = 00:02:30 . Memory (MB): peak = 2028.328 ; gain = 1216.594
---------------------------------------------------------------------------------
---------------------------------------------------------------------------------
Start ROM, RAM, DSP, Shift Register and Retiming Reporting
---------------------------------------------------------------------------------

Block RAM: Final Mapping Report
+-------------------+--------------------------------------------------------+------------------------+---+---+------------------------+---+---+------------------+--------+--------+
|Module Name        | RTL Object                                             | PORT A (Depth x Width) | W | R | PORT B (Depth x Width) | W | R | Ports driving FF | RAMB18 | RAMB36 | 
+-------------------+--------------------------------------------------------+------------------------+---+---+------------------------+---+---+------------------+--------+--------+
|YH_rv_cpu_fpga_top | u_soc/u_dmem_ram/g_sync_ram.g_posedge_read.ram_mem_reg | 2 K x 32(READ_FIRST)   | W |   | 2 K x 32(WRITE_FIRST)  |   | R | Port A and B     | 0      | 2      | 
+-------------------+--------------------------------------------------------+------------------------+---+---+------------------------+---+---+------------------+--------+--------+

---------------------------------------------------------------------------------
Finished ROM, RAM, DSP, Shift Register and Retiming Reporting
---------------------------------------------------------------------------------
---------------------------------------------------------------------------------
Start Technology Mapping
---------------------------------------------------------------------------------
INFO: [Synth 8-5816] Retiming module `YH_rv_cpu_fpga_top`
	Numbers of forward move = 0, and backward move = 1

	Retimed registers names:
		u_soc/u_cpu/fetch_buf0_valid_r_reg_bret
		u_soc/u_cpu/fetch_buf0_valid_r_reg_bret__0
		u_soc/u_cpu/fetch_buf0_valid_r_reg_bret__1
		u_soc/u_cpu/fetch_buf0_valid_r_reg_bret__2
		u_soc/u_cpu/fetch_buf0_valid_r_reg_bret__3
 

INFO: [Synth 8-5816] Retiming module `YH_rv_cpu_fpga_top' done


INFO: [Synth 8-7052] The timing for the instance u_soc/g_shared_sync_rom.u_sync_rom/imem_rdata_r_reg_0 (implemented as a Block RAM) might be sub-optimal as no optional output register could be merged into the ram block. Providing additional output register may help in improving timing.
INFO: [Synth 8-7052] The timing for the instance u_soc/g_shared_sync_rom.u_sync_rom/imem_rdata_r_reg_0 (implemented as a Block RAM) might be sub-optimal as no optional output register could be merged into the ram block. Providing additional output register may help in improving timing.
INFO: [Synth 8-7052] The timing for the instance u_soc/g_shared_sync_rom.u_sync_rom/imem_rdata_r_reg_1 (implemented as a Block RAM) might be sub-optimal as no optional output register could be merged into the ram block. Providing additional output register may help in improving timing.
INFO: [Synth 8-7052] The timing for the instance u_soc/g_shared_sync_rom.u_sync_rom/imem_rdata_r_reg_1 (implemented as a Block RAM) might be sub-optimal as no optional output register could be merged into the ram block. Providing additional output register may help in improving timing.
INFO: [Synth 8-7052] The timing for the instance u_soc/u_dmem_ram/g_sync_ram.g_posedge_read.ram_mem_reg_0 (implemented as a Block RAM) might be sub-optimal as no optional output register could be merged into the ram block. Providing additional output register may help in improving timing.
INFO: [Synth 8-7052] The timing for the instance u_soc/u_dmem_ram/g_sync_ram.g_posedge_read.ram_mem_reg_1 (implemented as a Block RAM) might be sub-optimal as no optional output register could be merged into the ram block. Providing additional output register may help in improving timing.
---------------------------------------------------------------------------------
Finished Technology Mapping : Time (s): cpu = 00:02:59 ; elapsed = 00:03:02 . Memory (MB): peak = 2542.719 ; gain = 1730.984
---------------------------------------------------------------------------------
---------------------------------------------------------------------------------
Start IO Insertion
---------------------------------------------------------------------------------
---------------------------------------------------------------------------------
Start Flattening Before IO Insertion
---------------------------------------------------------------------------------
---------------------------------------------------------------------------------
Finished Flattening Before IO Insertion
---------------------------------------------------------------------------------
---------------------------------------------------------------------------------
Start Final Netlist Cleanup
---------------------------------------------------------------------------------
WARNING: synth_design option "-fanout_limit" is deprecated.
---------------------------------------------------------------------------------
Finished Final Netlist Cleanup
---------------------------------------------------------------------------------
---------------------------------------------------------------------------------
Finished IO Insertion : Time (s): cpu = 00:03:03 ; elapsed = 00:03:06 . Memory (MB): peak = 2542.719 ; gain = 1730.984
---------------------------------------------------------------------------------
---------------------------------------------------------------------------------
Start Renaming Generated Instances
---------------------------------------------------------------------------------
---------------------------------------------------------------------------------
Finished Renaming Generated Instances : Time (s): cpu = 00:03:03 ; elapsed = 00:03:06 . Memory (MB): peak = 2542.719 ; gain = 1730.984
---------------------------------------------------------------------------------
---------------------------------------------------------------------------------
Start Rebuilding User Hierarchy
---------------------------------------------------------------------------------
---------------------------------------------------------------------------------
Finished Rebuilding User Hierarchy : Time (s): cpu = 00:03:05 ; elapsed = 00:03:08 . Memory (MB): peak = 2542.719 ; gain = 1730.984
---------------------------------------------------------------------------------
---------------------------------------------------------------------------------
Start Renaming Generated Ports
---------------------------------------------------------------------------------
---------------------------------------------------------------------------------
Finished Renaming Generated Ports : Time (s): cpu = 00:03:05 ; elapsed = 00:03:08 . Memory (MB): peak = 2542.719 ; gain = 1730.984
---------------------------------------------------------------------------------
---------------------------------------------------------------------------------
Start Handling Custom Attributes
---------------------------------------------------------------------------------
---------------------------------------------------------------------------------
Finished Handling Custom Attributes : Time (s): cpu = 00:03:05 ; elapsed = 00:03:08 . Memory (MB): peak = 2542.719 ; gain = 1730.984
---------------------------------------------------------------------------------
---------------------------------------------------------------------------------
Start Renaming Generated Nets
---------------------------------------------------------------------------------
---------------------------------------------------------------------------------
Finished Renaming Generated Nets : Time (s): cpu = 00:03:05 ; elapsed = 00:03:08 . Memory (MB): peak = 2542.719 ; gain = 1730.984
---------------------------------------------------------------------------------
---------------------------------------------------------------------------------
Start ROM, RAM, DSP, Shift Register and Retiming Reporting
---------------------------------------------------------------------------------

Retiming Report:
+--------------------+---+
|Retiming summary:   |   | 
+--------------------+---+
|Forward Retiming    | 0 | 
|Backward Retiming   | 1 | 
|New registers added | 5 | 
|Registers deleted   | 1 | 
+--------------------+---+

---------------------------------------------------------------------------------
Finished ROM, RAM, DSP, Shift Register and Retiming Reporting
---------------------------------------------------------------------------------
---------------------------------------------------------------------------------
Start Writing Synthesis Report
---------------------------------------------------------------------------------

DSP Final Report (the ' indicates corresponding REG is set)
+--------------+--------------+--------+--------+--------+--------+--------+------+------+------+------+-------+------+------+
|Module Name   | DSP Mapping  | A Size | B Size | C Size | D Size | P Size | AREG | BREG | CREG | DREG | ADREG | MREG | PREG | 
+--------------+--------------+--------+--------+--------+--------+--------+------+------+------+------+-------+------+------+
|YH_rv_cpu_alu | A*B          | 17     | 18     | -      | -      | 48     | 0    | 0    | -    | -    | -     | 0    | 0    | 
|YH_rv_cpu_alu | PCIN>>17+A*B | 30     | 18     | -      | -      | 30     | 0    | 0    | -    | -    | -     | 0    | 0    | 
|YH_rv_cpu_alu | A*B          | 17     | 17     | -      | -      | 48     | 0    | 0    | -    | -    | -     | 0    | 0    | 
|YH_rv_cpu_alu | PCIN>>17+A*B | 17     | 18     | -      | -      | 47     | 0    | 0    | -    | -    | -     | 0    | 0    | 
|YH_rv_cpu_alu | A*B          | 17     | 13     | -      | -      | 48     | 0    | 0    | -    | -    | -     | 0    | 0    | 
|YH_rv_cpu_alu | A*B          | 17     | 15     | -      | -      | 48     | 0    | 0    | -    | -    | -     | 0    | 0    | 
|YH_rv_cpu_alu | PCIN+A*B     | 17     | 17     | -      | -      | 48     | 0    | 0    | -    | -    | -     | 0    | 0    | 
|YH_rv_cpu_alu | PCIN>>17+A*B | 17     | 15     | -      | -      | 48     | 0    | 0    | -    | -    | -     | 0    | 0    | 
|YH_rv_cpu_alu | A*B          | 17     | 17     | -      | -      | 48     | 0    | 0    | -    | -    | -     | 0    | 0    | 
|YH_rv_cpu_alu | PCIN>>17+A*B | 17     | 15     | -      | -      | 48     | 0    | 0    | -    | -    | -     | 0    | 0    | 
|YH_rv_cpu_alu | PCIN+A*B     | 17     | 17     | -      | -      | 48     | 0    | 0    | -    | -    | -     | 0    | 0    | 
|YH_rv_cpu_alu | A*B          | 17     | 15     | -      | -      | 48     | 0    | 0    | -    | -    | -     | 0    | 0    | 
|YH_rv_cpu_alu | PCIN>>17+A*B | 15     | 15     | -      | -      | 48     | 0    | 0    | -    | -    | -     | 0    | 0    | 
|YH_rv_cpu_alu | A*B          | 17     | 17     | -      | -      | 48     | 0    | 0    | -    | -    | -     | 0    | 0    | 
|YH_rv_cpu_alu | PCIN>>17+A*B | 17     | 15     | -      | -      | 48     | 0    | 0    | -    | -    | -     | 0    | 0    | 
+--------------+--------------+--------+--------+--------+--------+--------+------+------+------+------+-------+------+------+


Report BlackBoxes: 
+-+--------------+----------+
| |BlackBox name |Instances |
+-+--------------+----------+
+-+--------------+----------+

Report Cell Usage: 
+------+------------+------+
|      |Cell        |Count |
+------+------------+------+
|1     |BUFG        |     2|
|2     |CARRY4      |   176|
|3     |DSP48E1     |    15|
|4     |LUT1        |    53|
|5     |LUT2        |   678|
|6     |LUT3        |   520|
|7     |LUT4        |   847|
|8     |LUT5        |  1283|
|9     |LUT6        |  3386|
|10    |MMCME2_BASE |     1|
|11    |MUXF7       |   398|
|12    |MUXF8       |    65|
|13    |RAMB36E1    |     4|
|16    |FDCE        |  2303|
|17    |FDPE        |    78|
|18    |FDRE        |     1|
|19    |IBUF        |     2|
|20    |OBUF        |     5|
+------+------------+------+
---------------------------------------------------------------------------------
Finished Writing Synthesis Report : Time (s): cpu = 00:03:05 ; elapsed = 00:03:08 . Memory (MB): peak = 2542.719 ; gain = 1730.984
---------------------------------------------------------------------------------
Synthesis finished with 0 errors, 0 critical warnings and 31 warnings.
Synthesis Optimization Runtime : Time (s): cpu = 00:02:53 ; elapsed = 00:03:05 . Memory (MB): peak = 2542.719 ; gain = 1678.125
Synthesis Optimization Complete : Time (s): cpu = 00:03:06 ; elapsed = 00:03:09 . Memory (MB): peak = 2542.719 ; gain = 1730.984
INFO: [Project 1-571] Translating synthesized netlist
Netlist sorting complete. Time (s): cpu = 00:00:00 ; elapsed = 00:00:00.108 . Memory (MB): peak = 2542.719 ; gain = 0.000
INFO: [Netlist 29-17] Analyzing 659 Unisim elements for replacement
INFO: [Netlist 29-28] Unisim Transformation completed in 1 CPU seconds
INFO: [Project 1-570] Preparing netlist for logic optimization
Parsing XDC File [V:/YH_rv_cpu/fpga/vivado/constraints/pynq_z2_template.xdc]
Finished Parsing XDC File [V:/YH_rv_cpu/fpga/vivado/constraints/pynq_z2_template.xdc]
Parsing XDC File [V:/project/pynq_z2_clock_8p000.xdc]
Finished Parsing XDC File [V:/project/pynq_z2_clock_8p000.xdc]
INFO: [Opt 31-138] Pushed 0 inverter(s) to 0 load pin(s).
Netlist sorting complete. Time (s): cpu = 00:00:00 ; elapsed = 00:00:00.005 . Memory (MB): peak = 2542.719 ; gain = 0.000
INFO: [Project 1-111] Unisim Transformation Summary:
  A total of 1 instances were transformed.
  MMCME2_BASE => MMCME2_ADV: 1 instance 

Synth Design complete | Checksum: 54be15dc
INFO: [Common 17-83] Releasing license: Synthesis
64 Infos, 87 Warnings, 0 Critical Warnings and 0 Errors encountered.
synth_design completed successfully
synth_design: Time (s): cpu = 00:03:12 ; elapsed = 00:03:18 . Memory (MB): peak = 2542.719 ; gain = 1965.293
STEP: synth_design DONE
STEP: write_checkpoint BEGIN
INFO: [Timing 38-480] Writing timing data to binary archive.
Wrote PlaceDB: Time (s): cpu = 00:00:00 ; elapsed = 00:00:00 . Memory (MB): peak = 2542.719 ; gain = 0.000
Wrote PulsedLatchDB: Time (s): cpu = 00:00:00 ; elapsed = 00:00:00 . Memory (MB): peak = 2542.719 ; gain = 0.000
Writing XDEF routing.
Write ShapeDB Complete: Time (s): cpu = 00:00:00 ; elapsed = 00:00:00.013 . Memory (MB): peak = 2542.719 ; gain = 0.000
Writing XDEF routing logical nets.
Writing XDEF routing special nets.
Wrote RouteStorage: Time (s): cpu = 00:00:00 ; elapsed = 00:00:00.029 . Memory (MB): peak = 2542.719 ; gain = 0.000
Wrote PlaceStorage: Time (s): cpu = 00:00:00 ; elapsed = 00:00:00.001 . Memory (MB): peak = 2542.719 ; gain = 0.000
Wrote Netlist Cache: Time (s): cpu = 00:00:00 ; elapsed = 00:00:00 . Memory (MB): peak = 2542.719 ; gain = 0.000
Wrote Device Cache: Time (s): cpu = 00:00:00 ; elapsed = 00:00:00.010 . Memory (MB): peak = 2542.719 ; gain = 0.000
Write Physdb Complete: Time (s): cpu = 00:00:00 ; elapsed = 00:00:00.053 . Memory (MB): peak = 2542.719 ; gain = 0.000
INFO: [Common 17-1381] The checkpoint 'V:/project/YH_rv_cpu_pynq_z2_sysclk_8p000ns_cpu62p5_synth.dcp' has been generated.
STEP: write_checkpoint DONE
STEP: report_utilization BEGIN
STEP: report_utilization DONE
STEP: report_timing_summary BEGIN
INFO: [Timing 38-35] Done setting XDC timing constraints.
INFO: [Timing 38-2] Deriving generated clocks
INFO: [Timing 38-91] UpdateTimingParams: Speed grade: -1, Delay Type: min_max.
INFO: [Timing 38-191] Multithreading enabled for timing update using a maximum of 2 CPUs
report_timing_summary: Time (s): cpu = 00:00:08 ; elapsed = 00:00:07 . Memory (MB): peak = 2542.719 ; gain = 0.000
STEP: report_timing_summary DONE
INFO: Input clock period = 8.000 ns
INFO: PYNQ-Z2 synthesis completed. Reports written to V:/project/reports/pynq_z2_sysclk_8p000ns
INFO: [Common 17-206] Exiting Vivado at Thu Apr 30 23:21:50 2026...
