Vivado Simulator v2025.2
Copyright 1986-2022 Xilinx, Inc. All Rights Reserved.
Copyright 2022-2025 Advanced Micro Devices, Inc. All Rights Reserved.
Running: D:/Vivado/2025.2/Vivado/bin/unwrapped/win64.o/xelab.exe YH_rv_cpu_m_extension_tb -s m_extension_snapshot 
Multi-threading is on. Using 14 slave threads.
WARNING: [XSIM 43-3431] One or more environment variables have been detected which affect the operation of the C compiler. These are typically not set in standard installations and are not tested by AMD, however they may be appropriate for your system, so the flow will attempt to continue.  If errors occur, try running xelab with the "-mt off -v 1" switches to see more information from the C compiler. The following environment variables have been detected:
Starting static elaboration
Pass Through NonSizing Optimizer
Completed static elaboration
Starting simulation data flow analysis
Completed simulation data flow analysis
Time Resolution for simulation is 1ps
Compiling module work.YH_rv_cpu_if_stage_default
Compiling module work.YH_rv_cpu_regfile
Compiling module work.YH_rv_cpu_decoder
Compiling module work.YH_rv_cpu_id_stage_default
Compiling module work.YH_rv_cpu_hazard_unit
Compiling module work.YH_rv_cpu_alu_default
Compiling module work.YH_rv_cpu_ex_stage_default
Compiling module work.YH_rv_cpu_mem_stage_default
Compiling module work.YH_rv_cpu_wb_stage
Compiling module work.YH_rv_cpu_default
Compiling module work.YH_rv_cpu_m_extension_tb
Built simulation snapshot m_extension_snapshot
