Copyright 1986-2022 Xilinx, Inc. All Rights Reserved. Copyright 2022-2025 Advanced Micro Devices, Inc. All Rights Reserved.
---------------------------------------------------------------------------------------------------------------------------------------------
| Tool Version : Vivado v.2025.2 (win64) Build 6299465 Fri Nov 14 19:35:11 GMT 2025
| Date         : Thu Jun 11 10:08:32 2026
| Host         : Toylog_desktop running 64-bit major release  (build 9200)
| Command      : report_timing_summary -file V:/project/reports/pynq_z2_sysclk_8p000ns_cpu50/impl_timing_summary.rpt
| Design       : YH_rv_cpu_fpga_top
| Device       : 7z020-clg400
| Speed File   : -1  PRODUCTION 1.12 2019-11-22
| Design State : Physopt postRoute
---------------------------------------------------------------------------------------------------------------------------------------------

Timing Summary Report

------------------------------------------------------------------------------------------------
| Timer Settings
| --------------
------------------------------------------------------------------------------------------------

  Enable Multi Corner Analysis               :  Yes
  Enable Pessimism Removal                   :  Yes
  Pessimism Removal Resolution               :  Nearest Common Node
  Enable Input Delay Default Clock           :  No
  Enable Preset / Clear Arcs                 :  No
  Disable Flight Delays                      :  No
  Ignore I/O Paths                           :  No
  Timing Early Launch at Borrowing Latches   :  No
  Borrow Time for Max Delay Exceptions       :  Yes
  Merge Timing Exceptions                    :  Yes
  Inter-SLR Compensation                     :  Conservative

  Corner  Analyze    Analyze    
  Name    Max Paths  Min Paths  
  ------  ---------  ---------  
  Slow    Yes        Yes        
  Fast    Yes        Yes        


------------------------------------------------------------------------------------------------
| Report Methodology
| ------------------
------------------------------------------------------------------------------------------------

No report available as report_methodology has not been run prior. Run report_methodology on the current design for the summary of methodology violations.



check_timing report

Table of Contents
-----------------
1. checking no_clock (0)
2. checking constant_clock (0)
3. checking pulse_width_clock (0)
4. checking unconstrained_internal_endpoints (0)
5. checking no_input_delay (1)
6. checking no_output_delay (4)
7. checking multiple_clock (0)
8. checking generated_clocks (0)
9. checking loops (0)
10. checking partial_input_delay (0)
11. checking partial_output_delay (0)
12. checking latch_loops (0)

1. checking no_clock (0)
------------------------
 There are 0 register/latch pins with no clock.


2. checking constant_clock (0)
------------------------------
 There are 0 register/latch pins with constant_clock.


3. checking pulse_width_clock (0)
---------------------------------
 There are 0 register/latch pins which need pulse_width check


4. checking unconstrained_internal_endpoints (0)
------------------------------------------------
 There are 0 pins that are not constrained for maximum delay.

 There are 0 pins that are not constrained for maximum delay due to constant clock.


5. checking no_input_delay (1)
------------------------------
 There is 1 input port with no input delay specified. (HIGH)

 There are 0 input ports with no input delay but user has a false path constraint.


6. checking no_output_delay (4)
-------------------------------
 There are 4 ports with no output delay specified. (HIGH)

 There are 0 ports with no output delay but user has a false path constraint

 There are 0 ports with no output delay but with a timing clock defined on it or propagating through it


7. checking multiple_clock (0)
------------------------------
 There are 0 register/latch pins with multiple clocks.


8. checking generated_clocks (0)
--------------------------------
 There are 0 generated clocks that are not connected to a clock source.


9. checking loops (0)
---------------------
 There are 0 combinational loops in the design.


10. checking partial_input_delay (0)
------------------------------------
 There are 0 input ports with partial input delay specified.


11. checking partial_output_delay (0)
-------------------------------------
 There are 0 ports with partial output delay specified.


12. checking latch_loops (0)
----------------------------
 There are 0 combinational latch loops in the design through latch input



------------------------------------------------------------------------------------------------
| Design Timing Summary
| ---------------------
------------------------------------------------------------------------------------------------

    WNS(ns)      TNS(ns)  TNS Failing Endpoints  TNS Total Endpoints      WHS(ns)      THS(ns)  THS Failing Endpoints  THS Total Endpoints     WPWS(ns)     TPWS(ns)  TPWS Failing Endpoints  TPWS Total Endpoints  
    -------      -------  ---------------------  -------------------      -------      -------  ---------------------  -------------------     --------     --------  ----------------------  --------------------  
      0.301        0.000                      0                11780        0.104        0.000                      0                11780        2.000        0.000                       0                  3598  


All user specified timing constraints are met.


------------------------------------------------------------------------------------------------
| Clock Summary
| -------------
------------------------------------------------------------------------------------------------

Clock                       Waveform(ns)         Period(ns)      Frequency(MHz)
-----                       ------------         ----------      --------------
pynq_sys_clk                {0.000 4.000}        8.000           125.000         
  gen_pynq_clk_50m.clkfb    {0.000 4.000}        8.000           125.000         
  gen_pynq_clk_50m.clkout0  {0.000 10.000}       20.000          50.000          


------------------------------------------------------------------------------------------------
| Intra Clock Table
| -----------------
------------------------------------------------------------------------------------------------

Clock                           WNS(ns)      TNS(ns)  TNS Failing Endpoints  TNS Total Endpoints      WHS(ns)      THS(ns)  THS Failing Endpoints  THS Total Endpoints     WPWS(ns)     TPWS(ns)  TPWS Failing Endpoints  TPWS Total Endpoints  
-----                           -------      -------  ---------------------  -------------------      -------      -------  ---------------------  -------------------     --------     --------  ----------------------  --------------------  
pynq_sys_clk                                                                                                                                                                  2.000        0.000                       0                     1  
  gen_pynq_clk_50m.clkfb                                                                                                                                                      5.845        0.000                       0                     3  
  gen_pynq_clk_50m.clkout0        0.301        0.000                      0                 9147        0.104        0.000                      0                 9147        8.750        0.000                       0                  3594  


------------------------------------------------------------------------------------------------
| Inter Clock Table
| -----------------
------------------------------------------------------------------------------------------------

From Clock    To Clock          WNS(ns)      TNS(ns)  TNS Failing Endpoints  TNS Total Endpoints      WHS(ns)      THS(ns)  THS Failing Endpoints  THS Total Endpoints  
----------    --------          -------      -------  ---------------------  -------------------      -------      -------  ---------------------  -------------------  


------------------------------------------------------------------------------------------------
| Other Path Groups Table
| -----------------------
------------------------------------------------------------------------------------------------

Path Group                From Clock                To Clock                      WNS(ns)      TNS(ns)  TNS Failing Endpoints  TNS Total Endpoints      WHS(ns)      THS(ns)  THS Failing Endpoints  THS Total Endpoints  
----------                ----------                --------                      -------      -------  ---------------------  -------------------      -------      -------  ---------------------  -------------------  
**async_default**         gen_pynq_clk_50m.clkout0  gen_pynq_clk_50m.clkout0        8.751        0.000                      0                 2633        0.995        0.000                      0                 2633  


------------------------------------------------------------------------------------------------
| Timing Details
| --------------
------------------------------------------------------------------------------------------------


---------------------------------------------------------------------------------------------------
From Clock:  pynq_sys_clk
  To Clock:  pynq_sys_clk

Setup :           NA  Failing Endpoints,  Worst Slack           NA  ,  Total Violation           NA
Hold  :           NA  Failing Endpoints,  Worst Slack           NA  ,  Total Violation           NA
PW    :            0  Failing Endpoints,  Worst Slack        2.000ns,  Total Violation        0.000ns
---------------------------------------------------------------------------------------------------


Pulse Width Checks
--------------------------------------------------------------------------------------
Clock Name:         pynq_sys_clk
Waveform(ns):       { 0.000 4.000 }
Period(ns):         8.000
Sources:            { CLK100MHZ }

Check Type        Corner  Lib Pin            Reference Pin  Required(ns)  Actual(ns)  Slack(ns)  Location         Pin
Min Period        n/a     MMCME2_ADV/CLKIN1  n/a            1.249         8.000       6.751      MMCME2_ADV_X1Y2  gen_pynq_clk_50m.u_clk_mmcm/CLKIN1
Max Period        n/a     MMCME2_ADV/CLKIN1  n/a            100.000       8.000       92.000     MMCME2_ADV_X1Y2  gen_pynq_clk_50m.u_clk_mmcm/CLKIN1
Low Pulse Width   Slow    MMCME2_ADV/CLKIN1  n/a            2.000         4.000       2.000      MMCME2_ADV_X1Y2  gen_pynq_clk_50m.u_clk_mmcm/CLKIN1
High Pulse Width  Slow    MMCME2_ADV/CLKIN1  n/a            2.000         4.000       2.000      MMCME2_ADV_X1Y2  gen_pynq_clk_50m.u_clk_mmcm/CLKIN1



---------------------------------------------------------------------------------------------------
From Clock:  gen_pynq_clk_50m.clkfb
  To Clock:  gen_pynq_clk_50m.clkfb

Setup :           NA  Failing Endpoints,  Worst Slack           NA  ,  Total Violation           NA
Hold  :           NA  Failing Endpoints,  Worst Slack           NA  ,  Total Violation           NA
PW    :            0  Failing Endpoints,  Worst Slack        5.845ns,  Total Violation        0.000ns
---------------------------------------------------------------------------------------------------


Pulse Width Checks
--------------------------------------------------------------------------------------
Clock Name:         gen_pynq_clk_50m.clkfb
Waveform(ns):       { 0.000 4.000 }
Period(ns):         8.000
Sources:            { gen_pynq_clk_50m.u_clk_mmcm/CLKFBOUT }

Check Type  Corner  Lib Pin             Reference Pin  Required(ns)  Actual(ns)  Slack(ns)  Location         Pin
Min Period  n/a     BUFG/I              n/a            2.155         8.000       5.845      BUFGCTRL_X0Y17   gen_pynq_clk_50m.u_clkfb_bufg/I
Max Period  n/a     MMCME2_ADV/CLKFBIN  n/a            100.000       8.000       92.000     MMCME2_ADV_X1Y2  gen_pynq_clk_50m.u_clk_mmcm/CLKFBIN



---------------------------------------------------------------------------------------------------
From Clock:  gen_pynq_clk_50m.clkout0
  To Clock:  gen_pynq_clk_50m.clkout0

Setup :            0  Failing Endpoints,  Worst Slack        0.301ns,  Total Violation        0.000ns
Hold  :            0  Failing Endpoints,  Worst Slack        0.104ns,  Total Violation        0.000ns
PW    :            0  Failing Endpoints,  Worst Slack        8.750ns,  Total Violation        0.000ns
---------------------------------------------------------------------------------------------------


Max Delay Paths
--------------------------------------------------------------------------------------
Slack (MET) :             0.301ns  (required time - arrival time)
  Source:                 u_soc/g_shared_sync_rom.u_sync_rom/imem_rdata_r_reg_1/CLKBWRCLK
                            (rising edge-triggered cell RAMB36E1 clocked by gen_pynq_clk_50m.clkout0  {rise@0.000ns fall@10.000ns period=20.000ns})
  Destination:            u_soc/u_cpu/if_id_instruction_r_reg[20]/D
                            (rising edge-triggered cell FDCE clocked by gen_pynq_clk_50m.clkout0  {rise@0.000ns fall@10.000ns period=20.000ns})
  Path Group:             gen_pynq_clk_50m.clkout0
  Path Type:              Setup (Max at Slow Process Corner)
  Requirement:            20.000ns  (gen_pynq_clk_50m.clkout0 rise@20.000ns - gen_pynq_clk_50m.clkout0 rise@0.000ns)
  Data Path Delay:        19.542ns  (logic 5.226ns (26.743%)  route 14.316ns (73.257%))
  Logic Levels:           19  (CARRY4=2 LUT3=1 LUT4=2 LUT5=6 LUT6=7 RAMD64E=1)
  Clock Path Skew:        -0.031ns (DCD - SCD + CPR)
    Destination Clock Delay (DCD):    -1.387ns = ( 18.613 - 20.000 ) 
    Source Clock Delay      (SCD):    -0.889ns
    Clock Pessimism Removal (CPR):    0.466ns
  Clock Uncertainty:      0.079ns  ((TSJ^2 + DJ^2)^1/2) / 2 + PE
    Total System Jitter     (TSJ):    0.071ns
    Discrete Jitter          (DJ):    0.141ns
    Phase Error              (PE):    0.000ns

    Location             Delay type                Incr(ns)  Path(ns)    Netlist Resource(s)
  -------------------------------------------------------------------    -------------------
                         (clock gen_pynq_clk_50m.clkout0 rise edge)
                                                      0.000     0.000 r  
    H16                                               0.000     0.000 r  CLK100MHZ (IN)
                         net (fo=0)                   0.000     0.000    CLK100MHZ
    H16                  IBUF (Prop_ibuf_I_O)         1.451     1.451 r  CLK100MHZ_IBUF_inst/O
                         net (fo=1, routed)           1.285     2.736    CLK100MHZ_IBUF
    MMCME2_ADV_X1Y2      MMCME2_ADV (Prop_mmcme2_adv_CLKIN1_CLKOUT0)
                                                     -7.759    -5.023 r  gen_pynq_clk_50m.u_clk_mmcm/CLKOUT0
                         net (fo=1, routed)           2.206    -2.817    gen_pynq_clk_50m.clkout0
    BUFGCTRL_X0Y16       BUFG (Prop_bufg_I_O)         0.101    -2.716 r  gen_pynq_clk_50m.u_cpu_clk_bufg/O
                         net (fo=3592, routed)        1.827    -0.889    u_soc/g_shared_sync_rom.u_sync_rom/cpu_clk
    RAMB36_X5Y19         RAMB36E1                                     r  u_soc/g_shared_sync_rom.u_sync_rom/imem_rdata_r_reg_1/CLKBWRCLK
  -------------------------------------------------------------------    -------------------
    RAMB36_X5Y19         RAMB36E1 (Prop_ramb36e1_CLKBWRCLK_DOBDO[7])
                                                      2.454     1.565 f  u_soc/g_shared_sync_rom.u_sync_rom/imem_rdata_r_reg_1/DOBDO[7]
                         net (fo=4, routed)           1.158     2.723    u_soc/sync_shared_rom_read_data[23]
    SLICE_X101Y95        LUT4 (Prop_lut4_I0_O)        0.124     2.847 f  u_soc/mem_wb_load_data_r[23]_i_10/O
                         net (fo=3, routed)           0.652     3.499    u_soc/u_dmem_ram/mem_wb_load_data_r[17]_i_3_0
    SLICE_X99Y95         LUT5 (Prop_lut5_I1_O)        0.124     3.623 f  u_soc/u_dmem_ram/mem_wb_load_data_r[17]_i_9/O
                         net (fo=1, routed)           0.978     4.601    u_soc/u_cpu/gen_dcache.u_dcache/mem_wb_load_data_r_reg[17]
    SLICE_X93Y96         LUT6 (Prop_lut6_I1_O)        0.124     4.725 r  u_soc/u_cpu/gen_dcache.u_dcache/mem_wb_load_data_r[17]_i_3/O
                         net (fo=24, routed)          1.156     5.881    u_soc/u_cpu/gen_dcache.u_dcache/mem_wb_load_data_r[17]_i_3_n_0
    SLICE_X87Y99         LUT5 (Prop_lut5_I4_O)        0.124     6.005 f  u_soc/u_cpu/gen_dcache.u_dcache/csr_mtvec_r[22]_i_6/O
                         net (fo=1, routed)           0.725     6.730    u_soc/u_cpu/gen_dcache.u_dcache/csr_mtvec_r[22]_i_6_n_0
    SLICE_X88Y101        LUT5 (Prop_lut5_I2_O)        0.124     6.854 f  u_soc/u_cpu/gen_dcache.u_dcache/csr_mtvec_r[22]_i_4/O
                         net (fo=7, routed)           0.662     7.516    u_soc/u_cpu/gen_dcache.u_dcache/csr_mtvec_r[22]_i_4_n_0
    SLICE_X87Y106        LUT5 (Prop_lut5_I4_O)        0.124     7.640 f  u_soc/u_cpu/gen_dcache.u_dcache/redirect_cache_pc_r_reg_r2_0_63_0_2_i_18/O
                         net (fo=2, routed)           0.767     8.407    u_soc/u_cpu/gen_dcache.u_dcache/redirect_cache_pc_r_reg_r2_0_63_0_2_i_18_n_0
    SLICE_X89Y107        LUT6 (Prop_lut6_I4_O)        0.124     8.531 r  u_soc/u_cpu/gen_dcache.u_dcache/pc_r[31]_bret_bret__64_i_5/O
                         net (fo=1, routed)           0.781     9.312    u_soc/u_cpu/gen_dcache.u_dcache/pc_r[31]_bret_bret__64_i_5_n_0
    SLICE_X89Y108        LUT6 (Prop_lut6_I2_O)        0.124     9.436 f  u_soc/u_cpu/gen_dcache.u_dcache/pc_r[31]_bret_bret__64_i_2/O
                         net (fo=3, routed)           0.907    10.343    u_soc/u_cpu/gen_dcache.u_dcache/pc_r[31]_bret_bret__64_i_2_n_0
    SLICE_X98Y110        LUT6 (Prop_lut6_I2_O)        0.124    10.467 r  u_soc/u_cpu/gen_dcache.u_dcache/pc_r[31]_bret_bret__64_i_1/O
                         net (fo=67, routed)          0.553    11.020    u_soc/u_cpu/gen_dcache.u_dcache/id_ex_rd_en_r_reg
    SLICE_X98Y108        LUT3 (Prop_lut3_I1_O)        0.124    11.144 r  u_soc/u_cpu/gen_dcache.u_dcache/redirect_cache_pc_r_reg_r2_0_63_0_2_i_5/O
                         net (fo=115, routed)         1.533    12.677    u_soc/u_cpu/redirect_cache_pc_r_reg_r2_64_127_3_5/ADDRA1
    SLICE_X100Y102       RAMD64E (Prop_ramd64e_RADR1_O)
                                                      0.124    12.801 r  u_soc/u_cpu/redirect_cache_pc_r_reg_r2_64_127_3_5/RAMA/O
                         net (fo=1, routed)           0.800    13.601    u_soc/u_cpu/gen_dcache.u_dcache/fetch_valid_r_i_47_3
    SLICE_X101Y101       LUT4 (Prop_lut4_I2_O)        0.124    13.725 r  u_soc/u_cpu/gen_dcache.u_dcache/fetch_valid_r_i_60/O
                         net (fo=1, routed)           0.620    14.346    u_soc/u_cpu/gen_dcache.u_dcache/fetch_valid_r_i_60_n_0
    SLICE_X101Y102       LUT6 (Prop_lut6_I4_O)        0.124    14.470 r  u_soc/u_cpu/gen_dcache.u_dcache/fetch_valid_r_i_47/O
                         net (fo=1, routed)           0.000    14.470    u_soc/u_cpu/gen_dcache.u_dcache/fetch_valid_r_i_47_n_0
    SLICE_X101Y102       CARRY4 (Prop_carry4_S[1]_CO[3])
                                                      0.550    15.020 r  u_soc/u_cpu/gen_dcache.u_dcache/fetch_valid_r_reg_i_24/CO[3]
                         net (fo=1, routed)           0.000    15.020    u_soc/u_cpu/gen_dcache.u_dcache/fetch_valid_r_reg_i_24_n_0
    SLICE_X101Y103       CARRY4 (Prop_carry4_CI_CO[3])
                                                      0.114    15.134 r  u_soc/u_cpu/gen_dcache.u_dcache/fetch_valid_r_reg_i_15/CO[3]
                         net (fo=1, routed)           0.756    15.889    u_soc/u_cpu/gen_dcache.u_dcache/redirect_cache_hit0
    SLICE_X97Y104        LUT5 (Prop_lut5_I2_O)        0.124    16.013 f  u_soc/u_cpu/gen_dcache.u_dcache/fetch_valid_r_i_6/O
                         net (fo=1, routed)           0.437    16.450    u_soc/u_cpu/gen_dcache.u_dcache/fetch_valid_r_i_6_n_0
    SLICE_X97Y105        LUT6 (Prop_lut6_I5_O)        0.124    16.574 r  u_soc/u_cpu/gen_dcache.u_dcache/fetch_valid_r_i_3/O
                         net (fo=2, routed)           0.420    16.994    u_soc/u_cpu/gen_dcache.u_dcache/fetch_valid_r_i_3_n_0
    SLICE_X99Y104        LUT6 (Prop_lut6_I0_O)        0.124    17.118 r  u_soc/u_cpu/gen_dcache.u_dcache/ex_decode_flush_valid_inst_i_1/O
                         net (fo=102, routed)         0.803    17.921    u_soc/u_cpu/gen_dcache.u_dcache/ex_decode_flush_valid_inst_i_1_n_0
    SLICE_X105Y107       LUT5 (Prop_lut5_I3_O)        0.124    18.045 r  u_soc/u_cpu/gen_dcache.u_dcache/if_id_instruction_r[20]_i_1/O
                         net (fo=1, routed)           0.608    18.653    u_soc/u_cpu/if_id_next_instruction[20]
    SLICE_X105Y107       FDCE                                         r  u_soc/u_cpu/if_id_instruction_r_reg[20]/D
  -------------------------------------------------------------------    -------------------

                         (clock gen_pynq_clk_50m.clkout0 rise edge)
                                                     20.000    20.000 r  
    H16                                               0.000    20.000 r  CLK100MHZ (IN)
                         net (fo=0)                   0.000    20.000    CLK100MHZ
    H16                  IBUF (Prop_ibuf_I_O)         1.380    21.380 r  CLK100MHZ_IBUF_inst/O
                         net (fo=1, routed)           1.162    22.542    CLK100MHZ_IBUF
    MMCME2_ADV_X1Y2      MMCME2_ADV (Prop_mmcme2_adv_CLKIN1_CLKOUT0)
                                                     -7.814    14.728 r  gen_pynq_clk_50m.u_clk_mmcm/CLKOUT0
                         net (fo=1, routed)           2.012    16.740    gen_pynq_clk_50m.clkout0
    BUFGCTRL_X0Y16       BUFG (Prop_bufg_I_O)         0.091    16.831 r  gen_pynq_clk_50m.u_cpu_clk_bufg/O
                         net (fo=3592, routed)        1.782    18.613    u_soc/u_cpu/cpu_clk
    SLICE_X105Y107       FDCE                                         r  u_soc/u_cpu/if_id_instruction_r_reg[20]/C
                         clock pessimism              0.466    19.080    
                         clock uncertainty           -0.079    19.001    
    SLICE_X105Y107       FDCE (Setup_fdce_C_D)       -0.047    18.954    u_soc/u_cpu/if_id_instruction_r_reg[20]
  -------------------------------------------------------------------
                         required time                         18.954    
                         arrival time                         -18.653    
  -------------------------------------------------------------------
                         slack                                  0.301    





Min Delay Paths
--------------------------------------------------------------------------------------
Slack (MET) :             0.104ns  (arrival time - required time)
  Source:                 u_soc/uart_tx_data_reg[7]/C
                            (rising edge-triggered cell FDCE clocked by gen_pynq_clk_50m.clkout0  {rise@0.000ns fall@10.000ns period=20.000ns})
  Destination:            u_uart_tx/frame_r_reg[8]/D
                            (rising edge-triggered cell FDPE clocked by gen_pynq_clk_50m.clkout0  {rise@0.000ns fall@10.000ns period=20.000ns})
  Path Group:             gen_pynq_clk_50m.clkout0
  Path Type:              Hold (Min at Fast Process Corner)
  Requirement:            0.000ns  (gen_pynq_clk_50m.clkout0 rise@0.000ns - gen_pynq_clk_50m.clkout0 rise@0.000ns)
  Data Path Delay:        0.584ns  (logic 0.187ns (32.011%)  route 0.397ns (67.989%))
  Logic Levels:           1  (LUT2=1)
  Clock Path Skew:        0.349ns (DCD - SCD - CPR)
    Destination Clock Delay (DCD):    -0.806ns
    Source Clock Delay      (SCD):    -0.651ns
    Clock Pessimism Removal (CPR):    -0.504ns

    Location             Delay type                Incr(ns)  Path(ns)    Netlist Resource(s)
  -------------------------------------------------------------------    -------------------
                         (clock gen_pynq_clk_50m.clkout0 rise edge)
                                                      0.000     0.000 r  
    H16                                               0.000     0.000 r  CLK100MHZ (IN)
                         net (fo=0)                   0.000     0.000    CLK100MHZ
    H16                  IBUF (Prop_ibuf_I_O)         0.219     0.219 r  CLK100MHZ_IBUF_inst/O
                         net (fo=1, routed)           0.440     0.659    CLK100MHZ_IBUF
    MMCME2_ADV_X1Y2      MMCME2_ADV (Prop_mmcme2_adv_CLKIN1_CLKOUT0)
                                                     -2.613    -1.954 r  gen_pynq_clk_50m.u_clk_mmcm/CLKOUT0
                         net (fo=1, routed)           0.696    -1.257    gen_pynq_clk_50m.clkout0
    BUFGCTRL_X0Y16       BUFG (Prop_bufg_I_O)         0.026    -1.231 r  gen_pynq_clk_50m.u_cpu_clk_bufg/O
                         net (fo=3592, routed)        0.580    -0.651    u_soc/cpu_clk
    SLICE_X64Y98         FDCE                                         r  u_soc/uart_tx_data_reg[7]/C
  -------------------------------------------------------------------    -------------------
    SLICE_X64Y98         FDCE (Prop_fdce_C_Q)         0.141    -0.510 r  u_soc/uart_tx_data_reg[7]/Q
                         net (fo=1, routed)           0.397    -0.113    u_uart_tx/Q[7]
    SLICE_X62Y104        LUT2 (Prop_lut2_I1_O)        0.046    -0.067 r  u_uart_tx/frame_r[8]_i_1/O
                         net (fo=1, routed)           0.000    -0.067    u_uart_tx/p_0_in[8]
    SLICE_X62Y104        FDPE                                         r  u_uart_tx/frame_r_reg[8]/D
  -------------------------------------------------------------------    -------------------

                         (clock gen_pynq_clk_50m.clkout0 rise edge)
                                                      0.000     0.000 r  
    H16                                               0.000     0.000 r  CLK100MHZ (IN)
                         net (fo=0)                   0.000     0.000    CLK100MHZ
    H16                  IBUF (Prop_ibuf_I_O)         0.406     0.406 r  CLK100MHZ_IBUF_inst/O
                         net (fo=1, routed)           0.480     0.886    CLK100MHZ_IBUF
    MMCME2_ADV_X1Y2      MMCME2_ADV (Prop_mmcme2_adv_CLKIN1_CLKOUT0)
                                                     -3.407    -2.521 r  gen_pynq_clk_50m.u_clk_mmcm/CLKOUT0
                         net (fo=1, routed)           0.752    -1.769    gen_pynq_clk_50m.clkout0
    BUFGCTRL_X0Y16       BUFG (Prop_bufg_I_O)         0.029    -1.740 r  gen_pynq_clk_50m.u_cpu_clk_bufg/O
                         net (fo=3592, routed)        0.934    -0.806    u_uart_tx/cpu_clk
    SLICE_X62Y104        FDPE                                         r  u_uart_tx/frame_r_reg[8]/C
                         clock pessimism              0.504    -0.302    
    SLICE_X62Y104        FDPE (Hold_fdpe_C_D)         0.131    -0.171    u_uart_tx/frame_r_reg[8]
  -------------------------------------------------------------------
                         required time                          0.171    
                         arrival time                          -0.067    
  -------------------------------------------------------------------
                         slack                                  0.104    





Pulse Width Checks
--------------------------------------------------------------------------------------
Clock Name:         gen_pynq_clk_50m.clkout0
Waveform(ns):       { 0.000 10.000 }
Period(ns):         20.000
Sources:            { gen_pynq_clk_50m.u_clk_mmcm/CLKOUT0 }

Check Type        Corner  Lib Pin             Reference Pin  Required(ns)  Actual(ns)  Slack(ns)  Location         Pin
Min Period        n/a     RAMB36E1/CLKARDCLK  n/a            2.944         20.000      17.056     RAMB36_X5Y18     u_soc/u_dmem_ram/g_sync_ram.g_posedge_read.ram_mem_reg_0/CLKARDCLK
Max Period        n/a     MMCME2_ADV/CLKOUT0  n/a            213.360       20.000      193.360    MMCME2_ADV_X1Y2  gen_pynq_clk_50m.u_clk_mmcm/CLKOUT0
Low Pulse Width   Slow    RAMD64E/CLK         n/a            1.250         10.000      8.750      SLICE_X90Y92     u_soc/u_cpu/gen_dcache.u_dcache/cache_data_reg_0_63_0_2/RAMA/CLK
High Pulse Width  Slow    RAMD64E/CLK         n/a            1.250         10.000      8.750      SLICE_X90Y92     u_soc/u_cpu/gen_dcache.u_dcache/cache_data_reg_0_63_0_2/RAMA/CLK



---------------------------------------------------------------------------------------------------
Path Group:  **async_default**
From Clock:  gen_pynq_clk_50m.clkout0
  To Clock:  gen_pynq_clk_50m.clkout0

Setup :            0  Failing Endpoints,  Worst Slack        8.751ns,  Total Violation        0.000ns
Hold  :            0  Failing Endpoints,  Worst Slack        0.995ns,  Total Violation        0.000ns
---------------------------------------------------------------------------------------------------


Max Delay Paths
--------------------------------------------------------------------------------------
Slack (MET) :             8.751ns  (required time - arrival time)
  Source:                 reset_sync_r_reg[6]/C
                            (rising edge-triggered cell FDCE clocked by gen_pynq_clk_50m.clkout0  {rise@0.000ns fall@10.000ns period=20.000ns})
  Destination:            u_soc/u_cpu/id_ex_imm_r_reg[3]/CLR
                            (recovery check against rising-edge clock gen_pynq_clk_50m.clkout0  {rise@0.000ns fall@10.000ns period=20.000ns})
  Path Group:             **async_default**
  Path Type:              Recovery (Max at Slow Process Corner)
  Requirement:            20.000ns  (gen_pynq_clk_50m.clkout0 rise@20.000ns - gen_pynq_clk_50m.clkout0 rise@0.000ns)
  Data Path Delay:        10.695ns  (logic 0.828ns (7.742%)  route 9.867ns (92.258%))
  Logic Levels:           3  (LUT1=1 LUT4=1 LUT6=1)
  Clock Path Skew:        -0.070ns (DCD - SCD + CPR)
    Destination Clock Delay (DCD):    -1.391ns = ( 18.609 - 20.000 ) 
    Source Clock Delay      (SCD):    -0.854ns
    Clock Pessimism Removal (CPR):    0.466ns
  Clock Uncertainty:      0.079ns  ((TSJ^2 + DJ^2)^1/2) / 2 + PE
    Total System Jitter     (TSJ):    0.071ns
    Discrete Jitter          (DJ):    0.141ns
    Phase Error              (PE):    0.000ns

    Location             Delay type                Incr(ns)  Path(ns)    Netlist Resource(s)
  -------------------------------------------------------------------    -------------------
                         (clock gen_pynq_clk_50m.clkout0 rise edge)
                                                      0.000     0.000 r  
    H16                                               0.000     0.000 r  CLK100MHZ (IN)
                         net (fo=0)                   0.000     0.000    CLK100MHZ
    H16                  IBUF (Prop_ibuf_I_O)         1.451     1.451 r  CLK100MHZ_IBUF_inst/O
                         net (fo=1, routed)           1.285     2.736    CLK100MHZ_IBUF
    MMCME2_ADV_X1Y2      MMCME2_ADV (Prop_mmcme2_adv_CLKIN1_CLKOUT0)
                                                     -7.759    -5.023 r  gen_pynq_clk_50m.u_clk_mmcm/CLKOUT0
                         net (fo=1, routed)           2.206    -2.817    gen_pynq_clk_50m.clkout0
    BUFGCTRL_X0Y16       BUFG (Prop_bufg_I_O)         0.101    -2.716 r  gen_pynq_clk_50m.u_cpu_clk_bufg/O
                         net (fo=3592, routed)        1.862    -0.854    cpu_clk
    SLICE_X113Y88        FDCE                                         r  reset_sync_r_reg[6]/C
  -------------------------------------------------------------------    -------------------
    SLICE_X113Y88        FDCE (Prop_fdce_C_Q)         0.456    -0.398 r  reset_sync_r_reg[6]/Q
                         net (fo=2, routed)           1.096     0.698    u_soc/u_cpu/u_regfile/led_OBUF[0]_inst_i_1_0[6]
    SLICE_X113Y88        LUT4 (Prop_lut4_I3_O)        0.124     0.822 f  u_soc/u_cpu/u_regfile/led_OBUF[0]_inst_i_2/O
                         net (fo=1, routed)           0.433     1.255    u_soc/u_cpu/u_regfile/led_OBUF[0]_inst_i_2_n_0
    SLICE_X113Y88        LUT6 (Prop_lut6_I0_O)        0.124     1.379 r  u_soc/u_cpu/u_regfile/led_OBUF[0]_inst_i_1/O
                         net (fo=4, routed)           0.885     2.263    u_soc/u_cpu/u_regfile/reset_sync_r_reg[1]_0
    SLICE_X107Y90        LUT1 (Prop_lut1_I0_O)        0.124     2.387 f  u_soc/u_cpu/u_regfile/cache_valid[0]_i_2/O
                         net (fo=2633, routed)        7.453     9.840    u_soc/u_cpu/reset_sync_r_reg[1]
    SLICE_X95Y112        FDCE                                         f  u_soc/u_cpu/id_ex_imm_r_reg[3]/CLR
  -------------------------------------------------------------------    -------------------

                         (clock gen_pynq_clk_50m.clkout0 rise edge)
                                                     20.000    20.000 r  
    H16                                               0.000    20.000 r  CLK100MHZ (IN)
                         net (fo=0)                   0.000    20.000    CLK100MHZ
    H16                  IBUF (Prop_ibuf_I_O)         1.380    21.380 r  CLK100MHZ_IBUF_inst/O
                         net (fo=1, routed)           1.162    22.542    CLK100MHZ_IBUF
    MMCME2_ADV_X1Y2      MMCME2_ADV (Prop_mmcme2_adv_CLKIN1_CLKOUT0)
                                                     -7.814    14.728 r  gen_pynq_clk_50m.u_clk_mmcm/CLKOUT0
                         net (fo=1, routed)           2.012    16.740    gen_pynq_clk_50m.clkout0
    BUFGCTRL_X0Y16       BUFG (Prop_bufg_I_O)         0.091    16.831 r  gen_pynq_clk_50m.u_cpu_clk_bufg/O
                         net (fo=3592, routed)        1.778    18.609    u_soc/u_cpu/cpu_clk
    SLICE_X95Y112        FDCE                                         r  u_soc/u_cpu/id_ex_imm_r_reg[3]/C
                         clock pessimism              0.466    19.076    
                         clock uncertainty           -0.079    18.997    
    SLICE_X95Y112        FDCE (Recov_fdce_C_CLR)     -0.405    18.592    u_soc/u_cpu/id_ex_imm_r_reg[3]
  -------------------------------------------------------------------
                         required time                         18.592    
                         arrival time                          -9.840    
  -------------------------------------------------------------------
                         slack                                  8.751    





Min Delay Paths
--------------------------------------------------------------------------------------
Slack (MET) :             0.995ns  (arrival time - required time)
  Source:                 reset_sync_r_reg[2]/C
                            (rising edge-triggered cell FDCE clocked by gen_pynq_clk_50m.clkout0  {rise@0.000ns fall@10.000ns period=20.000ns})
  Destination:            u_soc/u_cpu/if_id_pc_r_reg[8]/CLR
                            (removal check against rising-edge clock gen_pynq_clk_50m.clkout0  {rise@0.000ns fall@10.000ns period=20.000ns})
  Path Group:             **async_default**
  Path Type:              Removal (Min at Fast Process Corner)
  Requirement:            0.000ns  (gen_pynq_clk_50m.clkout0 rise@0.000ns - gen_pynq_clk_50m.clkout0 rise@0.000ns)
  Data Path Delay:        1.229ns  (logic 0.254ns (20.659%)  route 0.975ns (79.341%))
  Logic Levels:           2  (LUT1=1 LUT6=1)
  Clock Path Skew:        0.326ns (DCD - SCD - CPR)
    Destination Clock Delay (DCD):    -0.775ns
    Source Clock Delay      (SCD):    -0.597ns
    Clock Pessimism Removal (CPR):    -0.504ns

    Location             Delay type                Incr(ns)  Path(ns)    Netlist Resource(s)
  -------------------------------------------------------------------    -------------------
                         (clock gen_pynq_clk_50m.clkout0 rise edge)
                                                      0.000     0.000 r  
    H16                                               0.000     0.000 r  CLK100MHZ (IN)
                         net (fo=0)                   0.000     0.000    CLK100MHZ
    H16                  IBUF (Prop_ibuf_I_O)         0.219     0.219 r  CLK100MHZ_IBUF_inst/O
                         net (fo=1, routed)           0.440     0.659    CLK100MHZ_IBUF
    MMCME2_ADV_X1Y2      MMCME2_ADV (Prop_mmcme2_adv_CLKIN1_CLKOUT0)
                                                     -2.613    -1.954 r  gen_pynq_clk_50m.u_clk_mmcm/CLKOUT0
                         net (fo=1, routed)           0.696    -1.257    gen_pynq_clk_50m.clkout0
    BUFGCTRL_X0Y16       BUFG (Prop_bufg_I_O)         0.026    -1.231 r  gen_pynq_clk_50m.u_cpu_clk_bufg/O
                         net (fo=3592, routed)        0.634    -0.597    cpu_clk
    SLICE_X112Y88        FDCE                                         r  reset_sync_r_reg[2]/C
  -------------------------------------------------------------------    -------------------
    SLICE_X112Y88        FDCE (Prop_fdce_C_Q)         0.164    -0.433 r  reset_sync_r_reg[2]/Q
                         net (fo=2, routed)           0.065    -0.369    u_soc/u_cpu/u_regfile/led_OBUF[0]_inst_i_1_0[2]
    SLICE_X113Y88        LUT6 (Prop_lut6_I4_O)        0.045    -0.324 r  u_soc/u_cpu/u_regfile/led_OBUF[0]_inst_i_1/O
                         net (fo=4, routed)           0.325     0.001    u_soc/u_cpu/u_regfile/reset_sync_r_reg[1]_0
    SLICE_X107Y90        LUT1 (Prop_lut1_I0_O)        0.045     0.046 f  u_soc/u_cpu/u_regfile/cache_valid[0]_i_2/O
                         net (fo=2633, routed)        0.586     0.632    u_soc/u_cpu/reset_sync_r_reg[1]
    SLICE_X105Y103       FDCE                                         f  u_soc/u_cpu/if_id_pc_r_reg[8]/CLR
  -------------------------------------------------------------------    -------------------

                         (clock gen_pynq_clk_50m.clkout0 rise edge)
                                                      0.000     0.000 r  
    H16                                               0.000     0.000 r  CLK100MHZ (IN)
                         net (fo=0)                   0.000     0.000    CLK100MHZ
    H16                  IBUF (Prop_ibuf_I_O)         0.406     0.406 r  CLK100MHZ_IBUF_inst/O
                         net (fo=1, routed)           0.480     0.886    CLK100MHZ_IBUF
    MMCME2_ADV_X1Y2      MMCME2_ADV (Prop_mmcme2_adv_CLKIN1_CLKOUT0)
                                                     -3.407    -2.521 r  gen_pynq_clk_50m.u_clk_mmcm/CLKOUT0
                         net (fo=1, routed)           0.752    -1.769    gen_pynq_clk_50m.clkout0
    BUFGCTRL_X0Y16       BUFG (Prop_bufg_I_O)         0.029    -1.740 r  gen_pynq_clk_50m.u_cpu_clk_bufg/O
                         net (fo=3592, routed)        0.965    -0.775    u_soc/u_cpu/cpu_clk
    SLICE_X105Y103       FDCE                                         r  u_soc/u_cpu/if_id_pc_r_reg[8]/C
                         clock pessimism              0.504    -0.271    
    SLICE_X105Y103       FDCE (Remov_fdce_C_CLR)     -0.092    -0.363    u_soc/u_cpu/if_id_pc_r_reg[8]
  -------------------------------------------------------------------
                         required time                          0.363    
                         arrival time                           0.632    
  -------------------------------------------------------------------
                         slack                                  0.995    





