
****** xsim v2025.2 (64-bit)
  **** SW Build 6299465 on Fri Nov 14 19:35:11 GMT 2025
  **** IP Build 6300035 on Fri Nov 14 10:48:45 MST 2025
  **** SharedData Build 6298862 on Thu Nov 13 04:50:51 MST 2025
  **** Start of session at: Fri May 15 09:09:08 2026
    ** Copyright 1986-2022 Xilinx, Inc. All Rights Reserved.
    ** Copyright 2022-2025 Advanced Micro Devices, Inc. All Rights Reserved.

source xsim.dir/YH_rv_cpu_coremark_fpga_tb_snapshot/xsim_script.tcl
# xsim {YH_rv_cpu_coremark_fpga_tb_snapshot} -testplusarg max_cycles=5000000 -testplusarg debug_trace -testplusarg trace_cycles=0 -testplusarg trace_start=1 -testplusarg trace_end=0 -testplusarg trace_stride=500000 -autoloadwcfg -runall
Time resolution is 1 ps
run -all
Starting FPGA-like CoreMark simulation (MAX_CYCLES=5000000)...
TRACE_IF cycle=0 pc=00000000 ifid_v=0 idex_v=0 exmem_v=0 memwb_v=0 wr=1 data_wr=0 next_v=0 load_bub=1 dup=0 stall=0 dflush=0 q_valid=0 pipe_valid=0 buffer_valid=0 buf0_v=0 buf1_v=0 rsp_valid=0 imem_rvalid=1 drop_count=0 drop_rsp=0 live=0 consume=0 enqueue=0 data_issue=1 live_data=0 enqueue_data=0 redir=0 redir_pc=00000000 ifid_pc=00000000 idex_pc=00000000 q_pc=00000000 rsp_pc=00000000 buf0_pc=00000000 buf1_pc=00000000 ifid_instr=00000013 q_instr=00014117
TRACE cycle=0 pc=00000000 ifid=00000000 idex=00000000 exmem_pc4=00000000 ex_redir=0 ex_redir_pc=00000000 fwdA=00 fwdB=00 idex_rs1=0 idex_rs2=0 idex_rd=0 exmem_rd=0 memwb_rd=0 ex_rs1=00000000 ex_rs2=00000000 trap=0 done=0 x5=00000000 x6=00000000 x7=00000000 x10=00000000 x11=00000000 x12=00000000 x13=00000000 x14=00000000 x15=00000000 x16=00000000 x17=00000000 x28=00000000 x29=00000000 x30=00000000 x31=00000000 daddr=00000000 drdata=00000000 drvalid=0 dwdata=00000000 dwstrb=0
TRACE_WB cycle=0 exmem_v=0 exmem_load=0 exmem_rd_en=0 exmem_rd=0 memwb_v=0 memwb_rd_en=0 memwb_sel=00 memwb_rd=0 mem_load=00000000 memwb_load=00000000 wb_data=00000000
TRACE_RAM_INIT cycle=260 ram0=00000001 ram1=0000000a ram2=00000066 ram3=00000000 ram4=00000000 ram5=00000000
TRACE_IF cycle=500000 pc=0000004c ifid_v=1 idex_v=1 exmem_v=1 memwb_v=1 wr=1 data_wr=1 next_v=1 load_bub=0 dup=0 stall=0 dflush=0 q_valid=0 pipe_valid=0 buffer_valid=0 buf0_v=0 buf1_v=0 rsp_valid=0 imem_rvalid=0 drop_count=0 drop_rsp=0 live=0 consume=0 enqueue=0 data_issue=1 live_data=0 enqueue_data=0 redir=0 redir_pc=00000058 ifid_pc=00000048 idex_pc=00000054 q_pc=00000000 rsp_pc=00000000 buf0_pc=00000000 buf1_pc=00000000 ifid_instr=00b57863 q_instr=00b57863
TRACE cycle=500000 pc=0000004c ifid=00000048 idex=00000054 exmem_pc4=00000054 ex_redir=1 ex_redir_pc=00000048 fwdA=00 fwdB=00 idex_rs1=31 idex_rs2=21 idex_rd=0 exmem_rd=10 memwb_rd=0 ex_rs1=00000001 ex_rs2=00000000 trap=0 done=0 x5=00000000 x6=0000000a x7=00000012 x10=000104b7 x11=000107f8 x12=0001000c x13=00010352 x14=000000a2 x15=000102b0 x16=00000003 x17=00000003 x28=ffff0000 x29=000102b0 x30=00000000 x31=00000001 daddr=000104b8 drdata=00000000 drvalid=0 dwdata=00000000 dwstrb=0
TRACE_WB cycle=500000 exmem_v=1 exmem_load=0 exmem_rd_en=1 exmem_rd=10 memwb_v=1 memwb_rd_en=0 memwb_sel=00 memwb_rd=0 mem_load=00000000 memwb_load=00000000 wb_data=000104b7
TRACE_IF cycle=1000000 pc=0000238c ifid_v=1 idex_v=1 exmem_v=1 memwb_v=1 wr=1 data_wr=1 next_v=1 load_bub=0 dup=0 stall=0 dflush=0 q_valid=0 pipe_valid=0 buffer_valid=0 buf0_v=0 buf1_v=0 rsp_valid=0 imem_rvalid=0 drop_count=0 drop_rsp=0 live=0 consume=0 enqueue=0 data_issue=1 live_data=0 enqueue_data=0 redir=0 redir_pc=00002390 ifid_pc=00002388 idex_pc=00002384 q_pc=00000000 rsp_pc=00000000 buf0_pc=00000000 buf1_pc=00000000 ifid_instr=00b71423 q_instr=00b71423
TRACE cycle=1000000 pc=0000238c ifid=00002388 idex=00002384 exmem_pc4=00002384 ex_redir=0 ex_redir_pc=00002384 fwdA=10 fwdB=01 idex_rs1=7 idex_rs2=12 idex_rd=11 exmem_rd=12 memwb_rd=7 ex_rs1=00001200 ex_rs2=00000012 trap=0 done=0 x5=00001212 x6=0000030a x7=00001b00 x10=00010014 x11=00000001 x12=000100f8 x13=00000001 x14=00010104 x15=000100f8 x16=00010110 x17=00000001 x28=0000040b x29=00000001 x30=00000006 x31=00000001 daddr=000013fa drdata=00000000 drvalid=0 dwdata=00000000 dwstrb=0
TRACE_WB cycle=1000000 exmem_v=1 exmem_load=0 exmem_rd_en=1 exmem_rd=12 memwb_v=1 memwb_rd_en=1 memwb_sel=00 memwb_rd=7 mem_load=00000000 memwb_load=00000000 wb_data=00001200
TRACE_IF cycle=1500000 pc=00000050 ifid_v=1 idex_v=1 exmem_v=1 memwb_v=1 wr=1 data_wr=1 next_v=1 load_bub=0 dup=0 stall=0 dflush=0 q_valid=0 pipe_valid=0 buffer_valid=0 buf0_v=0 buf1_v=0 rsp_valid=0 imem_rvalid=0 drop_count=0 drop_rsp=0 live=0 consume=0 enqueue=0 data_issue=1 live_data=0 enqueue_data=0 redir=0 redir_pc=0000004c ifid_pc=0000004c idex_pc=00000048 q_pc=00000000 rsp_pc=00000000 buf0_pc=00000000 buf1_pc=00000000 ifid_instr=00050023 q_instr=00050023
TRACE cycle=1500000 pc=00000050 ifid=0000004c idex=00000048 exmem_pc4=00000058 ex_redir=0 ex_redir_pc=00000058 fwdA=10 fwdB=00 idex_rs1=10 idex_rs2=11 idex_rd=16 exmem_rd=0 memwb_rd=10 ex_rs1=0001013a ex_rs2=000107f8 trap=0 done=0 x5=00000000 x6=0000000a x7=00000012 x10=00010139 x11=000107f8 x12=0001000c x13=00010352 x14=000000a2 x15=000102b0 x16=00000003 x17=00000003 x28=ffff0000 x29=000102b0 x30=00000000 x31=00000001 daddr=fffffff5 drdata=00000000 drvalid=0 dwdata=00000000 dwstrb=0
TRACE_WB cycle=1500000 exmem_v=1 exmem_load=0 exmem_rd_en=1 exmem_rd=0 memwb_v=1 memwb_rd_en=1 memwb_sel=00 memwb_rd=10 mem_load=00000000 memwb_load=00000000 wb_data=0001013a
TRACE_IF cycle=2000000 pc=0000004c ifid_v=1 idex_v=1 exmem_v=1 memwb_v=1 wr=1 data_wr=1 next_v=1 load_bub=0 dup=0 stall=0 dflush=0 q_valid=0 pipe_valid=0 buffer_valid=0 buf0_v=0 buf1_v=0 rsp_valid=0 imem_rvalid=0 drop_count=0 drop_rsp=0 live=0 consume=0 enqueue=0 data_issue=1 live_data=0 enqueue_data=0 redir=0 redir_pc=00000058 ifid_pc=00000048 idex_pc=00000054 q_pc=00000000 rsp_pc=00000000 buf0_pc=00000000 buf1_pc=00000000 ifid_instr=00b57863 q_instr=00b57863
TRACE cycle=2000000 pc=0000004c ifid=00000048 idex=00000054 exmem_pc4=00000054 ex_redir=1 ex_redir_pc=00000048 fwdA=00 fwdB=00 idex_rs1=31 idex_rs2=21 idex_rd=0 exmem_rd=10 memwb_rd=0 ex_rs1=00000001 ex_rs2=00000000 trap=0 done=0 x5=00000000 x6=0000000a x7=00000012 x10=00010603 x11=000107f8 x12=0001000c x13=00010352 x14=000000a2 x15=000102b0 x16=00000003 x17=00000003 x28=ffff0000 x29=000102b0 x30=00000000 x31=00000001 daddr=00010604 drdata=00000000 drvalid=0 dwdata=00000000 dwstrb=0
TRACE_WB cycle=2000000 exmem_v=1 exmem_load=0 exmem_rd_en=1 exmem_rd=10 memwb_v=1 memwb_rd_en=0 memwb_sel=00 memwb_rd=0 mem_load=00000000 memwb_load=00000000 wb_data=00010603
TRACE_IF cycle=2500000 pc=00002394 ifid_v=1 idex_v=1 exmem_v=1 memwb_v=1 wr=1 data_wr=1 next_v=1 load_bub=0 dup=0 stall=0 dflush=0 q_valid=0 pipe_valid=0 buffer_valid=0 buf0_v=0 buf1_v=0 rsp_valid=0 imem_rvalid=0 drop_count=0 drop_rsp=0 live=0 consume=0 enqueue=0 data_issue=1 live_data=0 enqueue_data=0 redir=0 redir_pc=00002290 ifid_pc=00002390 idex_pc=0000238c q_pc=00000000 rsp_pc=00000000 buf0_pc=00000000 buf1_pc=00000000 ifid_instr=f002f393 q_instr=f002f393
TRACE cycle=2500000 pc=00002394 ifid=00002390 idex=0000238c exmem_pc4=0000238c ex_redir=0 ex_redir_pc=00002394 fwdA=00 fwdB=00 idex_rs1=15 idex_rs2=8 idex_rd=5 exmem_rd=8 memwb_rd=11 ex_rs1=0001014c ex_rs2=00000004 trap=0 done=0 x5=00005b5b x6=00000001 x7=00005b00 x10=00010014 x11=00004040 x12=0000005b x13=00000003 x14=00010170 x15=0001014c x16=00010014 x17=00000004 x28=00000004 x29=00000004 x30=00000001 x31=00000001 daddr=00010178 drdata=00000000 drvalid=0 dwdata=00005b5b dwstrb=3
TRACE_WB cycle=2500000 exmem_v=1 exmem_load=0 exmem_rd_en=0 exmem_rd=8 memwb_v=1 memwb_rd_en=1 memwb_sel=00 memwb_rd=11 mem_load=00000000 memwb_load=00000000 wb_data=00005b5b
TRACE_IF cycle=3000000 pc=00000050 ifid_v=1 idex_v=1 exmem_v=1 memwb_v=1 wr=1 data_wr=1 next_v=1 load_bub=0 dup=0 stall=0 dflush=0 q_valid=0 pipe_valid=0 buffer_valid=0 buf0_v=0 buf1_v=0 rsp_valid=0 imem_rvalid=0 drop_count=0 drop_rsp=0 live=0 consume=0 enqueue=0 data_issue=1 live_data=0 enqueue_data=0 redir=0 redir_pc=0000004c ifid_pc=0000004c idex_pc=00000048 q_pc=00000000 rsp_pc=00000000 buf0_pc=00000000 buf1_pc=00000000 ifid_instr=00050023 q_instr=00050023
TRACE cycle=3000000 pc=00000050 ifid=0000004c idex=00000048 exmem_pc4=00000058 ex_redir=0 ex_redir_pc=00000058 fwdA=10 fwdB=00 idex_rs1=10 idex_rs2=11 idex_rd=16 exmem_rd=0 memwb_rd=10 ex_rs1=00010286 ex_rs2=000107f8 trap=0 done=0 x5=00000000 x6=0000000a x7=00000012 x10=00010285 x11=000107f8 x12=0001000c x13=00010352 x14=000000a2 x15=000102b0 x16=00000003 x17=00000003 x28=ffff0000 x29=000102b0 x30=00000000 x31=00000001 daddr=fffffff5 drdata=00000000 drvalid=0 dwdata=00000000 dwstrb=0
TRACE_WB cycle=3000000 exmem_v=1 exmem_load=0 exmem_rd_en=1 exmem_rd=0 memwb_v=1 memwb_rd_en=1 memwb_sel=00 memwb_rd=10 mem_load=00000000 memwb_load=00000000 wb_data=00010286
TRACE_IF cycle=3500000 pc=0000004c ifid_v=1 idex_v=1 exmem_v=1 memwb_v=1 wr=1 data_wr=1 next_v=1 load_bub=0 dup=0 stall=0 dflush=0 q_valid=0 pipe_valid=0 buffer_valid=0 buf0_v=0 buf1_v=0 rsp_valid=0 imem_rvalid=0 drop_count=0 drop_rsp=0 live=0 consume=0 enqueue=0 data_issue=1 live_data=0 enqueue_data=0 redir=0 redir_pc=00000058 ifid_pc=00000048 idex_pc=00000054 q_pc=00000000 rsp_pc=00000000 buf0_pc=00000000 buf1_pc=00000000 ifid_instr=00b57863 q_instr=00b57863
TRACE cycle=3500000 pc=0000004c ifid=00000048 idex=00000054 exmem_pc4=00000054 ex_redir=1 ex_redir_pc=00000048 fwdA=00 fwdB=00 idex_rs1=31 idex_rs2=21 idex_rd=0 exmem_rd=10 memwb_rd=0 ex_rs1=00000001 ex_rs2=00000000 trap=0 done=0 x5=00000000 x6=0000000a x7=00000012 x10=0001074f x11=000107f8 x12=0001000c x13=00010352 x14=000000a2 x15=000102b0 x16=00000003 x17=00000003 x28=ffff0000 x29=000102b0 x30=00000000 x31=00000001 daddr=00010750 drdata=00000000 drvalid=0 dwdata=00000000 dwstrb=0
TRACE_WB cycle=3500000 exmem_v=1 exmem_load=0 exmem_rd_en=1 exmem_rd=10 memwb_v=1 memwb_rd_en=0 memwb_sel=00 memwb_rd=0 mem_load=00000000 memwb_load=00000000 wb_data=0001074f
TRACE_IF cycle=4000000 pc=00002400 ifid_v=1 idex_v=1 exmem_v=1 memwb_v=1 wr=1 data_wr=1 next_v=1 load_bub=0 dup=0 stall=0 dflush=0 q_valid=0 pipe_valid=0 buffer_valid=0 buf0_v=0 buf1_v=0 rsp_valid=0 imem_rvalid=0 drop_count=0 drop_rsp=0 live=0 consume=0 enqueue=0 data_issue=1 live_data=0 enqueue_data=0 redir=1 redir_pc=00002040 ifid_pc=000023fc idex_pc=000023f8 q_pc=00000000 rsp_pc=00000000 buf0_pc=00000000 buf1_pc=00000000 ifid_instr=c45ff06f q_instr=c45ff06f
TRACE cycle=4000000 pc=00002400 ifid=000023fc idex=000023f8 exmem_pc4=000023f8 ex_redir=0 ex_redir_pc=000023f8 fwdA=00 fwdB=00 idex_rs1=12 idex_rs2=0 idex_rd=14 exmem_rd=15 memwb_rd=0 ex_rs1=00010014 ex_rs2=00000000 trap=0 done=0 x5=00000000 x6=0001005c x7=ffffff00 x10=00000000 x11=ffffffff x12=00010014 x13=00000002 x14=00000000 x15=00010020 x16=00010020 x17=00000002 x28=00007fff x29=00000010 x30=00000000 x31=00000001 daddr=00000000 drdata=00000000 drvalid=0 dwdata=00000000 dwstrb=0
TRACE_WB cycle=4000000 exmem_v=1 exmem_load=0 exmem_rd_en=1 exmem_rd=15 memwb_v=1 memwb_rd_en=1 memwb_sel=10 memwb_rd=0 mem_load=00000000 memwb_load=00000000 wb_data=000025cc
TRACE_IF cycle=4500000 pc=00000050 ifid_v=1 idex_v=1 exmem_v=1 memwb_v=1 wr=1 data_wr=1 next_v=1 load_bub=0 dup=0 stall=0 dflush=0 q_valid=0 pipe_valid=0 buffer_valid=0 buf0_v=0 buf1_v=0 rsp_valid=0 imem_rvalid=0 drop_count=0 drop_rsp=0 live=0 consume=0 enqueue=0 data_issue=1 live_data=0 enqueue_data=0 redir=0 redir_pc=0000004c ifid_pc=0000004c idex_pc=00000048 q_pc=00000000 rsp_pc=00000000 buf0_pc=00000000 buf1_pc=00000000 ifid_instr=00050023 q_instr=00050023
TRACE cycle=4500000 pc=00000050 ifid=0000004c idex=00000048 exmem_pc4=00000058 ex_redir=0 ex_redir_pc=00000058 fwdA=10 fwdB=00 idex_rs1=10 idex_rs2=11 idex_rd=16 exmem_rd=0 memwb_rd=10 ex_rs1=000103d2 ex_rs2=000107f8 trap=0 done=0 x5=00000000 x6=0000000a x7=00000012 x10=000103d1 x11=000107f8 x12=0001000c x13=00010352 x14=000000a2 x15=000102b0 x16=00000003 x17=00000003 x28=ffff0000 x29=000102b0 x30=00000000 x31=00000001 daddr=fffffff5 drdata=00000000 drvalid=0 dwdata=00000000 dwstrb=0
TRACE_WB cycle=4500000 exmem_v=1 exmem_load=0 exmem_rd_en=1 exmem_rd=0 memwb_v=1 memwb_rd_en=1 memwb_sel=00 memwb_rd=10 mem_load=00000000 memwb_load=00000000 wb_data=000103d2
TRACE_IF cycle=5000000 pc=00001d60 ifid_v=1 idex_v=1 exmem_v=1 memwb_v=1 wr=1 data_wr=1 next_v=1 load_bub=0 dup=0 stall=0 dflush=0 q_valid=0 pipe_valid=0 buffer_valid=0 buf0_v=0 buf1_v=0 rsp_valid=0 imem_rvalid=0 drop_count=0 drop_rsp=0 live=0 consume=0 enqueue=0 data_issue=1 live_data=0 enqueue_data=0 redir=0 redir_pc=00001d5c ifid_pc=00001d5c idex_pc=00001d58 q_pc=00000000 rsp_pc=00000000 buf0_pc=00000000 buf1_pc=00000000 ifid_instr=00072e83 q_instr=00072e83
TRACE cycle=5000000 pc=00001d60 ifid=00001d5c idex=00001d58 exmem_pc4=00001d58 ex_redir=0 ex_redir_pc=00001d5b fwdA=01 fwdB=00 idex_rs1=28 idex_rs2=3 idex_rd=11 exmem_rd=28 memwb_rd=8 ex_rs1=00000010 ex_rs2=00000000 trap=0 done=0 x5=0000001f x6=00010188 x7=00007fff x10=000100f8 x11=000101d0 x12=00000000 x13=00000010 x14=00010014 x15=000100ec x16=000101d4 x17=00010204 x28=000100d4 x29=0000007f x30=00007f7f x31=00007f00 daddr=00000010 drdata=00000000 drvalid=0 dwdata=00000000 dwstrb=0
TRACE_WB cycle=5000000 exmem_v=1 exmem_load=0 exmem_rd_en=1 exmem_rd=28 memwb_v=1 memwb_rd_en=0 memwb_sel=00 memwb_rd=8 mem_load=00000000 memwb_load=00000000 wb_data=000203d8

FAIL: coremark timeout at PC=00001d64 after 5000001 cycles
Fatal: 
FAIL: coremark timeout
Time: 50000115 ns  Iteration: 0  Process: /YH_rv_cpu_coremark_fpga_tb(ENABLE_M_EXTENSION=0,ENABLE_ZMMUL_EXTENSION=1,ENABLE_ZBC_EXTENSION=1,ENABLE_ZICOND_EXTENSION=1,DMEM_NEGEDGE_READ=1)/Always89_39  Scope: YH_rv_cpu_coremark_fpga_tb(ENABLE_M_EXTENSION=0,ENABLE_ZMMUL_EXTENSION=1,ENABLE_ZBC_EXTENSION=1,ENABLE_ZICOND_EXTENSION=1,DMEM_NEGEDGE_READ=1)  File: D:/BaiduSyncdisk/02_icdc_workspace/.worktrees/coremark7-dmips5-20260508/YH_rv_cpu/tb/YH_rv_cpu_coremark_fpga_tb.v Line: 264
$finish called at time : 50000115 ns
run: Time (s): cpu = 00:00:00 ; elapsed = 00:02:49 . Memory (MB): peak = 196.562 ; gain = 0.047
exit
INFO: xsimkernel Simulation Memory Usage: 13224 KB (Peak: 13224 KB), Simulation CPU Usage: 166874 ms
INFO: [Common 17-206] Exiting xsim at Fri May 15 09:11:59 2026...
