Copyright 1986-2022 Xilinx, Inc. All Rights Reserved. Copyright 2022-2025 Advanced Micro Devices, Inc. All Rights Reserved.
---------------------------------------------------------------------------------------------------------------------------------------------
| Tool Version : Vivado v.2025.2 (win64) Build 6299465 Fri Nov 14 19:35:11 GMT 2025
| Date         : Fri May  8 09:58:10 2026
| Host         : Toylog_desktop running 64-bit major release  (build 9200)
| Command      : report_timing_summary -file V:/project/reports/pynq_z2_sysclk_8p000ns_cpu50/impl_timing_summary.rpt
| Design       : YH_rv_cpu_fpga_top
| Device       : 7z020-clg400
| Speed File   : -1  PRODUCTION 1.12 2019-11-22
| Design State : Physopt postRoute
---------------------------------------------------------------------------------------------------------------------------------------------

Timing Summary Report

------------------------------------------------------------------------------------------------
| Timer Settings
| --------------
------------------------------------------------------------------------------------------------

  Enable Multi Corner Analysis               :  Yes
  Enable Pessimism Removal                   :  Yes
  Pessimism Removal Resolution               :  Nearest Common Node
  Enable Input Delay Default Clock           :  No
  Enable Preset / Clear Arcs                 :  No
  Disable Flight Delays                      :  No
  Ignore I/O Paths                           :  No
  Timing Early Launch at Borrowing Latches   :  No
  Borrow Time for Max Delay Exceptions       :  Yes
  Merge Timing Exceptions                    :  Yes
  Inter-SLR Compensation                     :  Conservative

  Corner  Analyze    Analyze    
  Name    Max Paths  Min Paths  
  ------  ---------  ---------  
  Slow    Yes        Yes        
  Fast    Yes        Yes        


------------------------------------------------------------------------------------------------
| Report Methodology
| ------------------
------------------------------------------------------------------------------------------------

No report available as report_methodology has not been run prior. Run report_methodology on the current design for the summary of methodology violations.



check_timing report

Table of Contents
-----------------
1. checking no_clock (0)
2. checking constant_clock (0)
3. checking pulse_width_clock (0)
4. checking unconstrained_internal_endpoints (0)
5. checking no_input_delay (1)
6. checking no_output_delay (4)
7. checking multiple_clock (0)
8. checking generated_clocks (0)
9. checking loops (0)
10. checking partial_input_delay (0)
11. checking partial_output_delay (0)
12. checking latch_loops (0)

1. checking no_clock (0)
------------------------
 There are 0 register/latch pins with no clock.


2. checking constant_clock (0)
------------------------------
 There are 0 register/latch pins with constant_clock.


3. checking pulse_width_clock (0)
---------------------------------
 There are 0 register/latch pins which need pulse_width check


4. checking unconstrained_internal_endpoints (0)
------------------------------------------------
 There are 0 pins that are not constrained for maximum delay.

 There are 0 pins that are not constrained for maximum delay due to constant clock.


5. checking no_input_delay (1)
------------------------------
 There is 1 input port with no input delay specified. (HIGH)

 There are 0 input ports with no input delay but user has a false path constraint.


6. checking no_output_delay (4)
-------------------------------
 There are 4 ports with no output delay specified. (HIGH)

 There are 0 ports with no output delay but user has a false path constraint

 There are 0 ports with no output delay but with a timing clock defined on it or propagating through it


7. checking multiple_clock (0)
------------------------------
 There are 0 register/latch pins with multiple clocks.


8. checking generated_clocks (0)
--------------------------------
 There are 0 generated clocks that are not connected to a clock source.


9. checking loops (0)
---------------------
 There are 0 combinational loops in the design.


10. checking partial_input_delay (0)
------------------------------------
 There are 0 input ports with partial input delay specified.


11. checking partial_output_delay (0)
-------------------------------------
 There are 0 ports with partial output delay specified.


12. checking latch_loops (0)
----------------------------
 There are 0 combinational latch loops in the design through latch input



------------------------------------------------------------------------------------------------
| Design Timing Summary
| ---------------------
------------------------------------------------------------------------------------------------

    WNS(ns)      TNS(ns)  TNS Failing Endpoints  TNS Total Endpoints      WHS(ns)      THS(ns)  THS Failing Endpoints  THS Total Endpoints     WPWS(ns)     TPWS(ns)  TPWS Failing Endpoints  TPWS Total Endpoints  
    -------      -------  ---------------------  -------------------      -------      -------  ---------------------  -------------------     --------     --------  ----------------------  --------------------  
      0.864        0.000                      0                 6932        0.111        0.000                      0                 6932        2.000        0.000                       0                  2331  


All user specified timing constraints are met.


------------------------------------------------------------------------------------------------
| Clock Summary
| -------------
------------------------------------------------------------------------------------------------

Clock                       Waveform(ns)         Period(ns)      Frequency(MHz)
-----                       ------------         ----------      --------------
pynq_sys_clk                {0.000 4.000}        8.000           125.000         
  gen_pynq_clk_50m.clkfb    {0.000 4.000}        8.000           125.000         
  gen_pynq_clk_50m.clkout0  {0.000 10.000}       20.000          50.000          


------------------------------------------------------------------------------------------------
| Intra Clock Table
| -----------------
------------------------------------------------------------------------------------------------

Clock                           WNS(ns)      TNS(ns)  TNS Failing Endpoints  TNS Total Endpoints      WHS(ns)      THS(ns)  THS Failing Endpoints  THS Total Endpoints     WPWS(ns)     TPWS(ns)  TPWS Failing Endpoints  TPWS Total Endpoints  
-----                           -------      -------  ---------------------  -------------------      -------      -------  ---------------------  -------------------     --------     --------  ----------------------  --------------------  
pynq_sys_clk                                                                                                                                                                  2.000        0.000                       0                     1  
  gen_pynq_clk_50m.clkfb                                                                                                                                                      5.845        0.000                       0                     3  
  gen_pynq_clk_50m.clkout0        0.864        0.000                      0                 4629        0.111        0.000                      0                 4629        9.500        0.000                       0                  2327  


------------------------------------------------------------------------------------------------
| Inter Clock Table
| -----------------
------------------------------------------------------------------------------------------------

From Clock    To Clock          WNS(ns)      TNS(ns)  TNS Failing Endpoints  TNS Total Endpoints      WHS(ns)      THS(ns)  THS Failing Endpoints  THS Total Endpoints  
----------    --------          -------      -------  ---------------------  -------------------      -------      -------  ---------------------  -------------------  


------------------------------------------------------------------------------------------------
| Other Path Groups Table
| -----------------------
------------------------------------------------------------------------------------------------

Path Group                From Clock                To Clock                      WNS(ns)      TNS(ns)  TNS Failing Endpoints  TNS Total Endpoints      WHS(ns)      THS(ns)  THS Failing Endpoints  THS Total Endpoints  
----------                ----------                --------                      -------      -------  ---------------------  -------------------      -------      -------  ---------------------  -------------------  
**async_default**         gen_pynq_clk_50m.clkout0  gen_pynq_clk_50m.clkout0        8.760        0.000                      0                 2303        0.692        0.000                      0                 2303  


------------------------------------------------------------------------------------------------
| Timing Details
| --------------
------------------------------------------------------------------------------------------------


---------------------------------------------------------------------------------------------------
From Clock:  pynq_sys_clk
  To Clock:  pynq_sys_clk

Setup :           NA  Failing Endpoints,  Worst Slack           NA  ,  Total Violation           NA
Hold  :           NA  Failing Endpoints,  Worst Slack           NA  ,  Total Violation           NA
PW    :            0  Failing Endpoints,  Worst Slack        2.000ns,  Total Violation        0.000ns
---------------------------------------------------------------------------------------------------


Pulse Width Checks
--------------------------------------------------------------------------------------
Clock Name:         pynq_sys_clk
Waveform(ns):       { 0.000 4.000 }
Period(ns):         8.000
Sources:            { CLK100MHZ }

Check Type        Corner  Lib Pin            Reference Pin  Required(ns)  Actual(ns)  Slack(ns)  Location         Pin
Min Period        n/a     MMCME2_ADV/CLKIN1  n/a            1.249         8.000       6.751      MMCME2_ADV_X1Y2  gen_pynq_clk_50m.u_clk_mmcm/CLKIN1
Max Period        n/a     MMCME2_ADV/CLKIN1  n/a            100.000       8.000       92.000     MMCME2_ADV_X1Y2  gen_pynq_clk_50m.u_clk_mmcm/CLKIN1
Low Pulse Width   Slow    MMCME2_ADV/CLKIN1  n/a            2.000         4.000       2.000      MMCME2_ADV_X1Y2  gen_pynq_clk_50m.u_clk_mmcm/CLKIN1
High Pulse Width  Slow    MMCME2_ADV/CLKIN1  n/a            2.000         4.000       2.000      MMCME2_ADV_X1Y2  gen_pynq_clk_50m.u_clk_mmcm/CLKIN1



---------------------------------------------------------------------------------------------------
From Clock:  gen_pynq_clk_50m.clkfb
  To Clock:  gen_pynq_clk_50m.clkfb

Setup :           NA  Failing Endpoints,  Worst Slack           NA  ,  Total Violation           NA
Hold  :           NA  Failing Endpoints,  Worst Slack           NA  ,  Total Violation           NA
PW    :            0  Failing Endpoints,  Worst Slack        5.845ns,  Total Violation        0.000ns
---------------------------------------------------------------------------------------------------


Pulse Width Checks
--------------------------------------------------------------------------------------
Clock Name:         gen_pynq_clk_50m.clkfb
Waveform(ns):       { 0.000 4.000 }
Period(ns):         8.000
Sources:            { gen_pynq_clk_50m.u_clk_mmcm/CLKFBOUT }

Check Type  Corner  Lib Pin             Reference Pin  Required(ns)  Actual(ns)  Slack(ns)  Location         Pin
Min Period  n/a     BUFG/I              n/a            2.155         8.000       5.845      BUFGCTRL_X0Y17   gen_pynq_clk_50m.u_clkfb_bufg/I
Max Period  n/a     MMCME2_ADV/CLKFBIN  n/a            100.000       8.000       92.000     MMCME2_ADV_X1Y2  gen_pynq_clk_50m.u_clk_mmcm/CLKFBIN



---------------------------------------------------------------------------------------------------
From Clock:  gen_pynq_clk_50m.clkout0
  To Clock:  gen_pynq_clk_50m.clkout0

Setup :            0  Failing Endpoints,  Worst Slack        0.864ns,  Total Violation        0.000ns
Hold  :            0  Failing Endpoints,  Worst Slack        0.111ns,  Total Violation        0.000ns
PW    :            0  Failing Endpoints,  Worst Slack        9.500ns,  Total Violation        0.000ns
---------------------------------------------------------------------------------------------------


Max Delay Paths
--------------------------------------------------------------------------------------
Slack (MET) :             0.864ns  (required time - arrival time)
  Source:                 u_soc/u_cpu/mem_wb_rd_addr_r_reg[0]_rep__1/C
                            (rising edge-triggered cell FDCE clocked by gen_pynq_clk_50m.clkout0  {rise@0.000ns fall@10.000ns period=20.000ns})
  Destination:            u_soc/u_cpu/ex_mem_exec_result_r_reg[10]/D
                            (rising edge-triggered cell FDCE clocked by gen_pynq_clk_50m.clkout0  {rise@0.000ns fall@10.000ns period=20.000ns})
  Path Group:             gen_pynq_clk_50m.clkout0
  Path Type:              Setup (Max at Slow Process Corner)
  Requirement:            20.000ns  (gen_pynq_clk_50m.clkout0 rise@20.000ns - gen_pynq_clk_50m.clkout0 rise@0.000ns)
  Data Path Delay:        19.017ns  (logic 10.423ns (54.809%)  route 8.594ns (45.191%))
  Logic Levels:           16  (CARRY4=3 DSP48E1=3 LUT2=1 LUT3=1 LUT4=1 LUT5=5 LUT6=2)
  Clock Path Skew:        -0.069ns (DCD - SCD + CPR)
    Destination Clock Delay (DCD):    -1.631ns = ( 18.369 - 20.000 ) 
    Source Clock Delay      (SCD):    -0.995ns
    Clock Pessimism Removal (CPR):    0.567ns
  Clock Uncertainty:      0.079ns  ((TSJ^2 + DJ^2)^1/2) / 2 + PE
    Total System Jitter     (TSJ):    0.071ns
    Discrete Jitter          (DJ):    0.141ns
    Phase Error              (PE):    0.000ns

    Location             Delay type                Incr(ns)  Path(ns)    Netlist Resource(s)
  -------------------------------------------------------------------    -------------------
                         (clock gen_pynq_clk_50m.clkout0 rise edge)
                                                      0.000     0.000 r  
    H16                                               0.000     0.000 r  CLK100MHZ (IN)
                         net (fo=0)                   0.000     0.000    CLK100MHZ
    H16                  IBUF (Prop_ibuf_I_O)         1.451     1.451 r  CLK100MHZ_IBUF_inst/O
                         net (fo=1, routed)           1.285     2.736    CLK100MHZ_IBUF
    MMCME2_ADV_X1Y2      MMCME2_ADV (Prop_mmcme2_adv_CLKIN1_CLKOUT0)
                                                     -7.759    -5.023 r  gen_pynq_clk_50m.u_clk_mmcm/CLKOUT0
                         net (fo=1, routed)           2.206    -2.817    gen_pynq_clk_50m.clkout0
    BUFGCTRL_X0Y16       BUFG (Prop_bufg_I_O)         0.101    -2.716 r  gen_pynq_clk_50m.u_cpu_clk_bufg/O
                         net (fo=2325, routed)        1.721    -0.995    u_soc/u_cpu/cpu_clk
    SLICE_X83Y94         FDCE                                         r  u_soc/u_cpu/mem_wb_rd_addr_r_reg[0]_rep__1/C
  -------------------------------------------------------------------    -------------------
    SLICE_X83Y94         FDCE (Prop_fdce_C_Q)         0.456    -0.539 r  u_soc/u_cpu/mem_wb_rd_addr_r_reg[0]_rep__1/Q
                         net (fo=6, routed)           1.032     0.493    u_soc/u_cpu/u_ex_stage/u_alu/gen_mul_extension.mul_signed__0_i_42_1
    SLICE_X83Y95         LUT4 (Prop_lut4_I2_O)        0.152     0.645 r  u_soc/u_cpu/u_ex_stage/u_alu/gen_mul_extension.mul_signed_i_154/O
                         net (fo=2, routed)           0.501     1.146    u_soc/u_cpu/u_ex_stage/u_alu/gen_mul_extension.mul_signed_i_154_n_0
    SLICE_X83Y93         LUT5 (Prop_lut5_I0_O)        0.332     1.478 r  u_soc/u_cpu/u_ex_stage/u_alu/gen_mul_extension.mul_signed_i_128/O
                         net (fo=31, routed)          1.147     2.625    u_soc/u_cpu/u_ex_stage/u_alu/gen_mul_extension.mul_signed_i_128_n_0
    SLICE_X88Y87         LUT6 (Prop_lut6_I2_O)        0.124     2.749 r  u_soc/u_cpu/u_ex_stage/u_alu/gen_mul_extension.mul_signed_i_92/O
                         net (fo=1, routed)           0.415     3.164    u_soc/u_cpu/u_ex_stage/u_alu/gen_mul_extension.mul_signed_i_92_n_0
    SLICE_X88Y87         LUT5 (Prop_lut5_I4_O)        0.124     3.288 r  u_soc/u_cpu/u_ex_stage/u_alu/gen_mul_extension.mul_signed_i_56/O
                         net (fo=5, routed)           0.944     4.232    u_soc/u_cpu/u_ex_stage/u_alu/ex_rs2_forwarded[8]
    SLICE_X88Y83         LUT3 (Prop_lut3_I2_O)        0.153     4.385 r  u_soc/u_cpu/u_ex_stage/u_alu/gen_mul_extension.mul_signed_i_24/O
                         net (fo=65, routed)          0.932     5.316    u_soc/u_cpu/u_ex_stage/u_alu/A[8]
    DSP48_X3Y34          DSP48E1 (Prop_dsp48e1_B[8]_PCOUT[47])
                                                      4.054     9.370 r  u_soc/u_cpu/u_ex_stage/u_alu/gen_mul_extension.mul_mix__3/PCOUT[47]
                         net (fo=1, routed)           0.002     9.372    u_soc/u_cpu/u_ex_stage/u_alu/gen_mul_extension.mul_mix__3_n_106
    DSP48_X3Y35          DSP48E1 (Prop_dsp48e1_PCIN[47]_PCOUT[47])
                                                      1.713    11.085 r  u_soc/u_cpu/u_ex_stage/u_alu/gen_mul_extension.mul_mix__4/PCOUT[47]
                         net (fo=1, routed)           0.002    11.087    u_soc/u_cpu/u_ex_stage/u_alu/gen_mul_extension.mul_mix__4_n_106
    DSP48_X3Y36          DSP48E1 (Prop_dsp48e1_PCIN[47]_P[17])
                                                      1.518    12.605 r  u_soc/u_cpu/u_ex_stage/u_alu/gen_mul_extension.mul_mix__5/P[17]
                         net (fo=2, routed)           0.990    13.595    u_soc/u_cpu/u_ex_stage/u_alu/gen_mul_extension.mul_mix__5_n_88
    SLICE_X93Y89         LUT2 (Prop_lut2_I0_O)        0.124    13.719 r  u_soc/u_cpu/u_ex_stage/u_alu/ex_mem_exec_result_r[4]_i_25/O
                         net (fo=1, routed)           0.000    13.719    u_soc/u_cpu/u_ex_stage/u_alu/ex_mem_exec_result_r[4]_i_25_n_0
    SLICE_X93Y89         CARRY4 (Prop_carry4_S[1]_CO[3])
                                                      0.550    14.269 r  u_soc/u_cpu/u_ex_stage/u_alu/ex_mem_exec_result_r_reg[4]_i_13/CO[3]
                         net (fo=1, routed)           0.000    14.269    u_soc/u_cpu/u_ex_stage/u_alu/ex_mem_exec_result_r_reg[4]_i_13_n_0
    SLICE_X93Y90         CARRY4 (Prop_carry4_CI_CO[3])
                                                      0.114    14.383 r  u_soc/u_cpu/u_ex_stage/u_alu/ex_mem_exec_result_r_reg[8]_i_13/CO[3]
                         net (fo=1, routed)           0.000    14.383    u_soc/u_cpu/u_ex_stage/u_alu/ex_mem_exec_result_r_reg[8]_i_13_n_0
    SLICE_X93Y91         CARRY4 (Prop_carry4_CI_O[1])
                                                      0.334    14.717 r  u_soc/u_cpu/u_ex_stage/u_alu/ex_mem_exec_result_r_reg[12]_i_8/O[1]
                         net (fo=1, routed)           0.819    15.537    u_soc/u_cpu/u_ex_stage/u_alu/data11[10]
    SLICE_X96Y87         LUT5 (Prop_lut5_I1_O)        0.303    15.840 r  u_soc/u_cpu/u_ex_stage/u_alu/ex_mem_exec_result_r[10]_i_9/O
                         net (fo=1, routed)           0.626    16.465    u_soc/u_cpu/u_ex_stage/u_alu/ex_mem_exec_result_r[10]_i_9_n_0
    SLICE_X97Y83         LUT5 (Prop_lut5_I4_O)        0.124    16.589 r  u_soc/u_cpu/u_ex_stage/u_alu/ex_mem_exec_result_r[10]_i_3/O
                         net (fo=1, routed)           0.429    17.019    u_soc/u_cpu/u_ex_stage/u_alu/ex_mem_exec_result_r[10]_i_3_n_0
    SLICE_X97Y82         LUT6 (Prop_lut6_I0_O)        0.124    17.143 r  u_soc/u_cpu/u_ex_stage/u_alu/ex_mem_exec_result_r[10]_i_2/O
                         net (fo=1, routed)           0.755    17.898    u_soc/u_cpu/u_ex_stage/u_alu/alu_result[10]
    SLICE_X87Y82         LUT5 (Prop_lut5_I4_O)        0.124    18.022 r  u_soc/u_cpu/u_ex_stage/u_alu/ex_mem_exec_result_r[10]_i_1/O
                         net (fo=1, routed)           0.000    18.022    u_soc/u_cpu/ex_exec_result_final[10]
    SLICE_X87Y82         FDCE                                         r  u_soc/u_cpu/ex_mem_exec_result_r_reg[10]/D
  -------------------------------------------------------------------    -------------------

                         (clock gen_pynq_clk_50m.clkout0 rise edge)
                                                     20.000    20.000 r  
    H16                                               0.000    20.000 r  CLK100MHZ (IN)
                         net (fo=0)                   0.000    20.000    CLK100MHZ
    H16                  IBUF (Prop_ibuf_I_O)         1.380    21.380 r  CLK100MHZ_IBUF_inst/O
                         net (fo=1, routed)           1.162    22.542    CLK100MHZ_IBUF
    MMCME2_ADV_X1Y2      MMCME2_ADV (Prop_mmcme2_adv_CLKIN1_CLKOUT0)
                                                     -7.814    14.728 r  gen_pynq_clk_50m.u_clk_mmcm/CLKOUT0
                         net (fo=1, routed)           2.012    16.740    gen_pynq_clk_50m.clkout0
    BUFGCTRL_X0Y16       BUFG (Prop_bufg_I_O)         0.091    16.831 r  gen_pynq_clk_50m.u_cpu_clk_bufg/O
                         net (fo=2325, routed)        1.538    18.369    u_soc/u_cpu/cpu_clk
    SLICE_X87Y82         FDCE                                         r  u_soc/u_cpu/ex_mem_exec_result_r_reg[10]/C
                         clock pessimism              0.567    18.936    
                         clock uncertainty           -0.079    18.857    
    SLICE_X87Y82         FDCE (Setup_fdce_C_D)        0.029    18.886    u_soc/u_cpu/ex_mem_exec_result_r_reg[10]
  -------------------------------------------------------------------
                         required time                         18.886    
                         arrival time                         -18.022    
  -------------------------------------------------------------------
                         slack                                  0.864    





Min Delay Paths
--------------------------------------------------------------------------------------
Slack (MET) :             0.111ns  (arrival time - required time)
  Source:                 u_soc/u_cpu/mem_wb_base_update_addr_r_reg[1]/C
                            (rising edge-triggered cell FDCE clocked by gen_pynq_clk_50m.clkout0  {rise@0.000ns fall@10.000ns period=20.000ns})
  Destination:            u_soc/u_cpu/u_regfile/regs_reg[8][11]/D
                            (rising edge-triggered cell FDCE clocked by gen_pynq_clk_50m.clkout0  {rise@0.000ns fall@10.000ns period=20.000ns})
  Path Group:             gen_pynq_clk_50m.clkout0
  Path Type:              Hold (Min at Fast Process Corner)
  Requirement:            0.000ns  (gen_pynq_clk_50m.clkout0 rise@0.000ns - gen_pynq_clk_50m.clkout0 rise@0.000ns)
  Data Path Delay:        0.555ns  (logic 0.186ns (33.539%)  route 0.369ns (66.461%))
  Logic Levels:           1  (LUT6=1)
  Clock Path Skew:        0.352ns (DCD - SCD - CPR)
    Destination Clock Delay (DCD):    -0.800ns
    Source Clock Delay      (SCD):    -0.648ns
    Clock Pessimism Removal (CPR):    -0.504ns

    Location             Delay type                Incr(ns)  Path(ns)    Netlist Resource(s)
  -------------------------------------------------------------------    -------------------
                         (clock gen_pynq_clk_50m.clkout0 rise edge)
                                                      0.000     0.000 r  
    H16                                               0.000     0.000 r  CLK100MHZ (IN)
                         net (fo=0)                   0.000     0.000    CLK100MHZ
    H16                  IBUF (Prop_ibuf_I_O)         0.219     0.219 r  CLK100MHZ_IBUF_inst/O
                         net (fo=1, routed)           0.440     0.659    CLK100MHZ_IBUF
    MMCME2_ADV_X1Y2      MMCME2_ADV (Prop_mmcme2_adv_CLKIN1_CLKOUT0)
                                                     -2.613    -1.954 r  gen_pynq_clk_50m.u_clk_mmcm/CLKOUT0
                         net (fo=1, routed)           0.696    -1.257    gen_pynq_clk_50m.clkout0
    BUFGCTRL_X0Y16       BUFG (Prop_bufg_I_O)         0.026    -1.231 r  gen_pynq_clk_50m.u_cpu_clk_bufg/O
                         net (fo=2325, routed)        0.583    -0.648    u_soc/u_cpu/cpu_clk
    SLICE_X85Y95         FDCE                                         r  u_soc/u_cpu/mem_wb_base_update_addr_r_reg[1]/C
  -------------------------------------------------------------------    -------------------
    SLICE_X85Y95         FDCE (Prop_fdce_C_Q)         0.141    -0.507 r  u_soc/u_cpu/mem_wb_base_update_addr_r_reg[1]/Q
                         net (fo=42, routed)          0.369    -0.139    u_soc/u_cpu/u_regfile/regs_reg[7][15]_0[1]
    SLICE_X88Y102        LUT6 (Prop_lut6_I1_O)        0.045    -0.094 r  u_soc/u_cpu/u_regfile/regs[8][11]_i_1/O
                         net (fo=1, routed)           0.000    -0.094    u_soc/u_cpu/u_regfile/regs[8][11]_i_1_n_0
    SLICE_X88Y102        FDCE                                         r  u_soc/u_cpu/u_regfile/regs_reg[8][11]/D
  -------------------------------------------------------------------    -------------------

                         (clock gen_pynq_clk_50m.clkout0 rise edge)
                                                      0.000     0.000 r  
    H16                                               0.000     0.000 r  CLK100MHZ (IN)
                         net (fo=0)                   0.000     0.000    CLK100MHZ
    H16                  IBUF (Prop_ibuf_I_O)         0.406     0.406 r  CLK100MHZ_IBUF_inst/O
                         net (fo=1, routed)           0.480     0.886    CLK100MHZ_IBUF
    MMCME2_ADV_X1Y2      MMCME2_ADV (Prop_mmcme2_adv_CLKIN1_CLKOUT0)
                                                     -3.407    -2.521 r  gen_pynq_clk_50m.u_clk_mmcm/CLKOUT0
                         net (fo=1, routed)           0.752    -1.769    gen_pynq_clk_50m.clkout0
    BUFGCTRL_X0Y16       BUFG (Prop_bufg_I_O)         0.029    -1.740 r  gen_pynq_clk_50m.u_cpu_clk_bufg/O
                         net (fo=2325, routed)        0.940    -0.800    u_soc/u_cpu/u_regfile/cpu_clk
    SLICE_X88Y102        FDCE                                         r  u_soc/u_cpu/u_regfile/regs_reg[8][11]/C
                         clock pessimism              0.504    -0.296    
    SLICE_X88Y102        FDCE (Hold_fdce_C_D)         0.091    -0.205    u_soc/u_cpu/u_regfile/regs_reg[8][11]
  -------------------------------------------------------------------
                         required time                          0.205    
                         arrival time                          -0.094    
  -------------------------------------------------------------------
                         slack                                  0.111    





Pulse Width Checks
--------------------------------------------------------------------------------------
Clock Name:         gen_pynq_clk_50m.clkout0
Waveform(ns):       { 0.000 10.000 }
Period(ns):         20.000
Sources:            { gen_pynq_clk_50m.u_clk_mmcm/CLKOUT0 }

Check Type        Corner  Lib Pin             Reference Pin  Required(ns)  Actual(ns)  Slack(ns)  Location         Pin
Min Period        n/a     RAMB36E1/CLKARDCLK  n/a            2.944         20.000      17.056     RAMB36_X3Y14     u_soc/u_dmem_ram/g_sync_ram.g_posedge_read.ram_mem_reg_0/CLKARDCLK
Max Period        n/a     MMCME2_ADV/CLKOUT0  n/a            213.360       20.000      193.360    MMCME2_ADV_X1Y2  gen_pynq_clk_50m.u_clk_mmcm/CLKOUT0
Low Pulse Width   Slow    FDCE/C              n/a            0.500         10.000      9.500      SLICE_X104Y114   reset_sync_r_reg[0]/C
High Pulse Width  Slow    FDCE/C              n/a            0.500         10.000      9.500      SLICE_X104Y114   reset_sync_r_reg[0]/C



---------------------------------------------------------------------------------------------------
Path Group:  **async_default**
From Clock:  gen_pynq_clk_50m.clkout0
  To Clock:  gen_pynq_clk_50m.clkout0

Setup :            0  Failing Endpoints,  Worst Slack        8.760ns,  Total Violation        0.000ns
Hold  :            0  Failing Endpoints,  Worst Slack        0.692ns,  Total Violation        0.000ns
---------------------------------------------------------------------------------------------------


Max Delay Paths
--------------------------------------------------------------------------------------
Slack (MET) :             8.760ns  (required time - arrival time)
  Source:                 reset_sync_r_reg[5]/C
                            (rising edge-triggered cell FDCE clocked by gen_pynq_clk_50m.clkout0  {rise@0.000ns fall@10.000ns period=20.000ns})
  Destination:            u_soc/timer_value_r_reg[0]/CLR
                            (recovery check against rising-edge clock gen_pynq_clk_50m.clkout0  {rise@0.000ns fall@10.000ns period=20.000ns})
  Path Group:             **async_default**
  Path Type:              Recovery (Max at Slow Process Corner)
  Requirement:            20.000ns  (gen_pynq_clk_50m.clkout0 rise@20.000ns - gen_pynq_clk_50m.clkout0 rise@0.000ns)
  Data Path Delay:        10.328ns  (logic 0.766ns (7.417%)  route 9.562ns (92.583%))
  Logic Levels:           2  (LUT4=1 LUT6=1)
  Clock Path Skew:        -0.428ns (DCD - SCD + CPR)
    Destination Clock Delay (DCD):    -1.639ns = ( 18.361 - 20.000 ) 
    Source Clock Delay      (SCD):    -0.744ns
    Clock Pessimism Removal (CPR):    0.466ns
  Clock Uncertainty:      0.079ns  ((TSJ^2 + DJ^2)^1/2) / 2 + PE
    Total System Jitter     (TSJ):    0.071ns
    Discrete Jitter          (DJ):    0.141ns
    Phase Error              (PE):    0.000ns

    Location             Delay type                Incr(ns)  Path(ns)    Netlist Resource(s)
  -------------------------------------------------------------------    -------------------
                         (clock gen_pynq_clk_50m.clkout0 rise edge)
                                                      0.000     0.000 r  
    H16                                               0.000     0.000 r  CLK100MHZ (IN)
                         net (fo=0)                   0.000     0.000    CLK100MHZ
    H16                  IBUF (Prop_ibuf_I_O)         1.451     1.451 r  CLK100MHZ_IBUF_inst/O
                         net (fo=1, routed)           1.285     2.736    CLK100MHZ_IBUF
    MMCME2_ADV_X1Y2      MMCME2_ADV (Prop_mmcme2_adv_CLKIN1_CLKOUT0)
                                                     -7.759    -5.023 r  gen_pynq_clk_50m.u_clk_mmcm/CLKOUT0
                         net (fo=1, routed)           2.206    -2.817    gen_pynq_clk_50m.clkout0
    BUFGCTRL_X0Y16       BUFG (Prop_bufg_I_O)         0.101    -2.716 r  gen_pynq_clk_50m.u_cpu_clk_bufg/O
                         net (fo=2325, routed)        1.972    -0.744    cpu_clk
    SLICE_X104Y114       FDCE                                         r  reset_sync_r_reg[5]/C
  -------------------------------------------------------------------    -------------------
    SLICE_X104Y114       FDCE (Prop_fdce_C_Q)         0.518    -0.226 r  reset_sync_r_reg[5]/Q
                         net (fo=2, routed)           0.793     0.566    u_soc/u_cpu/u_regfile/Q[5]
    SLICE_X104Y114       LUT4 (Prop_lut4_I0_O)        0.124     0.690 f  u_soc/u_cpu/u_regfile/led_OBUF[0]_inst_i_2/O
                         net (fo=2, routed)           0.510     1.200    u_soc/u_cpu/u_regfile/reset_sync_r_reg[5]
    SLICE_X105Y114       LUT6 (Prop_lut6_I5_O)        0.124     1.324 f  u_soc/u_cpu/u_regfile/regs[1][31]_i_3/O
                         net (fo=2303, routed)        8.259     9.584    u_soc/gen_pynq_clk_50m.u_clk_mmcm
    SLICE_X57Y66         FDCE                                         f  u_soc/timer_value_r_reg[0]/CLR
  -------------------------------------------------------------------    -------------------

                         (clock gen_pynq_clk_50m.clkout0 rise edge)
                                                     20.000    20.000 r  
    H16                                               0.000    20.000 r  CLK100MHZ (IN)
                         net (fo=0)                   0.000    20.000    CLK100MHZ
    H16                  IBUF (Prop_ibuf_I_O)         1.380    21.380 r  CLK100MHZ_IBUF_inst/O
                         net (fo=1, routed)           1.162    22.542    CLK100MHZ_IBUF
    MMCME2_ADV_X1Y2      MMCME2_ADV (Prop_mmcme2_adv_CLKIN1_CLKOUT0)
                                                     -7.814    14.728 r  gen_pynq_clk_50m.u_clk_mmcm/CLKOUT0
                         net (fo=1, routed)           2.012    16.740    gen_pynq_clk_50m.clkout0
    BUFGCTRL_X0Y16       BUFG (Prop_bufg_I_O)         0.091    16.831 r  gen_pynq_clk_50m.u_cpu_clk_bufg/O
                         net (fo=2325, routed)        1.530    18.361    u_soc/cpu_clk
    SLICE_X57Y66         FDCE                                         r  u_soc/timer_value_r_reg[0]/C
                         clock pessimism              0.466    18.827    
                         clock uncertainty           -0.079    18.748    
    SLICE_X57Y66         FDCE (Recov_fdce_C_CLR)     -0.405    18.343    u_soc/timer_value_r_reg[0]
  -------------------------------------------------------------------
                         required time                         18.343    
                         arrival time                          -9.584    
  -------------------------------------------------------------------
                         slack                                  8.760    





Min Delay Paths
--------------------------------------------------------------------------------------
Slack (MET) :             0.692ns  (arrival time - required time)
  Source:                 reset_sync_r_reg[1]/C
                            (rising edge-triggered cell FDCE clocked by gen_pynq_clk_50m.clkout0  {rise@0.000ns fall@10.000ns period=20.000ns})
  Destination:            u_soc/u_cpu/u_regfile/regs_reg[25][23]/CLR
                            (removal check against rising-edge clock gen_pynq_clk_50m.clkout0  {rise@0.000ns fall@10.000ns period=20.000ns})
  Path Group:             **async_default**
  Path Type:              Removal (Min at Fast Process Corner)
  Requirement:            0.000ns  (gen_pynq_clk_50m.clkout0 rise@0.000ns - gen_pynq_clk_50m.clkout0 rise@0.000ns)
  Data Path Delay:        0.658ns  (logic 0.186ns (28.260%)  route 0.472ns (71.740%))
  Logic Levels:           1  (LUT6=1)
  Clock Path Skew:        0.033ns (DCD - SCD - CPR)
    Destination Clock Delay (DCD):    -0.783ns
    Source Clock Delay      (SCD):    -0.545ns
    Clock Pessimism Removal (CPR):    -0.271ns

    Location             Delay type                Incr(ns)  Path(ns)    Netlist Resource(s)
  -------------------------------------------------------------------    -------------------
                         (clock gen_pynq_clk_50m.clkout0 rise edge)
                                                      0.000     0.000 r  
    H16                                               0.000     0.000 r  CLK100MHZ (IN)
                         net (fo=0)                   0.000     0.000    CLK100MHZ
    H16                  IBUF (Prop_ibuf_I_O)         0.219     0.219 r  CLK100MHZ_IBUF_inst/O
                         net (fo=1, routed)           0.440     0.659    CLK100MHZ_IBUF
    MMCME2_ADV_X1Y2      MMCME2_ADV (Prop_mmcme2_adv_CLKIN1_CLKOUT0)
                                                     -2.613    -1.954 r  gen_pynq_clk_50m.u_clk_mmcm/CLKOUT0
                         net (fo=1, routed)           0.696    -1.257    gen_pynq_clk_50m.clkout0
    BUFGCTRL_X0Y16       BUFG (Prop_bufg_I_O)         0.026    -1.231 r  gen_pynq_clk_50m.u_cpu_clk_bufg/O
                         net (fo=2325, routed)        0.686    -0.545    cpu_clk
    SLICE_X105Y114       FDCE                                         r  reset_sync_r_reg[1]/C
  -------------------------------------------------------------------    -------------------
    SLICE_X105Y114       FDCE (Prop_fdce_C_Q)         0.141    -0.404 r  reset_sync_r_reg[1]/Q
                         net (fo=3, routed)           0.122    -0.282    u_soc/u_cpu/u_regfile/Q[1]
    SLICE_X105Y114       LUT6 (Prop_lut6_I4_O)        0.045    -0.237 f  u_soc/u_cpu/u_regfile/regs[1][31]_i_3/O
                         net (fo=2303, routed)        0.350     0.113    u_soc/u_cpu/u_regfile/gen_pynq_clk_50m.u_clk_mmcm
    SLICE_X92Y114        FDCE                                         f  u_soc/u_cpu/u_regfile/regs_reg[25][23]/CLR
  -------------------------------------------------------------------    -------------------

                         (clock gen_pynq_clk_50m.clkout0 rise edge)
                                                      0.000     0.000 r  
    H16                                               0.000     0.000 r  CLK100MHZ (IN)
                         net (fo=0)                   0.000     0.000    CLK100MHZ
    H16                  IBUF (Prop_ibuf_I_O)         0.406     0.406 r  CLK100MHZ_IBUF_inst/O
                         net (fo=1, routed)           0.480     0.886    CLK100MHZ_IBUF
    MMCME2_ADV_X1Y2      MMCME2_ADV (Prop_mmcme2_adv_CLKIN1_CLKOUT0)
                                                     -3.407    -2.521 r  gen_pynq_clk_50m.u_clk_mmcm/CLKOUT0
                         net (fo=1, routed)           0.752    -1.769    gen_pynq_clk_50m.clkout0
    BUFGCTRL_X0Y16       BUFG (Prop_bufg_I_O)         0.029    -1.740 r  gen_pynq_clk_50m.u_cpu_clk_bufg/O
                         net (fo=2325, routed)        0.957    -0.783    u_soc/u_cpu/u_regfile/cpu_clk
    SLICE_X92Y114        FDCE                                         r  u_soc/u_cpu/u_regfile/regs_reg[25][23]/C
                         clock pessimism              0.271    -0.512    
    SLICE_X92Y114        FDCE (Remov_fdce_C_CLR)     -0.067    -0.579    u_soc/u_cpu/u_regfile/regs_reg[25][23]
  -------------------------------------------------------------------
                         required time                          0.579    
                         arrival time                           0.113    
  -------------------------------------------------------------------
                         slack                                  0.692    





