#-----------------------------------------------------------
# Vivado v2025.2 (64-bit)
# SW Build 6299465 on Fri Nov 14 19:35:11 GMT 2025
# IP Build 6300035 on Fri Nov 14 10:48:45 MST 2025
# SharedData Build 6298862 on Thu Nov 13 04:50:51 MST 2025
# Start of session at: Sat Jun 13 23:54:54 2026
# Process ID         : 37948
# Current directory  : D:/BaiduSyncdisk/02_icdc_workspace/.worktrees/coremark7-dmips5-20260508
# Command line       : vivado.exe -mode batch -notrace -log D:\BaiduSyncdisk\02_icdc_workspace\.worktrees\coremark7-dmips5-20260508\_tmp\tool_logs\vivado\impl136_lightfold_rc512_tagtrim_routeHigherDelayCost_cpu50\vivado_impl_from_synth.log -journal D:\BaiduSyncdisk\02_icdc_workspace\.worktrees\coremark7-dmips5-20260508\_tmp\tool_logs\vivado\impl136_lightfold_rc512_tagtrim_routeHigherDelayCost_cpu50\vivado_impl_from_synth.jou -source D:\BaiduSyncdisk\02_icdc_workspace\.worktrees\coremark7-dmips5-20260508\YH_rv_cpu\fpga\vivado\scripts\impl_from_synth_checkpoint.tcl -tclargs D:\BaiduSyncdisk\02_icdc_workspace\.worktrees\coremark7-dmips5-20260508\artifacts\strict_50m_timing_opt_20260609\impl134_lightfold_rc512_tagtrim_cpu50_wns+0p001\dcp\cpu50_synth.dcp D:\BaiduSyncdisk\02_icdc_workspace\.worktrees\coremark7-dmips5-20260508\project\reports\pynq_z2_sysclk_8p000ns_cpu50_impl136_lightfold_rc512_tagtrim_routeHigherDelayCost_cpu50 D:\BaiduSyncdisk\02_icdc_workspace\.worktrees\coremark7-dmips5-20260508\project\dcp\impl136_lightfold_rc512_tagtrim_routeHigherDelayCost_cpu50.dcp
# Log file           : D:/BaiduSyncdisk/02_icdc_workspace/.worktrees/coremark7-dmips5-20260508/_tmp/tool_logs/vivado/impl136_lightfold_rc512_tagtrim_routeHigherDelayCost_cpu50/vivado_impl_from_synth.log
# Journal file       : D:\BaiduSyncdisk\02_icdc_workspace\.worktrees\coremark7-dmips5-20260508\_tmp\tool_logs\vivado\impl136_lightfold_rc512_tagtrim_routeHigherDelayCost_cpu50\vivado_impl_from_synth.jou
# Running On         : Toylog_desktop
# Platform           : Windows Server 2016 or Windows 10
# Operating System   : 26200
# Processor Detail   : AMD Ryzen 7 7435H
# CPU Frequency      : 3094 MHz
# CPU Physical cores : 8
# CPU Logical cores  : 16
# Host memory        : 34082 MB
# Swap memory        : 2147 MB
# Total Virtual      : 36230 MB
# Available Virtual  : 20646 MB
#-----------------------------------------------------------
source {D:\BaiduSyncdisk\02_icdc_workspace\.worktrees\coremark7-dmips5-20260508\YH_rv_cpu\fpga\vivado\scripts\impl_from_synth_checkpoint.tcl} -notrace
INFO: synth_dcp = D:/BaiduSyncdisk/02_icdc_workspace/.worktrees/coremark7-dmips5-20260508/artifacts/strict_50m_timing_opt_20260609/impl134_lightfold_rc512_tagtrim_cpu50_wns+0p001/dcp/cpu50_synth.dcp
INFO: report_dir = D:/BaiduSyncdisk/02_icdc_workspace/.worktrees/coremark7-dmips5-20260508/project/reports/pynq_z2_sysclk_8p000ns_cpu50_impl136_lightfold_rc512_tagtrim_routeHigherDelayCost_cpu50
INFO: impl_dcp = D:/BaiduSyncdisk/02_icdc_workspace/.worktrees/coremark7-dmips5-20260508/project/dcp/impl136_lightfold_rc512_tagtrim_routeHigherDelayCost_cpu50.dcp
INFO: bitstream_file = 
INFO: OPT_DIRECTIVE = Explore
INFO: PLACE_DIRECTIVE = Explore
INFO: PHYS_OPT_PRE_DIRECTIVE = Explore
INFO: ROUTE_DIRECTIVE = HigherDelayCost
INFO: PHYS_OPT_POST_DIRECTIVE = Explore
INFO: SKIP_PHYS_OPT = 0
INFO: IMPL_WRITE_BITSTREAM = 0
STEP: open_checkpoint BEGIN
Command: open_checkpoint D:/BaiduSyncdisk/02_icdc_workspace/.worktrees/coremark7-dmips5-20260508/artifacts/strict_50m_timing_opt_20260609/impl134_lightfold_rc512_tagtrim_cpu50_wns+0p001/dcp/cpu50_synth.dcp

Starting open_checkpoint Task

Time (s): cpu = 00:00:00 ; elapsed = 00:00:00.057 . Memory (MB): peak = 370.172 ; gain = 3.852
INFO: [Device 21-403] Loading part xc7z020clg400-1
Netlist sorting complete. Time (s): cpu = 00:00:00 ; elapsed = 00:00:00.148 . Memory (MB): peak = 842.082 ; gain = 0.000
INFO: [Netlist 29-17] Analyzing 2310 Unisim elements for replacement
INFO: [Netlist 29-28] Unisim Transformation completed in 1 CPU seconds
INFO: [Project 1-479] Netlist was created with Vivado 2025.2
INFO: [Project 1-570] Preparing netlist for logic optimization
Read ShapeDB Complete: Time (s): cpu = 00:00:00 ; elapsed = 00:00:00.041 . Memory (MB): peak = 963.371 ; gain = 2.035
INFO: [Timing 38-478] Restoring timing data from binary archive.
INFO: [Timing 38-479] Binary timing data restore complete.
INFO: [Project 1-856] Restoring constraints from binary archive.
INFO: [Project 1-853] Binary constraint restore complete.
INFO: [Designutils 20-5722] Start Reading Physical Databases.
Reading placement.
Read Netlist Cache: Time (s): cpu = 00:00:00 ; elapsed = 00:00:00 . Memory (MB): peak = 1490.699 ; gain = 0.000
Reading placer database...
Read Device Cache: Time (s): cpu = 00:00:00 ; elapsed = 00:00:00.012 . Memory (MB): peak = 1490.699 ; gain = 0.000
Read PlaceDB: Time (s): cpu = 00:00:00 ; elapsed = 00:00:00.001 . Memory (MB): peak = 1490.699 ; gain = 0.000
Read placeStorage: Time (s): cpu = 00:00:00 ; elapsed = 00:00:00.001 . Memory (MB): peak = 1490.699 ; gain = 0.000
Read PulsedLatchDB: Time (s): cpu = 00:00:00 ; elapsed = 00:00:00 . Memory (MB): peak = 1490.699 ; gain = 0.000
Reading routing.
Read RouteStorage: Time (s): cpu = 00:00:00 ; elapsed = 00:00:00.012 . Memory (MB): peak = 1490.699 ; gain = 0.000
Read Physdb Files: Time (s): cpu = 00:00:00 ; elapsed = 00:00:00.054 . Memory (MB): peak = 1490.699 ; gain = 0.000
Restored from archive | CPU: 0.000000 secs | Memory: 0.000000 MB |
Finished XDEF File Restore: Time (s): cpu = 00:00:00 ; elapsed = 00:00:00.105 . Memory (MB): peak = 1490.699 ; gain = 0.000
Netlist sorting complete. Time (s): cpu = 00:00:00 ; elapsed = 00:00:00.008 . Memory (MB): peak = 1490.699 ; gain = 0.000
INFO: [Project 1-111] Unisim Transformation Summary:
  A total of 334 instances were transformed.
  RAM64M => RAM64M (RAMD64E(x4)): 334 instances

INFO: [Project 1-604] Checkpoint was created with Vivado v2025.2 (64-bit) build 6299465
open_checkpoint: Time (s): cpu = 00:00:19 ; elapsed = 00:00:19 . Memory (MB): peak = 1490.699 ; gain = 1131.426
STEP: open_checkpoint DONE
STEP: opt_design BEGIN
Command: opt_design -directive Explore
INFO: [Vivado_Tcl 4-136] Directive used for opt_design is: Explore
Attempting to get a license for feature 'Implementation' and/or device 'xc7z020'
INFO: [Common 17-349] Got license for feature 'Implementation' and/or device 'xc7z020'
Running DRC as a precondition to command opt_design

Starting DRC Task
INFO: [DRC 23-27] Running DRC with 2 threads
INFO: [Project 1-461] DRC finished with 0 Errors
INFO: [Project 1-462] Please refer to the DRC report (report_drc) for more information.

Time (s): cpu = 00:00:01 ; elapsed = 00:00:00.849 . Memory (MB): peak = 1490.699 ; gain = 0.000

Starting Logic Optimization Task

Phase 1 Initialization

Phase 1.1 Core Generation And Design Setup
Phase 1.1 Core Generation And Design Setup | Checksum: 123e48b98

Time (s): cpu = 00:00:00 ; elapsed = 00:00:00.015 . Memory (MB): peak = 1942.043 ; gain = 0.000

Phase 1.2 Setup Constraints And Sort Netlist
Phase 1.2 Setup Constraints And Sort Netlist | Checksum: 123e48b98

Time (s): cpu = 00:00:00 ; elapsed = 00:00:00.030 . Memory (MB): peak = 1942.043 ; gain = 0.000
Phase 1 Initialization | Checksum: 123e48b98

Time (s): cpu = 00:00:00 ; elapsed = 00:00:00.033 . Memory (MB): peak = 1942.043 ; gain = 0.000

Phase 2 Timer Update And Timing Data Collection

Phase 2.1 Detect if minReqCache needed
Phase 2.1 Detect if minReqCache needed | Checksum: 123e48b98

Time (s): cpu = 00:00:00 ; elapsed = 00:00:00.055 . Memory (MB): peak = 1942.098 ; gain = 0.055

Phase 2.2 Timer Update
INFO: [Timing 38-35] Done setting XDC timing constraints.
INFO: [Timing 38-2] Deriving generated clocks
Phase 2.2 Timer Update | Checksum: 123e48b98

Time (s): cpu = 00:00:02 ; elapsed = 00:00:01 . Memory (MB): peak = 2032.957 ; gain = 90.914

Phase 2.3 Timing Data Collection
Phase 2.3 Timing Data Collection | Checksum: 123e48b98

Time (s): cpu = 00:00:02 ; elapsed = 00:00:01 . Memory (MB): peak = 2032.957 ; gain = 90.914
Phase 2 Timer Update And Timing Data Collection | Checksum: 123e48b98

Time (s): cpu = 00:00:02 ; elapsed = 00:00:01 . Memory (MB): peak = 2032.957 ; gain = 90.914

Phase 3 Retarget
INFO: [Opt 31-1851] Number of loadless carry chains removed were: 0
INFO: [Opt 31-1834] Total Chains To Be Transformed Were: 0 AND Number of Transformed insts Created are: 0
INFO: [Opt 31-1566] Pulled 12 inverters resulting in an inversion of 226 pins
INFO: [Opt 31-138] Pushed 1 inverter(s) to 1 load pin(s).
INFO: [Opt 31-49] Retargeted 0 cell(s).
Phase 3 Retarget | Checksum: 168527f81

Time (s): cpu = 00:00:02 ; elapsed = 00:00:02 . Memory (MB): peak = 2032.957 ; gain = 90.914
Retarget | Checksum: 168527f81
INFO: [Opt 31-389] Phase Retarget created 0 cells and removed 30 cells
INFO: [Opt 31-1021] In phase Retarget, 1 netlist objects are constrained preventing optimization. Please run opt_design with -debug_log to get more detail. 

Phase 4 Constant propagation
INFO: [Opt 31-138] Pushed 0 inverter(s) to 0 load pin(s).
Phase 4 Constant propagation | Checksum: 1432753b8

Time (s): cpu = 00:00:02 ; elapsed = 00:00:02 . Memory (MB): peak = 2032.957 ; gain = 90.914
Constant propagation | Checksum: 1432753b8
INFO: [Opt 31-389] Phase Constant propagation created 0 cells and removed 0 cells

Phase 5 Sweep
INFO: [Constraints 18-11670] Building netlist checker database with flags, 0x8
Done building netlist checker database: Time (s): cpu = 00:00:00 ; elapsed = 00:00:00.006 . Memory (MB): peak = 2032.957 ; gain = 0.000
Phase 5 Sweep | Checksum: 13ea10f88

Time (s): cpu = 00:00:02 ; elapsed = 00:00:02 . Memory (MB): peak = 2032.957 ; gain = 90.914
Sweep | Checksum: 13ea10f88
INFO: [Opt 31-389] Phase Sweep created 1 cells and removed 0 cells

Phase 6 BUFG optimization
Phase 6 BUFG optimization | Checksum: 13ea10f88

Time (s): cpu = 00:00:03 ; elapsed = 00:00:02 . Memory (MB): peak = 2032.957 ; gain = 90.914
BUFG optimization | Checksum: 13ea10f88
INFO: [Opt 31-662] Phase BUFG optimization created 0 cells of which 0 are BUFGs and removed 0 cells.

Phase 7 Shift Register Optimization
INFO: [Opt 31-1064] SRL Remap converted 0 SRLs to 0 registers and converted 0 registers of register chains to 0 SRLs
Phase 7 Shift Register Optimization | Checksum: 13ea10f88

Time (s): cpu = 00:00:03 ; elapsed = 00:00:02 . Memory (MB): peak = 2032.957 ; gain = 90.914
Shift Register Optimization | Checksum: 13ea10f88
INFO: [Opt 31-389] Phase Shift Register Optimization created 0 cells and removed 0 cells
INFO: [Opt 31-1555] control_set_opt supports Versal devices only, and device 7z020 is unsupported

Phase 8 Post Processing Netlist
Phase 8 Post Processing Netlist | Checksum: 19ef912c0

Time (s): cpu = 00:00:03 ; elapsed = 00:00:02 . Memory (MB): peak = 2032.957 ; gain = 90.914
Post Processing Netlist | Checksum: 19ef912c0
INFO: [Opt 31-389] Phase Post Processing Netlist created 0 cells and removed 0 cells

Phase 9 Finalization

Phase 9.1 Finalizing Design Cores and Updating Shapes
Phase 9.1 Finalizing Design Cores and Updating Shapes | Checksum: 1315782d0

Time (s): cpu = 00:00:03 ; elapsed = 00:00:03 . Memory (MB): peak = 2032.957 ; gain = 90.914

Phase 9.2 Verifying Netlist Connectivity

Starting Connectivity Check Task

Time (s): cpu = 00:00:00 ; elapsed = 00:00:00.042 . Memory (MB): peak = 2032.957 ; gain = 0.000
Phase 9.2 Verifying Netlist Connectivity | Checksum: 1315782d0

Time (s): cpu = 00:00:03 ; elapsed = 00:00:03 . Memory (MB): peak = 2032.957 ; gain = 90.914
Phase 9 Finalization | Checksum: 1315782d0

Time (s): cpu = 00:00:03 ; elapsed = 00:00:03 . Memory (MB): peak = 2032.957 ; gain = 90.914
Opt_design Change Summary
=========================


-------------------------------------------------------------------------------------------------------------------------
|  Phase                        |  #Cells created  |  #Cells Removed  |  #Constrained objects preventing optimizations  |
-------------------------------------------------------------------------------------------------------------------------
|  Retarget                     |               0  |              30  |                                              1  |
|  Constant propagation         |               0  |               0  |                                              0  |
|  Sweep                        |               1  |               0  |                                              0  |
|  BUFG optimization            |               0  |               0  |                                              0  |
|  Shift Register Optimization  |               0  |               0  |                                              0  |
|  Post Processing Netlist      |               0  |               0  |                                              0  |
-------------------------------------------------------------------------------------------------------------------------


Ending Logic Optimization Task | Checksum: 1315782d0

Time (s): cpu = 00:00:03 ; elapsed = 00:00:03 . Memory (MB): peak = 2032.957 ; gain = 90.914
Netlist sorting complete. Time (s): cpu = 00:00:00 ; elapsed = 00:00:00.009 . Memory (MB): peak = 2032.957 ; gain = 0.000
INFO: [Common 17-83] Releasing license: Implementation
36 Infos, 0 Warnings, 0 Critical Warnings and 0 Errors encountered.
opt_design completed successfully
opt_design: Time (s): cpu = 00:00:08 ; elapsed = 00:00:08 . Memory (MB): peak = 2032.957 ; gain = 542.258
STEP: opt_design DONE
STEP: place_design BEGIN
Command: place_design -directive Explore
Attempting to get a license for feature 'Implementation' and/or device 'xc7z020'
INFO: [Common 17-349] Got license for feature 'Implementation' and/or device 'xc7z020'
INFO: [Common 17-83] Releasing license: Implementation
INFO: [DRC 23-27] Running DRC with 2 threads
INFO: [Vivado_Tcl 4-198] DRC finished with 0 Errors
INFO: [Vivado_Tcl 4-199] Please refer to the DRC report (report_drc) for more information.
INFO: [Timing 38-35] Done setting XDC timing constraints.
INFO: [Vivado_Tcl 4-2302] The placer was invoked with the 'Explore' directive.
Running DRC as a precondition to command place_design
INFO: [DRC 23-27] Running DRC with 2 threads
INFO: [Vivado_Tcl 4-198] DRC finished with 0 Errors, 21 Warnings
INFO: [Vivado_Tcl 4-199] Please refer to the DRC report (report_drc) for more information.
INFO: [Place 30-611] Multithreading enabled for place_design using a maximum of 2 CPUs

Starting Placer Task

Phase 1 Placer Initialization

Phase 1.1 Placer Initialization Netlist Sorting
Netlist sorting complete. Time (s): cpu = 00:00:00 ; elapsed = 00:00:00.008 . Memory (MB): peak = 2032.957 ; gain = 0.000
Phase 1.1 Placer Initialization Netlist Sorting | Checksum: b1958013

Time (s): cpu = 00:00:00 ; elapsed = 00:00:00.012 . Memory (MB): peak = 2032.957 ; gain = 0.000
Netlist sorting complete. Time (s): cpu = 00:00:00 ; elapsed = 00:00:00.008 . Memory (MB): peak = 2032.957 ; gain = 0.000

Phase 1.2 IO Placement/ Clock Placement/ Build Placer Device
Phase 1.2 IO Placement/ Clock Placement/ Build Placer Device | Checksum: e4c1e9db

Time (s): cpu = 00:00:02 ; elapsed = 00:00:01 . Memory (MB): peak = 2032.957 ; gain = 0.000

Phase 1.3 Build Placer Netlist Model
Phase 1.3 Build Placer Netlist Model | Checksum: 148107f19

Time (s): cpu = 00:00:08 ; elapsed = 00:00:06 . Memory (MB): peak = 2032.957 ; gain = 0.000

Phase 1.4 Constrain Clocks/Macros
Phase 1.4 Constrain Clocks/Macros | Checksum: 148107f19

Time (s): cpu = 00:00:08 ; elapsed = 00:00:06 . Memory (MB): peak = 2032.957 ; gain = 0.000
Phase 1 Placer Initialization | Checksum: 148107f19

Time (s): cpu = 00:00:08 ; elapsed = 00:00:06 . Memory (MB): peak = 2032.957 ; gain = 0.000

Phase 2 Global Placement

Phase 2.1 Floorplanning
Phase 2.1 Floorplanning | Checksum: 107289b77

Time (s): cpu = 00:00:11 ; elapsed = 00:00:08 . Memory (MB): peak = 2032.957 ; gain = 0.000

Phase 2.2 Update Timing before SLR Path Opt
Phase 2.2 Update Timing before SLR Path Opt | Checksum: 1960108ab

Time (s): cpu = 00:00:15 ; elapsed = 00:00:10 . Memory (MB): peak = 2032.957 ; gain = 0.000

Phase 2.3 Post-Processing in Floorplanning
Phase 2.3 Post-Processing in Floorplanning | Checksum: 1960108ab

Time (s): cpu = 00:00:15 ; elapsed = 00:00:10 . Memory (MB): peak = 2032.957 ; gain = 0.000

Phase 2.4 Global Place Phase1
Phase 2.4 Global Place Phase1 | Checksum: 1a7ab4d5c

Time (s): cpu = 00:00:43 ; elapsed = 00:00:28 . Memory (MB): peak = 2032.957 ; gain = 0.000

Phase 2.5 Global Place Phase2

Phase 2.5.1 UpdateTiming Before Physical Synthesis
Phase 2.5.1 UpdateTiming Before Physical Synthesis | Checksum: 1c0212cae

Time (s): cpu = 00:00:46 ; elapsed = 00:00:30 . Memory (MB): peak = 2032.957 ; gain = 0.000

Phase 2.5.2 Physical Synthesis In Placer
INFO: [Physopt 32-1035] Found 181 LUTNM shape to break, 364 LUT instances to create LUTNM shape
INFO: [Physopt 32-1044] Break lutnm for timing: one critical 76, two critical 105, total 181, new lutff created 8
INFO: [Physopt 32-1138] End 1 Pass. Optimized 319 nets or LUTs. Breaked 181 LUTs, combined 138 existing LUTs and moved 0 existing LUT
INFO: [Physopt 32-65] No nets found for high-fanout optimization.
INFO: [Physopt 32-232] Optimized 0 net. Created 0 new instance.
INFO: [Physopt 32-775] End 1 Pass. Optimized 0 net or cell. Created 0 new cell, deleted 0 existing cell and moved 0 existing cell
INFO: [Physopt 32-456] No candidate cells for DSP register optimization found in the design.
INFO: [Physopt 32-775] End 2 Pass. Optimized 0 net or cell. Created 0 new cell, deleted 0 existing cell and moved 0 existing cell
INFO: [Physopt 32-1123] No candidate cells found for Shift Register to Pipeline optimization
INFO: [Physopt 32-775] End 2 Pass. Optimized 0 net or cell. Created 0 new cell, deleted 0 existing cell and moved 0 existing cell
INFO: [Physopt 32-1401] No candidate cells found for Shift Register optimization.
INFO: [Physopt 32-677] No candidate cells for Shift Register optimization found in the design
INFO: [Physopt 32-775] End 1 Pass. Optimized 0 net or cell. Created 0 new cell, deleted 0 existing cell and moved 0 existing cell
INFO: [Physopt 32-526] No candidate cells for BRAM register optimization found in the design
INFO: [Physopt 32-775] End 1 Pass. Optimized 0 net or cell. Created 0 new cell, deleted 0 existing cell and moved 0 existing cell
INFO: [Physopt 32-846] No candidate cells for URAM register optimization found in the design
INFO: [Physopt 32-775] End 1 Pass. Optimized 0 net or cell. Created 0 new cell, deleted 0 existing cell and moved 0 existing cell
INFO: [Physopt 32-846] No candidate cells for URAM register optimization found in the design
INFO: [Physopt 32-775] End 1 Pass. Optimized 0 net or cell. Created 0 new cell, deleted 0 existing cell and moved 0 existing cell
INFO: [Physopt 32-949] No candidate nets found for dynamic/static region interface net replication
INFO: [Physopt 32-775] End 1 Pass. Optimized 0 net or cell. Created 0 new cell, deleted 0 existing cell and moved 0 existing cell
Netlist sorting complete. Time (s): cpu = 00:00:00 ; elapsed = 00:00:00.009 . Memory (MB): peak = 2032.957 ; gain = 0.000

Summary of Physical Synthesis Optimizations
============================================


-----------------------------------------------------------------------------------------------------------------------------------------------------------
|  Optimization                                     |  Added Cells  |  Removed Cells  |  Optimized Cells/Nets  |  Dont Touch  |  Iterations  |  Elapsed   |
-----------------------------------------------------------------------------------------------------------------------------------------------------------
|  LUT Combining                                    |          181  |            138  |                   319  |           0  |           1  |  00:00:01  |
|  Retime                                           |            0  |              0  |                     0  |           0  |           1  |  00:00:00  |
|  Very High Fanout                                 |            0  |              0  |                     0  |           0  |           1  |  00:00:00  |
|  DSP Register                                     |            0  |              0  |                     0  |           0  |           1  |  00:00:00  |
|  Shift Register to Pipeline                       |            0  |              0  |                     0  |           0  |           1  |  00:00:00  |
|  Shift Register                                   |            0  |              0  |                     0  |           0  |           1  |  00:00:00  |
|  BRAM Register                                    |            0  |              0  |                     0  |           0  |           1  |  00:00:00  |
|  URAM Register                                    |            0  |              0  |                     0  |           0  |           1  |  00:00:00  |
|  Dynamic/Static Region Interface Net Replication  |            0  |              0  |                     0  |           0  |           1  |  00:00:00  |
|  Total                                            |          181  |            138  |                   319  |           0  |           9  |  00:00:01  |
-----------------------------------------------------------------------------------------------------------------------------------------------------------


Phase 2.5.2 Physical Synthesis In Placer | Checksum: 12f85a333

Time (s): cpu = 00:00:50 ; elapsed = 00:00:33 . Memory (MB): peak = 2032.957 ; gain = 0.000
Phase 2.5 Global Place Phase2 | Checksum: 1324d388f

Time (s): cpu = 00:00:52 ; elapsed = 00:00:34 . Memory (MB): peak = 2032.957 ; gain = 0.000
Phase 2 Global Placement | Checksum: 1324d388f

Time (s): cpu = 00:00:52 ; elapsed = 00:00:34 . Memory (MB): peak = 2032.957 ; gain = 0.000

Phase 3 Detail Placement

Phase 3.1 Commit Multi Column Macros
Phase 3.1 Commit Multi Column Macros | Checksum: be1a3740

Time (s): cpu = 00:00:55 ; elapsed = 00:00:36 . Memory (MB): peak = 2032.957 ; gain = 0.000

Phase 3.2 Commit Most Macros & LUTRAMs
Phase 3.2 Commit Most Macros & LUTRAMs | Checksum: 17d3e3c17

Time (s): cpu = 00:01:01 ; elapsed = 00:00:40 . Memory (MB): peak = 2032.957 ; gain = 0.000

Phase 3.3 Area Swap Optimization
Phase 3.3 Area Swap Optimization | Checksum: 1d0f4b7e0

Time (s): cpu = 00:01:02 ; elapsed = 00:00:40 . Memory (MB): peak = 2032.957 ; gain = 0.000

Phase 3.4 Pipeline Register Optimization
Phase 3.4 Pipeline Register Optimization | Checksum: 1f8951f83

Time (s): cpu = 00:01:02 ; elapsed = 00:00:40 . Memory (MB): peak = 2032.957 ; gain = 0.000

Phase 3.5 Fast Optimization
Phase 3.5 Fast Optimization | Checksum: 1c5062359

Time (s): cpu = 00:01:12 ; elapsed = 00:00:49 . Memory (MB): peak = 2032.957 ; gain = 0.000

Phase 3.6 Small Shape Detail Placement
Phase 3.6 Small Shape Detail Placement | Checksum: 162051076

Time (s): cpu = 00:01:23 ; elapsed = 00:01:02 . Memory (MB): peak = 2032.957 ; gain = 0.000

Phase 3.7 Re-assign LUT pins
Phase 3.7 Re-assign LUT pins | Checksum: 12c764733

Time (s): cpu = 00:01:25 ; elapsed = 00:01:04 . Memory (MB): peak = 2032.957 ; gain = 0.000

Phase 3.8 Pipeline Register Optimization
Phase 3.8 Pipeline Register Optimization | Checksum: f9f94067

Time (s): cpu = 00:01:25 ; elapsed = 00:01:04 . Memory (MB): peak = 2032.957 ; gain = 0.000
Phase 3 Detail Placement | Checksum: f9f94067

Time (s): cpu = 00:01:25 ; elapsed = 00:01:04 . Memory (MB): peak = 2032.957 ; gain = 0.000

Phase 4 Post Placement Optimization and Clean-Up

Phase 4.1 Post Commit Optimization
INFO: [Timing 38-35] Done setting XDC timing constraints.

Phase 4.1.1 Post Placement Optimization
Post Placement Optimization Initialization | Checksum: 156190d77

Phase 4.1.1.1 BUFG Insertion

Starting Physical Synthesis Task

Phase 1 Physical Synthesis Initialization
INFO: [Physopt 32-721] Multithreading enabled for phys_opt_design using a maximum of 2 CPUs
INFO: [Physopt 32-619] Estimated Timing Summary | WNS=-1.856 | TNS=-162.708 |
Phase 1 Physical Synthesis Initialization | Checksum: 149a6c8b8

Time (s): cpu = 00:00:01 ; elapsed = 00:00:00.374 . Memory (MB): peak = 2032.957 ; gain = 0.000
INFO: [Place 46-33] Processed net u_soc/u_cpu/reset_sync_r_reg[1], BUFG insertion was skipped due to placement/routing conflicts.
INFO: [Place 46-56] BUFG insertion identified 1 candidate nets. Inserted BUFG: 0, Replicated BUFG Driver: 0, Skipped due to Placement/Routing Conflicts: 1, Skipped due to Timing Degradation: 0, Skipped due to netlist editing failed: 0.
Ending Physical Synthesis Task | Checksum: 1b81e59a7

Time (s): cpu = 00:00:01 ; elapsed = 00:00:00.797 . Memory (MB): peak = 2032.957 ; gain = 0.000
Phase 4.1.1.1 BUFG Insertion | Checksum: 156190d77

Time (s): cpu = 00:01:32 ; elapsed = 00:01:09 . Memory (MB): peak = 2032.957 ; gain = 0.000

Phase 4.1.1.2 Post Placement Timing Optimization
INFO: [Place 30-746] Post Placement Timing Summary WNS=0.283. For the most accurate timing information please run report_timing.
Phase 4.1.1.2 Post Placement Timing Optimization | Checksum: 1f7a33d48

Time (s): cpu = 00:03:34 ; elapsed = 00:03:11 . Memory (MB): peak = 2032.957 ; gain = 0.000

Time (s): cpu = 00:03:34 ; elapsed = 00:03:11 . Memory (MB): peak = 2032.957 ; gain = 0.000
Phase 4.1 Post Commit Optimization | Checksum: 1f7a33d48

Time (s): cpu = 00:03:34 ; elapsed = 00:03:11 . Memory (MB): peak = 2032.957 ; gain = 0.000

Phase 4.2 Post Placement Cleanup
Phase 4.2 Post Placement Cleanup | Checksum: 1f7a33d48

Time (s): cpu = 00:03:34 ; elapsed = 00:03:11 . Memory (MB): peak = 2032.957 ; gain = 0.000

Phase 4.3 Placer Reporting

Phase 4.3.1 Print Estimated Congestion
INFO: [Place 30-612] Post-Placement Estimated Congestion 
 ____________________________________________________
|           | Global Congestion | Short Congestion  |
| Direction | Region Size       | Region Size       |
|___________|___________________|___________________|
|      North|                4x4|                8x8|
|___________|___________________|___________________|
|      South|                1x1|                4x4|
|___________|___________________|___________________|
|       East|                1x1|                2x2|
|___________|___________________|___________________|
|       West|                4x4|                8x8|
|___________|___________________|___________________|

Phase 4.3.1 Print Estimated Congestion | Checksum: 1f7a33d48

Time (s): cpu = 00:03:34 ; elapsed = 00:03:11 . Memory (MB): peak = 2032.957 ; gain = 0.000
Phase 4.3 Placer Reporting | Checksum: 1f7a33d48

Time (s): cpu = 00:03:34 ; elapsed = 00:03:11 . Memory (MB): peak = 2032.957 ; gain = 0.000

Phase 4.4 Final Placement Cleanup
Netlist sorting complete. Time (s): cpu = 00:00:00 ; elapsed = 00:00:00.037 . Memory (MB): peak = 2032.957 ; gain = 0.000

Time (s): cpu = 00:03:34 ; elapsed = 00:03:11 . Memory (MB): peak = 2032.957 ; gain = 0.000
Phase 4 Post Placement Optimization and Clean-Up | Checksum: 1e03e6ef4

Time (s): cpu = 00:03:34 ; elapsed = 00:03:11 . Memory (MB): peak = 2032.957 ; gain = 0.000
Ending Placer Task | Checksum: e9790d32

Time (s): cpu = 00:03:34 ; elapsed = 00:03:11 . Memory (MB): peak = 2032.957 ; gain = 0.000
75 Infos, 0 Warnings, 0 Critical Warnings and 0 Errors encountered.
place_design completed successfully
place_design: Time (s): cpu = 00:03:37 ; elapsed = 00:03:14 . Memory (MB): peak = 2032.957 ; gain = 0.000
STEP: place_design DONE
STEP: phys_opt_design_pre_route BEGIN
Command: phys_opt_design -directive Explore
Attempting to get a license for feature 'Implementation' and/or device 'xc7z020'
INFO: [Common 17-349] Got license for feature 'Implementation' and/or device 'xc7z020'
INFO: [Vivado_Tcl 4-137] Directive used for phys_opt_design is: Explore

Starting Initial Update Timing Task

Time (s): cpu = 00:00:05 ; elapsed = 00:00:03 . Memory (MB): peak = 2032.957 ; gain = 0.000
INFO: [Vivado_Tcl 4-2279] Estimated Timing Summary | WNS= 0.283 | TNS= 0.000 | 
INFO: [Vivado_Tcl 4-383] Design worst setup slack (WNS) is greater than or equal to 0.000 ns. All physical synthesis setup optimizations will be skipped.
INFO: [Vivado_Tcl 4-232] No setup violation found. The netlist was not modified.
INFO: [Common 17-83] Releasing license: Implementation
81 Infos, 0 Warnings, 0 Critical Warnings and 0 Errors encountered.
phys_opt_design completed successfully
STEP: phys_opt_design_pre_route DONE
STEP: route_design BEGIN
Command: route_design -directive HigherDelayCost
Attempting to get a license for feature 'Implementation' and/or device 'xc7z020'
INFO: [Common 17-349] Got license for feature 'Implementation' and/or device 'xc7z020'


Starting Routing Task
INFO: [Route 35-270] Using Router directive 'HigherDelayCost'.
INFO: [Route 35-254] Multithreading enabled for route_design using a maximum of 2 CPUs

Phase 1 Build RT Design
Checksum: PlaceDB: 3ebc5928 ConstDB: 0 ShapeSum: 94c3411a RouteDB: 15f972f0
Post Restoration Checksum: NetGraph: 4abb743b | NumContArr: ecd340fc | Constraints: c2a8fa9d | Timing: c2a8fa9d
Phase 1 Build RT Design | Checksum: 2bce0aa71

Time (s): cpu = 00:00:31 ; elapsed = 00:00:26 . Memory (MB): peak = 2032.957 ; gain = 0.000

Phase 2 Router Initialization

Phase 2.1 Fix Topology Constraints
Phase 2.1 Fix Topology Constraints | Checksum: 2bce0aa71

Time (s): cpu = 00:00:31 ; elapsed = 00:00:26 . Memory (MB): peak = 2032.957 ; gain = 0.000

Phase 2.2 Pre Route Cleanup
Phase 2.2 Pre Route Cleanup | Checksum: 2bce0aa71

Time (s): cpu = 00:00:31 ; elapsed = 00:00:26 . Memory (MB): peak = 2032.957 ; gain = 0.000
 Number of Nodes with overlaps = 0

Phase 2.3 Update Timing
Phase 2.3 Update Timing | Checksum: 222a8127c

Time (s): cpu = 00:00:39 ; elapsed = 00:00:31 . Memory (MB): peak = 2056.523 ; gain = 23.566
INFO: [Route 35-416] Intermediate Timing Summary | WNS=0.311  | TNS=0.000  | WHS=-0.109 | THS=-32.289|


Phase 2.4 Soft Constraint Pins - Fast Budgeting
Phase 2.4 Soft Constraint Pins - Fast Budgeting | Checksum: 1f01263dc

Time (s): cpu = 00:00:42 ; elapsed = 00:00:33 . Memory (MB): peak = 2102.418 ; gain = 69.461

Router Utilization Summary
  Global Vertical Routing Utilization    = 0 %
  Global Horizontal Routing Utilization  = 0 %
  Routable Net Status*
  *Does not include unroutable nets such as driverless and loadless.
  Run report_route_status for detailed report.
  Number of Failed Nets               = 13697
    (Failed Nets is the sum of unrouted and partially routed nets)
  Number of Unrouted Nets             = 13697
  Number of Partially Routed Nets     = 0
  Number of Node Overlaps             = 0

Phase 2 Router Initialization | Checksum: 241662678

Time (s): cpu = 00:00:43 ; elapsed = 00:00:33 . Memory (MB): peak = 2102.418 ; gain = 69.461

Phase 3 Global Routing
Phase 3 Global Routing | Checksum: 241662678

Time (s): cpu = 00:00:43 ; elapsed = 00:00:33 . Memory (MB): peak = 2102.418 ; gain = 69.461

Phase 4 Initial Routing

Phase 4.1 Initial Net Routing Pass
Phase 4.1 Initial Net Routing Pass | Checksum: 1e1898f0a

Time (s): cpu = 00:00:55 ; elapsed = 00:00:41 . Memory (MB): peak = 2102.418 ; gain = 69.461
Phase 4 Initial Routing | Checksum: 1e1898f0a

Time (s): cpu = 00:00:55 ; elapsed = 00:00:41 . Memory (MB): peak = 2102.418 ; gain = 69.461

Phase 5 Rip-up And Reroute

Phase 5.1 Global Iteration 0
 Number of Nodes with overlaps = 13382
 Number of Nodes with overlaps = 5533
 Number of Nodes with overlaps = 3070
 Number of Nodes with overlaps = 1658
 Number of Nodes with overlaps = 946
 Number of Nodes with overlaps = 627
 Number of Nodes with overlaps = 321
 Number of Nodes with overlaps = 254
 Number of Nodes with overlaps = 110
 Number of Nodes with overlaps = 58
 Number of Nodes with overlaps = 17
 Number of Nodes with overlaps = 9
 Number of Nodes with overlaps = 4
 Number of Nodes with overlaps = 3
 Number of Nodes with overlaps = 0
INFO: [Route 35-416] Intermediate Timing Summary | WNS=-1.544 | TNS=-482.228| WHS=N/A    | THS=N/A    |

Phase 5.1 Global Iteration 0 | Checksum: 23881518c

Time (s): cpu = 00:03:07 ; elapsed = 00:02:05 . Memory (MB): peak = 2106.328 ; gain = 73.371

Phase 5.2 Global Iteration 1
 Number of Nodes with overlaps = 1437
 Number of Nodes with overlaps = 994
 Number of Nodes with overlaps = 542
 Number of Nodes with overlaps = 386
 Number of Nodes with overlaps = 245
 Number of Nodes with overlaps = 180
 Number of Nodes with overlaps = 118
 Number of Nodes with overlaps = 51
 Number of Nodes with overlaps = 34
 Number of Nodes with overlaps = 24
 Number of Nodes with overlaps = 20
 Number of Nodes with overlaps = 9
 Number of Nodes with overlaps = 5
 Number of Nodes with overlaps = 3
 Number of Nodes with overlaps = 2
 Number of Nodes with overlaps = 2
 Number of Nodes with overlaps = 1
 Number of Nodes with overlaps = 0
INFO: [Route 35-416] Intermediate Timing Summary | WNS=-1.165 | TNS=-137.162| WHS=N/A    | THS=N/A    |

Phase 5.2 Global Iteration 1 | Checksum: 2b59124fe

Time (s): cpu = 00:04:04 ; elapsed = 00:02:45 . Memory (MB): peak = 2106.375 ; gain = 73.418

Phase 5.3 Global Iteration 2
 Number of Nodes with overlaps = 1421
 Number of Nodes with overlaps = 796
 Number of Nodes with overlaps = 430
Phase 5.3 Global Iteration 2 | Checksum: 2059a08ff

Time (s): cpu = 00:04:30 ; elapsed = 00:03:01 . Memory (MB): peak = 2106.375 ; gain = 73.418
Phase 5 Rip-up And Reroute | Checksum: 2059a08ff

Time (s): cpu = 00:04:30 ; elapsed = 00:03:01 . Memory (MB): peak = 2106.375 ; gain = 73.418

Phase 6 Delay and Skew Optimization

Phase 6.1 Delay CleanUp

Phase 6.1.1 Update Timing
Phase 6.1.1 Update Timing | Checksum: 2cb66a34c

Time (s): cpu = 00:04:32 ; elapsed = 00:03:02 . Memory (MB): peak = 2106.375 ; gain = 73.418
INFO: [Route 35-416] Intermediate Timing Summary | WNS=-1.105 | TNS=-124.611| WHS=N/A    | THS=N/A    |

 Number of Nodes with overlaps = 0
Phase 6.1 Delay CleanUp | Checksum: 297cba95c

Time (s): cpu = 00:04:33 ; elapsed = 00:03:03 . Memory (MB): peak = 2106.375 ; gain = 73.418

Phase 6.2 Clock Skew Optimization
Phase 6.2 Clock Skew Optimization | Checksum: 297cba95c

Time (s): cpu = 00:04:33 ; elapsed = 00:03:03 . Memory (MB): peak = 2106.375 ; gain = 73.418
Phase 6 Delay and Skew Optimization | Checksum: 297cba95c

Time (s): cpu = 00:04:34 ; elapsed = 00:03:03 . Memory (MB): peak = 2106.375 ; gain = 73.418

Phase 7 Post Hold Fix

Phase 7.1 Hold Fix Iter
INFO: [Route 35-416] Intermediate Timing Summary | WNS=-1.105 | TNS=-91.739| WHS=0.155  | THS=0.000  |

Phase 7.1 Hold Fix Iter | Checksum: 1cefd63c8

Time (s): cpu = 00:04:35 ; elapsed = 00:03:04 . Memory (MB): peak = 2106.375 ; gain = 73.418
Phase 7 Post Hold Fix | Checksum: 1cefd63c8

Time (s): cpu = 00:04:35 ; elapsed = 00:03:04 . Memory (MB): peak = 2106.375 ; gain = 73.418

Phase 8 Route finalize

Router Utilization Summary
  Global Vertical Routing Utilization    = 9.14554 %
  Global Horizontal Routing Utilization  = 9.51192 %
  Routable Net Status*
  *Does not include unroutable nets such as driverless and loadless.
  Run report_route_status for detailed report.
  Number of Failed Nets               = 0
    (Failed Nets is the sum of unrouted and partially routed nets)
  Number of Unrouted Nets             = 0
  Number of Partially Routed Nets     = 0
  Number of Node Overlaps             = 0


--GLOBAL Congestion:
Utilization threshold used for congestion level computation: 0.85
Congestion Report
North Dir 1x1 Area, Max Cong = 94.5946%, Congestion bounded by tiles (Lower Left Tile -> Upper Right Tile):
   INT_R_X35Y59 -> INT_R_X35Y59
   INT_L_X30Y56 -> INT_L_X30Y56
   INT_R_X29Y53 -> INT_R_X29Y53
   INT_L_X30Y53 -> INT_L_X30Y53
   INT_L_X30Y52 -> INT_L_X30Y52
South Dir 1x1 Area, Max Cong = 99.0991%, Congestion bounded by tiles (Lower Left Tile -> Upper Right Tile):
   INT_L_X32Y96 -> INT_L_X32Y96
   INT_R_X33Y96 -> INT_R_X33Y96
   INT_L_X34Y95 -> INT_L_X34Y95
   INT_R_X33Y94 -> INT_R_X33Y94
   INT_L_X34Y94 -> INT_L_X34Y94
East Dir 1x1 Area, Max Cong = 91.1765%, Congestion bounded by tiles (Lower Left Tile -> Upper Right Tile):
   INT_L_X26Y51 -> INT_L_X26Y51
   INT_L_X30Y50 -> INT_L_X30Y50
   INT_R_X27Y24 -> INT_R_X27Y24
   INT_R_X27Y22 -> INT_R_X27Y22
West Dir 2x2 Area, Max Cong = 89.3382%, Congestion bounded by tiles (Lower Left Tile -> Upper Right Tile):
   INT_L_X32Y46 -> INT_R_X33Y47
   INT_L_X32Y42 -> INT_R_X33Y43

------------------------------
Reporting congestion hotspots
------------------------------
Direction: North
----------------
Congested clusters found at Level 0
Effective congestion level: 1 Aspect Ratio: 1 Sparse Ratio: 0.75
Direction: South
----------------
Congested clusters found at Level 0
Effective congestion level: 1 Aspect Ratio: 0.75 Sparse Ratio: 1.75
Direction: East
----------------
Congested clusters found at Level 0
Effective congestion level: 0 Aspect Ratio: 1 Sparse Ratio: 1
Direction: West
----------------
Congested clusters found at Level 0
Effective congestion level: 2 Aspect Ratio: 0.714286 Sparse Ratio: 0.8125

Phase 8 Route finalize | Checksum: 1cefd63c8

Time (s): cpu = 00:04:35 ; elapsed = 00:03:04 . Memory (MB): peak = 2106.375 ; gain = 73.418

Phase 9 Verifying routed nets

 Verification completed successfully
Phase 9 Verifying routed nets | Checksum: 1cefd63c8

Time (s): cpu = 00:04:35 ; elapsed = 00:03:04 . Memory (MB): peak = 2106.375 ; gain = 73.418

Phase 10 Depositing Routes
Phase 10 Depositing Routes | Checksum: 1892b3df5

Time (s): cpu = 00:04:38 ; elapsed = 00:03:06 . Memory (MB): peak = 2106.375 ; gain = 73.418

Phase 11 Post Process Routing
Phase 11 Post Process Routing | Checksum: 1892b3df5

Time (s): cpu = 00:04:38 ; elapsed = 00:03:06 . Memory (MB): peak = 2106.375 ; gain = 73.418

Phase 12 Post Router Timing
INFO: [Route 35-57] Estimated Timing Summary | WNS=-1.105 | TNS=-91.739| WHS=0.155  | THS=0.000  |

WARNING: [Route 35-328] Router estimated timing not met.
Resolution: For a complete and accurate timing signoff, report_timing_summary must be run after route_design. Alternatively, route_design can be run with the -timing_summary option to enable a complete timing signoff at the end of route_design.
Phase 12 Post Router Timing | Checksum: 1892b3df5

Time (s): cpu = 00:04:38 ; elapsed = 00:03:06 . Memory (MB): peak = 2106.375 ; gain = 73.418
Total Elapsed time in route_design: 186.311 secs

Phase 13 Post-Route Event Processing
Phase 13 Post-Route Event Processing | Checksum: 1b961de85

Time (s): cpu = 00:04:38 ; elapsed = 00:03:06 . Memory (MB): peak = 2106.375 ; gain = 73.418
INFO: [Route 35-16] Router Completed Successfully
Ending Routing Task | Checksum: 1b961de85

Time (s): cpu = 00:04:38 ; elapsed = 00:03:06 . Memory (MB): peak = 2106.375 ; gain = 73.418

Routing Is Done.
INFO: [Common 17-83] Releasing license: Implementation
92 Infos, 1 Warnings, 0 Critical Warnings and 0 Errors encountered.
route_design completed successfully
route_design: Time (s): cpu = 00:04:39 ; elapsed = 00:03:07 . Memory (MB): peak = 2106.375 ; gain = 73.418
STEP: route_design DONE
STEP: phys_opt_design_post_route BEGIN
Command: phys_opt_design -directive Explore
Attempting to get a license for feature 'Implementation' and/or device 'xc7z020'
INFO: [Common 17-349] Got license for feature 'Implementation' and/or device 'xc7z020'
INFO: [Vivado_Tcl 4-241] Physical synthesis in post route mode 
INFO: [Vivado_Tcl 4-137] Directive used for phys_opt_design is: Explore

Starting Initial Update Timing Task

Time (s): cpu = 00:00:06 ; elapsed = 00:00:04 . Memory (MB): peak = 2106.375 ; gain = 0.000
INFO: [Vivado_Tcl 4-1435] PhysOpt_Tcl_Interface Runtime Before Starting Physical Synthesis Task | CPU: 8.00s |  WALL: 5.52s
Netlist sorting complete. Time (s): cpu = 00:00:01 ; elapsed = 00:00:00.008 . Memory (MB): peak = 2106.375 ; gain = 0.000

Starting Physical Synthesis Task

Phase 1 Physical Synthesis Initialization
INFO: [Physopt 32-721] Multithreading enabled for phys_opt_design using a maximum of 2 CPUs
INFO: [Physopt 32-668] Current Timing Summary | WNS=-1.130 | TNS=-88.739 | WHS=0.155 | THS=0.000 |
Phase 1 Physical Synthesis Initialization | Checksum: 229e60f76

Time (s): cpu = 00:00:03 ; elapsed = 00:00:02 . Memory (MB): peak = 2106.375 ; gain = 0.000
WARNING: [Physopt 32-745] Physical Optimization has determined that the magnitude of the negative slack is too large and it is highly unlikely that slack will be improved. Post-Route Physical Optimization is most effective when WNS is above -0.5ns

Phase 2 Critical Path Optimization
INFO: [Physopt 32-668] Current Timing Summary | WNS=-1.130 | TNS=-88.739 | WHS=0.155 | THS=0.000 |
INFO: [Physopt 32-663] Processed net u_soc/u_cpu/if_id_pc_r_reg_n_0_[1].  Re-placed instance u_soc/u_cpu/if_id_pc_r_reg[1]
INFO: [Physopt 32-952] Improved path group WNS = -1.027. Path group: gen_pynq_clk_50m.clkout0. Processed net: u_soc/u_cpu/if_id_pc_r_reg_n_0_[1].
INFO: [Physopt 32-663] Processed net u_soc/u_cpu/if_id_pc_r_reg[2]_rep_n_0.  Re-placed instance u_soc/u_cpu/if_id_pc_r_reg[2]_rep
INFO: [Physopt 32-952] Improved path group WNS = -1.010. Path group: gen_pynq_clk_50m.clkout0. Processed net: u_soc/u_cpu/if_id_pc_r_reg[2]_rep_n_0.
INFO: [Physopt 32-953] Path group WNS did not improve. Path group: gen_pynq_clk_50m.clkout0. Processed net: u_soc/u_cpu/id_ex_pc_r_reg_n_0_[31].
INFO: [Physopt 32-953] Path group WNS did not improve. Path group: gen_pynq_clk_50m.clkout0. Processed net: gen_pynq_clk_50m.clkout0.
INFO: [Physopt 32-953] Path group WNS did not improve. Path group: gen_pynq_clk_50m.clkout0. Processed net: u_soc/u_cpu/gen_dcache.u_dcache/id_ex_pc4_r[15]_bret__3_i_3_0.
INFO: [Physopt 32-953] Path group WNS did not improve. Path group: gen_pynq_clk_50m.clkout0. Processed net: u_soc/u_cpu/gen_dcache.u_dcache/id_ex_pc4_r[27]_bret__0_i_2_n_0.
INFO: [Physopt 32-953] Path group WNS did not improve. Path group: gen_pynq_clk_50m.clkout0. Processed net: u_soc/u_cpu/gen_dcache.u_dcache/id_ex_pc4_r[27]_bret__0_i_7_n_0.
INFO: [Physopt 32-710] Processed net u_soc/u_cpu/gen_dcache.u_dcache/id_ex_pc4_r[27]_bret__0_i_7_n_0. Critical path length was reduced through logic transformation on cell u_soc/u_cpu/gen_dcache.u_dcache/id_ex_pc4_r[27]_bret__0_i_7_comp.
INFO: [Physopt 32-952] Improved path group WNS = -1.001. Path group: gen_pynq_clk_50m.clkout0. Processed net: u_soc/u_cpu/gen_dcache.u_dcache/id_ex_pc4_r[27]_bret__0_i_12_n_0.
INFO: [Physopt 32-953] Path group WNS did not improve. Path group: gen_pynq_clk_50m.clkout0. Processed net: u_soc/u_cpu/gen_dcache.u_dcache/id_ex_pc4_r[27]_bret__0_i_14_n_0.
INFO: [Physopt 32-952] Improved path group WNS = -1.001. Path group: gen_pynq_clk_50m.clkout0. Processed net: u_soc/u_cpu/gen_dcache.u_dcache/id_ex_rs1_addr_r[3]_i_4_0[1].
INFO: [Physopt 32-953] Path group WNS did not improve. Path group: gen_pynq_clk_50m.clkout0. Processed net: u_soc/u_cpu/gen_dcache.u_dcache/id_ex_rs1_addr_r[3]_i_4_0[1].
INFO: [Physopt 32-953] Path group WNS did not improve. Path group: gen_pynq_clk_50m.clkout0. Processed net: u_soc/u_cpu/gen_dcache.u_dcache/id_ex_rs1_addr_r[1]_i_4_n_0.
INFO: [Physopt 32-953] Path group WNS did not improve. Path group: gen_pynq_clk_50m.clkout0. Processed net: u_soc/u_cpu/gen_dcache.u_dcache/if_id_pc_r_reg[31][30].
INFO: [Physopt 32-608] Optimized 1 net.  Swapped 12 pins.
INFO: [Physopt 32-952] Improved path group WNS = -0.780. Path group: gen_pynq_clk_50m.clkout0. Processed net: u_soc/u_cpu/u_regfile/if_id_valid_r_reg[0].
INFO: [Physopt 32-953] Path group WNS did not improve. Path group: gen_pynq_clk_50m.clkout0. Processed net: u_soc/u_cpu/u_regfile/if_id_valid_r_reg[1].
INFO: [Physopt 32-710] Processed net u_soc/u_cpu/u_regfile/if_id_valid_r_reg[1]. Critical path length was reduced through logic transformation on cell u_soc/u_cpu/u_regfile/redirect_cache_instruction_r_reg_r1_0_63_0_2_i_7_comp.
INFO: [Physopt 32-952] Improved path group WNS = -0.768. Path group: gen_pynq_clk_50m.clkout0. Processed net: u_soc/u_cpu/gen_dcache.u_dcache/if_id_valid_r_reg_4.
INFO: [Physopt 32-953] Path group WNS did not improve. Path group: gen_pynq_clk_50m.clkout0. Processed net: u_soc/u_cpu/u_regfile/if_id_valid_r_reg[0].
INFO: [Physopt 32-710] Processed net u_soc/u_cpu/u_regfile/if_id_valid_r_reg[0]. Critical path length was reduced through logic transformation on cell u_soc/u_cpu/u_regfile/redirect_cache_instruction_r_reg_r1_0_63_0_2_i_8_comp.
INFO: [Physopt 32-952] Improved path group WNS = -0.766. Path group: gen_pynq_clk_50m.clkout0. Processed net: u_soc/u_cpu/gen_dcache.u_dcache/if_id_valid_r_reg_4.
INFO: [Physopt 32-953] Path group WNS did not improve. Path group: gen_pynq_clk_50m.clkout0. Processed net: u_soc/u_cpu/gen_dcache.u_dcache/id_ex_rs1_addr_r[3]_i_4_0[2].
INFO: [Physopt 32-608] Optimized 1 net.  Swapped 18 pins.
INFO: [Physopt 32-952] Improved path group WNS = -0.759. Path group: gen_pynq_clk_50m.clkout0. Processed net: u_soc/u_cpu/gen_dcache.u_dcache/id_ex_rs1_addr_r[2]_i_4_n_0.
INFO: [Physopt 32-663] Processed net u_soc/u_cpu/sel0[0].  Re-placed instance u_soc/u_cpu/if_id_pc_r_reg[2]
INFO: [Physopt 32-952] Improved path group WNS = -0.726. Path group: gen_pynq_clk_50m.clkout0. Processed net: u_soc/u_cpu/sel0[0].
INFO: [Physopt 32-953] Path group WNS did not improve. Path group: gen_pynq_clk_50m.clkout0. Processed net: u_soc/u_cpu/sel0[2].
INFO: [Physopt 32-953] Path group WNS did not improve. Path group: gen_pynq_clk_50m.clkout0. Processed net: u_soc/u_cpu/u_regfile/pc_r[31]_bret_bret__91_i_1_0.
INFO: [Physopt 32-953] Path group WNS did not improve. Path group: gen_pynq_clk_50m.clkout0. Processed net: u_soc/u_cpu/u_regfile/pc_r[31]_bret_bret__91_i_6_0.
INFO: [Physopt 32-953] Path group WNS did not improve. Path group: gen_pynq_clk_50m.clkout0. Processed net: u_soc/u_cpu/u_regfile/pc_r[31]_bret_bret__91_i_6_n_0.
INFO: [Physopt 32-710] Processed net u_soc/u_cpu/u_regfile/pc_r[31]_bret_bret__91_i_6_n_0. Critical path length was reduced through logic transformation on cell u_soc/u_cpu/u_regfile/pc_r[31]_bret_bret__91_i_6_comp.
INFO: [Physopt 32-952] Improved path group WNS = -0.687. Path group: gen_pynq_clk_50m.clkout0. Processed net: u_soc/u_cpu/u_regfile/pc_r[31]_bret_bret__91_i_21_n_0.
INFO: [Physopt 32-608] Optimized 1 net.  Swapped 15 pins.
INFO: [Physopt 32-952] Improved path group WNS = -0.685. Path group: gen_pynq_clk_50m.clkout0. Processed net: u_soc/u_cpu/u_regfile/if_id_valid_r_reg[2].
INFO: [Physopt 32-953] Path group WNS did not improve. Path group: gen_pynq_clk_50m.clkout0. Processed net: u_soc/u_cpu/sel0[1].
INFO: [Physopt 32-953] Path group WNS did not improve. Path group: gen_pynq_clk_50m.clkout0. Processed net: u_soc/u_cpu/gen_dcache.u_dcache/if_id_pc_r[3]_i_2_n_0.
INFO: [Physopt 32-952] Improved path group WNS = -0.680. Path group: gen_pynq_clk_50m.clkout0. Processed net: u_soc/u_cpu/gen_dcache.u_dcache/csr_mtvec_r_reg[3].
INFO: [Physopt 32-608] Optimized 1 net.  Swapped 20 pins.
INFO: [Physopt 32-952] Improved path group WNS = -0.624. Path group: gen_pynq_clk_50m.clkout0. Processed net: u_soc/u_cpu/gen_dcache.u_dcache/csr_mtvec_r_reg[3].
INFO: [Physopt 32-953] Path group WNS did not improve. Path group: gen_pynq_clk_50m.clkout0. Processed net: u_soc/u_cpu/gen_dcache.u_dcache/csr_mtvec_r_reg[3].
INFO: [Physopt 32-953] Path group WNS did not improve. Path group: gen_pynq_clk_50m.clkout0. Processed net: u_soc/u_cpu/u_regfile/if_id_pc_r_reg[3]_rep__3_0.
INFO: [Physopt 32-710] Processed net u_soc/u_cpu/u_regfile/if_id_pc_r_reg[3]_rep__3_0. Critical path length was reduced through logic transformation on cell u_soc/u_cpu/u_regfile/id_ex_branch_predict_pc_r[3]_i_2_comp.
INFO: [Physopt 32-952] Improved path group WNS = -0.584. Path group: gen_pynq_clk_50m.clkout0. Processed net: u_soc/u_cpu/gen_dcache.u_dcache/if_id_valid_r_reg_5.
INFO: [Physopt 32-953] Path group WNS did not improve. Path group: gen_pynq_clk_50m.clkout0. Processed net: u_soc/u_cpu/u_regfile/id_jalr_decode_redirect_pc[4].
INFO: [Physopt 32-953] Path group WNS did not improve. Path group: gen_pynq_clk_50m.clkout0. Processed net: u_soc/u_cpu/u_regfile/redirect_cache_instruction_r_reg_r1_0_63_0_2_i_54_n_0.
INFO: [Physopt 32-710] Processed net u_soc/u_cpu/u_regfile/redirect_cache_instruction_r_reg_r1_0_63_0_2_i_54_n_0. Critical path length was reduced through logic transformation on cell u_soc/u_cpu/u_regfile/redirect_cache_instruction_r_reg_r1_0_63_0_2_i_54_comp.
INFO: [Physopt 32-952] Improved path group WNS = -0.567. Path group: gen_pynq_clk_50m.clkout0. Processed net: u_soc/u_cpu/u_regfile/id_branch_decode_rs1_value[1].
INFO: [Physopt 32-608] Optimized 1 net.  Swapped 15 pins.
INFO: [Physopt 32-952] Improved path group WNS = -0.524. Path group: gen_pynq_clk_50m.clkout0. Processed net: u_soc/u_cpu/u_regfile/if_id_valid_r_reg[3].
INFO: [Physopt 32-953] Path group WNS did not improve. Path group: gen_pynq_clk_50m.clkout0. Processed net: u_soc/u_cpu/u_regfile/redirect_cache_instruction_r_reg_r1_0_63_0_2_i_53_n_0.
INFO: [Physopt 32-710] Processed net u_soc/u_cpu/u_regfile/redirect_cache_instruction_r_reg_r1_0_63_0_2_i_53_n_0. Critical path length was reduced through logic transformation on cell u_soc/u_cpu/u_regfile/redirect_cache_instruction_r_reg_r1_0_63_0_2_i_53_comp.
INFO: [Physopt 32-952] Improved path group WNS = -0.523. Path group: gen_pynq_clk_50m.clkout0. Processed net: u_soc/u_cpu/u_regfile/id_branch_decode_rs1_value[2].
INFO: [Physopt 32-953] Path group WNS did not improve. Path group: gen_pynq_clk_50m.clkout0. Processed net: u_soc/g_shared_sync_rom.u_sync_rom/sync_shared_rom_read_data[14].
INFO: [Physopt 32-608] Optimized 1 net.  Swapped 22 pins.
INFO: [Physopt 32-952] Improved path group WNS = -0.506. Path group: gen_pynq_clk_50m.clkout0. Processed net: u_soc/u_cpu/gen_dcache.u_dcache/id_ex_pc4_r[16]_bret_i_5_n_0.
INFO: [Physopt 32-608] Optimized 1 net.  Swapped 15 pins.
INFO: [Physopt 32-952] Improved path group WNS = -0.500. Path group: gen_pynq_clk_50m.clkout0. Processed net: u_soc/u_cpu/u_regfile/if_id_valid_r_reg[2].
INFO: [Physopt 32-952] Improved path group WNS = -0.482. Path group: gen_pynq_clk_50m.clkout0. Processed net: u_soc/u_cpu/gen_dcache.u_dcache/ex_fetch_redirect_valid_inst_rep_i_1__1_n_0.
INFO: [Physopt 32-953] Path group WNS did not improve. Path group: gen_pynq_clk_50m.clkout0. Processed net: u_soc/u_cpu/gen_dcache.u_dcache/id_ex_pc4_r[15]_bret__3_i_3_n_0.
INFO: [Physopt 32-953] Path group WNS did not improve. Path group: gen_pynq_clk_50m.clkout0. Processed net: u_soc/u_cpu/u_regfile/id_ex_branch_predict_taken_r_i_2.
INFO: [Physopt 32-710] Processed net u_soc/u_cpu/u_regfile/id_ex_branch_predict_taken_r_i_2. Critical path length was reduced through logic transformation on cell u_soc/u_cpu/u_regfile/id_ex_pc4_r[15]_bret__3_i_6_comp.
INFO: [Physopt 32-952] Improved path group WNS = -0.475. Path group: gen_pynq_clk_50m.clkout0. Processed net: u_soc/u_cpu/gen_dcache.u_dcache/if_id_valid_r_reg_1.
INFO: [Physopt 32-953] Path group WNS did not improve. Path group: gen_pynq_clk_50m.clkout0. Processed net: u_soc/u_cpu/gen_dcache.u_dcache/imem_rdata_r_reg_0_i_48_n_0.
INFO: [Physopt 32-663] Processed net u_soc/u_cpu/gen_dcache.u_dcache/imem_rdata_r_reg_0_i_63_n_0.  Re-placed instance u_soc/u_cpu/gen_dcache.u_dcache/imem_rdata_r_reg_0_i_63
INFO: [Physopt 32-952] Improved path group WNS = -0.472. Path group: gen_pynq_clk_50m.clkout0. Processed net: u_soc/u_cpu/gen_dcache.u_dcache/imem_rdata_r_reg_0_i_63_n_0.
INFO: [Physopt 32-953] Path group WNS did not improve. Path group: gen_pynq_clk_50m.clkout0. Processed net: u_soc/u_cpu/gen_dcache.u_dcache/ex_fetch_redirect_valid_inst_rep_i_1__1_n_0.
INFO: [Physopt 32-710] Processed net u_soc/u_cpu/gen_dcache.u_dcache/ex_fetch_redirect_valid_inst_rep_i_1__1_n_0. Critical path length was reduced through logic transformation on cell u_soc/u_cpu/gen_dcache.u_dcache/ex_fetch_redirect_valid_inst_rep_i_1__1_comp.
INFO: [Physopt 32-952] Improved path group WNS = -0.463. Path group: gen_pynq_clk_50m.clkout0. Processed net: u_soc/u_cpu/gen_dcache.u_dcache/ex_redirect_en.
INFO: [Physopt 32-710] Processed net u_soc/u_cpu/gen_dcache.u_dcache/csr_mtvec_r_reg[3]. Critical path length was reduced through logic transformation on cell u_soc/u_cpu/gen_dcache.u_dcache/imem_rdata_r_reg_0_i_13_comp.
INFO: [Physopt 32-952] Improved path group WNS = -0.451. Path group: gen_pynq_clk_50m.clkout0. Processed net: u_soc/u_cpu/gen_dcache.u_dcache/id_ex_flush_valid_local_inst_i_2_n_0.
INFO: [Physopt 32-953] Path group WNS did not improve. Path group: gen_pynq_clk_50m.clkout0. Processed net: u_soc/u_cpu/gen_dcache.u_dcache/imem_rdata_r_reg_0_i_63_n_0.
INFO: [Physopt 32-953] Path group WNS did not improve. Path group: gen_pynq_clk_50m.clkout0. Processed net: u_soc/u_cpu/gen_dcache.u_dcache/pc_r[31]_bret_bret__59_i_3_n_0.
INFO: [Physopt 32-710] Processed net u_soc/u_cpu/gen_dcache.u_dcache/pc_r[31]_bret_bret__59_i_3_n_0. Critical path length was reduced through logic transformation on cell u_soc/u_cpu/gen_dcache.u_dcache/pc_r[31]_bret_bret__59_i_3_comp.
INFO: [Physopt 32-952] Improved path group WNS = -0.436. Path group: gen_pynq_clk_50m.clkout0. Processed net: u_soc/u_cpu/gen_dcache.u_dcache/ex_redirect_en.
INFO: [Physopt 32-953] Path group WNS did not improve. Path group: gen_pynq_clk_50m.clkout0. Processed net: u_soc/u_cpu/u_regfile/if_id_valid_r_reg[3].
INFO: [Physopt 32-710] Processed net u_soc/u_cpu/u_regfile/if_id_valid_r_reg[3]. Critical path length was reduced through logic transformation on cell u_soc/u_cpu/u_regfile/redirect_cache_instruction_r_reg_r1_0_63_0_2_i_5_comp.
INFO: [Physopt 32-952] Improved path group WNS = -0.409. Path group: gen_pynq_clk_50m.clkout0. Processed net: u_soc/u_cpu/gen_dcache.u_dcache/if_id_valid_r_reg_4.
INFO: [Physopt 32-953] Path group WNS did not improve. Path group: gen_pynq_clk_50m.clkout0. Processed net: u_soc/u_cpu/gen_dcache.u_dcache/id_ex_valid_r_reg.
INFO: [Physopt 32-608] Optimized 1 net.  Swapped 25 pins.
INFO: [Physopt 32-952] Improved path group WNS = -0.401. Path group: gen_pynq_clk_50m.clkout0. Processed net: u_soc/u_cpu/gen_dcache.u_dcache/id_ex_csr_write_allowed_r_reg.
INFO: [Physopt 32-953] Path group WNS did not improve. Path group: gen_pynq_clk_50m.clkout0. Processed net: u_soc/u_cpu/sel0[0].
INFO: [Physopt 32-953] Path group WNS did not improve. Path group: gen_pynq_clk_50m.clkout0. Processed net: u_soc/u_cpu/gen_dcache.u_dcache/if_id_pc_r[2]_i_2_n_0.
INFO: [Physopt 32-953] Path group WNS did not improve. Path group: gen_pynq_clk_50m.clkout0. Processed net: u_soc/u_cpu/gen_dcache.u_dcache/if_id_pc_r[31]_i_8_n_0.
INFO: [Physopt 32-952] Improved path group WNS = -0.392. Path group: gen_pynq_clk_50m.clkout0. Processed net: u_soc/u_cpu/u_regfile/id_ex_rs1_addr_r[4]_i_19_0.
INFO: [Physopt 32-953] Path group WNS did not improve. Path group: gen_pynq_clk_50m.clkout0. Processed net: u_soc/u_cpu/u_regfile/if_id_valid_r_reg[2].
INFO: [Physopt 32-710] Processed net u_soc/u_cpu/u_regfile/if_id_valid_r_reg[2]. Critical path length was reduced through logic transformation on cell u_soc/u_cpu/u_regfile/redirect_cache_instruction_r_reg_r1_0_63_0_2_i_6_comp.
INFO: [Physopt 32-952] Improved path group WNS = -0.388. Path group: gen_pynq_clk_50m.clkout0. Processed net: u_soc/u_cpu/gen_dcache.u_dcache/if_id_valid_r_reg_4.
INFO: [Physopt 32-953] Path group WNS did not improve. Path group: gen_pynq_clk_50m.clkout0. Processed net: u_soc/u_cpu/u_regfile/redirect_cache_instruction_r_reg_r1_0_63_0_2_i_55_n_0.
INFO: [Physopt 32-710] Processed net u_soc/u_cpu/u_regfile/redirect_cache_instruction_r_reg_r1_0_63_0_2_i_55_n_0. Critical path length was reduced through logic transformation on cell u_soc/u_cpu/u_regfile/redirect_cache_instruction_r_reg_r1_0_63_0_2_i_55_comp.
INFO: [Physopt 32-952] Improved path group WNS = -0.387. Path group: gen_pynq_clk_50m.clkout0. Processed net: u_soc/u_cpu/u_regfile/id_branch_decode_rs1_value[0].
INFO: [Physopt 32-953] Path group WNS did not improve. Path group: gen_pynq_clk_50m.clkout0. Processed net: u_soc/u_cpu/gen_dcache.u_dcache/id_ex_pc4_r[27]_bret__0_i_4_n_0.
INFO: [Physopt 32-710] Processed net u_soc/u_cpu/gen_dcache.u_dcache/id_ex_pc4_r[27]_bret__0_i_4_n_0. Critical path length was reduced through logic transformation on cell u_soc/u_cpu/gen_dcache.u_dcache/id_ex_pc4_r[27]_bret__0_i_4_comp.
INFO: [Physopt 32-952] Improved path group WNS = -0.386. Path group: gen_pynq_clk_50m.clkout0. Processed net: u_soc/u_cpu/gen_dcache.u_dcache/if_id_valid_r_reg_1.
INFO: [Physopt 32-953] Path group WNS did not improve. Path group: gen_pynq_clk_50m.clkout0. Processed net: u_soc/u_cpu/u_regfile/id_ex_rs1_addr_r[4]_i_19_0.
INFO: [Physopt 32-608] Optimized 1 net.  Swapped 23 pins.
INFO: [Physopt 32-952] Improved path group WNS = -0.351. Path group: gen_pynq_clk_50m.clkout0. Processed net: u_soc/u_cpu/u_regfile/id_ex_rs1_addr_r[4]_i_19_n_0.
INFO: [Physopt 32-953] Path group WNS did not improve. Path group: gen_pynq_clk_50m.clkout0. Processed net: u_soc/u_cpu/gen_dcache.u_dcache/id_ex_pc4_r[16]_bret_i_5_n_0.
INFO: [Physopt 32-953] Path group WNS did not improve. Path group: gen_pynq_clk_50m.clkout0. Processed net: u_soc/u_cpu/gen_dcache.u_dcache/ex_fetch_redirect_valid_inst_rep_i_1_n_0.
INFO: [Physopt 32-953] Path group WNS did not improve. Path group: gen_pynq_clk_50m.clkout0. Processed net: u_soc/u_cpu/gen_dcache.u_dcache/ex_branch_predict_hit_valid0.
INFO: [Physopt 32-953] Path group WNS did not improve. Path group: gen_pynq_clk_50m.clkout0. Processed net: u_soc/u_cpu/gen_dcache.u_dcache/ex_fetch_redirect_valid_inst_i_6_n_0.
INFO: [Physopt 32-953] Path group WNS did not improve. Path group: gen_pynq_clk_50m.clkout0. Processed net: u_soc/u_cpu/gen_dcache.u_dcache/ex_redirect_pc[29].
INFO: [Physopt 32-953] Path group WNS did not improve. Path group: gen_pynq_clk_50m.clkout0. Processed net: u_soc/u_cpu/gen_dcache.u_dcache/ex_mem_addr[29].
INFO: [Physopt 32-608] Optimized 1 net.  Swapped 22 pins.
INFO: [Physopt 32-952] Improved path group WNS = -0.346. Path group: gen_pynq_clk_50m.clkout0. Processed net: u_soc/u_cpu/gen_dcache.u_dcache/ex_mem_mem_addr_r[3]_i_4_n_0.
INFO: [Physopt 32-953] Path group WNS did not improve. Path group: gen_pynq_clk_50m.clkout0. Processed net: u_soc/u_cpu/gen_dcache.u_dcache/redirect_cache_instruction_r_reg_r1_0_63_0_2_i_24_0[0].
INFO: [Physopt 32-953] Path group WNS did not improve. Path group: gen_pynq_clk_50m.clkout0. Processed net: u_soc/u_cpu/gen_dcache.u_dcache/redirect_cache_instruction_r_reg_r1_0_63_0_2_i_26_n_0.
INFO: [Physopt 32-608] Optimized 1 net.  Swapped 20 pins.
INFO: [Physopt 32-952] Improved path group WNS = -0.322. Path group: gen_pynq_clk_50m.clkout0. Processed net: u_soc/u_cpu/gen_dcache.u_dcache/redirect_cache_instruction_r_reg_r1_0_63_0_2_i_58_n_0.
INFO: [Physopt 32-953] Path group WNS did not improve. Path group: gen_pynq_clk_50m.clkout0. Processed net: u_soc/u_cpu/gen_dcache.u_dcache/redirect_cache_instruction_r_reg_r1_0_63_0_2_i_58_n_0.
INFO: [Physopt 32-710] Processed net u_soc/u_cpu/gen_dcache.u_dcache/redirect_cache_instruction_r_reg_r1_0_63_0_2_i_58_n_0. Critical path length was reduced through logic transformation on cell u_soc/u_cpu/gen_dcache.u_dcache/redirect_cache_instruction_r_reg_r1_0_63_0_2_i_58_comp.
INFO: [Physopt 32-952] Improved path group WNS = -0.320. Path group: gen_pynq_clk_50m.clkout0. Processed net: u_soc/u_cpu/gen_dcache.u_dcache/redirect_cache_instruction_r_reg_r1_0_63_0_2_i_80_n_0.
INFO: [Physopt 32-710] Processed net u_soc/u_cpu/gen_dcache.u_dcache/redirect_cache_instruction_r_reg_r1_0_63_0_2_i_26_n_0. Critical path length was reduced through logic transformation on cell u_soc/u_cpu/gen_dcache.u_dcache/redirect_cache_instruction_r_reg_r1_0_63_0_2_i_26_comp.
INFO: [Physopt 32-952] Improved path group WNS = -0.297. Path group: gen_pynq_clk_50m.clkout0. Processed net: u_soc/u_cpu/gen_dcache.u_dcache/redirect_cache_instruction_r_reg_r1_0_63_0_2_i_57_n_0.
INFO: [Physopt 32-953] Path group WNS did not improve. Path group: gen_pynq_clk_50m.clkout0. Processed net: u_soc/u_cpu/gen_dcache.u_dcache/redirect_cache_instruction_r_reg_r1_0_63_0_2_i_78_n_0.
INFO: [Physopt 32-953] Path group WNS did not improve. Path group: gen_pynq_clk_50m.clkout0. Processed net: u_soc/u_cpu/gen_dcache.u_dcache/ex_rs2_forwarded[17].
INFO: [Physopt 32-953] Path group WNS did not improve. Path group: gen_pynq_clk_50m.clkout0. Processed net: u_soc/u_cpu/gen_dcache.u_dcache/ex_mem_store_r_reg[17].
INFO: [Physopt 32-608] Optimized 1 net.  Swapped 19 pins.
INFO: [Physopt 32-952] Improved path group WNS = -0.253. Path group: gen_pynq_clk_50m.clkout0. Processed net: u_soc/u_cpu/gen_dcache.u_dcache/mem_wb_load_data_r[17]_i_3_n_0.
INFO: [Physopt 32-953] Path group WNS did not improve. Path group: gen_pynq_clk_50m.clkout0. Processed net: u_soc/u_cpu/gen_dcache.u_dcache/redirect_cache_instruction_r_reg_r1_0_63_0_2_i_57_n_0.
INFO: [Physopt 32-953] Path group WNS did not improve. Path group: gen_pynq_clk_50m.clkout0. Processed net: u_soc/u_cpu/gen_dcache.u_dcache/redirect_cache_instruction_r_reg_r1_0_63_0_2_i_76_n_0.
INFO: [Physopt 32-953] Path group WNS did not improve. Path group: gen_pynq_clk_50m.clkout0. Processed net: u_soc/u_cpu/gen_dcache.u_dcache/ex_rs2_forwarded[31].
INFO: [Physopt 32-953] Path group WNS did not improve. Path group: gen_pynq_clk_50m.clkout0. Processed net: u_soc/u_cpu/gen_dcache.u_dcache/ex_mem_store_r_reg[31].
INFO: [Physopt 32-953] Path group WNS did not improve. Path group: gen_pynq_clk_50m.clkout0. Processed net: u_soc/u_cpu/gen_dcache.u_dcache/mem_wb_load_data_r[31]_i_4_n_0.
INFO: [Physopt 32-953] Path group WNS did not improve. Path group: gen_pynq_clk_50m.clkout0. Processed net: u_soc/u_cpu/gen_dcache.u_dcache/mem_wb_load_data_r[15]_i_3_n_0.
INFO: [Physopt 32-663] Processed net u_soc/u_cpu/gen_dcache.u_dcache/mem_wb_load_data_r[15]_i_12_n_0.  Re-placed instance u_soc/u_cpu/gen_dcache.u_dcache/mem_wb_load_data_r[15]_i_12
INFO: [Physopt 32-952] Improved path group WNS = -0.224. Path group: gen_pynq_clk_50m.clkout0. Processed net: u_soc/u_cpu/gen_dcache.u_dcache/mem_wb_load_data_r[15]_i_12_n_0.
INFO: [Physopt 32-953] Path group WNS did not improve. Path group: gen_pynq_clk_50m.clkout0. Processed net: u_soc/u_cpu/gen_dcache.u_dcache/mem_wb_load_data_r[15]_i_12_n_0.
INFO: [Physopt 32-953] Path group WNS did not improve. Path group: gen_pynq_clk_50m.clkout0. Processed net: u_soc/u_cpu/gen_dcache.u_dcache/mem_wb_load_data_r_reg[15]_i_27_n_0.
INFO: [Physopt 32-953] Path group WNS did not improve. Path group: gen_pynq_clk_50m.clkout0. Processed net: u_soc/u_cpu/gen_dcache.u_dcache/mem_wb_load_data_r[15]_i_50_n_0.
INFO: [Physopt 32-953] Path group WNS did not improve. Path group: gen_pynq_clk_50m.clkout0. Processed net: u_soc/u_cpu/gen_dcache.u_dcache/mem_wb_load_data_r_reg[15]_i_108_n_0.
INFO: [Physopt 32-953] Path group WNS did not improve. Path group: gen_pynq_clk_50m.clkout0. Processed net: u_soc/u_cpu/gen_dcache.u_dcache/mem_wb_load_data_r_reg[15]_i_227_n_0.
INFO: [Physopt 32-608] Optimized 1 net.  Swapped 24 pins.
INFO: [Physopt 32-952] Improved path group WNS = -0.149. Path group: gen_pynq_clk_50m.clkout0. Processed net: u_soc/u_cpu/gen_dcache.u_dcache/mem_wb_load_data_r[15]_i_402_n_0.
INFO: [Physopt 32-953] Path group WNS did not improve. Path group: gen_pynq_clk_50m.clkout0. Processed net: u_soc/u_cpu/gen_dcache.u_dcache/mem_wb_load_data_r[15]_i_49_n_0.
INFO: [Physopt 32-953] Path group WNS did not improve. Path group: gen_pynq_clk_50m.clkout0. Processed net: u_soc/u_cpu/gen_dcache.u_dcache/mem_wb_load_data_r_reg[15]_i_101_n_0.
INFO: [Physopt 32-953] Path group WNS did not improve. Path group: gen_pynq_clk_50m.clkout0. Processed net: u_soc/u_cpu/gen_dcache.u_dcache/mem_wb_load_data_r_reg[15]_i_214_n_0.
INFO: [Physopt 32-953] Path group WNS did not improve. Path group: gen_pynq_clk_50m.clkout0. Processed net: u_soc/u_cpu/gen_dcache.u_dcache/mem_wb_load_data_r[15]_i_376_n_0.
INFO: [Physopt 32-953] Path group WNS did not improve. Path group: gen_pynq_clk_50m.clkout0. Processed net: u_soc/u_cpu/redirect_cache_instruction_r_reg_r1_64_127_15_17/DOB.
INFO: [Physopt 32-703] Processed net u_soc/u_cpu/ex_mem_mem_addr_r_reg[3]_rep__1_n_0. Clock skew was adjusted for instance u_soc/u_cpu/ex_mem_mem_addr_r_reg[3]_rep__1.
INFO: [Physopt 32-952] Improved path group WNS = -0.096. Path group: gen_pynq_clk_50m.clkout0. Processed net: u_soc/u_cpu/ex_mem_mem_addr_r_reg[3]_rep__1_n_0.
INFO: [Physopt 32-608] Optimized 1 net.  Swapped 24 pins.
INFO: [Physopt 32-952] Improved path group WNS = -0.026. Path group: gen_pynq_clk_50m.clkout0. Processed net: u_soc/u_cpu/gen_dcache.u_dcache/mem_wb_load_data_r[15]_i_402_n_0.
INFO: [Physopt 32-703] Processed net u_soc/u_cpu/ex_mem_mem_addr_r_reg[3]_rep__1_n_0. Clock skew was adjusted for instance u_soc/u_cpu/ex_mem_mem_addr_r_reg[3]_rep__1.
INFO: [Physopt 32-952] Improved path group WNS = -0.022. Path group: gen_pynq_clk_50m.clkout0. Processed net: u_soc/u_cpu/ex_mem_mem_addr_r_reg[3]_rep__1_n_0.
INFO: [Physopt 32-953] Path group WNS did not improve. Path group: gen_pynq_clk_50m.clkout0. Processed net: u_soc/u_cpu/gen_dcache.u_dcache/mem_wb_load_data_r_reg[15]_i_213_n_0.
INFO: [Physopt 32-703] Processed net u_soc/u_cpu/ex_mem_mem_addr_r[4]. Clock skew was adjusted for instance u_soc/u_cpu/ex_mem_mem_addr_r_reg[4].
INFO: [Physopt 32-952] Improved path group WNS = -0.006. Path group: gen_pynq_clk_50m.clkout0. Processed net: u_soc/u_cpu/ex_mem_mem_addr_r[4].
INFO: [Physopt 32-608] Optimized 1 net.  Swapped 24 pins.
INFO: [Physopt 32-735] Processed net u_soc/u_cpu/gen_dcache.u_dcache/mem_wb_load_data_r[15]_i_402_n_0. Optimization improves timing on the net.
INFO: [Physopt 32-668] Current Timing Summary | WNS=0.017 | TNS=0.000 | WHS=0.155 | THS=0.000 |
INFO: [Physopt 32-668] Current Timing Summary | WNS=0.017 | TNS=0.000 | WHS=0.155 | THS=0.000 |
Netlist sorting complete. Time (s): cpu = 00:00:00 ; elapsed = 00:00:00.008 . Memory (MB): peak = 2106.375 ; gain = 0.000
Phase 2 Critical Path Optimization | Checksum: 229e60f76

Time (s): cpu = 00:05:45 ; elapsed = 00:04:22 . Memory (MB): peak = 2106.375 ; gain = 0.000
Netlist sorting complete. Time (s): cpu = 00:00:00 ; elapsed = 00:00:00.008 . Memory (MB): peak = 2106.375 ; gain = 0.000
INFO: [Physopt 32-669] Post Physical Optimization Timing Summary | WNS=0.017 | TNS=0.000 | WHS=0.155 | THS=0.000 |

Summary of Physical Synthesis Optimizations
============================================


-------------------------------------------------------------------------------------------------------------------------------------------------------------
|  Optimization   |  WNS Gain (ns)  |  TNS Gain (ns)  |  Added Cells  |  Removed Cells  |  Optimized Cells/Nets  |  Dont Touch  |  Iterations  |  Elapsed   |
-------------------------------------------------------------------------------------------------------------------------------------------------------------
|  Critical Path  |          1.147  |         88.739  |            0  |              0  |                    44  |           0  |           1  |  00:04:20  |
-------------------------------------------------------------------------------------------------------------------------------------------------------------


Netlist sorting complete. Time (s): cpu = 00:00:00 ; elapsed = 00:00:00.009 . Memory (MB): peak = 2106.375 ; gain = 0.000
Ending Physical Synthesis Task | Checksum: 1f5fb1812

Time (s): cpu = 00:05:45 ; elapsed = 00:04:22 . Memory (MB): peak = 2106.375 ; gain = 0.000
INFO: [Common 17-83] Releasing license: Implementation
255 Infos, 2 Warnings, 0 Critical Warnings and 0 Errors encountered.
phys_opt_design completed successfully
phys_opt_design: Time (s): cpu = 00:05:54 ; elapsed = 00:04:28 . Memory (MB): peak = 2106.375 ; gain = 0.000
STEP: phys_opt_design_post_route DONE
STEP: report_impl_utilization BEGIN
STEP: report_impl_utilization DONE
STEP: report_impl_timing_summary BEGIN
INFO: [Timing 38-91] UpdateTimingParams: Speed grade: -1, Delay Type: min_max.
INFO: [Timing 38-191] Multithreading enabled for timing update using a maximum of 2 CPUs
report_timing_summary: Time (s): cpu = 00:00:10 ; elapsed = 00:00:06 . Memory (MB): peak = 2106.375 ; gain = 0.000
STEP: report_impl_timing_summary DONE
STEP: report_impl_timing_setup_top20 BEGIN
INFO: [Timing 38-91] UpdateTimingParams: Speed grade: -1, Delay Type: max.
INFO: [Timing 38-191] Multithreading enabled for timing update using a maximum of 2 CPUs
INFO: [Timing 38-78] ReportTimingParams: -max_paths 20 -nworst 5 -delay_type max -sort_by group.
STEP: report_impl_timing_setup_top20 DONE
STEP: report_impl_timing_hold_top20 BEGIN
INFO: [Timing 38-91] UpdateTimingParams: Speed grade: -1, Delay Type: min.
INFO: [Timing 38-191] Multithreading enabled for timing update using a maximum of 2 CPUs
INFO: [Timing 38-78] ReportTimingParams: -max_paths 20 -nworst 5 -delay_type min -sort_by group.
STEP: report_impl_timing_hold_top20 DONE
STEP: report_impl_methodology BEGIN
Command: report_methodology -file D:/BaiduSyncdisk/02_icdc_workspace/.worktrees/coremark7-dmips5-20260508/project/reports/pynq_z2_sysclk_8p000ns_cpu50_impl136_lightfold_rc512_tagtrim_routeHigherDelayCost_cpu50/impl_methodology.rpt
INFO: [Timing 38-35] Done setting XDC timing constraints.
INFO: [DRC 23-133] Running Methodology with 2 threads
INFO: [Vivado_Tcl 2-1520] The results of Report Methodology are in file D:/BaiduSyncdisk/02_icdc_workspace/.worktrees/coremark7-dmips5-20260508/project/reports/pynq_z2_sysclk_8p000ns_cpu50_impl136_lightfold_rc512_tagtrim_routeHigherDelayCost_cpu50/impl_methodology.rpt.
report_methodology completed successfully
report_methodology: Time (s): cpu = 00:00:12 ; elapsed = 00:00:07 . Memory (MB): peak = 2106.375 ; gain = 0.000
STEP: report_impl_methodology DONE
STEP: report_impl_route_status BEGIN
STEP: report_impl_route_status DONE
STEP: write_checkpoint_impl BEGIN
INFO: [Timing 38-480] Writing timing data to binary archive.
Wrote PlaceDB: Time (s): cpu = 00:00:00 ; elapsed = 00:00:00 . Memory (MB): peak = 2106.375 ; gain = 0.000
Wrote PulsedLatchDB: Time (s): cpu = 00:00:00 ; elapsed = 00:00:00 . Memory (MB): peak = 2106.375 ; gain = 0.000
Writing XDEF routing.
Writing XDEF routing logical nets.
Write ShapeDB Complete: Time (s): cpu = 00:00:00 ; elapsed = 00:00:00.039 . Memory (MB): peak = 2106.375 ; gain = 0.000
Writing XDEF routing special nets.
Wrote RouteStorage: Time (s): cpu = 00:00:00 ; elapsed = 00:00:00.230 . Memory (MB): peak = 2106.375 ; gain = 0.000
Wrote PlaceStorage: Time (s): cpu = 00:00:02 ; elapsed = 00:00:00.686 . Memory (MB): peak = 2106.375 ; gain = 0.000
Wrote Netlist Cache: Time (s): cpu = 00:00:00 ; elapsed = 00:00:00.024 . Memory (MB): peak = 2106.375 ; gain = 0.000
Wrote Device Cache: Time (s): cpu = 00:00:00 ; elapsed = 00:00:00.010 . Memory (MB): peak = 2106.375 ; gain = 0.000
Write Physdb Complete: Time (s): cpu = 00:00:02 ; elapsed = 00:00:00.974 . Memory (MB): peak = 2106.375 ; gain = 0.000
INFO: [Common 17-1381] The checkpoint 'D:/BaiduSyncdisk/02_icdc_workspace/.worktrees/coremark7-dmips5-20260508/project/dcp/impl136_lightfold_rc512_tagtrim_routeHigherDelayCost_cpu50.dcp' has been generated.
STEP: write_checkpoint_impl DONE
INFO: Implementation completed from synth checkpoint.
INFO: [Common 17-206] Exiting Vivado at Sun Jun 14 00:06:35 2026...
