Copyright 1986-2022 Xilinx, Inc. All Rights Reserved. Copyright 2022-2025 Advanced Micro Devices, Inc. All Rights Reserved.
---------------------------------------------------------------------------------------------------------------------------------------------
| Tool Version : Vivado v.2025.2 (win64) Build 6299465 Fri Nov 14 19:35:11 GMT 2025
| Date         : Tue Jun  2 09:29:02 2026
| Host         : Toylog_desktop running 64-bit major release  (build 9200)
| Command      : report_timing_summary -file V:/project/reports/pynq_z2_sysclk_8p000ns_cpu50/impl_timing_summary.rpt
| Design       : YH_rv_cpu_fpga_top
| Device       : 7z020-clg400
| Speed File   : -1  PRODUCTION 1.12 2019-11-22
| Design State : Physopt postRoute
---------------------------------------------------------------------------------------------------------------------------------------------

Timing Summary Report

------------------------------------------------------------------------------------------------
| Timer Settings
| --------------
------------------------------------------------------------------------------------------------

  Enable Multi Corner Analysis               :  Yes
  Enable Pessimism Removal                   :  Yes
  Pessimism Removal Resolution               :  Nearest Common Node
  Enable Input Delay Default Clock           :  No
  Enable Preset / Clear Arcs                 :  No
  Disable Flight Delays                      :  No
  Ignore I/O Paths                           :  No
  Timing Early Launch at Borrowing Latches   :  No
  Borrow Time for Max Delay Exceptions       :  Yes
  Merge Timing Exceptions                    :  Yes
  Inter-SLR Compensation                     :  Conservative

  Corner  Analyze    Analyze    
  Name    Max Paths  Min Paths  
  ------  ---------  ---------  
  Slow    Yes        Yes        
  Fast    Yes        Yes        


------------------------------------------------------------------------------------------------
| Report Methodology
| ------------------
------------------------------------------------------------------------------------------------

No report available as report_methodology has not been run prior. Run report_methodology on the current design for the summary of methodology violations.



check_timing report

Table of Contents
-----------------
1. checking no_clock (0)
2. checking constant_clock (0)
3. checking pulse_width_clock (0)
4. checking unconstrained_internal_endpoints (0)
5. checking no_input_delay (1)
6. checking no_output_delay (4)
7. checking multiple_clock (0)
8. checking generated_clocks (0)
9. checking loops (0)
10. checking partial_input_delay (0)
11. checking partial_output_delay (0)
12. checking latch_loops (0)

1. checking no_clock (0)
------------------------
 There are 0 register/latch pins with no clock.


2. checking constant_clock (0)
------------------------------
 There are 0 register/latch pins with constant_clock.


3. checking pulse_width_clock (0)
---------------------------------
 There are 0 register/latch pins which need pulse_width check


4. checking unconstrained_internal_endpoints (0)
------------------------------------------------
 There are 0 pins that are not constrained for maximum delay.

 There are 0 pins that are not constrained for maximum delay due to constant clock.


5. checking no_input_delay (1)
------------------------------
 There is 1 input port with no input delay specified. (HIGH)

 There are 0 input ports with no input delay but user has a false path constraint.


6. checking no_output_delay (4)
-------------------------------
 There are 4 ports with no output delay specified. (HIGH)

 There are 0 ports with no output delay but user has a false path constraint

 There are 0 ports with no output delay but with a timing clock defined on it or propagating through it


7. checking multiple_clock (0)
------------------------------
 There are 0 register/latch pins with multiple clocks.


8. checking generated_clocks (0)
--------------------------------
 There are 0 generated clocks that are not connected to a clock source.


9. checking loops (0)
---------------------
 There are 0 combinational loops in the design.


10. checking partial_input_delay (0)
------------------------------------
 There are 0 input ports with partial input delay specified.


11. checking partial_output_delay (0)
-------------------------------------
 There are 0 ports with partial output delay specified.


12. checking latch_loops (0)
----------------------------
 There are 0 combinational latch loops in the design through latch input



------------------------------------------------------------------------------------------------
| Design Timing Summary
| ---------------------
------------------------------------------------------------------------------------------------

    WNS(ns)      TNS(ns)  TNS Failing Endpoints  TNS Total Endpoints      WHS(ns)      THS(ns)  THS Failing Endpoints  THS Total Endpoints     WPWS(ns)     TPWS(ns)  TPWS Failing Endpoints  TPWS Total Endpoints  
    -------      -------  ---------------------  -------------------      -------      -------  ---------------------  -------------------     --------     --------  ----------------------  --------------------  
    -10.360    -6723.861                   1180                11491        0.028        0.000                      0                11491        2.000        0.000                       0                  3529  


Timing constraints are not met.


------------------------------------------------------------------------------------------------
| Clock Summary
| -------------
------------------------------------------------------------------------------------------------

Clock                       Waveform(ns)         Period(ns)      Frequency(MHz)
-----                       ------------         ----------      --------------
pynq_sys_clk                {0.000 4.000}        8.000           125.000         
  gen_pynq_clk_50m.clkfb    {0.000 4.000}        8.000           125.000         
  gen_pynq_clk_50m.clkout0  {0.000 10.000}       20.000          50.000          


------------------------------------------------------------------------------------------------
| Intra Clock Table
| -----------------
------------------------------------------------------------------------------------------------

Clock                           WNS(ns)      TNS(ns)  TNS Failing Endpoints  TNS Total Endpoints      WHS(ns)      THS(ns)  THS Failing Endpoints  THS Total Endpoints     WPWS(ns)     TPWS(ns)  TPWS Failing Endpoints  TPWS Total Endpoints  
-----                           -------      -------  ---------------------  -------------------      -------      -------  ---------------------  -------------------     --------     --------  ----------------------  --------------------  
pynq_sys_clk                                                                                                                                                                  2.000        0.000                       0                     1  
  gen_pynq_clk_50m.clkfb                                                                                                                                                      5.845        0.000                       0                     3  
  gen_pynq_clk_50m.clkout0      -10.360    -6723.861                   1180                 9008        0.028        0.000                      0                 9008        8.750        0.000                       0                  3525  


------------------------------------------------------------------------------------------------
| Inter Clock Table
| -----------------
------------------------------------------------------------------------------------------------

From Clock    To Clock          WNS(ns)      TNS(ns)  TNS Failing Endpoints  TNS Total Endpoints      WHS(ns)      THS(ns)  THS Failing Endpoints  THS Total Endpoints  
----------    --------          -------      -------  ---------------------  -------------------      -------      -------  ---------------------  -------------------  


------------------------------------------------------------------------------------------------
| Other Path Groups Table
| -----------------------
------------------------------------------------------------------------------------------------

Path Group                From Clock                To Clock                      WNS(ns)      TNS(ns)  TNS Failing Endpoints  TNS Total Endpoints      WHS(ns)      THS(ns)  THS Failing Endpoints  THS Total Endpoints  
----------                ----------                --------                      -------      -------  ---------------------  -------------------      -------      -------  ---------------------  -------------------  
**async_default**         gen_pynq_clk_50m.clkout0  gen_pynq_clk_50m.clkout0        8.861        0.000                      0                 2483        1.122        0.000                      0                 2483  


------------------------------------------------------------------------------------------------
| Timing Details
| --------------
------------------------------------------------------------------------------------------------


---------------------------------------------------------------------------------------------------
From Clock:  pynq_sys_clk
  To Clock:  pynq_sys_clk

Setup :           NA  Failing Endpoints,  Worst Slack           NA  ,  Total Violation           NA
Hold  :           NA  Failing Endpoints,  Worst Slack           NA  ,  Total Violation           NA
PW    :            0  Failing Endpoints,  Worst Slack        2.000ns,  Total Violation        0.000ns
---------------------------------------------------------------------------------------------------


Pulse Width Checks
--------------------------------------------------------------------------------------
Clock Name:         pynq_sys_clk
Waveform(ns):       { 0.000 4.000 }
Period(ns):         8.000
Sources:            { CLK100MHZ }

Check Type        Corner  Lib Pin            Reference Pin  Required(ns)  Actual(ns)  Slack(ns)  Location         Pin
Min Period        n/a     MMCME2_ADV/CLKIN1  n/a            1.249         8.000       6.751      MMCME2_ADV_X1Y2  gen_pynq_clk_50m.u_clk_mmcm/CLKIN1
Max Period        n/a     MMCME2_ADV/CLKIN1  n/a            100.000       8.000       92.000     MMCME2_ADV_X1Y2  gen_pynq_clk_50m.u_clk_mmcm/CLKIN1
Low Pulse Width   Slow    MMCME2_ADV/CLKIN1  n/a            2.000         4.000       2.000      MMCME2_ADV_X1Y2  gen_pynq_clk_50m.u_clk_mmcm/CLKIN1
High Pulse Width  Slow    MMCME2_ADV/CLKIN1  n/a            2.000         4.000       2.000      MMCME2_ADV_X1Y2  gen_pynq_clk_50m.u_clk_mmcm/CLKIN1



---------------------------------------------------------------------------------------------------
From Clock:  gen_pynq_clk_50m.clkfb
  To Clock:  gen_pynq_clk_50m.clkfb

Setup :           NA  Failing Endpoints,  Worst Slack           NA  ,  Total Violation           NA
Hold  :           NA  Failing Endpoints,  Worst Slack           NA  ,  Total Violation           NA
PW    :            0  Failing Endpoints,  Worst Slack        5.845ns,  Total Violation        0.000ns
---------------------------------------------------------------------------------------------------


Pulse Width Checks
--------------------------------------------------------------------------------------
Clock Name:         gen_pynq_clk_50m.clkfb
Waveform(ns):       { 0.000 4.000 }
Period(ns):         8.000
Sources:            { gen_pynq_clk_50m.u_clk_mmcm/CLKFBOUT }

Check Type  Corner  Lib Pin             Reference Pin  Required(ns)  Actual(ns)  Slack(ns)  Location         Pin
Min Period  n/a     BUFG/I              n/a            2.155         8.000       5.845      BUFGCTRL_X0Y17   gen_pynq_clk_50m.u_clkfb_bufg/I
Max Period  n/a     MMCME2_ADV/CLKFBIN  n/a            100.000       8.000       92.000     MMCME2_ADV_X1Y2  gen_pynq_clk_50m.u_clk_mmcm/CLKFBIN



---------------------------------------------------------------------------------------------------
From Clock:  gen_pynq_clk_50m.clkout0
  To Clock:  gen_pynq_clk_50m.clkout0

Setup :         1180  Failing Endpoints,  Worst Slack      -10.360ns,  Total Violation    -6723.861ns
Hold  :            0  Failing Endpoints,  Worst Slack        0.028ns,  Total Violation        0.000ns
PW    :            0  Failing Endpoints,  Worst Slack        8.750ns,  Total Violation        0.000ns
---------------------------------------------------------------------------------------------------


Max Delay Paths
--------------------------------------------------------------------------------------
Slack (VIOLATED) :        -10.360ns  (required time - arrival time)
  Source:                 u_soc/u_cpu/ex_mem_mem_addr_r_reg[3]/C
                            (rising edge-triggered cell FDCE clocked by gen_pynq_clk_50m.clkout0  {rise@0.000ns fall@10.000ns period=20.000ns})
  Destination:            u_soc/u_cpu/pc_r_reg[30]/D
                            (rising edge-triggered cell FDCE clocked by gen_pynq_clk_50m.clkout0  {rise@0.000ns fall@10.000ns period=20.000ns})
  Path Group:             gen_pynq_clk_50m.clkout0
  Path Type:              Setup (Max at Slow Process Corner)
  Requirement:            20.000ns  (gen_pynq_clk_50m.clkout0 rise@20.000ns - gen_pynq_clk_50m.clkout0 rise@0.000ns)
  Data Path Delay:        30.328ns  (logic 8.405ns (27.714%)  route 21.923ns (72.286%))
  Logic Levels:           41  (CARRY4=10 LUT5=4 LUT6=20 MUXF7=4 MUXF8=2 RAMD64E=1)
  Clock Path Skew:        0.015ns (DCD - SCD + CPR)
    Destination Clock Delay (DCD):    -1.060ns = ( 18.940 - 20.000 ) 
    Source Clock Delay      (SCD):    -0.561ns
    Clock Pessimism Removal (CPR):    0.513ns
  Clock Uncertainty:      0.079ns  ((TSJ^2 + DJ^2)^1/2) / 2 + PE
    Total System Jitter     (TSJ):    0.071ns
    Discrete Jitter          (DJ):    0.141ns
    Phase Error              (PE):    0.000ns

    Location             Delay type                Incr(ns)  Path(ns)    Netlist Resource(s)
  -------------------------------------------------------------------    -------------------
                         (clock gen_pynq_clk_50m.clkout0 rise edge)
                                                      0.000     0.000 r  
    H16                                               0.000     0.000 r  CLK100MHZ (IN)
                         net (fo=0)                   0.000     0.000    CLK100MHZ
    H16                  IBUF (Prop_ibuf_I_O)         1.451     1.451 r  CLK100MHZ_IBUF_inst/O
                         net (fo=1, routed)           1.285     2.736    CLK100MHZ_IBUF
    MMCME2_ADV_X1Y2      MMCME2_ADV (Prop_mmcme2_adv_CLKIN1_CLKOUT0)
                                                     -7.759    -5.023 r  gen_pynq_clk_50m.u_clk_mmcm/CLKOUT0
                         net (fo=1, routed)           2.206    -2.817    gen_pynq_clk_50m.clkout0
    BUFGCTRL_X0Y30       BUFG (Prop_bufg_I_O)         0.101    -2.716 r  gen_pynq_clk_50m.u_cpu_clk_bufg_replica_1/O
                         net (fo=3, routed)           0.146    -2.570    cpu_clk_repN_1
    BUFGCTRL_X0Y31       BUFG (Prop_bufg_I_O)         0.101    -2.469 r  gen_pynq_clk_50m.u_cpu_clk_bufg_replica/O
                         net (fo=3, routed)           0.161    -2.308    cpu_clk_repN
    BUFGCTRL_X0Y16       BUFG (Prop_bufg_I_O)         0.101    -2.207 r  gen_pynq_clk_50m.u_cpu_clk_bufg/O
                         net (fo=3517, routed)        1.646    -0.561    u_soc/u_cpu/cpu_clk
    SLICE_X42Y86         FDCE                                         r  u_soc/u_cpu/ex_mem_mem_addr_r_reg[3]/C
  -------------------------------------------------------------------    -------------------
    SLICE_X42Y86         FDCE (Prop_fdce_C_Q)         0.518    -0.043 r  u_soc/u_cpu/ex_mem_mem_addr_r_reg[3]/Q
                         net (fo=64, routed)          1.294     1.250    u_soc/u_cpu/gen_dcache.u_dcache/Q[3]
    SLICE_X42Y90         LUT6 (Prop_lut6_I2_O)        0.124     1.374 r  u_soc/u_cpu/gen_dcache.u_dcache/mem_wb_load_data_r[23]_i_272/O
                         net (fo=1, routed)           0.000     1.374    u_soc/u_cpu/gen_dcache.u_dcache/mem_wb_load_data_r[23]_i_272_n_0
    SLICE_X42Y90         MUXF7 (Prop_muxf7_I1_O)      0.214     1.588 r  u_soc/u_cpu/gen_dcache.u_dcache/mem_wb_load_data_r_reg[23]_i_218/O
                         net (fo=1, routed)           0.000     1.588    u_soc/u_cpu/gen_dcache.u_dcache/mem_wb_load_data_r_reg[23]_i_218_n_0
    SLICE_X42Y90         MUXF8 (Prop_muxf8_I1_O)      0.088     1.676 r  u_soc/u_cpu/gen_dcache.u_dcache/mem_wb_load_data_r_reg[23]_i_111/O
                         net (fo=1, routed)           0.948     2.625    u_soc/u_cpu/gen_dcache.u_dcache/mem_wb_load_data_r_reg[23]_i_111_n_0
    SLICE_X41Y92         LUT6 (Prop_lut6_I3_O)        0.319     2.944 r  u_soc/u_cpu/gen_dcache.u_dcache/mem_wb_load_data_r[23]_i_47/O
                         net (fo=1, routed)           0.000     2.944    u_soc/u_cpu/gen_dcache.u_dcache/mem_wb_load_data_r[23]_i_47_n_0
    SLICE_X41Y92         MUXF7 (Prop_muxf7_I0_O)      0.212     3.156 r  u_soc/u_cpu/gen_dcache.u_dcache/mem_wb_load_data_r_reg[23]_i_20/O
                         net (fo=1, routed)           0.776     3.932    u_soc/u_cpu/gen_dcache.u_dcache/mem_wb_load_data_r_reg[23]_i_20_n_0
    SLICE_X47Y97         LUT5 (Prop_lut5_I3_O)        0.299     4.231 f  u_soc/u_cpu/gen_dcache.u_dcache/mem_wb_load_data_r[23]_i_11/O
                         net (fo=3, routed)           0.347     4.578    u_soc/u_cpu/gen_dcache.u_dcache/mem_wb_load_data_r[23]_i_11_n_0
    SLICE_X49Y98         LUT6 (Prop_lut6_I5_O)        0.124     4.702 r  u_soc/u_cpu/gen_dcache.u_dcache/mem_wb_load_data_r[23]_i_3/O
                         net (fo=46, routed)          1.008     5.710    u_soc/u_cpu/gen_dcache.u_dcache/mem_wb_load_data_r[23]_i_3_n_0
    SLICE_X52Y92         LUT6 (Prop_lut6_I0_O)        0.124     5.834 r  u_soc/u_cpu/gen_dcache.u_dcache/mem_wb_load_data_r[1]_i_3/O
                         net (fo=1, routed)           0.000     5.834    u_soc/u_cpu/gen_dcache.u_dcache/dcache_cpu_rdata[1]
    SLICE_X52Y92         MUXF7 (Prop_muxf7_I1_O)      0.217     6.051 r  u_soc/u_cpu/gen_dcache.u_dcache/mem_wb_load_data_r_reg[1]_i_1/O
                         net (fo=4, routed)           0.705     6.756    u_soc/u_cpu/gen_dcache.u_dcache/ex_mem_mem_addr_r_reg[1][1]
    SLICE_X51Y95         LUT5 (Prop_lut5_I0_O)        0.299     7.055 r  u_soc/u_cpu/gen_dcache.u_dcache/x_result_th_mula0__0_i_33/O
                         net (fo=4, routed)           0.588     7.642    u_soc/u_cpu/gen_dcache.u_dcache/x_result_th_mula0__0_i_33_n_0
    SLICE_X48Y96         LUT6 (Prop_lut6_I5_O)        0.124     7.766 r  u_soc/u_cpu/gen_dcache.u_dcache/ex_mem_mem_addr_r[3]_i_4/O
                         net (fo=1, routed)           0.000     7.766    u_soc/u_cpu/gen_dcache.u_dcache/ex_mem_mem_addr_r[3]_i_4_n_0
    SLICE_X48Y96         CARRY4 (Prop_carry4_S[1]_O[3])
                                                      0.640     8.406 r  u_soc/u_cpu/gen_dcache.u_dcache/ex_mem_mem_addr_r_reg[3]_i_1/O[3]
                         net (fo=198, routed)         1.418     9.825    u_soc/u_cpu/gen_dcache.u_dcache/ex_mem_addr[3]
    SLICE_X41Y91         LUT6 (Prop_lut6_I2_O)        0.306    10.131 f  u_soc/u_cpu/gen_dcache.u_dcache/ex_decode_flush_valid_inst_i_310/O
                         net (fo=1, routed)           0.000    10.131    u_soc/u_cpu/gen_dcache.u_dcache/ex_decode_flush_valid_inst_i_310_n_0
    SLICE_X41Y91         MUXF7 (Prop_muxf7_I1_O)      0.245    10.376 f  u_soc/u_cpu/gen_dcache.u_dcache/ex_decode_flush_valid_inst_i_165/O
                         net (fo=1, routed)           0.000    10.376    u_soc/u_cpu/gen_dcache.u_dcache/ex_decode_flush_valid_inst_i_165_n_0
    SLICE_X41Y91         MUXF8 (Prop_muxf8_I0_O)      0.104    10.480 f  u_soc/u_cpu/gen_dcache.u_dcache/ex_decode_flush_valid_inst_i_84__0/O
                         net (fo=1, routed)           0.715    11.195    u_soc/u_cpu/gen_dcache.u_dcache/ex_decode_flush_valid_inst_i_84__0_n_0
    SLICE_X43Y94         LUT6 (Prop_lut6_I0_O)        0.316    11.511 f  u_soc/u_cpu/gen_dcache.u_dcache/ex_decode_flush_valid_inst_i_49__0/O
                         net (fo=2, routed)           0.813    12.324    u_soc/u_cpu/gen_dcache.u_dcache/ex_decode_flush_valid_inst_i_49__0_n_0
    SLICE_X40Y94         LUT6 (Prop_lut6_I1_O)        0.124    12.448 r  u_soc/u_cpu/gen_dcache.u_dcache/ex_decode_flush_valid_inst_i_37__0/O
                         net (fo=1, routed)           0.804    13.252    u_soc/u_cpu/gen_dcache.u_dcache/ex_decode_flush_valid_inst_i_37__0_n_0
    SLICE_X45Y94         LUT6 (Prop_lut6_I3_O)        0.124    13.376 f  u_soc/u_cpu/gen_dcache.u_dcache/ex_decode_flush_valid_inst_i_26__0/O
                         net (fo=3, routed)           0.565    13.941    u_soc/u_cpu/u_hazard_unit/dcache_probe_hit_alias
    SLICE_X49Y94         LUT6 (Prop_lut6_I3_O)        0.124    14.065 r  u_soc/u_cpu/u_hazard_unit/i_/ex_decode_flush_valid_inst_i_2_comp/O
                         net (fo=4, routed)           0.362    14.427    u_soc/u_cpu/gen_dcache.u_dcache/hazard_stall_decode
    SLICE_X48Y94         LUT6 (Prop_lut6_I2_O)        0.124    14.551 r  u_soc/u_cpu/gen_dcache.u_dcache/ex_decode_flush_valid_inst_i_1_comp_1/O
                         net (fo=23, routed)          0.859    15.410    u_soc/u_cpu/gen_dcache.u_dcache/ex_decode_flush_valid_inst_i_1_n_0
    SLICE_X48Y89         LUT5 (Prop_lut5_I2_O)        0.124    15.534 r  u_soc/u_cpu/gen_dcache.u_dcache/redirect_cache_instruction_r_reg_r3_0_63_0_2_i_12/O
                         net (fo=2, routed)           1.070    16.603    u_soc/u_cpu/gen_dcache.u_dcache/redirect_cache_instruction_r_reg_r3_0_63_0_2_i_12_n_0
    SLICE_X49Y89         LUT6 (Prop_lut6_I4_O)        0.124    16.727 r  u_soc/u_cpu/gen_dcache.u_dcache/redirect_cache_instruction_r_reg_r3_0_63_0_2_i_4_comp/O
                         net (fo=88, routed)          1.422    18.150    u_soc/u_cpu/redirect_cache_pc_r_reg_r3_0_63_21_23/ADDRB2
    SLICE_X46Y89         RAMD64E (Prop_ramd64e_RADR2_O)
                                                      0.124    18.274 r  u_soc/u_cpu/redirect_cache_pc_r_reg_r3_0_63_21_23/RAMB/O
                         net (fo=1, routed)           0.996    19.269    u_soc/u_cpu/gen_dcache.u_dcache/regular_cache_hit1[22]
    SLICE_X47Y90         LUT6 (Prop_lut6_I4_O)        0.124    19.393 r  u_soc/u_cpu/gen_dcache.u_dcache/if_id_pc_r[31]_i_24/O
                         net (fo=1, routed)           0.000    19.393    u_soc/u_cpu/gen_dcache.u_dcache/if_id_pc_r[31]_i_24_n_0
    SLICE_X47Y90         CARRY4 (Prop_carry4_S[3]_CO[3])
                                                      0.401    19.794 f  u_soc/u_cpu/gen_dcache.u_dcache/if_id_pc_r_reg[31]_i_12/CO[3]
                         net (fo=2, routed)           0.765    20.559    u_soc/u_cpu/gen_dcache.u_dcache/regular_cache_hit0
    SLICE_X47Y94         LUT6 (Prop_lut6_I4_O)        0.124    20.683 r  u_soc/u_cpu/gen_dcache.u_dcache/fetch_pc_r[31]_i_5/O
                         net (fo=94, routed)          0.718    21.401    u_soc/u_cpu/gen_dcache.u_dcache/fetch_buf0_valid_r_reg
    SLICE_X44Y100        LUT6 (Prop_lut6_I3_O)        0.124    21.525 r  u_soc/u_cpu/gen_dcache.u_dcache/id_ex_pc_r[31]_i_3_comp/O
                         net (fo=358, routed)         1.276    22.802    u_soc/u_cpu/u_fold_target_id_stage/u_decoder/id_ex_csr_sel_r_reg[1]
    SLICE_X48Y111        LUT6 (Prop_lut6_I4_O)        0.124    22.926 r  u_soc/u_cpu/u_fold_target_id_stage/u_decoder/i_/id_ex_mret_r_i_55/O
                         net (fo=6, routed)           1.003    23.929    u_soc/u_cpu/u_fold_target_id_stage/u_decoder/i_/id_ex_mret_r_i_55_n_0
    SLICE_X46Y116        LUT6 (Prop_lut6_I1_O)        0.124    24.053 r  u_soc/u_cpu/u_fold_target_id_stage/u_decoder/i_/id_ex_mret_r_i_43/O
                         net (fo=2, routed)           0.942    24.994    u_soc/u_cpu/u_fold_target_id_stage/u_decoder/i_/id_ex_mret_r_i_43_n_0
    SLICE_X49Y113        LUT6 (Prop_lut6_I5_O)        0.124    25.118 r  u_soc/u_cpu/u_fold_target_id_stage/u_decoder/i_/id_ex_mret_r_i_17/O
                         net (fo=2, routed)           0.998    26.117    u_soc/u_cpu/gen_dcache.u_dcache/if_id_instruction_r[4]_i_4_0
    SLICE_X51Y113        LUT6 (Prop_lut6_I2_O)        0.124    26.241 r  u_soc/u_cpu/gen_dcache.u_dcache/id_ex_rs1_addr_r[4]_i_6/O
                         net (fo=5, routed)           0.959    27.200    u_soc/u_cpu/gen_dcache.u_dcache/id_ex_rs1_addr_r[4]_i_6_n_0
    SLICE_X52Y105        LUT6 (Prop_lut6_I2_O)        0.124    27.324 r  u_soc/u_cpu/gen_dcache.u_dcache/pc_r[4]_i_5_comp/O
                         net (fo=1, routed)           0.000    27.324    u_soc/u_cpu/gen_dcache.u_dcache/pc_r[4]_i_5_n_0
    SLICE_X52Y105        CARRY4 (Prop_carry4_S[1]_CO[3])
                                                      0.550    27.874 r  u_soc/u_cpu/gen_dcache.u_dcache/pc_r_reg[4]_i_2/CO[3]
                         net (fo=1, routed)           0.000    27.874    u_soc/u_cpu/gen_dcache.u_dcache/pc_r_reg[4]_i_2_n_0
    SLICE_X52Y106        CARRY4 (Prop_carry4_CI_CO[3])
                                                      0.114    27.988 r  u_soc/u_cpu/gen_dcache.u_dcache/pc_r_reg[8]_i_2/CO[3]
                         net (fo=1, routed)           0.000    27.988    u_soc/u_cpu/gen_dcache.u_dcache/pc_r_reg[8]_i_2_n_0
    SLICE_X52Y107        CARRY4 (Prop_carry4_CI_CO[3])
                                                      0.114    28.102 r  u_soc/u_cpu/gen_dcache.u_dcache/pc_r_reg[12]_i_2/CO[3]
                         net (fo=1, routed)           0.000    28.102    u_soc/u_cpu/gen_dcache.u_dcache/pc_r_reg[12]_i_2_n_0
    SLICE_X52Y108        CARRY4 (Prop_carry4_CI_CO[3])
                                                      0.114    28.216 r  u_soc/u_cpu/gen_dcache.u_dcache/pc_r_reg[16]_i_2/CO[3]
                         net (fo=1, routed)           0.000    28.216    u_soc/u_cpu/gen_dcache.u_dcache/pc_r_reg[16]_i_2_n_0
    SLICE_X52Y109        CARRY4 (Prop_carry4_CI_CO[3])
                                                      0.114    28.330 r  u_soc/u_cpu/gen_dcache.u_dcache/pc_r_reg[20]_i_2/CO[3]
                         net (fo=1, routed)           0.000    28.330    u_soc/u_cpu/gen_dcache.u_dcache/pc_r_reg[20]_i_2_n_0
    SLICE_X52Y110        CARRY4 (Prop_carry4_CI_CO[3])
                                                      0.114    28.444 r  u_soc/u_cpu/gen_dcache.u_dcache/pc_r_reg[24]_i_2/CO[3]
                         net (fo=1, routed)           0.000    28.444    u_soc/u_cpu/gen_dcache.u_dcache/pc_r_reg[24]_i_2_n_0
    SLICE_X52Y111        CARRY4 (Prop_carry4_CI_CO[3])
                                                      0.114    28.558 r  u_soc/u_cpu/gen_dcache.u_dcache/pc_r_reg[28]_i_2/CO[3]
                         net (fo=1, routed)           0.000    28.558    u_soc/u_cpu/gen_dcache.u_dcache/pc_r_reg[28]_i_2_n_0
    SLICE_X52Y112        CARRY4 (Prop_carry4_CI_O[1])
                                                      0.334    28.892 r  u_soc/u_cpu/gen_dcache.u_dcache/pc_r_reg[31]_i_3/O[1]
                         net (fo=1, routed)           0.572    29.463    u_soc/u_cpu/gen_dcache.u_dcache/pc_r1[30]
    SLICE_X48Y112        LUT5 (Prop_lut5_I2_O)        0.303    29.766 r  u_soc/u_cpu/gen_dcache.u_dcache/pc_r[30]_i_1/O
                         net (fo=1, routed)           0.000    29.766    u_soc/u_cpu/gen_dcache.u_dcache_n_833
    SLICE_X48Y112        FDCE                                         r  u_soc/u_cpu/pc_r_reg[30]/D
  -------------------------------------------------------------------    -------------------

                         (clock gen_pynq_clk_50m.clkout0 rise edge)
                                                     20.000    20.000 r  
    H16                                               0.000    20.000 r  CLK100MHZ (IN)
                         net (fo=0)                   0.000    20.000    CLK100MHZ
    H16                  IBUF (Prop_ibuf_I_O)         1.380    21.380 r  CLK100MHZ_IBUF_inst/O
                         net (fo=1, routed)           1.162    22.542    CLK100MHZ_IBUF
    MMCME2_ADV_X1Y2      MMCME2_ADV (Prop_mmcme2_adv_CLKIN1_CLKOUT0)
                                                     -7.814    14.728 r  gen_pynq_clk_50m.u_clk_mmcm/CLKOUT0
                         net (fo=1, routed)           2.012    16.740    gen_pynq_clk_50m.clkout0
    BUFGCTRL_X0Y30       BUFG (Prop_bufg_I_O)         0.091    16.831 r  gen_pynq_clk_50m.u_cpu_clk_bufg_replica_1/O
                         net (fo=3, routed)           0.133    16.964    cpu_clk_repN_1
    BUFGCTRL_X0Y31       BUFG (Prop_bufg_I_O)         0.091    17.055 r  gen_pynq_clk_50m.u_cpu_clk_bufg_replica/O
                         net (fo=3, routed)           0.147    17.202    cpu_clk_repN
    BUFGCTRL_X0Y16       BUFG (Prop_bufg_I_O)         0.091    17.293 r  gen_pynq_clk_50m.u_cpu_clk_bufg/O
                         net (fo=3517, routed)        1.647    18.940    u_soc/u_cpu/cpu_clk
    SLICE_X48Y112        FDCE                                         r  u_soc/u_cpu/pc_r_reg[30]/C
                         clock pessimism              0.513    19.454    
                         clock uncertainty           -0.079    19.375    
    SLICE_X48Y112        FDCE (Setup_fdce_C_D)        0.032    19.407    u_soc/u_cpu/pc_r_reg[30]
  -------------------------------------------------------------------
                         required time                         19.407    
                         arrival time                         -29.766    
  -------------------------------------------------------------------
                         slack                                -10.360    





Min Delay Paths
--------------------------------------------------------------------------------------
Slack (MET) :             0.028ns  (arrival time - required time)
  Source:                 u_soc/u_cpu/ex_mem_exec_result_r_reg[17]/C
                            (rising edge-triggered cell FDCE clocked by gen_pynq_clk_50m.clkout0  {rise@0.000ns fall@10.000ns period=20.000ns})
  Destination:            u_soc/u_cpu/mem_wb_exec_result_r_reg[17]/D
                            (rising edge-triggered cell FDCE clocked by gen_pynq_clk_50m.clkout0  {rise@0.000ns fall@10.000ns period=20.000ns})
  Path Group:             gen_pynq_clk_50m.clkout0
  Path Type:              Hold (Min at Fast Process Corner)
  Requirement:            0.000ns  (gen_pynq_clk_50m.clkout0 rise@0.000ns - gen_pynq_clk_50m.clkout0 rise@0.000ns)
  Data Path Delay:        0.280ns  (logic 0.164ns (58.662%)  route 0.116ns (41.338%))
  Logic Levels:           0  
  Clock Path Skew:        0.182ns (DCD - SCD - CPR)
    Destination Clock Delay (DCD):    -0.754ns
    Source Clock Delay      (SCD):    -0.445ns
    Clock Pessimism Removal (CPR):    -0.491ns

    Location             Delay type                Incr(ns)  Path(ns)    Netlist Resource(s)
  -------------------------------------------------------------------    -------------------
                         (clock gen_pynq_clk_50m.clkout0 rise edge)
                                                      0.000     0.000 r  
    H16                                               0.000     0.000 r  CLK100MHZ (IN)
                         net (fo=0)                   0.000     0.000    CLK100MHZ
    H16                  IBUF (Prop_ibuf_I_O)         0.219     0.219 r  CLK100MHZ_IBUF_inst/O
                         net (fo=1, routed)           0.440     0.659    CLK100MHZ_IBUF
    MMCME2_ADV_X1Y2      MMCME2_ADV (Prop_mmcme2_adv_CLKIN1_CLKOUT0)
                                                     -2.613    -1.954 r  gen_pynq_clk_50m.u_clk_mmcm/CLKOUT0
                         net (fo=1, routed)           0.696    -1.257    gen_pynq_clk_50m.clkout0
    BUFGCTRL_X0Y30       BUFG (Prop_bufg_I_O)         0.026    -1.231 r  gen_pynq_clk_50m.u_cpu_clk_bufg_replica_1/O
                         net (fo=3, routed)           0.030    -1.201    cpu_clk_repN_1
    BUFGCTRL_X0Y31       BUFG (Prop_bufg_I_O)         0.026    -1.175 r  gen_pynq_clk_50m.u_cpu_clk_bufg_replica/O
                         net (fo=3, routed)           0.042    -1.133    cpu_clk_repN
    BUFGCTRL_X0Y16       BUFG (Prop_bufg_I_O)         0.026    -1.107 r  gen_pynq_clk_50m.u_cpu_clk_bufg/O
                         net (fo=3517, routed)        0.662    -0.445    u_soc/u_cpu/cpu_clk
    SLICE_X66Y100        FDCE                                         r  u_soc/u_cpu/ex_mem_exec_result_r_reg[17]/C
  -------------------------------------------------------------------    -------------------
    SLICE_X66Y100        FDCE (Prop_fdce_C_Q)         0.164    -0.281 r  u_soc/u_cpu/ex_mem_exec_result_r_reg[17]/Q
                         net (fo=2, routed)           0.116    -0.165    u_soc/u_cpu/ex_mem_exec_result_r[17]
    SLICE_X64Y99         FDCE                                         r  u_soc/u_cpu/mem_wb_exec_result_r_reg[17]/D
  -------------------------------------------------------------------    -------------------

                         (clock gen_pynq_clk_50m.clkout0 rise edge)
                                                      0.000     0.000 r  
    H16                                               0.000     0.000 r  CLK100MHZ (IN)
                         net (fo=0)                   0.000     0.000    CLK100MHZ
    H16                  IBUF (Prop_ibuf_I_O)         0.406     0.406 r  CLK100MHZ_IBUF_inst/O
                         net (fo=1, routed)           0.480     0.886    CLK100MHZ_IBUF
    MMCME2_ADV_X1Y2      MMCME2_ADV (Prop_mmcme2_adv_CLKIN1_CLKOUT0)
                                                     -3.407    -2.521 r  gen_pynq_clk_50m.u_clk_mmcm/CLKOUT0
                         net (fo=1, routed)           0.752    -1.769    gen_pynq_clk_50m.clkout0
    BUFGCTRL_X0Y30       BUFG (Prop_bufg_I_O)         0.029    -1.740 r  gen_pynq_clk_50m.u_cpu_clk_bufg_replica_1/O
                         net (fo=3, routed)           0.033    -1.707    cpu_clk_repN_1
    BUFGCTRL_X0Y31       BUFG (Prop_bufg_I_O)         0.029    -1.678 r  gen_pynq_clk_50m.u_cpu_clk_bufg_replica/O
                         net (fo=3, routed)           0.046    -1.632    cpu_clk_repN
    BUFGCTRL_X0Y16       BUFG (Prop_bufg_I_O)         0.029    -1.603 r  gen_pynq_clk_50m.u_cpu_clk_bufg/O
                         net (fo=3517, routed)        0.849    -0.754    u_soc/u_cpu/cpu_clk
    SLICE_X64Y99         FDCE                                         r  u_soc/u_cpu/mem_wb_exec_result_r_reg[17]/C
                         clock pessimism              0.491    -0.263    
    SLICE_X64Y99         FDCE (Hold_fdce_C_D)         0.070    -0.193    u_soc/u_cpu/mem_wb_exec_result_r_reg[17]
  -------------------------------------------------------------------
                         required time                          0.193    
                         arrival time                          -0.165    
  -------------------------------------------------------------------
                         slack                                  0.028    





Pulse Width Checks
--------------------------------------------------------------------------------------
Clock Name:         gen_pynq_clk_50m.clkout0
Waveform(ns):       { 0.000 10.000 }
Period(ns):         20.000
Sources:            { gen_pynq_clk_50m.u_clk_mmcm/CLKOUT0 }

Check Type        Corner  Lib Pin             Reference Pin  Required(ns)  Actual(ns)  Slack(ns)  Location         Pin
Min Period        n/a     RAMB36E1/CLKARDCLK  n/a            2.944         20.000      17.056     RAMB36_X3Y21     u_soc/u_dmem_ram/g_sync_ram.g_posedge_read.ram_mem_reg_0/CLKARDCLK
Max Period        n/a     MMCME2_ADV/CLKOUT0  n/a            213.360       20.000      193.360    MMCME2_ADV_X1Y2  gen_pynq_clk_50m.u_clk_mmcm/CLKOUT0
Low Pulse Width   Slow    RAMD64E/CLK         n/a            1.250         10.000      8.750      SLICE_X54Y96     u_soc/u_cpu/gen_dcache.u_dcache/cache_data_reg_0_63_0_2/RAMA/CLK
High Pulse Width  Slow    RAMD64E/CLK         n/a            1.250         10.000      8.750      SLICE_X54Y96     u_soc/u_cpu/gen_dcache.u_dcache/cache_data_reg_0_63_0_2/RAMA/CLK



---------------------------------------------------------------------------------------------------
Path Group:  **async_default**
From Clock:  gen_pynq_clk_50m.clkout0
  To Clock:  gen_pynq_clk_50m.clkout0

Setup :            0  Failing Endpoints,  Worst Slack        8.861ns,  Total Violation        0.000ns
Hold  :            0  Failing Endpoints,  Worst Slack        1.122ns,  Total Violation        0.000ns
---------------------------------------------------------------------------------------------------


Max Delay Paths
--------------------------------------------------------------------------------------
Slack (MET) :             8.861ns  (required time - arrival time)
  Source:                 reset_sync_r_reg[5]/C
                            (rising edge-triggered cell FDCE clocked by gen_pynq_clk_50m.clkout0  {rise@0.000ns fall@10.000ns period=20.000ns})
  Destination:            u_soc/u_cpu/u_regfile/regs_reg[15][26]/CLR
                            (recovery check against rising-edge clock gen_pynq_clk_50m.clkout0  {rise@0.000ns fall@10.000ns period=20.000ns})
  Path Group:             **async_default**
  Path Type:              Recovery (Max at Slow Process Corner)
  Requirement:            20.000ns  (gen_pynq_clk_50m.clkout0 rise@20.000ns - gen_pynq_clk_50m.clkout0 rise@0.000ns)
  Data Path Delay:        10.522ns  (logic 0.890ns (8.458%)  route 9.632ns (91.542%))
  Logic Levels:           3  (LUT1=1 LUT4=1 LUT6=1)
  Clock Path Skew:        -0.133ns (DCD - SCD + CPR)
    Destination Clock Delay (DCD):    -0.989ns = ( 19.011 - 20.000 ) 
    Source Clock Delay      (SCD):    -0.342ns
    Clock Pessimism Removal (CPR):    0.513ns
  Clock Uncertainty:      0.079ns  ((TSJ^2 + DJ^2)^1/2) / 2 + PE
    Total System Jitter     (TSJ):    0.071ns
    Discrete Jitter          (DJ):    0.141ns
    Phase Error              (PE):    0.000ns

    Location             Delay type                Incr(ns)  Path(ns)    Netlist Resource(s)
  -------------------------------------------------------------------    -------------------
                         (clock gen_pynq_clk_50m.clkout0 rise edge)
                                                      0.000     0.000 r  
    H16                                               0.000     0.000 r  CLK100MHZ (IN)
                         net (fo=0)                   0.000     0.000    CLK100MHZ
    H16                  IBUF (Prop_ibuf_I_O)         1.451     1.451 r  CLK100MHZ_IBUF_inst/O
                         net (fo=1, routed)           1.285     2.736    CLK100MHZ_IBUF
    MMCME2_ADV_X1Y2      MMCME2_ADV (Prop_mmcme2_adv_CLKIN1_CLKOUT0)
                                                     -7.759    -5.023 r  gen_pynq_clk_50m.u_clk_mmcm/CLKOUT0
                         net (fo=1, routed)           2.206    -2.817    gen_pynq_clk_50m.clkout0
    BUFGCTRL_X0Y30       BUFG (Prop_bufg_I_O)         0.101    -2.716 r  gen_pynq_clk_50m.u_cpu_clk_bufg_replica_1/O
                         net (fo=3, routed)           0.146    -2.570    cpu_clk_repN_1
    BUFGCTRL_X0Y31       BUFG (Prop_bufg_I_O)         0.101    -2.469 r  gen_pynq_clk_50m.u_cpu_clk_bufg_replica/O
                         net (fo=3, routed)           0.161    -2.308    cpu_clk_repN
    BUFGCTRL_X0Y16       BUFG (Prop_bufg_I_O)         0.101    -2.207 r  gen_pynq_clk_50m.u_cpu_clk_bufg/O
                         net (fo=3517, routed)        1.865    -0.342    cpu_clk
    SLICE_X112Y94        FDCE                                         r  reset_sync_r_reg[5]/C
  -------------------------------------------------------------------    -------------------
    SLICE_X112Y94        FDCE (Prop_fdce_C_Q)         0.518     0.176 r  reset_sync_r_reg[5]/Q
                         net (fo=2, routed)           0.673     0.849    u_soc/u_cpu/u_regfile/led_OBUF[0]_inst_i_1_0[5]
    SLICE_X112Y94        LUT4 (Prop_lut4_I0_O)        0.124     0.973 f  u_soc/u_cpu/u_regfile/led_OBUF[0]_inst_i_2/O
                         net (fo=1, routed)           0.663     1.636    u_soc/u_cpu/u_regfile/led_OBUF[0]_inst_i_2_n_0
    SLICE_X112Y95        LUT6 (Prop_lut6_I0_O)        0.124     1.760 r  u_soc/u_cpu/u_regfile/led_OBUF[0]_inst_i_1/O
                         net (fo=3, routed)           1.477     3.237    u_soc/u_cpu/led_OBUF[0]
    SLICE_X98Y106        LUT1 (Prop_lut1_I0_O)        0.124     3.361 f  u_soc/u_cpu/regs[0][31]_i_3/O
                         net (fo=2483, routed)        6.818    10.180    u_soc/u_cpu/u_regfile/regs_reg[0][31]_0
    SLICE_X80Y141        FDCE                                         f  u_soc/u_cpu/u_regfile/regs_reg[15][26]/CLR
  -------------------------------------------------------------------    -------------------

                         (clock gen_pynq_clk_50m.clkout0 rise edge)
                                                     20.000    20.000 r  
    H16                                               0.000    20.000 r  CLK100MHZ (IN)
                         net (fo=0)                   0.000    20.000    CLK100MHZ
    H16                  IBUF (Prop_ibuf_I_O)         1.380    21.380 r  CLK100MHZ_IBUF_inst/O
                         net (fo=1, routed)           1.162    22.542    CLK100MHZ_IBUF
    MMCME2_ADV_X1Y2      MMCME2_ADV (Prop_mmcme2_adv_CLKIN1_CLKOUT0)
                                                     -7.814    14.728 r  gen_pynq_clk_50m.u_clk_mmcm/CLKOUT0
                         net (fo=1, routed)           2.012    16.740    gen_pynq_clk_50m.clkout0
    BUFGCTRL_X0Y30       BUFG (Prop_bufg_I_O)         0.091    16.831 r  gen_pynq_clk_50m.u_cpu_clk_bufg_replica_1/O
                         net (fo=3, routed)           0.133    16.964    cpu_clk_repN_1
    BUFGCTRL_X0Y31       BUFG (Prop_bufg_I_O)         0.091    17.055 r  gen_pynq_clk_50m.u_cpu_clk_bufg_replica/O
                         net (fo=3, routed)           0.147    17.202    cpu_clk_repN
    BUFGCTRL_X0Y16       BUFG (Prop_bufg_I_O)         0.091    17.293 r  gen_pynq_clk_50m.u_cpu_clk_bufg/O
                         net (fo=3517, routed)        1.718    19.011    u_soc/u_cpu/u_regfile/cpu_clk
    SLICE_X80Y141        FDCE                                         r  u_soc/u_cpu/u_regfile/regs_reg[15][26]/C
                         clock pessimism              0.513    19.525    
                         clock uncertainty           -0.079    19.446    
    SLICE_X80Y141        FDCE (Recov_fdce_C_CLR)     -0.405    19.041    u_soc/u_cpu/u_regfile/regs_reg[15][26]
  -------------------------------------------------------------------
                         required time                         19.041    
                         arrival time                         -10.180    
  -------------------------------------------------------------------
                         slack                                  8.861    





Min Delay Paths
--------------------------------------------------------------------------------------
Slack (MET) :             1.122ns  (arrival time - required time)
  Source:                 reset_sync_r_reg[3]/C
                            (rising edge-triggered cell FDCE clocked by gen_pynq_clk_50m.clkout0  {rise@0.000ns fall@10.000ns period=20.000ns})
  Destination:            u_soc/u_cpu/u_regfile/regs_reg[24][6]/CLR
                            (removal check against rising-edge clock gen_pynq_clk_50m.clkout0  {rise@0.000ns fall@10.000ns period=20.000ns})
  Path Group:             **async_default**
  Path Type:              Removal (Min at Fast Process Corner)
  Requirement:            0.000ns  (gen_pynq_clk_50m.clkout0 rise@0.000ns - gen_pynq_clk_50m.clkout0 rise@0.000ns)
  Data Path Delay:        1.367ns  (logic 0.254ns (18.580%)  route 1.113ns (81.420%))
  Logic Levels:           2  (LUT1=1 LUT6=1)
  Clock Path Skew:        0.312ns (DCD - SCD - CPR)
    Destination Clock Delay (DCD):    -0.650ns
    Source Clock Delay      (SCD):    -0.471ns
    Clock Pessimism Removal (CPR):    -0.491ns

    Location             Delay type                Incr(ns)  Path(ns)    Netlist Resource(s)
  -------------------------------------------------------------------    -------------------
                         (clock gen_pynq_clk_50m.clkout0 rise edge)
                                                      0.000     0.000 r  
    H16                                               0.000     0.000 r  CLK100MHZ (IN)
                         net (fo=0)                   0.000     0.000    CLK100MHZ
    H16                  IBUF (Prop_ibuf_I_O)         0.219     0.219 r  CLK100MHZ_IBUF_inst/O
                         net (fo=1, routed)           0.440     0.659    CLK100MHZ_IBUF
    MMCME2_ADV_X1Y2      MMCME2_ADV (Prop_mmcme2_adv_CLKIN1_CLKOUT0)
                                                     -2.613    -1.954 r  gen_pynq_clk_50m.u_clk_mmcm/CLKOUT0
                         net (fo=1, routed)           0.696    -1.257    gen_pynq_clk_50m.clkout0
    BUFGCTRL_X0Y30       BUFG (Prop_bufg_I_O)         0.026    -1.231 r  gen_pynq_clk_50m.u_cpu_clk_bufg_replica_1/O
                         net (fo=3, routed)           0.030    -1.201    cpu_clk_repN_1
    BUFGCTRL_X0Y31       BUFG (Prop_bufg_I_O)         0.026    -1.175 r  gen_pynq_clk_50m.u_cpu_clk_bufg_replica/O
                         net (fo=3, routed)           0.042    -1.133    cpu_clk_repN
    BUFGCTRL_X0Y16       BUFG (Prop_bufg_I_O)         0.026    -1.107 r  gen_pynq_clk_50m.u_cpu_clk_bufg/O
                         net (fo=3517, routed)        0.636    -0.471    cpu_clk
    SLICE_X112Y95        FDCE                                         r  reset_sync_r_reg[3]/C
  -------------------------------------------------------------------    -------------------
    SLICE_X112Y95        FDCE (Prop_fdce_C_Q)         0.164    -0.307 r  reset_sync_r_reg[3]/Q
                         net (fo=2, routed)           0.129    -0.179    u_soc/u_cpu/u_regfile/led_OBUF[0]_inst_i_1_0[3]
    SLICE_X112Y95        LUT6 (Prop_lut6_I3_O)        0.045    -0.134 r  u_soc/u_cpu/u_regfile/led_OBUF[0]_inst_i_1/O
                         net (fo=3, routed)           0.599     0.465    u_soc/u_cpu/led_OBUF[0]
    SLICE_X98Y106        LUT1 (Prop_lut1_I0_O)        0.045     0.510 f  u_soc/u_cpu/regs[0][31]_i_3/O
                         net (fo=2483, routed)        0.386     0.896    u_soc/u_cpu/u_regfile/regs_reg[0][31]_0
    SLICE_X98Y120        FDCE                                         f  u_soc/u_cpu/u_regfile/regs_reg[24][6]/CLR
  -------------------------------------------------------------------    -------------------

                         (clock gen_pynq_clk_50m.clkout0 rise edge)
                                                      0.000     0.000 r  
    H16                                               0.000     0.000 r  CLK100MHZ (IN)
                         net (fo=0)                   0.000     0.000    CLK100MHZ
    H16                  IBUF (Prop_ibuf_I_O)         0.406     0.406 r  CLK100MHZ_IBUF_inst/O
                         net (fo=1, routed)           0.480     0.886    CLK100MHZ_IBUF
    MMCME2_ADV_X1Y2      MMCME2_ADV (Prop_mmcme2_adv_CLKIN1_CLKOUT0)
                                                     -3.407    -2.521 r  gen_pynq_clk_50m.u_clk_mmcm/CLKOUT0
                         net (fo=1, routed)           0.752    -1.769    gen_pynq_clk_50m.clkout0
    BUFGCTRL_X0Y30       BUFG (Prop_bufg_I_O)         0.029    -1.740 r  gen_pynq_clk_50m.u_cpu_clk_bufg_replica_1/O
                         net (fo=3, routed)           0.033    -1.707    cpu_clk_repN_1
    BUFGCTRL_X0Y31       BUFG (Prop_bufg_I_O)         0.029    -1.678 r  gen_pynq_clk_50m.u_cpu_clk_bufg_replica/O
                         net (fo=3, routed)           0.046    -1.632    cpu_clk_repN
    BUFGCTRL_X0Y16       BUFG (Prop_bufg_I_O)         0.029    -1.603 r  gen_pynq_clk_50m.u_cpu_clk_bufg/O
                         net (fo=3517, routed)        0.953    -0.650    u_soc/u_cpu/u_regfile/cpu_clk
    SLICE_X98Y120        FDCE                                         r  u_soc/u_cpu/u_regfile/regs_reg[24][6]/C
                         clock pessimism              0.491    -0.159    
    SLICE_X98Y120        FDCE (Remov_fdce_C_CLR)     -0.067    -0.226    u_soc/u_cpu/u_regfile/regs_reg[24][6]
  -------------------------------------------------------------------
                         required time                          0.226    
                         arrival time                           0.896    
  -------------------------------------------------------------------
                         slack                                  1.122    





