Copyright 1986-2022 Xilinx, Inc. All Rights Reserved. Copyright 2022-2025 Advanced Micro Devices, Inc. All Rights Reserved.
---------------------------------------------------------------------------------------------------------------------------------------------
| Tool Version : Vivado v.2025.2 (win64) Build 6299465 Fri Nov 14 19:35:11 GMT 2025
| Date         : Tue Jun  2 08:35:35 2026
| Host         : Toylog_desktop running 64-bit major release  (build 9200)
| Command      : report_timing_summary -file V:/project/reports/pynq_z2_sysclk_8p000ns_cpu50/synth_timing_summary.rpt
| Design       : YH_rv_cpu_fpga_top
| Device       : 7z020-clg400
| Speed File   : -1  PRODUCTION 1.12 2019-11-22
| Design State : Synthesized
---------------------------------------------------------------------------------------------------------------------------------------------

Timing Summary Report

------------------------------------------------------------------------------------------------
| Timer Settings
| --------------
------------------------------------------------------------------------------------------------

  Enable Multi Corner Analysis               :  Yes
  Enable Pessimism Removal                   :  Yes
  Pessimism Removal Resolution               :  Nearest Common Node
  Enable Input Delay Default Clock           :  No
  Enable Preset / Clear Arcs                 :  No
  Disable Flight Delays                      :  No
  Ignore I/O Paths                           :  No
  Timing Early Launch at Borrowing Latches   :  No
  Borrow Time for Max Delay Exceptions       :  Yes
  Merge Timing Exceptions                    :  Yes
  Inter-SLR Compensation                     :  Conservative

  Corner  Analyze    Analyze    
  Name    Max Paths  Min Paths  
  ------  ---------  ---------  
  Slow    Yes        Yes        
  Fast    Yes        Yes        


------------------------------------------------------------------------------------------------
| Report Methodology
| ------------------
------------------------------------------------------------------------------------------------

No report available as report_methodology has not been run prior. Run report_methodology on the current design for the summary of methodology violations.



check_timing report

Table of Contents
-----------------
1. checking no_clock (0)
2. checking constant_clock (0)
3. checking pulse_width_clock (0)
4. checking unconstrained_internal_endpoints (0)
5. checking no_input_delay (1)
6. checking no_output_delay (4)
7. checking multiple_clock (0)
8. checking generated_clocks (0)
9. checking loops (0)
10. checking partial_input_delay (0)
11. checking partial_output_delay (0)
12. checking latch_loops (0)

1. checking no_clock (0)
------------------------
 There are 0 register/latch pins with no clock.


2. checking constant_clock (0)
------------------------------
 There are 0 register/latch pins with constant_clock.


3. checking pulse_width_clock (0)
---------------------------------
 There are 0 register/latch pins which need pulse_width check


4. checking unconstrained_internal_endpoints (0)
------------------------------------------------
 There are 0 pins that are not constrained for maximum delay.

 There are 0 pins that are not constrained for maximum delay due to constant clock.


5. checking no_input_delay (1)
------------------------------
 There is 1 input port with no input delay specified. (HIGH)

 There are 0 input ports with no input delay but user has a false path constraint.


6. checking no_output_delay (4)
-------------------------------
 There are 4 ports with no output delay specified. (HIGH)

 There are 0 ports with no output delay but user has a false path constraint

 There are 0 ports with no output delay but with a timing clock defined on it or propagating through it


7. checking multiple_clock (0)
------------------------------
 There are 0 register/latch pins with multiple clocks.


8. checking generated_clocks (0)
--------------------------------
 There are 0 generated clocks that are not connected to a clock source.


9. checking loops (0)
---------------------
 There are 0 combinational loops in the design.


10. checking partial_input_delay (0)
------------------------------------
 There are 0 input ports with partial input delay specified.


11. checking partial_output_delay (0)
-------------------------------------
 There are 0 ports with partial output delay specified.


12. checking latch_loops (0)
----------------------------
 There are 0 combinational latch loops in the design through latch input



------------------------------------------------------------------------------------------------
| Design Timing Summary
| ---------------------
------------------------------------------------------------------------------------------------

    WNS(ns)      TNS(ns)  TNS Failing Endpoints  TNS Total Endpoints      WHS(ns)      THS(ns)  THS Failing Endpoints  THS Total Endpoints     WPWS(ns)     TPWS(ns)  TPWS Failing Endpoints  TPWS Total Endpoints  
    -------      -------  ---------------------  -------------------      -------      -------  ---------------------  -------------------     --------     --------  ----------------------  --------------------  
    -12.157    -6267.542                   1154                11455        0.132        0.000                      0                11455        2.000        0.000                       0                  3515  


Timing constraints are not met.


------------------------------------------------------------------------------------------------
| Clock Summary
| -------------
------------------------------------------------------------------------------------------------

Clock                       Waveform(ns)         Period(ns)      Frequency(MHz)
-----                       ------------         ----------      --------------
pynq_sys_clk                {0.000 4.000}        8.000           125.000         
  gen_pynq_clk_50m.clkfb    {0.000 4.000}        8.000           125.000         
  gen_pynq_clk_50m.clkout0  {0.000 10.000}       20.000          50.000          


------------------------------------------------------------------------------------------------
| Intra Clock Table
| -----------------
------------------------------------------------------------------------------------------------

Clock                           WNS(ns)      TNS(ns)  TNS Failing Endpoints  TNS Total Endpoints      WHS(ns)      THS(ns)  THS Failing Endpoints  THS Total Endpoints     WPWS(ns)     TPWS(ns)  TPWS Failing Endpoints  TPWS Total Endpoints  
-----                           -------      -------  ---------------------  -------------------      -------      -------  ---------------------  -------------------     --------     --------  ----------------------  --------------------  
pynq_sys_clk                                                                                                                                                                  2.000        0.000                       0                     1  
  gen_pynq_clk_50m.clkfb                                                                                                                                                      5.845        0.000                       0                     3  
  gen_pynq_clk_50m.clkout0      -12.157    -6267.542                   1154                 8984        0.132        0.000                      0                 8984        8.750        0.000                       0                  3511  


------------------------------------------------------------------------------------------------
| Inter Clock Table
| -----------------
------------------------------------------------------------------------------------------------

From Clock    To Clock          WNS(ns)      TNS(ns)  TNS Failing Endpoints  TNS Total Endpoints      WHS(ns)      THS(ns)  THS Failing Endpoints  THS Total Endpoints  
----------    --------          -------      -------  ---------------------  -------------------      -------      -------  ---------------------  -------------------  


------------------------------------------------------------------------------------------------
| Other Path Groups Table
| -----------------------
------------------------------------------------------------------------------------------------

Path Group                From Clock                To Clock                      WNS(ns)      TNS(ns)  TNS Failing Endpoints  TNS Total Endpoints      WHS(ns)      THS(ns)  THS Failing Endpoints  THS Total Endpoints  
----------                ----------                --------                      -------      -------  ---------------------  -------------------      -------      -------  ---------------------  -------------------  
**async_default**         gen_pynq_clk_50m.clkout0  gen_pynq_clk_50m.clkout0       15.777        0.000                      0                 2471        1.101        0.000                      0                 2471  


------------------------------------------------------------------------------------------------
| Timing Details
| --------------
------------------------------------------------------------------------------------------------


---------------------------------------------------------------------------------------------------
From Clock:  pynq_sys_clk
  To Clock:  pynq_sys_clk

Setup :           NA  Failing Endpoints,  Worst Slack           NA  ,  Total Violation           NA
Hold  :           NA  Failing Endpoints,  Worst Slack           NA  ,  Total Violation           NA
PW    :            0  Failing Endpoints,  Worst Slack        2.000ns,  Total Violation        0.000ns
---------------------------------------------------------------------------------------------------


Pulse Width Checks
--------------------------------------------------------------------------------------
Clock Name:         pynq_sys_clk
Waveform(ns):       { 0.000 4.000 }
Period(ns):         8.000
Sources:            { CLK100MHZ }

Check Type        Corner  Lib Pin            Reference Pin  Required(ns)  Actual(ns)  Slack(ns)  Location  Pin
Min Period        n/a     MMCME2_ADV/CLKIN1  n/a            1.249         8.000       6.751                gen_pynq_clk_50m.u_clk_mmcm/CLKIN1
Max Period        n/a     MMCME2_ADV/CLKIN1  n/a            100.000       8.000       92.000               gen_pynq_clk_50m.u_clk_mmcm/CLKIN1
Low Pulse Width   Slow    MMCME2_ADV/CLKIN1  n/a            2.000         4.000       2.000                gen_pynq_clk_50m.u_clk_mmcm/CLKIN1
High Pulse Width  Slow    MMCME2_ADV/CLKIN1  n/a            2.000         4.000       2.000                gen_pynq_clk_50m.u_clk_mmcm/CLKIN1



---------------------------------------------------------------------------------------------------
From Clock:  gen_pynq_clk_50m.clkfb
  To Clock:  gen_pynq_clk_50m.clkfb

Setup :           NA  Failing Endpoints,  Worst Slack           NA  ,  Total Violation           NA
Hold  :           NA  Failing Endpoints,  Worst Slack           NA  ,  Total Violation           NA
PW    :            0  Failing Endpoints,  Worst Slack        5.845ns,  Total Violation        0.000ns
---------------------------------------------------------------------------------------------------


Pulse Width Checks
--------------------------------------------------------------------------------------
Clock Name:         gen_pynq_clk_50m.clkfb
Waveform(ns):       { 0.000 4.000 }
Period(ns):         8.000
Sources:            { gen_pynq_clk_50m.u_clk_mmcm/CLKFBOUT }

Check Type  Corner  Lib Pin             Reference Pin  Required(ns)  Actual(ns)  Slack(ns)  Location  Pin
Min Period  n/a     BUFG/I              n/a            2.155         8.000       5.845                gen_pynq_clk_50m.u_clkfb_bufg/I
Max Period  n/a     MMCME2_ADV/CLKFBIN  n/a            100.000       8.000       92.000               gen_pynq_clk_50m.u_clk_mmcm/CLKFBIN



---------------------------------------------------------------------------------------------------
From Clock:  gen_pynq_clk_50m.clkout0
  To Clock:  gen_pynq_clk_50m.clkout0

Setup :         1154  Failing Endpoints,  Worst Slack      -12.157ns,  Total Violation    -6267.542ns
Hold  :            0  Failing Endpoints,  Worst Slack        0.132ns,  Total Violation        0.000ns
PW    :            0  Failing Endpoints,  Worst Slack        8.750ns,  Total Violation        0.000ns
---------------------------------------------------------------------------------------------------


Max Delay Paths
--------------------------------------------------------------------------------------
Slack (VIOLATED) :        -12.157ns  (required time - arrival time)
  Source:                 u_soc/u_cpu/gen_dcache.u_dcache/cache_tag_reg[7][2]/C
                            (rising edge-triggered cell FDRE clocked by gen_pynq_clk_50m.clkout0  {rise@0.000ns fall@10.000ns period=20.000ns})
  Destination:            u_soc/u_cpu/pc_r_reg[28]/D
                            (rising edge-triggered cell FDCE clocked by gen_pynq_clk_50m.clkout0  {rise@0.000ns fall@10.000ns period=20.000ns})
  Path Group:             gen_pynq_clk_50m.clkout0
  Path Type:              Setup (Max at Slow Process Corner)
  Requirement:            20.000ns  (gen_pynq_clk_50m.clkout0 rise@20.000ns - gen_pynq_clk_50m.clkout0 rise@0.000ns)
  Data Path Delay:        31.977ns  (logic 8.435ns (26.378%)  route 23.542ns (73.622%))
  Logic Levels:           43  (CARRY4=10 LUT3=4 LUT5=5 LUT6=21 MUXF7=2 RAMD64E=1)
  Clock Path Skew:        -0.145ns (DCD - SCD + CPR)
    Destination Clock Delay (DCD):    -2.269ns = ( 17.731 - 20.000 ) 
    Source Clock Delay      (SCD):    -1.593ns
    Clock Pessimism Removal (CPR):    0.530ns
  Clock Uncertainty:      0.079ns  ((TSJ^2 + DJ^2)^1/2) / 2 + PE
    Total System Jitter     (TSJ):    0.071ns
    Discrete Jitter          (DJ):    0.141ns
    Phase Error              (PE):    0.000ns

    Location             Delay type                Incr(ns)  Path(ns)    Netlist Resource(s)
  -------------------------------------------------------------------    -------------------
                         (clock gen_pynq_clk_50m.clkout0 rise edge)
                                                      0.000     0.000 r  
    H16                                               0.000     0.000 r  CLK100MHZ (IN)
                         net (fo=0)                   0.000     0.000    CLK100MHZ
    H16                  IBUF (Prop_ibuf_I_O)         1.451     1.451 r  CLK100MHZ_IBUF_inst/O
                         net (fo=1, unplaced)         0.584     2.035    CLK100MHZ_IBUF
                         MMCME2_ADV (Prop_mmcme2_adv_CLKIN1_CLKOUT0)
                                                     -5.113    -3.078 r  gen_pynq_clk_50m.u_clk_mmcm/CLKOUT0
                         net (fo=1, unplaced)         0.800    -2.278    gen_pynq_clk_50m.clkout0
                         BUFG (Prop_bufg_I_O)         0.101    -2.177 r  gen_pynq_clk_50m.u_cpu_clk_bufg/O
                         net (fo=3509, unplaced)      0.584    -1.593    u_soc/u_cpu/gen_dcache.u_dcache/cpu_clk
                         FDRE                                         r  u_soc/u_cpu/gen_dcache.u_dcache/cache_tag_reg[7][2]/C
  -------------------------------------------------------------------    -------------------
                         FDRE (Prop_fdre_C_Q)         0.478    -1.115 f  u_soc/u_cpu/gen_dcache.u_dcache/cache_tag_reg[7][2]/Q
                         net (fo=3, unplaced)         0.983    -0.132    u_soc/u_cpu/gen_dcache.u_dcache/cache_tag_reg[7]_151[2]
                         LUT6 (Prop_lut6_I0_O)        0.295     0.163 f  u_soc/u_cpu/gen_dcache.u_dcache/mem_wb_load_data_r[23]_i_68/O
                         net (fo=1, unplaced)         0.000     0.163    u_soc/u_cpu/gen_dcache.u_dcache/mem_wb_load_data_r[23]_i_68_n_0
                         MUXF7 (Prop_muxf7_I1_O)      0.247     0.410 f  u_soc/u_cpu/gen_dcache.u_dcache/mem_wb_load_data_r_reg[23]_i_30/O
                         net (fo=2, unplaced)         0.916     1.326    u_soc/u_cpu/gen_dcache.u_dcache/mem_wb_load_data_r_reg[23]_i_30_n_0
                         LUT6 (Prop_lut6_I1_O)        0.298     1.624 r  u_soc/u_cpu/gen_dcache.u_dcache/mem_wb_load_data_r[23]_i_14/O
                         net (fo=1, unplaced)         0.902     2.526    u_soc/u_cpu/gen_dcache.u_dcache/mem_wb_load_data_r[23]_i_14_n_0
                         LUT6 (Prop_lut6_I1_O)        0.124     2.650 f  u_soc/u_cpu/gen_dcache.u_dcache/mem_wb_load_data_r[23]_i_9/O
                         net (fo=1, unplaced)         0.902     3.552    u_soc/u_cpu/gen_dcache.u_dcache/mem_wb_load_data_r[23]_i_9_n_0
                         LUT6 (Prop_lut6_I3_O)        0.124     3.676 f  u_soc/u_cpu/gen_dcache.u_dcache/mem_wb_load_data_r[23]_i_3/O
                         net (fo=46, unplaced)        0.529     4.205    u_soc/u_cpu/gen_dcache.u_dcache/mem_wb_load_data_r[23]_i_3_n_0
                         LUT5 (Prop_lut5_I3_O)        0.124     4.329 r  u_soc/u_cpu/gen_dcache.u_dcache/x_result_th_mula0_i_152/O
                         net (fo=38, unplaced)        0.524     4.853    u_soc/u_cpu/gen_dcache.u_dcache/x_result_th_mula0_i_152_n_0
                         LUT5 (Prop_lut5_I4_O)        0.124     4.977 r  u_soc/u_cpu/gen_dcache.u_dcache/x_result_th_mula0_i_88/O
                         net (fo=35, unplaced)        0.522     5.499    u_soc/u_cpu/gen_dcache.u_dcache/x_result_th_mula0_i_88_n_0
                         LUT6 (Prop_lut6_I2_O)        0.124     5.623 r  u_soc/u_cpu/gen_dcache.u_dcache/ex_mem_mem_addr_r[3]_i_9/O
                         net (fo=1, unplaced)         0.902     6.525    u_soc/u_cpu/gen_dcache.u_dcache/ex_mem_mem_addr_r[3]_i_9_n_0
                         LUT6 (Prop_lut6_I0_O)        0.124     6.649 r  u_soc/u_cpu/gen_dcache.u_dcache/ex_mem_mem_addr_r[3]_i_4/O
                         net (fo=1, unplaced)         0.000     6.649    u_soc/u_cpu/gen_dcache.u_dcache/ex_mem_mem_addr_r[3]_i_4_n_0
                         CARRY4 (Prop_carry4_S[1]_O[3])
                                                      0.643     7.292 r  u_soc/u_cpu/gen_dcache.u_dcache/ex_mem_mem_addr_r_reg[3]_i_1/O[3]
                         net (fo=198, unplaced)       0.538     7.830    u_soc/u_cpu/gen_dcache.u_dcache/ex_mem_addr[3]
                         LUT6 (Prop_lut6_I2_O)        0.307     8.137 r  u_soc/u_cpu/gen_dcache.u_dcache/ex_decode_flush_valid_inst_i_178/O
                         net (fo=1, unplaced)         1.111     9.248    u_soc/u_cpu/gen_dcache.u_dcache/ex_decode_flush_valid_inst_i_178_n_0
                         LUT6 (Prop_lut6_I1_O)        0.124     9.372 f  u_soc/u_cpu/gen_dcache.u_dcache/ex_decode_flush_valid_inst_i_89/O
                         net (fo=2, unplaced)         0.000     9.372    u_soc/u_cpu/gen_dcache.u_dcache/ex_decode_flush_valid_inst_i_89_n_0
                         MUXF7 (Prop_muxf7_I1_O)      0.247     9.619 f  u_soc/u_cpu/gen_dcache.u_dcache/ex_decode_flush_valid_inst_i_50__0/O
                         net (fo=1, unplaced)         0.905    10.524    u_soc/u_cpu/gen_dcache.u_dcache/ex_decode_flush_valid_inst_i_50__0_n_0
                         LUT6 (Prop_lut6_I4_O)        0.298    10.822 f  u_soc/u_cpu/gen_dcache.u_dcache/ex_decode_flush_valid_inst_i_37__0/O
                         net (fo=1, unplaced)         1.111    11.933    u_soc/u_cpu/gen_dcache.u_dcache/ex_decode_flush_valid_inst_i_37__0_n_0
                         LUT6 (Prop_lut6_I3_O)        0.124    12.057 r  u_soc/u_cpu/gen_dcache.u_dcache/ex_decode_flush_valid_inst_i_26__0/O
                         net (fo=1, unplaced)         0.665    12.722    u_soc/u_cpu/gen_dcache.u_dcache/dcache_probe_hit
                         LUT6 (Prop_lut6_I3_O)        0.124    12.846 r  u_soc/u_cpu/gen_dcache.u_dcache/ex_decode_flush_valid_inst_i_11__0/O
                         net (fo=4, unplaced)         0.473    13.319    u_soc/u_cpu/gen_dcache.u_dcache/id_ex_dcache_load_use_safe
                         LUT6 (Prop_lut6_I1_O)        0.124    13.443 f  u_soc/u_cpu/gen_dcache.u_dcache/redirect_cache_instruction_r_reg_r1_0_63_0_2_i_65/O
                         net (fo=2, unplaced)         0.913    14.356    u_soc/u_cpu/gen_dcache.u_dcache/redirect_cache_instruction_r_reg_r1_0_63_0_2_i_65_n_0
                         LUT6 (Prop_lut6_I2_O)        0.124    14.480 f  u_soc/u_cpu/gen_dcache.u_dcache/redirect_cache_instruction_r_reg_r1_0_63_0_2_i_41/O
                         net (fo=1, unplaced)         0.449    14.929    u_soc/u_cpu/gen_dcache.u_dcache/redirect_cache_instruction_r_reg_r1_0_63_0_2_i_41_n_0
                         LUT6 (Prop_lut6_I1_O)        0.124    15.053 f  u_soc/u_cpu/gen_dcache.u_dcache/redirect_cache_instruction_r_reg_r1_0_63_0_2_i_24/O
                         net (fo=41, unplaced)        0.526    15.579    u_soc/u_cpu/gen_dcache.u_dcache/redirect_cache_instruction_r_reg_r1_0_63_0_2_i_24_n_0
                         LUT5 (Prop_lut5_I4_O)        0.124    15.703 r  u_soc/u_cpu/gen_dcache.u_dcache/redirect_cache_instruction_r_reg_r3_0_63_0_2_i_7/O
                         net (fo=5, unplaced)         0.477    16.180    u_soc/u_cpu/gen_dcache.u_dcache/redirect_cache_instruction_r_reg_r3_0_63_0_2_i_7_n_0
                         LUT3 (Prop_lut3_I0_O)        0.124    16.304 r  u_soc/u_cpu/gen_dcache.u_dcache/ex_decode_flush_valid_inst_i_2/O
                         net (fo=75, unplaced)        0.541    16.845    u_soc/u_cpu/gen_dcache.u_dcache/fetch_control_redirect_valid
                         LUT3 (Prop_lut3_I2_O)        0.124    16.969 r  u_soc/u_cpu/gen_dcache.u_dcache/redirect_cache_instruction_r_reg_r3_0_63_0_2_i_3/O
                         net (fo=83, unplaced)        0.997    17.966    u_soc/u_cpu/redirect_cache_pc_r_reg_r3_0_63_3_5/ADDRB3
                         RAMD64E (Prop_ramd64e_RADR3_O)
                                                      0.124    18.090 r  u_soc/u_cpu/redirect_cache_pc_r_reg_r3_0_63_3_5/RAMB/O
                         net (fo=1, unplaced)         1.111    19.201    u_soc/u_cpu/gen_dcache.u_dcache/regular_cache_hit1[4]
                         LUT6 (Prop_lut6_I3_O)        0.124    19.325 r  u_soc/u_cpu/gen_dcache.u_dcache/if_id_pc_r[31]_i_63/O
                         net (fo=1, unplaced)         0.000    19.325    u_soc/u_cpu/gen_dcache.u_dcache/if_id_pc_r[31]_i_63_n_0
                         CARRY4 (Prop_carry4_S[1]_CO[3])
                                                      0.533    19.858 r  u_soc/u_cpu/gen_dcache.u_dcache/if_id_pc_r_reg[31]_i_23/CO[3]
                         net (fo=1, unplaced)         0.009    19.867    u_soc/u_cpu/gen_dcache.u_dcache/if_id_pc_r_reg[31]_i_23_n_0
                         CARRY4 (Prop_carry4_CI_CO[3])
                                                      0.117    19.984 f  u_soc/u_cpu/gen_dcache.u_dcache/if_id_pc_r_reg[31]_i_12/CO[3]
                         net (fo=2, unplaced)         0.929    20.913    u_soc/u_cpu/gen_dcache.u_dcache/regular_cache_hit0
                         LUT6 (Prop_lut6_I4_O)        0.124    21.037 r  u_soc/u_cpu/gen_dcache.u_dcache/fetch_pc_r[31]_i_5/O
                         net (fo=92, unplaced)        0.516    21.553    u_soc/u_cpu/gen_dcache.u_dcache/fetch_buf0_valid_r_reg
                         LUT3 (Prop_lut3_I0_O)        0.124    21.677 r  u_soc/u_cpu/gen_dcache.u_dcache/id_ex_pc_r[31]_i_3/O
                         net (fo=353, unplaced)       0.580    22.257    u_soc/u_cpu/u_fold_target_id_stage/u_decoder/id_ex_csr_sel_r_reg[1]
                         LUT5 (Prop_lut5_I3_O)        0.116    22.373 r  u_soc/u_cpu/u_fold_target_id_stage/u_decoder/i_/id_ex_alu_op_r[5]_i_15/O
                         net (fo=16, unplaced)        1.165    23.538    u_soc/u_cpu/u_fold_target_id_stage/u_decoder/i_/id_ex_alu_op_r[5]_i_15_n_0
                         LUT6 (Prop_lut6_I0_O)        0.124    23.662 r  u_soc/u_cpu/u_fold_target_id_stage/u_decoder/i_/id_ex_alu_op_r[1]_i_14/O
                         net (fo=1, unplaced)         1.111    24.773    u_soc/u_cpu/u_fold_target_id_stage/u_decoder/i_/id_ex_alu_op_r[1]_i_14_n_0
                         LUT6 (Prop_lut6_I0_O)        0.124    24.897 r  u_soc/u_cpu/u_fold_target_id_stage/u_decoder/i_/id_ex_alu_op_r[1]_i_4/O
                         net (fo=3, unplaced)         0.920    25.817    u_soc/u_cpu/u_fold_target_id_stage/u_decoder/i_/id_ex_alu_op_r[1]_i_17_0
                         LUT6 (Prop_lut6_I0_O)        0.124    25.941 r  u_soc/u_cpu/u_fold_target_id_stage/u_decoder/i_/id_ex_alu_op_r[1]_i_2/O
                         net (fo=2, unplaced)         0.676    26.617    u_soc/u_cpu/gen_dcache.u_dcache/fold_id_alu_op[1]
                         LUT6 (Prop_lut6_I1_O)        0.124    26.741 f  u_soc/u_cpu/gen_dcache.u_dcache/id_ex_mret_r_i_10/O
                         net (fo=10, unplaced)        0.492    27.233    u_soc/u_cpu/gen_dcache.u_dcache/id_ex_mret_r_i_10_n_0
                         LUT6 (Prop_lut6_I4_O)        0.124    27.357 r  u_soc/u_cpu/gen_dcache.u_dcache/pc_r[31]_i_4/O
                         net (fo=32, unplaced)        0.520    27.877    u_soc/u_cpu/gen_dcache.u_dcache/pc_r[31]_i_4_n_0
                         LUT3 (Prop_lut3_I1_O)        0.124    28.001 r  u_soc/u_cpu/gen_dcache.u_dcache/pc_r[4]_i_5/O
                         net (fo=1, unplaced)         0.000    28.001    u_soc/u_cpu/gen_dcache.u_dcache/pc_r[4]_i_5_n_0
                         CARRY4 (Prop_carry4_S[1]_CO[3])
                                                      0.533    28.534 r  u_soc/u_cpu/gen_dcache.u_dcache/pc_r_reg[4]_i_2/CO[3]
                         net (fo=1, unplaced)         0.009    28.543    u_soc/u_cpu/gen_dcache.u_dcache/pc_r_reg[4]_i_2_n_0
                         CARRY4 (Prop_carry4_CI_CO[3])
                                                      0.117    28.660 r  u_soc/u_cpu/gen_dcache.u_dcache/pc_r_reg[8]_i_2/CO[3]
                         net (fo=1, unplaced)         0.000    28.660    u_soc/u_cpu/gen_dcache.u_dcache/pc_r_reg[8]_i_2_n_0
                         CARRY4 (Prop_carry4_CI_CO[3])
                                                      0.117    28.777 r  u_soc/u_cpu/gen_dcache.u_dcache/pc_r_reg[12]_i_2/CO[3]
                         net (fo=1, unplaced)         0.000    28.777    u_soc/u_cpu/gen_dcache.u_dcache/pc_r_reg[12]_i_2_n_0
                         CARRY4 (Prop_carry4_CI_CO[3])
                                                      0.117    28.894 r  u_soc/u_cpu/gen_dcache.u_dcache/pc_r_reg[16]_i_2/CO[3]
                         net (fo=1, unplaced)         0.000    28.894    u_soc/u_cpu/gen_dcache.u_dcache/pc_r_reg[16]_i_2_n_0
                         CARRY4 (Prop_carry4_CI_CO[3])
                                                      0.117    29.011 r  u_soc/u_cpu/gen_dcache.u_dcache/pc_r_reg[20]_i_2/CO[3]
                         net (fo=1, unplaced)         0.000    29.011    u_soc/u_cpu/gen_dcache.u_dcache/pc_r_reg[20]_i_2_n_0
                         CARRY4 (Prop_carry4_CI_CO[3])
                                                      0.117    29.128 r  u_soc/u_cpu/gen_dcache.u_dcache/pc_r_reg[24]_i_2/CO[3]
                         net (fo=1, unplaced)         0.000    29.128    u_soc/u_cpu/gen_dcache.u_dcache/pc_r_reg[24]_i_2_n_0
                         CARRY4 (Prop_carry4_CI_O[3])
                                                      0.331    29.459 r  u_soc/u_cpu/gen_dcache.u_dcache/pc_r_reg[28]_i_2/O[3]
                         net (fo=1, unplaced)         0.618    30.077    u_soc/u_cpu/gen_dcache.u_dcache/pc_r1[28]
                         LUT5 (Prop_lut5_I2_O)        0.307    30.384 r  u_soc/u_cpu/gen_dcache.u_dcache/pc_r[28]_i_1/O
                         net (fo=1, unplaced)         0.000    30.384    u_soc/u_cpu/gen_dcache.u_dcache_n_835
                         FDCE                                         r  u_soc/u_cpu/pc_r_reg[28]/D
  -------------------------------------------------------------------    -------------------

                         (clock gen_pynq_clk_50m.clkout0 rise edge)
                                                     20.000    20.000 r  
    H16                                               0.000    20.000 r  CLK100MHZ (IN)
                         net (fo=0)                   0.000    20.000    CLK100MHZ
    H16                  IBUF (Prop_ibuf_I_O)         1.380    21.380 r  CLK100MHZ_IBUF_inst/O
                         net (fo=1, unplaced)         0.439    21.819    CLK100MHZ_IBUF
                         MMCME2_ADV (Prop_mmcme2_adv_CLKIN1_CLKOUT0)
                                                     -5.378    16.442 r  gen_pynq_clk_50m.u_clk_mmcm/CLKOUT0
                         net (fo=1, unplaced)         0.760    17.201    gen_pynq_clk_50m.clkout0
                         BUFG (Prop_bufg_I_O)         0.091    17.292 r  gen_pynq_clk_50m.u_cpu_clk_bufg/O
                         net (fo=3509, unplaced)      0.439    17.731    u_soc/u_cpu/cpu_clk
                         FDCE                                         r  u_soc/u_cpu/pc_r_reg[28]/C
                         clock pessimism              0.530    18.262    
                         clock uncertainty           -0.079    18.183    
                         FDCE (Setup_fdce_C_D)        0.044    18.227    u_soc/u_cpu/pc_r_reg[28]
  -------------------------------------------------------------------
                         required time                         18.227    
                         arrival time                         -30.384    
  -------------------------------------------------------------------
                         slack                                -12.157    





Min Delay Paths
--------------------------------------------------------------------------------------
Slack (MET) :             0.132ns  (arrival time - required time)
  Source:                 u_soc/u_cpu/mem_wb_pc4_r_reg[0]/C
                            (rising edge-triggered cell FDCE clocked by gen_pynq_clk_50m.clkout0  {rise@0.000ns fall@10.000ns period=20.000ns})
  Destination:            u_soc/u_cpu/u_regfile/regs_reg[0][0]/D
                            (rising edge-triggered cell FDCE clocked by gen_pynq_clk_50m.clkout0  {rise@0.000ns fall@10.000ns period=20.000ns})
  Path Group:             gen_pynq_clk_50m.clkout0
  Path Type:              Hold (Min at Fast Process Corner)
  Requirement:            0.000ns  (gen_pynq_clk_50m.clkout0 rise@0.000ns - gen_pynq_clk_50m.clkout0 rise@0.000ns)
  Data Path Delay:        0.376ns  (logic 0.245ns (65.144%)  route 0.131ns (34.856%))
  Logic Levels:           1  (LUT5=1)
  Clock Path Skew:        0.145ns (DCD - SCD - CPR)
    Destination Clock Delay (DCD):    -1.102ns
    Source Clock Delay      (SCD):    -0.966ns
    Clock Pessimism Removal (CPR):    -0.280ns

    Location             Delay type                Incr(ns)  Path(ns)    Netlist Resource(s)
  -------------------------------------------------------------------    -------------------
                         (clock gen_pynq_clk_50m.clkout0 rise edge)
                                                      0.000     0.000 r  
    H16                                               0.000     0.000 r  CLK100MHZ (IN)
                         net (fo=0)                   0.000     0.000    CLK100MHZ
    H16                  IBUF (Prop_ibuf_I_O)         0.219     0.219 r  CLK100MHZ_IBUF_inst/O
                         net (fo=1, unplaced)         0.114     0.333    CLK100MHZ_IBUF
                         MMCME2_ADV (Prop_mmcme2_adv_CLKIN1_CLKOUT0)
                                                     -1.776    -1.443 r  gen_pynq_clk_50m.u_clk_mmcm/CLKOUT0
                         net (fo=1, unplaced)         0.337    -1.106    gen_pynq_clk_50m.clkout0
                         BUFG (Prop_bufg_I_O)         0.026    -1.080 r  gen_pynq_clk_50m.u_cpu_clk_bufg/O
                         net (fo=3509, unplaced)      0.114    -0.966    u_soc/u_cpu/cpu_clk
                         FDCE                                         r  u_soc/u_cpu/mem_wb_pc4_r_reg[0]/C
  -------------------------------------------------------------------    -------------------
                         FDCE (Prop_fdce_C_Q)         0.147    -0.819 r  u_soc/u_cpu/mem_wb_pc4_r_reg[0]/Q
                         net (fo=1, unplaced)         0.131    -0.688    u_soc/u_cpu/u_wb_stage/regs_reg[30][31]_0[0]
                         LUT5 (Prop_lut5_I4_O)        0.098    -0.590 r  u_soc/u_cpu/u_wb_stage/regs[0][0]_i_1/O
                         net (fo=41, unplaced)        0.000    -0.590    u_soc/u_cpu/u_regfile/wb_data[0]
                         FDCE                                         r  u_soc/u_cpu/u_regfile/regs_reg[0][0]/D
  -------------------------------------------------------------------    -------------------

                         (clock gen_pynq_clk_50m.clkout0 rise edge)
                                                      0.000     0.000 r  
    H16                                               0.000     0.000 r  CLK100MHZ (IN)
                         net (fo=0)                   0.000     0.000    CLK100MHZ
    H16                  IBUF (Prop_ibuf_I_O)         0.406     0.406 r  CLK100MHZ_IBUF_inst/O
                         net (fo=1, unplaced)         0.259     0.665    CLK100MHZ_IBUF
                         MMCME2_ADV (Prop_mmcme2_adv_CLKIN1_CLKOUT0)
                                                     -2.410    -1.744 r  gen_pynq_clk_50m.u_clk_mmcm/CLKOUT0
                         net (fo=1, unplaced)         0.355    -1.390    gen_pynq_clk_50m.clkout0
                         BUFG (Prop_bufg_I_O)         0.029    -1.361 r  gen_pynq_clk_50m.u_cpu_clk_bufg/O
                         net (fo=3509, unplaced)      0.259    -1.102    u_soc/u_cpu/u_regfile/cpu_clk
                         FDCE                                         r  u_soc/u_cpu/u_regfile/regs_reg[0][0]/C
                         clock pessimism              0.280    -0.821    
                         FDCE (Hold_fdce_C_D)         0.099    -0.722    u_soc/u_cpu/u_regfile/regs_reg[0][0]
  -------------------------------------------------------------------
                         required time                          0.722    
                         arrival time                          -0.590    
  -------------------------------------------------------------------
                         slack                                  0.132    





Pulse Width Checks
--------------------------------------------------------------------------------------
Clock Name:         gen_pynq_clk_50m.clkout0
Waveform(ns):       { 0.000 10.000 }
Period(ns):         20.000
Sources:            { gen_pynq_clk_50m.u_clk_mmcm/CLKOUT0 }

Check Type        Corner  Lib Pin             Reference Pin  Required(ns)  Actual(ns)  Slack(ns)  Location  Pin
Min Period        n/a     RAMB36E1/CLKARDCLK  n/a            2.944         20.000      17.056               u_soc/u_dmem_ram/g_sync_ram.g_posedge_read.ram_mem_reg_0/CLKARDCLK
Max Period        n/a     MMCME2_ADV/CLKOUT0  n/a            213.360       20.000      193.360              gen_pynq_clk_50m.u_clk_mmcm/CLKOUT0
Low Pulse Width   Slow    RAMD64E/CLK         n/a            1.250         10.000      8.750                u_soc/u_cpu/gen_dcache.u_dcache/cache_data_reg_0_63_0_2/RAMA/CLK
High Pulse Width  Slow    RAMD64E/CLK         n/a            1.250         10.000      8.750                u_soc/u_cpu/gen_dcache.u_dcache/cache_data_reg_0_63_0_2/RAMA/CLK



---------------------------------------------------------------------------------------------------
Path Group:  **async_default**
From Clock:  gen_pynq_clk_50m.clkout0
  To Clock:  gen_pynq_clk_50m.clkout0

Setup :            0  Failing Endpoints,  Worst Slack       15.777ns,  Total Violation        0.000ns
Hold  :            0  Failing Endpoints,  Worst Slack        1.101ns,  Total Violation        0.000ns
---------------------------------------------------------------------------------------------------


Max Delay Paths
--------------------------------------------------------------------------------------
Slack (MET) :             15.777ns  (required time - arrival time)
  Source:                 reset_sync_r_reg[4]/C
                            (rising edge-triggered cell FDCE clocked by gen_pynq_clk_50m.clkout0  {rise@0.000ns fall@10.000ns period=20.000ns})
  Destination:            u_soc/timer_cmp_r_reg[0]/PRE
                            (recovery check against rising-edge clock gen_pynq_clk_50m.clkout0  {rise@0.000ns fall@10.000ns period=20.000ns})
  Path Group:             **async_default**
  Path Type:              Recovery (Max at Slow Process Corner)
  Requirement:            20.000ns  (gen_pynq_clk_50m.clkout0 rise@20.000ns - gen_pynq_clk_50m.clkout0 rise@0.000ns)
  Data Path Delay:        3.605ns  (logic 1.021ns (28.322%)  route 2.584ns (71.678%))
  Logic Levels:           3  (LUT1=1 LUT4=1 LUT6=1)
  Clock Path Skew:        -0.145ns (DCD - SCD + CPR)
    Destination Clock Delay (DCD):    -2.269ns = ( 17.731 - 20.000 ) 
    Source Clock Delay      (SCD):    -1.593ns
    Clock Pessimism Removal (CPR):    0.530ns
  Clock Uncertainty:      0.079ns  ((TSJ^2 + DJ^2)^1/2) / 2 + PE
    Total System Jitter     (TSJ):    0.071ns
    Discrete Jitter          (DJ):    0.141ns
    Phase Error              (PE):    0.000ns

    Location             Delay type                Incr(ns)  Path(ns)    Netlist Resource(s)
  -------------------------------------------------------------------    -------------------
                         (clock gen_pynq_clk_50m.clkout0 rise edge)
                                                      0.000     0.000 r  
    H16                                               0.000     0.000 r  CLK100MHZ (IN)
                         net (fo=0)                   0.000     0.000    CLK100MHZ
    H16                  IBUF (Prop_ibuf_I_O)         1.451     1.451 r  CLK100MHZ_IBUF_inst/O
                         net (fo=1, unplaced)         0.584     2.035    CLK100MHZ_IBUF
                         MMCME2_ADV (Prop_mmcme2_adv_CLKIN1_CLKOUT0)
                                                     -5.113    -3.078 r  gen_pynq_clk_50m.u_clk_mmcm/CLKOUT0
                         net (fo=1, unplaced)         0.800    -2.278    gen_pynq_clk_50m.clkout0
                         BUFG (Prop_bufg_I_O)         0.101    -2.177 r  gen_pynq_clk_50m.u_cpu_clk_bufg/O
                         net (fo=3509, unplaced)      0.584    -1.593    cpu_clk
                         FDCE                                         r  reset_sync_r_reg[4]/C
  -------------------------------------------------------------------    -------------------
                         FDCE (Prop_fdce_C_Q)         0.478    -1.115 r  reset_sync_r_reg[4]/Q
                         net (fo=2, unplaced)         0.752    -0.363    u_soc/u_cpu/u_regfile/led_OBUF[0]_inst_i_1_0[4]
                         LUT4 (Prop_lut4_I1_O)        0.295    -0.068 f  u_soc/u_cpu/u_regfile/led_OBUF[0]_inst_i_2/O
                         net (fo=1, unplaced)         0.449     0.381    u_soc/u_cpu/u_regfile/led_OBUF[0]_inst_i_2_n_0
                         LUT6 (Prop_lut6_I0_O)        0.124     0.505 r  u_soc/u_cpu/u_regfile/led_OBUF[0]_inst_i_1/O
                         net (fo=3, unplaced)         0.467     0.972    u_soc/u_cpu/led_OBUF[0]
                         LUT1 (Prop_lut1_I0_O)        0.124     1.096 f  u_soc/u_cpu/regs[0][31]_i_3/O
                         net (fo=2471, unplaced)      0.916     2.012    u_soc/reset_sync_r_reg[1]
                         FDPE                                         f  u_soc/timer_cmp_r_reg[0]/PRE
  -------------------------------------------------------------------    -------------------

                         (clock gen_pynq_clk_50m.clkout0 rise edge)
                                                     20.000    20.000 r  
    H16                                               0.000    20.000 r  CLK100MHZ (IN)
                         net (fo=0)                   0.000    20.000    CLK100MHZ
    H16                  IBUF (Prop_ibuf_I_O)         1.380    21.380 r  CLK100MHZ_IBUF_inst/O
                         net (fo=1, unplaced)         0.439    21.819    CLK100MHZ_IBUF
                         MMCME2_ADV (Prop_mmcme2_adv_CLKIN1_CLKOUT0)
                                                     -5.378    16.442 r  gen_pynq_clk_50m.u_clk_mmcm/CLKOUT0
                         net (fo=1, unplaced)         0.760    17.201    gen_pynq_clk_50m.clkout0
                         BUFG (Prop_bufg_I_O)         0.091    17.292 r  gen_pynq_clk_50m.u_cpu_clk_bufg/O
                         net (fo=3509, unplaced)      0.439    17.731    u_soc/cpu_clk
                         FDPE                                         r  u_soc/timer_cmp_r_reg[0]/C
                         clock pessimism              0.530    18.262    
                         clock uncertainty           -0.079    18.183    
                         FDPE (Recov_fdpe_C_PRE)     -0.394    17.789    u_soc/timer_cmp_r_reg[0]
  -------------------------------------------------------------------
                         required time                         17.789    
                         arrival time                          -2.012    
  -------------------------------------------------------------------
                         slack                                 15.777    





Min Delay Paths
--------------------------------------------------------------------------------------
Slack (MET) :             1.101ns  (arrival time - required time)
  Source:                 reset_sync_r_reg[3]/C
                            (rising edge-triggered cell FDCE clocked by gen_pynq_clk_50m.clkout0  {rise@0.000ns fall@10.000ns period=20.000ns})
  Destination:            u_soc/done_value_r_reg[0]/CLR
                            (removal check against rising-edge clock gen_pynq_clk_50m.clkout0  {rise@0.000ns fall@10.000ns period=20.000ns})
  Path Group:             **async_default**
  Path Type:              Removal (Min at Fast Process Corner)
  Requirement:            0.000ns  (gen_pynq_clk_50m.clkout0 rise@0.000ns - gen_pynq_clk_50m.clkout0 rise@0.000ns)
  Data Path Delay:        1.158ns  (logic 0.290ns (25.036%)  route 0.868ns (74.964%))
  Logic Levels:           2  (LUT1=1 LUT6=1)
  Clock Path Skew:        0.145ns (DCD - SCD - CPR)
    Destination Clock Delay (DCD):    -1.102ns
    Source Clock Delay      (SCD):    -0.966ns
    Clock Pessimism Removal (CPR):    -0.280ns

    Location             Delay type                Incr(ns)  Path(ns)    Netlist Resource(s)
  -------------------------------------------------------------------    -------------------
                         (clock gen_pynq_clk_50m.clkout0 rise edge)
                                                      0.000     0.000 r  
    H16                                               0.000     0.000 r  CLK100MHZ (IN)
                         net (fo=0)                   0.000     0.000    CLK100MHZ
    H16                  IBUF (Prop_ibuf_I_O)         0.219     0.219 r  CLK100MHZ_IBUF_inst/O
                         net (fo=1, unplaced)         0.114     0.333    CLK100MHZ_IBUF
                         MMCME2_ADV (Prop_mmcme2_adv_CLKIN1_CLKOUT0)
                                                     -1.776    -1.443 r  gen_pynq_clk_50m.u_clk_mmcm/CLKOUT0
                         net (fo=1, unplaced)         0.337    -1.106    gen_pynq_clk_50m.clkout0
                         BUFG (Prop_bufg_I_O)         0.026    -1.080 r  gen_pynq_clk_50m.u_cpu_clk_bufg/O
                         net (fo=3509, unplaced)      0.114    -0.966    cpu_clk
                         FDCE                                         r  reset_sync_r_reg[3]/C
  -------------------------------------------------------------------    -------------------
                         FDCE (Prop_fdce_C_Q)         0.147    -0.819 r  reset_sync_r_reg[3]/Q
                         net (fo=2, unplaced)         0.285    -0.534    u_soc/u_cpu/u_regfile/led_OBUF[0]_inst_i_1_0[3]
                         LUT6 (Prop_lut6_I3_O)        0.098    -0.436 r  u_soc/u_cpu/u_regfile/led_OBUF[0]_inst_i_1/O
                         net (fo=3, unplaced)         0.197    -0.239    u_soc/u_cpu/led_OBUF[0]
                         LUT1 (Prop_lut1_I0_O)        0.045    -0.194 f  u_soc/u_cpu/regs[0][31]_i_3/O
                         net (fo=2471, unplaced)      0.386     0.192    u_soc/reset_sync_r_reg[1]
                         FDCE                                         f  u_soc/done_value_r_reg[0]/CLR
  -------------------------------------------------------------------    -------------------

                         (clock gen_pynq_clk_50m.clkout0 rise edge)
                                                      0.000     0.000 r  
    H16                                               0.000     0.000 r  CLK100MHZ (IN)
                         net (fo=0)                   0.000     0.000    CLK100MHZ
    H16                  IBUF (Prop_ibuf_I_O)         0.406     0.406 r  CLK100MHZ_IBUF_inst/O
                         net (fo=1, unplaced)         0.259     0.665    CLK100MHZ_IBUF
                         MMCME2_ADV (Prop_mmcme2_adv_CLKIN1_CLKOUT0)
                                                     -2.410    -1.744 r  gen_pynq_clk_50m.u_clk_mmcm/CLKOUT0
                         net (fo=1, unplaced)         0.355    -1.390    gen_pynq_clk_50m.clkout0
                         BUFG (Prop_bufg_I_O)         0.029    -1.361 r  gen_pynq_clk_50m.u_cpu_clk_bufg/O
                         net (fo=3509, unplaced)      0.259    -1.102    u_soc/cpu_clk
                         FDCE                                         r  u_soc/done_value_r_reg[0]/C
                         clock pessimism              0.280    -0.821    
                         FDCE (Remov_fdce_C_CLR)     -0.088    -0.909    u_soc/done_value_r_reg[0]
  -------------------------------------------------------------------
                         required time                          0.909    
                         arrival time                           0.192    
  -------------------------------------------------------------------
                         slack                                  1.101    





