Copyright 1986-2022 Xilinx, Inc. All Rights Reserved. Copyright 2022-2025 Advanced Micro Devices, Inc. All Rights Reserved.
---------------------------------------------------------------------------------------------------------------------------------------------
| Tool Version : Vivado v.2025.2 (win64) Build 6299465 Fri Nov 14 19:35:11 GMT 2025
| Date         : Sun May 10 22:10:19 2026
| Host         : Toylog_desktop running 64-bit major release  (build 9200)
| Command      : report_timing_summary -file V:/project/reports/pynq_z2_sysclk_8p000ns_cpu50/impl_timing_summary.rpt
| Design       : YH_rv_cpu_fpga_top
| Device       : 7z020-clg400
| Speed File   : -1  PRODUCTION 1.12 2019-11-22
| Design State : Physopt postRoute
---------------------------------------------------------------------------------------------------------------------------------------------

Timing Summary Report

------------------------------------------------------------------------------------------------
| Timer Settings
| --------------
------------------------------------------------------------------------------------------------

  Enable Multi Corner Analysis               :  Yes
  Enable Pessimism Removal                   :  Yes
  Pessimism Removal Resolution               :  Nearest Common Node
  Enable Input Delay Default Clock           :  No
  Enable Preset / Clear Arcs                 :  No
  Disable Flight Delays                      :  No
  Ignore I/O Paths                           :  No
  Timing Early Launch at Borrowing Latches   :  No
  Borrow Time for Max Delay Exceptions       :  Yes
  Merge Timing Exceptions                    :  Yes
  Inter-SLR Compensation                     :  Conservative

  Corner  Analyze    Analyze    
  Name    Max Paths  Min Paths  
  ------  ---------  ---------  
  Slow    Yes        Yes        
  Fast    Yes        Yes        


------------------------------------------------------------------------------------------------
| Report Methodology
| ------------------
------------------------------------------------------------------------------------------------

No report available as report_methodology has not been run prior. Run report_methodology on the current design for the summary of methodology violations.



check_timing report

Table of Contents
-----------------
1. checking no_clock (0)
2. checking constant_clock (0)
3. checking pulse_width_clock (0)
4. checking unconstrained_internal_endpoints (0)
5. checking no_input_delay (1)
6. checking no_output_delay (4)
7. checking multiple_clock (0)
8. checking generated_clocks (0)
9. checking loops (0)
10. checking partial_input_delay (0)
11. checking partial_output_delay (0)
12. checking latch_loops (0)

1. checking no_clock (0)
------------------------
 There are 0 register/latch pins with no clock.


2. checking constant_clock (0)
------------------------------
 There are 0 register/latch pins with constant_clock.


3. checking pulse_width_clock (0)
---------------------------------
 There are 0 register/latch pins which need pulse_width check


4. checking unconstrained_internal_endpoints (0)
------------------------------------------------
 There are 0 pins that are not constrained for maximum delay.

 There are 0 pins that are not constrained for maximum delay due to constant clock.


5. checking no_input_delay (1)
------------------------------
 There is 1 input port with no input delay specified. (HIGH)

 There are 0 input ports with no input delay but user has a false path constraint.


6. checking no_output_delay (4)
-------------------------------
 There are 4 ports with no output delay specified. (HIGH)

 There are 0 ports with no output delay but user has a false path constraint

 There are 0 ports with no output delay but with a timing clock defined on it or propagating through it


7. checking multiple_clock (0)
------------------------------
 There are 0 register/latch pins with multiple clocks.


8. checking generated_clocks (0)
--------------------------------
 There are 0 generated clocks that are not connected to a clock source.


9. checking loops (0)
---------------------
 There are 0 combinational loops in the design.


10. checking partial_input_delay (0)
------------------------------------
 There are 0 input ports with partial input delay specified.


11. checking partial_output_delay (0)
-------------------------------------
 There are 0 ports with partial output delay specified.


12. checking latch_loops (0)
----------------------------
 There are 0 combinational latch loops in the design through latch input



------------------------------------------------------------------------------------------------
| Design Timing Summary
| ---------------------
------------------------------------------------------------------------------------------------

    WNS(ns)      TNS(ns)  TNS Failing Endpoints  TNS Total Endpoints      WHS(ns)      THS(ns)  THS Failing Endpoints  THS Total Endpoints     WPWS(ns)     TPWS(ns)  TPWS Failing Endpoints  TPWS Total Endpoints  
    -------      -------  ---------------------  -------------------      -------      -------  ---------------------  -------------------     --------     --------  ----------------------  --------------------  
      0.147        0.000                      0                 8118        0.086        0.000                      0                 8118        2.000        0.000                       0                  2496  


All user specified timing constraints are met.


------------------------------------------------------------------------------------------------
| Clock Summary
| -------------
------------------------------------------------------------------------------------------------

Clock                       Waveform(ns)         Period(ns)      Frequency(MHz)
-----                       ------------         ----------      --------------
pynq_sys_clk                {0.000 4.000}        8.000           125.000         
  gen_pynq_clk_50m.clkfb    {0.000 4.000}        8.000           125.000         
  gen_pynq_clk_50m.clkout0  {0.000 10.000}       20.000          50.000          


------------------------------------------------------------------------------------------------
| Intra Clock Table
| -----------------
------------------------------------------------------------------------------------------------

Clock                           WNS(ns)      TNS(ns)  TNS Failing Endpoints  TNS Total Endpoints      WHS(ns)      THS(ns)  THS Failing Endpoints  THS Total Endpoints     WPWS(ns)     TPWS(ns)  TPWS Failing Endpoints  TPWS Total Endpoints  
-----                           -------      -------  ---------------------  -------------------      -------      -------  ---------------------  -------------------     --------     --------  ----------------------  --------------------  
pynq_sys_clk                                                                                                                                                                  2.000        0.000                       0                     1  
  gen_pynq_clk_50m.clkfb                                                                                                                                                      5.845        0.000                       0                     3  
  gen_pynq_clk_50m.clkout0        0.147        0.000                      0                 5701        0.086        0.000                      0                 5701        9.500        0.000                       0                  2492  


------------------------------------------------------------------------------------------------
| Inter Clock Table
| -----------------
------------------------------------------------------------------------------------------------

From Clock    To Clock          WNS(ns)      TNS(ns)  TNS Failing Endpoints  TNS Total Endpoints      WHS(ns)      THS(ns)  THS Failing Endpoints  THS Total Endpoints  
----------    --------          -------      -------  ---------------------  -------------------      -------      -------  ---------------------  -------------------  


------------------------------------------------------------------------------------------------
| Other Path Groups Table
| -----------------------
------------------------------------------------------------------------------------------------

Path Group                From Clock                To Clock                      WNS(ns)      TNS(ns)  TNS Failing Endpoints  TNS Total Endpoints      WHS(ns)      THS(ns)  THS Failing Endpoints  THS Total Endpoints  
----------                ----------                --------                      -------      -------  ---------------------  -------------------      -------      -------  ---------------------  -------------------  
**async_default**         gen_pynq_clk_50m.clkout0  gen_pynq_clk_50m.clkout0        6.584        0.000                      0                 2417        0.698        0.000                      0                 2417  


------------------------------------------------------------------------------------------------
| Timing Details
| --------------
------------------------------------------------------------------------------------------------


---------------------------------------------------------------------------------------------------
From Clock:  pynq_sys_clk
  To Clock:  pynq_sys_clk

Setup :           NA  Failing Endpoints,  Worst Slack           NA  ,  Total Violation           NA
Hold  :           NA  Failing Endpoints,  Worst Slack           NA  ,  Total Violation           NA
PW    :            0  Failing Endpoints,  Worst Slack        2.000ns,  Total Violation        0.000ns
---------------------------------------------------------------------------------------------------


Pulse Width Checks
--------------------------------------------------------------------------------------
Clock Name:         pynq_sys_clk
Waveform(ns):       { 0.000 4.000 }
Period(ns):         8.000
Sources:            { CLK100MHZ }

Check Type        Corner  Lib Pin            Reference Pin  Required(ns)  Actual(ns)  Slack(ns)  Location         Pin
Min Period        n/a     MMCME2_ADV/CLKIN1  n/a            1.249         8.000       6.751      MMCME2_ADV_X1Y2  gen_pynq_clk_50m.u_clk_mmcm/CLKIN1
Max Period        n/a     MMCME2_ADV/CLKIN1  n/a            100.000       8.000       92.000     MMCME2_ADV_X1Y2  gen_pynq_clk_50m.u_clk_mmcm/CLKIN1
Low Pulse Width   Slow    MMCME2_ADV/CLKIN1  n/a            2.000         4.000       2.000      MMCME2_ADV_X1Y2  gen_pynq_clk_50m.u_clk_mmcm/CLKIN1
High Pulse Width  Slow    MMCME2_ADV/CLKIN1  n/a            2.000         4.000       2.000      MMCME2_ADV_X1Y2  gen_pynq_clk_50m.u_clk_mmcm/CLKIN1



---------------------------------------------------------------------------------------------------
From Clock:  gen_pynq_clk_50m.clkfb
  To Clock:  gen_pynq_clk_50m.clkfb

Setup :           NA  Failing Endpoints,  Worst Slack           NA  ,  Total Violation           NA
Hold  :           NA  Failing Endpoints,  Worst Slack           NA  ,  Total Violation           NA
PW    :            0  Failing Endpoints,  Worst Slack        5.845ns,  Total Violation        0.000ns
---------------------------------------------------------------------------------------------------


Pulse Width Checks
--------------------------------------------------------------------------------------
Clock Name:         gen_pynq_clk_50m.clkfb
Waveform(ns):       { 0.000 4.000 }
Period(ns):         8.000
Sources:            { gen_pynq_clk_50m.u_clk_mmcm/CLKFBOUT }

Check Type  Corner  Lib Pin             Reference Pin  Required(ns)  Actual(ns)  Slack(ns)  Location         Pin
Min Period  n/a     BUFG/I              n/a            2.155         8.000       5.845      BUFGCTRL_X0Y17   gen_pynq_clk_50m.u_clkfb_bufg/I
Max Period  n/a     MMCME2_ADV/CLKFBIN  n/a            100.000       8.000       92.000     MMCME2_ADV_X1Y2  gen_pynq_clk_50m.u_clk_mmcm/CLKFBIN



---------------------------------------------------------------------------------------------------
From Clock:  gen_pynq_clk_50m.clkout0
  To Clock:  gen_pynq_clk_50m.clkout0

Setup :            0  Failing Endpoints,  Worst Slack        0.147ns,  Total Violation        0.000ns
Hold  :            0  Failing Endpoints,  Worst Slack        0.086ns,  Total Violation        0.000ns
PW    :            0  Failing Endpoints,  Worst Slack        9.500ns,  Total Violation        0.000ns
---------------------------------------------------------------------------------------------------


Max Delay Paths
--------------------------------------------------------------------------------------
Slack (MET) :             0.147ns  (required time - arrival time)
  Source:                 u_soc/u_cpu/id_ex_rs2_addr_r_reg[0]/C
                            (rising edge-triggered cell FDCE clocked by gen_pynq_clk_50m.clkout0  {rise@0.000ns fall@10.000ns period=20.000ns})
  Destination:            u_soc/g_shared_sync_rom.u_sync_rom/imem_rvalid_r_reg/D
                            (rising edge-triggered cell FDRE clocked by gen_pynq_clk_50m.clkout0  {rise@0.000ns fall@10.000ns period=20.000ns})
  Path Group:             gen_pynq_clk_50m.clkout0
  Path Type:              Setup (Max at Slow Process Corner)
  Requirement:            20.000ns  (gen_pynq_clk_50m.clkout0 rise@20.000ns - gen_pynq_clk_50m.clkout0 rise@0.000ns)
  Data Path Delay:        19.585ns  (logic 6.157ns (31.438%)  route 13.428ns (68.562%))
  Logic Levels:           26  (CARRY4=8 LUT2=1 LUT3=3 LUT4=1 LUT5=6 LUT6=7)
  Clock Path Skew:        -0.219ns (DCD - SCD + CPR)
    Destination Clock Delay (DCD):    -1.680ns = ( 18.320 - 20.000 ) 
    Source Clock Delay      (SCD):    -0.995ns
    Clock Pessimism Removal (CPR):    0.466ns
  Clock Uncertainty:      0.079ns  ((TSJ^2 + DJ^2)^1/2) / 2 + PE
    Total System Jitter     (TSJ):    0.071ns
    Discrete Jitter          (DJ):    0.141ns
    Phase Error              (PE):    0.000ns

    Location             Delay type                Incr(ns)  Path(ns)    Netlist Resource(s)
  -------------------------------------------------------------------    -------------------
                         (clock gen_pynq_clk_50m.clkout0 rise edge)
                                                      0.000     0.000 r  
    H16                                               0.000     0.000 r  CLK100MHZ (IN)
                         net (fo=0)                   0.000     0.000    CLK100MHZ
    H16                  IBUF (Prop_ibuf_I_O)         1.451     1.451 r  CLK100MHZ_IBUF_inst/O
                         net (fo=1, routed)           1.285     2.736    CLK100MHZ_IBUF
    MMCME2_ADV_X1Y2      MMCME2_ADV (Prop_mmcme2_adv_CLKIN1_CLKOUT0)
                                                     -7.759    -5.023 r  gen_pynq_clk_50m.u_clk_mmcm/CLKOUT0
                         net (fo=1, routed)           2.206    -2.817    gen_pynq_clk_50m.clkout0
    BUFGCTRL_X0Y16       BUFG (Prop_bufg_I_O)         0.101    -2.716 r  gen_pynq_clk_50m.u_cpu_clk_bufg/O
                         net (fo=2490, routed)        1.721    -0.995    u_soc/u_cpu/cpu_clk
    SLICE_X76Y21         FDCE                                         r  u_soc/u_cpu/id_ex_rs2_addr_r_reg[0]/C
  -------------------------------------------------------------------    -------------------
    SLICE_X76Y21         FDCE (Prop_fdce_C_Q)         0.419    -0.576 r  u_soc/u_cpu/id_ex_rs2_addr_r_reg[0]/Q
                         net (fo=4, routed)           1.127     0.551    u_soc/u_cpu/u_ex_stage/u_alu/gen_mul_extension.mul_signed_i_142_1[0]
    SLICE_X82Y21         LUT6 (Prop_lut6_I1_O)        0.297     0.848 f  u_soc/u_cpu/u_ex_stage/u_alu/gen_mul_extension.mul_signed_i_168/O
                         net (fo=1, routed)           0.593     1.441    u_soc/u_cpu/u_ex_stage/u_alu/gen_mul_extension.mul_signed_i_168_n_0
    SLICE_X81Y20         LUT6 (Prop_lut6_I3_O)        0.124     1.565 r  u_soc/u_cpu/u_ex_stage/u_alu/gen_mul_extension.mul_signed_i_137/O
                         net (fo=1, routed)           0.294     1.859    u_soc/u_cpu/u_ex_stage/u_alu/gen_mul_extension.mul_signed_i_137_n_0
    SLICE_X81Y21         LUT3 (Prop_lut3_I0_O)        0.124     1.983 r  u_soc/u_cpu/u_ex_stage/u_alu/gen_mul_extension.mul_signed_i_90/O
                         net (fo=33, routed)          0.913     2.896    u_soc/u_cpu/u_ex_stage/u_alu/id_ex_rs2_en_r_reg_0
    SLICE_X83Y18         LUT5 (Prop_lut5_I1_O)        0.124     3.020 r  u_soc/u_cpu/u_ex_stage/u_alu/gen_mul_extension.mul_signed_i_60/O
                         net (fo=9, routed)           0.935     3.955    u_soc/u_cpu/ex_rs2_forwarded[4]
    SLICE_X77Y17         LUT3 (Prop_lut3_I2_O)        0.150     4.105 r  u_soc/u_cpu/ex_mem_mem_addr_r[7]_i_13/O
                         net (fo=2, routed)           0.641     4.746    u_soc/u_cpu/ex_mem_mem_addr_r[7]_i_13_n_0
    SLICE_X76Y17         LUT5 (Prop_lut5_I0_O)        0.326     5.072 r  u_soc/u_cpu/ex_mem_mem_addr_r[7]_i_9/O
                         net (fo=1, routed)           0.449     5.521    u_soc/u_cpu/ex_mem_mem_addr_r[7]_i_9_n_0
    SLICE_X74Y16         LUT5 (Prop_lut5_I0_O)        0.124     5.645 r  u_soc/u_cpu/ex_mem_mem_addr_r[7]_i_5/O
                         net (fo=1, routed)           0.000     5.645    u_soc/u_cpu/ex_mem_mem_addr_r[7]_i_5_n_0
    SLICE_X74Y16         CARRY4 (Prop_carry4_S[1]_CO[3])
                                                      0.550     6.195 r  u_soc/u_cpu/ex_mem_mem_addr_r_reg[7]_i_1/CO[3]
                         net (fo=1, routed)           0.000     6.195    u_soc/u_cpu/ex_mem_mem_addr_r_reg[7]_i_1_n_0
    SLICE_X74Y17         CARRY4 (Prop_carry4_CI_CO[3])
                                                      0.114     6.309 r  u_soc/u_cpu/ex_mem_mem_addr_r_reg[11]_i_1/CO[3]
                         net (fo=1, routed)           0.000     6.309    u_soc/u_cpu/ex_mem_mem_addr_r_reg[11]_i_1_n_0
    SLICE_X74Y18         CARRY4 (Prop_carry4_CI_CO[3])
                                                      0.114     6.423 r  u_soc/u_cpu/ex_mem_mem_addr_r_reg[15]_i_1/CO[3]
                         net (fo=1, routed)           0.000     6.423    u_soc/u_cpu/ex_mem_mem_addr_r_reg[15]_i_1_n_0
    SLICE_X74Y19         CARRY4 (Prop_carry4_CI_CO[3])
                                                      0.114     6.537 r  u_soc/u_cpu/ex_mem_mem_addr_r_reg[19]_i_1/CO[3]
                         net (fo=1, routed)           0.000     6.537    u_soc/u_cpu/ex_mem_mem_addr_r_reg[19]_i_1_n_0
    SLICE_X74Y20         CARRY4 (Prop_carry4_CI_CO[3])
                                                      0.114     6.651 r  u_soc/u_cpu/ex_mem_mem_addr_r_reg[23]_i_1/CO[3]
                         net (fo=1, routed)           0.000     6.651    u_soc/u_cpu/ex_mem_mem_addr_r_reg[23]_i_1_n_0
    SLICE_X74Y21         CARRY4 (Prop_carry4_CI_CO[3])
                                                      0.114     6.765 r  u_soc/u_cpu/ex_mem_mem_addr_r_reg[27]_i_1/CO[3]
                         net (fo=1, routed)           0.000     6.765    u_soc/u_cpu/ex_mem_mem_addr_r_reg[27]_i_1_n_0
    SLICE_X74Y22         CARRY4 (Prop_carry4_CI_O[1])
                                                      0.348     7.113 r  u_soc/u_cpu/ex_mem_mem_addr_r_reg[31]_i_1/O[1]
                         net (fo=3, routed)           0.432     7.545    u_soc/u_cpu/ex_mem_addr[29]
    SLICE_X72Y23         LUT4 (Prop_lut4_I0_O)        0.303     7.848 r  u_soc/u_cpu/pc_r[29]_i_4/O
                         net (fo=4, routed)           1.162     9.010    u_soc/u_cpu/ex_redirect_pc[29]
    SLICE_X54Y19         LUT6 (Prop_lut6_I1_O)        0.124     9.134 r  u_soc/u_cpu/fetch_buf0_valid_r_bret__0_i_14/O
                         net (fo=1, routed)           0.000     9.134    u_soc/u_cpu/fetch_buf0_valid_r_bret__0_i_14_n_0
    SLICE_X54Y19         CARRY4 (Prop_carry4_S[1]_CO[2])
                                                      0.574     9.708 r  u_soc/u_cpu/fetch_buf0_valid_r_reg_bret__0_i_6/CO[2]
                         net (fo=1, routed)           0.587    10.295    u_soc/u_cpu/ex_branch_predict_hit_valid0
    SLICE_X55Y16         LUT6 (Prop_lut6_I1_O)        0.310    10.605 f  u_soc/u_cpu/fetch_buf0_valid_r_bret__0_i_3/O
                         net (fo=9, routed)           0.599    11.205    u_soc/u_cpu/fetch_buf0_valid_r_bret__0_i_3_n_0
    SLICE_X55Y14         LUT5 (Prop_lut5_I1_O)        0.150    11.355 f  u_soc/u_cpu/ex_decode_flush_valid_inst_i_1/O
                         net (fo=12, routed)          0.329    11.684    u_soc/u_cpu/ex_decode_flush_valid_inst_i_1_n_0
    SLICE_X55Y14         LUT3 (Prop_lut3_I1_O)        0.332    12.016 f  u_soc/u_cpu/ex_decode_flush_valid_inst_i_9/O
                         net (fo=3, routed)           0.449    12.465    u_soc/u_cpu/ex_decode_flush_valid_inst_i_9_n_0
    SLICE_X58Y14         LUT5 (Prop_lut5_I0_O)        0.124    12.589 f  u_soc/u_cpu/ex_decode_flush_valid_inst_i_4/O
                         net (fo=4, routed)           0.667    13.256    u_soc/u_cpu/ex_decode_flush_valid_inst_i_4_n_0
    SLICE_X59Y14         LUT5 (Prop_lut5_I0_O)        0.150    13.406 r  u_soc/u_cpu/imem_rdata_r_reg_0_i_50/O
                         net (fo=2, routed)           1.112    14.518    u_soc/u_cpu/u_regfile/fetch_pc_r_reg[6]
    SLICE_X59Y14         LUT6 (Prop_lut6_I0_O)        0.326    14.844 r  u_soc/u_cpu/u_regfile/imem_rdata_r_reg_0_i_18/O
                         net (fo=100, routed)         1.418    16.262    u_soc/u_cpu/u_regfile/if_id_instruction_r_reg[31]
    SLICE_X47Y18         LUT2 (Prop_lut2_I0_O)        0.152    16.414 r  u_soc/u_cpu/u_regfile/imem_rvalid_r_i_10/O
                         net (fo=1, routed)           0.851    17.265    u_soc/u_cpu/u_regfile/imem_rvalid_r_i_10_n_0
    SLICE_X47Y18         LUT6 (Prop_lut6_I1_O)        0.332    17.597 r  u_soc/u_cpu/u_regfile/imem_rvalid_r_i_7/O
                         net (fo=1, routed)           0.868    18.465    u_soc/u_cpu/u_regfile/imem_rvalid_r_i_7_n_0
    SLICE_X43Y16         LUT6 (Prop_lut6_I5_O)        0.124    18.589 r  u_soc/u_cpu/u_regfile/imem_rvalid_r_i_1/O
                         net (fo=1, routed)           0.000    18.589    u_soc/g_shared_sync_rom.u_sync_rom/imem_rvalid_r_reg_0
    SLICE_X43Y16         FDRE                                         r  u_soc/g_shared_sync_rom.u_sync_rom/imem_rvalid_r_reg/D
  -------------------------------------------------------------------    -------------------

                         (clock gen_pynq_clk_50m.clkout0 rise edge)
                                                     20.000    20.000 r  
    H16                                               0.000    20.000 r  CLK100MHZ (IN)
                         net (fo=0)                   0.000    20.000    CLK100MHZ
    H16                  IBUF (Prop_ibuf_I_O)         1.380    21.380 r  CLK100MHZ_IBUF_inst/O
                         net (fo=1, routed)           1.162    22.542    CLK100MHZ_IBUF
    MMCME2_ADV_X1Y2      MMCME2_ADV (Prop_mmcme2_adv_CLKIN1_CLKOUT0)
                                                     -7.814    14.728 r  gen_pynq_clk_50m.u_clk_mmcm/CLKOUT0
                         net (fo=1, routed)           2.012    16.740    gen_pynq_clk_50m.clkout0
    BUFGCTRL_X0Y16       BUFG (Prop_bufg_I_O)         0.091    16.831 r  gen_pynq_clk_50m.u_cpu_clk_bufg/O
                         net (fo=2490, routed)        1.488    18.320    u_soc/g_shared_sync_rom.u_sync_rom/cpu_clk
    SLICE_X43Y16         FDRE                                         r  u_soc/g_shared_sync_rom.u_sync_rom/imem_rvalid_r_reg/C
                         clock pessimism              0.466    18.786    
                         clock uncertainty           -0.079    18.707    
    SLICE_X43Y16         FDRE (Setup_fdre_C_D)        0.029    18.736    u_soc/g_shared_sync_rom.u_sync_rom/imem_rvalid_r_reg
  -------------------------------------------------------------------
                         required time                         18.736    
                         arrival time                         -18.589    
  -------------------------------------------------------------------
                         slack                                  0.147    





Min Delay Paths
--------------------------------------------------------------------------------------
Slack (MET) :             0.086ns  (arrival time - required time)
  Source:                 u_soc/u_cpu/csr_mtvec_r_reg[11]/C
                            (rising edge-triggered cell FDCE clocked by gen_pynq_clk_50m.clkout0  {rise@0.000ns fall@10.000ns period=20.000ns})
  Destination:            u_soc/u_cpu/pc_r_reg[11]/D
                            (rising edge-triggered cell FDCE clocked by gen_pynq_clk_50m.clkout0  {rise@0.000ns fall@10.000ns period=20.000ns})
  Path Group:             gen_pynq_clk_50m.clkout0
  Path Type:              Hold (Min at Fast Process Corner)
  Requirement:            0.000ns  (gen_pynq_clk_50m.clkout0 rise@0.000ns - gen_pynq_clk_50m.clkout0 rise@0.000ns)
  Data Path Delay:        0.436ns  (logic 0.186ns (42.676%)  route 0.250ns (57.324%))
  Logic Levels:           1  (LUT5=1)
  Clock Path Skew:        0.258ns (DCD - SCD - CPR)
    Destination Clock Delay (DCD):    -0.920ns
    Source Clock Delay      (SCD):    -0.675ns
    Clock Pessimism Removal (CPR):    -0.504ns

    Location             Delay type                Incr(ns)  Path(ns)    Netlist Resource(s)
  -------------------------------------------------------------------    -------------------
                         (clock gen_pynq_clk_50m.clkout0 rise edge)
                                                      0.000     0.000 r  
    H16                                               0.000     0.000 r  CLK100MHZ (IN)
                         net (fo=0)                   0.000     0.000    CLK100MHZ
    H16                  IBUF (Prop_ibuf_I_O)         0.219     0.219 r  CLK100MHZ_IBUF_inst/O
                         net (fo=1, routed)           0.440     0.659    CLK100MHZ_IBUF
    MMCME2_ADV_X1Y2      MMCME2_ADV (Prop_mmcme2_adv_CLKIN1_CLKOUT0)
                                                     -2.613    -1.954 r  gen_pynq_clk_50m.u_clk_mmcm/CLKOUT0
                         net (fo=1, routed)           0.696    -1.257    gen_pynq_clk_50m.clkout0
    BUFGCTRL_X0Y16       BUFG (Prop_bufg_I_O)         0.026    -1.231 r  gen_pynq_clk_50m.u_cpu_clk_bufg/O
                         net (fo=2490, routed)        0.557    -0.675    u_soc/u_cpu/cpu_clk
    SLICE_X48Y13         FDCE                                         r  u_soc/u_cpu/csr_mtvec_r_reg[11]/C
  -------------------------------------------------------------------    -------------------
    SLICE_X48Y13         FDCE (Prop_fdce_C_Q)         0.141    -0.534 r  u_soc/u_cpu/csr_mtvec_r_reg[11]/Q
                         net (fo=4, routed)           0.250    -0.284    u_soc/u_cpu/u_regfile/pc_r_reg[31]_0[9]
    SLICE_X51Y13         LUT5 (Prop_lut5_I0_O)        0.045    -0.239 r  u_soc/u_cpu/u_regfile/pc_r[11]_i_1/O
                         net (fo=1, routed)           0.000    -0.239    u_soc/u_cpu/u_regfile_n_80
    SLICE_X51Y13         FDCE                                         r  u_soc/u_cpu/pc_r_reg[11]/D
  -------------------------------------------------------------------    -------------------

                         (clock gen_pynq_clk_50m.clkout0 rise edge)
                                                      0.000     0.000 r  
    H16                                               0.000     0.000 r  CLK100MHZ (IN)
                         net (fo=0)                   0.000     0.000    CLK100MHZ
    H16                  IBUF (Prop_ibuf_I_O)         0.406     0.406 r  CLK100MHZ_IBUF_inst/O
                         net (fo=1, routed)           0.480     0.886    CLK100MHZ_IBUF
    MMCME2_ADV_X1Y2      MMCME2_ADV (Prop_mmcme2_adv_CLKIN1_CLKOUT0)
                                                     -3.407    -2.521 r  gen_pynq_clk_50m.u_clk_mmcm/CLKOUT0
                         net (fo=1, routed)           0.752    -1.769    gen_pynq_clk_50m.clkout0
    BUFGCTRL_X0Y16       BUFG (Prop_bufg_I_O)         0.029    -1.740 r  gen_pynq_clk_50m.u_cpu_clk_bufg/O
                         net (fo=2490, routed)        0.820    -0.920    u_soc/u_cpu/cpu_clk
    SLICE_X51Y13         FDCE                                         r  u_soc/u_cpu/pc_r_reg[11]/C
                         clock pessimism              0.504    -0.416    
    SLICE_X51Y13         FDCE (Hold_fdce_C_D)         0.091    -0.325    u_soc/u_cpu/pc_r_reg[11]
  -------------------------------------------------------------------
                         required time                          0.325    
                         arrival time                          -0.239    
  -------------------------------------------------------------------
                         slack                                  0.086    





Pulse Width Checks
--------------------------------------------------------------------------------------
Clock Name:         gen_pynq_clk_50m.clkout0
Waveform(ns):       { 0.000 10.000 }
Period(ns):         20.000
Sources:            { gen_pynq_clk_50m.u_clk_mmcm/CLKOUT0 }

Check Type        Corner  Lib Pin             Reference Pin  Required(ns)  Actual(ns)  Slack(ns)  Location         Pin
Min Period        n/a     RAMB36E1/CLKARDCLK  n/a            2.944         20.000      17.056     RAMB36_X3Y5      u_soc/u_dmem_ram/g_sync_ram.g_posedge_read.ram_mem_reg_0_0/CLKARDCLK
Max Period        n/a     MMCME2_ADV/CLKOUT0  n/a            213.360       20.000      193.360    MMCME2_ADV_X1Y2  gen_pynq_clk_50m.u_clk_mmcm/CLKOUT0
Low Pulse Width   Slow    FDCE/C              n/a            0.500         10.000      9.500      SLICE_X56Y73     reset_sync_r_reg[0]/C
High Pulse Width  Slow    FDCE/C              n/a            0.500         10.000      9.500      SLICE_X56Y73     reset_sync_r_reg[0]/C



---------------------------------------------------------------------------------------------------
Path Group:  **async_default**
From Clock:  gen_pynq_clk_50m.clkout0
  To Clock:  gen_pynq_clk_50m.clkout0

Setup :            0  Failing Endpoints,  Worst Slack        6.584ns,  Total Violation        0.000ns
Hold  :            0  Failing Endpoints,  Worst Slack        0.698ns,  Total Violation        0.000ns
---------------------------------------------------------------------------------------------------


Max Delay Paths
--------------------------------------------------------------------------------------
Slack (MET) :             6.584ns  (required time - arrival time)
  Source:                 reset_sync_r_reg[4]/C
                            (rising edge-triggered cell FDCE clocked by gen_pynq_clk_50m.clkout0  {rise@0.000ns fall@10.000ns period=20.000ns})
  Destination:            u_soc/u_cpu/ex_mem_exec_result_r_reg[28]/CLR
                            (recovery check against rising-edge clock gen_pynq_clk_50m.clkout0  {rise@0.000ns fall@10.000ns period=20.000ns})
  Path Group:             **async_default**
  Path Type:              Recovery (Max at Slow Process Corner)
  Requirement:            20.000ns  (gen_pynq_clk_50m.clkout0 rise@20.000ns - gen_pynq_clk_50m.clkout0 rise@0.000ns)
  Data Path Delay:        12.846ns  (logic 0.704ns (5.480%)  route 12.142ns (94.520%))
  Logic Levels:           2  (LUT4=1 LUT6=1)
  Clock Path Skew:        -0.087ns (DCD - SCD + CPR)
    Destination Clock Delay (DCD):    -1.561ns = ( 18.439 - 20.000 ) 
    Source Clock Delay      (SCD):    -1.022ns
    Clock Pessimism Removal (CPR):    0.452ns
  Clock Uncertainty:      0.079ns  ((TSJ^2 + DJ^2)^1/2) / 2 + PE
    Total System Jitter     (TSJ):    0.071ns
    Discrete Jitter          (DJ):    0.141ns
    Phase Error              (PE):    0.000ns

    Location             Delay type                Incr(ns)  Path(ns)    Netlist Resource(s)
  -------------------------------------------------------------------    -------------------
                         (clock gen_pynq_clk_50m.clkout0 rise edge)
                                                      0.000     0.000 r  
    H16                                               0.000     0.000 r  CLK100MHZ (IN)
                         net (fo=0)                   0.000     0.000    CLK100MHZ
    H16                  IBUF (Prop_ibuf_I_O)         1.451     1.451 r  CLK100MHZ_IBUF_inst/O
                         net (fo=1, routed)           1.285     2.736    CLK100MHZ_IBUF
    MMCME2_ADV_X1Y2      MMCME2_ADV (Prop_mmcme2_adv_CLKIN1_CLKOUT0)
                                                     -7.759    -5.023 r  gen_pynq_clk_50m.u_clk_mmcm/CLKOUT0
                         net (fo=1, routed)           2.206    -2.817    gen_pynq_clk_50m.clkout0
    BUFGCTRL_X0Y16       BUFG (Prop_bufg_I_O)         0.101    -2.716 r  gen_pynq_clk_50m.u_cpu_clk_bufg/O
                         net (fo=2490, routed)        1.694    -1.022    cpu_clk
    SLICE_X57Y73         FDCE                                         r  reset_sync_r_reg[4]/C
  -------------------------------------------------------------------    -------------------
    SLICE_X57Y73         FDCE (Prop_fdce_C_Q)         0.456    -0.566 r  reset_sync_r_reg[4]/Q
                         net (fo=2, routed)           0.668     0.102    u_soc/u_cpu/u_regfile/Q[4]
    SLICE_X57Y73         LUT4 (Prop_lut4_I1_O)        0.124     0.226 f  u_soc/u_cpu/u_regfile/led_OBUF[0]_inst_i_2/O
                         net (fo=2, routed)           0.163     0.389    u_soc/u_cpu/u_regfile/reset_sync_r_reg[5]
    SLICE_X57Y73         LUT6 (Prop_lut6_I5_O)        0.124     0.513 f  u_soc/u_cpu/u_regfile/regs[1][31]_i_3/O
                         net (fo=2417, routed)       11.311    11.823    u_soc/u_cpu/gen_pynq_clk_50m.u_clk_mmcm
    SLICE_X97Y25         FDCE                                         f  u_soc/u_cpu/ex_mem_exec_result_r_reg[28]/CLR
  -------------------------------------------------------------------    -------------------

                         (clock gen_pynq_clk_50m.clkout0 rise edge)
                                                     20.000    20.000 r  
    H16                                               0.000    20.000 r  CLK100MHZ (IN)
                         net (fo=0)                   0.000    20.000    CLK100MHZ
    H16                  IBUF (Prop_ibuf_I_O)         1.380    21.380 r  CLK100MHZ_IBUF_inst/O
                         net (fo=1, routed)           1.162    22.542    CLK100MHZ_IBUF
    MMCME2_ADV_X1Y2      MMCME2_ADV (Prop_mmcme2_adv_CLKIN1_CLKOUT0)
                                                     -7.814    14.728 r  gen_pynq_clk_50m.u_clk_mmcm/CLKOUT0
                         net (fo=1, routed)           2.012    16.740    gen_pynq_clk_50m.clkout0
    BUFGCTRL_X0Y16       BUFG (Prop_bufg_I_O)         0.091    16.831 r  gen_pynq_clk_50m.u_cpu_clk_bufg/O
                         net (fo=2490, routed)        1.607    18.439    u_soc/u_cpu/cpu_clk
    SLICE_X97Y25         FDCE                                         r  u_soc/u_cpu/ex_mem_exec_result_r_reg[28]/C
                         clock pessimism              0.452    18.891    
                         clock uncertainty           -0.079    18.812    
    SLICE_X97Y25         FDCE (Recov_fdce_C_CLR)     -0.405    18.407    u_soc/u_cpu/ex_mem_exec_result_r_reg[28]
  -------------------------------------------------------------------
                         required time                         18.407    
                         arrival time                         -11.823    
  -------------------------------------------------------------------
                         slack                                  6.584    





Min Delay Paths
--------------------------------------------------------------------------------------
Slack (MET) :             0.698ns  (arrival time - required time)
  Source:                 reset_sync_r_reg[0]/C
                            (rising edge-triggered cell FDCE clocked by gen_pynq_clk_50m.clkout0  {rise@0.000ns fall@10.000ns period=20.000ns})
  Destination:            u_soc/u_cpu/u_regfile/regs_reg[24][16]/CLR
                            (removal check against rising-edge clock gen_pynq_clk_50m.clkout0  {rise@0.000ns fall@10.000ns period=20.000ns})
  Path Group:             **async_default**
  Path Type:              Removal (Min at Fast Process Corner)
  Requirement:            0.000ns  (gen_pynq_clk_50m.clkout0 rise@0.000ns - gen_pynq_clk_50m.clkout0 rise@0.000ns)
  Data Path Delay:        0.919ns  (logic 0.186ns (20.250%)  route 0.733ns (79.750%))
  Logic Levels:           1  (LUT6=1)
  Clock Path Skew:        0.287ns (DCD - SCD - CPR)
    Destination Clock Delay (DCD):    -0.888ns
    Source Clock Delay      (SCD):    -0.666ns
    Clock Pessimism Removal (CPR):    -0.509ns

    Location             Delay type                Incr(ns)  Path(ns)    Netlist Resource(s)
  -------------------------------------------------------------------    -------------------
                         (clock gen_pynq_clk_50m.clkout0 rise edge)
                                                      0.000     0.000 r  
    H16                                               0.000     0.000 r  CLK100MHZ (IN)
                         net (fo=0)                   0.000     0.000    CLK100MHZ
    H16                  IBUF (Prop_ibuf_I_O)         0.219     0.219 r  CLK100MHZ_IBUF_inst/O
                         net (fo=1, routed)           0.440     0.659    CLK100MHZ_IBUF
    MMCME2_ADV_X1Y2      MMCME2_ADV (Prop_mmcme2_adv_CLKIN1_CLKOUT0)
                                                     -2.613    -1.954 r  gen_pynq_clk_50m.u_clk_mmcm/CLKOUT0
                         net (fo=1, routed)           0.696    -1.257    gen_pynq_clk_50m.clkout0
    BUFGCTRL_X0Y16       BUFG (Prop_bufg_I_O)         0.026    -1.231 r  gen_pynq_clk_50m.u_cpu_clk_bufg/O
                         net (fo=2490, routed)        0.565    -0.666    cpu_clk
    SLICE_X56Y73         FDCE                                         r  reset_sync_r_reg[0]/C
  -------------------------------------------------------------------    -------------------
    SLICE_X56Y73         FDCE (Prop_fdce_C_Q)         0.141    -0.525 r  reset_sync_r_reg[0]/Q
                         net (fo=3, routed)           0.110    -0.415    u_soc/u_cpu/u_regfile/Q[0]
    SLICE_X57Y73         LUT6 (Prop_lut6_I3_O)        0.045    -0.370 f  u_soc/u_cpu/u_regfile/regs[1][31]_i_3/O
                         net (fo=2417, routed)        0.623     0.252    u_soc/u_cpu/u_regfile/gen_pynq_clk_50m.u_clk_mmcm
    SLICE_X58Y46         FDCE                                         f  u_soc/u_cpu/u_regfile/regs_reg[24][16]/CLR
  -------------------------------------------------------------------    -------------------

                         (clock gen_pynq_clk_50m.clkout0 rise edge)
                                                      0.000     0.000 r  
    H16                                               0.000     0.000 r  CLK100MHZ (IN)
                         net (fo=0)                   0.000     0.000    CLK100MHZ
    H16                  IBUF (Prop_ibuf_I_O)         0.406     0.406 r  CLK100MHZ_IBUF_inst/O
                         net (fo=1, routed)           0.480     0.886    CLK100MHZ_IBUF
    MMCME2_ADV_X1Y2      MMCME2_ADV (Prop_mmcme2_adv_CLKIN1_CLKOUT0)
                                                     -3.407    -2.521 r  gen_pynq_clk_50m.u_clk_mmcm/CLKOUT0
                         net (fo=1, routed)           0.752    -1.769    gen_pynq_clk_50m.clkout0
    BUFGCTRL_X0Y16       BUFG (Prop_bufg_I_O)         0.029    -1.740 r  gen_pynq_clk_50m.u_cpu_clk_bufg/O
                         net (fo=2490, routed)        0.852    -0.888    u_soc/u_cpu/u_regfile/cpu_clk
    SLICE_X58Y46         FDCE                                         r  u_soc/u_cpu/u_regfile/regs_reg[24][16]/C
                         clock pessimism              0.509    -0.379    
    SLICE_X58Y46         FDCE (Remov_fdce_C_CLR)     -0.067    -0.446    u_soc/u_cpu/u_regfile/regs_reg[24][16]
  -------------------------------------------------------------------
                         required time                          0.446    
                         arrival time                           0.252    
  -------------------------------------------------------------------
                         slack                                  0.698    





