Copyright 1986-2022 Xilinx, Inc. All Rights Reserved. Copyright 2022-2025 Advanced Micro Devices, Inc. All Rights Reserved.
---------------------------------------------------------------------------------------------------------------------------------------------
| Tool Version : Vivado v.2025.2 (win64) Build 6299465 Fri Nov 14 19:35:11 GMT 2025
| Date         : Sun Jun 14 09:03:05 2026
| Host         : Toylog_desktop running 64-bit major release  (build 9200)
| Command      : report_timing_summary -file V:/project/reports/pynq_z2_sysclk_8p000ns_cpu50/synth_timing_summary.rpt
| Design       : YH_rv_cpu_fpga_top
| Device       : 7z020-clg400
| Speed File   : -1  PRODUCTION 1.12 2019-11-22
| Design State : Synthesized
---------------------------------------------------------------------------------------------------------------------------------------------

Timing Summary Report

------------------------------------------------------------------------------------------------
| Timer Settings
| --------------
------------------------------------------------------------------------------------------------

  Enable Multi Corner Analysis               :  Yes
  Enable Pessimism Removal                   :  Yes
  Pessimism Removal Resolution               :  Nearest Common Node
  Enable Input Delay Default Clock           :  No
  Enable Preset / Clear Arcs                 :  No
  Disable Flight Delays                      :  No
  Ignore I/O Paths                           :  No
  Timing Early Launch at Borrowing Latches   :  No
  Borrow Time for Max Delay Exceptions       :  Yes
  Merge Timing Exceptions                    :  Yes
  Inter-SLR Compensation                     :  Conservative

  Corner  Analyze    Analyze    
  Name    Max Paths  Min Paths  
  ------  ---------  ---------  
  Slow    Yes        Yes        
  Fast    Yes        Yes        


------------------------------------------------------------------------------------------------
| Report Methodology
| ------------------
------------------------------------------------------------------------------------------------

No report available as report_methodology has not been run prior. Run report_methodology on the current design for the summary of methodology violations.



check_timing report

Table of Contents
-----------------
1. checking no_clock (0)
2. checking constant_clock (0)
3. checking pulse_width_clock (0)
4. checking unconstrained_internal_endpoints (0)
5. checking no_input_delay (1)
6. checking no_output_delay (4)
7. checking multiple_clock (0)
8. checking generated_clocks (0)
9. checking loops (0)
10. checking partial_input_delay (0)
11. checking partial_output_delay (0)
12. checking latch_loops (0)

1. checking no_clock (0)
------------------------
 There are 0 register/latch pins with no clock.


2. checking constant_clock (0)
------------------------------
 There are 0 register/latch pins with constant_clock.


3. checking pulse_width_clock (0)
---------------------------------
 There are 0 register/latch pins which need pulse_width check


4. checking unconstrained_internal_endpoints (0)
------------------------------------------------
 There are 0 pins that are not constrained for maximum delay.

 There are 0 pins that are not constrained for maximum delay due to constant clock.


5. checking no_input_delay (1)
------------------------------
 There is 1 input port with no input delay specified. (HIGH)

 There are 0 input ports with no input delay but user has a false path constraint.


6. checking no_output_delay (4)
-------------------------------
 There are 4 ports with no output delay specified. (HIGH)

 There are 0 ports with no output delay but user has a false path constraint

 There are 0 ports with no output delay but with a timing clock defined on it or propagating through it


7. checking multiple_clock (0)
------------------------------
 There are 0 register/latch pins with multiple clocks.


8. checking generated_clocks (0)
--------------------------------
 There are 0 generated clocks that are not connected to a clock source.


9. checking loops (0)
---------------------
 There are 0 combinational loops in the design.


10. checking partial_input_delay (0)
------------------------------------
 There are 0 input ports with partial input delay specified.


11. checking partial_output_delay (0)
-------------------------------------
 There are 0 ports with partial output delay specified.


12. checking latch_loops (0)
----------------------------
 There are 0 combinational latch loops in the design through latch input



------------------------------------------------------------------------------------------------
| Design Timing Summary
| ---------------------
------------------------------------------------------------------------------------------------

    WNS(ns)      TNS(ns)  TNS Failing Endpoints  TNS Total Endpoints      WHS(ns)      THS(ns)  THS Failing Endpoints  THS Total Endpoints     WPWS(ns)     TPWS(ns)  TPWS Failing Endpoints  TPWS Total Endpoints  
    -------      -------  ---------------------  -------------------      -------      -------  ---------------------  -------------------     --------     --------  ----------------------  --------------------  
     -4.466     -267.815                    123                23261        0.132        0.000                      0                23261        2.000        0.000                       0                  7300  


Timing constraints are not met.


------------------------------------------------------------------------------------------------
| Clock Summary
| -------------
------------------------------------------------------------------------------------------------

Clock                       Waveform(ns)         Period(ns)      Frequency(MHz)
-----                       ------------         ----------      --------------
pynq_sys_clk                {0.000 4.000}        8.000           125.000         
  gen_pynq_clk_50m.clkfb    {0.000 4.000}        8.000           125.000         
  gen_pynq_clk_50m.clkout0  {0.000 10.000}       20.000          50.000          


------------------------------------------------------------------------------------------------
| Intra Clock Table
| -----------------
------------------------------------------------------------------------------------------------

Clock                           WNS(ns)      TNS(ns)  TNS Failing Endpoints  TNS Total Endpoints      WHS(ns)      THS(ns)  THS Failing Endpoints  THS Total Endpoints     WPWS(ns)     TPWS(ns)  TPWS Failing Endpoints  TPWS Total Endpoints  
-----                           -------      -------  ---------------------  -------------------      -------      -------  ---------------------  -------------------     --------     --------  ----------------------  --------------------  
pynq_sys_clk                                                                                                                                                                  2.000        0.000                       0                     1  
  gen_pynq_clk_50m.clkfb                                                                                                                                                      5.845        0.000                       0                     3  
  gen_pynq_clk_50m.clkout0       -4.466     -267.815                    123                20001        0.132        0.000                      0                20001        8.750        0.000                       0                  7296  


------------------------------------------------------------------------------------------------
| Inter Clock Table
| -----------------
------------------------------------------------------------------------------------------------

From Clock    To Clock          WNS(ns)      TNS(ns)  TNS Failing Endpoints  TNS Total Endpoints      WHS(ns)      THS(ns)  THS Failing Endpoints  THS Total Endpoints  
----------    --------          -------      -------  ---------------------  -------------------      -------      -------  ---------------------  -------------------  


------------------------------------------------------------------------------------------------
| Other Path Groups Table
| -----------------------
------------------------------------------------------------------------------------------------

Path Group                From Clock                To Clock                      WNS(ns)      TNS(ns)  TNS Failing Endpoints  TNS Total Endpoints      WHS(ns)      THS(ns)  THS Failing Endpoints  THS Total Endpoints  
----------                ----------                --------                      -------      -------  ---------------------  -------------------      -------      -------  ---------------------  -------------------  
**async_default**         gen_pynq_clk_50m.clkout0  gen_pynq_clk_50m.clkout0       15.691        0.000                      0                 3260        0.747        0.000                      0                 3260  


------------------------------------------------------------------------------------------------
| Timing Details
| --------------
------------------------------------------------------------------------------------------------


---------------------------------------------------------------------------------------------------
From Clock:  pynq_sys_clk
  To Clock:  pynq_sys_clk

Setup :           NA  Failing Endpoints,  Worst Slack           NA  ,  Total Violation           NA
Hold  :           NA  Failing Endpoints,  Worst Slack           NA  ,  Total Violation           NA
PW    :            0  Failing Endpoints,  Worst Slack        2.000ns,  Total Violation        0.000ns
---------------------------------------------------------------------------------------------------


Pulse Width Checks
--------------------------------------------------------------------------------------
Clock Name:         pynq_sys_clk
Waveform(ns):       { 0.000 4.000 }
Period(ns):         8.000
Sources:            { CLK100MHZ }

Check Type        Corner  Lib Pin            Reference Pin  Required(ns)  Actual(ns)  Slack(ns)  Location  Pin
Min Period        n/a     MMCME2_ADV/CLKIN1  n/a            1.249         8.000       6.751                gen_pynq_clk_50m.u_clk_mmcm/CLKIN1
Max Period        n/a     MMCME2_ADV/CLKIN1  n/a            100.000       8.000       92.000               gen_pynq_clk_50m.u_clk_mmcm/CLKIN1
Low Pulse Width   Slow    MMCME2_ADV/CLKIN1  n/a            2.000         4.000       2.000                gen_pynq_clk_50m.u_clk_mmcm/CLKIN1
High Pulse Width  Slow    MMCME2_ADV/CLKIN1  n/a            2.000         4.000       2.000                gen_pynq_clk_50m.u_clk_mmcm/CLKIN1



---------------------------------------------------------------------------------------------------
From Clock:  gen_pynq_clk_50m.clkfb
  To Clock:  gen_pynq_clk_50m.clkfb

Setup :           NA  Failing Endpoints,  Worst Slack           NA  ,  Total Violation           NA
Hold  :           NA  Failing Endpoints,  Worst Slack           NA  ,  Total Violation           NA
PW    :            0  Failing Endpoints,  Worst Slack        5.845ns,  Total Violation        0.000ns
---------------------------------------------------------------------------------------------------


Pulse Width Checks
--------------------------------------------------------------------------------------
Clock Name:         gen_pynq_clk_50m.clkfb
Waveform(ns):       { 0.000 4.000 }
Period(ns):         8.000
Sources:            { gen_pynq_clk_50m.u_clk_mmcm/CLKFBOUT }

Check Type  Corner  Lib Pin             Reference Pin  Required(ns)  Actual(ns)  Slack(ns)  Location  Pin
Min Period  n/a     BUFG/I              n/a            2.155         8.000       5.845                gen_pynq_clk_50m.u_clkfb_bufg/I
Max Period  n/a     MMCME2_ADV/CLKFBIN  n/a            100.000       8.000       92.000               gen_pynq_clk_50m.u_clk_mmcm/CLKFBIN



---------------------------------------------------------------------------------------------------
From Clock:  gen_pynq_clk_50m.clkout0
  To Clock:  gen_pynq_clk_50m.clkout0

Setup :          123  Failing Endpoints,  Worst Slack       -4.466ns,  Total Violation     -267.815ns
Hold  :            0  Failing Endpoints,  Worst Slack        0.132ns,  Total Violation        0.000ns
PW    :            0  Failing Endpoints,  Worst Slack        8.750ns,  Total Violation        0.000ns
---------------------------------------------------------------------------------------------------


Max Delay Paths
--------------------------------------------------------------------------------------
Slack (VIOLATED) :        -4.466ns  (required time - arrival time)
  Source:                 u_soc/g_shared_sync_rom.u_sync_rom/imem_rdata_r_reg_11/CLKBWRCLK
                            (rising edge-triggered cell RAMB36E1 clocked by gen_pynq_clk_50m.clkout0  {rise@0.000ns fall@10.000ns period=20.000ns})
  Destination:            u_soc/u_cpu/id_ex_alu_op_r_reg[5]_bret/D
                            (rising edge-triggered cell FDCE clocked by gen_pynq_clk_50m.clkout0  {rise@0.000ns fall@10.000ns period=20.000ns})
  Path Group:             gen_pynq_clk_50m.clkout0
  Path Type:              Setup (Max at Slow Process Corner)
  Requirement:            20.000ns  (gen_pynq_clk_50m.clkout0 rise@20.000ns - gen_pynq_clk_50m.clkout0 rise@0.000ns)
  Data Path Delay:        24.286ns  (logic 8.407ns (34.617%)  route 15.879ns (65.383%))
  Logic Levels:           31  (CARRY4=8 LUT1=1 LUT2=2 LUT3=3 LUT4=2 LUT5=5 LUT6=10)
  Clock Path Skew:        -0.145ns (DCD - SCD + CPR)
    Destination Clock Delay (DCD):    -2.269ns = ( 17.731 - 20.000 ) 
    Source Clock Delay      (SCD):    -1.593ns
    Clock Pessimism Removal (CPR):    0.530ns
  Clock Uncertainty:      0.079ns  ((TSJ^2 + DJ^2)^1/2) / 2 + PE
    Total System Jitter     (TSJ):    0.071ns
    Discrete Jitter          (DJ):    0.141ns
    Phase Error              (PE):    0.000ns

    Location             Delay type                Incr(ns)  Path(ns)    Netlist Resource(s)
  -------------------------------------------------------------------    -------------------
                         (clock gen_pynq_clk_50m.clkout0 rise edge)
                                                      0.000     0.000 r  
    H16                                               0.000     0.000 r  CLK100MHZ (IN)
                         net (fo=0)                   0.000     0.000    CLK100MHZ
    H16                  IBUF (Prop_ibuf_I_O)         1.451     1.451 r  CLK100MHZ_IBUF_inst/O
                         net (fo=1, unplaced)         0.584     2.035    CLK100MHZ_IBUF
                         MMCME2_ADV (Prop_mmcme2_adv_CLKIN1_CLKOUT0)
                                                     -5.113    -3.078 r  gen_pynq_clk_50m.u_clk_mmcm/CLKOUT0
                         net (fo=1, unplaced)         0.800    -2.278    gen_pynq_clk_50m.clkout0
                         BUFG (Prop_bufg_I_O)         0.101    -2.177 r  gen_pynq_clk_50m.u_cpu_clk_bufg/O
                         net (fo=7294, unplaced)      0.584    -1.593    u_soc/g_shared_sync_rom.u_sync_rom/cpu_clk
                         RAMB36E1                                     r  u_soc/g_shared_sync_rom.u_sync_rom/imem_rdata_r_reg_11/CLKBWRCLK
  -------------------------------------------------------------------    -------------------
                         RAMB36E1 (Prop_ramb36e1_CLKBWRCLK_DOBDO[1])
                                                      2.454     0.861 r  u_soc/g_shared_sync_rom.u_sync_rom/imem_rdata_r_reg_11/DOBDO[1]
                         net (fo=4, unplaced)         0.800     1.660    u_soc/g_shared_sync_rom.u_sync_rom/sync_shared_rom_read_data[23]
                         LUT4 (Prop_lut4_I0_O)        0.124     1.784 r  u_soc/g_shared_sync_rom.u_sync_rom/mem_wb_load_data_r[15]_i_32/O
                         net (fo=2, unplaced)         0.913     2.697    u_soc/u_dmem_ram/mem_wb_load_data_r[31]_i_5
                         LUT5 (Prop_lut5_I1_O)        0.124     2.821 r  u_soc/u_dmem_ram/mem_wb_load_data_r[15]_i_15/O
                         net (fo=3, unplaced)         0.920     3.741    u_soc/u_cpu/gen_dcache.u_dcache/mem_wb_load_data_r_reg[15]_0
                         LUT6 (Prop_lut6_I2_O)        0.124     3.865 f  u_soc/u_cpu/gen_dcache.u_dcache/mem_wb_load_data_r[9]_i_2/O
                         net (fo=1, unplaced)         1.111     4.976    u_soc/u_cpu/gen_dcache.u_dcache/mem_wb_load_data_r[9]_i_2_n_0
                         LUT6 (Prop_lut6_I0_O)        0.124     5.100 r  u_soc/u_cpu/gen_dcache.u_dcache/mem_wb_load_data_r[9]_i_1/O
                         net (fo=2, unplaced)         0.913     6.013    u_soc/u_cpu/gen_dcache.u_dcache/ex_mem_store_r_reg[9]
                         LUT5 (Prop_lut5_I0_O)        0.124     6.137 r  u_soc/u_cpu/gen_dcache.u_dcache/ex_mem_store_data_r[17]_i_7/O
                         net (fo=7, unplaced)         0.937     7.074    u_soc/u_cpu/gen_dcache.u_dcache/ex_rs2_forwarded[9]
                         LUT6 (Prop_lut6_I3_O)        0.124     7.198 r  u_soc/u_cpu/gen_dcache.u_dcache/ex_mem_mem_addr_r[11]_i_6/O
                         net (fo=1, unplaced)         0.000     7.198    u_soc/u_cpu/gen_dcache.u_dcache/ex_mem_mem_addr_r[11]_i_6_n_0
                         CARRY4 (Prop_carry4_S[1]_CO[3])
                                                      0.533     7.731 r  u_soc/u_cpu/gen_dcache.u_dcache/ex_mem_mem_addr_r_reg[11]_i_1/CO[3]
                         net (fo=1, unplaced)         0.000     7.731    u_soc/u_cpu/gen_dcache.u_dcache/ex_mem_mem_addr_r_reg[11]_i_1_n_0
                         CARRY4 (Prop_carry4_CI_CO[3])
                                                      0.117     7.848 r  u_soc/u_cpu/gen_dcache.u_dcache/ex_mem_mem_addr_r_reg[15]_i_1/CO[3]
                         net (fo=1, unplaced)         0.000     7.848    u_soc/u_cpu/gen_dcache.u_dcache/ex_mem_mem_addr_r_reg[15]_i_1_n_0
                         CARRY4 (Prop_carry4_CI_CO[3])
                                                      0.117     7.965 r  u_soc/u_cpu/gen_dcache.u_dcache/ex_mem_mem_addr_r_reg[19]_i_1/CO[3]
                         net (fo=1, unplaced)         0.000     7.965    u_soc/u_cpu/gen_dcache.u_dcache/ex_mem_mem_addr_r_reg[19]_i_1_n_0
                         CARRY4 (Prop_carry4_CI_CO[3])
                                                      0.117     8.082 r  u_soc/u_cpu/gen_dcache.u_dcache/ex_mem_mem_addr_r_reg[23]_i_1/CO[3]
                         net (fo=1, unplaced)         0.000     8.082    u_soc/u_cpu/gen_dcache.u_dcache/ex_mem_mem_addr_r_reg[23]_i_1_n_0
                         CARRY4 (Prop_carry4_CI_O[3])
                                                      0.331     8.413 r  u_soc/u_cpu/gen_dcache.u_dcache/ex_mem_mem_addr_r_reg[27]_i_1/O[3]
                         net (fo=2, unplaced)         0.629     9.042    u_soc/u_cpu/gen_dcache.u_dcache/ex_mem_addr[27]
                         LUT4 (Prop_lut4_I0_O)        0.307     9.349 r  u_soc/u_cpu/gen_dcache.u_dcache/pc_r[24]_bret_bret_bret__85_i_4/O
                         net (fo=2, unplaced)         0.913    10.262    u_soc/u_cpu/gen_dcache.u_dcache/ex_redirect_pc[27]
                         LUT6 (Prop_lut6_I0_O)        0.124    10.386 r  u_soc/u_cpu/gen_dcache.u_dcache/ex_fetch_redirect_valid_inst_i_7/O
                         net (fo=1, unplaced)         0.000    10.386    u_soc/u_cpu/gen_dcache.u_dcache/ex_fetch_redirect_valid_inst_i_7_n_0
                         CARRY4 (Prop_carry4_S[1]_CO[2])
                                                      0.574    10.960 r  u_soc/u_cpu/gen_dcache.u_dcache/ex_fetch_redirect_valid_inst_i_3/CO[2]
                         net (fo=1, unplaced)         0.452    11.412    u_soc/u_cpu/gen_dcache.u_dcache/ex_branch_predict_hit_valid0
                         LUT6 (Prop_lut6_I1_O)        0.310    11.722 r  u_soc/u_cpu/gen_dcache.u_dcache/ex_fetch_redirect_valid_inst_i_2/O
                         net (fo=9, unplaced)         0.490    12.212    u_soc/u_cpu/gen_dcache.u_dcache/ex_fetch_redirect_valid_inst_i_2_n_0
                         LUT2 (Prop_lut2_I1_O)        0.124    12.336 f  u_soc/u_cpu/gen_dcache.u_dcache/ex_fetch_redirect_valid_inst_i_1/O
                         net (fo=1, unplaced)         0.449    12.785    u_soc/u_cpu/gen_dcache.u_dcache/ex_fetch_redirect_valid_inst_i_1_n_0
                         LUT1 (Prop_lut1_I0_O)        0.124    12.909 f  u_soc/u_cpu/gen_dcache.u_dcache/ex_fetch_redirect_valid_inst/O
                         net (fo=16, unplaced)        0.503    13.412    u_soc/u_cpu/gen_dcache.u_dcache/ex_fetch_redirect_valid
                         LUT2 (Prop_lut2_I0_O)        0.124    13.536 r  u_soc/u_cpu/gen_dcache.u_dcache/id_ex_branch_predict_pc_r[0]_bret__0_i_1/O
                         net (fo=32, unplaced)        0.520    14.056    u_soc/u_cpu/u_regfile/id_ex_branch_predict_pc_r_reg[28]_bret__0
                         LUT3 (Prop_lut3_I1_O)        0.116    14.172 f  u_soc/u_cpu/u_regfile/id_ex_branch_predict_pc_r[14]_bret_i_1/O
                         net (fo=2, unplaced)         0.460    14.632    u_soc/u_cpu/gen_dcache.u_dcache/pc_r_reg[24]_bret_bret_bret__16
                         LUT5 (Prop_lut5_I4_O)        0.124    14.756 f  u_soc/u_cpu/gen_dcache.u_dcache/pc_r[24]_bret_bret_bret__16_i_1/O
                         net (fo=5, unplaced)         0.477    15.233    u_soc/u_cpu/gen_dcache.u_dcache/csr_mtvec_r_reg[14]
                         LUT3 (Prop_lut3_I0_O)        0.124    15.357 r  u_soc/u_cpu/gen_dcache.u_dcache/imem_rdata_r_reg_0_i_2/O
                         net (fo=20, unplaced)        0.962    16.319    u_soc/u_cpu/gen_dcache.u_dcache/csr_mtvec_r_reg[14]_0
                         LUT6 (Prop_lut6_I0_O)        0.124    16.443 r  u_soc/u_cpu/gen_dcache.u_dcache/id_ex_rd_addr_r[1]_bret__3_i_34/O
                         net (fo=1, unplaced)         0.000    16.443    u_soc/u_cpu/gen_dcache.u_dcache/id_ex_rd_addr_r[1]_bret__3_i_34_n_0
                         CARRY4 (Prop_carry4_S[0]_CO[3])
                                                      0.513    16.956 r  u_soc/u_cpu/gen_dcache.u_dcache/id_ex_rd_addr_r_reg[1]_bret__3_i_26/CO[3]
                         net (fo=1, unplaced)         0.000    16.956    u_soc/u_cpu/gen_dcache.u_dcache/id_ex_rd_addr_r_reg[1]_bret__3_i_26_n_0
                         CARRY4 (Prop_carry4_CI_CO[2])
                                                      0.252    17.208 r  u_soc/u_cpu/gen_dcache.u_dcache/id_ex_rd_addr_r_reg[1]_bret__3_i_14/CO[2]
                         net (fo=1, unplaced)         0.452    17.660    u_soc/u_cpu/gen_dcache.u_dcache/id_branch_not_taken_fold_candidate0
                         LUT5 (Prop_lut5_I2_O)        0.310    17.970 f  u_soc/u_cpu/gen_dcache.u_dcache/id_ex_rd_addr_r[1]_bret__3_i_5/O
                         net (fo=1, unplaced)         0.449    18.419    u_soc/u_cpu/gen_dcache.u_dcache/id_ex_rd_addr_r[1]_bret__3_i_5_n_0
                         LUT6 (Prop_lut6_I3_O)        0.124    18.543 r  u_soc/u_cpu/gen_dcache.u_dcache/id_ex_rd_addr_r[1]_bret__3_i_1/O
                         net (fo=68, unplaced)        0.539    19.082    u_soc/u_cpu/gen_dcache.u_dcache/ex_mem_load_r_reg_0
                         LUT5 (Prop_lut5_I1_O)        0.124    19.206 f  u_soc/u_cpu/gen_dcache.u_dcache/id_ex_imm_r[29]_bret__2_i_1/O
                         net (fo=2, unplaced)         1.122    20.328    u_soc/u_cpu/gen_dcache.u_dcache/id_ex_imm_r[29]_bret__2_i_3_0
                         LUT6 (Prop_lut6_I1_O)        0.124    20.452 f  u_soc/u_cpu/gen_dcache.u_dcache/id_ex_alu_op_r[3]_bret__0_i_3/O
                         net (fo=3, unplaced)         0.467    20.919    u_soc/u_cpu/gen_dcache.u_dcache/id_ex_alu_op_r[3]_bret__0_i_3_n_0
                         LUT6 (Prop_lut6_I5_O)        0.124    21.043 f  u_soc/u_cpu/gen_dcache.u_dcache/if_id_instruction_r[1]_bret_i_5/O
                         net (fo=3, unplaced)         0.920    21.963    u_soc/u_cpu/gen_dcache.u_dcache/if_id_instruction_r[1]_bret_i_5_n_0
                         LUT6 (Prop_lut6_I0_O)        0.124    22.087 r  u_soc/u_cpu/gen_dcache.u_dcache/if_id_pc_r[15]_bret_bret__0_i_1/O
                         net (fo=6, unplaced)         0.481    22.568    u_soc/u_cpu/gen_dcache.u_dcache/ex_mem_rd_addr_r_reg[1]_0
                         LUT3 (Prop_lut3_I1_O)        0.124    22.692 r  u_soc/u_cpu/gen_dcache.u_dcache/id_ex_alu_op_r[5]_bret_i_1/O
                         net (fo=3, unplaced)         0.000    22.692    u_soc/u_cpu/gen_dcache.u_dcache_n_962
                         FDCE                                         r  u_soc/u_cpu/id_ex_alu_op_r_reg[5]_bret/D
  -------------------------------------------------------------------    -------------------

                         (clock gen_pynq_clk_50m.clkout0 rise edge)
                                                     20.000    20.000 r  
    H16                                               0.000    20.000 r  CLK100MHZ (IN)
                         net (fo=0)                   0.000    20.000    CLK100MHZ
    H16                  IBUF (Prop_ibuf_I_O)         1.380    21.380 r  CLK100MHZ_IBUF_inst/O
                         net (fo=1, unplaced)         0.439    21.819    CLK100MHZ_IBUF
                         MMCME2_ADV (Prop_mmcme2_adv_CLKIN1_CLKOUT0)
                                                     -5.378    16.442 r  gen_pynq_clk_50m.u_clk_mmcm/CLKOUT0
                         net (fo=1, unplaced)         0.760    17.201    gen_pynq_clk_50m.clkout0
                         BUFG (Prop_bufg_I_O)         0.091    17.292 r  gen_pynq_clk_50m.u_cpu_clk_bufg/O
                         net (fo=7294, unplaced)      0.439    17.731    u_soc/u_cpu/cpu_clk
                         FDCE                                         r  u_soc/u_cpu/id_ex_alu_op_r_reg[5]_bret/C
                         clock pessimism              0.530    18.262    
                         clock uncertainty           -0.079    18.183    
                         FDCE (Setup_fdce_C_D)        0.044    18.227    u_soc/u_cpu/id_ex_alu_op_r_reg[5]_bret
  -------------------------------------------------------------------
                         required time                         18.227    
                         arrival time                         -22.692    
  -------------------------------------------------------------------
                         slack                                 -4.466    





Min Delay Paths
--------------------------------------------------------------------------------------
Slack (MET) :             0.132ns  (arrival time - required time)
  Source:                 u_soc/u_cpu/id_ex_rd_addr_r_reg[0]_bret/C
                            (rising edge-triggered cell FDCE clocked by gen_pynq_clk_50m.clkout0  {rise@0.000ns fall@10.000ns period=20.000ns})
  Destination:            u_soc/u_cpu/ex_mem_rd_addr_r_reg[0]/D
                            (rising edge-triggered cell FDCE clocked by gen_pynq_clk_50m.clkout0  {rise@0.000ns fall@10.000ns period=20.000ns})
  Path Group:             gen_pynq_clk_50m.clkout0
  Path Type:              Hold (Min at Fast Process Corner)
  Requirement:            0.000ns  (gen_pynq_clk_50m.clkout0 rise@0.000ns - gen_pynq_clk_50m.clkout0 rise@0.000ns)
  Data Path Delay:        0.376ns  (logic 0.245ns (65.144%)  route 0.131ns (34.856%))
  Logic Levels:           1  (LUT6=1)
  Clock Path Skew:        0.145ns (DCD - SCD - CPR)
    Destination Clock Delay (DCD):    -1.102ns
    Source Clock Delay      (SCD):    -0.966ns
    Clock Pessimism Removal (CPR):    -0.280ns

    Location             Delay type                Incr(ns)  Path(ns)    Netlist Resource(s)
  -------------------------------------------------------------------    -------------------
                         (clock gen_pynq_clk_50m.clkout0 rise edge)
                                                      0.000     0.000 r  
    H16                                               0.000     0.000 r  CLK100MHZ (IN)
                         net (fo=0)                   0.000     0.000    CLK100MHZ
    H16                  IBUF (Prop_ibuf_I_O)         0.219     0.219 r  CLK100MHZ_IBUF_inst/O
                         net (fo=1, unplaced)         0.114     0.333    CLK100MHZ_IBUF
                         MMCME2_ADV (Prop_mmcme2_adv_CLKIN1_CLKOUT0)
                                                     -1.776    -1.443 r  gen_pynq_clk_50m.u_clk_mmcm/CLKOUT0
                         net (fo=1, unplaced)         0.337    -1.106    gen_pynq_clk_50m.clkout0
                         BUFG (Prop_bufg_I_O)         0.026    -1.080 r  gen_pynq_clk_50m.u_cpu_clk_bufg/O
                         net (fo=7294, unplaced)      0.114    -0.966    u_soc/u_cpu/cpu_clk
                         FDCE                                         r  u_soc/u_cpu/id_ex_rd_addr_r_reg[0]_bret/C
  -------------------------------------------------------------------    -------------------
                         FDCE (Prop_fdce_C_Q)         0.147    -0.819 r  u_soc/u_cpu/id_ex_rd_addr_r_reg[0]_bret/Q
                         net (fo=1, unplaced)         0.131    -0.688    u_soc/u_cpu/u_ex_stage/u_alu/ex_mem_rd_addr_r_reg[0]_3
                         LUT6 (Prop_lut6_I5_O)        0.098    -0.590 r  u_soc/u_cpu/u_ex_stage/u_alu/ex_mem_rd_addr_r[0]_i_1/O
                         net (fo=11, unplaced)        0.000    -0.590    u_soc/u_cpu/id_ex_rs3_addr_r[0]
                         FDCE                                         r  u_soc/u_cpu/ex_mem_rd_addr_r_reg[0]/D
  -------------------------------------------------------------------    -------------------

                         (clock gen_pynq_clk_50m.clkout0 rise edge)
                                                      0.000     0.000 r  
    H16                                               0.000     0.000 r  CLK100MHZ (IN)
                         net (fo=0)                   0.000     0.000    CLK100MHZ
    H16                  IBUF (Prop_ibuf_I_O)         0.406     0.406 r  CLK100MHZ_IBUF_inst/O
                         net (fo=1, unplaced)         0.259     0.665    CLK100MHZ_IBUF
                         MMCME2_ADV (Prop_mmcme2_adv_CLKIN1_CLKOUT0)
                                                     -2.410    -1.744 r  gen_pynq_clk_50m.u_clk_mmcm/CLKOUT0
                         net (fo=1, unplaced)         0.355    -1.390    gen_pynq_clk_50m.clkout0
                         BUFG (Prop_bufg_I_O)         0.029    -1.361 r  gen_pynq_clk_50m.u_cpu_clk_bufg/O
                         net (fo=7294, unplaced)      0.259    -1.102    u_soc/u_cpu/cpu_clk
                         FDCE                                         r  u_soc/u_cpu/ex_mem_rd_addr_r_reg[0]/C
                         clock pessimism              0.280    -0.821    
                         FDCE (Hold_fdce_C_D)         0.099    -0.722    u_soc/u_cpu/ex_mem_rd_addr_r_reg[0]
  -------------------------------------------------------------------
                         required time                          0.722    
                         arrival time                          -0.590    
  -------------------------------------------------------------------
                         slack                                  0.132    





Pulse Width Checks
--------------------------------------------------------------------------------------
Clock Name:         gen_pynq_clk_50m.clkout0
Waveform(ns):       { 0.000 10.000 }
Period(ns):         20.000
Sources:            { gen_pynq_clk_50m.u_clk_mmcm/CLKOUT0 }

Check Type        Corner  Lib Pin             Reference Pin  Required(ns)  Actual(ns)  Slack(ns)  Location  Pin
Min Period        n/a     RAMB36E1/CLKARDCLK  n/a            2.944         20.000      17.056               u_soc/u_dmem_ram/g_sync_ram.g_posedge_read.ram_mem_reg_0_0/CLKARDCLK
Max Period        n/a     MMCME2_ADV/CLKOUT0  n/a            213.360       20.000      193.360              gen_pynq_clk_50m.u_clk_mmcm/CLKOUT0
Low Pulse Width   Slow    RAMD64E/CLK         n/a            1.250         10.000      8.750                u_soc/u_cpu/gen_dcache.u_dcache/cache_data_reg_0_63_0_2/RAMA/CLK
High Pulse Width  Slow    RAMD64E/CLK         n/a            1.250         10.000      8.750                u_soc/u_cpu/gen_dcache.u_dcache/cache_data_reg_0_63_0_2/RAMA/CLK



---------------------------------------------------------------------------------------------------
Path Group:  **async_default**
From Clock:  gen_pynq_clk_50m.clkout0
  To Clock:  gen_pynq_clk_50m.clkout0

Setup :            0  Failing Endpoints,  Worst Slack       15.691ns,  Total Violation        0.000ns
Hold  :            0  Failing Endpoints,  Worst Slack        0.747ns,  Total Violation        0.000ns
---------------------------------------------------------------------------------------------------


Max Delay Paths
--------------------------------------------------------------------------------------
Slack (MET) :             15.691ns  (required time - arrival time)
  Source:                 reset_sync_r_reg[4]/C
                            (rising edge-triggered cell FDCE clocked by gen_pynq_clk_50m.clkout0  {rise@0.000ns fall@10.000ns period=20.000ns})
  Destination:            u_soc/timer_cmp_r_reg[0]/PRE
                            (recovery check against rising-edge clock gen_pynq_clk_50m.clkout0  {rise@0.000ns fall@10.000ns period=20.000ns})
  Path Group:             **async_default**
  Path Type:              Recovery (Max at Slow Process Corner)
  Requirement:            20.000ns  (gen_pynq_clk_50m.clkout0 rise@20.000ns - gen_pynq_clk_50m.clkout0 rise@0.000ns)
  Data Path Delay:        3.691ns  (logic 1.021ns (27.662%)  route 2.670ns (72.338%))
  Logic Levels:           3  (LUT1=1 LUT4=1 LUT6=1)
  Clock Path Skew:        -0.145ns (DCD - SCD + CPR)
    Destination Clock Delay (DCD):    -2.269ns = ( 17.731 - 20.000 ) 
    Source Clock Delay      (SCD):    -1.593ns
    Clock Pessimism Removal (CPR):    0.530ns
  Clock Uncertainty:      0.079ns  ((TSJ^2 + DJ^2)^1/2) / 2 + PE
    Total System Jitter     (TSJ):    0.071ns
    Discrete Jitter          (DJ):    0.141ns
    Phase Error              (PE):    0.000ns

    Location             Delay type                Incr(ns)  Path(ns)    Netlist Resource(s)
  -------------------------------------------------------------------    -------------------
                         (clock gen_pynq_clk_50m.clkout0 rise edge)
                                                      0.000     0.000 r  
    H16                                               0.000     0.000 r  CLK100MHZ (IN)
                         net (fo=0)                   0.000     0.000    CLK100MHZ
    H16                  IBUF (Prop_ibuf_I_O)         1.451     1.451 r  CLK100MHZ_IBUF_inst/O
                         net (fo=1, unplaced)         0.584     2.035    CLK100MHZ_IBUF
                         MMCME2_ADV (Prop_mmcme2_adv_CLKIN1_CLKOUT0)
                                                     -5.113    -3.078 r  gen_pynq_clk_50m.u_clk_mmcm/CLKOUT0
                         net (fo=1, unplaced)         0.800    -2.278    gen_pynq_clk_50m.clkout0
                         BUFG (Prop_bufg_I_O)         0.101    -2.177 r  gen_pynq_clk_50m.u_cpu_clk_bufg/O
                         net (fo=7294, unplaced)      0.584    -1.593    cpu_clk
                         FDCE                                         r  reset_sync_r_reg[4]/C
  -------------------------------------------------------------------    -------------------
                         FDCE (Prop_fdce_C_Q)         0.478    -1.115 r  reset_sync_r_reg[4]/Q
                         net (fo=2, unplaced)         0.752    -0.363    u_soc/u_cpu/u_regfile/bit_idx_r_reg[3][4]
                         LUT4 (Prop_lut4_I1_O)        0.295    -0.068 f  u_soc/u_cpu/u_regfile/led_OBUF[0]_inst_i_2/O
                         net (fo=2, unplaced)         0.460     0.392    u_soc/u_cpu/u_regfile/reset_sync_r_reg[5]
                         LUT6 (Prop_lut6_I0_O)        0.124     0.516 r  u_soc/u_cpu/u_regfile/led_OBUF[0]_inst_i_1/O
                         net (fo=77, unplaced)        0.542     1.058    u_soc/u_cpu/reset_sync_r_reg[1]_0
                         LUT1 (Prop_lut1_I0_O)        0.124     1.182 f  u_soc/u_cpu/regs[0][31]_i_3/O
                         net (fo=3237, unplaced)      0.916     2.098    u_soc/u_cpu_n_0
                         FDPE                                         f  u_soc/timer_cmp_r_reg[0]/PRE
  -------------------------------------------------------------------    -------------------

                         (clock gen_pynq_clk_50m.clkout0 rise edge)
                                                     20.000    20.000 r  
    H16                                               0.000    20.000 r  CLK100MHZ (IN)
                         net (fo=0)                   0.000    20.000    CLK100MHZ
    H16                  IBUF (Prop_ibuf_I_O)         1.380    21.380 r  CLK100MHZ_IBUF_inst/O
                         net (fo=1, unplaced)         0.439    21.819    CLK100MHZ_IBUF
                         MMCME2_ADV (Prop_mmcme2_adv_CLKIN1_CLKOUT0)
                                                     -5.378    16.442 r  gen_pynq_clk_50m.u_clk_mmcm/CLKOUT0
                         net (fo=1, unplaced)         0.760    17.201    gen_pynq_clk_50m.clkout0
                         BUFG (Prop_bufg_I_O)         0.091    17.292 r  gen_pynq_clk_50m.u_cpu_clk_bufg/O
                         net (fo=7294, unplaced)      0.439    17.731    u_soc/cpu_clk
                         FDPE                                         r  u_soc/timer_cmp_r_reg[0]/C
                         clock pessimism              0.530    18.262    
                         clock uncertainty           -0.079    18.183    
                         FDPE (Recov_fdpe_C_PRE)     -0.394    17.789    u_soc/timer_cmp_r_reg[0]
  -------------------------------------------------------------------
                         required time                         17.789    
                         arrival time                          -2.098    
  -------------------------------------------------------------------
                         slack                                 15.691    





Min Delay Paths
--------------------------------------------------------------------------------------
Slack (MET) :             0.747ns  (arrival time - required time)
  Source:                 reset_sync_r_reg[1]/C
                            (rising edge-triggered cell FDCE clocked by gen_pynq_clk_50m.clkout0  {rise@0.000ns fall@10.000ns period=20.000ns})
  Destination:            u_uart_tx/baud_cnt_r_reg[0]/CLR
                            (removal check against rising-edge clock gen_pynq_clk_50m.clkout0  {rise@0.000ns fall@10.000ns period=20.000ns})
  Path Group:             **async_default**
  Path Type:              Removal (Min at Fast Process Corner)
  Requirement:            0.000ns  (gen_pynq_clk_50m.clkout0 rise@0.000ns - gen_pynq_clk_50m.clkout0 rise@0.000ns)
  Data Path Delay:        0.804ns  (logic 0.245ns (30.459%)  route 0.559ns (69.541%))
  Logic Levels:           1  (LUT6=1)
  Clock Path Skew:        0.145ns (DCD - SCD - CPR)
    Destination Clock Delay (DCD):    -1.102ns
    Source Clock Delay      (SCD):    -0.966ns
    Clock Pessimism Removal (CPR):    -0.280ns

    Location             Delay type                Incr(ns)  Path(ns)    Netlist Resource(s)
  -------------------------------------------------------------------    -------------------
                         (clock gen_pynq_clk_50m.clkout0 rise edge)
                                                      0.000     0.000 r  
    H16                                               0.000     0.000 r  CLK100MHZ (IN)
                         net (fo=0)                   0.000     0.000    CLK100MHZ
    H16                  IBUF (Prop_ibuf_I_O)         0.219     0.219 r  CLK100MHZ_IBUF_inst/O
                         net (fo=1, unplaced)         0.114     0.333    CLK100MHZ_IBUF
                         MMCME2_ADV (Prop_mmcme2_adv_CLKIN1_CLKOUT0)
                                                     -1.776    -1.443 r  gen_pynq_clk_50m.u_clk_mmcm/CLKOUT0
                         net (fo=1, unplaced)         0.337    -1.106    gen_pynq_clk_50m.clkout0
                         BUFG (Prop_bufg_I_O)         0.026    -1.080 r  gen_pynq_clk_50m.u_cpu_clk_bufg/O
                         net (fo=7294, unplaced)      0.114    -0.966    cpu_clk
                         FDCE                                         r  reset_sync_r_reg[1]/C
  -------------------------------------------------------------------    -------------------
                         FDCE (Prop_fdce_C_Q)         0.147    -0.819 r  reset_sync_r_reg[1]/Q
                         net (fo=3, unplaced)         0.206    -0.614    u_uart_tx/Q[1]
                         LUT6 (Prop_lut6_I4_O)        0.098    -0.516 f  u_uart_tx/baud_cnt_r[8]_i_3/O
                         net (fo=23, unplaced)        0.354    -0.162    u_uart_tx/baud_cnt_r[8]_i_3_n_0
                         FDCE                                         f  u_uart_tx/baud_cnt_r_reg[0]/CLR
  -------------------------------------------------------------------    -------------------

                         (clock gen_pynq_clk_50m.clkout0 rise edge)
                                                      0.000     0.000 r  
    H16                                               0.000     0.000 r  CLK100MHZ (IN)
                         net (fo=0)                   0.000     0.000    CLK100MHZ
    H16                  IBUF (Prop_ibuf_I_O)         0.406     0.406 r  CLK100MHZ_IBUF_inst/O
                         net (fo=1, unplaced)         0.259     0.665    CLK100MHZ_IBUF
                         MMCME2_ADV (Prop_mmcme2_adv_CLKIN1_CLKOUT0)
                                                     -2.410    -1.744 r  gen_pynq_clk_50m.u_clk_mmcm/CLKOUT0
                         net (fo=1, unplaced)         0.355    -1.390    gen_pynq_clk_50m.clkout0
                         BUFG (Prop_bufg_I_O)         0.029    -1.361 r  gen_pynq_clk_50m.u_cpu_clk_bufg/O
                         net (fo=7294, unplaced)      0.259    -1.102    u_uart_tx/cpu_clk
                         FDCE                                         r  u_uart_tx/baud_cnt_r_reg[0]/C
                         clock pessimism              0.280    -0.821    
                         FDCE (Remov_fdce_C_CLR)     -0.088    -0.909    u_uart_tx/baud_cnt_r_reg[0]
  -------------------------------------------------------------------
                         required time                          0.909    
                         arrival time                          -0.162    
  -------------------------------------------------------------------
                         slack                                  0.747    





