#-----------------------------------------------------------
# Vivado v2025.2 (64-bit)
# SW Build 6299465 on Fri Nov 14 19:35:11 GMT 2025
# IP Build 6300035 on Fri Nov 14 10:48:45 MST 2025
# SharedData Build 6298862 on Thu Nov 13 04:50:51 MST 2025
# Start of session at: Wed Jul  1 06:49:09 2026
# Process ID         : 36164
# Current directory  : D:/BaiduSyncdisk/02_icdc_workspace/.worktrees/strict50-impl136-opt-20260625
# Command line       : vivado.exe -mode batch -notrace -log D:\BaiduSyncdisk\02_icdc_workspace\.worktrees\strict50-impl136-opt-20260625\artifacts\strict_50m_timing_opt_20260609\impl220_impl200_optExploreArea_routeAdvancedSkewModeling_postAggressive_cpu50\logs\vivado_pynq_z2_impl.log -journal D:\BaiduSyncdisk\02_icdc_workspace\.worktrees\strict50-impl136-opt-20260625\artifacts\strict_50m_timing_opt_20260609\impl220_impl200_optExploreArea_routeAdvancedSkewModeling_postAggressive_cpu50\logs\vivado_pynq_z2_impl.jou -source YH_rv_cpu\fpga\vivado\scripts\impl_from_synth_checkpoint.tcl -tclargs D:\BaiduSyncdisk\02_icdc_workspace\.worktrees\strict50-impl136-opt-20260625\artifacts\strict_50m_timing_opt_20260609\synth200_impl136_bhtidupd0_cpu50\dcp\cpu50_synth.dcp D:\BaiduSyncdisk\02_icdc_workspace\.worktrees\strict50-impl136-opt-20260625\artifacts\strict_50m_timing_opt_20260609\impl220_impl200_optExploreArea_routeAdvancedSkewModeling_postAggressive_cpu50\reports_cpu50 D:\BaiduSyncdisk\02_icdc_workspace\.worktrees\strict50-impl136-opt-20260625\artifacts\strict_50m_timing_opt_20260609\impl220_impl200_optExploreArea_routeAdvancedSkewModeling_postAggressive_cpu50\dcp\cpu50_impl.dcp
# Log file           : D:/BaiduSyncdisk/02_icdc_workspace/.worktrees/strict50-impl136-opt-20260625/artifacts/strict_50m_timing_opt_20260609/impl220_impl200_optExploreArea_routeAdvancedSkewModeling_postAggressive_cpu50/logs/vivado_pynq_z2_impl.log
# Journal file       : D:\BaiduSyncdisk\02_icdc_workspace\.worktrees\strict50-impl136-opt-20260625\artifacts\strict_50m_timing_opt_20260609\impl220_impl200_optExploreArea_routeAdvancedSkewModeling_postAggressive_cpu50\logs\vivado_pynq_z2_impl.jou
# Running On         : Toylog_desktop
# Platform           : Windows Server 2016 or Windows 10
# Operating System   : 26200
# Processor Detail   : AMD Ryzen 7 7435H
# CPU Frequency      : 3094 MHz
# CPU Physical cores : 8
# CPU Logical cores  : 16
# Host memory        : 34082 MB
# Swap memory        : 2147 MB
# Total Virtual      : 36230 MB
# Available Virtual  : 16686 MB
#-----------------------------------------------------------
source {YH_rv_cpu\fpga\vivado\scripts\impl_from_synth_checkpoint.tcl} -notrace
INFO: synth_dcp = D:/BaiduSyncdisk/02_icdc_workspace/.worktrees/strict50-impl136-opt-20260625/artifacts/strict_50m_timing_opt_20260609/synth200_impl136_bhtidupd0_cpu50/dcp/cpu50_synth.dcp
INFO: report_dir = D:/BaiduSyncdisk/02_icdc_workspace/.worktrees/strict50-impl136-opt-20260625/artifacts/strict_50m_timing_opt_20260609/impl220_impl200_optExploreArea_routeAdvancedSkewModeling_postAggressive_cpu50/reports_cpu50
INFO: impl_dcp = D:/BaiduSyncdisk/02_icdc_workspace/.worktrees/strict50-impl136-opt-20260625/artifacts/strict_50m_timing_opt_20260609/impl220_impl200_optExploreArea_routeAdvancedSkewModeling_postAggressive_cpu50/dcp/cpu50_impl.dcp
INFO: bitstream_file = 
INFO: OPT_DIRECTIVE = ExploreArea
INFO: PLACE_DIRECTIVE = Explore
INFO: PHYS_OPT_PRE_DIRECTIVE = Explore
INFO: ROUTE_DIRECTIVE = AdvancedSkewModeling
INFO: PHYS_OPT_POST_DIRECTIVE = AggressiveExplore
INFO: SKIP_PHYS_OPT = 0
INFO: IMPL_WRITE_BITSTREAM = 0
STEP: open_checkpoint BEGIN
Command: open_checkpoint D:/BaiduSyncdisk/02_icdc_workspace/.worktrees/strict50-impl136-opt-20260625/artifacts/strict_50m_timing_opt_20260609/synth200_impl136_bhtidupd0_cpu50/dcp/cpu50_synth.dcp

Starting open_checkpoint Task

Time (s): cpu = 00:00:00 ; elapsed = 00:00:00.059 . Memory (MB): peak = 369.582 ; gain = 4.090
INFO: [Device 21-403] Loading part xc7z020clg400-1
Netlist sorting complete. Time (s): cpu = 00:00:00 ; elapsed = 00:00:00.175 . Memory (MB): peak = 840.984 ; gain = 0.000
INFO: [Netlist 29-17] Analyzing 2238 Unisim elements for replacement
INFO: [Netlist 29-28] Unisim Transformation completed in 1 CPU seconds
INFO: [Project 1-479] Netlist was created with Vivado 2025.2
INFO: [Project 1-570] Preparing netlist for logic optimization
Read ShapeDB Complete: Time (s): cpu = 00:00:00 ; elapsed = 00:00:00.047 . Memory (MB): peak = 962.648 ; gain = 2.250
INFO: [Timing 38-478] Restoring timing data from binary archive.
INFO: [Timing 38-479] Binary timing data restore complete.
INFO: [Project 1-856] Restoring constraints from binary archive.
INFO: [Project 1-853] Binary constraint restore complete.
INFO: [Designutils 20-5722] Start Reading Physical Databases.
Reading placement.
Read Netlist Cache: Time (s): cpu = 00:00:00 ; elapsed = 00:00:00 . Memory (MB): peak = 1488.430 ; gain = 0.000
Reading placer database...
Read Device Cache: Time (s): cpu = 00:00:00 ; elapsed = 00:00:00.014 . Memory (MB): peak = 1488.430 ; gain = 0.000
Read PlaceDB: Time (s): cpu = 00:00:00 ; elapsed = 00:00:00.001 . Memory (MB): peak = 1488.430 ; gain = 0.000
Read placeStorage: Time (s): cpu = 00:00:00 ; elapsed = 00:00:00.001 . Memory (MB): peak = 1488.430 ; gain = 0.000
Read PulsedLatchDB: Time (s): cpu = 00:00:00 ; elapsed = 00:00:00 . Memory (MB): peak = 1488.430 ; gain = 0.000
Reading routing.
Read RouteStorage: Time (s): cpu = 00:00:00 ; elapsed = 00:00:00.011 . Memory (MB): peak = 1488.430 ; gain = 0.000
Read Physdb Files: Time (s): cpu = 00:00:00 ; elapsed = 00:00:00.057 . Memory (MB): peak = 1488.430 ; gain = 0.000
Restored from archive | CPU: 2.000000 secs | Memory: 0.000000 MB |
Finished XDEF File Restore: Time (s): cpu = 00:00:01 ; elapsed = 00:00:00.120 . Memory (MB): peak = 1488.430 ; gain = 0.000
Netlist sorting complete. Time (s): cpu = 00:00:00 ; elapsed = 00:00:00.009 . Memory (MB): peak = 1488.430 ; gain = 0.000
INFO: [Project 1-111] Unisim Transformation Summary:
  A total of 334 instances were transformed.
  RAM64M => RAM64M (RAMD64E(x4)): 334 instances

INFO: [Project 1-604] Checkpoint was created with Vivado v2025.2 (64-bit) build 6299465
open_checkpoint: Time (s): cpu = 00:00:27 ; elapsed = 00:00:26 . Memory (MB): peak = 1488.430 ; gain = 1129.547
STEP: open_checkpoint DONE
STEP: opt_design BEGIN
Command: opt_design -directive ExploreArea
INFO: [Vivado_Tcl 4-136] Directive used for opt_design is: ExploreArea
Attempting to get a license for feature 'Implementation' and/or device 'xc7z020'
INFO: [Common 17-349] Got license for feature 'Implementation' and/or device 'xc7z020'
Running DRC as a precondition to command opt_design

Starting DRC Task
INFO: [DRC 23-27] Running DRC with 2 threads
INFO: [Project 1-461] DRC finished with 0 Errors
INFO: [Project 1-462] Please refer to the DRC report (report_drc) for more information.

Time (s): cpu = 00:00:01 ; elapsed = 00:00:01 . Memory (MB): peak = 1488.430 ; gain = 0.000

Starting Logic Optimization Task

Phase 1 Initialization

Phase 1.1 Core Generation And Design Setup
Phase 1.1 Core Generation And Design Setup | Checksum: 1edc1959d

Time (s): cpu = 00:00:00 ; elapsed = 00:00:00.017 . Memory (MB): peak = 1937.348 ; gain = 0.000

Phase 1.2 Setup Constraints And Sort Netlist
Phase 1.2 Setup Constraints And Sort Netlist | Checksum: 1edc1959d

Time (s): cpu = 00:00:00 ; elapsed = 00:00:00.033 . Memory (MB): peak = 1937.348 ; gain = 0.000
Phase 1 Initialization | Checksum: 1edc1959d

Time (s): cpu = 00:00:00 ; elapsed = 00:00:00.036 . Memory (MB): peak = 1937.348 ; gain = 0.000

Phase 2 Timer Update And Timing Data Collection

Phase 2.1 Detect if minReqCache needed
Phase 2.1 Detect if minReqCache needed | Checksum: 1edc1959d

Time (s): cpu = 00:00:00 ; elapsed = 00:00:00.059 . Memory (MB): peak = 1937.348 ; gain = 0.000

Phase 2.2 Timer Update
INFO: [Timing 38-35] Done setting XDC timing constraints.
INFO: [Timing 38-2] Deriving generated clocks
Phase 2.2 Timer Update | Checksum: 1edc1959d

Time (s): cpu = 00:00:03 ; elapsed = 00:00:02 . Memory (MB): peak = 2026.203 ; gain = 88.855

Phase 2.3 Timing Data Collection
Phase 2.3 Timing Data Collection | Checksum: 1edc1959d

Time (s): cpu = 00:00:03 ; elapsed = 00:00:02 . Memory (MB): peak = 2026.203 ; gain = 88.855
Phase 2 Timer Update And Timing Data Collection | Checksum: 1edc1959d

Time (s): cpu = 00:00:03 ; elapsed = 00:00:02 . Memory (MB): peak = 2026.203 ; gain = 88.855

Phase 3 Retarget
INFO: [Opt 31-1851] Number of loadless carry chains removed were: 0
INFO: [Opt 31-1834] Total Chains To Be Transformed Were: 0 AND Number of Transformed insts Created are: 0
INFO: [Opt 31-1566] Pulled 1 inverters resulting in an inversion of 135 pins
INFO: [Opt 31-138] Pushed 1 inverter(s) to 1 load pin(s).
INFO: [Opt 31-49] Retargeted 0 cell(s).
Phase 3 Retarget | Checksum: 13c43b691

Time (s): cpu = 00:00:03 ; elapsed = 00:00:02 . Memory (MB): peak = 2026.203 ; gain = 88.855
Retarget | Checksum: 13c43b691
INFO: [Opt 31-389] Phase Retarget created 0 cells and removed 13 cells
INFO: [Opt 31-1021] In phase Retarget, 1 netlist objects are constrained preventing optimization. Please run opt_design with -debug_log to get more detail. 

Phase 4 Constant propagation
INFO: [Opt 31-138] Pushed 0 inverter(s) to 0 load pin(s).
Phase 4 Constant propagation | Checksum: d5583b1d

Time (s): cpu = 00:00:03 ; elapsed = 00:00:02 . Memory (MB): peak = 2026.203 ; gain = 88.855
Constant propagation | Checksum: d5583b1d
INFO: [Opt 31-389] Phase Constant propagation created 0 cells and removed 0 cells

Phase 5 Sweep
INFO: [Constraints 18-11670] Building netlist checker database with flags, 0x8
Done building netlist checker database: Time (s): cpu = 00:00:00 ; elapsed = 00:00:00.008 . Memory (MB): peak = 2026.203 ; gain = 0.000
Phase 5 Sweep | Checksum: 1731f7e42

Time (s): cpu = 00:00:04 ; elapsed = 00:00:03 . Memory (MB): peak = 2026.203 ; gain = 88.855
Sweep | Checksum: 1731f7e42
INFO: [Opt 31-389] Phase Sweep created 1 cells and removed 0 cells

Phase 6 BUFG optimization
Phase 6 BUFG optimization | Checksum: 1731f7e42

Time (s): cpu = 00:00:04 ; elapsed = 00:00:03 . Memory (MB): peak = 2026.203 ; gain = 88.855
BUFG optimization | Checksum: 1731f7e42
INFO: [Opt 31-662] Phase BUFG optimization created 0 cells of which 0 are BUFGs and removed 0 cells.

Phase 7 Shift Register Optimization
INFO: [Opt 31-1064] SRL Remap converted 0 SRLs to 0 registers and converted 0 registers of register chains to 0 SRLs
Phase 7 Shift Register Optimization | Checksum: 1731f7e42

Time (s): cpu = 00:00:04 ; elapsed = 00:00:03 . Memory (MB): peak = 2026.203 ; gain = 88.855
Shift Register Optimization | Checksum: 1731f7e42
INFO: [Opt 31-389] Phase Shift Register Optimization created 0 cells and removed 0 cells
INFO: [Opt 31-1555] control_set_opt supports Versal devices only, and device 7z020 is unsupported

Phase 8 Resynthesis
INFO: [Timing 38-35] Done setting XDC timing constraints.
INFO: [Opt 31-74] Optimized 3 modules.
INFO: [Opt 31-75] Optimized module 'YH_rv_cpu'.
INFO: [Opt 31-75] Optimized module 'YH_rv_cpu_hazard_unit'.
INFO: [Opt 31-75] Optimized module 'YH_rv_cpu_regfile'.
INFO: [Opt 31-1566] Pulled 146 inverters resulting in an inversion of 890 pins
INFO: [Opt 31-138] Pushed 0 inverter(s) to 0 load pin(s).
INFO: [Constraints 18-11670] Building netlist checker database with flags, 0x8
Done building netlist checker database: Time (s): cpu = 00:00:00 ; elapsed = 00:00:00.010 . Memory (MB): peak = 2032.367 ; gain = 0.000
INFO: [Constraints 18-11670] Building netlist checker database with flags, 0x8
Done building netlist checker database: Time (s): cpu = 00:00:00 ; elapsed = 00:00:00.008 . Memory (MB): peak = 2032.367 ; gain = 0.000
INFO: [Opt 31-138] Pushed 0 inverter(s) to 0 load pin(s).
INFO: [Constraints 18-11670] Building netlist checker database with flags, 0x8
Done building netlist checker database: Time (s): cpu = 00:00:00 ; elapsed = 00:00:00.008 . Memory (MB): peak = 2032.367 ; gain = 0.000
Phase 8 Resynthesis | Checksum: 58435fb1

Time (s): cpu = 00:00:23 ; elapsed = 00:01:04 . Memory (MB): peak = 2032.367 ; gain = 95.020
Resynthesis | Checksum: 58435fb1
INFO: [Opt 31-389] Phase Resynthesis created 3399 cells and removed 3531 cells

Phase 9 Post Processing Netlist
Phase 9 Post Processing Netlist | Checksum: 58435fb1

Time (s): cpu = 00:00:23 ; elapsed = 00:01:04 . Memory (MB): peak = 2032.367 ; gain = 95.020
Post Processing Netlist | Checksum: 58435fb1
INFO: [Opt 31-389] Phase Post Processing Netlist created 0 cells and removed 0 cells

Phase 10 Finalization

Phase 10.1 Finalizing Design Cores and Updating Shapes
Phase 10.1 Finalizing Design Cores and Updating Shapes | Checksum: 11015b6a3

Time (s): cpu = 00:00:23 ; elapsed = 00:01:05 . Memory (MB): peak = 2032.367 ; gain = 95.020

Phase 10.2 Verifying Netlist Connectivity

Starting Connectivity Check Task

Time (s): cpu = 00:00:00 ; elapsed = 00:00:00.046 . Memory (MB): peak = 2032.367 ; gain = 0.000
Phase 10.2 Verifying Netlist Connectivity | Checksum: 11015b6a3

Time (s): cpu = 00:00:23 ; elapsed = 00:01:05 . Memory (MB): peak = 2032.367 ; gain = 95.020
Phase 10 Finalization | Checksum: 11015b6a3

Time (s): cpu = 00:00:23 ; elapsed = 00:01:05 . Memory (MB): peak = 2032.367 ; gain = 95.020
Opt_design Change Summary
=========================


-------------------------------------------------------------------------------------------------------------------------
|  Phase                        |  #Cells created  |  #Cells Removed  |  #Constrained objects preventing optimizations  |
-------------------------------------------------------------------------------------------------------------------------
|  Retarget                     |               0  |              13  |                                              1  |
|  Constant propagation         |               0  |               0  |                                              0  |
|  Sweep                        |               1  |               0  |                                              0  |
|  BUFG optimization            |               0  |               0  |                                              0  |
|  Shift Register Optimization  |               0  |               0  |                                              0  |
|  Resynthesis                  |            3399  |            3531  |                                              0  |
|  Post Processing Netlist      |               0  |               0  |                                              0  |
-------------------------------------------------------------------------------------------------------------------------


Ending Logic Optimization Task | Checksum: 11015b6a3

Time (s): cpu = 00:00:23 ; elapsed = 00:01:05 . Memory (MB): peak = 2032.367 ; gain = 95.020
Netlist sorting complete. Time (s): cpu = 00:00:00 ; elapsed = 00:00:00.011 . Memory (MB): peak = 2032.367 ; gain = 0.000
INFO: [Common 17-83] Releasing license: Implementation
48 Infos, 0 Warnings, 0 Critical Warnings and 0 Errors encountered.
opt_design completed successfully
opt_design: Time (s): cpu = 00:00:29 ; elapsed = 00:01:11 . Memory (MB): peak = 2032.367 ; gain = 543.938
STEP: opt_design DONE
STEP: place_design BEGIN
Command: place_design -directive Explore
Attempting to get a license for feature 'Implementation' and/or device 'xc7z020'
INFO: [Common 17-349] Got license for feature 'Implementation' and/or device 'xc7z020'
INFO: [Common 17-83] Releasing license: Implementation
INFO: [DRC 23-27] Running DRC with 2 threads
INFO: [Vivado_Tcl 4-198] DRC finished with 0 Errors
INFO: [Vivado_Tcl 4-199] Please refer to the DRC report (report_drc) for more information.
INFO: [Timing 38-35] Done setting XDC timing constraints.
INFO: [Vivado_Tcl 4-2302] The placer was invoked with the 'Explore' directive.
Running DRC as a precondition to command place_design
INFO: [DRC 23-27] Running DRC with 2 threads
WARNING: [DRC 23-803] Only the first 20 REQP-1839 messages were issued by mandatory DRC reporting. An additional 1 messages have not been issued. Use 'set_property MAX_MESSAGES <number> [get_drc_check REQP-1839]' to change the number of messages that should be reported.
INFO: [Vivado_Tcl 4-198] DRC finished with 0 Errors, 22 Warnings
INFO: [Vivado_Tcl 4-199] Please refer to the DRC report (report_drc) for more information.
INFO: [Place 30-611] Multithreading enabled for place_design using a maximum of 2 CPUs

Starting Placer Task

Phase 1 Placer Initialization

Phase 1.1 Placer Initialization Netlist Sorting
Netlist sorting complete. Time (s): cpu = 00:00:00 ; elapsed = 00:00:00.014 . Memory (MB): peak = 2032.367 ; gain = 0.000
Phase 1.1 Placer Initialization Netlist Sorting | Checksum: 10ae48c5a

Time (s): cpu = 00:00:00 ; elapsed = 00:00:00.018 . Memory (MB): peak = 2032.367 ; gain = 0.000
Netlist sorting complete. Time (s): cpu = 00:00:00 ; elapsed = 00:00:00.014 . Memory (MB): peak = 2032.367 ; gain = 0.000

Phase 1.2 IO Placement/ Clock Placement/ Build Placer Device
Phase 1.2 IO Placement/ Clock Placement/ Build Placer Device | Checksum: 6b9e0099

Time (s): cpu = 00:00:02 ; elapsed = 00:00:02 . Memory (MB): peak = 2032.367 ; gain = 0.000

Phase 1.3 Build Placer Netlist Model
Phase 1.3 Build Placer Netlist Model | Checksum: 1129643cd

Time (s): cpu = 00:00:12 ; elapsed = 00:00:08 . Memory (MB): peak = 2032.367 ; gain = 0.000

Phase 1.4 Constrain Clocks/Macros
Phase 1.4 Constrain Clocks/Macros | Checksum: 1129643cd

Time (s): cpu = 00:00:12 ; elapsed = 00:00:08 . Memory (MB): peak = 2032.367 ; gain = 0.000
Phase 1 Placer Initialization | Checksum: 1129643cd

Time (s): cpu = 00:00:12 ; elapsed = 00:00:08 . Memory (MB): peak = 2032.367 ; gain = 0.000

Phase 2 Global Placement

Phase 2.1 Floorplanning
Phase 2.1 Floorplanning | Checksum: 10f73903f

Time (s): cpu = 00:00:17 ; elapsed = 00:00:10 . Memory (MB): peak = 2032.367 ; gain = 0.000

Phase 2.2 Update Timing before SLR Path Opt
Phase 2.2 Update Timing before SLR Path Opt | Checksum: d0c370c7

Time (s): cpu = 00:00:21 ; elapsed = 00:00:13 . Memory (MB): peak = 2032.367 ; gain = 0.000

Phase 2.3 Post-Processing in Floorplanning
Phase 2.3 Post-Processing in Floorplanning | Checksum: d0c370c7

Time (s): cpu = 00:00:21 ; elapsed = 00:00:13 . Memory (MB): peak = 2032.367 ; gain = 0.000

Phase 2.4 Global Place Phase1
Phase 2.4 Global Place Phase1 | Checksum: 156f0919f

Time (s): cpu = 00:01:02 ; elapsed = 00:00:38 . Memory (MB): peak = 2032.367 ; gain = 0.000

Phase 2.5 Global Place Phase2

Phase 2.5.1 UpdateTiming Before Physical Synthesis
Phase 2.5.1 UpdateTiming Before Physical Synthesis | Checksum: 151a3cea8

Time (s): cpu = 00:01:07 ; elapsed = 00:00:41 . Memory (MB): peak = 2032.367 ; gain = 0.000

Phase 2.5.2 Physical Synthesis In Placer
INFO: [Physopt 32-1035] Found 233 LUTNM shape to break, 449 LUT instances to create LUTNM shape
INFO: [Physopt 32-1044] Break lutnm for timing: one critical 110, two critical 123, total 233, new lutff created 5
INFO: [Physopt 32-1138] End 1 Pass. Optimized 420 nets or LUTs. Breaked 233 LUTs, combined 187 existing LUTs and moved 0 existing LUT
INFO: [Physopt 32-1132] Very high fanout net 'u_soc/u_cpu/redirect_cache_valid_r[1]_i_2_n_0' is not considered as a candidate in VHFN optimization. The fanout considered for this optimization is changed from 1790 to 543 due to a timing constraint or macro primitives that prevent optimization on all of the loads. To force replication, set the FORCE_MAX_FANOUT property on the net to a number less than 543.
INFO: [Physopt 32-1132] Very high fanout net 'u_soc/u_cpu/redirect_cache_valid_r[11]_i_4_n_0' is not considered as a candidate in VHFN optimization. The fanout considered for this optimization is changed from 1769 to 522 due to a timing constraint or macro primitives that prevent optimization on all of the loads. To force replication, set the FORCE_MAX_FANOUT property on the net to a number less than 522.
INFO: [Physopt 32-1132] Very high fanout net 'u_soc/u_cpu/redirect_cache_valid_r[9]_i_4_n_0' is not considered as a candidate in VHFN optimization. The fanout considered for this optimization is changed from 1768 to 521 due to a timing constraint or macro primitives that prevent optimization on all of the loads. To force replication, set the FORCE_MAX_FANOUT property on the net to a number less than 521.
INFO: [Physopt 32-1132] Very high fanout net 'u_soc/u_cpu/redirect_cache_valid_r[4]_i_3_n_0' is not considered as a candidate in VHFN optimization. The fanout considered for this optimization is changed from 1752 to 505 due to a timing constraint or macro primitives that prevent optimization on all of the loads. To force replication, set the FORCE_MAX_FANOUT property on the net to a number less than 505.
INFO: [Physopt 32-1132] Very high fanout net 'u_soc/u_cpu/redirect_cache_valid_r[2]_i_2_n_0' is not considered as a candidate in VHFN optimization. The fanout considered for this optimization is changed from 1785 to 538 due to a timing constraint or macro primitives that prevent optimization on all of the loads. To force replication, set the FORCE_MAX_FANOUT property on the net to a number less than 538.
INFO: [Physopt 32-1132] Very high fanout net 'u_soc/u_cpu/redirect_cache_valid_r[3]_i_3_n_0' is not considered as a candidate in VHFN optimization. The fanout considered for this optimization is changed from 1768 to 521 due to a timing constraint or macro primitives that prevent optimization on all of the loads. To force replication, set the FORCE_MAX_FANOUT property on the net to a number less than 521.
INFO: [Physopt 32-65] No nets found for high-fanout optimization.
INFO: [Physopt 32-232] Optimized 0 net. Created 0 new instance.
INFO: [Physopt 32-775] End 1 Pass. Optimized 0 net or cell. Created 0 new cell, deleted 0 existing cell and moved 0 existing cell
INFO: [Physopt 32-456] No candidate cells for DSP register optimization found in the design.
INFO: [Physopt 32-775] End 2 Pass. Optimized 0 net or cell. Created 0 new cell, deleted 0 existing cell and moved 0 existing cell
INFO: [Physopt 32-1123] No candidate cells found for Shift Register to Pipeline optimization
INFO: [Physopt 32-775] End 2 Pass. Optimized 0 net or cell. Created 0 new cell, deleted 0 existing cell and moved 0 existing cell
INFO: [Physopt 32-1401] No candidate cells found for Shift Register optimization.
INFO: [Physopt 32-677] No candidate cells for Shift Register optimization found in the design
INFO: [Physopt 32-775] End 1 Pass. Optimized 0 net or cell. Created 0 new cell, deleted 0 existing cell and moved 0 existing cell
INFO: [Physopt 32-526] No candidate cells for BRAM register optimization found in the design
INFO: [Physopt 32-775] End 1 Pass. Optimized 0 net or cell. Created 0 new cell, deleted 0 existing cell and moved 0 existing cell
INFO: [Physopt 32-846] No candidate cells for URAM register optimization found in the design
INFO: [Physopt 32-775] End 1 Pass. Optimized 0 net or cell. Created 0 new cell, deleted 0 existing cell and moved 0 existing cell
INFO: [Physopt 32-846] No candidate cells for URAM register optimization found in the design
INFO: [Physopt 32-775] End 1 Pass. Optimized 0 net or cell. Created 0 new cell, deleted 0 existing cell and moved 0 existing cell
INFO: [Physopt 32-949] No candidate nets found for dynamic/static region interface net replication
INFO: [Physopt 32-775] End 1 Pass. Optimized 0 net or cell. Created 0 new cell, deleted 0 existing cell and moved 0 existing cell
Netlist sorting complete. Time (s): cpu = 00:00:00 ; elapsed = 00:00:00.011 . Memory (MB): peak = 2032.367 ; gain = 0.000

Summary of Physical Synthesis Optimizations
============================================


-----------------------------------------------------------------------------------------------------------------------------------------------------------
|  Optimization                                     |  Added Cells  |  Removed Cells  |  Optimized Cells/Nets  |  Dont Touch  |  Iterations  |  Elapsed   |
-----------------------------------------------------------------------------------------------------------------------------------------------------------
|  LUT Combining                                    |          233  |            187  |                   420  |           0  |           1  |  00:00:01  |
|  Retime                                           |            0  |              0  |                     0  |           0  |           1  |  00:00:00  |
|  Very High Fanout                                 |            0  |              0  |                     0  |           0  |           1  |  00:00:00  |
|  DSP Register                                     |            0  |              0  |                     0  |           0  |           1  |  00:00:00  |
|  Shift Register to Pipeline                       |            0  |              0  |                     0  |           0  |           1  |  00:00:00  |
|  Shift Register                                   |            0  |              0  |                     0  |           0  |           1  |  00:00:00  |
|  BRAM Register                                    |            0  |              0  |                     0  |           0  |           1  |  00:00:00  |
|  URAM Register                                    |            0  |              0  |                     0  |           0  |           1  |  00:00:00  |
|  Dynamic/Static Region Interface Net Replication  |            0  |              0  |                     0  |           0  |           1  |  00:00:00  |
|  Total                                            |          233  |            187  |                   420  |           0  |           9  |  00:00:01  |
-----------------------------------------------------------------------------------------------------------------------------------------------------------


Phase 2.5.2 Physical Synthesis In Placer | Checksum: ab20e388

Time (s): cpu = 00:01:13 ; elapsed = 00:00:45 . Memory (MB): peak = 2032.367 ; gain = 0.000
Phase 2.5 Global Place Phase2 | Checksum: 864a1e87

Time (s): cpu = 00:01:15 ; elapsed = 00:00:46 . Memory (MB): peak = 2032.367 ; gain = 0.000
Phase 2 Global Placement | Checksum: 864a1e87

Time (s): cpu = 00:01:15 ; elapsed = 00:00:46 . Memory (MB): peak = 2032.367 ; gain = 0.000

Phase 3 Detail Placement

Phase 3.1 Commit Multi Column Macros
Phase 3.1 Commit Multi Column Macros | Checksum: 8821bd82

Time (s): cpu = 00:01:21 ; elapsed = 00:00:49 . Memory (MB): peak = 2032.367 ; gain = 0.000

Phase 3.2 Commit Most Macros & LUTRAMs
Phase 3.2 Commit Most Macros & LUTRAMs | Checksum: 1184a6e80

Time (s): cpu = 00:01:31 ; elapsed = 00:00:55 . Memory (MB): peak = 2032.367 ; gain = 0.000

Phase 3.3 Area Swap Optimization
Phase 3.3 Area Swap Optimization | Checksum: 1387ba386

Time (s): cpu = 00:01:31 ; elapsed = 00:00:56 . Memory (MB): peak = 2032.367 ; gain = 0.000

Phase 3.4 Pipeline Register Optimization
Phase 3.4 Pipeline Register Optimization | Checksum: 1a38de080

Time (s): cpu = 00:01:31 ; elapsed = 00:00:56 . Memory (MB): peak = 2032.367 ; gain = 0.000

Phase 3.5 Fast Optimization
Phase 3.5 Fast Optimization | Checksum: 1811d7b0a

Time (s): cpu = 00:01:47 ; elapsed = 00:01:07 . Memory (MB): peak = 2032.367 ; gain = 0.000

Phase 3.6 Small Shape Detail Placement
Phase 3.6 Small Shape Detail Placement | Checksum: 15daf3f32

Time (s): cpu = 00:02:02 ; elapsed = 00:01:23 . Memory (MB): peak = 2032.367 ; gain = 0.000

Phase 3.7 Re-assign LUT pins
Phase 3.7 Re-assign LUT pins | Checksum: 9502dafd

Time (s): cpu = 00:02:05 ; elapsed = 00:01:26 . Memory (MB): peak = 2032.367 ; gain = 0.000

Phase 3.8 Pipeline Register Optimization
Phase 3.8 Pipeline Register Optimization | Checksum: ab2a80e9

Time (s): cpu = 00:02:05 ; elapsed = 00:01:26 . Memory (MB): peak = 2032.367 ; gain = 0.000
Phase 3 Detail Placement | Checksum: ab2a80e9

Time (s): cpu = 00:02:05 ; elapsed = 00:01:26 . Memory (MB): peak = 2032.367 ; gain = 0.000

Phase 4 Post Placement Optimization and Clean-Up

Phase 4.1 Post Commit Optimization
INFO: [Timing 38-35] Done setting XDC timing constraints.

Phase 4.1.1 Post Placement Optimization
Post Placement Optimization Initialization | Checksum: 1ab83d415

Phase 4.1.1.1 BUFG Insertion

Starting Physical Synthesis Task

Phase 1 Physical Synthesis Initialization
INFO: [Physopt 32-721] Multithreading enabled for phys_opt_design using a maximum of 2 CPUs
INFO: [Physopt 32-619] Estimated Timing Summary | WNS=-2.184 | TNS=-358.544 |
Phase 1 Physical Synthesis Initialization | Checksum: 180181fcb

Time (s): cpu = 00:00:01 ; elapsed = 00:00:00.548 . Memory (MB): peak = 2032.367 ; gain = 0.000
INFO: [Place 46-33] Processed net u_soc/u_cpu/reset_sync_r_reg[1], BUFG insertion was skipped due to placement/routing conflicts.
INFO: [Place 46-56] BUFG insertion identified 1 candidate nets. Inserted BUFG: 0, Replicated BUFG Driver: 0, Skipped due to Placement/Routing Conflicts: 1, Skipped due to Timing Degradation: 0, Skipped due to netlist editing failed: 0.
Ending Physical Synthesis Task | Checksum: f74a7499

Time (s): cpu = 00:00:02 ; elapsed = 00:00:01 . Memory (MB): peak = 2032.367 ; gain = 0.000
Phase 4.1.1.1 BUFG Insertion | Checksum: 1ab83d415

Time (s): cpu = 00:02:18 ; elapsed = 00:01:34 . Memory (MB): peak = 2032.367 ; gain = 0.000

Phase 4.1.1.2 Post Placement Timing Optimization
INFO: [Place 30-746] Post Placement Timing Summary WNS=0.372. For the most accurate timing information please run report_timing.
Phase 4.1.1.2 Post Placement Timing Optimization | Checksum: 1dac66717

Time (s): cpu = 00:05:51 ; elapsed = 00:04:49 . Memory (MB): peak = 2032.367 ; gain = 0.000

Time (s): cpu = 00:05:51 ; elapsed = 00:04:49 . Memory (MB): peak = 2032.367 ; gain = 0.000
Phase 4.1 Post Commit Optimization | Checksum: 1dac66717

Time (s): cpu = 00:05:51 ; elapsed = 00:04:49 . Memory (MB): peak = 2032.367 ; gain = 0.000

Phase 4.2 Post Placement Cleanup
Phase 4.2 Post Placement Cleanup | Checksum: 1dac66717

Time (s): cpu = 00:05:52 ; elapsed = 00:04:50 . Memory (MB): peak = 2032.367 ; gain = 0.000

Phase 4.3 Placer Reporting

Phase 4.3.1 Print Estimated Congestion
INFO: [Place 30-612] Post-Placement Estimated Congestion 
 ____________________________________________________
|           | Global Congestion | Short Congestion  |
| Direction | Region Size       | Region Size       |
|___________|___________________|___________________|
|      North|                4x4|                4x4|
|___________|___________________|___________________|
|      South|                1x1|                2x2|
|___________|___________________|___________________|
|       East|                2x2|                4x4|
|___________|___________________|___________________|
|       West|                2x2|                8x8|
|___________|___________________|___________________|

Phase 4.3.1 Print Estimated Congestion | Checksum: 1dac66717

Time (s): cpu = 00:05:52 ; elapsed = 00:04:50 . Memory (MB): peak = 2032.367 ; gain = 0.000
Phase 4.3 Placer Reporting | Checksum: 1dac66717

Time (s): cpu = 00:05:52 ; elapsed = 00:04:50 . Memory (MB): peak = 2032.367 ; gain = 0.000

Phase 4.4 Final Placement Cleanup
Netlist sorting complete. Time (s): cpu = 00:00:00 ; elapsed = 00:00:00.038 . Memory (MB): peak = 2032.367 ; gain = 0.000

Time (s): cpu = 00:05:52 ; elapsed = 00:04:50 . Memory (MB): peak = 2032.367 ; gain = 0.000
Phase 4 Post Placement Optimization and Clean-Up | Checksum: 1be745623

Time (s): cpu = 00:05:52 ; elapsed = 00:04:50 . Memory (MB): peak = 2032.367 ; gain = 0.000
Ending Placer Task | Checksum: 1448207c0

Time (s): cpu = 00:05:52 ; elapsed = 00:04:50 . Memory (MB): peak = 2032.367 ; gain = 0.000
93 Infos, 1 Warnings, 0 Critical Warnings and 0 Errors encountered.
place_design completed successfully
place_design: Time (s): cpu = 00:05:56 ; elapsed = 00:04:53 . Memory (MB): peak = 2032.367 ; gain = 0.000
STEP: place_design DONE
STEP: phys_opt_design_pre_route BEGIN
Command: phys_opt_design -directive Explore
Attempting to get a license for feature 'Implementation' and/or device 'xc7z020'
INFO: [Common 17-349] Got license for feature 'Implementation' and/or device 'xc7z020'
INFO: [Vivado_Tcl 4-137] Directive used for phys_opt_design is: Explore

Starting Initial Update Timing Task

Time (s): cpu = 00:00:10 ; elapsed = 00:00:05 . Memory (MB): peak = 2032.367 ; gain = 0.000
INFO: [Vivado_Tcl 4-2279] Estimated Timing Summary | WNS= 0.372 | TNS= 0.000 | 
INFO: [Vivado_Tcl 4-383] Design worst setup slack (WNS) is greater than or equal to 0.000 ns. All physical synthesis setup optimizations will be skipped.
INFO: [Vivado_Tcl 4-232] No setup violation found. The netlist was not modified.
INFO: [Common 17-83] Releasing license: Implementation
99 Infos, 1 Warnings, 0 Critical Warnings and 0 Errors encountered.
phys_opt_design completed successfully
phys_opt_design: Time (s): cpu = 00:00:10 ; elapsed = 00:00:06 . Memory (MB): peak = 2032.367 ; gain = 0.000
STEP: phys_opt_design_pre_route DONE
STEP: route_design BEGIN
Command: route_design -directive AdvancedSkewModeling
Attempting to get a license for feature 'Implementation' and/or device 'xc7z020'
INFO: [Common 17-349] Got license for feature 'Implementation' and/or device 'xc7z020'


Starting Routing Task
INFO: [Route 35-270] Using Router directive 'AdvancedSkewModeling'.
INFO: [Route 35-254] Multithreading enabled for route_design using a maximum of 2 CPUs

Phase 1 Build RT Design
Checksum: PlaceDB: 895e3a07 ConstDB: 0 ShapeSum: a52a5ac9 RouteDB: 15f972f0
Post Restoration Checksum: NetGraph: c3396c32 | NumContArr: 47abd26e | Constraints: c2a8fa9d | Timing: c2a8fa9d
Phase 1 Build RT Design | Checksum: 2903733da

Time (s): cpu = 00:00:49 ; elapsed = 00:00:39 . Memory (MB): peak = 2032.367 ; gain = 0.000

Phase 2 Router Initialization

Phase 2.1 Fix Topology Constraints
Phase 2.1 Fix Topology Constraints | Checksum: 2903733da

Time (s): cpu = 00:00:50 ; elapsed = 00:00:40 . Memory (MB): peak = 2032.367 ; gain = 0.000

Phase 2.2 Pre Route Cleanup
Phase 2.2 Pre Route Cleanup | Checksum: 2903733da

Time (s): cpu = 00:00:50 ; elapsed = 00:00:40 . Memory (MB): peak = 2032.367 ; gain = 0.000
 Number of Nodes with overlaps = 0

Phase 2.3 Update Timing
Phase 2.3 Update Timing | Checksum: 26df7a722

Time (s): cpu = 00:01:03 ; elapsed = 00:00:47 . Memory (MB): peak = 2032.367 ; gain = 0.000
INFO: [Route 35-416] Intermediate Timing Summary | WNS=0.672  | TNS=0.000  | WHS=-0.021 | THS=-0.112 |


Phase 2.4 Soft Constraint Pins - Fast Budgeting
Phase 2.4 Soft Constraint Pins - Fast Budgeting | Checksum: 20f01d26d

Time (s): cpu = 00:01:08 ; elapsed = 00:00:50 . Memory (MB): peak = 2082.160 ; gain = 49.793

Router Utilization Summary
  Global Vertical Routing Utilization    = 0 %
  Global Horizontal Routing Utilization  = 0 %
  Routable Net Status*
  *Does not include unroutable nets such as driverless and loadless.
  Run report_route_status for detailed report.
  Number of Failed Nets               = 14207
    (Failed Nets is the sum of unrouted and partially routed nets)
  Number of Unrouted Nets             = 14207
  Number of Partially Routed Nets     = 0
  Number of Node Overlaps             = 0

Phase 2 Router Initialization | Checksum: 28c66e8ec

Time (s): cpu = 00:01:09 ; elapsed = 00:00:51 . Memory (MB): peak = 2082.160 ; gain = 49.793

Phase 3 Global Routing
Phase 3 Global Routing | Checksum: 28c66e8ec

Time (s): cpu = 00:01:09 ; elapsed = 00:00:51 . Memory (MB): peak = 2082.160 ; gain = 49.793

Phase 4 Initial Routing

Phase 4.1 Initial Net Routing Pass
Phase 4.1 Initial Net Routing Pass | Checksum: 1b4a9c4b9

Time (s): cpu = 00:01:34 ; elapsed = 00:01:04 . Memory (MB): peak = 2082.160 ; gain = 49.793
Phase 4 Initial Routing | Checksum: 1b4a9c4b9

Time (s): cpu = 00:01:34 ; elapsed = 00:01:04 . Memory (MB): peak = 2082.160 ; gain = 49.793

Phase 5 Rip-up And Reroute

Phase 5.1 Global Iteration 0
 Number of Nodes with overlaps = 6213
 Number of Nodes with overlaps = 1648
 Number of Nodes with overlaps = 720
 Number of Nodes with overlaps = 399
 Number of Nodes with overlaps = 235
 Number of Nodes with overlaps = 110
 Number of Nodes with overlaps = 55
 Number of Nodes with overlaps = 32
 Number of Nodes with overlaps = 13
 Number of Nodes with overlaps = 7
 Number of Nodes with overlaps = 4
 Number of Nodes with overlaps = 1
 Number of Nodes with overlaps = 0
INFO: [Route 35-416] Intermediate Timing Summary | WNS=-1.857 | TNS=-147.473| WHS=N/A    | THS=N/A    |

Phase 5.1 Global Iteration 0 | Checksum: 1d4b04c1a

Time (s): cpu = 00:03:43 ; elapsed = 00:02:32 . Memory (MB): peak = 2082.160 ; gain = 49.793

Phase 5.2 Global Iteration 1
 Number of Nodes with overlaps = 1842
 Number of Nodes with overlaps = 976
 Number of Nodes with overlaps = 510
 Number of Nodes with overlaps = 264
 Number of Nodes with overlaps = 149
 Number of Nodes with overlaps = 86
 Number of Nodes with overlaps = 67
 Number of Nodes with overlaps = 37
 Number of Nodes with overlaps = 8
 Number of Nodes with overlaps = 3
 Number of Nodes with overlaps = 3
 Number of Nodes with overlaps = 0
INFO: [Route 35-416] Intermediate Timing Summary | WNS=-1.182 | TNS=-50.131| WHS=N/A    | THS=N/A    |

Phase 5.2 Global Iteration 1 | Checksum: 2533f347d

Time (s): cpu = 00:05:03 ; elapsed = 00:03:23 . Memory (MB): peak = 2082.160 ; gain = 49.793

Phase 5.3 Global Iteration 2
 Number of Nodes with overlaps = 1843
 Number of Nodes with overlaps = 1017
 Number of Nodes with overlaps = 640
 Number of Nodes with overlaps = 424
 Number of Nodes with overlaps = 165
 Number of Nodes with overlaps = 103
 Number of Nodes with overlaps = 66
 Number of Nodes with overlaps = 36
 Number of Nodes with overlaps = 26
 Number of Nodes with overlaps = 12
 Number of Nodes with overlaps = 5
 Number of Nodes with overlaps = 4
 Number of Nodes with overlaps = 6
 Number of Nodes with overlaps = 1
 Number of Nodes with overlaps = 1
 Number of Nodes with overlaps = 0
INFO: [Route 35-416] Intermediate Timing Summary | WNS=-0.772 | TNS=-74.340| WHS=N/A    | THS=N/A    |

Phase 5.3 Global Iteration 2 | Checksum: 1b58deac7

Time (s): cpu = 00:07:17 ; elapsed = 00:04:57 . Memory (MB): peak = 2082.160 ; gain = 49.793

Phase 5.4 Global Iteration 3
 Number of Nodes with overlaps = 1527
 Number of Nodes with overlaps = 462
 Number of Nodes with overlaps = 211
 Number of Nodes with overlaps = 121
 Number of Nodes with overlaps = 48
 Number of Nodes with overlaps = 28
 Number of Nodes with overlaps = 18
 Number of Nodes with overlaps = 6
 Number of Nodes with overlaps = 3
 Number of Nodes with overlaps = 1
 Number of Nodes with overlaps = 4
 Number of Nodes with overlaps = 0
INFO: [Route 35-416] Intermediate Timing Summary | WNS=-0.712 | TNS=-26.158| WHS=N/A    | THS=N/A    |

Phase 5.4 Global Iteration 3 | Checksum: 1de8489d3

Time (s): cpu = 00:08:35 ; elapsed = 00:05:54 . Memory (MB): peak = 2082.160 ; gain = 49.793

Phase 5.5 Global Iteration 4
 Number of Nodes with overlaps = 2005
 Number of Nodes with overlaps = 803
 Number of Nodes with overlaps = 328
 Number of Nodes with overlaps = 244
 Number of Nodes with overlaps = 92
 Number of Nodes with overlaps = 53
 Number of Nodes with overlaps = 27
 Number of Nodes with overlaps = 17
 Number of Nodes with overlaps = 14
 Number of Nodes with overlaps = 3
 Number of Nodes with overlaps = 1
 Number of Nodes with overlaps = 0
INFO: [Route 35-416] Intermediate Timing Summary | WNS=-0.578 | TNS=-46.707| WHS=N/A    | THS=N/A    |

Phase 5.5 Global Iteration 4 | Checksum: 2685db4ba

Time (s): cpu = 00:10:24 ; elapsed = 00:07:11 . Memory (MB): peak = 2082.160 ; gain = 49.793
Phase 5 Rip-up And Reroute | Checksum: 2685db4ba

Time (s): cpu = 00:10:24 ; elapsed = 00:07:11 . Memory (MB): peak = 2082.160 ; gain = 49.793

Phase 6 Delay and Skew Optimization

Phase 6.1 Delay CleanUp

Phase 6.1.1 Update Timing
Phase 6.1.1 Update Timing | Checksum: 2685db4ba

Time (s): cpu = 00:10:24 ; elapsed = 00:07:11 . Memory (MB): peak = 2082.160 ; gain = 49.793
INFO: [Route 35-416] Intermediate Timing Summary | WNS=-0.578 | TNS=-46.707| WHS=N/A    | THS=N/A    |

 Number of Nodes with overlaps = 0
Phase 6.1 Delay CleanUp | Checksum: 288781498

Time (s): cpu = 00:10:24 ; elapsed = 00:07:12 . Memory (MB): peak = 2082.160 ; gain = 49.793

Phase 6.2 Clock Skew Optimization
Phase 6.2 Clock Skew Optimization | Checksum: 288781498

Time (s): cpu = 00:10:24 ; elapsed = 00:07:12 . Memory (MB): peak = 2082.160 ; gain = 49.793
Phase 6 Delay and Skew Optimization | Checksum: 288781498

Time (s): cpu = 00:10:25 ; elapsed = 00:07:12 . Memory (MB): peak = 2082.160 ; gain = 49.793

Phase 7 Post Hold Fix

Phase 7.1 Hold Fix Iter
INFO: [Route 35-416] Intermediate Timing Summary | WNS=-0.434 | TNS=-40.459| WHS=0.121  | THS=0.000  |

Phase 7.1 Hold Fix Iter | Checksum: 2e9e44a6f

Time (s): cpu = 00:10:27 ; elapsed = 00:07:13 . Memory (MB): peak = 2082.160 ; gain = 49.793
Phase 7 Post Hold Fix | Checksum: 2e9e44a6f

Time (s): cpu = 00:10:27 ; elapsed = 00:07:13 . Memory (MB): peak = 2082.160 ; gain = 49.793

Phase 8 Route finalize

Router Utilization Summary
  Global Vertical Routing Utilization    = 9.65983 %
  Global Horizontal Routing Utilization  = 9.78685 %
  Routable Net Status*
  *Does not include unroutable nets such as driverless and loadless.
  Run report_route_status for detailed report.
  Number of Failed Nets               = 0
    (Failed Nets is the sum of unrouted and partially routed nets)
  Number of Unrouted Nets             = 0
  Number of Partially Routed Nets     = 0
  Number of Node Overlaps             = 0


--GLOBAL Congestion:
Utilization threshold used for congestion level computation: 0.85
Congestion Report
North Dir 1x1 Area, Max Cong = 91.8919%, Congestion bounded by tiles (Lower Left Tile -> Upper Right Tile):
   INT_L_X40Y85 -> INT_L_X40Y85
South Dir 1x1 Area, Max Cong = 99.0991%, Congestion bounded by tiles (Lower Left Tile -> Upper Right Tile):
   INT_L_X40Y84 -> INT_L_X40Y84
   INT_L_X30Y77 -> INT_L_X30Y77
   INT_L_X38Y77 -> INT_L_X38Y77
   INT_L_X40Y72 -> INT_L_X40Y72
   INT_L_X30Y71 -> INT_L_X30Y71
East Dir 1x1 Area, Max Cong = 97.0588%, Congestion bounded by tiles (Lower Left Tile -> Upper Right Tile):
   INT_L_X38Y84 -> INT_L_X38Y84
   INT_L_X40Y77 -> INT_L_X40Y77
   INT_L_X36Y72 -> INT_L_X36Y72
   INT_L_X30Y71 -> INT_L_X30Y71
   INT_L_X36Y70 -> INT_L_X36Y70
West Dir 2x2 Area, Max Cong = 89.3382%, Congestion bounded by tiles (Lower Left Tile -> Upper Right Tile):
   INT_L_X40Y68 -> INT_R_X41Y69
   INT_L_X40Y66 -> INT_R_X41Y67
   INT_L_X40Y62 -> INT_R_X41Y63

------------------------------
Reporting congestion hotspots
------------------------------
Direction: North
----------------
Congested clusters found at Level 0
Effective congestion level: 0 Aspect Ratio: 1 Sparse Ratio: 1
Direction: South
----------------
Congested clusters found at Level 0
Effective congestion level: 1 Aspect Ratio: 1 Sparse Ratio: 0.75
Direction: East
----------------
Congested clusters found at Level 0
Effective congestion level: 1 Aspect Ratio: 1 Sparse Ratio: 0.75
Direction: West
----------------
Congested clusters found at Level 0
Effective congestion level: 2 Aspect Ratio: 0.333333 Sparse Ratio: 0.9375

Phase 8 Route finalize | Checksum: 2e9e44a6f

Time (s): cpu = 00:10:27 ; elapsed = 00:07:13 . Memory (MB): peak = 2082.160 ; gain = 49.793

Phase 9 Verifying routed nets

 Verification completed successfully
Phase 9 Verifying routed nets | Checksum: 2e9e44a6f

Time (s): cpu = 00:10:27 ; elapsed = 00:07:13 . Memory (MB): peak = 2082.160 ; gain = 49.793

Phase 10 Depositing Routes
Phase 10 Depositing Routes | Checksum: 2b22ffb16

Time (s): cpu = 00:10:31 ; elapsed = 00:07:17 . Memory (MB): peak = 2082.160 ; gain = 49.793

Phase 11 Post Process Routing
Phase 11 Post Process Routing | Checksum: 2b22ffb16

Time (s): cpu = 00:10:31 ; elapsed = 00:07:17 . Memory (MB): peak = 2082.160 ; gain = 49.793

Phase 12 Post Router Timing
INFO: [Route 35-57] Estimated Timing Summary | WNS=-0.434 | TNS=-40.459| WHS=0.121  | THS=0.000  |

WARNING: [Route 35-328] Router estimated timing not met.
Resolution: For a complete and accurate timing signoff, report_timing_summary must be run after route_design. Alternatively, route_design can be run with the -timing_summary option to enable a complete timing signoff at the end of route_design.
Phase 12 Post Router Timing | Checksum: 2b22ffb16

Time (s): cpu = 00:10:31 ; elapsed = 00:07:17 . Memory (MB): peak = 2082.160 ; gain = 49.793
Total Elapsed time in route_design: 436.689 secs

Phase 13 Post-Route Event Processing
Phase 13 Post-Route Event Processing | Checksum: 1a67dab99

Time (s): cpu = 00:10:31 ; elapsed = 00:07:17 . Memory (MB): peak = 2082.160 ; gain = 49.793
INFO: [Route 35-16] Router Completed Successfully
Ending Routing Task | Checksum: 1a67dab99

Time (s): cpu = 00:10:32 ; elapsed = 00:07:17 . Memory (MB): peak = 2082.160 ; gain = 49.793

Routing Is Done.
INFO: [Common 17-83] Releasing license: Implementation
113 Infos, 2 Warnings, 0 Critical Warnings and 0 Errors encountered.
route_design completed successfully
route_design: Time (s): cpu = 00:10:32 ; elapsed = 00:07:17 . Memory (MB): peak = 2082.160 ; gain = 49.793
STEP: route_design DONE
STEP: phys_opt_design_post_route BEGIN
Command: phys_opt_design -directive AggressiveExplore
Attempting to get a license for feature 'Implementation' and/or device 'xc7z020'
INFO: [Common 17-349] Got license for feature 'Implementation' and/or device 'xc7z020'
INFO: [Vivado_Tcl 4-241] Physical synthesis in post route mode 
INFO: [Vivado_Tcl 4-137] Directive used for phys_opt_design is: AggressiveExplore

Starting Initial Update Timing Task

Time (s): cpu = 00:00:11 ; elapsed = 00:00:05 . Memory (MB): peak = 2082.160 ; gain = 0.000
INFO: [Vivado_Tcl 4-1435] PhysOpt_Tcl_Interface Runtime Before Starting Physical Synthesis Task | CPU: 13.00s |  WALL: 7.41s
Netlist sorting complete. Time (s): cpu = 00:00:00 ; elapsed = 00:00:00.010 . Memory (MB): peak = 2082.160 ; gain = 0.000

Starting Physical Synthesis Task

Phase 1 Physical Synthesis Initialization
INFO: [Physopt 32-721] Multithreading enabled for phys_opt_design using a maximum of 2 CPUs
INFO: [Physopt 32-668] Current Timing Summary | WNS=-0.425 | TNS=-37.588 | WHS=0.121 | THS=0.000 |
Phase 1 Physical Synthesis Initialization | Checksum: 2044ce98c

Time (s): cpu = 00:00:05 ; elapsed = 00:00:03 . Memory (MB): peak = 2082.160 ; gain = 0.000

Phase 2 Critical Path Optimization
INFO: [Physopt 32-668] Current Timing Summary | WNS=-0.425 | TNS=-37.588 | WHS=0.121 | THS=0.000 |
INFO: [Physopt 32-953] Path group WNS did not improve. Path group: gen_pynq_clk_50m.clkout0. Processed net: u_soc/u_cpu/if_id_instruction_r_reg[12]_bret__3_n_0.
INFO: [Physopt 32-953] Path group WNS did not improve. Path group: gen_pynq_clk_50m.clkout0. Processed net: gen_pynq_clk_50m.clkout0.
INFO: [Physopt 32-710] Processed net u_soc/u_cpu/gen_dcache.u_dcache/if_id_instruction_r[12]_bret__3_i_3_3. Critical path length was reduced through logic transformation on cell u_soc/u_cpu/gen_dcache.u_dcache/if_id_instruction_r[12]_bret__3_i_1_comp.
INFO: [Physopt 32-952] Improved path group WNS = -0.419. Path group: gen_pynq_clk_50m.clkout0. Processed net: u_soc/u_cpu/gen_dcache.u_dcache/if_id_instruction_r[12]_bret__3_i_3_n_0.
INFO: [Physopt 32-953] Path group WNS did not improve. Path group: gen_pynq_clk_50m.clkout0. Processed net: u_soc/u_cpu/id_ex_alu_op_r_reg[3]_bret__0_n_0.
INFO: [Physopt 32-953] Path group WNS did not improve. Path group: gen_pynq_clk_50m.clkout0. Processed net: u_soc/u_cpu/gen_dcache.u_dcache/if_id_instruction_r[12]_bret__3_i_3_n_0.
INFO: [Physopt 32-608] Optimized 1 net.  Swapped 19 pins.
INFO: [Physopt 32-952] Improved path group WNS = -0.324. Path group: gen_pynq_clk_50m.clkout0. Processed net: u_soc/u_cpu/gen_dcache.u_dcache/id_ex_imm_r[1]_bret__3_i_2_n_0.
INFO: [Physopt 32-953] Path group WNS did not improve. Path group: gen_pynq_clk_50m.clkout0. Processed net: u_soc/u_cpu/gen_dcache.u_dcache/id_ex_imm_r[1]_bret__3_i_2_n_0.
INFO: [Physopt 32-953] Path group WNS did not improve. Path group: gen_pynq_clk_50m.clkout0. Processed net: u_soc/u_cpu/gen_dcache.u_dcache/id_ex_imm_r[1]_bret__3_i_4_n_0.
INFO: [Physopt 32-608] Optimized 1 net.  Swapped 18 pins.
INFO: [Physopt 32-952] Improved path group WNS = -0.290. Path group: gen_pynq_clk_50m.clkout0. Processed net: u_soc/u_cpu/gen_dcache.u_dcache/id_ex_imm_r[1]_bret__3_i_7_n_0.
INFO: [Physopt 32-953] Path group WNS did not improve. Path group: gen_pynq_clk_50m.clkout0. Processed net: u_soc/u_cpu/gen_dcache.u_dcache/id_ex_imm_r[1]_bret__3_i_5_n_0.
INFO: [Physopt 32-953] Path group WNS did not improve. Path group: gen_pynq_clk_50m.clkout0. Processed net: u_soc/u_cpu/gen_dcache.u_dcache/id_ex_imm_r[1]_bret__3_i_8_n_0.
INFO: [Physopt 32-953] Path group WNS did not improve. Path group: gen_pynq_clk_50m.clkout0. Processed net: u_soc/u_cpu/gen_dcache.u_dcache/fold_light_funct3[1].
INFO: [Physopt 32-953] Path group WNS did not improve. Path group: gen_pynq_clk_50m.clkout0. Processed net: u_soc/u_cpu/gen_dcache.u_dcache/if_id_instruction_r[13]_bret__1_i_3_n_0.
INFO: [Physopt 32-953] Path group WNS did not improve. Path group: gen_pynq_clk_50m.clkout0. Processed net: u_soc/u_cpu/gen_dcache.u_dcache/if_id_instruction_r[12]_bret__3_i_3_0.
INFO: [Physopt 32-953] Path group WNS did not improve. Path group: gen_pynq_clk_50m.clkout0. Processed net: u_soc/u_cpu/gen_dcache.u_dcache/id_ex_branch_predict_pc_r_reg[7]_bret__0_i_1_0[1].
INFO: [Physopt 32-952] Improved path group WNS = -0.287. Path group: gen_pynq_clk_50m.clkout0. Processed net: u_soc/u_cpu/gen_dcache.u_dcache/id_ex_valid_r_reg_2.
INFO: [Physopt 32-953] Path group WNS did not improve. Path group: gen_pynq_clk_50m.clkout0. Processed net: u_soc/u_cpu/gen_dcache.u_dcache/id_ex_valid_r_reg_2.
INFO: [Physopt 32-953] Path group WNS did not improve. Path group: gen_pynq_clk_50m.clkout0. Processed net: u_soc/u_cpu/gen_dcache.u_dcache/redirect_cache_instruction_r_reg_r1_0_63_0_2_i_25_n_0.
INFO: [Physopt 32-953] Path group WNS did not improve. Path group: gen_pynq_clk_50m.clkout0. Processed net: u_soc/u_cpu/gen_dcache.u_dcache/ex_mem_rd_en_r_i_6_n_0.
INFO: [Physopt 32-608] Optimized 1 net.  Swapped 21 pins.
INFO: [Physopt 32-952] Improved path group WNS = -0.262. Path group: gen_pynq_clk_50m.clkout0. Processed net: u_soc/u_cpu/gen_dcache.u_dcache/ex_mem_rd_en_r_i_13_n_0.
INFO: [Physopt 32-953] Path group WNS did not improve. Path group: gen_pynq_clk_50m.clkout0. Processed net: u_soc/u_cpu/redirect_cache_instruction_r_reg_r3_320_383_24_26/DOA.
INFO: [Physopt 32-953] Path group WNS did not improve. Path group: gen_pynq_clk_50m.clkout0. Processed net: u_soc/u_cpu/gen_dcache.u_dcache/redirect_cache_update_valid.
INFO: [Physopt 32-710] Processed net u_soc/u_cpu/gen_dcache.u_dcache/redirect_cache_update_valid. Critical path length was reduced through logic transformation on cell u_soc/u_cpu/gen_dcache.u_dcache/redirect_cache_instruction_r_reg_r1_0_63_0_2_i_17_comp.
INFO: [Physopt 32-952] Improved path group WNS = -0.213. Path group: gen_pynq_clk_50m.clkout0. Processed net: u_soc/u_cpu/gen_dcache.u_dcache/fetch_buf1_pc_r[31]_i_2_n_0.
INFO: [Physopt 32-953] Path group WNS did not improve. Path group: gen_pynq_clk_50m.clkout0. Processed net: u_soc/u_cpu/gen_dcache.u_dcache/ex_mem_rd_en_r_i_13_n_0.
INFO: [Physopt 32-710] Processed net u_soc/u_cpu/gen_dcache.u_dcache/ex_mem_rd_en_r_i_13_n_0. Critical path length was reduced through logic transformation on cell u_soc/u_cpu/gen_dcache.u_dcache/ex_mem_rd_en_r_i_13_comp.
INFO: [Physopt 32-952] Improved path group WNS = -0.207. Path group: gen_pynq_clk_50m.clkout0. Processed net: u_soc/u_cpu/gen_dcache.u_dcache/ex_mem_exec_result_r_reg[9].
INFO: [Physopt 32-953] Path group WNS did not improve. Path group: gen_pynq_clk_50m.clkout0. Processed net: u_soc/u_cpu/gen_dcache.u_dcache/redirect_cache_instruction_r_reg_r1_0_63_0_2_i_29_n_0.
INFO: [Physopt 32-608] Optimized 1 net.  Swapped 24 pins.
INFO: [Physopt 32-952] Improved path group WNS = -0.166. Path group: gen_pynq_clk_50m.clkout0. Processed net: u_soc/u_cpu/gen_dcache.u_dcache/ex_rs2_forwarded[25].
INFO: [Physopt 32-608] Optimized 1 net.  Swapped 22 pins.
INFO: [Physopt 32-952] Improved path group WNS = -0.136. Path group: gen_pynq_clk_50m.clkout0. Processed net: u_soc/u_cpu/gen_dcache.u_dcache/ex_mem_rd_en_r_i_14_n_0.
INFO: [Physopt 32-953] Path group WNS did not improve. Path group: gen_pynq_clk_50m.clkout0. Processed net: u_soc/u_cpu/gen_dcache.u_dcache/ex_rs2_forwarded[25].
INFO: [Physopt 32-953] Path group WNS did not improve. Path group: gen_pynq_clk_50m.clkout0. Processed net: u_soc/u_cpu/gen_dcache.u_dcache/ex_mem_store_data_r[31]_i_9_n_0.
INFO: [Physopt 32-953] Path group WNS did not improve. Path group: gen_pynq_clk_50m.clkout0. Processed net: u_soc/u_cpu/gen_dcache.u_dcache/csr_mtvec_r[31]_i_19_n_0.
INFO: [Physopt 32-953] Path group WNS did not improve. Path group: gen_pynq_clk_50m.clkout0. Processed net: u_soc/u_cpu/gen_dcache.u_dcache/mem_wb_load_data_r[23]_i_3_n_0.
INFO: [Physopt 32-953] Path group WNS did not improve. Path group: gen_pynq_clk_50m.clkout0. Processed net: u_soc/u_cpu/gen_dcache.u_dcache/mem_wb_load_data_r[23]_i_10_n_0.
INFO: [Physopt 32-953] Path group WNS did not improve. Path group: gen_pynq_clk_50m.clkout0. Processed net: u_soc/u_cpu/gen_dcache.u_dcache/mem_wb_load_data_r_reg[23]_i_18_n_0.
INFO: [Physopt 32-608] Optimized 1 net.  Swapped 24 pins.
INFO: [Physopt 32-952] Improved path group WNS = -0.068. Path group: gen_pynq_clk_50m.clkout0. Processed net: u_soc/u_cpu/gen_dcache.u_dcache/mem_wb_load_data_r[23]_i_37_n_0.
INFO: [Physopt 32-953] Path group WNS did not improve. Path group: gen_pynq_clk_50m.clkout0. Processed net: u_soc/u_cpu/gen_dcache.u_dcache/mem_wb_load_data_r[23]_i_37_n_0.
INFO: [Physopt 32-953] Path group WNS did not improve. Path group: gen_pynq_clk_50m.clkout0. Processed net: u_soc/u_cpu/gen_dcache.u_dcache/mem_wb_load_data_r_reg[23]_i_94_n_0.
INFO: [Physopt 32-953] Path group WNS did not improve. Path group: gen_pynq_clk_50m.clkout0. Processed net: u_soc/u_cpu/gen_dcache.u_dcache/mem_wb_load_data_r_reg[23]_i_213_n_0.
INFO: [Physopt 32-953] Path group WNS did not improve. Path group: gen_pynq_clk_50m.clkout0. Processed net: u_soc/u_cpu/gen_dcache.u_dcache/mem_wb_load_data_r[23]_i_387_n_0.
INFO: [Physopt 32-953] Path group WNS did not improve. Path group: gen_pynq_clk_50m.clkout0. Processed net: u_soc/u_cpu/redirect_cache_instruction_r_reg_r1_64_127_12_14/DOB.
INFO: [Physopt 32-703] Processed net u_soc/u_cpu/gen_dcache.u_dcache/cache_tag_reg[95]_159[0]. Clock skew was adjusted for instance u_soc/u_cpu/gen_dcache.u_dcache/cache_tag_reg[95][0].
INFO: [Physopt 32-952] Improved path group WNS = -0.055. Path group: gen_pynq_clk_50m.clkout0. Processed net: u_soc/u_cpu/gen_dcache.u_dcache/cache_tag_reg[95]_159[0].
INFO: [Physopt 32-703] Processed net u_soc/u_cpu/ex_mem_mem_addr_r_reg[3]_rep_n_0. Clock skew was adjusted for instance u_soc/u_cpu/ex_mem_mem_addr_r_reg[3]_rep.
INFO: [Physopt 32-735] Processed net u_soc/u_cpu/ex_mem_mem_addr_r_reg[3]_rep_n_0. Optimization improves timing on the net.
INFO: [Physopt 32-668] Current Timing Summary | WNS=0.056 | TNS=0.000 | WHS=0.121 | THS=0.000 |
INFO: [Physopt 32-668] Current Timing Summary | WNS=0.056 | TNS=0.000 | WHS=0.121 | THS=0.000 |
Netlist sorting complete. Time (s): cpu = 00:00:00 ; elapsed = 00:00:00.011 . Memory (MB): peak = 2088.852 ; gain = 0.000
Phase 2 Critical Path Optimization | Checksum: 2044ce98c

Time (s): cpu = 00:03:36 ; elapsed = 00:02:35 . Memory (MB): peak = 2088.852 ; gain = 6.691

Phase 3 Hold Fix Optimization
INFO: [Physopt 32-668] Current Timing Summary | WNS=0.056 | TNS=0.000 | WHS=0.121 | THS=0.000 |
INFO: [Physopt 32-1493] The number of hold_fix net fail limit is 5.
INFO: [Physopt 32-66] No high hold slack nets found for hold slack optimization.
INFO: [Physopt 32-668] Current Timing Summary | WNS=0.056 | TNS=0.000 | WHS=0.121 | THS=0.000 |
Phase 3 Hold Fix Optimization | Checksum: 2044ce98c

Time (s): cpu = 00:03:36 ; elapsed = 00:02:35 . Memory (MB): peak = 2088.852 ; gain = 6.691
Netlist sorting complete. Time (s): cpu = 00:00:00 ; elapsed = 00:00:00.011 . Memory (MB): peak = 2088.852 ; gain = 0.000
INFO: [Physopt 32-669] Post Physical Optimization Timing Summary | WNS=0.056 | TNS=0.000 | WHS=0.121 | THS=0.000 |

Summary of Physical Synthesis Optimizations
============================================


-------------------------------------------------------------------------------------------------------------------------------------------------------------
|  Optimization   |  WNS Gain (ns)  |  TNS Gain (ns)  |  Added Cells  |  Removed Cells  |  Optimized Cells/Nets  |  Dont Touch  |  Iterations  |  Elapsed   |
-------------------------------------------------------------------------------------------------------------------------------------------------------------
|  Critical Path  |          0.480  |         37.588  |            0  |              0  |                    12  |           0  |           1  |  00:02:32  |
-------------------------------------------------------------------------------------------------------------------------------------------------------------


Summary of Hold Fix Optimizations
=================================


--------------------------------------------------------------------------------------------------------------------------------------------------------------
|  Optimization               |  WHS Gain (ns)  |  THS Gain (ns)  |  Added LUTs  |  Added FFs  |  Optimized Nets  |  Dont Touch  |  Iterations  |  Elapsed   |
--------------------------------------------------------------------------------------------------------------------------------------------------------------
|  LUT1 and ZHOLD Insertion   |          0.000  |          0.000  |           0  |          0  |               0  |           0  |           0  |  00:00:00  |
|  Total                      |          0.000  |          0.000  |           0  |          0  |               0  |           0  |           0  |  00:00:00  |
--------------------------------------------------------------------------------------------------------------------------------------------------------------


Netlist sorting complete. Time (s): cpu = 00:00:00 ; elapsed = 00:00:00.010 . Memory (MB): peak = 2088.852 ; gain = 0.000
Ending Physical Synthesis Task | Checksum: 358b99362

Time (s): cpu = 00:03:36 ; elapsed = 00:02:35 . Memory (MB): peak = 2088.852 ; gain = 6.691
INFO: [Common 17-83] Releasing license: Implementation
181 Infos, 2 Warnings, 0 Critical Warnings and 0 Errors encountered.
phys_opt_design completed successfully
phys_opt_design: Time (s): cpu = 00:03:49 ; elapsed = 00:02:43 . Memory (MB): peak = 2088.852 ; gain = 6.691
STEP: phys_opt_design_post_route DONE
STEP: report_impl_utilization BEGIN
STEP: report_impl_utilization DONE
STEP: report_impl_timing_summary BEGIN
INFO: [Timing 38-91] UpdateTimingParams: Speed grade: -1, Delay Type: min_max.
INFO: [Timing 38-191] Multithreading enabled for timing update using a maximum of 2 CPUs
report_timing_summary: Time (s): cpu = 00:00:14 ; elapsed = 00:00:08 . Memory (MB): peak = 2088.852 ; gain = 0.000
STEP: report_impl_timing_summary DONE
STEP: report_impl_timing_setup_top20 BEGIN
INFO: [Timing 38-91] UpdateTimingParams: Speed grade: -1, Delay Type: max.
INFO: [Timing 38-191] Multithreading enabled for timing update using a maximum of 2 CPUs
INFO: [Timing 38-78] ReportTimingParams: -max_paths 20 -nworst 5 -delay_type max -sort_by group.
STEP: report_impl_timing_setup_top20 DONE
STEP: report_impl_timing_hold_top20 BEGIN
INFO: [Timing 38-91] UpdateTimingParams: Speed grade: -1, Delay Type: min.
INFO: [Timing 38-191] Multithreading enabled for timing update using a maximum of 2 CPUs
INFO: [Timing 38-78] ReportTimingParams: -max_paths 20 -nworst 5 -delay_type min -sort_by group.
STEP: report_impl_timing_hold_top20 DONE
STEP: report_impl_methodology BEGIN
Command: report_methodology -file D:/BaiduSyncdisk/02_icdc_workspace/.worktrees/strict50-impl136-opt-20260625/artifacts/strict_50m_timing_opt_20260609/impl220_impl200_optExploreArea_routeAdvancedSkewModeling_postAggressive_cpu50/reports_cpu50/impl_methodology.rpt
INFO: [Timing 38-35] Done setting XDC timing constraints.
INFO: [DRC 23-133] Running Methodology with 2 threads
INFO: [Vivado_Tcl 2-1520] The results of Report Methodology are in file D:/BaiduSyncdisk/02_icdc_workspace/.worktrees/strict50-impl136-opt-20260625/artifacts/strict_50m_timing_opt_20260609/impl220_impl200_optExploreArea_routeAdvancedSkewModeling_postAggressive_cpu50/reports_cpu50/impl_methodology.rpt.
report_methodology completed successfully
report_methodology: Time (s): cpu = 00:00:16 ; elapsed = 00:00:09 . Memory (MB): peak = 2088.852 ; gain = 0.000
STEP: report_impl_methodology DONE
STEP: report_impl_route_status BEGIN
STEP: report_impl_route_status DONE
STEP: write_checkpoint_impl BEGIN
INFO: [Timing 38-480] Writing timing data to binary archive.
Wrote PlaceDB: Time (s): cpu = 00:00:00 ; elapsed = 00:00:00 . Memory (MB): peak = 2088.852 ; gain = 0.000
Wrote PulsedLatchDB: Time (s): cpu = 00:00:00 ; elapsed = 00:00:00 . Memory (MB): peak = 2088.852 ; gain = 0.000
Writing XDEF routing.
Writing XDEF routing logical nets.
Write ShapeDB Complete: Time (s): cpu = 00:00:00 ; elapsed = 00:00:00.043 . Memory (MB): peak = 2088.852 ; gain = 0.000
Writing XDEF routing special nets.
Wrote RouteStorage: Time (s): cpu = 00:00:01 ; elapsed = 00:00:00.321 . Memory (MB): peak = 2088.852 ; gain = 0.000
Wrote PlaceStorage: Time (s): cpu = 00:00:02 ; elapsed = 00:00:01 . Memory (MB): peak = 2088.852 ; gain = 0.000
Wrote Netlist Cache: Time (s): cpu = 00:00:00 ; elapsed = 00:00:00.033 . Memory (MB): peak = 2088.852 ; gain = 0.000
Wrote Device Cache: Time (s): cpu = 00:00:00 ; elapsed = 00:00:00.013 . Memory (MB): peak = 2088.852 ; gain = 0.000
Write Physdb Complete: Time (s): cpu = 00:00:03 ; elapsed = 00:00:01 . Memory (MB): peak = 2088.852 ; gain = 0.000
INFO: [Common 17-1381] The checkpoint 'D:/BaiduSyncdisk/02_icdc_workspace/.worktrees/strict50-impl136-opt-20260625/artifacts/strict_50m_timing_opt_20260609/impl220_impl200_optExploreArea_routeAdvancedSkewModeling_postAggressive_cpu50/dcp/cpu50_impl.dcp' has been generated.
STEP: write_checkpoint_impl DONE
INFO: Implementation completed from synth checkpoint.
INFO: [Common 17-206] Exiting Vivado at Wed Jul  1 07:06:10 2026...
