п»ҝINFO: [VRFC 10-2263] Analyzing SystemVerilog file "D:/BaiduSyncdisk/02_icdc_workspace/01-пҝҪпҝҪДҝпҝҪпҝҪпҝҪпҝҪ/03-пҝҪбҪ»пҝҪпҝҪпҝҪпҝҪ/ФҙпҝҪпҝҪпҝҪпҝҪ/CICC1003618_еҲқиөӣ_жәҗд»Јз Ғ/tb/YH_rv_cpu_zmmul_tb.v" into library work
INFO: [VRFC 10-311] analyzing module YH_rv_cpu_zmmul_tb
INFO: [VRFC 10-2263] Analyzing SystemVerilog file "D:/BaiduSyncdisk/02_icdc_workspace/01-пҝҪпҝҪДҝпҝҪпҝҪпҝҪпҝҪ/03-пҝҪбҪ»пҝҪпҝҪпҝҪпҝҪ/ФҙпҝҪпҝҪпҝҪпҝҪ/CICC1003618_еҲқиөӣ_жәҗд»Јз Ғ/rtl/YH_rv_cpu.v" into library work
INFO: [VRFC 10-311] analyzing module YH_rv_cpu
INFO: [VRFC 10-2263] Analyzing SystemVerilog file "D:/BaiduSyncdisk/02_icdc_workspace/01-пҝҪпҝҪДҝпҝҪпҝҪпҝҪпҝҪ/03-пҝҪбҪ»пҝҪпҝҪпҝҪпҝҪ/ФҙпҝҪпҝҪпҝҪпҝҪ/CICC1003618_еҲқиөӣ_жәҗд»Јз Ғ/rtl/YH_rv_cpu_if_stage.v" into library work
INFO: [VRFC 10-311] analyzing module YH_rv_cpu_if_stage
INFO: [VRFC 10-2263] Analyzing SystemVerilog file "D:/BaiduSyncdisk/02_icdc_workspace/01-пҝҪпҝҪДҝпҝҪпҝҪпҝҪпҝҪ/03-пҝҪбҪ»пҝҪпҝҪпҝҪпҝҪ/ФҙпҝҪпҝҪпҝҪпҝҪ/CICC1003618_еҲқиөӣ_жәҗд»Јз Ғ/rtl/YH_rv_cpu_id_stage.v" into library work
INFO: [VRFC 10-311] analyzing module YH_rv_cpu_id_stage
INFO: [VRFC 10-2263] Analyzing SystemVerilog file "D:/BaiduSyncdisk/02_icdc_workspace/01-пҝҪпҝҪДҝпҝҪпҝҪпҝҪпҝҪ/03-пҝҪбҪ»пҝҪпҝҪпҝҪпҝҪ/ФҙпҝҪпҝҪпҝҪпҝҪ/CICC1003618_еҲқиөӣ_жәҗд»Јз Ғ/rtl/YH_rv_cpu_ex_stage.v" into library work
INFO: [VRFC 10-311] analyzing module YH_rv_cpu_ex_stage
INFO: [VRFC 10-2263] Analyzing SystemVerilog file "D:/BaiduSyncdisk/02_icdc_workspace/01-пҝҪпҝҪДҝпҝҪпҝҪпҝҪпҝҪ/03-пҝҪбҪ»пҝҪпҝҪпҝҪпҝҪ/ФҙпҝҪпҝҪпҝҪпҝҪ/CICC1003618_еҲқиөӣ_жәҗд»Јз Ғ/rtl/YH_rv_cpu_mem_stage.v" into library work
INFO: [VRFC 10-311] analyzing module YH_rv_cpu_mem_stage
INFO: [VRFC 10-2263] Analyzing SystemVerilog file "D:/BaiduSyncdisk/02_icdc_workspace/01-пҝҪпҝҪДҝпҝҪпҝҪпҝҪпҝҪ/03-пҝҪбҪ»пҝҪпҝҪпҝҪпҝҪ/ФҙпҝҪпҝҪпҝҪпҝҪ/CICC1003618_еҲқиөӣ_жәҗд»Јз Ғ/rtl/YH_rv_cpu_wb_stage.v" into library work
INFO: [VRFC 10-311] analyzing module YH_rv_cpu_wb_stage
INFO: [VRFC 10-2263] Analyzing SystemVerilog file "D:/BaiduSyncdisk/02_icdc_workspace/01-пҝҪпҝҪДҝпҝҪпҝҪпҝҪпҝҪ/03-пҝҪбҪ»пҝҪпҝҪпҝҪпҝҪ/ФҙпҝҪпҝҪпҝҪпҝҪ/CICC1003618_еҲқиөӣ_жәҗд»Јз Ғ/rtl/YH_rv_cpu_hazard_unit.v" into library work
INFO: [VRFC 10-311] analyzing module YH_rv_cpu_hazard_unit
INFO: [VRFC 10-2263] Analyzing SystemVerilog file "D:/BaiduSyncdisk/02_icdc_workspace/01-пҝҪпҝҪДҝпҝҪпҝҪпҝҪпҝҪ/03-пҝҪбҪ»пҝҪпҝҪпҝҪпҝҪ/ФҙпҝҪпҝҪпҝҪпҝҪ/CICC1003618_еҲқиөӣ_жәҗд»Јз Ғ/rtl/YH_rv_cpu_decoder.v" into library work
INFO: [VRFC 10-311] analyzing module YH_rv_cpu_decoder
INFO: [VRFC 10-2263] Analyzing SystemVerilog file "D:/BaiduSyncdisk/02_icdc_workspace/01-пҝҪпҝҪДҝпҝҪпҝҪпҝҪпҝҪ/03-пҝҪбҪ»пҝҪпҝҪпҝҪпҝҪ/ФҙпҝҪпҝҪпҝҪпҝҪ/CICC1003618_еҲқиөӣ_жәҗд»Јз Ғ/rtl/YH_rv_cpu_regfile.v" into library work
INFO: [VRFC 10-311] analyzing module YH_rv_cpu_regfile
INFO: [VRFC 10-2263] Analyzing SystemVerilog file "D:/BaiduSyncdisk/02_icdc_workspace/01-пҝҪпҝҪДҝпҝҪпҝҪпҝҪпҝҪ/03-пҝҪбҪ»пҝҪпҝҪпҝҪпҝҪ/ФҙпҝҪпҝҪпҝҪпҝҪ/CICC1003618_еҲқиөӣ_жәҗд»Јз Ғ/rtl/YH_rv_cpu_alu.v" into library work
INFO: [VRFC 10-311] analyzing module YH_rv_cpu_alu
Vivado Simulator v2025.2
Copyright 1986-2022 Xilinx, Inc. All Rights Reserved.
Copyright 2022-2025 Advanced Micro Devices, Inc. All Rights Reserved.
Running: D:/Vivado/2025.2/Vivado/bin/unwrapped/win64.o/xelab.exe YH_rv_cpu_zmmul_tb -s YH_rv_cpu_zmmul_tb_snapshot
Multi-threading is on. Using 14 slave threads.
WARNING: [XSIM 43-3431] One or more environment variables have been detected which affect the operation of the C compiler. These are typically not set in standard installations and are not tested by AMD, however they may be appropriate for your system, so the flow will attempt to continue.  If errors occur, try running xelab with the "-mt off -v 1" switches to see more information from the C compiler. The following environment variables have been detected:
    C_INCLUDE_PATH
Starting static elaboration
Pass Through NonSizing Optimizer
Completed static elaboration
Starting simulation data flow analysis
Completed simulation data flow analysis
Time Resolution for simulation is 1ps
Compiling module work.YH_rv_cpu_if_stage_default
Compiling module work.YH_rv_cpu_regfile
Compiling module work.YH_rv_cpu_decoder(ENABLE_M_EXTEN...
Compiling module work.YH_rv_cpu_id_stage(ENABLE_M_EXTE...
Compiling module work.YH_rv_cpu_hazard_unit
Compiling module work.YH_rv_cpu_alu(ENABLE_M_EXTENSION...
Compiling module work.YH_rv_cpu_ex_stage(ENABLE_M_EXTE...
Compiling module work.YH_rv_cpu_mem_stage_default
Compiling module work.YH_rv_cpu_wb_stage
Compiling module work.YH_rv_cpu(ENABLE_M_EXTENSION=0,E...
Compiling module work.YH_rv_cpu_zmmul_tb
Built simulation snapshot YH_rv_cpu_zmmul_tb_snapshot

****** xsim v2025.2 (64-bit)
  **** SW Build 6299465 on Fri Nov 14 19:35:11 GMT 2025
  **** IP Build 6300035 on Fri Nov 14 10:48:45 MST 2025
  **** SharedData Build 6298862 on Thu Nov 13 04:50:51 MST 2025
  **** Start of session at: Thu Apr 30 17:32:25 2026
    ** Copyright 1986-2022 Xilinx, Inc. All Rights Reserved.
    ** Copyright 2022-2025 Advanced Micro Devices, Inc. All Rights Reserved.

source xsim.dir/YH_rv_cpu_zmmul_tb_snapshot/xsim_script.tcl
# xsim {YH_rv_cpu_zmmul_tb_snapshot} -autoloadwcfg -runall
Time resolution is 1 ps
run -all
[PASS] zmmul mul result=0000002a
[PASS] zmmul divu raised sync trap as unsupported
PASS: zmmul diagnostic completed
$finish called at time : 105 ns : File "D:/BaiduSyncdisk/02_icdc_workspace/01-пҝҪпҝҪДҝпҝҪпҝҪпҝҪпҝҪ/03-пҝҪбҪ»пҝҪпҝҪпҝҪпҝҪ/ФҙпҝҪпҝҪпҝҪпҝҪ/CICC1003618_еҲқиөӣ_жәҗд»Јз Ғ/tb/YH_rv_cpu_zmmul_tb.v" Line 102
exit
INFO: [Common 17-206] Exiting xsim at Thu Apr 30 17:32:27 2026...

Zmmul diagnostic: PASS
